<yml_catalog date="2023-09-27 10:33">
<shop>
<name> </name>
<company> </company>
<platform>Opencart</platform>
<url>https://barsky.ua/</url>
<currencies>
<currency id="UAH" rate="1"/>
</currencies>
<categories>
<category id="1">Мебель</category>
<category id="2">Кресла</category>
<category id="3">Столы</category>
<category id="4">Аксессуары</category>
</categories>
<offers>
<offer id="test1" available="false">
<name>Стул Delta DE BR F80-N6 ldseating</name>
<model>Delta-DE-BR-F80-N6_po</model>
<url>
<![CDATA[ https://barsky.ua/stul-delta-de-br-f80-n6-ldseating/ ]]>
</url>
<price>29050</price>
<currencyId>UAH</currencyId>
<categoryId>1</categoryId>
<picture>https://barsky.ua/image/catalog/kresla/Delta DE BR F80-N6/Delta DE BR F80-N6.png</picture>
<vendor> </vendor>
<stock_quantity>0</stock_quantity>
<description>
<![CDATA[ вращающееся кресло для конференций регулируемая по высоте полностью обитый корпус мягкие подлокотники полированная 5-звездочная алюминиевая основа черные колесики для ковров, &Oslash; 60 мм Стул доступен в следующих цветах: К данной модели можно приобрести следующие аксессуары: RM60 черные резиновые ролики для твердых полов, &Oslash; 60 мм RM-N4 универсальные ролики, &Oslash; 60 мм хромированный двухколесный ролик TD-01 приставной столик из белой плиты HPL с черной сердцевиной Размер 380 х 230 мм только для моделей без подлокотников ]]>
</description>
<param name="Глубина">700 мм</param>
<param name="Ширина">700 мм</param>
<param name="Высота">830-940 мм</param>
<param name="Высота от пола до сиденья">430-540 мм</param>
</offer>
<offer id="test2" available="false">
<name>Двухместная скамья Delta DE-K2-N4 ldseating</name>
<model>Delta-DE-K2-N4_po</model>
<url>
<![CDATA[ https://barsky.ua/dvuhmestnaya-skamya-delta-de-k2-n4-ldseating/ ]]>
</url>
<price>40800</price>
<currencyId>UAH</currencyId>
<categoryId>1</categoryId>
<picture>https://barsky.ua/image/catalog/kresla/Delta DE-K2-N4/Delta_DE-K2-N4_p.jpg</picture>
<picture>https://barsky.ua/image/catalog/kresla/Delta DE-K2-N4/Delta_DE-K2-N4_po.jpg</picture>
<picture>https://barsky.ua/image/catalog/kresla/Delta DE-K2-N4/Delta_DE-K2-N4_TD-01_po.jpg</picture>
<vendor> </vendor>
<stock_quantity>0</stock_quantity>
<description>
<![CDATA[ двухместная скамья полностью обитый корпус без подлокотников Основание из хромированной стали на 4 ножках пластиковые планеры Модель доступна в следующих цветах: К данной модели можно приобрести следующие аксессуары: RM60 черные резиновые ролики для твердых полов, &Oslash; 60 мм RM-N4 универсальные ролики, &Oslash; 60 мм хромированный двухколесный ролик TD-01 приставной столик из белой плиты HPL с черной сердцевиной Размер 380 х 230 мм только для моделей без подлокотников ]]>
</description>
<param name="Глубина">580 мм</param>
<param name="Ширина">1030 мм</param>
<param name="Высота">770 мм</param>
<param name="Высота от пола до сиденья">390 мм</param>
</offer>
<offer id="test3" available="false">
<name>Двухместная скамья Delta DE-K2-N4 BR ldseating</name>
<model>Delta-DE-K2-N4-BR_po</model>
<url>
<![CDATA[ https://barsky.ua/dvuhmestaya-skamya-delta-de-k2-n4-br-ldseating/ ]]>
</url>
<price>50250</price>
<currencyId>UAH</currencyId>
<categoryId>1</categoryId>
<picture>https://barsky.ua/image/catalog/kresla/Delta DE-K2-N4 BR/Delta DE-K2-N4 BR.png</picture>
<vendor> </vendor>
<stock_quantity>0</stock_quantity>
<description>
<![CDATA[ двухместная скамья полностью обитый корпус мягкие подлокотники Основание из хромированной стали на 4 ножках пластиковые планеры Модель доступна в следующих цветах: К данной модели можно приобрести следующие аксессуары: RM60 черные резиновые ролики для твердых полов, &Oslash; 60 мм RM-N4 универсальные ролики, &Oslash; 60 мм хромированный двухколесный ролик TD-01 приставной столик из белой плиты HPL с черной сердцевиной Размер 380 х 230 мм только для моделей без подлокотников ]]>
</description>
<param name="Глубина">580 мм</param>
<param name="Ширина">1130 мм</param>
<param name="Высота">770 мм</param>
<param name="Высота от пола до сиденья">390 мм</param>
</offer>
<offer id="test4" available="false">
<name>Трехместная скамья Delta DE-K3-N4 ldseating</name>
<model>Delta-DE-K3-N4_po</model>
<url>
<![CDATA[ https://barsky.ua/trekhmesnaya-skamya-delta-de-k3-n4-ldseating/ ]]>
</url>
<price>54950</price>
<currencyId>UAH</currencyId>
<categoryId>1</categoryId>
<picture>https://barsky.ua/image/catalog/kresla/Delta DE-K3-N4/Delta_DE-K3-N4_po.jpg</picture>
<vendor> </vendor>
<stock_quantity>0</stock_quantity>
<description>
<![CDATA[ трехместная скамья полностью обитый корпус без подлокотников Основание из хромированной стали на 4 ножках пластиковые планеры Модель доступна в следующих цветах: К данной модели можно приобрести следующие аксессуары: RM60 черные резиновые ролики для твердых полов, &Oslash; 60 мм RM-N4 универсальные ролики, &Oslash; 60 мм хромированный двухколесный ролик TD-01 приставной столик из белой плиты HPL с черной сердцевиной Размер 380 х 230 мм только для моделей без подлокотников ]]>
</description>
<param name="Глубина">580 мм</param>
<param name="Ширина">1550 мм</param>
<param name="Высота">770 мм</param>
<param name="Высота от пола до сиденья">390 мм</param>
</offer>
<offer id="test5" available="true">
<name>Кабель-менеджмент підвісний VR user UO-08</name>
<model>UO-08</model>
<url>
<![CDATA[ https://barsky.ua/index.php?route=product/product&amp;product_id=344 ]]>
</url>
<price>500</price>
<currencyId>UAH</currencyId>
<categoryId>4</categoryId>
<picture>https://barsky.ua/image/catalog/aksesuary/-менеджмент UO-08/20230214_122855.jpg</picture>
<picture>https://barsky.ua/image/catalog/aksesuary/-менеджмент UO-08/20230214_122819.jpg</picture>
<vendor>Barsky</vendor>
<stock_quantity>16</stock_quantity>
<description>
<![CDATA[ ]]>
</description>
</offer>
<offer id="test6" available="true">
<name>Кресло Barsky Hara Doctor black BHD-06</name>
<model>BHD-06</model>
<url>
<![CDATA[ https://barsky.ua/krislo_barsky_hara_doctor_black_bhd-04/ ]]>
</url>
<price>30000</price>
<currencyId>UAH</currencyId>
<categoryId>2</categoryId>
<picture>https://barsky.ua/image/catalog/kresla/BHD-04/008 (3).jpg</picture>
<picture>https://barsky.ua/image/catalog/kresla/BHD-04/014 (2).jpg</picture>
<picture>https://barsky.ua/image/catalog/kresla/BHD-04/013 (1).jpg</picture>
<picture>https://barsky.ua/image/catalog/kresla/BHD-04/012 (2).jpg</picture>
<picture>https://barsky.ua/image/catalog/kresla/BHD-04/010 (2).jpg</picture>
<picture>https://barsky.ua/image/catalog/kresla/BHD-04/009 (4).jpg</picture>
<picture>https://barsky.ua/image/catalog/kresla/BHD-04/006 (2).jpg</picture>
<picture>https://barsky.ua/image/catalog/kresla/BHD-04/005 (2).jpg</picture>
<picture>https://barsky.ua/image/catalog/kresla/BHD-04/007 (4).jpg</picture>
<picture>https://barsky.ua/image/catalog/kresla/BHD-04/002 (3).jpg</picture>
<picture>https://barsky.ua/image/catalog/kresla/BHD-04/001 (2).jpg</picture>
<vendor>Barsky</vendor>
<stock_quantity>0</stock_quantity>
<description>
<![CDATA[ Описание Новая запатентованная кресла концепция для действительно здоровой и комфортной работы в офисе. Hara - это уникальное решение на рынке Украины благодаря не только уникальному, футуристическому внешнему виду, но также из-за настоящей революции в эргономике кресел. Что определяет здоровье современного человека с оглядкой на характер жизни наших современников? Еда, повседневная активность и стиль жизни. Одной из проблем, с которой мы сталкиваемся каждый день, есть и будет характер нашей работы, ведь не секрет, высокая автоматизация процессов производства привела к тому, что все больше и больше людей выбирают себе работу в офисе или дома. И чаще всего такой образ работы неотрывно связан с нашим здоровьем, а именно осанкой. От правильной осанки зависит наш тонус мышц, циркуляция крови, а значит - хорошее снабжение мозга кислородом. Что же важно для скелета и осанки человека в повседневной жизни? в чем мы ходим (обувь) на чем мы спим (матрас) и конечно же, на чем мы сидим И поскольку мы проводим, сидя на работе, примерно 8 часов, а то и больше, кресло является одним из важных факторов, влияющих на ваше здоровье. Таким креслом как раз и есть Hara Hara Doctor. Barsky Hara Doctor: кому подойдет? Прежде всего, это кресло для людей, которые смотрят при выборе мебели не на ценник, а на его функционал и практичность. Важность здоровья для человека, ежедневно проводящего по 8-10 часов в положении сидя за компьютерным столом, очевидна. Именно поэтому это кресло подойдет всем, кто хочет быть здоровым или уже сегодня имеет ряд хронических заболеваний, склонных к рецидиву. Заболевание позвоночника - самое распространенное усложнение людей офисной специфики работы. Поэтому это кресло подойдет: офисным работникам разной специфики работы - от менеджера до директора; работникам колл-центров; банковским работникам; работникам, ведущим переговоры, собеседования. Функциональность кресла Главное требование к креслу для людей с ущемлением позвоночного нерва нет давления на позвоночник. В то же время важно отметить необходимость наличия опоры как таковой, поскольку без нее спина пользователя будет искривлена. Поэтому перед разработчиками стояла сложная задача - сделать кресло удобным, полезным и безопасным одновременно. Как с этой задачей справилось кресло Barsky Hara Doctor? Преимущество этой модели - сегментированная спинка с тремя автономными горизонтальными поддержками, которые имеют эффект вытягивания позвоночника. Сам позвоночник находится в так называемой &quot;слепой зоне&quot;, где не оказывается давление на мышцы позвоночника. Как результат - давления на мышцы спины в зоне позвоночника нет, нерв не реагирует на внешние раздражители, не происходит его ущемление. Спинка Barsky Hara Doctor Как уже упоминалось ранее, спинка кресла изготовлена из трех отдельных горизонтальных частей, обладающих эффектом вытягивания позвоночника. Отдельно хочу обратить внимание на сегмент спинки в поясничной зоне, поясничная поддержка прочно поддерживает спину и когда человек отбрасывается на нижнее положение спинки происходит вытяжка позвоночника. Зачем это нужно? В первую очередь, эта функция необходима для вытягивания и поддержки в пояснице, эффективно при хронических болях в нижнем отделе позвоночника, восстановлении правильной осанки и улучшении гибкости мышц плеч и спины. Необходимо людям с искажениями позвоночника с неравномерным распределением мышечной активности. Да, в случае сколиоза или лордоза спина имеет ущемление нервов при длительном сидении и функция вытягивания помогает для увольнения ущемленного нерва. Сидения Запатентованное сиденье, состоящее из двух частей. Благодаря которому исключается такое распространенное явление, как тепловой мешок, образующийся во время долгого сиденья на сплошных сиденьях. Каждая часть сиденья имеет шарнирный механизм, отвечающий за изменение угла наклона. В случае неравномерной нагрузки сиденье кресла изменит форму в соответствии с положением владельца. Это позволит уменьшить напряжение и давление. Кроме того, запатентованная система распределения и адаптации к телу человека позволяет нейтрализовать застой крови в органах малого таза. Как ни сидит человек и какого-либо пола он, кресло обеспечивает максимальный кровоток от нижних конечностей к сердцу, без застоев. Возможности трансформации Кресло Hara Doctor позволяет адаптироваться под ваш тип работы и отдыха благодаря богатым возможностям трансформации. Полная поддержка тела сидящего во всех режимах от напряженной работы до антигравитационного режима релакса. Благодаря синхромеханизму можно отрегулировать и зафиксировать спинку в нужном положении. Кроме того, механизм качания Tilt будет как раз для успокаивающего качания, для снятия нервного напряжения. Подлокотники Подлокотники очень удобны и комфортны. Они расположены не на сидении, а монтируются на специальное основание, поэтому их ширину и высоту можно отрегулировать. Подлокотники изготовлены из мягкого полиуретана. Они черного цвета, прекрасно подчеркивающие стиль кресла. Подлокотники имеют небольшие размеры, но горизонтальная площадь слегка увеличена. Это дает локтям дополнительную опору и удобство в любых положениях. Надежность, доказанная топовым производителем Украины. ]]>
</description>
<param name="Предназначение">для фриланса</param>
<param name="Стиль">хай-тек</param>
<param name="Местоположение">для дома</param>
<param name="Особенности">ортопедические</param>
<param name="Класс кресел">люкс</param>
<param name="Тип">офисные</param>
<param name="Обивка">ткань/сетка</param>
<param name="Уровень жесткости">жесткие</param>
<param name="Основание">на колесах</param>
<param name="Крестовина">хром</param>
<param name="Каркас">пластик</param>
<param name="Механизм качания">с механизмом качания и фиксацией</param>
<param name="Механизмы">синхромеханизм</param>
<param name="Особенности конструкции">для высоких людей</param>
<param name="Оснащение">с динамической поддержкой</param>
<param name="Максимальный рост">210 см</param>
<param name="Сидение">с сеткой</param>
<param name="Ширина сидения, см">50</param>
<param name="Спинка">с откидной спинкой</param>
<param name="Подлокотники">с регулировкой высоты</param>
<param name="Материал подлокотников">мягкие накладки</param>
<param name="Подголовник">без подголовника</param>
<param name="Ролики">обрезиненные</param>
<param name="Размер">широкие</param>
<param name="Цвет">черный</param>
<param name="Гарантия">5 лет</param>
<param name="Высота спинки, см">75</param>
</offer>
<offer id="test7" available="true">
<name>Кресло Barsky Hara Doctor gold BHD-05</name>
<model>BHD-05</model>
<url>
<![CDATA[ https://barsky.ua/kreslo_barsky_hara_doctor_gold_bhd-05/ ]]>
</url>
<price>30000</price>
<currencyId>UAH</currencyId>
<categoryId>2</categoryId>
<picture>https://barsky.ua/image/catalog/kresla/BHD-05/001jpg_9.jpg</picture>
<picture>https://barsky.ua/image/catalog/kresla/BHD-05/0180.jpg</picture>
<picture>https://barsky.ua/image/catalog/kresla/BHD-05/0181.jpg</picture>
<picture>https://barsky.ua/image/catalog/kresla/BHD-05/0179.jpg</picture>
<picture>https://barsky.ua/image/catalog/kresla/BHD-05/0177.jpg</picture>
<picture>https://barsky.ua/image/catalog/kresla/BHD-05/0178.jpg</picture>
<picture>https://barsky.ua/image/catalog/kresla/BHD-05/0176.jpg</picture>
<picture>https://barsky.ua/image/catalog/kresla/BHD-05/001jpg_5.jpg</picture>
<picture>https://barsky.ua/image/catalog/kresla/BHD-05/001jpg_3.jpg</picture>
<picture>https://barsky.ua/image/catalog/kresla/BHD-05/001jpg_7.jpg</picture>
<picture>https://barsky.ua/image/catalog/kresla/BHD-05/001jpg_6.jpg</picture>
<picture>https://barsky.ua/image/catalog/kresla/BHD-05/001jpg_10.jpg</picture>
<picture>https://barsky.ua/image/catalog/kresla/BHD-05/001jpg_8.jpg</picture>
<picture>https://barsky.ua/image/catalog/kresla/BHD-05/001_2.jpg</picture>
<vendor>Barsky</vendor>
<stock_quantity>10</stock_quantity>
<description>
<![CDATA[ Описание Новая запатентованная кресла концепция для действительно здоровой и комфортной работы в офисе. Hara - это уникальное решение на рынке Украины благодаря не только уникальному, футуристическому внешнему виду, но также из-за настоящей революции в эргономике кресел. Что определяет здоровье современного человека с оглядкой на характер жизни наших современников? Еда, повседневная активность и стиль жизни. Одной из проблем, с которой мы сталкиваемся каждый день, есть и будет характер нашей работы, ведь не секрет, высокая автоматизация процессов производства привела к тому, что все больше и больше людей выбирают себе работу в офисе или дома. И чаще всего такой образ работы неотрывно связан с нашим здоровьем, а именно осанкой. От правильной осанки зависит наш тонус мышц, циркуляция крови, а значит - хорошее снабжение мозга кислородом. Что же важно для скелета и осанки человека в повседневной жизни? в чем мы ходим (обувь) на чем мы спим (матрас) и конечно же, на чем мы сидим И поскольку мы проводим, сидя на работе, примерно 8 часов, а то и больше, кресло является одним из важных факторов, влияющих на ваше здоровье. Таким креслом как раз и есть Hara Hara Doctor. Barsky Hara Doctor: кому подойдет? Прежде всего, это кресло для людей, которые смотрят при выборе мебели не на ценник, а на его функционал и практичность. Важность здоровья для человека, ежедневно проводящего по 8-10 часов в положении сидя за компьютерным столом, очевидна. Именно поэтому это кресло подойдет всем, кто хочет быть здоровым или уже сегодня имеет ряд хронических заболеваний, склонных к рецидиву. Заболевание позвоночника - самое распространенное усложнение людей офисной специфики работы. Поэтому это кресло подойдет: офисным работникам разной специфики работы - от менеджера до директора; работникам колл-центров; банковским работникам; работникам, ведущим переговоры, собеседования. Функциональность кресла Главное требование к креслу для людей с ущемлением позвоночного нерва нет давления на позвоночник. В то же время важно отметить необходимость наличия опоры как таковой, поскольку без нее спина пользователя будет искривлена. Поэтому перед разработчиками стояла сложная задача - сделать кресло удобным, полезным и безопасным одновременно. Как с этой задачей справилось кресло Barsky Hara Doctor? Преимущество этой модели - сегментированная спинка с тремя автономными горизонтальными поддержками, которые имеют эффект вытягивания позвоночника. Сам позвоночник находится в так называемой &quot;слепой зоне&quot;, где не оказывается давление на мышцы позвоночника. Как результат - давления на мышцы спины в зоне позвоночника нет, нерв не реагирует на внешние раздражители, не происходит его ущемление. Спинка Barsky Hara Doctor Как уже упоминалось ранее, спинка кресла изготовлена из трех отдельных горизонтальных частей, обладающих эффектом вытягивания позвоночника. Отдельно хочу обратить внимание на сегмент спинки в поясничной зоне, поясничная поддержка прочно поддерживает спину и когда человек отбрасывается на нижнее положение спинки происходит вытяжка позвоночника. Зачем это нужно? В первую очередь, эта функция необходима для вытягивания и поддержки в пояснице, эффективно при хронических болях в нижнем отделе позвоночника, восстановлении правильной осанки и улучшении гибкости мышц плеч и спины. Необходимо людям с искажениями позвоночника с неравномерным распределением мышечной активности. Да, в случае сколиоза или лордоза спина имеет ущемление нервов при длительном сидении и функция вытягивания помогает для увольнения ущемленного нерва. Сидения Запатентованное сиденье, состоящее из двух частей. Благодаря которому исключается такое распространенное явление, как тепловой мешок, образующийся во время долгого сиденья на сплошных сиденьях. Каждая часть сиденья имеет шарнирный механизм, отвечающий за изменение угла наклона. В случае неравномерной нагрузки сиденье кресла изменит форму в соответствии с положением владельца. Это позволит уменьшить напряжение и давление. Кроме того, запатентованная система распределения и адаптации к телу человека позволяет нейтрализовать застой крови в органах малого таза. Как ни сидит человек и какого-либо пола он, кресло обеспечивает максимальный кровоток от нижних конечностей к сердцу, без застоев. Возможности трансформации Кресло Hara Doctor позволяет адаптироваться под ваш тип работы и отдыха благодаря богатым возможностям трансформации. Полная поддержка тела сидящего во всех режимах от напряженной работы до антигравитационного режима релакса. Благодаря синхромеханизму можно отрегулировать и зафиксировать спинку в нужном положении. Кроме того, механизм качания Tilt будет как раз для успокаивающего качания, для снятия нервного напряжения. Подлокотники Подлокотники очень удобны и комфортны. Они расположены не на сидении, а монтируются на специальное основание, поэтому их ширину и высоту можно отрегулировать. Подлокотники изготовлены из мягкого полиуретана. Они черного цвета, прекрасно подчеркивающие стиль кресла. Подлокотники имеют небольшие размеры, но горизонтальная площадь слегка увеличена. Это дает локтям дополнительную опору и удобство в любых положениях. Надежность, доказанная топовым производителем Украины. ]]>
</description>
<param name="Предназначение">для фриланса</param>
<param name="Стиль">хай-тек</param>
<param name="Местоположение">для дома</param>
<param name="Особенности">ортопедические</param>
<param name="Класс кресел">люкс</param>
<param name="Тип">офисные</param>
<param name="Обивка">ткань/сетка</param>
<param name="Уровень жесткости">жесткие</param>
<param name="Основание">на колесах</param>
<param name="Крестовина">хром</param>
<param name="Каркас">пластик</param>
<param name="Механизм качания">с механизмом качания и фиксацией</param>
<param name="Механизмы">синхромеханизм</param>
<param name="Особенности конструкции">для высоких людей</param>
<param name="Оснащение">с динамической поддержкой</param>
<param name="Максимальный рост">210 см</param>
<param name="Сидение">с сеткой</param>
<param name="Ширина сидения, см">50</param>
<param name="Спинка">с откидной спинкой</param>
<param name="Подлокотники">с регулировкой высоты</param>
<param name="Материал подлокотников">мягкие накладки</param>
<param name="Подголовник">без подголовника</param>
<param name="Ролики">обрезиненные</param>
<param name="Размер">широкие</param>
<param name="Гарантия">5 лет</param>
<param name="Высота спинки, см">75</param>
</offer>
<offer id="test8" available="true">
<name>Кресло Barsky Hara Doctor yellow/blue BHD-04</name>
<model>BHD-04</model>
<url>
<![CDATA[ https://barsky.ua/kreslo_barsky_hara_doctor_yellowblue_bhd-04/ ]]>
</url>
<price>26900</price>
<oldprice>30000</oldprice>
<currencyId>UAH</currencyId>
<categoryId>2</categoryId>
<picture>https://barsky.ua/image/catalog/kresla/BHD-06/001jpg.jpg</picture>
<picture>https://barsky.ua/image/catalog/kresla/BHD-06/0083.jpg</picture>
<picture>https://barsky.ua/image/catalog/kresla/BHD-06/0082.jpg</picture>
<picture>https://barsky.ua/image/catalog/kresla/BHD-06/0081.jpg</picture>
<picture>https://barsky.ua/image/catalog/kresla/BHD-06/0079.jpg</picture>
<picture>https://barsky.ua/image/catalog/kresla/BHD-06/0076.jpg</picture>
<picture>https://barsky.ua/image/catalog/kresla/BHD-06/001jpg_8 (1).jpg</picture>
<picture>https://barsky.ua/image/catalog/kresla/BHD-06/001jpg_7 (1).jpg</picture>
<picture>https://barsky.ua/image/catalog/kresla/BHD-06/001jpg_1.jpg</picture>
<picture>https://barsky.ua/image/catalog/kresla/BHD-06/001jpg_2.jpg</picture>
<vendor>Barsky</vendor>
<stock_quantity>10</stock_quantity>
<description>
<![CDATA[ Описание Новая запатентованная кресла концепция для действительно здоровой и комфортной работы в офисе. Hara - это уникальное решение на рынке Украины благодаря не только уникальному, футуристическому внешнему виду, но также из-за настоящей революции в эргономике кресел. Что определяет здоровье современного человека с оглядкой на характер жизни наших современников? Еда, повседневная активность и стиль жизни. Одной из проблем, с которой мы сталкиваемся каждый день, есть и будет характер нашей работы, ведь не секрет, высокая автоматизация процессов производства привела к тому, что все больше и больше людей выбирают себе работу в офисе или дома. И чаще всего такой образ работы неотрывно связан с нашим здоровьем, а именно осанкой. От правильной осанки зависит наш тонус мышц, циркуляция крови, а значит - хорошее снабжение мозга кислородом. Что же важно для скелета и осанки человека в повседневной жизни? в чем мы ходим (обувь) на чем мы спим (матрас) и конечно же, на чем мы сидим И поскольку мы проводим, сидя на работе, примерно 8 часов, а то и больше, кресло является одним из важных факторов, влияющих на ваше здоровье. Таким креслом как раз и есть Hara Hara Doctor. Barsky Hara Doctor: кому подойдет? Прежде всего, это кресло для людей, которые смотрят при выборе мебели не на ценник, а на его функционал и практичность. Важность здоровья для человека, ежедневно проводящего по 8-10 часов в положении сидя за компьютерным столом, очевидна. Именно поэтому это кресло подойдет всем, кто хочет быть здоровым или уже сегодня имеет ряд хронических заболеваний, склонных к рецидиву. Заболевание позвоночника - самое распространенное усложнение людей офисной специфики работы. Поэтому это кресло подойдет: офисным работникам разной специфики работы - от менеджера до директора; работникам колл-центров; банковским работникам; работникам, ведущим переговоры, собеседования. Функциональность кресла Главное требование к креслу для людей с ущемлением позвоночного нерва нет давления на позвоночник. В то же время важно отметить необходимость наличия опоры как таковой, поскольку без нее спина пользователя будет искривлена. Поэтому перед разработчиками стояла сложная задача - сделать кресло удобным, полезным и безопасным одновременно. Как с этой задачей справилось кресло Barsky Hara Doctor? Преимущество этой модели - сегментированная спинка с тремя автономными горизонтальными поддержками, которые имеют эффект вытягивания позвоночника. Сам позвоночник находится в так называемой &quot;слепой зоне&quot;, где не оказывается давление на мышцы позвоночника. Как результат - давления на мышцы спины в зоне позвоночника нет, нерв не реагирует на внешние раздражители, не происходит его ущемление. Спинка Barsky Hara Doctor Как уже упоминалось ранее, спинка кресла изготовлена из трех отдельных горизонтальных частей, обладающих эффектом вытягивания позвоночника. Отдельно хочу обратить внимание на сегмент спинки в поясничной зоне, поясничная поддержка прочно поддерживает спину и когда человек отбрасывается на нижнее положение спинки происходит вытяжка позвоночника. Зачем это нужно? В первую очередь, эта функция необходима для вытягивания и поддержки в пояснице, эффективно при хронических болях в нижнем отделе позвоночника, восстановлении правильной осанки и улучшении гибкости мышц плеч и спины. Необходимо людям с искажениями позвоночника с неравномерным распределением мышечной активности. Да, в случае сколиоза или лордоза спина имеет ущемление нервов при длительном сидении и функция вытягивания помогает для увольнения ущемленного нерва. Сидения Запатентованное сиденье, состоящее из двух частей. Благодаря которому исключается такое распространенное явление, как тепловой мешок, образующийся во время долгого сиденья на сплошных сиденьях. Каждая часть сиденья имеет шарнирный механизм, отвечающий за изменение угла наклона. В случае неравномерной нагрузки сиденье кресла изменит форму в соответствии с положением владельца. Это позволит уменьшить напряжение и давление. Кроме того, запатентованная система распределения и адаптации к телу человека позволяет нейтрализовать застой крови в органах малого таза. Как ни сидит человек и какого-либо пола он, кресло обеспечивает максимальный кровоток от нижних конечностей к сердцу, без застоев. Возможности трансформации Кресло Hara Doctor позволяет адаптироваться под ваш тип работы и отдыха благодаря богатым возможностям трансформации. Полная поддержка тела сидящего во всех режимах от напряженной работы до антигравитационного режима релакса. Благодаря синхромеханизму можно отрегулировать и зафиксировать спинку в нужном положении. Кроме того, механизм качания Tilt будет как раз для успокаивающего качания, для снятия нервного напряжения. Подлокотники Подлокотники очень удобны и комфортны. Они расположены не на сидении, а монтируются на специальное основание, поэтому их ширину и высоту можно отрегулировать. Подлокотники изготовлены из мягкого полиуретана. Они черного цвета, прекрасно подчеркивающие стиль кресла. Подлокотники имеют небольшие размеры, но горизонтальная площадь слегка увеличена. Это дает локтям дополнительную опору и удобство в любых положениях. Надежность, доказанная топовым производителем Украины. ]]>
</description>
<param name="Предназначение">для фриланса</param>
<param name="Стиль">хай-тек</param>
<param name="Местоположение">для дома</param>
<param name="Особенности">ортопедические</param>
<param name="Класс кресел">люкс</param>
<param name="Тип">офисные</param>
<param name="Обивка">ткань/сетка</param>
<param name="Уровень жесткости">жесткие</param>
<param name="Основание">на колесах</param>
<param name="Крестовина">хром</param>
<param name="Каркас">пластик</param>
<param name="Механизм качания">с механизмом качания и фиксацией</param>
<param name="Механизмы">синхромеханизм</param>
<param name="Особенности конструкции">для высоких людей</param>
<param name="Оснащение">с динамической поддержкой</param>
<param name="Максимальный рост">210 см</param>
<param name="Сидение">с сеткой</param>
<param name="Ширина сидения, см">50</param>
<param name="Спинка">с откидной спинкой</param>
<param name="Подлокотники">с регулировкой высоты</param>
<param name="Материал подлокотников">мягкие накладки</param>
<param name="Подголовник">без подголовника</param>
<param name="Ролики">обрезиненные</param>
<param name="Размер">широкие</param>
<param name="Гарантия">5 лет</param>
<param name="Высота спинки, см">75</param>
</offer>
<offer id="test9" available="true">
<name>Кресло Barsky Healthy BH-01</name>
<model>BH-01</model>
<url>
<![CDATA[ https://barsky.ua/kreslo_barsky_healthy_bh-01/ ]]>
</url>
<price>30000</price>
<currencyId>UAH</currencyId>
<categoryId>2</categoryId>
<picture>https://barsky.ua/image/catalog/kresla/Healthy BH-01/001 (3).jpg</picture>
<picture>https://barsky.ua/image/catalog/kresla/Healthy BH-01/001_2 (1).jpg</picture>
<picture>https://barsky.ua/image/catalog/kresla/Healthy BH-01/001_3.jpg</picture>
<picture>https://barsky.ua/image/catalog/kresla/Healthy BH-01/001_1.jpg</picture>
<picture>https://barsky.ua/image/catalog/kresla/Healthy BH-01/001_10.jpg</picture>
<picture>https://barsky.ua/image/catalog/kresla/Healthy BH-01/001_7.jpg</picture>
<picture>https://barsky.ua/image/catalog/kresla/Healthy BH-01/001_9.jpg</picture>
<picture>https://barsky.ua/image/catalog/kresla/Healthy BH-01/0056 (1).jpg</picture>
<picture>https://barsky.ua/image/catalog/kresla/Healthy BH-01/0058.jpg</picture>
<picture>https://barsky.ua/image/catalog/kresla/Healthy BH-01/0062.jpg</picture>
<picture>https://barsky.ua/image/catalog/kresla/Healthy BH-01/0059.jpg</picture>
<picture>https://barsky.ua/image/catalog/kresla/Healthy BH-01/0064.jpg</picture>
<picture>https://barsky.ua/image/catalog/kresla/Healthy BH-01/0065.jpg</picture>
<picture>https://barsky.ua/image/catalog/kresla/Healthy BH-01/001_5.jpg</picture>
<picture>https://barsky.ua/image/catalog/kresla/Healthy BH-01/001_6.jpg</picture>
<vendor>Barsky</vendor>
<stock_quantity>50</stock_quantity>
<description>
<![CDATA[ Новая запатентованная кресла концепция для действительно здоровой и комфортной работы в офисе. Hara - это уникальное решение на рынке Украины благодаря не только уникальному, футуристическому внешнему виду, но также из-за настоящей революции в эргономике кресел. Что определяет здоровье современного человека с оглядкой на характер жизни наших современников? Еда, повседневная активность и стиль жизни. Одной из проблем, с которой мы сталкиваемся каждый день, есть и будет характер нашей работы, ведь не секрет, высокая автоматизация процессов производства привела к тому, что все больше и больше людей выбирают себе работу в офисе или дома. И чаще всего такой образ работы неотрывно связан с нашим здоровьем, а именно осанкой. От правильной осанки зависит наш тонус мышц, циркуляция крови, а значит - хорошее снабжение мозга кислородом. Что же важно для скелета и осанки человека в повседневной жизни? в чем мы ходим (обувь) на чем мы спим (матрас) и конечно же, на чем мы сидим И поскольку мы проводим, сидя на работе, примерно 8 часов, а то и больше, кресло является одним из важных факторов, влияющих на ваше здоровье. Таким креслом как раз и есть Hara Nietzsche. Barsky Hara Nietzsche: кому подойдет? Прежде всего, это кресло для людей, которые смотрят при выборе мебели не на ценник, а на его функционал и практичность. Важность здоровья для человека, ежедневно проводящего по 8-10 часов в положении сидя за компьютерным столом, очевидна. Именно поэтому это кресло подойдет всем, кто хочет быть здоровым или уже сегодня имеет ряд хронических заболеваний, склонных к рецидиву. Заболевание позвоночника - самое распространенное усложнение людей офисной специфики работы. Поэтому это кресло подойдет: офисным работникам разной специфики работы - от менеджера до директора; работникам колл-центров; банковским работникам; работникам, ведущим переговоры, собеседования. Функциональность кресла Главное требование к креслу для людей с ущемлением позвоночного нерва нет давления на позвоночник. В то же время важно отметить необходимость наличия опоры как таковой, поскольку без нее спина пользователя будет искривлена. Поэтому перед разработчиками стояла сложная задача - сделать кресло удобным, полезным и безопасным одновременно. Как с этой задачей справилось кресло Barsky Hara Nietzsche? Преимущество этой модели - сегментированная спинка с двумя вертикальными автономными поддержками. Сам позвоночник находится в так называемой &quot;слепой зоне&quot;, где не оказывается давление на мышцы позвоночника. Как результат - давления на мышцы спины в зоне позвоночника нет, нерв не реагирует на внешние раздражители, не происходит его ущемление. Спинка Barsky Hara Nietzsche Как уже упоминалось ранее, спинка кресла изготовлена из двух отдельных вертикальных частей, принимающих нагрузку автономно друг от друга. Зачем это нужно? Прежде всего, эта функция удобна для людей с имеющимися искривлениями позвоночника с неравномерным распределением мышечной активности. Так, в случае сколиоза или лордоза спина имеет определенные неровности, соответственно, и поддержка таких отделов должна быть разной. Сегментированная спинка кресла позволяет с разной степенью интенсивности поддерживать спину пользователя с необходимой ему отдачей. Регулировать спинку кресла не нужно. Кресло самостоятельно определяет степень необходимой поддержки для позвоночника. Все, что нужно для покупателя в этом случае - выбрать для себя самое удобное положение тела. Также следует отметить степень изогнутости лопастей спинки. В зависимости от давления на спинку она принимает нужное положение, поскольку отдельный сегмент прикреплен к фиксирующему механизму сзади. При тестировании продукции пользователь не ощутит давления на спину и поддержку в этой части тела будет ощущать в полной мере. Сидения Запатентованное сиденье, состоящее из двух частей. Благодаря которому исключается такое распространенное явление, как тепловой мешок, образующийся во время долгого сиденья на сплошных сиденьях. Каждая часть сиденья имеет шарнирный механизм, отвечающий за изменение угла наклона. В случае неравномерной нагрузки сиденье кресла изменит форму в соответствии с положением владельца. Это позволит уменьшить напряжение и давление. Кроме того, запатентованная система распределения и адаптации к телу человека позволяет нейтрализовать застой крови в органах малого таза. Как ни сидит человек и какого-либо пола он, кресло обеспечивает максимальный кровоток от нижних конечностей к сердцу, без застоев. Возможности трансформации Кресло Hara Nietzsche позволяет адаптироваться под ваш тип работы и отдыха благодаря богатым возможностям трансформации. Полная поддержка тела сидящего во всех режимах от напряженной работы до антигравитационного режима релакса. Благодаря синхромеханизму можно отрегулировать и зафиксировать спинку в нужном положении. Кроме того, механизм качания Tilt будет как раз для успокаивающего качания, для снятия нервного напряжения. Подлокотники Подлокотники очень удобны и комфортны. Они расположены не на сидении, а монтируются на специальное основание, поэтому их ширину и высоту можно отрегулировать. Подлокотники изготовлены из мягкого полиуретана. Они черного цвета, что прекрасно подчеркнут ]]>
</description>
<param name="Предназначение">для фриланса</param>
<param name="Стиль">хай-тек</param>
<param name="Местоположение">для дома</param>
<param name="Особенности">ортопедические</param>
<param name="Класс кресел">люкс</param>
<param name="Тип">офисные</param>
<param name="Обивка">сетка</param>
<param name="Уровень жесткости">жесткие</param>
<param name="Основание">на колесах</param>
<param name="Крестовина">хром</param>
<param name="Каркас">пластик</param>
<param name="Механизм качания">с механизмом качания и фиксацией</param>
<param name="Механизмы">синхромеханизм</param>
<param name="Особенности конструкции">для высоких людей</param>
<param name="Оснащение">с динамической поддержкой</param>
<param name="Максимальный рост">210 см</param>
<param name="Сидение">с регулировкой угла наклона</param>
<param name="Ширина сидения, см">50</param>
<param name="Спинка">с регулировкой спинки по высоте</param>
<param name="Подлокотники">с регулировкой высоты</param>
<param name="Материал подлокотников">мягкие накладки</param>
<param name="Подголовник">с регулируемым подголовником</param>
<param name="Ролики">Обрезиненные</param>
<param name="Размер">широкие</param>
<param name="Цвет">Черный</param>
<param name="Гарантия">5 лет</param>
<param name="Высота спинки, см">45</param>
</offer>
<offer id="test10" available="true">
<name>Кресло Barsky Mesh Grey BM-08</name>
<model>BM-08</model>
<url>
<![CDATA[ https://barsky.ua/kreslo_barsky_mesh_grey_bm-08/ ]]>
</url>
<price>5849</price>
<oldprice>7650</oldprice>
<currencyId>UAH</currencyId>
<categoryId>2</categoryId>
<picture>https://barsky.ua/image/catalog/kresla/BM-08/0184.jpg</picture>
<picture>https://barsky.ua/image/catalog/kresla/BM-02/BM-02_6.jpg</picture>
<picture>https://barsky.ua/image/catalog/kresla/BM-02/BM-02_4.jpg</picture>
<picture>https://barsky.ua/image/catalog/kresla/BM-08/0185.jpg</picture>
<picture>https://barsky.ua/image/catalog/kresla/BM-02/BM-02_2.jpg</picture>
<vendor>Barsky</vendor>
<stock_quantity>50</stock_quantity>
<description>
<![CDATA[ Описание кресла Barsky Mesh Grey BM-08 для офиса: Недорогое сеточное кресло со всеми нужными регулировками. Обивка серого цвета хорошо впишется в любой интерьер. Возможности кресла: Спинка с естественным прогибом в пояснице, дополнительно настраивается поясничная поддержка. Подлокотники регулируются по высоте. Подголовник регулируется по росту пользователя и меняет угол наклона. Высота кресла регулируется газлифтом. В кресле есть механизм качания с фиксацией в верхней точке. Эта модель кресла - пример того, что недорогое кресло может быть эргономичным и максимально комфортным для пользователя. Кресло выполнено в черном цвете пластика и обивки. Недорогое и надежное кресло подойдет для офиса или дома. Эргономика в ультрасовременном дизайнерском исполнении. Пожалуй одним из самых популярных кресел в демократичном ценовом сегменте, являются кресла из семейства Barsky Mesh. Эти кресла пользуются спросом как у крупного бизнеса, так и у рядового обывателя. За счет высокой надежности, упора в эргономику и что немаловажно - ультра современному дизайну. Что же на самом деле из себя представляют кресла этой линейки из себя, сейчас мы и рассмотрим. Общий дизайн и компоновка Barsky Mesh, это сеточное кресло, которое лишено в своей конструкции массивных, громоздких деталей. За счет этого приема, оно не громоздкое, занимает минимум места и что немаловажно - подчеркнет характер интерьера. В кресле нет угловатых деталей, за которые цеплялся бы глаз. Каждая деталь имеет плавные, округлые, приятные глазу формы. Дышащая структура обивки, и использование классических цветов так же способствует общей композиции невесомости и легкости. Однозначно Barsky Mesh придётся по нраву людям с хорошо развитым чувством вкуса. К тому же существует сразу несколько цветовых палитр исполнения кресла. Классическое черное кресло, черно-белое кресло, красно-черное, сине-белое, бело-зеленое и миниатюрный вариант в черном цвете. Благодаря такому подходу, можно смело интегрировать это кресло в любые дизайнерские решения как дома так и в офисе с соблюдением корпоративного стиля или создания нужных цветовых акцентов. Как пример, цветовые оттенки можно использовать в роли зонирования отделов. Анатомия кресла или его компоновка. Эталонная модель BM представлена с полноразмерной спинкой и подголовником. Тогда как модель BM-07 - является более миниатюрной, с уменьшенной по высоте спинкой, ориентировочно до лопаток сидящего, и без подголовника. Во всех моделях используются регулируемые по высоте подлокотники черного цвета, выполненные с немаркого, приятного на ощупь пластика. Основная часть обивки кресла - высококачественная сетка, которая не проседает и не растягивается даже после длительного использования, за счет вплетения специальных синтетических волокон, стойких к растяжению. Зоны использования сетки - спинка, и подголовник. В тоже время, в роли обивки сидения выступает ткань рогожка, которая демонстрирует высокие качества устойчивости к истиранию. Стойкость этой ткани к истиранию подтверждена тестами Мартиндейла. К тому же, эта ткань очень проста в чистке а также имеет высокие показатели аэрации. В роли наполнителя сидения выступает высококачественный пеноматериал. Вообще о посадке и свойствах сидения мы поговорим позже, когда речь будет идти о эргономике и ощущениях сидящего в это кресле. В роли основы или базы - выступает полиамидная крестовина с нейлоновыми нитями и усиленными ребрами жесткости для прочности. Спинка кресла выполнена из литого пластика с полиамидными ребрами жесткости. Регулировки кресла и общая эргономика. Barsky Mesh, как бы это не звучало странно на первый взгляд, это довольно жёсткое кресло. Ведь именно жесткость его - позволяет равномерно распределять вес сидящего по всей поверхности кресла, тем самым нейтрализуя так называемые горячие точки. Основными зонами распределения давления является спинка кресла, подголовник и сидение. В кресле реализована золотая середина, между комфортом сидящего и эргономическими свойствами. Спинка кресла имеет эргономичный изгиб в месте где у человека находится поясница. Поясничную поддержку в кресле можно регулировать как по высоте так и по степени выдавливаемости, что придётся очень кстати для людей с разным ростом и весом. Как мы писали, подлокотники кресла - регулируемые. Это позволит создать нужные точки поддержки для рук и избавиться от возможных заломов в области запястий при работе с клавиатурой и мышкой, тем самым нейтрализуя возможный карпальный синдром. Подголовник кресла можно отрегулировать в двух направлениях: по высоте, и по углу наклона. В Barsky Mesh также есть стандартный механизм качания и возможность регулировки пружины под вес сидящего. В завершении, последние штрихи Современная концепция кресел mesh делает их отличным выбором для крупных офисов и домашних рабочих мест. Качество этих кресел уже оценили такие банки как Таскомбанк и Monobank и тысячи украинцев. Гарантия 5 лет от Barsky. ]]>
</description>
<param name="Предназначение">для персонала</param>
<param name="Стиль">клаcсический</param>
<param name="Местоположение">для офиса</param>
<param name="Особенности">эргономические</param>
<param name="Обивка">сетка</param>
<param name="Уровень жесткости">жесткие</param>
<param name="Основание">на колесах</param>
<param name="Крестовина">пластик</param>
<param name="Каркас">пластик</param>
<param name="Механизм качания">с механизмом качания</param>
<param name="Механизмы">tilt</param>
<param name="Особенности конструкции">с подголовником</param>
<param name="Оснащение">с вентиляцией</param>
<param name="Максимальный рост">180 см</param>
<param name="Сидение">с сеткой</param>
<param name="Ширина сидения, см">500х510 мм</param>
<param name="Спинка">с поддержкой поясницы</param>
<param name="Подлокотники">с регулировкой высоты</param>
<param name="Материал подлокотников">пластиковые</param>
<param name="Подголовник">с регулируемым подголовником</param>
<param name="Ролики">Пластиковые</param>
<param name="Размер">узкие</param>
<param name="Цвет">Серый</param>
<param name="Гарантия">5 лет</param>
<param name="Высота спинки, см">57</param>
</offer>
<offer id="350" available="true">
<name>Регулируемый стол Barsky StandUp Corner 1450x850 мм Black (BSTc-01)</name>
<model>BSTc-01</model>
<url>
<![CDATA[ https://barsky.ua/regulovaniyo_stil_barsky_standup_corner_black_1450850_bstc-01/ ]]>
</url>
<price>12500</price>
<oldprice>17500</oldprice>
<currencyId>UAH</currencyId>
<categoryId>3</categoryId>
<picture>https://barsky.ua/image/catalog/stoli/BSTc-01/2.jpg</picture>
<picture>https://barsky.ua/image/catalog/stoli/BSTc-01/0114-Edit (1).jpg</picture>
<picture>https://barsky.ua/image/catalog/stoli/BSTc-01/0111-Edit (1).jpg</picture>
<picture>https://barsky.ua/image/catalog/stoli/BSTc-01/0108-Edit (1).jpg</picture>
<picture>https://barsky.ua/image/catalog/stoli/BSTc-01/0106-Edit.jpg</picture>
<picture>https://barsky.ua/image/catalog/stoli/BSTc-01/0107-Edit.jpg</picture>
<picture>https://barsky.ua/image/catalog/stoli/BSTc-01/0105-Edit.jpg</picture>
<picture>https://barsky.ua/image/catalog/stoli/BSTc-01/0104-Edit.jpg</picture>
<picture>https://barsky.ua/image/catalog/stoli/BSTc-01/0100-Edit.jpg</picture>
<picture>https://barsky.ua/image/catalog/stoli/BSTc-01/0101-Edit.jpg</picture>
<picture>https://barsky.ua/image/catalog/stoli/BSTc-01/0102-Edit.jpg</picture>
<vendor>Barsky</vendor>
<stock_quantity>20</stock_quantity>
<description>
<![CDATA[ Угловой стол с регулировкой высоты. В этой модели стола Вы можете установить угол столешницы как под правую руку, так и под левую, он универсален в этом вопросе. Управление с дисплеем на столешнице. Поднимается стол с помощью двигателя, расположенного в царе под столешницей. Размер столешницы 1450х600/850 мм Черный ДСП Раздельная панель на 2 части Один двигатель 2 сегмента колонны Квадратная перевернутая колонна 60x60 мм Длина хода 460 мм Входное напряжение 110-240 В Макс. грузоподъемность 70 кг Скорость 20 мм с Светодиодный дисплей + 3 запоминающихся позиции + 1 порт USB Type-A + 1 порт USB Type-C, 2 ботвы для телефона + 1 кабельное управление - все эти аксессуары упакованы в картонную коробку этого стола. Высота регулируется от 710 до 1180 мм Стол поднимается плавно и бесшумно. Регулируемый стол удобен тем, что его можно подстроить под любой рост, если вы планируете работать только сидя. Но главная фишка всех подъемных столов состоит в том, что одним нажатием кнопки вы можете изменить положение и продолжать работать. За счет угловой формы вы получаете большое рабочее пространство. Столешница с оптическими формами хорошо подчеркнет интерьер любого дома или офиса. Польза работы стоя в том, что вы чаще меняете положение, а значит, чаще двигаетесь в течение дня. Кроме того, ваши ткани не испытывают весь день давления кресла и у вас не будет чувство онемения в конце рабочего дня. Мышцы сгибателя бедра не находятся в постоянном напряжении. Поясница тоже не перенапряжена целый день. За счет частой смены положения работают разные мышцы. ]]>
</description>
<param name="Предназначение">Для офиса</param>
<param name="Стиль">Классический</param>
<param name="Особенности">Регулируемые по высоте</param>
<param name="Вид">Эргономичные</param>
<param name="Размер">Средний</param>
<param name="Форма">Угловой</param>
<param name="Для скольких человек">Для 1-го</param>
<param name="Материал столешницы">ДСП</param>
<param name="Материал ножек">Металл</param>
<param name="Глубина">600-850</param>
<param name="Высота">710-1210</param>
<param name="Материал корпуса">Металл</param>
<param name="Ширина">1450</param>
</offer>
<offer id="test11" available="false">
<name>Регульований стіл Barsky StandUp white 1200*600 BST-02</name>
<model>BST-02</model>
<url>
<![CDATA[ https://barsky.ua/reguliruemij_stol_barsky_standup_white_bst-02/ ]]>
</url>
<price>8500</price>
<oldprice>14000</oldprice>
<currencyId>UAH</currencyId>
<categoryId>1</categoryId>
<picture>https://barsky.ua/image/catalog/stoli/BSTc-01/0102-Edit.jpg</picture>
<picture>https://barsky.ua/image/catalog/stoli/BST-02/017.jpg</picture>
<picture>https://barsky.ua/image/catalog/stoli/BST-02/020.jpg</picture>
<picture>https://barsky.ua/image/catalog/stoli/BST-02/021.jpg</picture>
<vendor>2017</vendor>
<stock_quantity>0</stock_quantity>
<description>
<![CDATA[ Регулируемый стол Barsky StandUp White - идеальное решение для вашего дома, офиса или детской комнаты, чтобы комбинировать стоячую и сидячую работу. Стильное цветовое решение, прямые формы и небольшие размеры Barsky StandUp White позволяют разместить его в любом кабинете или комнате и выделить данный продукт в интерьере. Настоящая находка для настоящих минималистов, любителей лаконичности и комфорта. Общие характеристики Ширина столешницы составляет 1200 мм, глубина - 600 мм, а высота 720 мм. Толщина столешницы 18 мм. Данных габаритов вполне достаточно для одного человека, чтобы работать за столом с комфортом и не занимая много места в комнате. Стол выдерживает до 80 кг весовой нагрузки, что позволяет разместить на нем все необходимые принадлежности для работы и обустройства рабочего пространства. На ножках рамы предусмотрены регулируемые подпятники для выравнивания горизонта. Материалы Рама стола выполнена из надежного, крепкого и устойчивого металла. Столешница из ДСП-плиты, которая: 1. Выносливая к механическим повреждениям 2. Способна выдерживать весовую нагрузку 3. Хорошо удерживает крепежные элементы Дополнительная комплектация Вдобавок для большего комфорта Barsky StandUp White был оснащен металлическим подстаканником, который не занимает место на столешнице. Благодаря этому вы всегда можете наслаждаться любимым напитком, без страха опрокинуть чашку на аппаратуру или важные бумаги. Помимо этого под столешницей есть металлический крючок для сумки или гарнитуры. Одним словом, удобно. Регулировка высоты Как вы уже поняли, регулировка высоты - основное преимущество Barsky StandUp White. Регулируется именно высота столешницы стола. Это осуществляется благодаря панели управления и мотору, расположенному в царе под столешницей. Панель управления высоты находится с правой стороны столешницы. Она характеризуется следующими режимами регулирования: 1. Копка &quot;S&quot; запоминает высоту удобного для вас верхнего и нижнего положения 2. Копка положения &quot;сидя&quot; опускает столешницу на предварительно настроенную высоту. 3. Копка положения &quot;стоя&quot; поднимает столешницу на предварительно настроенную высоту. 4. Индикатор уровня высоты показывает уровень высоты столешницы в см или мм. 5. Кнопки управления &quot;вверх-вниз&quot; позволяют вручную изменять высоту столешницы. Диапазон регулировки колеблется от 72-120 см, что позволяет пользоваться данным столом людям разного роста. Поднимается стол плавно и почти бесшумно. Шум от опускания/поднятия составляет менее 55 дБ, что является допустимым уровнем шума, который не наносит вред здоровью даже при длительном воздействии. Можете спокойно пользоваться функцией регулировки высоты во время важных офлайн или онлайн переговоров, если захотите изменить ваше рабочее положение. Звук от работы двигателя не будет мешать беседе. Скорость поднятия столешницы составляет 2,5 см/c Почему столы с регулировкой высоты сейчас актуальны Столы с регулировкой высоты с каждым днем ​​набирают широкую популярность. Потребность в данном решении вызвана современным образом жизни, который заставляет многих работать в сидячем положении более 6 часов в день. Это приводит к боли в шее, спине, пояснице и в целом к ​​проблемам с опорно-двигательной системой. Что же дают регулируемые столы? 1. Свободу выбора и никаких ограничений. Хотите работать, учиться или играть сидя? Сидите. Хотите стоя? Стойте. Больше не нужно проводить время по своим занятиям, оцепенев в одной позе на несколько часов. 2. Польза для здоровья. Работать стоя очень полезно для нашей опорно-двигательной системы и общего физического и психологического состояния. Таким образом мы разгружаем наш позвоночник и предотвращаем развитие остеохондроза. 3. Универсальность. В вашей семье или компании столом с регулировкой высоты могут пользоваться несколько человек с разным ростом. Это очень удобно, ведь любой пользователь сможет настроить себе нужную высоту и занять оптимальное положение в кресле относительно стола. 4. Автоматизация. В наших столах с регулировкой высоты предусмотрен таймер на панели управления стола с функцией запоминания разных положений высоты. Потребуется для нескольких пользователей одного стола. Учитывая эти преимущества, по нашему мнению, регулируемый стол должен быть в каждом доме и офисе. Именно поэтому осенью 2022 года мы выпустили новую линейку регулируемых столов под названием StandUp, к которой и принадлежит стол Barsky StandUp White. Заказывайте регулируемый стол Barsky StandUpWhite и работайте, учитесь, играйте с удовольствием и пользой! ]]>
</description>
<param name="Предназначение">Для офиса</param>
<param name="Стиль">классический</param>
<param name="Особенности">регулируемые по высоте</param>
<param name="Тип">компьютерные</param>
<param name="Вид">эргономичные</param>
<param name="Размер">маленькие</param>
<param name="Форма">прямоугольные</param>
<param name="Для скольких человек">для 1-го</param>
<param name="Материал столешницы">ДСП</param>
<param name="Материал корпуса">металл</param>
<param name="Материал ножек">металл</param>
<param name="Цвет">Белый</param>
<param name="Глубина">800</param>
<param name="Ширина">1400</param>
<param name="Высота">700-1200 мм</param>
<param name="Гарантия">24 месяца</param>
<param name="Дополнительные характеристики">Регулируемый офисный стол BST-02, полностью белый, столешница ДСП 1200x600x18 мм, разделена на 2 части, один двигатель, 2 сегмента колонн, квадратная перевернутая колонна 60*60 мм, диапазон высоты 720-1180 мм, длина хода 410 мм. 240 В, макс. грузоподъемность 70 кг, скорость 20 мм с, светодиодный дисплей + 3 запоминающихся позиции + 1 порт USB Type-A + 1 порт USB Type-C, 2 ботвы для телефона + 1 кабельное управление - все эти аксессуары упакованы в картонную коробку этого стола</param>
</offer>
<offer id="test12" available="true">
<name>Регульований стіл Barsky StandUp black 1200*600 BST-01</name>
<model>BST-01</model>
<url>
<![CDATA[ https://barsky.ua/reguliruemij_stol_barsky_standup_black_bst-01/ ]]>
</url>
<price>8970</price>
<oldprice>15500</oldprice>
<currencyId>UAH</currencyId>
<categoryId>3</categoryId>
<picture>https://barsky.ua/image/catalog/stoli/BST-01/024.jpg</picture>
<picture>https://barsky.ua/image/catalog/stoli/BST-01/027.jpg</picture>
<picture>https://barsky.ua/image/catalog/stoli/BST-01/026.jpg</picture>
<picture>https://barsky.ua/image/catalog/stoli/BST-01/025.jpg</picture>
<picture>https://barsky.ua/image/catalog/stoli/BST-01/023.jpg</picture>
<picture>https://barsky.ua/image/catalog/stoli/BST-01/028.jpg</picture>
<picture>https://barsky.ua/image/catalog/stoli/BST-01/031.jpg</picture>
<picture>https://barsky.ua/image/catalog/stoli/BST-01/033.jpg</picture>
<picture>https://barsky.ua/image/catalog/stoli/BST-01/035.jpg</picture>
<picture>https://barsky.ua/image/catalog/stoli/BST-01/036.jpg</picture>
<picture>https://barsky.ua/image/catalog/stoli/BST-01/037.jpg</picture>
<picture>https://barsky.ua/image/catalog/stoli/BST-01/040.jpg</picture>
<vendor>Barsky</vendor>
<stock_quantity>100</stock_quantity>
<description>
<![CDATA[ Регулируемый стол Barsky StandUp black - идеальное решение для вашего дома, офиса или детской комнаты, чтобы комбинировать стоячую и сидячую работу. Стильное цветовое решение, прямые формы и небольшие размеры Barsky StandUp black позволяют разместить его в любом кабинете или комнате и выделить данный продукт в интерьере. Настоящая находка для настоящих минималистов, любителей лаконичности и комфорта. Общие характеристики Ширина столешницы составляет 1200 мм, глубина - 600 мм, а высота 720 мм. Толщина столешницы 18 мм. Данных габаритов вполне достаточно для одного человека, чтобы работать за столом с комфортом и не занимая много места в комнате. Стол выдерживает до 80 кг весовой нагрузки, что позволяет разместить на нем все необходимые принадлежности для работы и обустройства рабочего пространства. На ножках рамы предусмотрены регулируемые подпятники для выравнивания горизонта. Материалы Рама стола выполнена из надежного, крепкого и устойчивого металла. Столешница из ДСП-плиты, которая: 1. Выносливая к механическим повреждениям 2. Способна выдерживать весовую нагрузку 3. Хорошо удерживает крепежные элементы Дополнительная комплектация Вдобавок для большего комфорта Barsky StandUp black был оснащен металлическим подстаканником, который не занимает место на столешнице. Благодаря этому вы всегда можете наслаждаться любимым напитком, без страха опрокинуть чашку на аппаратуру или важные бумаги. Помимо этого под столешницей есть металлический крючок для сумки или гарнитуры. Одним словом, удобно. Регулировка высоты Как вы уже поняли, регулировка высоты - основное преимущество Barsky StandUp black. Регулируется именно высота столешницы стола. Это осуществляется благодаря панели управления и мотору, расположенному в царе под столешницей. Панель управления высоты находится с правой стороны столешницы. Она характеризуется следующими режимами регулирования: 1. Копка &quot;S&quot; запоминает высоту удобного для вас верхнего и нижнего положения 2. Копка положения &quot;сидя&quot; опускает столешницу на предварительно настроенную высоту. 3. Копка положения &quot;стоя&quot; поднимает столешницу на предварительно настроенную высоту. 4. Индикатор уровня высоты показывает уровень высоты столешницы в см или мм. 5. Кнопки управления &quot;вверх-вниз&quot; позволяют вручную изменять высоту столешницы. Диапазон регулировки колеблется от 72-120 см, что позволяет пользоваться данным столом людям разного роста. Поднимается стол плавно и почти бесшумно. Шум от опускания/поднятия составляет менее 55 дБ, что является допустимым уровнем шума, который не наносит вред здоровью даже при длительном воздействии. Можете спокойно пользоваться функцией регулировки высоты во время важных офлайн или онлайн переговоров, если захотите изменить ваше рабочее положение. Звук от работы двигателя не будет мешать беседе. Скорость поднятия столешницы составляет 2,5 см/c Почему столы с регулировкой высоты сейчас актуальны Столы с регулировкой высоты с каждым днем ​​набирают широкую популярность. Потребность в данном решении вызвана современным образом жизни, который заставляет многих работать в сидячем положении более 6 часов в день. Это приводит к боли в шее, спине, пояснице и в целом к ​​проблемам с опорно-двигательной системой. Что же дают регулируемые столы? 1. Свободу выбора и никаких ограничений. Хотите работать, учиться или играть сидя? Сидите. Хотите стоя? Стойте. Больше не нужно проводить время по своим занятиям, оцепенев в одной позе на несколько часов. 2. Польза для здоровья. Работать стоя очень полезно для нашей опорно-двигательной системы и общего физического и психологического состояния. Таким образом мы разгружаем наш позвоночник и предотвращаем развитие остеохондроза. 3. Универсальность. В вашей семье или компании столом с регулировкой высоты могут пользоваться несколько человек с разным ростом. Это очень удобно, ведь любой пользователь сможет настроить себе нужную высоту и занять оптимальное положение в кресле относительно стола. 4. Автоматизация. В наших столах с регулировкой высоты предусмотрен таймер на панели управления стола с функцией запоминания разных положений высоты. Потребуется для нескольких пользователей одного стола. Учитывая эти преимущества, по нашему мнению, регулируемый стол должен быть в каждом доме и офисе. Именно поэтому осенью 2022 года мы выпустили новую линейку регулируемых столов под названием StandUp, к которой и принадлежит стол Barsky StandUp black. Заказывайте регулируемый стол Barsky StandUp black и работайте, учитесь, играйте с удовольствием и пользой! ]]>
</description>
<param name="Предназначение">Для офиса</param>
<param name="Стиль">классический</param>
<param name="Особенности">регулируемые по высоте</param>
<param name="Тип">компьютерные</param>
<param name="Вид">эргономичные</param>
<param name="Размер">маленькие</param>
<param name="Форма">прямоугольные</param>
<param name="Для скольких человек">для 1-го</param>
<param name="Материал столешницы">ДСП</param>
<param name="Материал корпуса">металл</param>
<param name="Материал ножек">металл</param>
<param name="Цвет">черный</param>
<param name="Глубина">600</param>
<param name="Ширина">1200</param>
<param name="Высота">710-1210 мм</param>
<param name="Гарантия">5 лет</param>
<param name="Дополнительные характеристики">Регулируемый офисный стол BST-01, полностью черный, столешница ДСП 1200x600x18 мм, разделена на 2 части, один двигатель, 2 сегмента колонн, квадратная перевернутая колонна 60*60 мм, диапазон высоты 720-1180 мм, длина хода 410 мм. 240 В, макс. грузоподъемность 70 кг, скорость 20 мм с, светодиодный дисплей + 3 запоминающихся позиции + 1 порт USB Type-A + 1 порт USB Type-C, 2 ботвы для телефона + 1 кабельное управление - все эти аксессуары упакованы в картонную коробку этого стола</param>
</offer>
<offer id="test13" available="true">
<name>Регульований стіл Barsky StandUp Game black RGB-LED 1200*600 BST-01led</name>
<model>BST-01led1</model>
<url>
<![CDATA[ https://barsky.ua/reguliruemij_stol_barsky_standup_game_black_bst-01/ ]]>
</url>
<price>12000</price>
<oldprice>14000</oldprice>
<currencyId>UAH</currencyId>
<categoryId>1</categoryId>
<picture>https://barsky.ua/image/catalog/stoli/BST-01/033.jpg</picture>
<vendor>2017</vendor>
<stock_quantity>20</stock_quantity>
<description>
<![CDATA[ Регулируемый стол Barsky StandUp black - идеальное решение для вашего дома, офиса или детской комнаты, чтобы комбинировать стоячую и сидячую работу. Стильное цветовое решение, прямые формы и небольшие размеры Barsky StandUp black позволяют разместить его в любом кабинете или комнате и выделить данный продукт в интерьере. Настоящая находка для настоящих минималистов, любителей лаконичности и комфорта. Общие характеристики Ширина столешницы составляет 1200 мм, глубина - 600 мм, а высота 720 мм. Толщина столешницы 18 мм. Данных габаритов вполне достаточно для одного человека, чтобы работать за столом с комфортом и не занимая много места в комнате. Стол выдерживает до 80 кг весовой нагрузки, что позволяет разместить на нем все необходимые принадлежности для работы и обустройства рабочего пространства. На ножках рамы предусмотрены регулируемые подпятники для выравнивания горизонта. Материалы Рама стола выполнена из надежного, крепкого и устойчивого металла. Столешница из ДСП-плиты, которая: 1. Выносливая к механическим повреждениям 2. Способна выдерживать весовую нагрузку 3. Хорошо удерживает крепежные элементы Дополнительная комплектация Вдобавок для большего комфорта Barsky StandUp black был оснащен металлическим подстаканником, который не занимает место на столешнице. Благодаря этому вы всегда можете наслаждаться любимым напитком, без страха опрокинуть чашку на аппаратуру или важные бумаги. Помимо этого под столешницей есть металлический крючок для сумки или гарнитуры. Одним словом, удобно. Регулировка высоты Как вы уже поняли, регулировка высоты - основное преимущество Barsky StandUp black. Регулируется именно высота столешницы стола. Это осуществляется благодаря панели управления и мотору, расположенному в царе под столешницей. Панель управления высоты находится с правой стороны столешницы. Она характеризуется следующими режимами регулирования: 1. Копка &quot;S&quot; запоминает высоту удобного для вас верхнего и нижнего положения 2. Копка положения &quot;сидя&quot; опускает столешницу на предварительно настроенную высоту. 3. Копка положения &quot;стоя&quot; поднимает столешницу на предварительно настроенную высоту. 4. Индикатор уровня высоты показывает уровень высоты столешницы в см или мм. 5. Кнопки управления &quot;вверх-вниз&quot; позволяют вручную изменять высоту столешницы. Диапазон регулировки колеблется от 72-120 см, что позволяет пользоваться данным столом людям разного роста. Поднимается стол плавно и почти бесшумно. Шум от опускания/поднятия составляет менее 55 дБ, что является допустимым уровнем шума, который не наносит вред здоровью даже при длительном воздействии. Можете спокойно пользоваться функцией регулировки высоты во время важных офлайн или онлайн переговоров, если захотите изменить ваше рабочее положение. Звук от работы двигателя не будет мешать беседе. Скорость поднятия столешницы составляет 2,5 см/c Почему столы с регулировкой высоты сейчас актуальны Столы с регулировкой высоты с каждым днем ​​набирают широкую популярность. Потребность в данном решении вызвана современным образом жизни, который заставляет многих работать в сидячем положении более 6 часов в день. Это приводит к боли в шее, спине, пояснице и в целом к ​​проблемам с опорно-двигательной системой. Что же дают регулируемые столы? 1. Свободу выбора и никаких ограничений. Хотите работать, учиться или играть сидя? Сидите. Хотите стоя? Стойте. Больше не нужно проводить время по своим занятиям, оцепенев в одной позе на несколько часов. 2. Польза для здоровья. Работать стоя очень полезно для нашей опорно-двигательной системы и общего физического и психологического состояния. Таким образом мы разгружаем наш позвоночник и предотвращаем развитие остеохондроза. 3. Универсальность. В вашей семье или компании столом с регулировкой высоты могут пользоваться несколько человек с разным ростом. Это очень удобно, ведь любой пользователь сможет настроить себе нужную высоту и занять оптимальное положение в кресле относительно стола. 4. Автоматизация. В наших столах с регулировкой высоты предусмотрен таймер на панели управления стола с функцией запоминания разных положений высоты. Потребуется для нескольких пользователей одного стола. Учитывая эти преимущества, по нашему мнению, регулируемый стол должен быть в каждом доме и офисе. Именно поэтому осенью 2022 года мы выпустили новую линейку регулируемых столов под названием StandUp, к которой и принадлежит стол Barsky StandUp black. Заказывайте регулируемый стол Barsky StandUp black и работайте, учитесь, играйте с удовольствием и пользой! ]]>
</description>
<param name="Предназначение">Для дома</param>
<param name="Стиль">классический</param>
<param name="Особенности">регулируемые по высоте</param>
<param name="Тип">компьютерные</param>
<param name="Вид">эргономичные</param>
<param name="Размер">маленькие</param>
<param name="Форма">прямоугольные</param>
<param name="Для скольких человек">для 1-го</param>
<param name="Материал столешницы">ДСП</param>
<param name="Материал корпуса">металл</param>
<param name="Материал ножек">металл</param>
<param name="Цвет">черный</param>
<param name="Глубина">500</param>
<param name="Ширина">1000</param>
<param name="Высота">700-1200 мм</param>
<param name="Гарантия">1 год</param>
<param name="Дополнительные характеристики">Регулируемый офисный стол BST-01, полностью черный, столешница ДСП 1200x600x18 мм, разделена на 2 части, один двигатель, 2 сегмента колонн, квадратная перевернутая колонна 60*60 мм, диапазон высоты 720-1180 мм, длина хода 410 мм. 240 В, макс. грузоподъемность 70 кг, скорость 20 мм с, Светодиодный дисплей + 3 запоминающихся позиции + 1 порт USB Type-A + 1 порт USB Type-C, 2 телефонных крючка + 1 кабельное управление + 1 подстаканник (подстаканник) + радужный свет RGB в пластиковых деталях с обеих сторон края столешницы - все эти аксессуары вместе упакованы в коробку этого стола</param>
</offer>
<offer id="test14" available="false">
<name>Кресло геймерское Barsky Game Mesh Black GM-011</name>
<model>GM-01</model>
<url>
<![CDATA[ https://barsky.ua/kreslo_geymerskoe_%20barsky_game_mesh_black_gm-01/ ]]>
</url>
<price>22000</price>
<currencyId>UAH</currencyId>
<categoryId>1</categoryId>
<picture>https://barsky.ua/image/catalog/kresla/GM-01/5.jpg</picture>
<picture>https://barsky.ua/image/catalog/kresla/GM-01/6.jpg</picture>
<picture>https://barsky.ua/image/catalog/kresla/GM-01/7.jpg</picture>
<vendor>2017</vendor>
<stock_quantity>0</stock_quantity>
<description>
<![CDATA[ Barsky Game Mesh Black GM-01 - це не просто геймерське крісло, а витвір сучасної інженерної майстерності, який об&#39;єднує в собі комфорт, стиль та надійність. Його відмінні характеристики роблять його неперевершеним вибором для будь-якого гравця. Геймерське крісло Barsky Game Mesh Black GM-01 має сучасний дизайн, який відображає найновіші тенденції у світі геймінгу. Його класичний та водночас модний світло-сірий колір надає йому естетичної привабливості й дозволяє гармонійно вписуватися в будь-який інтер&#39;єр. Однією з найбільших переваг цього геймерського крісла є його преміальна нейлонова сітка, що забезпечує високу стійкість до розтягувань, корозії, високих температур та ультрафіолету. Це дозволяє гравцеві грати в кріслі годинами, не відчуваючи дискомфорту. Додатково, матеріал має відмінну повітропроникність, що забезпечує оптимальну вентиляцію та свіжість під час гри. Barsky Game Mesh Black GM-01 має міцні та надійні ніжки з високоміцного алюмінієвого сплаву, що пройшли випробування статичним тиском 1136 кг. Газліфт виготовлений зі сталі, забезпечуючи додаткову надійність та довговічність крісла. Нековзні та безшумні поліуретанові колеса не залишають слідів та подряпин на підлозі, що дозволяє зручно переміщатися навколо кімнати без шуму та різних пошкоджень. Крісло також оснащене сталевими підлокітниками з гальванічним покриттям та зручними поліуретановими накладками. Крім надійної конструкції та естетичного дизайну, геймерське крісло Barsky Game Mesh Black GM-01 має ще кілька корисних функцій, які зроблять ваші віртуальні пригоди ще більш комфортними та продуктивними: &bull; Регульовані 4D підлокітники з можливістю регулювання висоти, повороту та вильоту для ергономічної підтримки рук під час гри &bull; Підголівник, у якому можна налаштувати необхідну висоту та оптимальний кут нахилу, щоб зменшити напругу у шиї та плечовій зоні під час запеклих ігрових баталій. &bull; Регульована за висотою спинка, окреме регулювання висоти самого крісла та глибини сидіння, а також налаштування поперекової підтримки-забезпечують ідеальне положення для вашого тіла, щоб завжди тримати свій фокус лише на грі. &bull; Синхромеханізм, який дозволяє гойдатися та фіксуватися у будь-якому положенні на ваш розсуд-бо змагання часом можуть бути напруженими, а отримати трохи релаксу завжди корисно. &bull; Підставка для ніг, яка дає можливість перепочити між ігровими сесіями, не встаючи з крісла. Отже, Barsky Game Mesh Black GM-01 - це не просто геймерське крісло, а справжній інструмент для гравців, які бажають забезпечити собі найкращі умови для довготривалого геймінгу. Завдяки високоякісним матеріалам, стильному дизайну та функціональності, це крісло стане чудовим доповненням до будь-якого геймерського простору та забезпечить вам максимальний комфорт і задоволення від ігор. ]]>
</description>
<param name="Стиль">Современный</param>
<param name="Особенности">Эргономические</param>
<param name="Класс кресел">Дорогие</param>
<param name="Тип">Геймерские</param>
<param name="Обивка">Сетка</param>
<param name="Уровень жесткости">Средний</param>
<param name="Основание">На колесах</param>
<param name="Крестовина">Хром</param>
<param name="Каркас">Метелл, Пластик</param>
<param name="Механизм качания">С механизмом качания и фиксацией</param>
<param name="Механизмы">Синхромеханизм</param>
<param name="Максимальный рост">210 см</param>
<param name="Сидение">С регулировкой глубины сидения</param>
<param name="Спинка">С регулировкой спинки по высоте</param>
<param name="Подлокотники">4D</param>
<param name="Материал подлокотников">Мягкие накладки</param>
<param name="Подголовник">С регулируемым по высоте и наклону</param>
<param name="Ролики">Силиконовые</param>
<param name="Цвет">Синий</param>
<param name="Дополнительные характеристики">Ортопедическое сиденье и спинка Поясничная подушка регулируется по глубине и высоте. Регулировка высоты подголовника 5 уровней Регулировка высоты спинки 5 ступеней Регулировка подлокотников по высоте, глубине, поверхность подлокотников регулируется вперед назад вправо и влево</param>
</offer>
<offer id="test15" available="true">
<name>Кресло Barsky Soft Leather MultiBlock Сhrom Soft-05</name>
<model>Soft-05</model>
<url>
<![CDATA[ https://barsky.ua/kreslo_barsky_soft_leather_multiblock_chrom_soft-05/ ]]>
</url>
<price>8500</price>
<currencyId>UAH</currencyId>
<categoryId>2</categoryId>
<picture>https://barsky.ua/image/catalog/kresla/Soft-05/8.jpg</picture>
<picture>https://barsky.ua/image/catalog/kresla/GM-01/7.jpg</picture>
<vendor>2017</vendor>
<stock_quantity>10</stock_quantity>
<description>
<![CDATA[ 11Описание кожаного кресла Barsky Soft Leather MultiBlock Сhrom Soft-05: Мягкое кресло в сдержаном дизайне. Обивка черного цвета из кожи split. Такая обивка сохраняет все качества натуральной кожи, но позволяет сэкономить. За ней легко ухаживать, не парит, приятная на ощупь. Сама модель кресла подойдет как для отдыха, так и для работы. Можно использовать дома или для офиса. Подробнее о модели: крестовина металлическая с маневренными прорезиненными колесами, механизм MultiBlock , газлифт 2 класса, подлокотники нерегулируемые хромированные, с мягкими накладками, прогиб в зоне поясницы, оказывает мягкую поддержку, наполнитель не продавливается со временем. натулальная кожа split ]]>
</description>
<param name="Предназначение">для руководителей</param>
<param name="Механизмы">MultiBlock</param>
<param name="Спинка">с откидной спинкой</param>
<param name="Материал подлокотников">мягкие накладки</param>
<param name="Цвет">Черный</param>
<param name="Гарантия">1 год</param>
<param name="Вес">20 кг</param>
</offer>
</offers>
</shop>
</yml_catalog>
