<?xml version="1.0" encoding="UTF-8"?>
<!DOCTYPE yml_catalog SYSTEM "shops.dtd">
<yml_catalog date="2023-10-25 13:19">
<shop>
	<name></name>
	<company></company>
	<url></url>
	<currencies>
		<currency id="UAH" rate="1"/>
	</currencies>
	<categories>
		<category id="148965">jjjjjjjjjjjjjjjjjjjjjjh</category>
		<category id="148962">nnnnnnnnnnnn</category>
		<category id="148969">opppps</category>
		<category id="568">Главная</category>
		<category id="152105">Дорожные аксессуары</category>
		<category id="565">Контакты</category>
		<category id="148948">Новости</category>
		<category id="899">Оплата/Доставка</category>
		<category id="828">Продукция</category>
		<category id="152232" parentId="828">Новогодний уличный декор</category>
		<category id="152101" parentId="828">Акустические системы</category>
		<category id="152102" parentId="828">бинокли</category>
		<category id="152124" parentId="828">Вакуумные упаковщики</category>
		<category id="152254" parentId="828">Весоизмерительное оборудование</category>
		<category id="881" parentId="828">Гаджеты и аксессуары</category>
		<category id="52520" parentId="881">Bluetooth-гарнитуры</category>
		<category id="52804" parentId="881">Аксессуары для ноутбуков</category>
		<category id="50286" parentId="881">Аксессуары для проекторов</category>
		<category id="960" parentId="881">Держатели</category>
		<category id="152392" parentId="881">Зарядные станции</category>
		<category id="1293" parentId="881">Зарядные устройства</category>
		<category id="50495" parentId="881">Игровые манипуляторы и аксессуары для консолей</category>
		<category id="52588" parentId="881">Кабели и переходники</category>
		<category id="49837" parentId="881">Кабели синхронизации</category>
		<category id="52718" parentId="881">Микрофоны</category>
		<category id="52592" parentId="881">Мини-кондиционеры</category>
		<category id="1539" parentId="881">Мыши</category>
		<category id="51055" parentId="881">Наушники</category>
		<category id="1024" parentId="881">Подставки и столики для ноутбуков</category>
		<category id="52325" parentId="881">Проекторы</category>
		<category id="52805" parentId="881">Робототехника</category>
		<category id="1088" parentId="881">Селфи-палки</category>
		<category id="52861" parentId="881">Сетевые фильтры, адаптеры и удлинители</category>
		<category id="152443" parentId="881">Смарт-брелоки</category>
		<category id="1470" parentId="881">Умные светильники</category>
		<category id="52384" parentId="881">Универсальные мобильные батареи</category>
		<category id="52802" parentId="881">Флеш память USB</category>
		<category id="50993" parentId="881">Чехлы для мобильных телефонов</category>
		<category id="1362" parentId="881">Эргономика рабочего места</category>
		<category id="833" parentId="828">Гаджеты и подарки</category>
		<category id="1399" parentId="833">Головоломки, антистрессы</category>
		<category id="50691" parentId="833">Карнавальные костюмы</category>
		<category id="52437" parentId="833">Карты</category>
		<category id="52717" parentId="833">Кулоны и подвески</category>
		<category id="52452" parentId="833">Соблазнительное белье</category>
		<category id="152250" parentId="833">Товары для праздников</category>
		<category id="42231" parentId="828">Гироборды</category>
		<category id="52719" parentId="42231">Аксессуары для электротранспорта</category>
		<category id="52712" parentId="42231">Гироролики</category>
		<category id="49543" parentId="828">Губные гармошки</category>
		<category id="152119" parentId="828">Дозаторы для мыла</category>
		<category id="152112" parentId="828">Зеркала косметические</category>
		<category id="51037" parentId="828">Зоотовары</category>
		<category id="152245" parentId="51037">Посуда для животных</category>
		<category id="52860" parentId="51037">Аксессуары к туалетам для животных</category>
		<category id="152447" parentId="51037">Игрушки для животных</category>
		<category id="52715" parentId="51037">Инструменты для груминга</category>
		<category id="152488" parentId="51037">Ошейники</category>
		<category id="51038" parentId="51037">Уход и гигиена</category>
		<category id="152175" parentId="828">Игрушки-ночники</category>
		<category id="152353" parentId="828">Измерительно-разметочный инструмент</category>
		<category id="152276" parentId="828">Кольца</category>
		<category id="152234" parentId="828">Компьютерные колонки</category>
		<category id="1638" parentId="828">Красота, здоровье, уход</category>
		<category id="152156" parentId="1638">Бактерицидные облучатели</category>
		<category id="152249" parentId="1638">Белье для беременных и мам</category>
		<category id="152345" parentId="152249">Бандажи</category>
		<category id="152150" parentId="1638">Воск для депиляции</category>
		<category id="152157" parentId="1638">Воскоплавы</category>
		<category id="152246" parentId="1638">Защитные маски для лица</category>
		<category id="52716" parentId="1638">Корректирующее белье</category>
		<category id="52518" parentId="1638">Косметические приборы</category>
		<category id="152159" parentId="1638">Лампы для маникюра</category>
		<category id="50906" parentId="1638">Массажеры</category>
		<category id="152162" parentId="1638">Материалы для депиляции</category>
		<category id="52863" parentId="1638">Медицинские приборы</category>
		<category id="52864" parentId="1638">Средства индивидуальной защиты</category>
		<category id="52866" parentId="52864">Респиратор KN95 многоразовый четырехслойный с регулировкой FFP2 Белый (CGN95)</category>
		<category id="152151" parentId="1638">Стерилизаторы</category>
		<category id="152173" parentId="828">Крепления для телевизоров</category>
		<category id="1518" parentId="828">Кухонные принадлежности</category>
		<category id="152445" parentId="1518">Подставки, держатели</category>
		<category id="49599" parentId="1518">Аксессуары для алкоголя и курения</category>
		<category id="152193" parentId="1518">Аксессуары для мытья посуды</category>
		<category id="152338" parentId="1518">Блендеры</category>
		<category id="50279" parentId="1518">Бокалы и фужеры</category>
		<category id="152136" parentId="1518">Весы кухонные</category>
		<category id="52800" parentId="1518">Наборы для бара</category>
		<category id="152224" parentId="52800">Штопоры и открывалки для бутылок</category>
		<category id="50988" parentId="1518">Наборы посуды для приготовления пищи</category>
		<category id="50911" parentId="1518">Ножи кухонные</category>
		<category id="1560" parentId="1518">Пищевые контейнеры</category>
		<category id="42093" parentId="1518">Предметы сервировки</category>
		<category id="50900" parentId="1518">Стаканы</category>
		<category id="1519" parentId="1518">Терки, овощерезки</category>
		<category id="52806" parentId="1518">Тостеры</category>
		<category id="152221" parentId="1518">чайные и кофейные сервизы</category>
		<category id="836" parentId="1518">Чашки</category>
		<category id="152243" parentId="828">Лазерные указки</category>
		<category id="830" parentId="828">Ночники</category>
		<category id="152174" parentId="830">Аксессуары для электронных книг</category>
		<category id="50915" parentId="828">Одежда, сумки и аксессуары</category>
		<category id="50916" parentId="50915">Аксессуары для обуви</category>
		<category id="1534" parentId="50915">Аксессуары для сумок</category>
		<category id="50918" parentId="50915">Бейджи, брелоки-идентификаторы, настольные таблички</category>
		<category id="50999" parentId="50915">Головные уборы</category>
		<category id="1523" parentId="50915">Дорожные сумки и чемоданы</category>
		<category id="49938" parentId="50915">Зонты</category>
		<category id="50996" parentId="50915">Мужские лонгсливы</category>
		<category id="50997" parentId="50915">Мужские майки</category>
		<category id="52713" parentId="50915">Рюкзаки</category>
		<category id="152133" parentId="50915">Сумки и аксессуары</category>
		<category id="152134" parentId="152133">Аксессуары для детей</category>
		<category id="52378" parentId="50915">Шарфы и платки</category>
		<category id="152313" parentId="828">Посуда для суши</category>
		<category id="152397" parentId="828">Пробки и воронки для бутылок</category>
		<category id="152200" parentId="828">Прочая мелкая техника</category>
		<category id="152127" parentId="828">Сигнальная одежда</category>
		<category id="1516" parentId="828">Спорт и туризм</category>
		<category id="52465" parentId="1516">Аксессуары для рыбалки</category>
		<category id="152285" parentId="1516">Йога</category>
		<category id="52710" parentId="1516">Спортивные бутылки и фляги</category>
		<category id="49612" parentId="1516">Спортивные сумки и чехлы</category>
		<category id="152205" parentId="1516">Эспандеры</category>
		<category id="152121" parentId="828">Студийные вспышки, осветители и аксессуары</category>
		<category id="152216" parentId="828">Студийный свет</category>
		<category id="42218" parentId="828">Товары для детей</category>
		<category id="152339" parentId="42218">Автомобильные треки</category>
		<category id="152235" parentId="42218">Антистрессы</category>
		<category id="52576" parentId="42218">Декоративные игрушки</category>
		<category id="52528" parentId="42218">Детская посуда</category>
		<category id="42383" parentId="42218">Детские конструкторы</category>
		<category id="52807" parentId="42218">Детские музыкальные инструменты</category>
		<category id="50550" parentId="42218">Игровые наборы</category>
		<category id="42506" parentId="42218">Игрушечное оружие</category>
		<category id="1558" parentId="42218">Интерактивные игрушки</category>
		<category id="152269" parentId="42218">Лепка</category>
		<category id="152367" parentId="42218">Машинки, модели техники и оружие</category>
		<category id="52803" parentId="42218">Радиоуправляемые игрушки</category>
		<category id="152225" parentId="42218">Различные наборы для детского творчества</category>
		<category id="52862" parentId="42218">Рисование</category>
		<category id="52801" parentId="42218">Стерилизаторы и подогреватели</category>
		<category id="152458" parentId="42218">Художественные наборы</category>
		<category id="1535" parentId="828">Товары для дома</category>
		<category id="152176" parentId="1535">Аксессуары для кресел</category>
		<category id="152271" parentId="1535">Аксессуары к кулерам для воды</category>
		<category id="152195" parentId="1535">Бра и настенно-потолочные светильники</category>
		<category id="152241" parentId="1535">Веники и щетки</category>
		<category id="152287" parentId="1535">Диспенсеры</category>
		<category id="50075" parentId="1535">Душевые гарнитуры</category>
		<category id="152314" parentId="1535">Заварочные чайники</category>
		<category id="49541" parentId="1535">Зажигалки и аксессуары</category>
		<category id="152251" parentId="1535">Комплектующие для смесителей</category>
		<category id="152194" parentId="1535">Краскопульты</category>
		<category id="1521" parentId="1535">Настольные лампы</category>
		<category id="829" parentId="1535">Настольные часы</category>
		<category id="940" parentId="1535">Новогодние фигурки, статуэтки</category>
		<category id="52714" parentId="1535">Освежители воздуха</category>
		<category id="152293" parentId="1535">Отвертки</category>
		<category id="1588" parentId="1535">Офисные кресла и стулья</category>
		<category id="152158" parentId="1535">Паяльники</category>
		<category id="1562" parentId="1535">Пледы</category>
		<category id="1564" parentId="1535">Подносы, коврики и столики</category>
		<category id="51372" parentId="1535">Садовый инвентарь</category>
		<category id="152207" parentId="1535">Светодиодные ленты</category>
		<category id="152177" parentId="1535">Тепловентиляторы</category>
		<category id="152434" parentId="1535">Тестеры для воды, воздуха, почвы</category>
		<category id="152135" parentId="1535">Умное освещение</category>
		<category id="152253" parentId="1535">Фонари и аксессуары</category>
		<category id="152103" parentId="828">фонари и аксессуары</category>
		<category id="152132" parentId="828">Хабы и кардридеры</category>
		<category id="152117" parentId="828">Экокубы</category>
		<category id="853">РЕГИСТРАЦИЯ</category>
		<category id="900">Скидки</category>
		<category id="551">Статьи</category>
		<category id="152082" parentId="551">Гироборд (гироскутер, мини-сигвей) – транспорт нового поколения</category>
		<category id="152081" parentId="551">Электротранспорт</category>
		<category id="931" parentId="552">1-я страница: Баннер</category>
		<category id="148952" parentId="143993">123e123e</category>
		<category id="930" parentId="552">banner_left</category>
		<category id="150174" parentId="100557">basis</category>
		<category id="141442" parentId="141439">Gallucci (Италия)</category>
		<category id="982" parentId="552">social-buttons</category>
		<category id="19864" parentId="19863">Thanks</category>
		<category id="152291" parentId="49999">Автокомпрессоры</category>
		<category id="51044" parentId="49999">Автокосметика</category>
		<category id="51043" parentId="49999">Автопринадлежности</category>
		<category id="120482" parentId="119863">Авторизация</category>
		<category id="51042" parentId="49999">Алкометры</category>
		<category id="51047" parentId="49999">Ароматизаторы</category>
		<category id="48679" parentId="48676">Виниловые полы</category>
		<category id="142015" parentId="142014">ГДЕ И КАК ХРАНИТЬ ОБУВЬ?</category>
		<category id="120282" parentId="100000">ГЛАВНАЯ</category>
		<category id="149864" parentId="100000">Квадрокоптеры</category>
		<category id="48682" parentId="48676">Керамическая плитка</category>
		<category id="977" parentId="552">Низ сайта /ссылки</category>
		<category id="150176" parentId="100000">НОВИНКИ</category>
		<category id="48681" parentId="48676">Паркетная доска</category>
		<category id="141449" parentId="100000">ПРОДУКЦИЯ</category>
		<category id="146702" parentId="141449">АВТО-ТЕХНИКА</category>
		<category id="146700" parentId="141449">ГАДЖЕТЫ</category>
		<category id="146703" parentId="146700">НАУШНИКИ</category>
		<category id="146701" parentId="146700">СМАРТ-ЧАСЫ</category>
		<category id="146721" parentId="100000">РАЗНОЕ</category>
		<category id="151054" parentId="146721">3D и VR очки</category>
		<category id="151814" parentId="146721">IP-камеры</category>
		<category id="151616" parentId="146721">Бандажи и корсеты</category>
		<category id="151621" parentId="146721">Женские комнатные тапочки</category>
		<category id="150905" parentId="146721">Компьютерные столы</category>
		<category id="151613" parentId="146721">Копилки</category>
		<category id="151816" parentId="146721">Медицинские перчатки</category>
		<category id="151316" parentId="146721">Надувные матрасы и подушки</category>
		<category id="151595" parentId="146721">Настенные часы</category>
		<category id="151390" parentId="146721">Посуда для отдыха и туризма</category>
		<category id="151228" parentId="146721">Расчёски</category>
		<category id="151812" parentId="146721">Термометры</category>
		<category id="151063" parentId="146721">Термосы и бутылки</category>
		<category id="151799" parentId="146721">ТОВАРЫ ДЛЯ ПРАЗДНИКА</category>
		<category id="151198" parentId="146721">Устройства для проекции голограмм 3D Hologram</category>
		<category id="152012" parentId="146721">Утюги и гладильные системы</category>
		<category id="120483" parentId="119863">Регистрация (подтверждения email)</category>
		<category id="120484" parentId="119863">Регистрация успешно завершена.</category>
		<category id="48683" parentId="48676">Сантехника</category>
		<category id="149863" parentId="143993">Серьги</category>
		<category id="143693" parentId="142019">Спасибо, Ваш отзыв отправлен и появится на сайте в ближайшее время!</category>
		<category id="944" parentId="552">Телефон</category>
		<category id="981" parentId="552">Условия доставки</category>
		<category id="152080" parentId="552">Шапка / Ссылки</category>
	</categories>
	<offers>
		<offer id="CGBL107Blue" available="false">
			<url>https://ukrpodarok.com.ua/naushniki-c-led-podsvetkoi-bluetooth-provodnoe-podklyuchenie-uft-bl107-blue-s-ushkami.html</url>
			<price>999</price>
			<price_old>1499</price_old>
			<currencyId>UAH</currencyId>
			<categoryId>51055</categoryId>
			<picture>https://ukrpodarok.com.ua/images/151694_0.jpg</picture>
			<picture>https://ukrpodarok.com.ua/images/151694_100265.jpg</picture>
			<picture>https://ukrpodarok.com.ua/images/151694_100944.jpg</picture>
			<picture>https://ukrpodarok.com.ua/images/151694_100945.jpg</picture>
			<vendor>UFT</vendor>
			<name>Наушники c LED подсветкой Bluetooth + проводное подключение UFT BL107 Blue с ушками</name>
			<barcode>8000000029911</barcode>
			<stock_quantity>0</stock_quantity>
			<description>
				<![CDATA[<p>Bluetooth наушники с ушками&nbsp;отличаются от большинства других моделей аудио гарнитуры маленькими кошачьими ушками, которые очень популярны в Японии.<br /><br />&nbsp;Благодаря широкому частотному диапазону на 20-2000 КГц, наушники с ушками обеспечивают высокое качество проигрываемого звука любых тональностей, в независимости от музыкального жанра.&nbsp;<br />Гарнитура оборудована неоновой подсветкой на &laquo;кошачьих ушках&raquo;.&nbsp;<br />Также есть возможность регулировки&nbsp;высоты наушников. Подойдут и детям и подросткам.<br />Мягкая полиуретановая подушка накладных наушников, способствует лучшей звукоизоляции и комфортному ношению.<br />Работают с помощью&nbsp;Bluetooth и как проводные наушники. <br />Подключение:<br />-Bluetooth к любому устройству;<br />-Проводное (разьем&nbsp;3 mini-jack).<br />Кабель -160 см.</p>]]>
			</description>
			<param name="Тип наушников"><![CDATA[Накладные]]></param>
			<param name="Тип подключения"><![CDATA[Беспроводные]]></param>
			<param name="Интерфейс подключения"><![CDATA[Bluetooth]]></param>
			<param name="Особенности"><![CDATA[Светодиодная подсветка]]></param>
			<param name="Цвет"><![CDATA[Синий]]></param>
			<param name="Тип излучателя"><![CDATA[Динамический]]></param>
			<param name="Диапазон частот наушников"><![CDATA[20-20000 Гц]]></param>
			<param name="Микрофон"><![CDATA[Встроенный]]></param>
			<param name="Тип микрофона"><![CDATA[Динамический]]></param>
			<param name="Конструкция микрофона"><![CDATA[Встроенный в корпус наушников]]></param>
			<param name="Направленность микрофона"><![CDATA[Всенаправленный]]></param>
			<param name="Вес"><![CDATA[210 г]]></param>
			<param name="Тип кабеля"><![CDATA[Круглый]]></param>
			<param name="Чашки"><![CDATA[Круглые]]></param>
			<param name="Импеданс, Ом"><![CDATA[32]]></param>
			<param name="Материал амбушюр"><![CDATA[Кожзам]]></param>
			<param name="Гарантия"><![CDATA[14 дней]]></param>
			<param name="Страна регистрации бренда"><![CDATA[Украина]]></param>
			<param name="Бренд"><![CDATA[UFT]]></param>
			<param name="Наличие"><![CDATA[нет]]></param>
			<param name="вес в упаковке кг"><![CDATA[0.27]]></param>
			<param name="высота в упаковке см"><![CDATA[20]]></param>
			<param name="глубина в упаковке см"><![CDATA[20]]></param>
			<param name="ширина в упаковке см"><![CDATA[8]]></param>
			<param name="количество грузовых мест"><![CDATA[1]]></param>
			<param name="штрихкод"><![CDATA[8000000029911]]></param>
		</offer>
		<offer id="tablefive" available="true">
			<url>https://ukrpodarok.com.ua/stolik-transformer-dlya-noutbuka-15-s-aktivnim-ohlazhdeniem-uft-t5.html</url>
			<price>1944</price>
			<price_old>2344</price_old>
			<currencyId>UAH</currencyId>
			<categoryId>1024</categoryId>
			<picture>https://ukrpodarok.com.ua/images/152411_0.jpg</picture>
			<picture>https://ukrpodarok.com.ua/images/152411_100986.jpg</picture>
			<picture>https://ukrpodarok.com.ua/images/152411_100987.jpg</picture>
			<picture>https://ukrpodarok.com.ua/images/152411_100988.jpg</picture>
			<picture>https://ukrpodarok.com.ua/images/152411_100989.jpg</picture>
			<picture>https://ukrpodarok.com.ua/images/152411_100990.jpg</picture>
			<picture>https://ukrpodarok.com.ua/images/152411_100991.jpg</picture>
			<vendor>UFT</vendor>
			<name>Столик трансформер для ноутбука 15&quot; с активным охлаждением UFT T5</name>
			<barcode>4820176243409</barcode>
			<stock_quantity>50</stock_quantity>
			<description>
				<![CDATA[UFT T-5 - це неймовірно зручний столик трансформер для ноутбука, так як у нього найбільша вбудована підставка під мишку серед усіх столиків трансформерів.<br /><br />Його можна використовувати як столик для сніданку, столик для читання улюбленої книги, для малювання.<br /><br />Столик для ноутбука UFT T-5 виготовлений з алюмінію. Витримує вагу до 15 кг. Підходить ноутбукам із діагоналлю 15".<br />розміри:<br />У складеному вигляді (ШхВхГ): 660 х 270 х 50 мм<br />Стільниця (ШхВ): 350 х 265 мм<br />Робоча поверхня (ШхВ): 351 х 255 мм<br />Підставка під мишку: 265 х 155 мм<br />Гранична висота: 470 мм<br />Довжина однієї секції ніжки: 215 мм<br />Додаткові характеристики:<br />Вага: 1,3 кг<br />Максимальне навантаження: 15 кг<br />Колір чорний<br />Поверхня: Матова<br />Особливості: Граничний кут нахилу стільниці: 360 &deg;<br />Найбільша підставка під&nbsp;мишку<br />Підставка пахву рухається окремо від<br />стільниці.]]>
			</description>
			<param name="Диагональ ноутбука"><![CDATA[15.6]]></param>
			<param name="Охлаждение"><![CDATA[Активное]]></param>
			<param name="Вентиляторы"><![CDATA[2]]></param>
			<param name="Особенности"><![CDATA[USB-хаб;Регулируемый угол наклона;]]></param>
			<param name="Вес,кг"><![CDATA[1.3]]></param>
			<param name="Уровень шума"><![CDATA[5 дБА]]></param>
			<param name="Питание"><![CDATA[От порта USB]]></param>
			<param name="Гарантия"><![CDATA[14 дней]]></param>
			<param name="Наличие"><![CDATA[есть]]></param>
			<param name="вес в упаковке кг"><![CDATA[1.4]]></param>
			<param name="высота в упаковке см"><![CDATA[66]]></param>
			<param name="глубина в упаковке см"><![CDATA[5]]></param>
			<param name="ширина в упаковке см"><![CDATA[28]]></param>
			<param name="количество грузовых мест"><![CDATA[1]]></param>
			<param name="штрихкод"><![CDATA[4820176243409]]></param>
		</offer>
		<offer id="CGWC3" available="false">
			<url>https://ukrpodarok.com.ua/2-v-1-kovrik-dlya-mishki-s-besprovodnoi-zaryadkoi-qi-cg-wc3.html</url>
			<price>529</price>
			<price_old>699</price_old>
			<currencyId>UAH</currencyId>
			<categoryId>1293</categoryId>
			<picture>https://ukrpodarok.com.ua/images/152063_0.jpg</picture>
			<picture>https://ukrpodarok.com.ua/images/152063_99668.jpg</picture>
			<picture>https://ukrpodarok.com.ua/images/152063_99669.jpg</picture>
			<picture>https://ukrpodarok.com.ua/images/152063_99670.jpg</picture>
			<picture>https://ukrpodarok.com.ua/images/52764_63829.jpg</picture>
			<picture>https://ukrpodarok.com.ua/images/52764_63830.jpg</picture>
			<picture>https://ukrpodarok.com.ua/images/152063_99671.jpg</picture>
			<vendor>СG</vendor>
			<name>2 в 1 Коврик для мышки с беспроводной зарядкой QI CG WC3</name>
			<barcode></barcode>
			<stock_quantity>0</stock_quantity>
			<description>
				<![CDATA[Количество гаджетов поддерживающих функцию беспроводной зарядки растет с каждым годом. Теперь ваш смартфон можно зарядить даже от коврика для мышки.<br />Просто положите смартфон в область заряда и забудьте про кабель. Встроенная подставка позволяет разместить смартфон под углом 45 градусов, для вашего удобства.<br /><br />Рабочее расстояние: 3-8mm<br />Вход: 9В / 1.67a<br />Выход: 9v1.2A макс<br />Зарядная мощность: 10Вт<br />Коэффициент конверсии: &ge;70%<br />Совместимость: Для моделей iPhone 8, iPhone X, Note 5, Galaxy S6 Edge +, S7, S7 Edge, S8, S8 Plus и других устройств, поддерживающих Qi<br />Частота зарядки: 100-200 кГц<br /><br />]]>
			</description>
			<param name="Материал"><![CDATA[Комбинированный]]></param>
			<param name="Подсветка"><![CDATA[Нет]]></param>
			<param name="Цвет"><![CDATA[Черный]]></param>
			<param name="Назначения"><![CDATA[Обычные]]></param>
			<param name="Гарантия"><![CDATA[14 дней]]></param>
			<param name="Странапроизводитель"><![CDATA[Китай]]></param>
			<param name="Наличие"><![CDATA[нет]]></param>
		</offer>
		<offer id="CG3DHP1" available="false">
			<url>https://ukrpodarok.com.ua/3d-konstruktor-s-zhivim-rasteniem-mini-zilipoo-rainbow-hous.html</url>
			<price>239</price>
			<currencyId>UAH</currencyId>
			<categoryId>42383</categoryId>
			<picture>https://ukrpodarok.com.ua/images/52842_0.jpg</picture>
			<picture>https://ukrpodarok.com.ua/images/52842_69279.jpg</picture>
			<picture>https://ukrpodarok.com.ua/images/52842_69280.jpg</picture>
			<vendor>СG</vendor>
			<name>3D Конструктор с живым растением Mini Zilipoo Rainbow Hous</name>
			<barcode></barcode>
			<stock_quantity>0</stock_quantity>
			<description>
				<![CDATA[<p>Двухэтажный домик&nbsp;- трехмерная головоломка для детей&nbsp;с удобным крыльцом и навесом. Рядом с домом расположен небольшой огород на котором вы можете вырастить настоящее растение, за которым нужно будет ухаживать.<br />Это увлекательный процес как для родителей так и детей. Воспитывает ответственность и базовые навыки садоводчества.<br />Уже через три дня после посадки можно увидеть первые ростки, а по прошествии трех недель наблюдать разросшуюся клумбу. <br /><br />В наборе: 33 детали, семена, пакет с удобренной почвой, лейка, инструкция, дневник по уходу, а так же фигурка хозяина и собаки.<br />Сборка пазла развивает мелкую моторику рук, творческое мышление и расширяет кругозор.<br /></p>]]>
			</description>
			<param name="Тема набора"><![CDATA[Архитектура]]></param>
			<param name="Количество элементов"><![CDATA[35]]></param>
			<param name="Тип"><![CDATA[Трехмерные]]></param>
			<param name="Размеры"><![CDATA[20*14*12 см]]></param>
			<param name="Материал"><![CDATA[Картон]]></param>
			<param name="Гарантия"><![CDATA[6 месяцев]]></param>
			<param name="Наличие"><![CDATA[нет]]></param>
		</offer>
		<offer id="uftmoonlight" available="true">
			<url>https://ukrpodarok.com.ua/3d-svetilnik-nochnik-nastennii-luna-uft-moon-light-s-pultom-upravleniya.html</url>
			<price>644</price>
			<price_old>799</price_old>
			<currencyId>UAH</currencyId>
			<categoryId>830</categoryId>
			<picture>https://ukrpodarok.com.ua/images/875_0.jpg</picture>
			<picture>https://ukrpodarok.com.ua/images/150793_100220.jpg</picture>
			<picture>https://ukrpodarok.com.ua/images/150793_100083.jpg</picture>
			<picture>https://ukrpodarok.com.ua/images/150793_100084.jpg</picture>
			<vendor>UFT</vendor>
			<name>3D светильник ночник настенный Луна UFT Moon Light с пультом управления</name>
			<barcode>4820176242228</barcode>
			<stock_quantity>50</stock_quantity>
			<description>
				<![CDATA[Светильник Луна на стену Moonlight - бесподобный подарок для романтиков и мистиков, желающих иметь в своей комнате свою собственную Луну. Оригинальный светильник прийдется по душе любителям необычных и оригинальных вещей! С помощью переключателя вы можете установить фазу Луны, которая вам наиболее симпатична в данный момент. (Предупреждаем, ни одна рыба не пострадает от нежелательных приливов и отливов, вызвынных вашей Луной!)<br />Светильник в виде Луны с пультом управления выполнен из пластика, имеет 12 режимов переключения.<br />Светильник Луна отлично украсит любую стену и без сомнений подарит космическо-романтическое настроение. <br />Требуется 4 пальчиковых батарейки (АА) и 2 мизинчиковые (ААА) для пульта. В комплекте батарейки не идут.&nbsp;&nbsp;<br /><br /><br />]]>
			</description>
			<param name="Тип"><![CDATA[3D - светильники]]></param>
			<param name="Назначение"><![CDATA[Для спальни]]></param>
			<param name="Цвет корпуса"><![CDATA[Серый]]></param>
			<param name="Тип установки"><![CDATA[Настенные]]></param>
			<param name="Форма"><![CDATA[Круглая]]></param>
			<param name="Категория"><![CDATA[Для девочекДля мальчиков]]></param>
			<param name="Материал корпуса"><![CDATA[Пластик]]></param>
			<param name="Тип источника света"><![CDATA[Светодиодные (LED)]]></param>
			<param name="Количество в упаковке, шт"><![CDATA[1]]></param>
			<param name="Размеры"><![CDATA[25 х 25 х 6 см]]></param>
			<param name="Комплектация"><![CDATA[Светильник]]></param>
			<param name="Бренд"><![CDATA[UFT]]></param>
			<param name="Гарантия"><![CDATA[14 дней]]></param>
			<param name="Наличие"><![CDATA[есть]]></param>
			<param name="вес в упаковке кг"><![CDATA[0.4]]></param>
			<param name="высота в упаковке см"><![CDATA[40]]></param>
			<param name="глубина в упаковке см"><![CDATA[40]]></param>
			<param name="ширина в упаковке см"><![CDATA[8]]></param>
			<param name="количество грузовых мест"><![CDATA[1]]></param>
			<param name="штрихкод"><![CDATA[4820176242228]]></param>
		</offer>
		<offer id="CGMK2LGold" available="false">
			<url>https://ukrpodarok.com.ua/bluetooth-mikrofon-dlya-karaoke-uft-music-star-mk2l-gold.html</url>
			<price>677</price>
			<price_old>889</price_old>
			<currencyId>UAH</currencyId>
			<categoryId>52718</categoryId>
			<picture>https://ukrpodarok.com.ua/images/151475_0.jpg</picture>
			<picture>https://ukrpodarok.com.ua/images/151475_99790.jpg</picture>
			<picture>https://ukrpodarok.com.ua/images/151475_99791.jpg</picture>
			<vendor>UFT</vendor>
			<name>Bluetooth микрофон для караоке UFT MUSIC STAR MK2L Gold</name>
			<barcode>4820176254047</barcode>
			<stock_quantity>0</stock_quantity>
			<description>
				<![CDATA[            UFT&nbsp;MK2L это мобильный&nbsp;микрофон для караоке со встроенной колонкой, который подключается к любому устройству по Bluetooth.<br />В интернете можно найти уйму сайтов с готовыми песнями для караоке, например&nbsp;отличный варант - ютуб.<br />Достаточно вбить в поиск название песни и добавить "караоке", и вы получите минусовку с бегущей строкой.<br /><br /><strong>Инструкция</strong><br /><strong>1. Назначение кнопок</strong><br />Нажмите и удерживайте кнопку включения для активации микрофона.<br />Нажмите кнопку включения для переключения режимов: Блютус / Режим Селфи / Режим подключения кабелем<br />Кнопка &laquo;Prev&raquo;: включить предыдущий трек / сделать Селф (только для IOS)<br />Кнопка &laquo;Next&raquo;: включить следующий трек / сделать Селф (только для IOS)<br />Кнопка &laquo;Vol +&raquo;: увеличить громкость<br />Кнопка &laquo;Vol-&raquo;: уменьшить громкость<br />Кнопка &laquo;Scan / Led&raquo;: пауза / возобновить воспроизведение<br />Кнопка &laquo;Rec&raquo;: зажмите кнопку для изменения тембра голоса<br />Бегунок &laquo;Mic Vol&raquo;: увеличивает / уменьшает громкость микрофона<br />Бегунок &laquo;Remix&raquo;: увеличивает / уменьшает эхо<br /><strong>2. Режим караоке</strong><br />Зажмите кнопку включения чтобы попасть в режим Блютус. В меню Блютус телефона выберите микрофон для присоединения. После успешного подключения звуковой сигнал.<br /><strong>3. Режим Селфи</strong><br />Нажмите кнопку включения для переключения в режим Селфи. Включите камеру на Вашем IOS устройства. Нажмите кнопку &laquo;Prev&raquo; или &laquo;Next&raquo;, чтобы сделать Селфи фото на вашем смартфоне.            ]]>
			</description>
			<param name="Тип"><![CDATA[Динамические]]></param>
			<param name="Вид"><![CDATA[Микрофоны]]></param>
			<param name="Направленность"><![CDATA[Всенаправленные]]></param>
			<param name="Кабель в комплекте"><![CDATA[Есть]]></param>
			<param name="Режимы"><![CDATA[Режим караоке;Режим селфи;Режим радио;]]></param>
			<param name="Бепроводное подключение"><![CDATA[Bluetooth]]></param>
			<param name="Батарея"><![CDATA[Встроенная]]></param>
			<param name="Зарядка"><![CDATA[от USB]]></param>
			<param name="Особенности"><![CDATA[С динамиком]]></param>
			<param name="Цвет"><![CDATA[Золотой]]></param>
			<param name="Сегмент"><![CDATA[Для дома]]></param>
			<param name="Гарантия"><![CDATA[14 дней]]></param>
			<param name="Бренд"><![CDATA[UFT]]></param>
			<param name="Наличие"><![CDATA[нет]]></param>
			<param name="вес в упаковке кг"><![CDATA[0.3]]></param>
			<param name="высота в упаковке см"><![CDATA[25]]></param>
			<param name="глубина в упаковке см"><![CDATA[10]]></param>
			<param name="ширина в упаковке см"><![CDATA[20]]></param>
			<param name="количество грузовых мест"><![CDATA[1]]></param>
			<param name="штрихкод"><![CDATA[4820176254047]]></param>
		</offer>
		<offer id="CGWSS3LBlack" available="false">
			<url>https://ukrpodarok.com.ua/cilikonovie-chehli-bahili-dlya-obuvi-s-zastezhkoi-l-42-43-uft-wss3-mblack.html</url>
			<price>377</price>
			<price_old>499</price_old>
			<currencyId>UAH</currencyId>
			<categoryId>50916</categoryId>
			<picture>https://ukrpodarok.com.ua/images/152296_0.jpg</picture>
			<vendor>UFT</vendor>
			<name>Cиликоновые чехлы бахилы для обуви с застежкой L 42-43 UFT WSS3  MBlack</name>
			<barcode>4820176280343</barcode>
			<stock_quantity>0</stock_quantity>
			<description>
				<![CDATA[UFT&nbsp;<strong>WSS3</strong>&nbsp;это непромокаемые чехлы, которые спасут вас в дождливую погоду и продлят срок службы обуви и сохранят их вид.<br /><br />Основным отличием данной модели является застежка на двух кнопках<br />Чехлы черные, полупрозраные. Достаточно высокие, так что вам не страшны даже глубоке лужи или проливной дождь.<br /><br />Силиконовые бахилы&nbsp;занимают совсем мало места в ваше сумке или рюкзаке, и в любой момент уберегут вашу обувь от намокания, их&nbsp;можно взять с собой в поход или на рыбалку.<br />В комплекте полиетиленовый мешочек для хранения.]]>
			</description>
			<param name="Размер"><![CDATA[42; 43]]></param>
			<param name="Назначение"><![CDATA[Для повседневной носки]]></param>
			<param name="Тип"><![CDATA[Чехлы-бахилы]]></param>
			<param name="Материал"><![CDATA[Резина]]></param>
			<param name="Сезон"><![CDATA[Весенне-летняя; Летние; Осенне-весенняя]]></param>
			<param name="Цвет"><![CDATA[Черный]]></param>
			<param name="Категория"><![CDATA[Для взрослых]]></param>
			<param name="Страна регистрации бренда"><![CDATA[Украина]]></param>
			<param name="Бренд"><![CDATA[UFT]]></param>
			<param name="Гарантия"><![CDATA[14 дней]]></param>
			<param name="Наличие"><![CDATA[нет]]></param>
			<param name="вес в упаковке кг"><![CDATA[0.17]]></param>
			<param name="высота в упаковке см"><![CDATA[10]]></param>
			<param name="глубина в упаковке см"><![CDATA[10]]></param>
			<param name="ширина в упаковке см"><![CDATA[3]]></param>
			<param name="количество грузовых мест"><![CDATA[1]]></param>
			<param name="штрихкод"><![CDATA[4820176280343]]></param>
		</offer>
		<offer id="CGWSS3" available="false">
			<url>https://ukrpodarok.com.ua/cilikonovie-chehli-bahili-dlya-obuvi-s-zastezhkoi-m-40-41-uft-wss3-black.html</url>
			<price>359</price>
			<price_old>499</price_old>
			<currencyId>UAH</currencyId>
			<categoryId>50916</categoryId>
			<picture>https://ukrpodarok.com.ua/images/152294_0.jpg</picture>
			<picture>https://ukrpodarok.com.ua/images/152294_100248.jpg</picture>
			<vendor>UFT</vendor>
			<name>Cиликоновые чехлы бахилы для обуви с застежкой M 40-41 UFT WSS3 Black</name>
			<barcode>4820176280329</barcode>
			<stock_quantity>0</stock_quantity>
			<description>
				<![CDATA[<strong>UFT&nbsp;WSS3</strong>&nbsp;это непромокаемые чехлы, которые спасут вас в дождливую погоду и продлят срок службы обуви и сохранят их вид.<br /><br />Основным отличием данной модели является застежка на двух кнопках<br />Чехлы черные, полупрозраные. Достаточно высокие, так что вам не страшны даже глубоке лужи или проливной дождь.<br /><br />Силиконовые бахилы&nbsp;занимают совсем мало места в ваше сумке или рюкзаке, и в любой момент уберегут вашу обувь от намокания, их&nbsp;можно взять с собой в поход или на рыбалку.<br />В комплекте полиетиленовый мешочек для хранения.<br />]]>
			</description>
			<param name="Размер"><![CDATA[40; 41]]></param>
			<param name="Назначение"><![CDATA[Для повседневной носки]]></param>
			<param name="Тип"><![CDATA[Чехлы-бахилы]]></param>
			<param name="Материал"><![CDATA[Резина]]></param>
			<param name="Категория"><![CDATA[Для взрослых]]></param>
			<param name="Сезон"><![CDATA[Весенне-летняя; Летние;Осенне-весенняя]]></param>
			<param name="Цвет"><![CDATA[Черный]]></param>
			<param name="Страна регистрации бренда"><![CDATA[Украина]]></param>
			<param name="Бренд"><![CDATA[UFT]]></param>
			<param name="Гарантия"><![CDATA[14 дней]]></param>
			<param name="Наличие"><![CDATA[нет]]></param>
			<param name="вес в упаковке кг"><![CDATA[0.17]]></param>
			<param name="высота в упаковке см"><![CDATA[10]]></param>
			<param name="глубина в упаковке см"><![CDATA[10]]></param>
			<param name="ширина в упаковке см"><![CDATA[3]]></param>
			<param name="количество грузовых мест"><![CDATA[1]]></param>
			<param name="штрихкод"><![CDATA[4820176280329]]></param>
		</offer>
		<offer id="CGWSS3SBlack" available="false">
			<url>https://ukrpodarok.com.ua/cilikonovie-chehli-bahili-dlya-obuvi-s-zastezhkoi-uft-s-38-39-wss3-black.html</url>
			<price>359</price>
			<price_old>499</price_old>
			<currencyId>UAH</currencyId>
			<categoryId>50916</categoryId>
			<picture>https://ukrpodarok.com.ua/images/152297_0.jpg</picture>
			<vendor>UFT</vendor>
			<name>Cиликоновые чехлы бахилы для обуви с застежкой UFT S 38-39  WSS3 Black</name>
			<barcode>4820176280091</barcode>
			<stock_quantity>0</stock_quantity>
			<description>
				<![CDATA[<strong>UFT&nbsp;WSS3</strong>&nbsp;это непромокаемые чехлы, которые спасут вас в дождливую погоду и продлят срок службы обуви и сохранят их вид.<br /><br />Основным отличием данной модели является застежка на двух кнопках<br />Чехлы черные, полупрозраные. Достаточно высокие, так что вам не страшны даже глубоке лужи или проливной дождь.<br /><br />Силиконовые бахилы&nbsp;занимают совсем мало места в ваше сумке или рюкзаке, и в любой момент уберегут вашу обувь от намокания, их&nbsp;можно взять с собой в поход или на рыбалку.<br />В комплекте полиетиленовый мешочек для хранения.]]>
			</description>
			<param name="Размер"><![CDATA[38; 39]]></param>
			<param name="Назначение"><![CDATA[Для туризма]]></param>
			<param name="Тип"><![CDATA[Чехлы-бахилы]]></param>
			<param name="Материал"><![CDATA[Резина]]></param>
			<param name="Сезон"><![CDATA[Весенне-летняя; Летние; Осенне-весенняя]]></param>
			<param name="Цвет"><![CDATA[Черный]]></param>
			<param name="Категория"><![CDATA[Для взролых]]></param>
			<param name="Страна регистрации бренда"><![CDATA[Украина]]></param>
			<param name="Бренд"><![CDATA[UFT]]></param>
			<param name="Гарантия"><![CDATA[14 дней]]></param>
			<param name="Наличие"><![CDATA[нет]]></param>
			<param name="вес в упаковке кг"><![CDATA[0.17]]></param>
			<param name="высота в упаковке см"><![CDATA[10]]></param>
			<param name="глубина в упаковке см"><![CDATA[10]]></param>
			<param name="ширина в упаковке см"><![CDATA[3]]></param>
			<param name="количество грузовых мест"><![CDATA[1]]></param>
			<param name="штрихкод"><![CDATA[4820176280091]]></param>
		</offer>
		<offer id="CGWSS2MBlack" available="false">
			<url>https://ukrpodarok.com.ua/cilikonovie-chehli-bahili-dlya-obuvi-s-molniei-m-38-41-uft-wss2-black.html</url>
			<price>379</price>
			<price_old>415</price_old>
			<price_promo>322</price_promo>
			<currencyId>UAH</currencyId>
			<categoryId>50916</categoryId>
			<picture>https://ukrpodarok.com.ua/images/152307_0.jpg</picture>
			<picture>https://ukrpodarok.com.ua/images/152307_100262.jpg</picture>
			<picture>https://ukrpodarok.com.ua/images/152307_100263.jpg</picture>
			<vendor>UFT</vendor>
			<name>Cиликоновые чехлы бахилы для обуви с молнией M 38-41 UFT WSS2 Black</name>
			<barcode>4820176280121</barcode>
			<stock_quantity>0</stock_quantity>
			<description>
				<![CDATA[<strong>UFT&nbsp;WSS2</strong>&nbsp;это непромокаемые чехлы, которые спасут вас в дождливую погоду и продлят срок службы обуви и сохранят их вид.<br /><br />Основным отличием данной модели является молния, с которой намного удобнее надевать бахилы на обувь.<br /><br />Силиконовые бахилы&nbsp;занимают совсем мало места в ваше сумке или рюкзаке, и в любой момент уберегут вашу обувь от намокания, их&nbsp;можно взять с собой в поход или на рыбалку.<br />В комплекте полиетиленовый мешочек для хранения.<br />Длина стопы бахил 25см, тянутся до 27см]]>
			</description>
			<param name="Размер"><![CDATA[38; 39; 40; 41]]></param>
			<param name="Назначение"><![CDATA[Для повседневной носки]]></param>
			<param name="Тип"><![CDATA[Чехлы-бахилы]]></param>
			<param name="Материал"><![CDATA[Резина]]></param>
			<param name="Сезон"><![CDATA[Весенне-летняя; Летние; Осенне-весенняя]]></param>
			<param name="Цвет"><![CDATA[Черный]]></param>
			<param name="Страна регистрации бренда"><![CDATA[Украина]]></param>
			<param name="Бренд"><![CDATA[UFT]]></param>
			<param name="Гарантия"><![CDATA[14 дней]]></param>
			<param name="Наличие"><![CDATA[нет]]></param>
			<param name="вес в упаковке кг"><![CDATA[0.17]]></param>
			<param name="высота в упаковке см"><![CDATA[15]]></param>
			<param name="глубина в упаковке см"><![CDATA[10]]></param>
			<param name="ширина в упаковке см"><![CDATA[2]]></param>
			<param name="количество грузовых мест"><![CDATA[1]]></param>
			<param name="штрихкод"><![CDATA[4820176280121]]></param>
		</offer>
		<offer id="CGWSS2MWhite" available="false">
			<url>https://ukrpodarok.com.ua/cilikonovie-chehli-bahili-dlya-obuvi-s-molniei-m-38-41-uft-wss2-white.html</url>
			<price>265</price>
			<price_old>399</price_old>
			<price_promo>223</price_promo>
			<currencyId>UAH</currencyId>
			<categoryId>50916</categoryId>
			<picture>https://ukrpodarok.com.ua/images/152304_0.jpg</picture>
			<picture>https://ukrpodarok.com.ua/images/152304_100259.jpg</picture>
			<vendor>UFT</vendor>
			<name>Cиликоновые чехлы бахилы для обуви с молнией M 38-41 UFT WSS2 White</name>
			<barcode>4820176280152</barcode>
			<stock_quantity>0</stock_quantity>
			<description>
				<![CDATA[<strong>UFT&nbsp;WSS2</strong>&nbsp;это непромокаемые чехлы, которые спасут вас в дождливую погоду и продлят срок службы обуви и сохранят их вид.<br /><br />Основным отличием данной модели является молния, с которой намного удобнее надевать бахилы на обувь.<br /><br />Силиконовые бахилы&nbsp;занимают совсем мало места в ваше сумке или рюкзаке, и в любой момент уберегут вашу обувь от намокания, их&nbsp;можно взять с собой в поход или на рыбалку.<br />В комплекте полиетиленовый мешочек для хранения.<br />Длина стопы бахил 25см, тянутся до 27см<br />]]>
			</description>
			<param name="Размер"><![CDATA[38; 39; 40; 41]]></param>
			<param name="Назначение"><![CDATA[Для повседневной носки]]></param>
			<param name="Тип"><![CDATA[Чехлы-бахилы]]></param>
			<param name="Материал"><![CDATA[Резина]]></param>
			<param name="Сезон"><![CDATA[Весенне-летняя; Летние; Осенне-весенняя]]></param>
			<param name="Цвет"><![CDATA[Белый]]></param>
			<param name="Страна регистрации бренда"><![CDATA[Украина]]></param>
			<param name="Гарантия"><![CDATA[14 дней]]></param>
			<param name="Бренд"><![CDATA[UFT]]></param>
			<param name="Наличие"><![CDATA[нет]]></param>
			<param name="вес в упаковке кг"><![CDATA[0.17]]></param>
			<param name="высота в упаковке см"><![CDATA[15]]></param>
			<param name="глубина в упаковке см"><![CDATA[10]]></param>
			<param name="ширина в упаковке см"><![CDATA[2]]></param>
			<param name="количество грузовых мест"><![CDATA[1]]></param>
			<param name="штрихкод"><![CDATA[4820176280152]]></param>
		</offer>
		<offer id="CGWSS2SBlack" available="false">
			<url>https://ukrpodarok.com.ua/cilikonovie-chehli-bahili-dlya-obuvi-s-molniei-s-32-35-uft-wss2-black.html</url>
			<price>299</price>
			<price_old>345</price_old>
			<currencyId>UAH</currencyId>
			<categoryId>50916</categoryId>
			<picture>https://ukrpodarok.com.ua/images/152305_0.jpg</picture>
			<picture>https://ukrpodarok.com.ua/images/152305_100260.jpg</picture>
			<vendor>UFT</vendor>
			<name>Cиликоновые чехлы бахилы для обуви с молнией S 32-35 UFT WSS2 Black</name>
			<barcode>4820176280138</barcode>
			<stock_quantity>0</stock_quantity>
			<description>
				<![CDATA[<strong>UFT&nbsp;WSS2</strong>&nbsp;это непромокаемые чехлы, которые спасут вас в дождливую погоду и продлят срок службы обуви и сохранят их вид.<br /><br />Основным отличием данной модели является молния, с которой намного удобнее надевать бахилы на обувь.<br /><br />Силиконовые бахилы&nbsp;занимают совсем мало места в ваше сумке или рюкзаке, и в любой момент уберегут вашу обувь от намокания, их&nbsp;можно взять с собой в поход или на рыбалку.<br />В комплекте полиетиленовый мешочек для хранения.<br />Длина стопы бахил 21см, тянутся до 25см<br />]]>
			</description>
			<param name="Размер"><![CDATA[32; 33; 34; 35]]></param>
			<param name="Назначение"><![CDATA[Для повседневной носки]]></param>
			<param name="Тип"><![CDATA[Чехлы-бахилы]]></param>
			<param name="Материал"><![CDATA[Резина]]></param>
			<param name="Сезон"><![CDATA[Весенне-летняя; Летние; Осенне-весенняя]]></param>
			<param name="Цвет"><![CDATA[Черный]]></param>
			<param name="Страна регистрации бренда"><![CDATA[Украина]]></param>
			<param name="Бренд"><![CDATA[UFT]]></param>
			<param name="Гарантия"><![CDATA[14 дней]]></param>
			<param name="Наличие"><![CDATA[нет]]></param>
			<param name="вес в упаковке кг"><![CDATA[0.17]]></param>
			<param name="высота в упаковке см"><![CDATA[15]]></param>
			<param name="глубина в упаковке см"><![CDATA[10]]></param>
			<param name="ширина в упаковке см"><![CDATA[2]]></param>
			<param name="количество грузовых мест"><![CDATA[1]]></param>
			<param name="штрихкод"><![CDATA[4820176280138]]></param>
		</offer>
		<offer id="CGWSS2SWhite" available="true">
			<url>https://ukrpodarok.com.ua/cilikonovie-chehli-bahili-dlya-obuvi-s-molniei-s-32-35-uft-wss2-white.html</url>
			<price>277</price>
			<price_old>367</price_old>
			<price_promo>219</price_promo>
			<currencyId>UAH</currencyId>
			<categoryId>50916</categoryId>
			<picture>https://ukrpodarok.com.ua/images/152308_0.jpg</picture>
			<picture>https://ukrpodarok.com.ua/images/152308_100264.jpg</picture>
			<vendor>UFT</vendor>
			<name>Cиликоновые чехлы бахилы для обуви с молнией S 32-35 UFT WSS2 White</name>
			<barcode>4820176280169</barcode>
			<stock_quantity>10</stock_quantity>
			<description>
				<![CDATA[<strong>UFT&nbsp;</strong><strong>WSS2</strong>&nbsp;это непромокаемые чехлы, которые спасут вас в дождливую погоду и продлят срок службы обуви и сохранят их вид.<br /><br />Основным отличием данной модели является молния, с которой намного удобнее надевать бахилы на обувь.<br /><br />Силиконовые бахилы&nbsp;занимают совсем мало места в ваше сумке или рюкзаке, и в любой момент уберегут вашу обувь от намокания, их&nbsp;можно взять с собой в поход или на рыбалку.<br />В комплекте полиетиленовый мешочек для хранения.<br />Длина стопы бахил 21см, тянутся до 25см]]>
			</description>
			<param name="Размер"><![CDATA[32; 33; 34; 35]]></param>
			<param name="Назначение"><![CDATA[Для повседневной носки]]></param>
			<param name="Тип"><![CDATA[Чехлы-бахилы]]></param>
			<param name="Материал"><![CDATA[Резина]]></param>
			<param name="Сезон"><![CDATA[Весенне-летняя; Летние; Осенне-весенняя]]></param>
			<param name="Цвет"><![CDATA[Белый]]></param>
			<param name="Страна регистрации бренда"><![CDATA[Украина]]></param>
			<param name="Бренд"><![CDATA[UFT]]></param>
			<param name="Гарантия"><![CDATA[14 дней]]></param>
			<param name="Наличие"><![CDATA[есть]]></param>
			<param name="вес в упаковке кг"><![CDATA[0.17]]></param>
			<param name="высота в упаковке см"><![CDATA[15]]></param>
			<param name="глубина в упаковке см"><![CDATA[10]]></param>
			<param name="ширина в упаковке см"><![CDATA[2]]></param>
			<param name="количество грузовых мест"><![CDATA[1]]></param>
			<param name="штрихкод"><![CDATA[4820176280169]]></param>
		</offer>
		<offer id="CGWSS2LWhite" available="false">
			<url>https://ukrpodarok.com.ua/cilikonovie-chehli-bahili-s-molniei-dlya-obuvi-l-41-43-uft-wss2-white.html</url>
			<price>319</price>
			<price_old>369</price_old>
			<currencyId>UAH</currencyId>
			<categoryId>50916</categoryId>
			<picture>https://ukrpodarok.com.ua/images/152303_0.jpg</picture>
			<picture>https://ukrpodarok.com.ua/images/152303_100258.jpg</picture>
			<vendor>UFT</vendor>
			<name>Cиликоновые чехлы бахилы с молнией для обуви L 41-43 UFT WSS2 White</name>
			<barcode>4820176280145</barcode>
			<stock_quantity>0</stock_quantity>
			<description>
				<![CDATA[<strong>UFT&nbsp;WSS2</strong>&nbsp;это непромокаемые чехлы, которые спасут вас в дождливую погоду и продлят срок службы обуви и сохранят их вид.<br /><br />Основным отличием данной модели является молния, с которой намного удобнее надевать бахилы на обувь.<br /><br />Силиконовые бахилы&nbsp;занимают совсем мало места в ваше сумке или рюкзаке, и в любой момент уберегут вашу обувь от намокания, их&nbsp;можно взять с собой в поход или на рыбалку.<br />В комплекте полиетиленовый мешочек для хранения.<br />Длина стопы бахил 28см, тянутся до&nbsp;31см.<br />]]>
			</description>
			<param name="Размер"><![CDATA[41; 42; 43]]></param>
			<param name="Назначение"><![CDATA[Для туризма]]></param>
			<param name="Тип"><![CDATA[Чехлы-бахилы]]></param>
			<param name="Материал"><![CDATA[Резина]]></param>
			<param name="Сезон"><![CDATA[Весенне-летняя; Летние; Осенне-весенняя]]></param>
			<param name="Категория"><![CDATA[Для взрослых]]></param>
			<param name="Цвет"><![CDATA[Белый]]></param>
			<param name="Особенности"><![CDATA[С молнией]]></param>
			<param name="Температурный диапазон"><![CDATA[От +5&amp;deg;C до +30&amp;deg;C]]></param>
			<param name="Страна регистрации бренда"><![CDATA[Украина]]></param>
			<param name="Бренд"><![CDATA[UFT]]></param>
			<param name="Гарантия"><![CDATA[14 дней]]></param>
			<param name="Наличие"><![CDATA[нет]]></param>
			<param name="вес в упаковке кг"><![CDATA[0.17]]></param>
			<param name="высота в упаковке см"><![CDATA[15]]></param>
			<param name="глубина в упаковке см"><![CDATA[10]]></param>
			<param name="ширина в упаковке см"><![CDATA[2]]></param>
			<param name="количество грузовых мест"><![CDATA[1]]></param>
			<param name="штрихкод"><![CDATA[4820176280145]]></param>
		</offer>
		<offer id="CGWSS3XLWhite" available="false">
			<url>https://ukrpodarok.com.ua/cilikonovie-chehli-bahili-dlya-obuvi-s-zastezhkami-xl-44-45-uft-wss3-white.html</url>
			<price>355</price>
			<price_old>499</price_old>
			<currencyId>UAH</currencyId>
			<categoryId>50916</categoryId>
			<picture>https://ukrpodarok.com.ua/images/152299_0.jpg</picture>
			<picture>https://ukrpodarok.com.ua/images/152299_100251.jpg</picture>
			<vendor>UFT</vendor>
			<name>Cиликоновые чехлы-бахилы для обуви с застежками XL 44-45 UFT WSS3 White</name>
			<barcode>4820176280381</barcode>
			<stock_quantity>0</stock_quantity>
			<description>
				<![CDATA[<strong>UFT WSS3</strong>&nbsp;это непромокаемые чехлы, которые спасут вас в дождливую погоду и продлят срок службы обуви и сохранят их вид.<br /><br />Основным отличием данной модели является застежка на двух кнопках<br />Чехлы черные, полупрозраные. Достаточно высокие, так что вам не страшны даже глубоке лужи или проливной дождь.<br /><br />Силиконовые бахилы&nbsp;занимают совсем мало места в ваше сумке или рюкзаке, и в любой момент уберегут вашу обувь от намокания, их&nbsp;можно взять с собой в поход или на рыбалку.<br />В комплекте полиетиленовый мешочек для хранения.<br />]]>
			</description>
			<param name="Размер"><![CDATA[44; 45]]></param>
			<param name="Назначение"><![CDATA[Для повседневной носки]]></param>
			<param name="Тип"><![CDATA[Чехлы-бахилы]]></param>
			<param name="Материал"><![CDATA[Резина]]></param>
			<param name="Сезон"><![CDATA[Весенне-летняя; Летние; Осенне-весенняя]]></param>
			<param name="Категория"><![CDATA[Для взрослых]]></param>
			<param name="Цвет"><![CDATA[Белый]]></param>
			<param name="Страна регистрации бренда"><![CDATA[Украина]]></param>
			<param name="Бренд"><![CDATA[UFT]]></param>
			<param name="Гарантия"><![CDATA[14 дней]]></param>
			<param name="Наличие"><![CDATA[нет]]></param>
			<param name="вес в упаковке кг"><![CDATA[0.17]]></param>
			<param name="высота в упаковке см"><![CDATA[10]]></param>
			<param name="глубина в упаковке см"><![CDATA[10]]></param>
			<param name="ширина в упаковке см"><![CDATA[3]]></param>
			<param name="количество грузовых мест"><![CDATA[1]]></param>
			<param name="штрихкод"><![CDATA[4820176280381]]></param>
		</offer>
		<offer id="CGWSS3LWhite" available="true">
			<url>https://ukrpodarok.com.ua/cilikonovie-chehli-bahili-dlya-obuvi-s-zastezhkoi-l-42-43-uft-wss3-white.html</url>
			<price>377</price>
			<price_old>449</price_old>
			<currencyId>UAH</currencyId>
			<categoryId>50916</categoryId>
			<picture>https://ukrpodarok.com.ua/images/152301_0.jpg</picture>
			<picture>https://ukrpodarok.com.ua/images/152301_100256.jpg</picture>
			<vendor>UFT</vendor>
			<name>Cиликоновые чехлы-бахилы для обуви с застежкой L 42-43 UFT WSS3 White</name>
			<barcode>4820176280367</barcode>
			<stock_quantity>50</stock_quantity>
			<description>
				<![CDATA[<strong>UFT&nbsp;WSS3</strong>&nbsp;это непромокаемые чехлы, которые спасут вас в дождливую погоду и продлят срок службы обуви и сохранят их вид.<br /><br />Основным отличием данной модели является застежка на двух кнопках<br />Чехлы черные, полупрозраные. Достаточно высокие, так что вам не страшны даже глубоке лужи или проливной дождь.<br /><br />Силиконовые бахилы&nbsp;занимают совсем мало места в ваше сумке или рюкзаке, и в любой момент уберегут вашу обувь от намокания, их&nbsp;можно взять с собой в поход или на рыбалку.<br />В комплекте полиетиленовый мешочек для хранения.]]>
			</description>
			<param name="Размер"><![CDATA[42; 43]]></param>
			<param name="Назначение"><![CDATA[Для повседневной носки]]></param>
			<param name="Тип"><![CDATA[Чехлы-бахилы]]></param>
			<param name="Материал"><![CDATA[Резина]]></param>
			<param name="Категория"><![CDATA[Для взрослых]]></param>
			<param name="Сезон"><![CDATA[Весенне-летняя; Летние; Осенне-весенняя]]></param>
			<param name="Цвет"><![CDATA[Белый]]></param>
			<param name="Страна регистрации бренда"><![CDATA[Украина]]></param>
			<param name="Бренд"><![CDATA[UFT]]></param>
			<param name="Гарантия"><![CDATA[14 дней]]></param>
			<param name="Наличие"><![CDATA[есть]]></param>
			<param name="вес в упаковке кг"><![CDATA[0.17]]></param>
			<param name="высота в упаковке см"><![CDATA[10]]></param>
			<param name="глубина в упаковке см"><![CDATA[10]]></param>
			<param name="ширина в упаковке см"><![CDATA[3]]></param>
			<param name="количество грузовых мест"><![CDATA[1]]></param>
			<param name="штрихкод"><![CDATA[4820176280367]]></param>
		</offer>
		<offer id="CGWSS3MWhite" available="false">
			<url>https://ukrpodarok.com.ua/cilikonovie-chehli-bahili-dlya-obuvi-s-zastezhkoi-m-40-41-uft-wss3-white.html</url>
			<price>355</price>
			<price_old>499</price_old>
			<currencyId>UAH</currencyId>
			<categoryId>50916</categoryId>
			<picture>https://ukrpodarok.com.ua/images/152298_0.jpg</picture>
			<picture>https://ukrpodarok.com.ua/images/152298_100250.jpg</picture>
			<vendor>UFT</vendor>
			<name>Cиликоновые чехлы-бахилы для обуви с застежкой M 40-41 UFT WSS3 White</name>
			<barcode>4820176280336</barcode>
			<stock_quantity>0</stock_quantity>
			<description>
				<![CDATA[<strong>UFT&nbsp;WSS3</strong>&nbsp;это непромокаемые чехлы, которые спасут вас в дождливую погоду и продлят срок службы обуви и сохранят их вид.<br /><br />Основным отличием данной модели является застежка на двух кнопках<br />Чехлы черные, полупрозраные. Достаточно высокие, так что вам не страшны даже глубоке лужи или проливной дождь.<br /><br />Силиконовые бахилы&nbsp;занимают совсем мало места в ваше сумке или рюкзаке, и в любой момент уберегут вашу обувь от намокания, их&nbsp;можно взять с собой в поход или на рыбалку.<br />В комплекте полиетиленовый мешочек для хранения.<br />]]>
			</description>
			<param name="Размер"><![CDATA[40; 41]]></param>
			<param name="Назначение"><![CDATA[Для туризма]]></param>
			<param name="Тип"><![CDATA[Чехлы-бахилы]]></param>
			<param name="Категория"><![CDATA[Для взрослых]]></param>
			<param name="Материал"><![CDATA[Резина]]></param>
			<param name="Сезон"><![CDATA[Весенне-летняя; Летние; Осенне-весенняя]]></param>
			<param name="Цвет"><![CDATA[Белый]]></param>
			<param name="Страна регистрации бренда"><![CDATA[Украина]]></param>
			<param name="Гарантія"><![CDATA[14 днів]]></param>
			<param name="Бренд"><![CDATA[UFT]]></param>
			<param name="Гарантия"><![CDATA[6 месяцев]]></param>
			<param name="Наличие"><![CDATA[нет]]></param>
			<param name="вес в упаковке кг"><![CDATA[0.17]]></param>
			<param name="высота в упаковке см"><![CDATA[10]]></param>
			<param name="глубина в упаковке см"><![CDATA[10]]></param>
			<param name="ширина в упаковке см"><![CDATA[3]]></param>
			<param name="количество грузовых мест"><![CDATA[1]]></param>
			<param name="штрихкод"><![CDATA[4820176280336]]></param>
		</offer>
		<offer id="CGSS3SWhite" available="true">
			<url>https://ukrpodarok.com.ua/cilikonovie-chehli-bahili-dlya-obuvi-s-zastezhkoi-s-38-39-uft-wss3-white.html</url>
			<price>399</price>
			<price_old>699</price_old>
			<currencyId>UAH</currencyId>
			<categoryId>50916</categoryId>
			<picture>https://ukrpodarok.com.ua/images/152302_0.jpg</picture>
			<picture>https://ukrpodarok.com.ua/images/152302_100257.jpg</picture>
			<vendor>UFT</vendor>
			<name>Cиликоновые чехлы-бахилы для обуви с застежкой S 38-39 UFT WSS3 White</name>
			<barcode>4820176280107</barcode>
			<stock_quantity>50</stock_quantity>
			<description>
				<![CDATA[<strong>WSS3</strong>&nbsp;это непромокаемые чехлы, которые спасут вас в дождливую погоду и продлят срок службы обуви и сохранят их вид.<br /><br />Основным отличием данной модели является застежка на двух кнопках<br />Чехлы черные, полупрозраные. Достаточно высокие, так что вам не страшны даже глубоке лужи или проливной дождь.<br /><br />Силиконовые бахилы&nbsp;занимают совсем мало места в ваше сумке или рюкзаке, и в любой момент уберегут вашу обувь от намокания, их&nbsp;можно взять с собой в поход или на рыбалку.<br />В комплекте полиетиленовый мешочек для хранения.<br />]]>
			</description>
			<param name="Размер"><![CDATA[38; 39]]></param>
			<param name="Назначение"><![CDATA[Для повседневной носки]]></param>
			<param name="Тип"><![CDATA[Чехлы-бахилы]]></param>
			<param name="Материал"><![CDATA[Резина]]></param>
			<param name="Сезон"><![CDATA[Весенне-летняя; Летние; Осенне-весенняя]]></param>
			<param name="Цвет"><![CDATA[Белый]]></param>
			<param name="Страна регистрации бренда"><![CDATA[Украина]]></param>
			<param name="Гарантия"><![CDATA[6 месяцев]]></param>
			<param name="Наличие"><![CDATA[есть]]></param>
			<param name="штрихкод"><![CDATA[4820176280107]]></param>
		</offer>
		<offer id="CGWSS3XL" available="false">
			<url>https://ukrpodarok.com.ua/cilikonovie-chehli-bahili-dlya-obuvi-s-zastezhkoi-xl-44-45-uft-wss3-black.html</url>
			<price>359</price>
			<price_old>499</price_old>
			<currencyId>UAH</currencyId>
			<categoryId>50916</categoryId>
			<picture>https://ukrpodarok.com.ua/images/152295_0.jpg</picture>
			<picture>https://ukrpodarok.com.ua/images/152295_100249.jpg</picture>
			<vendor>UFT</vendor>
			<name>Cиликоновые чехлы-бахилы для обуви с застежкой XL 44-45 UFT WSS3 Black</name>
			<barcode>4820176280374</barcode>
			<stock_quantity>0</stock_quantity>
			<description>
				<![CDATA[<strong>UFT&nbsp;WSS3</strong>&nbsp;это непромокаемые чехлы, которые спасут вас в дождливую погоду и продлят срок службы обуви и сохранят их вид.<br /><br />Основным отличием данной модели является застежка на двух кнопках<br />Чехлы черные, полупрозраные. Достаточно высокие, так что вам не страшны даже глубоке лужи или проливной дождь.<br /><br />Силиконовые бахилы&nbsp;занимают совсем мало места в ваше сумке или рюкзаке, и в любой момент уберегут вашу обувь от намокания, их&nbsp;можно взять с собой в поход или на рыбалку.<br />В комплекте полиетиленовый мешочек для хранения]]>
			</description>
			<param name="Размер"><![CDATA[44; 45]]></param>
			<param name="Назначение"><![CDATA[Для повседневной носки]]></param>
			<param name="Тип"><![CDATA[Чехлы-бахилы]]></param>
			<param name="Материал"><![CDATA[Резина]]></param>
			<param name="Категория"><![CDATA[Для взрослых]]></param>
			<param name="Сезон"><![CDATA[Весенне-летняя; Летние; Осенне-весенняя]]></param>
			<param name="Цвет"><![CDATA[Черный]]></param>
			<param name="Страна регистрации бренда"><![CDATA[Украина]]></param>
			<param name="Бренд"><![CDATA[UFT]]></param>
			<param name="Гарантия"><![CDATA[14 дней]]></param>
			<param name="Наличие"><![CDATA[нет]]></param>
			<param name="вес в упаковке кг"><![CDATA[0.17]]></param>
			<param name="высота в упаковке см"><![CDATA[10]]></param>
			<param name="глубина в упаковке см"><![CDATA[10]]></param>
			<param name="ширина в упаковке см"><![CDATA[3]]></param>
			<param name="количество грузовых мест"><![CDATA[1]]></param>
			<param name="штрихкод"><![CDATA[4820176280374]]></param>
		</offer>
		<offer id="CGWSS2LBlack" available="false">
			<url>https://ukrpodarok.com.ua/cilikonovie-chehli-bahili-dlya-obuvi-s-molniei-l-41-43-uft-wss2-black.html</url>
			<price>335</price>
			<price_old>449</price_old>
			<currencyId>UAH</currencyId>
			<categoryId>50916</categoryId>
			<picture>https://ukrpodarok.com.ua/images/152306_0.jpg</picture>
			<picture>https://ukrpodarok.com.ua/images/152306_100261.jpg</picture>
			<vendor>UFT</vendor>
			<name>Cиликоновые чехлы-бахилы для обуви с молнией L 41-43 UFT WSS2 Black</name>
			<barcode>4820176280114</barcode>
			<stock_quantity>0</stock_quantity>
			<description>
				<![CDATA[<strong>UFT&nbsp;WSS2</strong>&nbsp;это непромокаемые чехлы, которые спасут вас в дождливую погоду и продлят срок службы обуви и сохранят их вид.<br /><br />Основным отличием данной модели является молния, с которой намного удобнее надевать бахилы на обувь.<br /><br />Силиконовые бахилы&nbsp;занимают совсем мало места в ваше сумке или рюкзаке, и в любой момент уберегут вашу обувь от намокания, их&nbsp;можно взять с собой в поход или на рыбалку.<br />В комплекте полиетиленовый мешочек для хранения.<br />Длина стопы бахил 28см, тянутся до&nbsp;31см.]]>
			</description>
			<param name="Размер"><![CDATA[41; 42; 43]]></param>
			<param name="Назначение"><![CDATA[Для повседневной носки]]></param>
			<param name="Тип"><![CDATA[Чехлы-бахилы]]></param>
			<param name="Материал"><![CDATA[Резина]]></param>
			<param name="Сезон"><![CDATA[Весенне-летняя; Летние; Осенне-весенняя]]></param>
			<param name="Цвет"><![CDATA[Черный]]></param>
			<param name="Страна регистрации бренда"><![CDATA[Украина]]></param>
			<param name="Бренд"><![CDATA[UFT]]></param>
			<param name="Гарантия"><![CDATA[14 дней]]></param>
			<param name="Наличие"><![CDATA[нет]]></param>
			<param name="вес в упаковке кг"><![CDATA[0.17]]></param>
			<param name="высота в упаковке см"><![CDATA[15]]></param>
			<param name="глубина в упаковке см"><![CDATA[10]]></param>
			<param name="ширина в упаковке см"><![CDATA[2]]></param>
			<param name="количество грузовых мест"><![CDATA[1]]></param>
			<param name="штрихкод"><![CDATA[4820176280114]]></param>
		</offer>
		<offer id="TT26" available="true">
			<url>https://ukrpodarok.com.ua/ctolik-dlya-noutbuka-17-uft-t26-new-s-aktivnim-ohlazhdeniem.html</url>
			<price>2199</price>
			<price_old>2299</price_old>
			<currencyId>UAH</currencyId>
			<categoryId>1024</categoryId>
			<picture>https://ukrpodarok.com.ua/images/152381_0.jpg</picture>
			<picture>https://ukrpodarok.com.ua/images/152381_100908.jpg</picture>
			<picture>https://ukrpodarok.com.ua/images/152381_100907.jpg</picture>
			<picture>https://ukrpodarok.com.ua/images/152381_100906.jpg</picture>
			<picture>https://ukrpodarok.com.ua/images/152381_100905.jpg</picture>
			<picture>https://ukrpodarok.com.ua/images/152381_100904.jpg</picture>
			<picture>https://ukrpodarok.com.ua/images/152381_100909.jpg</picture>
			<picture>https://ukrpodarok.com.ua/images/152381_100910.jpg</picture>
			<picture>https://ukrpodarok.com.ua/images/152381_100911.jpg</picture>
			<picture>https://ukrpodarok.com.ua/images/152381_100912.jpg</picture>
			<picture>https://ukrpodarok.com.ua/images/152381_100913.jpg</picture>
			<vendor>UFT</vendor>
			<name>Cтолик для ноутбука 17&quot; UFT T26 NEW с активным охлаждением</name>
			<barcode></barcode>
			<stock_quantity>50</stock_quantity>
			<description>
				<![CDATA[Экологический складывающийся столик для ноутбука или планшетного компьютера принесет Вам массу комфорта и удовольствия от работы или отдыха. Отдельно от каркаса столешницы предусмотрена регулировка угла наклона столешницы для установки ноутбука или планшетного компьютера под разными углами для комфортного пользования. Также на площадке рядом с рабочей поверхностью столешницы предусмотрена подставка под чашечку c ароматным кофе или c тонизирующим чаем. Компания идет в ногу со временем - по-этому также на поверхности дополнительной площадки предусмотрено место для безопасного размещения Вашего смартфона при подзарядке от ноутбука или просто для фиксации. Также изменены элементы дизайна, все детали фиксации высоты столика выполнены из качественного хромированного металла, что в сочетании с теплыми оттенками натурального бамбука прекрасно и со вкусом дополняет интерьер.<br />Доступно 6 положений угла наклона.<br /><br />В сложенном виде: 540 х 350 х 50 мм;<br />Столешница: 540 х 350 мм;<br />Рабочая поверхность: 365 х 335 мм;<br />Подставка под мышку: 180 х 350 мм;<br />Предельная высота: 370 мм;<br />Длина одной секции ножки: 290 + 80 мм;]]>
			</description>
			<param name="Вид"><![CDATA[Столики]]></param>
			<param name="Охлаждение"><![CDATA[Активное]]></param>
			<param name="Материал"><![CDATA[Бамбук]]></param>
			<param name="Вентиляторы"><![CDATA[1, в комплекте USB кабель]]></param>
			<param name="Уровень шума"><![CDATA[5 дБА]]></param>
			<param name="Питание"><![CDATA[USB]]></param>
			<param name="Вес"><![CDATA[3.13 кг]]></param>
			<param name="Гарантия"><![CDATA[3 месяца]]></param>
			<param name="Бренд"><![CDATA[UFT]]></param>
			<param name="Страна регистрации бренда"><![CDATA[Украина]]></param>
			<param name="Наличие"><![CDATA[есть]]></param>
		</offer>
		<offer id="UFTT26" available="true">
			<url>https://ukrpodarok.com.ua/ctolik-dlya-noutbuku-uft-t26-17-z-aktivnim-oholodzhennyam.html</url>
			<price>1999</price>
			<price_old>2100</price_old>
			<currencyId>UAH</currencyId>
			<categoryId>1024</categoryId>
			<picture>https://ukrpodarok.com.ua/images/151859_0.jpg</picture>
			<picture>https://ukrpodarok.com.ua/images/52432_27126.jpg</picture>
			<picture>https://ukrpodarok.com.ua/images/151859_99761.jpg</picture>
			<picture>https://ukrpodarok.com.ua/images/52432_27125.jpg</picture>
			<picture>https://ukrpodarok.com.ua/images/151859_100410.jpg</picture>
			<picture>https://ukrpodarok.com.ua/images/151859_100411.jpg</picture>
			<picture>https://ukrpodarok.com.ua/images/151859_100412.jpg</picture>
			<picture>https://ukrpodarok.com.ua/images/151859_100413.jpg</picture>
			<picture>https://ukrpodarok.com.ua/images/151859_100414.jpg</picture>
			<vendor>UFT</vendor>
			<name>Cтолик для ноутбуку UFT T26 17&quot; з активним охолодженням</name>
			<barcode>4820176240088</barcode>
			<stock_quantity>50</stock_quantity>
			<description>
				<![CDATA[<p>Экологический складывающийся столик для ноутбука или планшетного компьютера принесет Вам массу комфорта и удовольствия от работы или отдыха. Отдельно от каркаса столешницы предусмотрена регулировка угла наклона столешницы для установки ноутбука или планшетного компьютера под разными углами для комфортного пользования. Также на площадке рядом с рабочей поверхностью столешницы предусмотрена подставка под чашечку c ароматным кофе или c тонизирующим чаем. Компания идет в ногу со временем - по-этому также на поверхности дополнительной площадки предусмотрено место для безопасного размещения Вашего смартфона при подзарядке от ноутбука или просто для фиксации. Также изменены элементы дизайна, все детали фиксации высоты столика выполнены из качественного хромированного металла, что в сочетании с теплыми оттенками натурального бамбука прекрасно и со вкусом дополняет интерьер.<br />Доступно 6 положений угла наклона.<br /><br />В сложенном виде: 540 х 350 х 50 мм;<br />Столешница: 540 х 350 мм;<br />Рабочая поверхность: 365 х 335 мм;<br />Подставка под мышку: 180 х 350 мм;<br />Предельная высота: 370 мм;<br />Длина одной секции ножки: 290 + 80 мм;<br /></p>]]>
			</description>
			<param name="Вид"><![CDATA[Столики]]></param>
			<param name="Охлаждение"><![CDATA[Активное]]></param>
			<param name="Материал"><![CDATA[Бамбук]]></param>
			<param name="Вентиляторы"><![CDATA[1, в комплекте USB кабель]]></param>
			<param name="Уровень шума"><![CDATA[5 дБА]]></param>
			<param name="Питание"><![CDATA[USB]]></param>
			<param name="Вес"><![CDATA[3.13 кг]]></param>
			<param name="Гарантия"><![CDATA[3 месяца]]></param>
			<param name="Бренд"><![CDATA[UFT]]></param>
			<param name="Страна регистрации бренда"><![CDATA[Украина]]></param>
			<param name="Наличие"><![CDATA[есть]]></param>
			<param name="вес в упаковке кг"><![CDATA[3.13]]></param>
			<param name="высота в упаковке см"><![CDATA[54]]></param>
			<param name="глубина в упаковке см"><![CDATA[35]]></param>
			<param name="ширина в упаковке см"><![CDATA[7]]></param>
			<param name="количество грузовых мест"><![CDATA[1]]></param>
			<param name="штрихкод"><![CDATA[4820176240088]]></param>
		</offer>
		<offer id="DELTAmax" available="false">
			<url>https://ukrpodarok.com.ua/ecoflow-delta-max-1600-vt-ch-portativnaya-elektrostantsiya-dlya-domashnego-rezervnogo-pitaniya-ili-kempinga.html</url>
			<price>34999</price>
			<price_old>79000</price_old>
			<currencyId>UAH</currencyId>
			<categoryId>152392</categoryId>
			<picture>https://ukrpodarok.com.ua/images/152398_0.jpg</picture>
			<picture>https://ukrpodarok.com.ua/images/152398_100863.jpg</picture>
			<picture>https://ukrpodarok.com.ua/images/152398_100864.jpg</picture>
			<picture>https://ukrpodarok.com.ua/images/152398_100862.jpg</picture>
			<vendor>ECOFLOW</vendor>
			<name>ECOFLOW DELTA max 1600 Вт·ч Портативная электростанция для домашнего резервного питания или кемпинга</name>
			<barcode>4820176281135</barcode>
			<stock_quantity>0</stock_quantity>
			<description>
				<![CDATA[Зарядная станция DELTA max от EcoFlow &ndash; это портативная зарядная станция, которая идеально подходит при веерных али аварийных отключениях. Кроме того Дельта&nbsp;max достаточно компактный, что позволяет брать его с собой туда где нет електрики.<br />Имеет&nbsp;4&nbsp;универсальные розетки, которые подходят для наших стандартных вилок без всяких переходников. Напряжение 220В&nbsp;подходит для всех классических бытовых приборов, таких как: холодильник, чайник, телевизор, ПК, ноутбук, роутер&nbsp;и многого другого.<br />  <p>Емкость DELTA&nbsp;max составляет 1600 Втч, и имеет на своем борту меет 4 универсальные розетки,&nbsp;2 USB Type C, 4 USB Type A, а так же гнездо прикуривателя, что позволяет подключать одновременно десяток приборов.</p>  <p>Благодаря литий-ионно-железо-фосфатному аккумулятору вы получите годы регулярного использования, пока не достигнете 80% своей первоначальной емкости.</p>  <p>Зарядка с 0 до 80% примерно за час. Технология X-Stream означает, что Дельта макс будет заряжатся в 7 раз быстрее, чем конкуренты.</p>  <p>Для получения доступа к бесплатной и экологичной энергии - подключите портативные солнечные панели и получите входную мощность до 500 Вт для зарядки в любом месте всего за 3 часа.</p>  <p>С помощью Wi-Fi вы можете управлять зарядной станцией используя приложение EcoFlow. Также, при отключении от сети, поддерживайте связь с помощью Bluetooth.</p>]]>
			</description>
			<param name="Тип аккумуляторов"><![CDATA[Li-ion.]]></param>
			<param name="Емкость аккумулятора мАч"><![CDATA[440000]]></param>
			<param name="Выходные интерфейсы"><![CDATA[USB Type A;USB Type C;Розетка 220 В;]]></param>
			<param name="Вес"><![CDATA[22 кг]]></param>
			<param name="Цвет"><![CDATA[Черно-серый]]></param>
			<param name="Гарантия"><![CDATA[6 месяцев]]></param>
			<param name="Наличие"><![CDATA[нет]]></param>
			<param name="вес в упаковке кг"><![CDATA[22]]></param>
			<param name="высота в упаковке см"><![CDATA[30]]></param>
			<param name="глубина в упаковке см"><![CDATA[49]]></param>
			<param name="ширина в упаковке см"><![CDATA[24]]></param>
			<param name="количество грузовых мест"><![CDATA[1]]></param>
			<param name="штрихкод"><![CDATA[4820176281135]]></param>
			<param name="гарантия"><![CDATA[6 месяцев]]></param>
		</offer>
		<offer id="DELTA2" available="false">
			<url>https://ukrpodarok.com.ua/ecoflow-delta2-1024-vt-ch-portativnaya-elektrostantsiya-dlya-domashnego-rezervnogo-pitaniya-ili-kempinga.html</url>
			<price>27900</price>
			<price_old>69000</price_old>
			<currencyId>UAH</currencyId>
			<categoryId>152392</categoryId>
			<picture>https://ukrpodarok.com.ua/images/152390_0.jpg</picture>
			<picture>https://ukrpodarok.com.ua/images/152390_100849.jpg</picture>
			<picture>https://ukrpodarok.com.ua/images/152390_100848.jpg</picture>
			<picture>https://ukrpodarok.com.ua/images/152390_100847.jpg</picture>
			<picture>https://ukrpodarok.com.ua/images/152390_100846.jpg</picture>
			<picture>https://ukrpodarok.com.ua/images/152390_100850.jpg</picture>
			<picture>https://ukrpodarok.com.ua/images/152390_100851.jpg</picture>
			<vendor>ECOFLOW</vendor>
			<name>ECOFLOW DELTA2 1024 Вт·ч Портативная электростанция для домашнего резервного питания или кемпинга</name>
			<barcode>4820176281128</barcode>
			<stock_quantity>0</stock_quantity>
			<description>
				<![CDATA[Зарядная станция DELTA 2 от EcoFlow &ndash; это портативная зарядная станция, которая идеально подходит при веерных али аварийных отключениях. Кроме того Дельта 2 достаточно компактный, что позволяет брать его с собой туда где нет електрики.<br />Имеет&nbsp;4&nbsp;универсальные розетки, которые подходят для наших стандартных вилок без всяких переходников. Напряжение 220В&nbsp;подходит для всех классических бытовых приборов, таких как: холодильник, чайник, телевизор, ПК, ноутбук, роутер&nbsp;и многого другого.<br /><br />  <p>Емкость DELTA 2 составляет 1024 Втч. Ее можно увеличить вдвое, подключив еще одно устройство&nbsp;DELTA 2, или добавьте дополнительную батарею Delta Max, чтобы получить 3040 Втч.</p>  <p>Благодаря литий-ионно-железо-фосфатному аккумулятору вы получите годы регулярного использования, пока не достигнете 80% своей первоначальной емкости.</p>  <p>Зарядка с 0 до 80% примерно за 50 минут. Технология X-Stream означает, что DELTA 2 будет заряжатся в 7 раз быстрее, чем конкуренты.</p>  <p>С выходной мощностью переменного тока 1800 Вт вы можете питать более 90% ваших бытовых приборов. Попробуйте подключить до 15 устройств одновременно, когда вы сидите за столом с семьей. В отличие от других брендов, DELTA 2 может предотвратить перегрузку устройств мощностью до 2400 Вт благодаря технологии X-Boost.<br /><br />Для зарядки от сети можно использовать стандартный кабель для ПК 10А, 250В. В комплекте имется кабель с типом вилки I, с европейской вилкой необходимо приобрести отдельно.<br />Кроме того в компекте есть кабель для зарядки станции от прикуривателя авто.</p>  <p>Для получения доступа к бесплатной и экологичной энергии - подключите портативные солнечные панели и получите входную мощность до 500 Вт для зарядки в любом месте всего за 3 часа.<br /><br /></p>  <p>С помощью Wi-Fi вы можете управлять зарядной станцией используя приложение EcoFlow. Также, при отключении от сети, поддерживайте связь с помощью Bluetooth.<br />Доставка товара - 2-5 дней по Украине.<br /><br /></p>]]>
			</description>
			<param name="Тип аккумуляторов"><![CDATA[Литий-железо-фосфатные (LiFePO4)]]></param>
			<param name="Выходные интерфейсы"><![CDATA[USB Type A;USB Type C;Розетка 220 В;]]></param>
			<param name="Вес"><![CDATA[14 кг]]></param>
			<param name="Цвет"><![CDATA[Черно-серый]]></param>
			<param name="Гарантия"><![CDATA[6 месяцев]]></param>
			<param name="Наличие"><![CDATA[нет]]></param>
			<param name="вес в упаковке кг"><![CDATA[14]]></param>
			<param name="высота в упаковке см"><![CDATA[42]]></param>
			<param name="глубина в упаковке см"><![CDATA[22]]></param>
			<param name="ширина в упаковке см"><![CDATA[29]]></param>
			<param name="количество грузовых мест"><![CDATA[1]]></param>
			<param name="штрихкод"><![CDATA[4820176281128]]></param>
			<param name="гарантия"><![CDATA[6 місяців]]></param>
		</offer>
		<offer id="ECOFLOWRIVERPRO" available="false">
			<url>https://ukrpodarok.com.ua/ecoflow-river-pro-720-vt-ch-portativnaya-elektrostantsiya-dlya-domashnego-rezervnogo-pitaniya-ili-kempinga.html</url>
			<price>20100</price>
			<price_old>49000</price_old>
			<currencyId>UAH</currencyId>
			<categoryId>152392</categoryId>
			<picture>https://ukrpodarok.com.ua/images/152395_0.jpg</picture>
			<picture>https://ukrpodarok.com.ua/images/152395_100840.jpg</picture>
			<picture>https://ukrpodarok.com.ua/images/152395_100898.jpg</picture>
			<picture>https://ukrpodarok.com.ua/images/152395_100841.jpg</picture>
			<picture>https://ukrpodarok.com.ua/images/152395_100842.jpg</picture>
			<picture>https://ukrpodarok.com.ua/images/152395_100843.jpg</picture>
			<picture>https://ukrpodarok.com.ua/images/152395_100844.jpg</picture>
			<picture>https://ukrpodarok.com.ua/images/152395_100845.jpg</picture>
			<picture>https://ukrpodarok.com.ua/images/152395_100900.jpg</picture>
			<picture>https://ukrpodarok.com.ua/images/152395_100901.jpg</picture>
			<picture>https://ukrpodarok.com.ua/images/152395_100902.jpg</picture>
			<picture>https://ukrpodarok.com.ua/images/152395_100903.jpg</picture>
			<vendor>ECOFLOW</vendor>
			<name>ECOFLOW RIVER Pro 720 Вт/ч Портативная электростанция для домашнего резервного питания или кемпинга</name>
			<barcode>4820176281111</barcode>
			<stock_quantity>0</stock_quantity>
			<description>
				<![CDATA[Зарядна станція RIVER Pro від EcoFlow &ndash; це портативна зарядна станція, яка ідеально підходить при віялових або аварійних відключеннях. Крім того Рівер досить компактний, що дозволяє брати його з собою туди де немає електрики.<br />Має 2 універсальні розетки, які підходять для наших стандартних розеток без всіляких перехідників. Напруга так само підходить до усіх класичних побутових приладів, таких як: холодильник, чайник, телевізор, ПК, ноутбук, роутер, та багато іншого.<br /><br />  <p>Місткість RIVER Pro складає 720 Втч, що дозволяє легко живити до 9 пристроїв одночасно, а якщо це необхідно, ви можете подвоїти її за допомогою додаткової батареї</p>  <p>Завдяки літій-іонному акумулятору ви отримаєте&nbsp;кілька років регулярного використання, поки не досягнете 80% своєї початкової ємності.</p>  <p>Завдяки технології X-Stream Recharge EcoFlow RIVER PRO здатний заряджатися від нуля до 80% за 1 годину, а до повної зарядки &ndash; за 1,6 години від розетки та за 4-8 годин від сонячної панелі (за умови сонячної погоди).<br /><br />Крім того в комплекті є кабель, за допомогою якого можна заряджати станцію від автомобільного прикурювача.<br /><br />За допомогою Wi-Fi ви можете керувати зарядною станцією за допомогою програми EcoFlow.&nbsp;Також, під час відключення від мережі, підтримуйте зв'язок за допомогою Bluetooth.<br />Гарантія - 6 місяців.<br /><br />Комплектація:<br />-Портативна електростанція&nbsp;ECOFLOW RIVER Pro;<br />-Кабель DC5521-DC5525;<br />-Кабель для заряджання змінного струму довжиною 1,5 м(для євророзетки перехідник в комплектацію не входить);<br />-Автомобільний кабель зарядний 1,5 м;<br />-Інструкція;<br />-Упакування;</p>]]>
			</description>
			<param name="Тип акумуляторів"><![CDATA[Літій-іонні (Li-ion)]]></param>
			<param name="Функції зарядки"><![CDATA[QC швидка зарядка 2.0;Стандартна;]]></param>
			<param name="Вихідна сила струму, А"><![CDATA[2]]></param>
			<param name="Вихідна напруга, В"><![CDATA[100]]></param>
			<param name="Вхідна напруга, В"><![CDATA[220]]></param>
			<param name="Вхідний струм, А"><![CDATA[2.4A]]></param>
			<param name="Вага"><![CDATA[7,5]]></param>
			<param name="Країнавиробник товару"><![CDATA[Китай]]></param>
			<param name="Колір"><![CDATA[Чорний]]></param>
			<param name="Гарантия"><![CDATA[6 месяцев]]></param>
			<param name="Наличие"><![CDATA[нет]]></param>
			<param name="вес в упаковке кг"><![CDATA[7.6]]></param>
			<param name="высота в упаковке см"><![CDATA[24]]></param>
			<param name="глубина в упаковке см"><![CDATA[19]]></param>
			<param name="ширина в упаковке см"><![CDATA[30]]></param>
			<param name="количество грузовых мест"><![CDATA[1]]></param>
			<param name="штрихкод"><![CDATA[4820176281111]]></param>
			<param name="гарантия"><![CDATA[6 місяців]]></param>
		</offer>
		<offer id="CGLS02" available="true">
			<url>https://ukrpodarok.com.ua/led-lenta-svetodiodnaya-rgb-3m-pult-blok-pitaniya-kontroller-uft-ls02.html</url>
			<price>677</price>
			<price_old>799</price_old>
			<currencyId>UAH</currencyId>
			<categoryId>152207</categoryId>
			<picture>https://ukrpodarok.com.ua/images/152206_0.jpg</picture>
			<picture>https://ukrpodarok.com.ua/images/152206_99964.jpg</picture>
			<vendor>UFT</vendor>
			<name>LED лента светодиодная RGB 3м + пульт + блок питания + контроллер UFT LS02</name>
			<barcode>8000000028839</barcode>
			<stock_quantity>50</stock_quantity>
			<description>
				<![CDATA[UFT&nbsp;LS02 -&nbsp;это гибкая лента со встроенными RGB светодиодами, накручена на "бабину", для удобной транспортировки.<br />Ленту можно использовать&nbsp;для украшения любых элементов в&nbsp;доме.&nbsp;Например можно украсить потолок, шкаф, стол, окно и т.д. Кроме того лента отлично смотриться как подсветка для монитора&nbsp;или телевизора.<br />Размещая ленту на улице, необходимо убедиться что бы небыло прямого контакта с&nbsp;водой.<br /><br />Светодиодная лента&nbsp;PVC 3528 60 LED&nbsp;имеет цветопередачу RGB.&nbsp;Смешивая три основных цвета можно достичь практически любого оттенка, например: - Красный; - Желтый; - Зеленый; - Синий; - Белый; Фиолетовый и т.д.<br /><br />В комплекте с ЛЕД лентой поставляестя пульт ДУ при помощи которого можно изменять цвет, а так же режим переливания&nbsp;(простое быстрое мерцание, "стробоскопичесий эффект", свечение, плавное мягкое мигание).<br /><br />Длина&nbsp;<strong>LED RGB ленты</strong>&nbsp;3 метров, с одной стороны располагаются 60 светодиодов, а с обратной - липкая основа, с помощью которой ленту удобно монтировать на любые поверхности, предварительно протерев и обезжирив.<br /><br />Питание от адаптера питания 12В (поставляестя в комплекте)]]>
			</description>
			<param name="Источник питания"><![CDATA[От сети]]></param>
			<param name="Цвет свечения"><![CDATA[RGB]]></param>
			<param name="Класс защиты IP"><![CDATA[65]]></param>
			<param name="Тип свечения"><![CDATA[Фронтальное]]></param>
			<param name="Количество диодов на метр"><![CDATA[54]]></param>
			<param name="Длина, м"><![CDATA[3]]></param>
			<param name="Количество цветов"><![CDATA[RGB]]></param>
			<param name="Цвет основы"><![CDATA[Белый]]></param>
			<param name="Мощность, Втм"><![CDATA[2,88]]></param>
			<param name="Страна регистрации бренда"><![CDATA[Украина]]></param>
			<param name="Гарантия"><![CDATA[1 месяц]]></param>
			<param name="Наличие"><![CDATA[есть]]></param>
			<param name="вес в упаковке кг"><![CDATA[0.2]]></param>
			<param name="высота в упаковке см"><![CDATA[12]]></param>
			<param name="глубина в упаковке см"><![CDATA[12]]></param>
			<param name="ширина в упаковке см"><![CDATA[12]]></param>
			<param name="количество грузовых мест"><![CDATA[1]]></param>
			<param name="штрихкод"><![CDATA[8000000028839]]></param>
		</offer>
		<offer id="CGUL105" available="true">
			<url>https://ukrpodarok.com.ua/led-naushniki-edinorog-geimerskie-dlya-detei-provodnie-uft-ul105.html</url>
			<price>944</price>
			<price_old>1199</price_old>
			<currencyId>UAH</currencyId>
			<categoryId>51055</categoryId>
			<picture>https://ukrpodarok.com.ua/images/151679_0.jpg</picture>
			<picture>https://ukrpodarok.com.ua/images/151679_100693.jpg</picture>
			<picture>https://ukrpodarok.com.ua/images/151679_100694.jpg</picture>
			<vendor>UFT</vendor>
			<name>LED наушники единорог геймерские для детей проводные UFT UL105</name>
			<barcode>4820176256201</barcode>
			<stock_quantity>100</stock_quantity>
			<description>
				<![CDATA[-Необычные наушники для детей и подростков. Мода на них пошла из Японии и уже покорила весь мир.<br />-Подсветка вмонтирована в ушки и рог.<br />-Подсветка заряжается от USB за два часа.<br />-Комплектация:Micro USB зарядный кабель, инструкция пользователя, наушники<br /><br /><br /><br />]]>
			</description>
			<param name="Тип наушников"><![CDATA[Накладные]]></param>
			<param name="Тип подключения"><![CDATA[Проводные]]></param>
			<param name="Интерфейс подключения"><![CDATA[3.5 мм (mini-Jack)]]></param>
			<param name="Особенности"><![CDATA[Светодиодная подсветка]]></param>
			<param name="Цвет"><![CDATA[Розовый]]></param>
			<param name="Длина шнура, м"><![CDATA[1,5]]></param>
			<param name="Тип кабеля"><![CDATA[Круглый]]></param>
			<param name="Чашки"><![CDATA[Круглые]]></param>
			<param name="Форма штекера"><![CDATA[Прямой]]></param>
			<param name="Кабель"><![CDATA[Односторонний]]></param>
			<param name="Импеданс, Ом"><![CDATA[32]]></param>
			<param name="Материал амбушюр"><![CDATA[Кожзам]]></param>
			<param name="Микрофон"><![CDATA[Встроенный]]></param>
			<param name="Тип излучателя"><![CDATA[Динамический]]></param>
			<param name="Диапазон частот наушников"><![CDATA[20-20000 Гц]]></param>
			<param name="Вес"><![CDATA[210 г]]></param>
			<param name="Размеры"><![CDATA[19 х 19 х 7.4 см]]></param>
			<param name="Гарантия"><![CDATA[14 дней]]></param>
			<param name="Бренд"><![CDATA[UFT]]></param>
			<param name="Наличие"><![CDATA[есть]]></param>
			<param name="вес в упаковке кг"><![CDATA[0.23]]></param>
			<param name="высота в упаковке см"><![CDATA[19]]></param>
			<param name="глубина в упаковке см"><![CDATA[19]]></param>
			<param name="ширина в упаковке см"><![CDATA[8]]></param>
			<param name="количество грузовых мест"><![CDATA[1]]></param>
			<param name="штрихкод"><![CDATA[4820176256201]]></param>
		</offer>
		<offer id="CGBL108White" available="true">
			<url>https://ukrpodarok.com.ua/led-naushniki-provodnie-s-podsvetkoi-s-koshachimi-ushkami-uft-bl108-white.html</url>
			<price>977</price>
			<price_old>1299</price_old>
			<currencyId>UAH</currencyId>
			<categoryId>51055</categoryId>
			<picture>https://ukrpodarok.com.ua/images/151273_0.jpg</picture>
			<picture>https://ukrpodarok.com.ua/images/151273_100681.jpg</picture>
			<picture>https://ukrpodarok.com.ua/images/151273_100686.jpg</picture>
			<picture>https://ukrpodarok.com.ua/images/151273_100683.jpg</picture>
			<picture>https://ukrpodarok.com.ua/images/151273_100684.jpg</picture>
			<picture>https://ukrpodarok.com.ua/images/151273_100685.jpg</picture>
			<vendor>UFT</vendor>
			<name>LED наушники проводные с подсветкой с кошачьими ушками UFT BL108 White</name>
			<barcode>4820176256904</barcode>
			<stock_quantity>100</stock_quantity>
			<description>
				<![CDATA[<p>Наушники UFT BL108 отличаются от большинства других моделей аудио гарнитуры маленькими кошачьими ушками, которые очень популярны в Японии.<br />Благодаря широкому частотному диапазону на 20-2000 КГц, наушники с ушками обеспечивают высокое качество проигрываемого звука любых тональностей, в независимости от музыкального жанра.&nbsp;<br />Оборудованы неоновой подсветкой на &laquo;кошачьих ушках&raquo;.&nbsp;<br />Есть возможность регулировки&nbsp;высоты наушников. Подойдут и детям и подросткам.<br />Мягкая полиуретановая подушка накладных наушников, способствует лучшей звукоизоляции и комфортному ношению.</p>  <p></p>]]>
			</description>
			<param name="Тип крепления"><![CDATA[С оголовьем]]></param>
			<param name="Тип подключения"><![CDATA[Проводные]]></param>
			<param name="Интерфейс подключения"><![CDATA[3.5 мм (mini-Jack)]]></param>
			<param name="Цвет"><![CDATA[Белый]]></param>
			<param name="Длина шнура, м"><![CDATA[1,5]]></param>
			<param name="Тип кабеля"><![CDATA[Круглый]]></param>
			<param name="Чашки"><![CDATA[Круглые]]></param>
			<param name="Форма штекера"><![CDATA[Прямой]]></param>
			<param name="Кабель"><![CDATA[Односторонний]]></param>
			<param name="Импеданс, Ом"><![CDATA[32]]></param>
			<param name="Материал амбушюр"><![CDATA[Кожзам]]></param>
			<param name="Тип излучателя"><![CDATA[Динамический]]></param>
			<param name="Диапазон частот наушников"><![CDATA[20-20000 Гц]]></param>
			<param name="Бренд"><![CDATA[UFT]]></param>
			<param name="Вес"><![CDATA[210 г]]></param>
			<param name="Размеры"><![CDATA[19 х 19 х 7.4 см]]></param>
			<param name="Гарантия"><![CDATA[6 месяцев]]></param>
			<param name="Наличие"><![CDATA[есть]]></param>
			<param name="вес в упаковке кг"><![CDATA[0.27]]></param>
			<param name="высота в упаковке см"><![CDATA[19]]></param>
			<param name="глубина в упаковке см"><![CDATA[19]]></param>
			<param name="ширина в упаковке см"><![CDATA[8]]></param>
			<param name="количество грузовых мест"><![CDATA[1]]></param>
			<param name="штрихкод"><![CDATA[4820176256904]]></param>
		</offer>
		<offer id="CGMB01" available="true">
			<url>https://ukrpodarok.com.ua/led-svetilnik-s-datchikom-dvizheniya-uft-mb01-besprovodnoi-na-batareikah.html</url>
			<price>299</price>
			<price_old>399</price_old>
			<currencyId>UAH</currencyId>
			<categoryId>152195</categoryId>
			<picture>https://ukrpodarok.com.ua/images/152189_0.jpg</picture>
			<picture>https://ukrpodarok.com.ua/images/152189_99930.jpg</picture>
			<picture>https://ukrpodarok.com.ua/images/152189_99931.jpg</picture>
			<picture>https://ukrpodarok.com.ua/images/152189_99932.jpg</picture>
			<picture>https://ukrpodarok.com.ua/images/152189_99933.jpg</picture>
			<picture>https://ukrpodarok.com.ua/images/152189_99934.jpg</picture>
			<vendor>UFT</vendor>
			<name>LED светильник с датчиком движения UFT MB01 Беспроводной на батарейках</name>
			<barcode>4820176277022</barcode>
			<stock_quantity>50</stock_quantity>
			<description>
				<![CDATA[Беспроводной светильник MB01 оснащен датчиком которій реагирует на движения.<br />Мебельный светильник имеет прямоугольную форму, в который встроено 10 LED ламп.<br />Особенность светильника Motion Brite:<br />Если в помещении достаточно света, то лампа не будет загораться. Это значительно экономит заряд батареек.<br />Благодаря форме LED Wireless Motion Brite он легко крепится под кухонными навесными шкафами, в гардеробе, шкафу, прихожей и т.д.<br /><br />]]>
			</description>
			<param name="Тип используемой лампы"><![CDATA[Встроенные светодиоды]]></param>
			<param name="Источник питания"><![CDATA[От батареек]]></param>
			<param name="Назначение"><![CDATA[Универсальное]]></param>
			<param name="Особенности"><![CDATA[Беспроводные; С датчиком движения]]></param>
			<param name="Стиль"><![CDATA[Мебельные светильники]]></param>
			<param name="Тип монтажа"><![CDATA[Накладной]]></param>
			<param name="Форма"><![CDATA[Прямоугольная]]></param>
			<param name="Цвет свечения"><![CDATA[Нейтральный]]></param>
			<param name="Цветовая температура"><![CDATA[4000К]]></param>
			<param name="Цвет основы"><![CDATA[Белый]]></param>
			<param name="Цвет плафона"><![CDATA[Белый]]></param>
			<param name="Материал плафона"><![CDATA[Полимер]]></param>
			<param name="Высота мм"><![CDATA[20]]></param>
			<param name="Ширина мм"><![CDATA[30]]></param>
			<param name="Длина мм"><![CDATA[170]]></param>
			<param name="Страна регистрации бренда"><![CDATA[Украина]]></param>
			<param name="Гарантия"><![CDATA[14 дней]]></param>
			<param name="Наличие"><![CDATA[есть]]></param>
			<param name="вес в упаковке кг"><![CDATA[0.3]]></param>
			<param name="высота в упаковке см"><![CDATA[17]]></param>
			<param name="глубина в упаковке см"><![CDATA[3]]></param>
			<param name="ширина в упаковке см"><![CDATA[2]]></param>
			<param name="количество грузовых мест"><![CDATA[1]]></param>
			<param name="штрихкод"><![CDATA[4820176277022]]></param>
		</offer>
		<offer id="B0181UA" available="false">
			<url>https://ukrpodarok.com.ua/ph-metr-portativnii-tester-analizator-kislotnosti-vodi-s-avtokalibrovkoi-kt-3.html</url>
			<price>329</price>
			<price_old>399</price_old>
			<currencyId>UAH</currencyId>
			<categoryId>152434</categoryId>
			<picture>https://ukrpodarok.com.ua/images/152433_0.jpg</picture>
			<picture>https://ukrpodarok.com.ua/images/152433_101129.jpg</picture>
			<picture>https://ukrpodarok.com.ua/images/152433_101130.jpg</picture>
			<picture>https://ukrpodarok.com.ua/images/152433_101131.jpg</picture>
			<vendor>KETOTEK</vendor>
			<name>PH-метр портативный тестер анализатор кислотности воды с автокалибровкой  KT-3</name>
			<barcode>4820176271532</barcode>
			<stock_quantity>0</stock_quantity>
			<description>
				<![CDATA[<p>Портативный цифровой pH-метр &ndash; современный прибор для измерения водородного показателя питьевой и водопроводной воды, а также для технический жидкостей. pH &mdash; это шкала, по которой измеряется кислотность и щелочность в растворе (концентрация ионов водорода). Колеблется от 0 до 14, где 0 обозначает самое кислое, 7 - нейтральное, a 14 - самое щелочное.</p>  <p>&nbsp;На передней панели прибора находится дисплей, на котором будут видны показания, кнопка включения-выключения и кнопка для калибровки. Под колпачком находится электрод. Среди важных особенностей есть функция автоматического отключения и автоматическая компенсация температуры. Принцип работы простой: нужно включить прибор, снять защитный колпачок и опустить электрод в жидкость, которую надо измерять. Данный прибор имеет высокую точность результатов измерения, цифровую калибровку точности. Рабочая температура от 0 до 80&deg;C.</p>  <p>Применяется портативный цифровой pH-метр Ketotek для измерения кислотности питьевой воды в бытовых условиях, пищевой промышленности, контролирует водный показатель и в других разнообразных сферах.</p>  <p>]]>
			</description>
			<param name="Тип"><![CDATA[pH-метры]]></param>
			<param name="Измерение"><![CDATA[Кислотности]]></param>
			<param name="Назначение"><![CDATA[Для воды]]></param>
			<param name="Вид"><![CDATA[Портативные]]></param>
			<param name="Гарантия"><![CDATA[1 месяц]]></param>
			<param name="Страна регистрации бренда"><![CDATA[Китай]]></param>
			<param name="Наличие"><![CDATA[нет]]></param>
			<param name="вес в упаковке кг"><![CDATA[0.1]]></param>
			<param name="высота в упаковке см"><![CDATA[10]]></param>
			<param name="глубина в упаковке см"><![CDATA[4]]></param>
			<param name="ширина в упаковке см"><![CDATA[5]]></param>
			<param name="количество грузовых мест"><![CDATA[1]]></param>
			<param name="штрихкод"><![CDATA[4820176271532]]></param>
		</offer>
		<offer id="CGHT1" available="false">
			<url>https://ukrpodarok.com.ua/usb-hub-type-c-perehodnik-adapter-5-v-1-usb-3-0-sd-microsd-cg-ht1-aluminum.html</url>
			<price>645</price>
			<price_old>899</price_old>
			<price_promo>599</price_promo>
			<currencyId>UAH</currencyId>
			<categoryId>152132</categoryId>
			<picture>https://ukrpodarok.com.ua/images/151460_0.jpg</picture>
			<picture>https://ukrpodarok.com.ua/images/151460_99781.jpg</picture>
			<picture>https://ukrpodarok.com.ua/images/52835_63833.jpg</picture>
			<picture>https://ukrpodarok.com.ua/images/151460_99782.jpg</picture>
			<vendor>CG</vendor>
			<name>USB hub Type-C переходник адаптер 5 в 1 USB 3.0, SD MicroSD CG HT1 Aluminum</name>
			<barcode></barcode>
			<stock_quantity>0</stock_quantity>
			<description>
				<![CDATA[<strong>CG HT1 Aluminum</strong> это многофункциональный кардридер, адаптер для ноутбуков с портом Type-C<br />Стильный и строгий дизайн, который идеально сочитается с продукцией компании Apple&nbsp;<br />Коннекторы и корпус адаптера изготовлены из анодированого алюминия, что защищает от электромагнитных помех<br />Адаптер объединяет в себе 2 - USB 3.0, 1 дополнительный порт Type-C (также подходит для подзарядки ноутбука), разъем для SD-карты и разъем для microSD-карты<br />Передача данных с помощью USB 3.0 со скоростью до 5Гб/с<br /><br />]]>
			</description>
			<param name="Категория"><![CDATA[Хабы и картридеры]]></param>
			<param name="Вид"><![CDATA[Комбинированные]]></param>
			<param name="Тип"><![CDATA[Внешние]]></param>
			<param name="Странапроизводитель"><![CDATA[Китай]]></param>
			<param name="Выходные разъемы"><![CDATA[USB 3.0; Type-C]]></param>
			<param name="Размеры"><![CDATA[8.4 х 3.4 х 0.8 см]]></param>
			<param name="Цвет"><![CDATA[Silver]]></param>
			<param name="Интерфейс подключения"><![CDATA[USB Type-C]]></param>
			<param name="Страна регистрации бренда"><![CDATA[Украина]]></param>
			<param name="Гарантия"><![CDATA[6 месяцев]]></param>
			<param name="Наличие"><![CDATA[нет]]></param>
		</offer>
		<offer id="CGBeluckHub" available="false">
			<url>https://ukrpodarok.com.ua/usb-hub-kardrider-5-v-1-uft-beluck-type-c-usb-3-0-sd-microsd-beluck-hub.html</url>
			<price>565</price>
			<price_old>766</price_old>
			<currencyId>UAH</currencyId>
			<categoryId>152132</categoryId>
			<picture>https://ukrpodarok.com.ua/images/152228_0.jpg</picture>
			<picture>https://ukrpodarok.com.ua/images/152228_100897.jpg</picture>
			<picture>https://ukrpodarok.com.ua/images/152228_100896.jpg</picture>
			<picture>https://ukrpodarok.com.ua/images/152228_100895.jpg</picture>
			<picture>https://ukrpodarok.com.ua/images/152228_100894.jpg</picture>
			<picture>https://ukrpodarok.com.ua/images/152228_100893.jpg</picture>
			<picture>https://ukrpodarok.com.ua/images/152228_100892.jpg</picture>
			<picture>https://ukrpodarok.com.ua/images/152228_100891.jpg</picture>
			<picture>https://ukrpodarok.com.ua/images/152228_100890.jpg</picture>
			<vendor>UFT</vendor>
			<name>USB hub кардридер 5 в 1 UFT Beluck Type-C / USB 3.0 / SD / MicroSD Beluck Hub</name>
			<barcode>4820176259011</barcode>
			<stock_quantity>0</stock_quantity>
			<description>
				<![CDATA[<p>USB hub кардридер 5 в 1 Beluck Type-C / USB 3.0 / SD / MicroSD BeluckHub - это многофункциональный кардридер, адаптер для ноутбуков с портом Type-C<br />Стильный и строгий дизайн, который идеально сочитается с продукцией компании Apple&nbsp;<br />Коннекторы и корпус адаптера изготовлены из анодированого алюминия, что защищает от электромагнитных помех<br />Адаптер объединяет в себе 2 - USB 3.0, 1 дополнительный порт Type-C (также подходит для подзарядки ноутбука), разъем для SD-карты и разъем для microSD-карты<br />Передача данных с помощью USB 3.0 со скоростью до 5Гб/с.</p>]]>
			</description>
			<param name="Вид"><![CDATA[Комбинированные]]></param>
			<param name="Тип"><![CDATA[Внешние]]></param>
			<param name="Входные разъемы"><![CDATA[USB 3.0USB Type-C]]></param>
			<param name="Дополнительное питание"><![CDATA[Без дополнительного питания]]></param>
			<param name="Цвет"><![CDATA[Grey]]></param>
			<param name="Интерфейс подключения"><![CDATA[USB Type-C]]></param>
			<param name="Гарантия"><![CDATA[1 месяц]]></param>
			<param name="Страна регистрации бренда"><![CDATA[Украина]]></param>
			<param name="Совместимость"><![CDATA[Mac]]></param>
			<param name="Наличие"><![CDATA[нет]]></param>
			<param name="вес в упаковке кг"><![CDATA[0.2]]></param>
			<param name="высота в упаковке см"><![CDATA[13]]></param>
			<param name="глубина в упаковке см"><![CDATA[9]]></param>
			<param name="ширина в упаковке см"><![CDATA[2]]></param>
			<param name="количество грузовых мест"><![CDATA[1]]></param>
			<param name="штрихкод"><![CDATA[4820176259011]]></param>
		</offer>
		<offer id="HT3" available="true">
			<url>https://ukrpodarok.com.ua/usb-adapter-4-v-1-hub-so-vstroennim-shnurom-type-c-vokamo-ht3.html</url>
			<price>1977</price>
			<price_old>2144</price_old>
			<currencyId>UAH</currencyId>
			<categoryId>152132</categoryId>
			<picture>https://ukrpodarok.com.ua/images/152480_0.jpg</picture>
			<picture>https://ukrpodarok.com.ua/images/152480_101378.jpg</picture>
			<picture>https://ukrpodarok.com.ua/images/152480_101379.jpg</picture>
			<picture>https://ukrpodarok.com.ua/images/152480_101380.jpg</picture>
			<picture>https://ukrpodarok.com.ua/images/152480_101381.jpg</picture>
			<picture>https://ukrpodarok.com.ua/images/152480_101382.jpg</picture>
			<picture>https://ukrpodarok.com.ua/images/152480_101383.jpg</picture>
			<picture>https://ukrpodarok.com.ua/images/152480_101384.jpg</picture>
			<picture>https://ukrpodarok.com.ua/images/152480_101385.jpg</picture>
			<picture>https://ukrpodarok.com.ua/images/152480_101386.jpg</picture>
			<picture>https://ukrpodarok.com.ua/images/152480_101387.jpg</picture>
			<picture>https://ukrpodarok.com.ua/images/152480_101388.jpg</picture>
			<picture>https://ukrpodarok.com.ua/images/152480_101389.jpg</picture>
			<vendor>VOKAMO</vendor>
			<name>USB адаптер 4 в 1 HUB со встроенным шнуром Type-C VOKAMO HT3</name>
			<barcode></barcode>
			<stock_quantity>50</stock_quantity>
			<description>
				<![CDATA[<p>Адаптер HT3 имеет 4 USB разъема и интегрированный шнур Type-C который складывается в корпус.<br />Сверху корпус выполнен из цинкового сплава, а снизу из пластика.<br /><br /><br />Особенности:<br />1. Встроенный кабель Type-C и скрытая конструкция для хранения, прочный и портативный.</p>  <p>2. Предусмотрено 4 порта расширения USB3.0, драйверы не требуются, совместимые с несколькими системами, подключи и работай.</p>  <p>3. Интегрированный высококачественный материал из цинкового сплава и дизайн с нежной текстурой снизу.<br /><br /><br />]]>
			</description>
			<param name="Интерфейс подключения"><![CDATA[USB Type-C]]></param>
			<param name="Выходные разъемы"><![CDATA[USB 3.0]]></param>
			<param name="Размеры"><![CDATA[90 х 38 х 10 мм]]></param>
			<param name="Вид"><![CDATA[USB-хабы]]></param>
			<param name="Цвет"><![CDATA[Silver]]></param>
			<param name="Дополнительное питание"><![CDATA[Дополнительный USB кабель]]></param>
			<param name="Комплектация"><![CDATA[HUB со встроенным шнуром]]></param>
			<param name="Вес"><![CDATA[100 г]]></param>
			<param name="Тип"><![CDATA[Внешние]]></param>
			<param name="Страна регистрации бренда"><![CDATA[Китай]]></param>
			<param name="Гарантия"><![CDATA[1 месяц]]></param>
			<param name="Наличие"><![CDATA[есть]]></param>
		</offer>
		<offer id="THT2" available="true">
			<url>https://ukrpodarok.com.ua/usb-adapter-6-v-1-hub-so-vstroennim-shnurom-type-c-vokamo-ht2.html</url>
			<price>3699</price>
			<price_old>3844</price_old>
			<currencyId>UAH</currencyId>
			<categoryId>152132</categoryId>
			<picture>https://ukrpodarok.com.ua/images/152479_0.jpg</picture>
			<picture>https://ukrpodarok.com.ua/images/152479_101372.jpg</picture>
			<picture>https://ukrpodarok.com.ua/images/152479_101373.jpg</picture>
			<picture>https://ukrpodarok.com.ua/images/152479_101374.jpg</picture>
			<picture>https://ukrpodarok.com.ua/images/152479_101375.jpg</picture>
			<picture>https://ukrpodarok.com.ua/images/152479_101376.jpg</picture>
			<picture>https://ukrpodarok.com.ua/images/152479_101377.jpg</picture>
			<vendor>VOKAMO</vendor>
			<name>USB адаптер 6 в 1 HUB со встроенным шнуром Type-C VOKAMO HT2</name>
			<barcode></barcode>
			<stock_quantity>50</stock_quantity>
			<description>
				<![CDATA[  <p>Адаптер HT2 имеет все возможные разьемы которые необходимы при эжедневной работе - Type-C для зарядки (PD 3.0 - 100W), USB 3.0, USB 2.0, HDMI, и кардридер TF, SD.<br />Хаб имеет интегрированный шнур Type-C который складывается в корпус.<br />Сверху корпус выполнен из цинкового сплава, а снизу из пластика.<br /><br /><br />Особенности:</p>  <p>1. Встроенный кабель Type-C и скрытая структура хранения, прочный и портативный.</p>  <p>2. Порт Type-C поддерживает PD3.0 и обеспечивает входную мощность до 100 Вт.</p>  <p>3. Поддерживает видеопоток до 4K 30 Гц при подключении устройства Type-C к HDTV/проектору с портом HDMI.</p>  <p>4. Не только обеспечивает порт расширения USB 3.0 и USB 2.0, но также обеспечивает слот для карт SD/TF для чтения и записи карт.</p>  <p>5. Интегрированный высококачественный материал из цинкового сплава и дизайн с нежной текстурой снизу.<br /><br /><br />]]>
			</description>
			<param name="Интерфейс подключения"><![CDATA[USB Type-C]]></param>
			<param name="Выходные разъемы"><![CDATA[HDMI USB 2.0 USB 3.0 USB Type-C ]]></param>
			<param name="Размеры"><![CDATA[99 х 45 х 11 мм]]></param>
			<param name="Вид"><![CDATA[Комбинированные]]></param>
			<param name="Цвет"><![CDATA[Silver]]></param>
			<param name="Дополнительное питание"><![CDATA[Дополнительный USB кабель]]></param>
			<param name="Комплектация"><![CDATA[HUB со встроенным шнуром]]></param>
			<param name="Вес"><![CDATA[100 г]]></param>
			<param name="Тип"><![CDATA[Внешние]]></param>
			<param name="Гарантия"><![CDATA[1 месяц]]></param>
			<param name="Наличие"><![CDATA[есть]]></param>
		</offer>
		<offer id="CupHeater1" available="true">
			<url>https://ukrpodarok.com.ua/usb-p-dstavka-z-p-d-gr-vom-uft-smart-cup-heater.html</url>
			<price>799</price>
			<price_old>844</price_old>
			<currencyId>UAH</currencyId>
			<categoryId>152200</categoryId>
			<picture>https://ukrpodarok.com.ua/images/152444_0.jpg</picture>
			<picture>https://ukrpodarok.com.ua/images/152444_101191.jpg</picture>
			<picture>https://ukrpodarok.com.ua/images/152444_101192.jpg</picture>
			<picture>https://ukrpodarok.com.ua/images/152444_101193.jpg</picture>
			<picture>https://ukrpodarok.com.ua/images/152444_101194.jpg</picture>
			<picture>https://ukrpodarok.com.ua/images/152444_101195.jpg</picture>
			<picture>https://ukrpodarok.com.ua/images/152444_101196.jpg</picture>
			<picture>https://ukrpodarok.com.ua/images/152444_101197.jpg</picture>
			<picture>https://ukrpodarok.com.ua/images/152444_101198.jpg</picture>
			<picture>https://ukrpodarok.com.ua/images/152444_101199.jpg</picture>
			<picture>https://ukrpodarok.com.ua/images/152444_101200.jpg</picture>
			<picture>https://ukrpodarok.com.ua/images/152444_101201.jpg</picture>
			<picture>https://ukrpodarok.com.ua/images/152444_101202.jpg</picture>
			<vendor>UFT</vendor>
			<name>USB підставка з підігрівом UFT Smart Cup Heater</name>
			<barcode>CupHeater1</barcode>
			<stock_quantity>50</stock_quantity>
			<description>
				<![CDATA[Підігрівач чашок підтримує ідеальну температуру вашої кави, води, молока, чаю та інших напоїв протягом тривалого часу, будь-де та будь-коли, ви можете насолоджуватися улюбленими напоями.<br />Працює по USB від мережі, повербанка або ноутбука.<br /><br />Має сенсорну панель для керування підігрівачем.<br /><br />Для кращого контакту з поверхнею використовуйте тонкостінний псуд із плоским дном, це дасть найкращий результат.<br />Чашки з увігнутим дном не так добре передають тепло.<br /><br />Крім того підставка не здатна закіп'ятити воду, лише підтримувати її на певному рівні. Максимальна температура до якої можна нагріти холодну воду - 50-55 градусів, для цього може знадобитись 30-60хв.<br />Швидкість нагрівання залежить від товщини дна чашки та кількості рідини.<br /><br />Підставка реагує на вагу, тому якщо на ній немає чашки або в чашці замало рідини, підігрівач вимкнеться.<br /><br />Рекомендуємо використовувати адаптер який має вихідну потужність &ge;2A, інакше нагрів буде повільнішим.<br /><br /><br />* У комплект входить лише підставка та USB кабель, усі зображення з чашками є демонстраційними.<br /><br />]]>
			</description>
			<param name="Тип"><![CDATA[Подогревающая подставка под чашку]]></param>
			<param name="Материал"><![CDATA[АБС/ПК/силикон/стекло]]></param>
			<param name="Размер"><![CDATA[132x118x20 мм]]></param>
			<param name="Размер упаковки"><![CDATA[200x180x40 мм]]></param>
			<param name="Цвет"><![CDATA[Белый]]></param>
			<param name="Напряжение"><![CDATA[5Б - 2А]]></param>
			<param name="Мощность"><![CDATA[10 Вт]]></param>
			<param name="Комплектация"><![CDATA[Нагреватель, кабель USB]]></param>
			<param name="Вес"><![CDATA[31 г]]></param>
			<param name="Гарантия"><![CDATA[14 дней]]></param>
			<param name="Наличие"><![CDATA[есть]]></param>
			<param name="вес в упаковке кг"><![CDATA[0.3]]></param>
			<param name="высота в упаковке см"><![CDATA[15]]></param>
			<param name="глубина в упаковке см"><![CDATA[5]]></param>
			<param name="ширина в упаковке см"><![CDATA[10]]></param>
			<param name="количество грузовых мест"><![CDATA[1]]></param>
		</offer>
		<offer id="IP26" available="true">
			<url>https://ukrpodarok.com.ua/avtoderzhatel-uft-ip26-dlya-telefona-shirinoi-54-76-mm-na-rul.html</url>
			<price>99</price>
			<price_old>144</price_old>
			<currencyId>UAH</currencyId>
			<categoryId>960</categoryId>
			<picture>https://ukrpodarok.com.ua/images/152429_0.jpg</picture>
			<picture>https://ukrpodarok.com.ua/images/152429_101108.jpg</picture>
			<picture>https://ukrpodarok.com.ua/images/152429_101109.jpg</picture>
			<picture>https://ukrpodarok.com.ua/images/152429_101110.jpg</picture>
			<picture>https://ukrpodarok.com.ua/images/152429_101111.jpg</picture>
			<vendor>UFT</vendor>
			<name>Автодержатель UFT IP26 для телефона шириной 54-76 мм на руль</name>
			<barcode>4820176247513</barcode>
			<stock_quantity>50</stock_quantity>
			<description>
				<![CDATA[Тримач для телефону на&nbsp;кермо UFT IP26 є універсальним і зручним для будь-якого водія. Це кріплення на руль в машині можна використовувати для телефону, смартфону, GPS-навігатора або інших пристроїв відповідних розмірів.<br />UFT IP26 зручний при використанні телефону в якості навігатора під час поїздки. Він одягається і знімається буквально за секунду, тримається досить міцно і телефон в ньому теж фіксується надійно.<br /><br />]]>
			</description>
			<param name="Место установки"><![CDATA[Руль]]></param>
			<param name="Тип"><![CDATA[Автодержатели]]></param>
			<param name="Назначение"><![CDATA[Для мобильных телефонов]]></param>
			<param name="Тип крепления держателя"><![CDATA[Хомут]]></param>
			<param name="Вид"><![CDATA[Держатели]]></param>
			<param name="Тип крепления девайса"><![CDATA[Зажим]]></param>
			<param name="Цвет"><![CDATA[Красный;Черный;]]></param>
			<param name="Гарантия"><![CDATA[14 дней]]></param>
			<param name="Наличие"><![CDATA[есть]]></param>
			<param name="вес в упаковке кг"><![CDATA[0.2]]></param>
			<param name="высота в упаковке см"><![CDATA[5]]></param>
			<param name="глубина в упаковке см"><![CDATA[5]]></param>
			<param name="ширина в упаковке см"><![CDATA[5]]></param>
			<param name="количество грузовых мест"><![CDATA[1]]></param>
			<param name="штрихкод"><![CDATA[4820176247513]]></param>
		</offer>
		<offer id="UFTIP42" available="false">
			<url>https://ukrpodarok.com.ua/avtoderzhatel-uft-ip42-dlya-plansheta-na-prisoske-v-mashinu.html</url>
			<price>344</price>
			<price_old>559</price_old>
			<currencyId>UAH</currencyId>
			<categoryId>960</categoryId>
			<picture>https://ukrpodarok.com.ua/images/151094_0.jpg</picture>
			<picture>https://ukrpodarok.com.ua/images/1233_980.jpg</picture>
			<picture>https://ukrpodarok.com.ua/images/1233_978.jpg</picture>
			<vendor>UFT</vendor>
			<name>Автодержатель UFT IP42 для планшета  на присоске в машину</name>
			<barcode>4820176240811</barcode>
			<stock_quantity>0</stock_quantity>
			<description>
				<![CDATA[IP42 - изготовлен из прочной пластиковой конструкции.<br /> Основная часть может поворачиваться на 360 градусов. Настраиваемый угол наклона.    Совместимость:<br />Для устройств шириной от&nbsp;14 до 245 мм.  <br /><br /><br />  ]]>
			</description>
			<param name="Назначение"><![CDATA[Телефон]]></param>
			<param name="Тип"><![CDATA[Автодержатели]]></param>
			<param name="Тип крепления держателя"><![CDATA[Вакуумная присоска]]></param>
			<param name="Вид"><![CDATA[Держатели]]></param>
			<param name="Тип крепления девайса"><![CDATA[Зажим]]></param>
			<param name="Совместимость"><![CDATA[Для устройств с шириной от 14 до 245 мм;]]></param>
			<param name="Место установки"><![CDATA[Торпеда; Панель;Стекло;]]></param>
			<param name="Бренд"><![CDATA[UFT]]></param>
			<param name="Гарантия"><![CDATA[14 дней]]></param>
			<param name="Цвет"><![CDATA[Черный]]></param>
			<param name="Наличие"><![CDATA[нет]]></param>
			<param name="вес в упаковке кг"><![CDATA[0.3]]></param>
			<param name="высота в упаковке см"><![CDATA[15]]></param>
			<param name="глубина в упаковке см"><![CDATA[15]]></param>
			<param name="ширина в упаковке см"><![CDATA[7]]></param>
			<param name="количество грузовых мест"><![CDATA[1]]></param>
			<param name="штрихкод"><![CDATA[4820176240811]]></param>
		</offer>
		<offer id="UFTIP40" available="true">
			<url>https://ukrpodarok.com.ua/avtoderzhatel-dlya-plansheta-na-podgolovnik-uft-ip40-black.html</url>
			<price>435</price>
			<price_old>499</price_old>
			<currencyId>UAH</currencyId>
			<categoryId>960</categoryId>
			<picture>https://ukrpodarok.com.ua/images/151092_0.jpg</picture>
			<picture>https://ukrpodarok.com.ua/images/151092_101259.jpg</picture>
			<picture>https://ukrpodarok.com.ua/images/151092_101257.jpg</picture>
			<picture>https://ukrpodarok.com.ua/images/151092_101258.jpg</picture>
			<picture>https://ukrpodarok.com.ua/images/151092_101260.jpg</picture>
			<vendor>UFT</vendor>
			<name>Автодержатель для планшета на подголовник UFT IP40 Black</name>
			<barcode>8000000024428</barcode>
			<stock_quantity>50</stock_quantity>
			<description>
				<![CDATA[  <p>Универсальный автодержатель&nbsp;<b>IP40</b>&nbsp;для планшетов с шириной корпуса от 9.6 до 21 см. Крепится на подголовник, предназначенный для удобного и комфортного размещения планшетного компьютера в салоне вашего автомобиля. Планшет будет держаться прочно и при этом у вас будет доступ ко всем опциям устройства.</p>  <p><b>Особенности:</b></p>    Прочная пластиковая конструкция  Основная часть может поворачиваться на 360 градусов  Настраиваемый угол наклона        <strong><br /></strong><br /><br /><br />  ]]>
			</description>
			<param name="Назначение"><![CDATA[Для планшетов]]></param>
			<param name="Тип"><![CDATA[Автодержатели]]></param>
			<param name="Вид"><![CDATA[Держатели]]></param>
			<param name="Тип крепления девайса"><![CDATA[Зажим]]></param>
			<param name="Тип крепления держателя"><![CDATA[Хомут]]></param>
			<param name="Совместимость"><![CDATA[Для устройств с шириной от 96 до 210 мм]]></param>
			<param name="Место установки"><![CDATA[Подголовник]]></param>
			<param name="Цвет"><![CDATA[Черный]]></param>
			<param name="Страна регистрации бренда"><![CDATA[Украина]]></param>
			<param name="Гарантия"><![CDATA[1 месяц]]></param>
			<param name="Наличие"><![CDATA[есть]]></param>
			<param name="вес в упаковке кг"><![CDATA[0.2]]></param>
			<param name="высота в упаковке см"><![CDATA[13]]></param>
			<param name="глубина в упаковке см"><![CDATA[10]]></param>
			<param name="ширина в упаковке см"><![CDATA[8]]></param>
			<param name="количество грузовых мест"><![CDATA[1]]></param>
			<param name="штрихкод"><![CDATA[8000000024428]]></param>
		</offer>
		<offer id="UFTIP28" available="true">
			<url>https://ukrpodarok.com.ua/avtoderzhatel-dlya-telefona-uft-black-ip28.html</url>
			<price>177</price>
			<price_old>244</price_old>
			<currencyId>UAH</currencyId>
			<categoryId>960</categoryId>
			<picture>https://ukrpodarok.com.ua/images/1219_0.jpg</picture>
			<picture>https://ukrpodarok.com.ua/images/1219_69230.jpg</picture>
			<picture>https://ukrpodarok.com.ua/images/1219_69228.jpg</picture>
			<picture>https://ukrpodarok.com.ua/images/1219_69229.jpg</picture>
			<vendor>UFT</vendor>
			<name>Автодержатель для телефона UFT Black IP28</name>
			<barcode>4820176244536</barcode>
			<stock_quantity>100</stock_quantity>
			<description>
				<![CDATA[UFT IP28 - изготовлен из прочной пластиковой конструкции.<br />Настраиваемый угол наклона.        Тип: Автодержатели  Совместимость: Для устройств с шириной от 50 до 75 мм  Место установки: Дефлектор  Тип крепления: Поворотный зажим  Дополнительные характеристики: Прочная пластиковая конструкция<br />Основная часть может поворачиваться на 360 градусов<br />Цвет: Черный        ]]>
			</description>
			<param name="Назначение"><![CDATA[Для мобильных телефонов]]></param>
			<param name="Тип"><![CDATA[Автодержатели]]></param>
			<param name="Тип крепления держателя"><![CDATA[Клипса]]></param>
			<param name="Вид"><![CDATA[Держатели]]></param>
			<param name="Тип крепления девайса"><![CDATA[Зажим]]></param>
			<param name="Особенности"><![CDATA[Настраиваемый угол наклона]]></param>
			<param name="Совместимость"><![CDATA[Для устройств с шириной от 50 до 75 мм]]></param>
			<param name="Место установки"><![CDATA[Дефлектор]]></param>
			<param name="Бренд"><![CDATA[UFT]]></param>
			<param name="Цвет"><![CDATA[Черный]]></param>
			<param name="Гарантия"><![CDATA[14 дней]]></param>
			<param name="Наличие"><![CDATA[есть]]></param>
			<param name="вес в упаковке кг"><![CDATA[0.24]]></param>
			<param name="высота в упаковке см"><![CDATA[12]]></param>
			<param name="глубина в упаковке см"><![CDATA[12]]></param>
			<param name="ширина в упаковке см"><![CDATA[9]]></param>
			<param name="количество грузовых мест"><![CDATA[1]]></param>
			<param name="штрихкод"><![CDATA[4820176244536]]></param>
		</offer>
		<offer id="UFTIP29" available="true">
			<url>https://ukrpodarok.com.ua/avtoderzhatel-dlya-telefona-uft-black-ip29.html</url>
			<price>245</price>
			<price_old>399</price_old>
			<price_promo>220</price_promo>
			<currencyId>UAH</currencyId>
			<categoryId>960</categoryId>
			<picture>https://ukrpodarok.com.ua/images/151062_0.jpg</picture>
			<picture>https://ukrpodarok.com.ua/images/1220_946.jpg</picture>
			<picture>https://ukrpodarok.com.ua/images/1220_944.jpg</picture>
			<picture>https://ukrpodarok.com.ua/images/1220_945.jpg</picture>
			<vendor>UFT</vendor>
			<name>Автодержатель для телефона UFT Black IP29</name>
			<barcode>4820176247605</barcode>
			<stock_quantity>200</stock_quantity>
			<description>
				<![CDATA[IP29 - изготовлен из прочной пластиковой конструкции.<br /> Основная часть может поворачиваться на 360 градусов.<br /> Настраиваемый угол наклона.  На присоске.<br /><strong><br /></strong>Для устройств с шириной&nbsp; от 55 до 85 мм<br /><br /><br />]]>
			</description>
			<param name="Назначение"><![CDATA[Для мобильных телефонов]]></param>
			<param name="Тип"><![CDATA[Автодержатели]]></param>
			<param name="Тип крепления держателя"><![CDATA[Вакуумная присоска]]></param>
			<param name="Тип крепления девайса"><![CDATA[Зажим]]></param>
			<param name="Вид"><![CDATA[Держатели]]></param>
			<param name="Место установки"><![CDATA[Панель Стекло]]></param>
			<param name="Цвет"><![CDATA[Черный]]></param>
			<param name="Гарантия"><![CDATA[14 дней]]></param>
			<param name="Бренд"><![CDATA[UFT]]></param>
			<param name="Страна регистрации бренда"><![CDATA[Украина]]></param>
			<param name="Наличие"><![CDATA[есть]]></param>
			<param name="вес в упаковке кг"><![CDATA[0.24]]></param>
			<param name="высота в упаковке см"><![CDATA[13]]></param>
			<param name="глубина в упаковке см"><![CDATA[10]]></param>
			<param name="ширина в упаковке см"><![CDATA[9]]></param>
			<param name="количество грузовых мест"><![CDATA[1]]></param>
			<param name="штрихкод"><![CDATA[4820176247605]]></param>
		</offer>
		<offer id="TTIP30" available="true">
			<url>https://ukrpodarok.com.ua/avtoderzhatel-dlya-telefona-uft-black-ip30.html</url>
			<price>139</price>
			<price_old>155</price_old>
			<currencyId>UAH</currencyId>
			<categoryId>960</categoryId>
			<picture>https://ukrpodarok.com.ua/images/152420_0.jpg</picture>
			<picture>https://ukrpodarok.com.ua/images/152420_101046.jpg</picture>
			<picture>https://ukrpodarok.com.ua/images/152420_101047.jpg</picture>
			<picture>https://ukrpodarok.com.ua/images/152420_101048.jpg</picture>
			<vendor>UFT</vendor>
			<name>Автодержатель для телефона UFT Black IP30</name>
			<barcode>4820176247612</barcode>
			<stock_quantity>50</stock_quantity>
			<description>
				<![CDATA[Совместимость:  - Для устройств с шириной от 50 до 80 мм;<br /><br />  Место установки:<br />&nbsp;-Панель, Стекло;<br /><br />  Тип крепления:<br />&nbsp;- Вакуумная присоска;<br /><br />Дополнительные характеристики:<br />-&nbsp;Прочная пластиковая конструкция;<br />- Основная часть может поворачиваться на 360 градусов;<br />- Настраиваемый угол наклона;      ]]>
			</description>
			<param name="Назначение"><![CDATA[Для мобильных телефонов]]></param>
			<param name="Тип"><![CDATA[Автодержатели]]></param>
			<param name="Тип крепления держателя"><![CDATA[Вакуумная присоска]]></param>
			<param name="Тип крепления девайса"><![CDATA[Зажим]]></param>
			<param name="Вид"><![CDATA[Держатели]]></param>
			<param name="Место установки"><![CDATA[ПанельСтекло]]></param>
			<param name="Цвет"><![CDATA[Черный]]></param>
			<param name="Гарантия"><![CDATA[14 дней]]></param>
			<param name="Бренд"><![CDATA[UFT]]></param>
			<param name="Страна регистрации бренда"><![CDATA[Украина]]></param>
			<param name="Наличие"><![CDATA[есть]]></param>
			<param name="вес в упаковке кг"><![CDATA[0.3]]></param>
			<param name="высота в упаковке см"><![CDATA[10]]></param>
			<param name="глубина в упаковке см"><![CDATA[10]]></param>
			<param name="ширина в упаковке см"><![CDATA[10]]></param>
			<param name="количество грузовых мест"><![CDATA[1]]></param>
			<param name="штрихкод"><![CDATA[4820176247612]]></param>
		</offer>
		<offer id="UFTIP31" available="true">
			<url>https://ukrpodarok.com.ua/avtoderzhatel-dlya-telefona-uft-black-ip31.html</url>
			<price>179</price>
			<price_old>255</price_old>
			<currencyId>UAH</currencyId>
			<categoryId>960</categoryId>
			<picture>https://ukrpodarok.com.ua/images/151083_0.jpg</picture>
			<picture>https://ukrpodarok.com.ua/images/1222_951.jpg</picture>
			<picture>https://ukrpodarok.com.ua/images/1222_950.jpg</picture>
			<vendor>UFT</vendor>
			<name>Автодержатель для телефона UFT Black IP31</name>
			<barcode>8000000024398</barcode>
			<stock_quantity>100</stock_quantity>
			<description>
				<![CDATA[Держатель для телефона на панель, стекло&nbsp;UFT&nbsp;<b>IP31</b>&nbsp;является универсальным и удобным для любого водителя.<br /> Подходит для устройств шириной до 9.7 см, которые вы сможете закрепить с учетом оптимального угла наклона.<br /> Уникальная присоска позволяет зафиксировать держатель на лобовом стекле.<br /> Устройство поворачивается на 360 градусов и фиксируется в любой позиции.]]>
			</description>
			<param name="Вид"><![CDATA[Держатели]]></param>
			<param name="Назначение"><![CDATA[Для мобильных телефон]]></param>
			<param name="Тип"><![CDATA[Автодержатели]]></param>
			<param name="Тип крепления держателя"><![CDATA[Вакуумная присоска]]></param>
			<param name="Тип крепления девайса"><![CDATA[Зажим]]></param>
			<param name="Совместимость"><![CDATA[Для устройств с шириной до 97 мм;]]></param>
			<param name="Место установки"><![CDATA[Стекло]]></param>
			<param name="Цвет"><![CDATA[Черный]]></param>
			<param name="Странарегистрации бренда"><![CDATA[Украина]]></param>
			<param name="Бренд"><![CDATA[UFT]]></param>
			<param name="Гарантия"><![CDATA[14 дней]]></param>
			<param name="Наличие"><![CDATA[есть]]></param>
			<param name="вес в упаковке кг"><![CDATA[0.24]]></param>
			<param name="высота в упаковке см"><![CDATA[11]]></param>
			<param name="глубина в упаковке см"><![CDATA[11]]></param>
			<param name="ширина в упаковке см"><![CDATA[7]]></param>
			<param name="количество грузовых мест"><![CDATA[1]]></param>
			<param name="штрихкод"><![CDATA[8000000024398]]></param>
		</offer>
		<offer id="UFTIP33" available="true">
			<url>https://ukrpodarok.com.ua/avtoderzhatel-dlya-telefona-uft-black-ip33.html</url>
			<price>199</price>
			<price_old>239</price_old>
			<currencyId>UAH</currencyId>
			<categoryId>960</categoryId>
			<picture>https://ukrpodarok.com.ua/images/151085_0.jpg</picture>
			<picture>https://ukrpodarok.com.ua/images/151085_100223.jpg</picture>
			<picture>https://ukrpodarok.com.ua/images/151085_100224.jpg</picture>
			<vendor>UFT</vendor>
			<name>Автодержатель для телефона UFT Black IP33</name>
			<barcode>8000000020918</barcode>
			<stock_quantity>50</stock_quantity>
			<description>
				<![CDATA[IP33 - изготовлен из прочной пластиковой конструкции.&nbsp;<br /> Основная часть может поворачиваться на 360 градусов.<br />Настраиваемый угол наклона.  Для устройств шириной 95 мм.<br /><br />]]>
			</description>
			<param name="Назначение"><![CDATA[Телефон]]></param>
			<param name="Тип"><![CDATA[Автодержатели]]></param>
			<param name="Вид"><![CDATA[Держатели]]></param>
			<param name="Тип крепления"><![CDATA[Вакуумная присоска]]></param>
			<param name="Тип крепления девайса"><![CDATA[Зажим]]></param>
			<param name="Совместимость"><![CDATA[Для устройств с шириной до 95 мм]]></param>
			<param name="Место установки"><![CDATA[ТорпедоНа дефлектор Стекло]]></param>
			<param name="Цвет"><![CDATA[Черный]]></param>
			<param name="Страна регистрации бренда"><![CDATA[Украина]]></param>
			<param name="Бренд"><![CDATA[UFT]]></param>
			<param name="Гарантия"><![CDATA[14 дней]]></param>
			<param name="Наличие"><![CDATA[есть]]></param>
			<param name="вес в упаковке кг"><![CDATA[0.17]]></param>
			<param name="высота в упаковке см"><![CDATA[12]]></param>
			<param name="глубина в упаковке см"><![CDATA[8]]></param>
			<param name="ширина в упаковке см"><![CDATA[9]]></param>
			<param name="количество грузовых мест"><![CDATA[1]]></param>
			<param name="штрихкод"><![CDATA[8000000020918]]></param>
		</offer>
		<offer id="UFTIP34" available="true">
			<url>https://ukrpodarok.com.ua/avtoderzhatel-dlya-telefona-uft-black-ip34-na-prisoske-s-nastraivaemim-uglom-naklona.html</url>
			<price>244</price>
			<price_old>299</price_old>
			<currencyId>UAH</currencyId>
			<categoryId>960</categoryId>
			<picture>https://ukrpodarok.com.ua/images/151086_0.jpg</picture>
			<picture>https://ukrpodarok.com.ua/images/1225_959.jpg</picture>
			<picture>https://ukrpodarok.com.ua/images/1225_957.jpg</picture>
			<picture>https://ukrpodarok.com.ua/images/1225_958.jpg</picture>
			<vendor>UFT</vendor>
			<name>Автодержатель для телефона UFT Black IP34 на присоске с настраиваемым углом наклона</name>
			<barcode>8000000020901</barcode>
			<stock_quantity>50</stock_quantity>
			<description>
				<![CDATA[IP34 - изготовлен из прочной пластиковой конструкции. Основная часть может поворачиваться на 360 градусов. <br />Настраиваемый угол наклона.<br />Для устройств с шириной от 50 до 80 мм.<br />Место установки<br />Стекло;<br />Панель;<br />Тип крепления девайса:<br />Зажим.<br /><br />  <br /><br /><br />]]>
			</description>
			<param name="Назначение"><![CDATA[Для мобильных телефонов]]></param>
			<param name="Тип"><![CDATA[Автодержатели]]></param>
			<param name="Вид"><![CDATA[Держатели]]></param>
			<param name="Тип крепления держателя"><![CDATA[Вакуумная присоска]]></param>
			<param name="Тип крепления девайса"><![CDATA[Зажим]]></param>
			<param name="Совместимость"><![CDATA[Для устройств с шириной от 50 до 80 мм]]></param>
			<param name="Место установки"><![CDATA[Панель;Стекло;]]></param>
			<param name="Цвет"><![CDATA[Черный]]></param>
			<param name="Страна регистрации бренда"><![CDATA[Украина]]></param>
			<param name="Гарантия"><![CDATA[14 дней]]></param>
			<param name="Бренд"><![CDATA[UFT]]></param>
			<param name="Наличие"><![CDATA[есть]]></param>
			<param name="вес в упаковке кг"><![CDATA[0.17]]></param>
			<param name="высота в упаковке см"><![CDATA[12]]></param>
			<param name="глубина в упаковке см"><![CDATA[9]]></param>
			<param name="ширина в упаковке см"><![CDATA[8]]></param>
			<param name="количество грузовых мест"><![CDATA[1]]></param>
			<param name="штрихкод"><![CDATA[8000000020901]]></param>
		</offer>
		<offer id="UFTIP35" available="true">
			<url>https://ukrpodarok.com.ua/avtoderzhatel-dlya-telefona-uft-ip35-black.html</url>
			<price>344</price>
			<price_old>399</price_old>
			<currencyId>UAH</currencyId>
			<categoryId>960</categoryId>
			<picture>https://ukrpodarok.com.ua/images/1226_0.jpg</picture>
			<picture>https://ukrpodarok.com.ua/images/1226_0.jpg</picture>
			<picture>https://ukrpodarok.com.ua/images/1226_962.jpg</picture>
			<picture>https://ukrpodarok.com.ua/images/1226_0.jpg</picture>
			<picture>https://ukrpodarok.com.ua/images/1226_960.jpg</picture>
			<picture>https://ukrpodarok.com.ua/images/1226_961.jpg</picture>
			<picture>https://ukrpodarok.com.ua/images/1226_0.jpg</picture>
			<vendor>UFT</vendor>
			<name>Автодержатель для телефона UFT IP35 Black</name>
			<barcode>8000000020895</barcode>
			<stock_quantity>50</stock_quantity>
			<description>
				<![CDATA[IP35 - изготовлен из прочной пластиковой конструкции. Основная часть может поворачиваться на 360 градусов. Настраиваемый угол наклона.        Для устройств с шириной от 50 до 115 мм;          ]]>
			</description>
			<param name="Страна регистрации бренда"><![CDATA[Украина]]></param>
			<param name="Странапроизводитель"><![CDATA[Китай]]></param>
			<param name="Назначение"><![CDATA[Телефон]]></param>
			<param name="Вид"><![CDATA[Держатели]]></param>
			<param name="Тип"><![CDATA[Автодержатели]]></param>
			<param name="Тип крепления"><![CDATA[Вакуумная присоска]]></param>
			<param name="Совместимость"><![CDATA[Для устройств с шириной от 50 до 115 мм;]]></param>
			<param name="Место установки"><![CDATA[Панель;Стекло;]]></param>
			<param name="Цвет"><![CDATA[Черный]]></param>
			<param name="Вид крепления девайса"><![CDATA[Присоска]]></param>
			<param name="Гарантия"><![CDATA[14 дней]]></param>
			<param name="Бренд"><![CDATA[UFT]]></param>
			<param name="Наличие"><![CDATA[есть]]></param>
			<param name="вес в упаковке кг"><![CDATA[0.2]]></param>
			<param name="высота в упаковке см"><![CDATA[12]]></param>
			<param name="глубина в упаковке см"><![CDATA[8]]></param>
			<param name="ширина в упаковке см"><![CDATA[9]]></param>
			<param name="количество грузовых мест"><![CDATA[1]]></param>
			<param name="штрихкод"><![CDATA[8000000020895]]></param>
		</offer>
		<offer id="UFTIP32" available="true">
			<url>https://ukrpodarok.com.ua/avtoderzhatel-dlya-telefona-magnitnii-uft-black-ip32.html</url>
			<price>220</price>
			<price_old>299</price_old>
			<currencyId>UAH</currencyId>
			<categoryId>960</categoryId>
			<picture>https://ukrpodarok.com.ua/images/151084_0.jpg</picture>
			<picture>https://ukrpodarok.com.ua/images/1223_954.jpg</picture>
			<picture>https://ukrpodarok.com.ua/images/1223_952.jpg</picture>
			<picture>https://ukrpodarok.com.ua/images/1223_953.jpg</picture>
			<vendor>UFT</vendor>
			<name>Автодержатель для телефона магнитный UFT Black IP32</name>
			<barcode>8000000020925</barcode>
			<stock_quantity>50</stock_quantity>
			<description>
				<![CDATA[  Держатель для телефона IP42 Magnetik<b>&nbsp;-&nbsp;</b>практичный держатель и незаменимый спутник в дороге для водителя.&nbsp;<br />Принцип действия держателя IP42 Magnetik заключается в притяжении встроенного в держатель магнита, безопасного для электронных устройств и металлической пластины, установленной на Ваше мобильное устройство.<br />Крепится IP42 Magnetik присоской на лобовое стекло в удобном для Вас месте.      <br /><br /><br /><br />  ]]>
			</description>
			<param name="Вид"><![CDATA[Держатели]]></param>
			<param name="Назначение"><![CDATA[Телефон]]></param>
			<param name="Тип"><![CDATA[Автодержатели]]></param>
			<param name="Тип крепления держателя"><![CDATA[Вакуумная присоска]]></param>
			<param name="Тип крепления девайса"><![CDATA[Магнит]]></param>
			<param name="Место установки"><![CDATA[На торпедо СтеклоНа дефлектор]]></param>
			<param name="Бренд"><![CDATA[UFT]]></param>
			<param name="Страна регистрации бренда"><![CDATA[Украина]]></param>
			<param name="Цвет"><![CDATA[Черный]]></param>
			<param name="Гарантия"><![CDATA[14 дней]]></param>
			<param name="Наличие"><![CDATA[есть]]></param>
			<param name="вес в упаковке кг"><![CDATA[0.2]]></param>
			<param name="высота в упаковке см"><![CDATA[9]]></param>
			<param name="глубина в упаковке см"><![CDATA[9]]></param>
			<param name="ширина в упаковке см"><![CDATA[7]]></param>
			<param name="количество грузовых мест"><![CDATA[1]]></param>
			<param name="штрихкод"><![CDATA[8000000020925]]></param>
		</offer>
		<offer id="CGIP45red" available="true">
			<url>https://ukrpodarok.com.ua/avtoderzhatel-dlya-telefona-na-rul-uft-ip45-red.html</url>
			<price>99</price>
			<price_old>165</price_old>
			<currencyId>UAH</currencyId>
			<categoryId>960</categoryId>
			<picture>https://ukrpodarok.com.ua/images/152229_0.jpg</picture>
			<picture>https://ukrpodarok.com.ua/images/152229_100042.jpg</picture>
			<picture>https://ukrpodarok.com.ua/images/152229_100043.jpg</picture>
			<picture>https://ukrpodarok.com.ua/images/152229_100044.jpg</picture>
			<picture>https://ukrpodarok.com.ua/images/152229_100045.jpg</picture>
			<picture>https://ukrpodarok.com.ua/images/152229_100046.jpg</picture>
			<picture>https://ukrpodarok.com.ua/images/152229_100547.jpg</picture>
			<picture>https://ukrpodarok.com.ua/images/152229_100550.jpg</picture>
			<vendor>UFT</vendor>
			<name>Автодержатель для телефона на руль UFT IP45 red</name>
			<barcode>4820176244338</barcode>
			<stock_quantity>50</stock_quantity>
			<description>
				<![CDATA[Когда вы находитесь за рулем, отвлекающим фактором является ваш смартфон и не всегда удобно отвечать на звонки, особенно, если его еще нужно найти.Специально для вашего комфорта и безопасности мы создали универсальный держатель для смартфона на руль, который подходит для iPhone 5 и 5S, 4 и 4S, а также для Samsung Galaxy, и многих других телефонов который подходят под размер IP45.  <p>Автодержатель IP45 подходит для использования устройств с длиной от 10 до 14 см. Также вы можете ложить телефон не снимая с него защитного чехла. Несмотря на очень прочную фиксацию смартфона, его можно легко извлечь из автодержателя и вставить в него.</p>]]>
			</description>
			<param name="Назначение"><![CDATA[Для мобильных телефонов]]></param>
			<param name="Тип"><![CDATA[Автодержатели]]></param>
			<param name="Тип крепления держателя"><![CDATA[Прищепка]]></param>
			<param name="Вид"><![CDATA[Держатели]]></param>
			<param name="Типкрепления девайса"><![CDATA[Зажим]]></param>
			<param name="Бренд"><![CDATA[UFT]]></param>
			<param name="Место установки"><![CDATA[Торпеда;Стекло;]]></param>
			<param name="Цвет"><![CDATA[Красный]]></param>
			<param name="Гарантія"><![CDATA[14 дней]]></param>
			<param name="Гарантия"><![CDATA[6 месяцев]]></param>
			<param name="Наличие"><![CDATA[есть]]></param>
			<param name="вес в упаковке кг"><![CDATA[0.15]]></param>
			<param name="высота в упаковке см"><![CDATA[5]]></param>
			<param name="глубина в упаковке см"><![CDATA[5]]></param>
			<param name="ширина в упаковке см"><![CDATA[5]]></param>
			<param name="количество грузовых мест"><![CDATA[1]]></param>
			<param name="штрихкод"><![CDATA[4820176244338]]></param>
		</offer>
		<offer id="CGIP45yellow" available="true">
			<url>https://ukrpodarok.com.ua/avtoderzhatel-dlya-telefona-na-rul-uft-ip45-yellow.html</url>
			<price>99</price>
			<price_old>167</price_old>
			<currencyId>UAH</currencyId>
			<categoryId>960</categoryId>
			<picture>https://ukrpodarok.com.ua/images/152230_0.jpg</picture>
			<picture>https://ukrpodarok.com.ua/images/152230_100047.jpg</picture>
			<picture>https://ukrpodarok.com.ua/images/152230_100551.jpg</picture>
			<vendor>UFT</vendor>
			<name>Автодержатель для телефона на руль UFT IP45 yellow</name>
			<barcode>4820176244345</barcode>
			<stock_quantity>40</stock_quantity>
			<description>
				<![CDATA[Когда вы находитесь за рулем, отвлекающим фактором является ваш смартфон и не всегда удобно отвечать на звонки, особенно, если его еще нужно найти.Специально для вашего комфорта и безопасности мы создали универсальный держатель для смартфона на руль, который подходит для iPhone 5 и 5S, 4 и 4S, а также для Samsung Galaxy, и многих других телефонов который подходят под размер IP45.  <p>Автодержатель IP45 подходит для использования устройств с длиной от 10 до 14 см. Также вы можете ложить телефон не снимая с него защитного чехла. Несмотря на очень прочную фиксацию смартфона, его можно легко извлечь из автодержателя и вставить в него.</p>]]>
			</description>
			<param name="Назначение"><![CDATA[Для мобильных телефонов;]]></param>
			<param name="Тип"><![CDATA[Автодержатели;]]></param>
			<param name="Тип крепления держателя"><![CDATA[Прищепка;]]></param>
			<param name="Вид"><![CDATA[Держатели;]]></param>
			<param name="Типкрепления девайса"><![CDATA[Зажим;]]></param>
			<param name="Совместимость"><![CDATA[Для устройств с шириной от 96 до 140 мм;]]></param>
			<param name="Место установки"><![CDATA[Торпеда; Стекло;]]></param>
			<param name="Цвет"><![CDATA[Желтый]]></param>
			<param name="Бренд"><![CDATA[UFT]]></param>
			<param name="Гарантия"><![CDATA[14 дней]]></param>
			<param name="Наличие"><![CDATA[есть]]></param>
			<param name="вес в упаковке кг"><![CDATA[0.15]]></param>
			<param name="высота в упаковке см"><![CDATA[5]]></param>
			<param name="глубина в упаковке см"><![CDATA[5]]></param>
			<param name="ширина в упаковке см"><![CDATA[5]]></param>
			<param name="количество грузовых мест"><![CDATA[1]]></param>
			<param name="штрихкод"><![CDATA[4820176244345]]></param>
		</offer>
		<offer id="UFTIP27" available="true">
			<url>https://ukrpodarok.com.ua/avtoderzhatel-dlya-telefona-ot-50-do-73-mm-na-prisoske-v-mashinu-uft-ip27.html</url>
			<price>322</price>
			<price_old>415</price_old>
			<currencyId>UAH</currencyId>
			<categoryId>960</categoryId>
			<picture>https://ukrpodarok.com.ua/images/1218_0.jpg</picture>
			<picture>https://ukrpodarok.com.ua/images/1218_0.jpg</picture>
			<picture>https://ukrpodarok.com.ua/images/1218_940.jpg</picture>
			<picture>https://ukrpodarok.com.ua/images/1218_0.jpg</picture>
			<picture>https://ukrpodarok.com.ua/images/1218_936.jpg</picture>
			<picture>https://ukrpodarok.com.ua/images/1218_937.jpg</picture>
			<picture>https://ukrpodarok.com.ua/images/1218_938.jpg</picture>
			<picture>https://ukrpodarok.com.ua/images/1218_939.jpg</picture>
			<picture>https://ukrpodarok.com.ua/images/1218_0.jpg</picture>
			<vendor>UFT</vendor>
			<name>Автодержатель для телефона от 50 до 73 мм на присоске в машину UFT IP27</name>
			<barcode>4820176244734</barcode>
			<stock_quantity>50</stock_quantity>
			<description>
				<![CDATA[UFT IP27- изготовлен из прочной пластиковой конструкции.<br /> Основная часть может поворачиваться на 360 градусов. <br />Настраиваемый угол наклона.<br />Для устройств с шириной от 50 до 73 мм;<br />  <strong><br /><br /><br /></strong><br /><br /><br />]]>
			</description>
			<param name="Назначение"><![CDATA[Телефон]]></param>
			<param name="Тип"><![CDATA[Автодержатели]]></param>
			<param name="Тип крепления держателя"><![CDATA[Вакуумная присоска]]></param>
			<param name="Тип креплениядевайса"><![CDATA[Зажим]]></param>
			<param name="Совместимость"><![CDATA[Для устройств с шириной от 50 до 73 мм;]]></param>
			<param name="Место установки"><![CDATA[Панель;Стекло;]]></param>
			<param name="Цвет"><![CDATA[Черный]]></param>
			<param name="Бренд"><![CDATA[UFT]]></param>
			<param name="Гарантия"><![CDATA[14 дней]]></param>
			<param name="Наличие"><![CDATA[есть]]></param>
			<param name="вес в упаковке кг"><![CDATA[0.23]]></param>
			<param name="высота в упаковке см"><![CDATA[12]]></param>
			<param name="глубина в упаковке см"><![CDATA[12]]></param>
			<param name="ширина в упаковке см"><![CDATA[10]]></param>
			<param name="количество грузовых мест"><![CDATA[1]]></param>
			<param name="штрихкод"><![CDATA[4820176244734]]></param>
		</offer>
		<offer id="UFTIP43" available="true">
			<url>https://ukrpodarok.com.ua/avtoderzhatel-magnitnii-na-klipse-uft-ip43-magnet-dlya-telefona-v-mashinu.html</url>
			<price>160</price>
			<price_old>189</price_old>
			<currencyId>UAH</currencyId>
			<categoryId>960</categoryId>
			<picture>https://ukrpodarok.com.ua/images/151095_0.jpg</picture>
			<picture>https://ukrpodarok.com.ua/images/1234_982.jpg</picture>
			<picture>https://ukrpodarok.com.ua/images/1234_981.jpg</picture>
			<vendor>UFT</vendor>
			<name>Автодержатель магнитный на клипсе UFT IP43 Magnet для телефона в машину</name>
			<barcode>8000000020888</barcode>
			<stock_quantity>50</stock_quantity>
			<description>
				<![CDATA[  <p>Держатель для телефона IP43 Magnet - не закрывает обзор водителю, просто устанавливается в дефлектор, а благодаря отсутствию лапок у этого держателя телефон очень легко крепится, буквально одним легким движением руки.</p>  <p>Принцип действия держателя&nbsp; IP43 Magnet заключается в притяжении встроенного в держатель магнита, безопасного для электронных устройств и металлической пластины, установленной на Ваше мобильное устройство.</p>  <p>Каждый с легкостью найдет место для держателя в автомобиле.&nbsp;Магнитный держатель не займет много места, так как имеет небольшие размеры. Но несмотря на свою компактность может удержать гаджет весом в 200 грамм.</p>          <br /><strong><br /></strong><br /><br /><br />    ]]>
			</description>
			<param name="Назначение"><![CDATA[Для мобильных телефонов;]]></param>
			<param name="Тип"><![CDATA[Автодержатели;]]></param>
			<param name="Тип крепления держателя"><![CDATA[Клипса;]]></param>
			<param name="Вид"><![CDATA[Держатели]]></param>
			<param name="Тип крепления девайса"><![CDATA[Магнит;]]></param>
			<param name="Совместимость"><![CDATA[Для устройств с весом до 200 грамм;]]></param>
			<param name="Место установки"><![CDATA[На дефлектор]]></param>
			<param name="Цвет"><![CDATA[Черный]]></param>
			<param name="Бренд"><![CDATA[UFT]]></param>
			<param name="Гарантия"><![CDATA[14 дней]]></param>
			<param name="Наличие"><![CDATA[есть]]></param>
			<param name="вес в упаковке кг"><![CDATA[0.15]]></param>
			<param name="высота в упаковке см"><![CDATA[5]]></param>
			<param name="глубина в упаковке см"><![CDATA[5]]></param>
			<param name="ширина в упаковке см"><![CDATA[3]]></param>
			<param name="количество грузовых мест"><![CDATA[1]]></param>
			<param name="штрихкод"><![CDATA[8000000020888]]></param>
		</offer>
		<offer id="FUNCUP2s" available="true">
			<url>https://ukrpodarok.com.ua/avtomaticheskaya-chashka-meshalka-s-ventilyatorom-360-ml-uft-funcup-2-0-white.html</url>
			<price>1270</price>
			<price_old>1340</price_old>
			<currencyId>UAH</currencyId>
			<categoryId>836</categoryId>
			<picture>https://ukrpodarok.com.ua/images/152467_0.jpg</picture>
			<picture>https://ukrpodarok.com.ua/images/152467_101294.jpg</picture>
			<picture>https://ukrpodarok.com.ua/images/152467_101295.jpg</picture>
			<picture>https://ukrpodarok.com.ua/images/152467_101296.jpg</picture>
			<picture>https://ukrpodarok.com.ua/images/152467_101297.jpg</picture>
			<picture>https://ukrpodarok.com.ua/images/152467_101298.jpg</picture>
			<picture>https://ukrpodarok.com.ua/images/152467_101299.jpg</picture>
			<picture>https://ukrpodarok.com.ua/images/152467_101300.jpg</picture>
			<vendor>UFT</vendor>
			<name>Автоматическая чашка-мешалка с вентилятором 360 мл UFT FUNCUP 2.0 White</name>
			<barcode>8000000010292</barcode>
			<stock_quantity>50</stock_quantity>
			<description>
				<![CDATA[UFT FUNCUP2 это обновленная чашка-мешалка версии 2.0. Она так же имеет вентилятор для размешивания сахара, но в отличии от обычной чашки, ей не требуется питание. В дне чашки размещен механизм который реагирует на температуру воды, когда в чашку попадает кипяток пропеллер начинает автоматически раскручиваться, одновременно размешивая сахар или растворимый кофе и охлаждая напиток до состояния что бы его можно было пить.<br /><br />Когда температура падает на несколько градусов - вентилятор автоматически перестает вращение.<br /><br />Чашка имеет современный минималистичный дизайн, смотриться ив руках ощущается дорого.<br /><br />Объем 360 милилитров. Внутри чашка полностью металлическая, внешняя сторона из пластика, снизу - антискользяще покрытие.<br />Крышка из силикона плотно закрывает чашку, сохраняя тепло намного дольше, или если вы захотите взять чашку с собой в авто или на прогулку.<br />Учитывайте что это не полноценная термочашка, сильно переворачивать или класть в рюкзак полную чашку нельзя.<br /><br /><br /> <br />]]>
			</description>
			<param name="Бренд"><![CDATA[UFT]]></param>
			<param name="Объем, мл"><![CDATA[360]]></param>
			<param name="Материал"><![CDATA[Металл]]></param>
			<param name="Вид"><![CDATA[Кружка]]></param>
			<param name="Особенности"><![CDATA[С крышкой;Термостойкие;]]></param>
			<param name="Тип поставки"><![CDATA[1 предмет]]></param>
			<param name="Сегмент"><![CDATA[Для дома]]></param>
			<param name="Гарантия"><![CDATA[14 дней]]></param>
			<param name="Наличие"><![CDATA[есть]]></param>
			<param name="вес в упаковке кг"><![CDATA[0.5]]></param>
			<param name="высота в упаковке см"><![CDATA[12]]></param>
			<param name="глубина в упаковке см"><![CDATA[10]]></param>
			<param name="ширина в упаковке см"><![CDATA[10]]></param>
			<param name="количество грузовых мест"><![CDATA[1]]></param>
			<param name="штрихкод"><![CDATA[8000000010292]]></param>
		</offer>
		<offer id="CC1Gold" available="true">
			<url>https://ukrpodarok.com.ua/avtomobilnaya-besprovodnaya-zaryadka-uft-air-charge-cc1-gold.html</url>
			<price>177</price>
			<price_old>244</price_old>
			<currencyId>UAH</currencyId>
			<categoryId>1293</categoryId>
			<picture>https://ukrpodarok.com.ua/images/151872_0.jpg</picture>
			<picture>https://ukrpodarok.com.ua/images/52448_26751.jpg</picture>
			<picture>https://ukrpodarok.com.ua/images/52448_26752.jpg</picture>
			<vendor>UFT</vendor>
			<name>Автомобильная беспроводная зарядка UFT Air Charge CC1 Gold</name>
			<barcode>4820176241757</barcode>
			<stock_quantity>50</stock_quantity>
			<description>
				<![CDATA[  <p>Универсальное автомобильное зарядное устройство CC1 отлично подойдёт тем, кто проводит много времени в дороге. Выполнено в прочном корпусе из нержавеющей стали. Подойдёт к большинству современных мобильных устройств, а двойной USB-порт позволяет зарядать сразу два устройства.&nbsp;Имеет защиту от скачков и перепадов напряжения. Легкое и компактное, совершенно не занимает много места.</p>      <br /><br />]]>
			</description>
			<param name="Тип"><![CDATA[Автомобильные]]></param>
			<param name="Количество USBпортов"><![CDATA[2]]></param>
			<param name="Выходной ток"><![CDATA[1 А2.1 А]]></param>
			<param name="Выходной разъем"><![CDATA[USB]]></param>
			<param name="Цвет"><![CDATA[Золотой]]></param>
			<param name="Странапроизводитель"><![CDATA[Китай]]></param>
			<param name="Гарантия"><![CDATA[14 дней]]></param>
			<param name="Наличие"><![CDATA[есть]]></param>
			<param name="вес в упаковке кг"><![CDATA[0.2]]></param>
			<param name="высота в упаковке см"><![CDATA[12]]></param>
			<param name="глубина в упаковке см"><![CDATA[3]]></param>
			<param name="ширина в упаковке см"><![CDATA[5]]></param>
			<param name="количество грузовых мест"><![CDATA[1]]></param>
			<param name="штрихкод"><![CDATA[4820176241757]]></param>
		</offer>
		<offer id="CGCC1Silver" available="true">
			<url>https://ukrpodarok.com.ua/avtomobilnoe-zaryadnoe-ustroistvo-uft-cc1-silver-usb-2-porta.html</url>
			<price>177</price>
			<price_old>244</price_old>
			<currencyId>UAH</currencyId>
			<categoryId>1293</categoryId>
			<picture>https://ukrpodarok.com.ua/images/152289_0.jpg</picture>
			<picture>https://ukrpodarok.com.ua/images/152289_100231.jpg</picture>
			<picture>https://ukrpodarok.com.ua/images/152289_100232.jpg</picture>
			<vendor>UFT</vendor>
			<name>Автомобильное зарядное устройство UFT CC1 Silver USB 2 порта</name>
			<barcode>4820176244253</barcode>
			<stock_quantity>50</stock_quantity>
			<description>
				<![CDATA[Универсальное автомобильное зарядное устройство CC1 отлично подойдёт тем, кто проводит много времени в дороге. Выполнено в прочном корпусе из нержавеющей стали. Подойдёт к большинству современных мобильных устройств, а двойной USB-порт позволяет зарядать сразу два устройства.&nbsp;Имеет защиту от скачков и перепадов напряжения. <br />Легкое и компактное, совершенно не занимает много места.]]>
			</description>
			<param name="Тип"><![CDATA[Автомобильные]]></param>
			<param name="Количество USBпортов"><![CDATA[2]]></param>
			<param name="Выходной ток"><![CDATA[А1 А]]></param>
			<param name="Выходной разъем"><![CDATA[USB]]></param>
			<param name="Цвет"><![CDATA[Серебристый]]></param>
			<param name="Гарантия"><![CDATA[6 месяцев]]></param>
			<param name="Наличие"><![CDATA[есть]]></param>
			<param name="вес в упаковке кг"><![CDATA[0.2]]></param>
			<param name="высота в упаковке см"><![CDATA[12]]></param>
			<param name="глубина в упаковке см"><![CDATA[5]]></param>
			<param name="ширина в упаковке см"><![CDATA[5]]></param>
			<param name="количество грузовых мест"><![CDATA[1]]></param>
			<param name="штрихкод"><![CDATA[4820176244253]]></param>
		</offer>
		<offer id="CGCC2" available="true">
			<url>https://ukrpodarok.com.ua/avtomobilnii-adapter-s-dvumya-usb-portami-3-v-1-lightning-micro-usb-type-c-cg-sc2.html</url>
			<price>479</price>
			<price_old>569</price_old>
			<currencyId>UAH</currencyId>
			<categoryId>1293</categoryId>
			<picture>https://ukrpodarok.com.ua/images/52730_0.jpg</picture>
			<picture>https://ukrpodarok.com.ua/images/52730_63827.jpg</picture>
			<picture>https://ukrpodarok.com.ua/images/52730_63828.jpg</picture>
			<picture>https://ukrpodarok.com.ua/images/52730_0.jpg</picture>
			<vendor>CG</vendor>
			<name>Автомобильный адаптер с двумя USB портами 3 в 1 Lightning + Micro USB + Type-C CG СC2</name>
			<barcode>4820176254726</barcode>
			<stock_quantity>10</stock_quantity>
			<description>
				<![CDATA[CG&nbsp;СC2 это продвинутый USB адаптер которым можно одновременно зарядить все гаджеты от прикуривателя в машине.<br />Имеется два USB разьема с LED подсветкой, куда можно подключить например видеорегистратор, мини вернитятор итд. Так же есть выдвижной разветвитель для трех самых популярных типов разьемов. <br />Подходит для устройств с интерфейсом 8PIN, таких как Apple 5/6/7/8/X. <br />Для Samsung, Huawei, Xiaomi, OPPO, vivo и другие устройства Android с Micro USB <br />Для LG, Meizu, и многих других с разьемом Type-C<br />Адаптер имеет компактный и стильный дизайн.]]>
			</description>
			<param name="Тип"><![CDATA[Автомобильные]]></param>
			<param name="Материал"><![CDATA[Алюминиевый сплав + ПК]]></param>
			<param name="Вид"><![CDATA[Автомобильные зарядные устройства]]></param>
			<param name="Размеры"><![CDATA[10 х 2,4 х 5 мм]]></param>
			<param name="Выходной разъем"><![CDATA[USB]]></param>
			<param name="Гарантия"><![CDATA[6 месяцев]]></param>
			<param name="Наличие"><![CDATA[есть]]></param>
			<param name="штрихкод"><![CDATA[4820176254726]]></param>
		</offer>
		<offer id="CGTC1" available="false">
			<url>https://ukrpodarok.com.ua/adapter-usb-2-0-type-c-adapter-cg-tc1.html</url>
			<price>20</price>
			<currencyId>UAH</currencyId>
			<categoryId>52588</categoryId>
			<picture>https://ukrpodarok.com.ua/images/52828_0.jpg</picture>
			<picture>https://ukrpodarok.com.ua/images/52828_0.jpg</picture>
			<vendor>СG</vendor>
			<name>Адаптер USB 2.0 - Type-C Adapter CG TC1</name>
			<barcode></barcode>
			<stock_quantity>0</stock_quantity>
			<description>
				<![CDATA[CG Adapter TC1&nbsp;используется для подключения различных USB-устройств (флешка, мышь, клавиатура) к планшетам, приставкам, смартфонам с разъемом USB Type-C. <br />Адаптер позволяет Android-устройству стать USB-хостом, которое соединяется с другим устройством для передачи данных и зарядки]]>
			</description>
			<param name="Тип"><![CDATA[Адаптеры]]></param>
			<param name="Цвет"><![CDATA[Silver]]></param>
			<param name="Разъем 1"><![CDATA[USB Type-C]]></param>
			<param name="Разъем 2"><![CDATA[USB]]></param>
			<param name="Назначение"><![CDATA[Мобильный телефон, Планшет]]></param>
			<param name="Гарантия"><![CDATA[6 месяцев]]></param>
			<param name="Наличие"><![CDATA[нет]]></param>
		</offer>
		<offer id="Holder03" available="true">
			<url>https://ukrpodarok.com.ua/adapter-na-shtativ-dlya-telefona-5-6-9-8-sm-s-urovnem-uft-holder03.html</url>
			<price>577</price>
			<price_old>599</price_old>
			<currencyId>UAH</currencyId>
			<categoryId>1088</categoryId>
			<picture>https://ukrpodarok.com.ua/images/152029_0.jpg</picture>
			<picture>https://ukrpodarok.com.ua/images/152029_99923.jpg</picture>
			<picture>https://ukrpodarok.com.ua/images/52709_63715.jpg</picture>
			<picture>https://ukrpodarok.com.ua/images/52709_63714.jpg</picture>
			<picture>https://ukrpodarok.com.ua/images/152029_100616.jpg</picture>
			<picture>https://ukrpodarok.com.ua/images/152029_100617.jpg</picture>
			<vendor>UFT</vendor>
			<name>Адаптер на штатив для телефона 5.6 - 9.8 см с уровнем UFT Holder03</name>
			<barcode>4820176253552</barcode>
			<stock_quantity>100</stock_quantity>
			<description>
				<![CDATA[<p>UFT Holder03 это универсальное крепление для всех моделей смартфонов с шириной от 56мм до 98мм. Лапки зажима прорезинены, предотвращая выскальзывания и механические повреждения в месте соприкасания с устройством.</p>  <p>Универсальный держатель крепиться к штативу, триподу или моноподу на стандартную резьбу 1/4?.</p>  <p>В комплекте имеется поворотный механизм, позволяющий вращать телефон на 360С&rdquo;.</p>  <p>На верхней части крепления расположен уровень, для комфортного выравнивая положения камеры. А также специальная скоба (горячий башмак) для быстрой установки дополнительных принадлежностей, например вспышки, LED подсветки или микрофона.</p>]]>
			</description>
			<param name="Тип"><![CDATA[Головки-держатели для штативов]]></param>
			<param name="Расстояние между зажимами"><![CDATA[5.6 - 9.8 см]]></param>
			<param name="Материал"><![CDATA[Пластик]]></param>
			<param name="Цвет"><![CDATA[Черный]]></param>
			<param name="Особенности"><![CDATA[Головка с зажимом для телефона]]></param>
			<param name="Аксессуары"><![CDATA[Головки-держатели для штативов]]></param>
			<param name="Гарантия"><![CDATA[14 дней]]></param>
			<param name="Наличие"><![CDATA[есть]]></param>
			<param name="вес в упаковке кг"><![CDATA[0.26]]></param>
			<param name="высота в упаковке см"><![CDATA[2]]></param>
			<param name="глубина в упаковке см"><![CDATA[5]]></param>
			<param name="ширина в упаковке см"><![CDATA[5]]></param>
			<param name="количество грузовых мест"><![CDATA[1]]></param>
			<param name="штрихкод"><![CDATA[4820176253552]]></param>
		</offer>
		<offer id="CGM01" available="false">
			<url>https://ukrpodarok.com.ua/akupunkturnii-massazhnii-kovrik-65h41sm-s-podushkoi-am01-acupuncture-mat.html</url>
			<price>545</price>
			<price_old>599</price_old>
			<price_promo>462</price_promo>
			<currencyId>UAH</currencyId>
			<categoryId>152285</categoryId>
			<picture>https://ukrpodarok.com.ua/images/152191_0.jpg</picture>
			<picture>https://ukrpodarok.com.ua/images/152191_99939.jpg</picture>
			<picture>https://ukrpodarok.com.ua/images/152191_99940.jpg</picture>
			<picture>https://ukrpodarok.com.ua/images/152191_99941.jpg</picture>
			<vendor>CG</vendor>
			<name>Акупунктурный массажный коврик 65х41см с подушкой AM01 Acupuncture Mat</name>
			<barcode></barcode>
			<stock_quantity>0</stock_quantity>
			<description>
				<![CDATA[<p><strong>Acupuncture Mat&nbsp;CG AM01</strong>&nbsp;представляет собой акупунктурный массажный коврик с подушкой, который полезно использовать,&nbsp;если вы испытываете напряжение в теле, систематическую усталость, отсутствие энергии, а также для релаксации и снятия стресса.&nbsp;</p>  <p>Принцип работы акупунктурного коврика заключён в воздействии его маленьких иголочек на определённые точки организма, что снимает боль, улучшает функционирование того или иного органа, стимулирует иммунитет. Достаточно полежать на коврике всего 15-30 минут в день, желательно, перед сном, и вы почувствуете, как к вам постепенно возвращается душевное равновесие. Коврик с аппликатором Кузнецова, или как его еще называют иглоаппликатор,&nbsp;принесёт отдых мышцам и нервной системе.</p>  <p>Аппликатор Кузнецова&nbsp;имеет мягкую прокладку, а на поверхности коврика располагаются акупунктурные, пластиковые шипы. Во время занятий изделие может располагаться на полу, диване, стуле.</p>  <p><b>Как применять иппликатор Кузнецова:&nbsp;</b></p>  <p><b>На спине:</b></p>  <p>положите коврик на ровную поверхность. Лягте на него. Если возможно, положите под шею подушку. В этом положении стимулируются акупунктурные точки вдоль позвоночника, что поможет уменьшить боли в спине</p>  <p><b>На животе:</b></p>  <p>расстелите йога-мат, лягте на живот. Это поможет улучшить обмен веществ и снять напряжённость в области диафрагмы и дыхательной мускулатуры</p>  <p><b>Щёки:</b></p>  <p>аккуратно лягте щекой на коврик. Если ощущения слишком болезненные, можно подстелить тонкую ткань для смягчения силы воздействия. Это положение позволит снять напряжение в шее и челюстном отделе</p>  <p><b>Сидя:</b></p>  <p>можете использовать коврик, сидя на обычном стуле, или лёжа, положив коврик под ягодицы. Такой метод позволит снять напряжение в поясничной области и в ягодицах</p>  <p><br />При выполнении упражнений не делайте резких движений, в особенности когда ложитесь и встаете с коврика.<br /><br />Принцип похож на аппликатор Ляпко, но в место металлических шипов, здесь шипи пластиковые.</p>]]>
			</description>
			<param name="Тип"><![CDATA[Коврики аккупунктурные]]></param>
			<param name="Длина"><![CDATA[65 см]]></param>
			<param name="Ширина"><![CDATA[41 см]]></param>
			<param name="Материал"><![CDATA[ABS пластик, Коттон, FOAM поролон]]></param>
			<param name="Комплектация"><![CDATA[Коврик 1 шт;Подушка 1 шт]]></param>
			<param name="Цвет"><![CDATA[Фиолетовый]]></param>
			<param name="Гарантия"><![CDATA[3 месяца]]></param>
			<param name="Страна регистрации бренда"><![CDATA[Украина]]></param>
			<param name="Страна производитель"><![CDATA[Китай]]></param>
			<param name="Наличие"><![CDATA[нет]]></param>
		</offer>
		<offer id="CGT52" available="true">
			<url>https://ukrpodarok.com.ua/alyuminievaya-podstavka-dlya-noutbuka-ili-plansheta-uft-t52.html</url>
			<price>870</price>
			<price_old>999</price_old>
			<currencyId>UAH</currencyId>
			<categoryId>1024</categoryId>
			<picture>https://ukrpodarok.com.ua/images/152279_0.jpg</picture>
			<picture>https://ukrpodarok.com.ua/images/152279_100192.jpg</picture>
			<picture>https://ukrpodarok.com.ua/images/152279_100173.jpg</picture>
			<vendor>UFT</vendor>
			<name>Алюминиевая подставка для ноутбука или планшета UFT T52</name>
			<barcode>4820176271631</barcode>
			<stock_quantity>50</stock_quantity>
			<description>
				<![CDATA[<strong>T52</strong>&nbsp;это портативная раскладная подставка для ноутбука на стол. Семь вариантов угла наклона, позволяет расположить нотбук максимально комфортно, тем самым&nbsp;поможет&nbsp;разгрузить спину и шею.<br /><br />Компактный разер позволяет брать подставку с собой, в комплекте имеется чехол для хранения. В сложенном состоянии 24,5&nbsp;х&nbsp;4,5 х 1,4 см, вес всего 290г.<br /><br />Стильный, эргономичный дизайн&nbsp;прийдется по душе&nbsp;владельцам MacBook. Выполнен полностью из анодированного&nbsp;алюминия с прорезинеными вставками, которые защитят ноутбук от царапин.<br />Анодированный слой также обретает высокую прочность, долговечность, и делает уход за такими изделиями более простым. Алюминий так же хорошо справляется с теплоотводом горячего воздуха.<br />Кроме того, находясь на небольшой высоте от стола, ноутбук менее подвержен нагреванию.<br /><br />Максимальная ширина подставки в разложенном состоянии 16.5см, но способен выдержать ноутбук любого размера.]]>
			</description>
			<param name="Вид"><![CDATA[Подставки]]></param>
			<param name="Охлаждение"><![CDATA[Пассивное]]></param>
			<param name="Материал"><![CDATA[Анодированный алюминилюминий]]></param>
			<param name="Тип"><![CDATA[Подставки]]></param>
			<param name="Цвет"><![CDATA[Серебристый]]></param>
			<param name="Размер в сложенном виде"><![CDATA[24,5 х 4,5 х 1,4 см]]></param>
			<param name="Размер упаковки"><![CDATA[27  х 5,5 х 3 см]]></param>
			<param name="Вес товара с упаковкой"><![CDATA[290 г]]></param>
			<param name="Особенности"><![CDATA[Регулируемый угол наклона]]></param>
			<param name="Гарантия"><![CDATA[1 месяц]]></param>
			<param name="Страна регистрации бренда"><![CDATA[Украина]]></param>
			<param name="Наличие"><![CDATA[есть]]></param>
			<param name="вес в упаковке кг"><![CDATA[0.3]]></param>
			<param name="высота в упаковке см"><![CDATA[1.4]]></param>
			<param name="глубина в упаковке см"><![CDATA[4.5]]></param>
			<param name="ширина в упаковке см"><![CDATA[24.5]]></param>
			<param name="количество грузовых мест"><![CDATA[1]]></param>
			<param name="штрихкод"><![CDATA[4820176271631]]></param>
		</offer>
		<offer id="CGCCM01" available="true">
			<url>https://ukrpodarok.com.ua/apparat-dlya-prigotovleniya-sladkoi-saharnoi-vati-uft-cotton-candy-maker.html</url>
			<price>977</price>
			<price_old>1299</price_old>
			<currencyId>UAH</currencyId>
			<categoryId>152200</categoryId>
			<picture>https://ukrpodarok.com.ua/images/152199_0.jpg</picture>
			<picture>https://ukrpodarok.com.ua/images/152199_99953.jpg</picture>
			<picture>https://ukrpodarok.com.ua/images/152199_99954.jpg</picture>
			<picture>https://ukrpodarok.com.ua/images/152199_99955.jpg</picture>
			<picture>https://ukrpodarok.com.ua/images/152199_99956.jpg</picture>
			<picture>https://ukrpodarok.com.ua/images/152199_99957.jpg</picture>
			<vendor>UFT</vendor>
			<name>Аппарат для приготовления сладкой сахарной ваты UFT Cotton Candy Maker</name>
			<barcode>4820176260833</barcode>
			<stock_quantity>50</stock_quantity>
			<description>
				<![CDATA[<p>Аппарат для приготовления сладкой ваты&nbsp;<b>Cotton Candy Maker&nbsp;</b>- за несколько минут приготовит вкуснейшее лакомство.</p>  <p>Время предварительного нагрева 3-5 минут.</p>  <p>Для приготовления можно использовать даже обыкновенный сахарный песок или специальный сахар, для сахарной ваты.&nbsp;</p>  <p>Изменить цвет и вкус ваты, можно с помощью простейшего пищевого красителя и ароматизаторов.</p>  <p><b>Особенности:</b></p>    Время приготовления десерта &mdash; от 3 минут;  Кварцевый нагревательный элемент;  Мощность: 500 Вт;  Диаметр чаши: 25 см;  Высота прибора: 18 см;  Тип питания: от сети 220-240 В;  Напряжение: 220-240 В;  ]]>
			</description>
			<param name="Тип"><![CDATA[Аппарат для сладкой ваты]]></param>
			<param name="Сфера использования"><![CDATA[Для дома]]></param>
			<param name="Назначение"><![CDATA[Бытовое]]></param>
			<param name="Тип установки"><![CDATA[Передвижной]]></param>
			<param name="Мощность, Вт"><![CDATA[500]]></param>
			<param name="Материал корпуса"><![CDATA[Пластик]]></param>
			<param name="Источник питания"><![CDATA[Сеть 220 В]]></param>
			<param name="Страна регистрации бренда"><![CDATA[Украина]]></param>
			<param name="Страна производитель"><![CDATA[Китай]]></param>
			<param name="Гарантия"><![CDATA[14 дней]]></param>
			<param name="Наличие"><![CDATA[есть]]></param>
			<param name="вес в упаковке кг"><![CDATA[1]]></param>
			<param name="высота в упаковке см"><![CDATA[20]]></param>
			<param name="глубина в упаковке см"><![CDATA[30]]></param>
			<param name="ширина в упаковке см"><![CDATA[30]]></param>
			<param name="количество грузовых мест"><![CDATA[1]]></param>
			<param name="штрихкод"><![CDATA[4820176260833]]></param>
		</offer>
		<offer id="CGP1" available="false">
			<url>https://ukrpodarok.com.ua/bambukovaya-podstavka-dlya-noutbuka-cg-p1.html</url>
			<price>499</price>
			<price_old>599</price_old>
			<currencyId>UAH</currencyId>
			<categoryId>1024</categoryId>
			<picture>https://ukrpodarok.com.ua/images/151827_0.jpg</picture>
			<picture>https://ukrpodarok.com.ua/images/52397_63728.jpg</picture>
			<picture>https://ukrpodarok.com.ua/images/52397_0.jpg</picture>
			<picture>https://ukrpodarok.com.ua/images/151827_99743.jpg</picture>
			<vendor>CG</vendor>
			<name>Бамбуковая подставка для ноутбука CG P1</name>
			<barcode></barcode>
			<stock_quantity>0</stock_quantity>
			<description>
				<![CDATA[Бамбуковая подставка для ноутбука&nbsp;<strong>CG&nbsp;</strong><b>P1</b>&nbsp;с активным охлаждением. Максимальная диагональ устройства &mdash; 15 дюймов. Уровень шума: 10 дБА, питание от порта USB.<br />Защитит ноутбук от перегрева и продлит срок его работы.<br /><br /><br />]]>
			</description>
			<param name="Охлаждение"><![CDATA[Активное]]></param>
			<param name="Уровень шума"><![CDATA[10 дБА]]></param>
			<param name="Питание"><![CDATA[USB]]></param>
			<param name="Размеры"><![CDATA[308 x 330 х 40 мм]]></param>
			<param name="Материал"><![CDATA[Натуральный бамбук]]></param>
			<param name="Вес"><![CDATA[1.2 кг]]></param>
			<param name="Цвет"><![CDATA[Коричневый]]></param>
			<param name="Гарантия"><![CDATA[6 месяцев]]></param>
			<param name="Наличие"><![CDATA[нет]]></param>
		</offer>
		<offer id="BS02" available="false">
			<url>https://ukrpodarok.com.ua/bambukovaya-podstavka-pod-monitor-uft-bs02-24h20h79-sm.html</url>
			<price>1477</price>
			<price_old>1799</price_old>
			<currencyId>UAH</currencyId>
			<categoryId>1024</categoryId>
			<picture>https://ukrpodarok.com.ua/images/152042_0.jpg</picture>
			<picture>https://ukrpodarok.com.ua/images/52742_63647.jpg</picture>
			<picture>https://ukrpodarok.com.ua/images/152042_99728.jpg</picture>
			<picture>https://ukrpodarok.com.ua/images/152042_99729.jpg</picture>
			<picture>https://ukrpodarok.com.ua/images/152042_99730.jpg</picture>
			<picture>https://ukrpodarok.com.ua/images/152042_99731.jpg</picture>
			<picture>https://ukrpodarok.com.ua/images/152042_99732.jpg</picture>
			<picture>https://ukrpodarok.com.ua/images/152042_100692.jpg</picture>
			<vendor>UFT</vendor>
			<name>Бамбуковая подставка под монитор UFT BS02 24х20х79 см</name>
			<barcode>4820176254429</barcode>
			<stock_quantity>0</stock_quantity>
			<description>
				<![CDATA[BS02 это органайзер рабочего пространства. Предусмотрено место для монитора, клавиатуры, ноутбука. смартфона и прочих вещей которые всегда находятся под рукой.<br />Выполнен из экологически чистого бамбука. Это необычайно прочный и долговечный материал. Поверхность гладкая, приятная на ощупь.<br />Подставка имеет две полки, с возможностью их регулировать по высоте.<br />Размер:<br />24х20х79 см<br />Дополнительные характеристики:<br />Регулируемаявысота полок.<br /><br /><br />]]>
			</description>
			<param name="Материал"><![CDATA[Дерево]]></param>
			<param name="Вид материала"><![CDATA[Бамбук]]></param>
			<param name="Цвет"><![CDATA[Коричневый]]></param>
			<param name="Охлаждение"><![CDATA[Пассивное]]></param>
			<param name="Тип"><![CDATA[Подставка под монитор]]></param>
			<param name="Назначение"><![CDATA[Для монитора]]></param>
			<param name="Особенности"><![CDATA[Ниши для канцелярии]]></param>
			<param name="Страна регистрации бренда"><![CDATA[Украина]]></param>
			<param name="Гарантия"><![CDATA[1 месяц]]></param>
			<param name="Наличие"><![CDATA[нет]]></param>
			<param name="вес в упаковке кг"><![CDATA[1.2]]></param>
			<param name="высота в упаковке см"><![CDATA[79]]></param>
			<param name="глубина в упаковке см"><![CDATA[24]]></param>
			<param name="ширина в упаковке см"><![CDATA[20]]></param>
			<param name="количество грузовых мест"><![CDATA[1]]></param>
			<param name="штрихкод"><![CDATA[4820176254429]]></param>
		</offer>
		<offer id="M+T13" available="true">
			<url>https://ukrpodarok.com.ua/bambukovii-stolik-uft-t13-dlya-noutbuka-19-s-reguliruemimi-nozhkami.html</url>
			<price>3299</price>
			<price_old>3344</price_old>
			<currencyId>UAH</currencyId>
			<categoryId>1024</categoryId>
			<picture>https://ukrpodarok.com.ua/images/151857_0.jpg</picture>
			<picture>https://ukrpodarok.com.ua/images/151857_99769.jpg</picture>
			<picture>https://ukrpodarok.com.ua/images/52430_27124.jpg</picture>
			<picture>https://ukrpodarok.com.ua/images/52430_27122.jpg</picture>
			<picture>https://ukrpodarok.com.ua/images/151857_99767.jpg</picture>
			<picture>https://ukrpodarok.com.ua/images/151857_99768.jpg</picture>
			<vendor>UFT</vendor>
			<name>Бамбуковый столик UFT T13 для ноутбука 19&quot; с регулируемыми ножками</name>
			<barcode>4820176244307</barcode>
			<stock_quantity>50</stock_quantity>
			<description>
				<![CDATA[<p>Столик для ноутбука&nbsp;бамбуковый почти в два раза легче украинской древесины и почти в полтора раза твёрже древесины дуба. Производится из натурального бамбука, который произростает в экологически чистом районе планеты. В связи с&nbsp;очень быстрым ростом (от 20 до 90 сантиметров за сутки), стебли не успевают накопить в себе вредных веществ, как это может быть в случае с другой древесиной. Бамбук не рассыхается и не набирает влагу, подобно другим твердым древесным породам дерева. У столика регулируется высота ножек, есть подставка для чашки и ящик для Ваших гаджетов. У столика есть два вентилятора.<br />Материал<br />Столешница/ножки: Натуральный экологичный бамбук<br />Размеры<br />В сложенном виде (ШхВхГ): 700 х 350 х 50 мм <br />Столешница (ШхВ): 700 х 340 мм <br />Рабочая поверхность (ШхВ): 380 х 335 мм<br />Подставка под мышку: 160 х 340 мм<br />Предельная высота: 370 мм<br />Длина одной секции ножки: 290 + 80 мм<br />Дополнительные характеристики:<br />Вес: 3,74 кг (в упаковке 4,14 кг)<br />Максимальная нагрузка: 15 кг<br />Цвет: Коричневый<br />Поверхность: Глянцевая<br /><br />Особенности: Подставка под мышку с обеих сторон от рабочей поверхности.<br />Предельный угол наклона столешницы: 45&deg; <br />Небольшая выдвижная шухлядка для флешек и других гаджетов<br />Подставка для чашки и смартфона<br />Доступно 6 положений угла наклона.<br /><br /><br />Комплектация: Столик для ноутбука, съемный передний упор для фиксации ноутбука, USB кабель питания</p>]]>
			</description>
			<param name="Вид"><![CDATA[Столики]]></param>
			<param name="Диагональ ноутбука"><![CDATA[19]]></param>
			<param name="Охлаждение"><![CDATA[Активное]]></param>
			<param name="Материал"><![CDATA[Дерево]]></param>
			<param name="Вид материала"><![CDATA[Бамбук]]></param>
			<param name="Вентиляторы"><![CDATA[2, в комплекте USB кабель]]></param>
			<param name="Питание"><![CDATA[USB]]></param>
			<param name="Вес,кг"><![CDATA[3.74]]></param>
			<param name="Гарантия"><![CDATA[1 месяц]]></param>
			<param name="Страна регистрации бренда"><![CDATA[Украина]]></param>
			<param name="Наличие"><![CDATA[есть]]></param>
			<param name="вес в упаковке кг"><![CDATA[3.4]]></param>
			<param name="высота в упаковке см"><![CDATA[70]]></param>
			<param name="глубина в упаковке см"><![CDATA[35]]></param>
			<param name="ширина в упаковке см"><![CDATA[5]]></param>
			<param name="количество грузовых мест"><![CDATA[1]]></param>
			<param name="штрихкод"><![CDATA[4820176244307]]></param>
		</offer>
		<offer id="twentyfive" available="true">
			<url>https://ukrpodarok.com.ua/bambukovii-stolik-uft-t25-dlya-noutbuka-17-s-regulyatsiei-visoti.html</url>
			<price>2445</price>
			<price_old>2599</price_old>
			<currencyId>UAH</currencyId>
			<categoryId>1024</categoryId>
			<picture>https://ukrpodarok.com.ua/images/152439_0.jpg</picture>
			<vendor>UFT</vendor>
			<name>Бамбуковый столик UFT T25 для ноутбука 17&quot; с регуляцией высоты</name>
			<barcode>4820176281142</barcode>
			<stock_quantity>50</stock_quantity>
			<description>
				<![CDATA[Екологічний столик для ноутбука або планшетного комп'ютера принесе Вам масу комфорту і задоволення від роботи або відпочинку.<br /><br />Окремо від каркаса стільниці передбачено регулювання кута нахилу стільниці для встановлення ноутбука або планшетного комп'ютера під різними кутами для комфортного користування.<br />Також на майданчику поряд з робочою поверхнею стільниці передбачена підставка під чашку з ароматною кавою або з тонізуючим чаєм.<br /><br />Висота столика регулюється при мінімальній висоті від підлоги до нижньої планки 18см, до стільниці - 23см. При максимальній висоті до нижньої планки 27, до стільниці 31,5см.<br />Ширина між ніжками у нижньому положенні 51см, у верхньому &ndash; 56см.<br /><br />На поверхні додаткового майданчика передбачено місце для безпечного розміщення Вашого смартфона при підзарядці від ноутбука або просто для фіксації.<br />Також змінені елементи дизайну, деталі фіксації висоти столика виконані у коричневому кольорі, що у поєднанні з теплими відтінками натурального бамбука чудово та зі смаком доповнює інтер'єр.<br /><br />Особливості:<br />Екологічно чистий бамбук, міцніший і довговічніший за звичайну деревину<br />Потужний кулер для охолодження ноутбука, що живиться від USB<br />4 положення нахилу стільниці + горизонтальний<br />Регулювання висоти столика (23-31см)<br />Підставка під мишкуз місцем для чашки та смартфона<br />Полиця для дрібниць<br />Передній упор для фіксації ноутбука<br />Розмір -&nbsp;540 х 350 х 50 мм]]>
			</description>
			<param name="Вид"><![CDATA[Столики]]></param>
			<param name="Охлаждение"><![CDATA[Активное]]></param>
			<param name="Материал"><![CDATA[Дерево]]></param>
			<param name="Диагональ ноутбука"><![CDATA[17]]></param>
			<param name="Вентиляторы"><![CDATA[1, в комплекте USB кабель]]></param>
			<param name="Уровень шума"><![CDATA[5 дБА]]></param>
			<param name="Питание"><![CDATA[От порта USB]]></param>
			<param name="Цвет"><![CDATA[Коричневый]]></param>
			<param name="Вес, кг"><![CDATA[3.13]]></param>
			<param name="Гарантия"><![CDATA[6 месяцев]]></param>
			<param name="Странапроизводитель"><![CDATA[Китай]]></param>
			<param name="Страна регистрации бренда"><![CDATA[Украина]]></param>
			<param name="Наличие"><![CDATA[есть]]></param>
			<param name="вес в упаковке кг"><![CDATA[3.3]]></param>
			<param name="высота в упаковке см"><![CDATA[5]]></param>
			<param name="глубина в упаковке см"><![CDATA[35]]></param>
			<param name="ширина в упаковке см"><![CDATA[54]]></param>
			<param name="количество грузовых мест"><![CDATA[1]]></param>
			<param name="штрихкод"><![CDATA[4820176281142]]></param>
		</offer>
		<offer id="TB01" available="false">
			<url>https://ukrpodarok.com.ua/bambukovii-stolik-dlya-zavtraka-s-ruchkami-nakrovatnii-podnos-so-skladnimi-nozhkami-uft-tb01.html</url>
			<price>745</price>
			<price_old>999</price_old>
			<price_promo>641</price_promo>
			<currencyId>UAH</currencyId>
			<categoryId>1564</categoryId>
			<picture>https://ukrpodarok.com.ua/images/52767_0.jpg</picture>
			<picture>https://ukrpodarok.com.ua/images/52767_69311.jpg</picture>
			<picture>https://ukrpodarok.com.ua/images/52767_69310.jpg</picture>
			<vendor>UFT</vendor>
			<name>Бамбуковый столик для завтрака с ручками, накроватный поднос со складными ножками UFT TB01</name>
			<barcode>8000000029959</barcode>
			<stock_quantity>0</stock_quantity>
			<description>
				<![CDATA[Бамбуковый столик-поднос из бамбука для сервировки - это отличный выбор для вашего дома.<br />Изготовлен из 100% экологически чистого, 4-6-летнего бамбука. Поднос необычайно легкий и прочный.<br /><br />Размеры:<br />51 х 31х 28 см;<br />Размеры столешницы:<br />48х 32 см;]]>
			</description>
			<param name="Тип"><![CDATA[Столик для завтрака]]></param>
			<param name="Материал"><![CDATA[Дерево;]]></param>
			<param name="Форма"><![CDATA[Прямоугольная]]></param>
			<param name="Количество предметов, шт"><![CDATA[1]]></param>
			<param name="Размеры"><![CDATA[51х31х28 см]]></param>
			<param name="Размеры столешницы"><![CDATA[48х32 см]]></param>
			<param name="Материал ножек"><![CDATA[Бамбук]]></param>
			<param name="Гарантия"><![CDATA[1 месяц]]></param>
			<param name="Бамбук"><![CDATA[UFT]]></param>
			<param name="Наличие"><![CDATA[нет]]></param>
			<param name="вес в упаковке кг"><![CDATA[1.3]]></param>
			<param name="высота в упаковке см"><![CDATA[51]]></param>
			<param name="глубина в упаковке см"><![CDATA[31]]></param>
			<param name="ширина в упаковке см"><![CDATA[6]]></param>
			<param name="количество грузовых мест"><![CDATA[1]]></param>
			<param name="штрихкод"><![CDATA[8000000029959]]></param>
		</offer>
		<offer id="M+t25" available="true">
			<url>https://ukrpodarok.com.ua/bambukovii-stolik-dlya-noutbuka-17-s-aktivnim-ohlazhdeniem-uft-t25.html</url>
			<price>2399</price>
			<price_old>2399</price_old>
			<currencyId>UAH</currencyId>
			<categoryId>1024</categoryId>
			<picture>https://ukrpodarok.com.ua/images/151858_0.jpg</picture>
			<picture>https://ukrpodarok.com.ua/images/151858_100889.jpg</picture>
			<picture>https://ukrpodarok.com.ua/images/151858_100888.jpg</picture>
			<picture>https://ukrpodarok.com.ua/images/151858_100887.jpg</picture>
			<vendor>UFT</vendor>
			<name>Бамбуковый столик для ноутбука 17&quot; с активным охлаждением UFT T25</name>
			<barcode>4820176240071</barcode>
			<stock_quantity>50</stock_quantity>
			<description>
				<![CDATA[<p>Екологічний столик для ноутбука або планшетного комп'ютера принесе Вам масу комфорту і задоволення від роботи або відпочинку.<br /><br />Окремо від каркаса стільниці передбачено регулювання кута нахилу стільниці для встановлення ноутбука або планшетного комп'ютера під різними кутами для комфортного користування.<br />Також на майданчику поряд з робочою поверхнею стільниці передбачена підставка під чашку з ароматною кавою або з тонізуючим чаєм.<br /><br />Висота столика регулюється при мінімальній висоті від підлоги до нижньої планки 18см, до стільниці - 23см. При максимальній висоті до нижньої планки 27, до стільниці 31,5см.<br />Ширина між ніжками у нижньому положенні 51см, у верхньому &ndash; 56см.<br /><br />На поверхні додаткового майданчика передбачено місце для безпечного розміщення Вашого смартфона при підзарядці від ноутбука або просто для фіксації.<br />Також змінені елементи дизайну, деталі фіксації висоти столика виконані у коричневому кольорі, що у поєднанні з теплими відтінками натурального бамбука чудово та зі смаком доповнює інтер'єр.<br /><br />Особливості:<br />Екологічно чистий бамбук, міцніший і довговічніший за звичайну деревину<br />Потужний кулер для охолодження ноутбука, що живиться від USB<br />4 положення нахилу стільниці + горизонтальний<br />Регулювання висоти столика (23-31см)<br />Підставка під мишку з місцем для чашки та смартфона<br />Шухляда для&nbsp;канцелярії<br />Передній упор для фіксації ноутбука.<br /><br />Розміри:<br />У складеному вигляді: 540 х 350 х 50 мм<br />Стільниця: 540 х 350 мм<br />Робоча поверхня: 365 х 335 мм<br />Підставка під мишку: 180 х 350 мм<br />Гранична висота: 370 мм<br />Довжина однієї секції ніжки: 290+80 мм<br />Максимальне навантаження &ndash; 15 кг;<br />Матеріал: бамбук;<br />Поглиблення для чашки чи телефону;<br />Висувна скринька для аксесуарів;<br />Регульований кут нахилу;<br />Ніші для канцелярії;<br />Вага &ndash; 3.13 кг<br /><br /></p>]]>
			</description>
			<param name="Вид"><![CDATA[Столики]]></param>
			<param name="Охлаждение"><![CDATA[Активное]]></param>
			<param name="Материал"><![CDATA[Дерево]]></param>
			<param name="Диагональ ноутбука"><![CDATA[17]]></param>
			<param name="Вентиляторы"><![CDATA[1, в комплекте USB кабель]]></param>
			<param name="Уровень шума"><![CDATA[5 дБА]]></param>
			<param name="Питание"><![CDATA[От порта USB]]></param>
			<param name="Цвет"><![CDATA[Коричневый]]></param>
			<param name="Вес, кг"><![CDATA[3.13]]></param>
			<param name="Гарантия"><![CDATA[6 месяцев]]></param>
			<param name="Странапроизводитель"><![CDATA[Китай]]></param>
			<param name="Страна регистрации бренда"><![CDATA[Украина]]></param>
			<param name="Наличие"><![CDATA[есть]]></param>
			<param name="вес в упаковке кг"><![CDATA[3.13]]></param>
			<param name="высота в упаковке см"><![CDATA[5]]></param>
			<param name="глубина в упаковке см"><![CDATA[35]]></param>
			<param name="ширина в упаковке см"><![CDATA[54]]></param>
			<param name="количество грузовых мест"><![CDATA[1]]></param>
			<param name="штрихкод"><![CDATA[4820176240071]]></param>
		</offer>
		<offer id="TT29" available="true">
			<url>https://ukrpodarok.com.ua/bambukovii-stolik-dlya-noutbuka-19-uft-t29.html</url>
			<price>1899</price>
			<price_old>2199</price_old>
			<currencyId>UAH</currencyId>
			<categoryId>1024</categoryId>
			<picture>https://ukrpodarok.com.ua/images/152387_0.jpg</picture>
			<picture>https://ukrpodarok.com.ua/images/152387_100729.jpg</picture>
			<picture>https://ukrpodarok.com.ua/images/152387_100730.jpg</picture>
			<picture>https://ukrpodarok.com.ua/images/152387_100731.jpg</picture>
			<picture>https://ukrpodarok.com.ua/images/152387_100732.jpg</picture>
			<picture>https://ukrpodarok.com.ua/images/152387_100733.jpg</picture>
			<vendor>UFT</vendor>
			<name>Бамбуковый столик для ноутбука 19&quot; UFT T29</name>
			<barcode>4820176271648</barcode>
			<stock_quantity>50</stock_quantity>
			<description>
				<![CDATA[Экологический складывающийся столик для ноутбука или планшетного компьютера&nbsp;<strong>UFT T29</strong>&nbsp;принесет Вам массу комфорта и удовольствия от работы или отдыха.<br />Угол наклона столешницы фиксируется в 4 положениях для комфортного пользования.&nbsp;В сложенном состоянии стлешница крепится к корпусу пластиковым фиксатором.<br />На передней части столика предусмотрен съемный упор для ноутбука.<br />Высота столика регулируется от 17,5см до 24см, достаточно ослабить винты и выдвинуть ножки на необходимую длинну.<br />Столик оборудован двумя кулерами для охлаждения ноутбука. Питание от USB кабеля, который можно подключить к самому ноутбуку. Длинна кабеля 40см, в корпусе предусмотрено технологическое отверстие, для того что бы вывести кабель сбоку.<br />Также на площадке рядом с рабочей поверхностью столешницы сделана круглая выемка под чашку.<br />Размеры:<br />В сложенном виде (ШхВхГ): 540 х 340 х 50 мм<br />Столешница (ШхВ): 540 х 350 мм<br />Рабочая поверхность (ШхВ): 365 х 310 мм<br />Подставка под мышку: 170 х 340 мм<br />Высота: 17,5 - 24 см<br />Дополнительные характеристики:<br />Вес: 2,98 кг (в упаковке 3,28кг)<br />Максимальная нагрузка: 15 кг<br />Цвет: Коричневый<br />Поверхность: Глянцевая<br />Особенности: Предельный угол наклона столешницы: 45&deg;<br />Небольшая выдвижная шухлядка для флешек и других гаджетов<br />Подставка для чашки и смартфона<br />Съемный упор для ноутбука<br />В два раза легче украинской древесины<br />В полтора раза твёрже дуба<br />Производится из натурального бамбука, который произростает в экологически чистом районе планеты<br />Не рассыхается и не вбирает влагу, подобно другим твердым древесным породам дерева<br />Комплектация: Столик для ноутбука, съемный передний упор для фиксации ноутбука, USB кабель питания<br /><br />Доступно 6 положений угла наклона.<br /><br />]]>
			</description>
			<param name="Вид"><![CDATA[Столики]]></param>
			<param name="Охлаждение"><![CDATA[Активное]]></param>
			<param name="Материал"><![CDATA[Дерево]]></param>
			<param name="Вентиляторы"><![CDATA[1, в комплекте USB кабель]]></param>
			<param name="Уровень шума"><![CDATA[5 дБА]]></param>
			<param name="Питание"><![CDATA[USB]]></param>
			<param name="Вес"><![CDATA[3.13 кг]]></param>
			<param name="Гарантия"><![CDATA[14 дней]]></param>
			<param name="Страна регистрации бренда"><![CDATA[Украина]]></param>
			<param name="Наличие"><![CDATA[есть]]></param>
			<param name="вес в упаковке кг"><![CDATA[3.13]]></param>
			<param name="высота в упаковке см"><![CDATA[8]]></param>
			<param name="глубина в упаковке см"><![CDATA[37]]></param>
			<param name="ширина в упаковке см"><![CDATA[57]]></param>
			<param name="количество грузовых мест"><![CDATA[1]]></param>
			<param name="штрихкод"><![CDATA[4820176271648]]></param>
		</offer>
		<offer id="TT13" available="true">
			<url>https://ukrpodarok.com.ua/bambukovii-stolik-dlya-noutbuka-s-reguliruemimi-nozhkami-uft-t13.html</url>
			<price>3299</price>
			<price_old>3399</price_old>
			<currencyId>UAH</currencyId>
			<categoryId>1024</categoryId>
			<picture>https://ukrpodarok.com.ua/images/152389_0.jpg</picture>
			<picture>https://ukrpodarok.com.ua/images/152389_100739.jpg</picture>
			<picture>https://ukrpodarok.com.ua/images/152389_100740.jpg</picture>
			<picture>https://ukrpodarok.com.ua/images/152389_100741.jpg</picture>
			<picture>https://ukrpodarok.com.ua/images/152389_100742.jpg</picture>
			<picture>https://ukrpodarok.com.ua/images/152389_100743.jpg</picture>
			<vendor>UFT</vendor>
			<name>Бамбуковый столик для ноутбука с регулируемыми ножками UFT T13</name>
			<barcode></barcode>
			<stock_quantity>50</stock_quantity>
			<description>
				<![CDATA[Столик для ноутбука&nbsp;бамбуковый почти в два раза легче украинской древесины и почти в полтора раза твёрже древесины дуба. Производится из натурального бамбука, который произростает в экологически чистом районе планеты. В связи с&nbsp;очень быстрым ростом (от 20 до 90 сантиметров за сутки), стебли не успевают накопить в себе вредных веществ, как это может быть в случае с другой древесиной. Бамбук не рассыхается и не набирает влагу, подобно другим твердым древесным породам дерева. У столика регулируется высота ножек, есть подставка для чашки и ящик для Ваших гаджетов. У столика есть два вентилятора.<br />Материал<br />Столешница/ножки: Натуральный экологичный бамбук<br />Размеры<br />В сложенном виде (ШхВхГ): 700 х 350 х 50 мм<br />Столешница (ШхВ): 700 х 340 мм<br />Рабочая поверхность (ШхВ): 380 х 335 мм<br />Подставка под мышку: 160 х 340 мм<br />Предельная высота: 370 мм<br />Длина одной секции ножки: 290 + 80 мм<br />Дополнительные характеристики:<br />Вес: 3,74 кг (в упаковке 4,14 кг)<br />Максимальная нагрузка: 15 кг<br />Цвет: Коричневый<br />Поверхность: Глянцевая<br /><br />Особенности: Подставка под мышку с обеих сторон от рабочей поверхности.<br />Предельный угол наклона столешницы: 45&deg;<br />Небольшая выдвижная шухлядка для флешек и других гаджетов<br />Подставка для чашки и смартфона<br />Съемный упор для ноутбука<br />Доступно 6 положений угла наклона.<br /><br /><br />Комплектация: Столик для ноутбука, съемный передний упор для фиксации ноутбука, USB кабель питания]]>
			</description>
			<param name="Вид"><![CDATA[Столики]]></param>
			<param name="Охлаждение"><![CDATA[Активное]]></param>
			<param name="Материал"><![CDATA[Бамбук]]></param>
			<param name="Вентиляторы"><![CDATA[2, в комплекте USB кабель]]></param>
			<param name="Питание"><![CDATA[USB]]></param>
			<param name="Вес"><![CDATA[3.74 кг]]></param>
			<param name="Гарантия"><![CDATA[1 месяц]]></param>
			<param name="Страна регистрации бренда"><![CDATA[Украина]]></param>
			<param name="Наличие"><![CDATA[есть]]></param>
		</offer>
		<offer id="uftt28" available="true">
			<url>https://ukrpodarok.com.ua/bambukovii-stolik-podstavka-dlya-noutbuka-19-uft-t28-s-aktivnim-ohlazhdeniem.html</url>
			<price>1899</price>
			<price_old>1999</price_old>
			<currencyId>UAH</currencyId>
			<categoryId>1024</categoryId>
			<picture>https://ukrpodarok.com.ua/images/151861_0.jpg</picture>
			<picture>https://ukrpodarok.com.ua/images/151861_100885.jpg</picture>
			<picture>https://ukrpodarok.com.ua/images/151861_100883.jpg</picture>
			<picture>https://ukrpodarok.com.ua/images/151861_100884.jpg</picture>
			<picture>https://ukrpodarok.com.ua/images/151861_100882.jpg</picture>
			<picture>https://ukrpodarok.com.ua/images/151861_100886.jpg</picture>
			<vendor>UFT</vendor>
			<name>Бамбуковый столик подставка для ноутбука 19&quot; UFT T28 с активным охлаждением</name>
			<barcode>4820176240545</barcode>
			<stock_quantity>50</stock_quantity>
			<description>
				<![CDATA[Экологический складывающийся столик для ноутбука или планшетного компьютера принесет Вам массу комфорта и удовольствия от работы или отдыха. Отдельно от каркаса столешницы предусмотрена регулировка угла наклона столешницы для установки ноутбука или планшетного компьютера под разными углами для комфортного пользования. Также на площадке рядом с рабочей поверхностью столешницы предусмотрена подставка под чашечку c ароматным кофе или c тонизирующим чаем. Компания&nbsp;CG идет в ногу со временем - по-этому также на поверхности дополнительной площадки предусмотрено место для безопасного размещения Вашего смартфона при подзарядке от ноутбука или просто для фиксации. Также изменены элементы дизайна, все детали фиксации высоты столика выполнены из качественного хромированного металла, что в сочетании с теплыми оттенками натурального бамбука прекрасно и со вкусом дополняет интерьер.<br /><br />Материал: Экологичный бамбук<br />Размер столешницы: 540 х 340 мм<br />Рабочая поверхность столешницы: 365 х 340 мм<br />В сложенном виде: 560 х 360 х 40 мм<br />Доступно 6 положений угла наклона.<br /><br />]]>
			</description>
			<param name="Охлаждение"><![CDATA[Активное]]></param>
			<param name="Вентиляторы"><![CDATA[2, в комплекте USB кабель]]></param>
			<param name="Материал"><![CDATA[Дерево]]></param>
			<param name="Вид материала"><![CDATA[Бамбук]]></param>
			<param name="Уровень шума"><![CDATA[5 дБА]]></param>
			<param name="Питание"><![CDATA[От порта USB]]></param>
			<param name="Производитель"><![CDATA[UFT]]></param>
			<param name="Размеры"><![CDATA[560 х 360 х 330 мм]]></param>
			<param name="Вес"><![CDATA[2.1 кг]]></param>
			<param name="Гарантия"><![CDATA[1 месяц]]></param>
			<param name="Наличие"><![CDATA[есть]]></param>
			<param name="вес в упаковке кг"><![CDATA[2.1]]></param>
			<param name="высота в упаковке см"><![CDATA[8]]></param>
			<param name="глубина в упаковке см"><![CDATA[37]]></param>
			<param name="ширина в упаковке см"><![CDATA[57]]></param>
			<param name="количество грузовых мест"><![CDATA[1]]></param>
			<param name="штрихкод"><![CDATA[4820176240545]]></param>
		</offer>
		<offer id="CGbandage1M" available="true">
			<url>https://ukrpodarok.com.ua/bandazh-dlya-beremennih-m-elastichnii-poyas-na-lipuchkah-uft-bandage.html</url>
			<price>435</price>
			<price_old>599</price_old>
			<currencyId>UAH</currencyId>
			<categoryId>152345</categoryId>
			<picture>https://ukrpodarok.com.ua/images/152340_0.jpg</picture>
			<picture>https://ukrpodarok.com.ua/images/152340_100472.jpg</picture>
			<picture>https://ukrpodarok.com.ua/images/152340_100473.jpg</picture>
			<picture>https://ukrpodarok.com.ua/images/152340_100474.jpg</picture>
			<picture>https://ukrpodarok.com.ua/images/152340_100475.jpg</picture>
			<picture>https://ukrpodarok.com.ua/images/152340_100476.jpg</picture>
			<picture>https://ukrpodarok.com.ua/images/152340_100477.jpg</picture>
			<vendor>UFT</vendor>
			<name>Бандаж для беременных M эластичный пояс на липучках UFT Bandage</name>
			<barcode>4820176271471</barcode>
			<stock_quantity>50</stock_quantity>
			<description>
				<![CDATA[<p>Дородовой бандаж предназначен для снятия нагрузки со спины в период беременности благодаря созданию дополнительной поддержки в области живота и поясницы.</p>  <p>Модель разработана специально для поддержки живота и снятия нагрузки со спины во время беременности. Размер бандажа можно корректировать по мере развития беременности, подбирая наиболее комфортное положение. Задняя часть бандажа выполнена из эластичного материала, а также имеет &laquo;решетчатую&raquo; структуру из сетчатой ленты, позволяющую коже дышать. Части, закрепляющиеся над и под животом, обеспечивают качественную поддержку без создания лишнего давления.<br />Размер:<br />Окружность:<br />S- від 110 см;<br />М - від 118 см,<br />L - від 126 см,<br />XL- 138 см,<br />XXL- 147 см.<br /><strong>Преимущества:</strong></p>    Бандаж является опорным ремнем для снятия болей в спине, пояснице, ногах и животе  Он обеспечит комфорт и поддержку вашей спине  Незаметен под одеждой, а потому не будет привлекать к себе лишнего внимания  Органично сливается с вашими формами  ]]>
			</description>
			<param name="Часть тела"><![CDATA[Живот;Пояснично-крестцовый;]]></param>
			<param name="Тип"><![CDATA[Бандаж]]></param>
			<param name="Особенности"><![CDATA[Для беременных]]></param>
			<param name="Степень фиксации"><![CDATA[Эластичный]]></param>
			<param name="Возрастная группа"><![CDATA[Для взрослых]]></param>
			<param name="Сторона"><![CDATA[Универсальные]]></param>
			<param name="Вид"><![CDATA[Медицинские]]></param>
			<param name="Размер"><![CDATA[M]]></param>
			<param name="Застежка"><![CDATA[На липучках]]></param>
			<param name="Модель трусов"><![CDATA[С комфортным поясом]]></param>
			<param name="Функция"><![CDATA[Разгрузочные;Фиксирующие;]]></param>
			<param name="Цвет"><![CDATA[Розовый]]></param>
			<param name="Бренд"><![CDATA[UFT]]></param>
			<param name="Страна регистрации бренда"><![CDATA[Украина]]></param>
			<param name="Гарантия"><![CDATA[1 месяц]]></param>
			<param name="Наличие"><![CDATA[есть]]></param>
			<param name="вес в упаковке кг"><![CDATA[0.3]]></param>
			<param name="высота в упаковке см"><![CDATA[4]]></param>
			<param name="глубина в упаковке см"><![CDATA[10]]></param>
			<param name="ширина в упаковке см"><![CDATA[10]]></param>
			<param name="количество грузовых мест"><![CDATA[1]]></param>
			<param name="штрихкод"><![CDATA[4820176271471]]></param>
		</offer>
		<offer id="CGbandage1S" available="true">
			<url>https://ukrpodarok.com.ua/bandazh-dlya-beremennih-s-elastichnii-poyas-na-lipuchkah-uft-bandage.html</url>
			<price>435</price>
			<price_old>599</price_old>
			<currencyId>UAH</currencyId>
			<categoryId>152345</categoryId>
			<picture>https://ukrpodarok.com.ua/images/152316_0.jpg</picture>
			<picture>https://ukrpodarok.com.ua/images/152316_100466.jpg</picture>
			<picture>https://ukrpodarok.com.ua/images/152316_100467.jpg</picture>
			<picture>https://ukrpodarok.com.ua/images/152316_100468.jpg</picture>
			<picture>https://ukrpodarok.com.ua/images/152316_100469.jpg</picture>
			<picture>https://ukrpodarok.com.ua/images/152316_100470.jpg</picture>
			<picture>https://ukrpodarok.com.ua/images/152316_100471.jpg</picture>
			<vendor>UFT</vendor>
			<name>Бандаж для беременных S эластичный пояс на липучках UFT Bandage</name>
			<barcode>4820176271525</barcode>
			<stock_quantity>50</stock_quantity>
			<description>
				<![CDATA[<p>Дородовой бандаж предназначен для снятия нагрузки со спины в период беременности благодаря созданию дополнительной поддержки в области живота и поясницы.</p>  <p>Модель разработана специально для поддержки живота и снятия нагрузки со спины во время беременности. Размер бандажа можно корректировать по мере развития беременности, подбирая наиболее комфортное положение. Задняя часть бандажа выполнена из эластичного материала, а также имеет «решетчатую» структуру из сетчатой ленты, позволяющую коже дышать. Части, закрепляющиеся над и под животом, обеспечивают качественную поддержку без создания лишнего давления.<br />Размер:<br />Окружность:<br />S- від 110 см;<br />М - від 118 см,<br />L - від 126 см,<br />XL- 138 см,<br />XXL- 147 см.</p>  <p><strong>Преимущества:</strong></p>    Бандаж является опорным ремнем для снятия болей в спине, пояснице, ногах и животе  Он обеспечит комфорт и поддержку вашей спине  Незаметен под одеждой, а потому не будет привлекать к себе лишнего внимания  Органично сливается с вашими формами  ]]>
			</description>
			<param name="Часть тела"><![CDATA[Живот;Пояснично-крестцовый]]></param>
			<param name="Тип"><![CDATA[Бандаж]]></param>
			<param name="Особенности"><![CDATA[Для беременных]]></param>
			<param name="Степень фиксации"><![CDATA[Эластичный]]></param>
			<param name="Возрастная группа"><![CDATA[Для взрослых]]></param>
			<param name="Размер"><![CDATA[Универсальный]]></param>
			<param name="Вид"><![CDATA[Медицинские]]></param>
			<param name="Застежка"><![CDATA[На липучках]]></param>
			<param name="Модель трусов"><![CDATA[С комфортным поясом]]></param>
			<param name="Функция"><![CDATA[Разгрузочные;Фиксирующие]]></param>
			<param name="Сторона"><![CDATA[Универсальные]]></param>
			<param name="Цвет"><![CDATA[Розовый]]></param>
			<param name="Бренд"><![CDATA[UFT]]></param>
			<param name="Страна регистрации бренда"><![CDATA[Украина]]></param>
			<param name="Гарантия"><![CDATA[1 месяц]]></param>
			<param name="Наличие"><![CDATA[есть]]></param>
			<param name="вес в упаковке кг"><![CDATA[0.27]]></param>
			<param name="высота в упаковке см"><![CDATA[4]]></param>
			<param name="глубина в упаковке см"><![CDATA[10]]></param>
			<param name="ширина в упаковке см"><![CDATA[10]]></param>
			<param name="количество грузовых мест"><![CDATA[1]]></param>
			<param name="штрихкод"><![CDATA[4820176271525]]></param>
		</offer>
		<offer id="CGXXLbandage1" available="true">
			<url>https://ukrpodarok.com.ua/bandazh-dlya-beremennih-xxl-elastichnii-poyas-na-lipuchkah-uft-bandage.html</url>
			<price>435</price>
			<price_old>599</price_old>
			<currencyId>UAH</currencyId>
			<categoryId>152345</categoryId>
			<picture>https://ukrpodarok.com.ua/images/152315_0.jpg</picture>
			<picture>https://ukrpodarok.com.ua/images/152315_100447.jpg</picture>
			<picture>https://ukrpodarok.com.ua/images/152315_100448.jpg</picture>
			<picture>https://ukrpodarok.com.ua/images/152315_100449.jpg</picture>
			<picture>https://ukrpodarok.com.ua/images/152315_100450.jpg</picture>
			<picture>https://ukrpodarok.com.ua/images/152315_100451.jpg</picture>
			<picture>https://ukrpodarok.com.ua/images/152315_100452.jpg</picture>
			<vendor>UFT</vendor>
			<name>Бандаж для беременных XXL эластичный пояс на липучках UFT Bandage</name>
			<barcode>4820176271518</barcode>
			<stock_quantity>50</stock_quantity>
			<description>
				<![CDATA[<p>Дородовой бандаж предназначен для снятия нагрузки со спины в период беременности благодаря созданию дополнительной поддержки в области живота и поясницы.</p>  <p>Модель разработана специально для поддержки живота и снятия нагрузки со спины во время беременности. Размер бандажа можно корректировать по мере развития беременности, подбирая наиболее комфортное положение. Задняя часть бандажа выполнена из эластичного материала, а также имеет &laquo;решетчатую&raquo; структуру из сетчатой ленты, позволяющую коже дышать. Части, закрепляющиеся над и под животом, обеспечивают качественную поддержку без создания лишнего давления.<br />Окружность:<br />S- від 110 см;<br />М - від 118 см,<br />L - від 126 см,<br />XL- 138 см,<br />XXL- 147 см.<br /><strong>Преимущества:</strong></p>    Бандаж является опорным ремнем для снятия болей в спине, пояснице, ногах и животе  Он обеспечит комфорт и поддержку вашей спине  Незаметен под одеждой, а потому не будет привлекать к себе лишнего внимания  Органично сливается с вашими формами.  ]]>
			</description>
			<param name="Размер"><![CDATA[XXL]]></param>
			<param name="Часть тела"><![CDATA[Живот;Пояснично-крестцовый;]]></param>
			<param name="Тип"><![CDATA[Бандаж]]></param>
			<param name="Особенности"><![CDATA[Для беременных]]></param>
			<param name="Степень фиксации"><![CDATA[Эластичный]]></param>
			<param name="Возрастная группа"><![CDATA[Для взрослых]]></param>
			<param name="Вид"><![CDATA[Медицинские]]></param>
			<param name="Застежка"><![CDATA[На липучках]]></param>
			<param name="Модель трусов"><![CDATA[С комфортным поясом]]></param>
			<param name="Функция"><![CDATA[Разгрузочные;Фиксирующие;]]></param>
			<param name="Сторона"><![CDATA[Универсальные]]></param>
			<param name="Цвет"><![CDATA[Бежевый]]></param>
			<param name="Страна регистрации бренда"><![CDATA[Украина]]></param>
			<param name="Гарантия"><![CDATA[1 месяц]]></param>
			<param name="Наличие"><![CDATA[есть]]></param>
			<param name="вес в упаковке кг"><![CDATA[0.27]]></param>
			<param name="высота в упаковке см"><![CDATA[4]]></param>
			<param name="глубина в упаковке см"><![CDATA[10]]></param>
			<param name="ширина в упаковке см"><![CDATA[10]]></param>
			<param name="количество грузовых мест"><![CDATA[1]]></param>
			<param name="штрихкод"><![CDATA[4820176271518]]></param>
		</offer>
		<offer id="CGbandage1L" available="true">
			<url>https://ukrpodarok.com.ua/bandazh-dlya-beremennih-elastichnii-poyas-l-na-lipuchkah-uft-bandage.html</url>
			<price>435</price>
			<price_old>599</price_old>
			<currencyId>UAH</currencyId>
			<categoryId>152345</categoryId>
			<picture>https://ukrpodarok.com.ua/images/152341_0.jpg</picture>
			<picture>https://ukrpodarok.com.ua/images/152341_100459.jpg</picture>
			<picture>https://ukrpodarok.com.ua/images/152341_100460.jpg</picture>
			<picture>https://ukrpodarok.com.ua/images/152341_100461.jpg</picture>
			<picture>https://ukrpodarok.com.ua/images/152341_100462.jpg</picture>
			<picture>https://ukrpodarok.com.ua/images/152341_100463.jpg</picture>
			<picture>https://ukrpodarok.com.ua/images/152341_100464.jpg</picture>
			<vendor>UFT</vendor>
			<name>Бандаж для беременных эластичный пояс L на липучках UFT Bandage</name>
			<barcode>4820176271464</barcode>
			<stock_quantity>50</stock_quantity>
			<description>
				<![CDATA[<p>Дородовой бандаж предназначен для снятия нагрузки со спины в период беременности благодаря созданию дополнительной поддержки в области живота и поясницы.</p>  <p>Модель разработана специально для поддержки живота и снятия нагрузки со спины во время беременности. Размер бандажа можно корректировать по мере развития беременности, подбирая наиболее комфортное положение. Задняя часть бандажа выполнена из эластичного материала, а также имеет &laquo;решетчатую&raquo; структуру из сетчатой ленты, позволяющую коже дышать. Части, закрепляющиеся над и под животом, обеспечивают качественную поддержку без создания лишнего давления.<br />Размер:<br />Окружность:<br />S- від 110 см;<br />М - від 118 см, <br />L - від 126 см, <br />XL- 138 см, <br />XXL- 147 см.</p>  <p><strong>Преимущества:</strong></p>    Бандаж является опорным ремнем для снятия болей в спине, пояснице, ногах и животе  Он обеспечит комфорт и поддержку вашей спине  Незаметен под одеждой, а потому не будет привлекать к себе лишнего внимания  Органично сливается с вашими формами  ]]>
			</description>
			<param name="Часть тела"><![CDATA[Живот;Пояснично-крестцовый;]]></param>
			<param name="Тип"><![CDATA[Бандаж]]></param>
			<param name="Особенности"><![CDATA[Для беременных]]></param>
			<param name="Степень фиксации"><![CDATA[Эластичный]]></param>
			<param name="Возрастная группа"><![CDATA[Для взрослых]]></param>
			<param name="Сторона"><![CDATA[Универсальные]]></param>
			<param name="Вид"><![CDATA[Медицинские]]></param>
			<param name="Размер"><![CDATA[L]]></param>
			<param name="Застежка"><![CDATA[На липучках]]></param>
			<param name="Модель трусов"><![CDATA[С комфортным поясом]]></param>
			<param name="Функция"><![CDATA[Разгрузочные;Фиксирующие;]]></param>
			<param name="Бренд"><![CDATA[UFT]]></param>
			<param name="Цвет"><![CDATA[Розовый]]></param>
			<param name="Страна регистрации бренда"><![CDATA[Украина]]></param>
			<param name="Гарантия"><![CDATA[1 месяц]]></param>
			<param name="Наличие"><![CDATA[есть]]></param>
			<param name="вес в упаковке кг"><![CDATA[0.3]]></param>
			<param name="высота в упаковке см"><![CDATA[4]]></param>
			<param name="глубина в упаковке см"><![CDATA[10]]></param>
			<param name="ширина в упаковке см"><![CDATA[10]]></param>
			<param name="количество грузовых мест"><![CDATA[1]]></param>
			<param name="штрихкод"><![CDATA[4820176271464]]></param>
		</offer>
		<offer id="CGXLbandage1" available="true">
			<url>https://ukrpodarok.com.ua/bandazh-dorodovii-xl-elastichnii-poyas-na-lipuchkah-uft-bandage.html</url>
			<price>435</price>
			<price_old>599</price_old>
			<currencyId>UAH</currencyId>
			<categoryId>152345</categoryId>
			<picture>https://ukrpodarok.com.ua/images/152413_0.jpg</picture>
			<picture>https://ukrpodarok.com.ua/images/152413_101009.jpg</picture>
			<picture>https://ukrpodarok.com.ua/images/152413_101010.jpg</picture>
			<picture>https://ukrpodarok.com.ua/images/152413_101011.jpg</picture>
			<picture>https://ukrpodarok.com.ua/images/152413_101012.jpg</picture>
			<picture>https://ukrpodarok.com.ua/images/152413_101013.jpg</picture>
			<picture>https://ukrpodarok.com.ua/images/152413_101014.jpg</picture>
			<vendor>UFT</vendor>
			<name>Бандаж дородовий XL еластичний пояс на липучках UFT Bandage</name>
			<barcode>4820176271501</barcode>
			<stock_quantity>50</stock_quantity>
			<description>
				<![CDATA[<p>Дородовой бандаж предназначен для снятия нагрузки со спины в период беременности благодаря созданию дополнительной поддержки в области живота и поясницы.</p>  <p>Модель разработана специально для поддержки живота и снятия нагрузки со спины во время беременности. Размер бандажа можно корректировать по мере развития беременности, подбирая наиболее комфортное положение. Задняя часть бандажа выполнена из эластичного материала, а также имеет &laquo;решетчатую&raquo; структуру из сетчатой ленты, позволяющую коже дышать. Части, закрепляющиеся над и под животом, обеспечивают качественную поддержку без создания лишнего давления.<br />Размер:<br />Окружность:<br />S- від 110 см;<br />М - від 118 см,<br />L - від 126 см,<br />XL- 138 см,<br />XXL- 147 см.<br /><strong>Преимущества:</strong></p>    Бандаж является опорным ремнем для снятия болей в спине, пояснице, ногах и животе  Он обеспечит комфорт и поддержку вашей спине  Незаметен под одеждой, а потому не будет привлекать к себе лишнего внимания  Органично сливается с вашими формами  ]]>
			</description>
			<param name="Часть тела"><![CDATA[Живот;Пояснично-крестцовый;]]></param>
			<param name="Тип"><![CDATA[Бандаж]]></param>
			<param name="Особенности"><![CDATA[Для беременных]]></param>
			<param name="Степень фиксации"><![CDATA[Эластичный]]></param>
			<param name="Возрастная группа"><![CDATA[Для взрослых]]></param>
			<param name="Сторона"><![CDATA[Универсальные]]></param>
			<param name="Вид"><![CDATA[Медицинские]]></param>
			<param name="Размер"><![CDATA[XL]]></param>
			<param name="Застежка"><![CDATA[На липучках]]></param>
			<param name="Модель трусов"><![CDATA[С комфортным поясом]]></param>
			<param name="Функция"><![CDATA[Разгрузочные;Фиксирующие;]]></param>
			<param name="Цвет"><![CDATA[Бежевый]]></param>
			<param name="Бренд"><![CDATA[UFT]]></param>
			<param name="Страна регистрации бренда"><![CDATA[Украина]]></param>
			<param name="Гарантия"><![CDATA[1 месяц]]></param>
			<param name="Наличие"><![CDATA[есть]]></param>
			<param name="вес в упаковке кг"><![CDATA[0.27]]></param>
			<param name="высота в упаковке см"><![CDATA[4]]></param>
			<param name="глубина в упаковке см"><![CDATA[10]]></param>
			<param name="ширина в упаковке см"><![CDATA[10]]></param>
			<param name="количество грузовых мест"><![CDATA[1]]></param>
			<param name="штрихкод"><![CDATA[4820176271501]]></param>
		</offer>
		<offer id="CB106" available="false">
			<url>https://ukrpodarok.com.ua/beibleid-nabor-s-arenoi-volchek-xeno-xcalibur-m-i-b-48-beyblade-ekskalibur-b-106-imperator-forneus-s-puskovim-ustroistvom.html</url>
			<price>252</price>
			<price_old>279</price_old>
			<currencyId>UAH</currencyId>
			<categoryId>50550</categoryId>
			<picture>https://ukrpodarok.com.ua/images/152354_0.jpg</picture>
			<picture>https://ukrpodarok.com.ua/images/152354_100513.jpg</picture>
			<picture>https://ukrpodarok.com.ua/images/152354_100512.jpg</picture>
			<picture>https://ukrpodarok.com.ua/images/152354_100511.jpg</picture>
			<picture>https://ukrpodarok.com.ua/images/152354_100510.jpg</picture>
			<vendor>Beyblade</vendor>
			<name>Бейблейд набор с ареной Волчек XENO XCALIBUR.M.I B-48 Beyblade Экскалибур + B-106 Император Форнеус с пусковым устройством</name>
			<barcode></barcode>
			<stock_quantity>0</stock_quantity>
			<description>
				<![CDATA[Волчки BeyBlade состоят из трех частей, которые собираются вручную. При игре они могут распадаться и с легкостью их можно собрать обратно. Все волчки BeyBlade взаимно заменяемые, поэтому собрав коллекцию из шести видов можно создавать свои варианты волчков используя преимущества каждого из них. Волчки BeyBlade могут иметь атакующие, балансирующие,защитные и выносливые свойства, в зависимости от модели волчка. Бейблэйд &ndash; развлечение для детей любого возраста BeyBlade это современный &laquo;волчок&raquo;, который запускается с помощью пускового механизма. Во время игры несколько участников одновременно бросают их на поле, где они сталкиваются между собой. Побеждает участник, волчок которого не разлетелся на части и крутился дольше.<br /><br /><strong>В набор входит:</strong><br />- Арена для соревнований<br />- Волчек&nbsp;B-48&nbsp;XENO XCALIBUR.M.I Экскалибур&nbsp;с пусковым устройством<br />- Волчек&nbsp;B-106 Император Форнеус с пусковым устройством]]>
			</description>
			<param name="Тип"><![CDATA[Герои мультфильмов]]></param>
			<param name="Вид детской бижутерии"><![CDATA[Наборы]]></param>
			<param name="Гарантия"><![CDATA[14 дней]]></param>
			<param name="Наличие"><![CDATA[нет]]></param>
		</offer>
		<offer id="CB35" available="false">
			<url>https://ukrpodarok.com.ua/beibleid-nabor-s-arenoi-volchek-xeno-xcalibur-m-i-b-48-beyblade-ekskalibur-b-35-shtorm-spraizen-s-puskovim-ustroistvom.html</url>
			<price>215</price>
			<price_old>265</price_old>
			<currencyId>UAH</currencyId>
			<categoryId>50550</categoryId>
			<picture>https://ukrpodarok.com.ua/images/152355_0.jpg</picture>
			<picture>https://ukrpodarok.com.ua/images/152355_100516.jpg</picture>
			<picture>https://ukrpodarok.com.ua/images/152355_100515.jpg</picture>
			<picture>https://ukrpodarok.com.ua/images/152355_100514.jpg</picture>
			<picture>https://ukrpodarok.com.ua/images/152355_100517.jpg</picture>
			<vendor>Beyblade</vendor>
			<name>Бейблейд набор с ареной Волчек XENO XCALIBUR.M.I B-48 Beyblade Экскалибур + B-35 Шторм Спрайзен с пусковым устройством</name>
			<barcode></barcode>
			<stock_quantity>0</stock_quantity>
			<description>
				<![CDATA[Волчки BeyBlade состоят из трех частей, которые собираются вручную. При игре они могут распадаться и с легкостью их можно собрать обратно. Все волчки BeyBlade взаимно заменяемые, поэтому собрав коллекцию из шести видов можно создавать свои варианты волчков используя преимущества каждого из них. Волчки BeyBlade могут иметь атакующие, балансирующие,защитные и выносливые свойства, в зависимости от модели волчка. Бейблэйд &ndash; развлечение для детей любого возраста BeyBlade это современный &laquo;волчок&raquo;, который запускается с помощью пускового механизма. Во время игры несколько участников одновременно бросают их на поле, где они сталкиваются между собой. Побеждает участник, волчок которого не разлетелся на части и крутился дольше.<br /><br /><strong>В набор входит:</strong><br />- Арена для соревнований<br />- Волчек&nbsp;B-48&nbsp;XENO XCALIBUR.M.I Экскалибур&nbsp;с пусковым устройством<br />- Волчек B-35&nbsp;Storm Spriggan Шторм Спрайзен&nbsp;с пусковым устройством]]>
			</description>
			<param name="Тип"><![CDATA[Герои мультфильмов]]></param>
			<param name="Вид детской бижутерии"><![CDATA[Наборы]]></param>
			<param name="Гарантия"><![CDATA[14 дней]]></param>
			<param name="Наличие"><![CDATA[нет]]></param>
		</offer>
		<offer id="CB20" available="false">
			<url>https://ukrpodarok.com.ua/beibleid-nabor-s-arenoi-volchek-xeno-xcalibur-m-i-b-48-beyblade-ekskalibur-b-48-b-20-horusood-spread-edge-s-puskovim-ustroistvom.html</url>
			<price>215</price>
			<price_old>267</price_old>
			<currencyId>UAH</currencyId>
			<categoryId>50550</categoryId>
			<picture>https://ukrpodarok.com.ua/images/152356_0.jpg</picture>
			<picture>https://ukrpodarok.com.ua/images/152356_100518.jpg</picture>
			<picture>https://ukrpodarok.com.ua/images/152356_100519.jpg</picture>
			<picture>https://ukrpodarok.com.ua/images/152356_100520.jpg</picture>
			<picture>https://ukrpodarok.com.ua/images/152356_100521.jpg</picture>
			<vendor>Beyblade</vendor>
			<name>Бейблейд набор с ареной Волчек XENO XCALIBUR.M.I B-48 Beyblade Экскалибур B-48 + B-20 Horusood Spread Edge с пусковым устройством</name>
			<barcode></barcode>
			<stock_quantity>0</stock_quantity>
			<description>
				<![CDATA[Волчки BeyBlade состоят из трех частей, которые собираются вручную. При игре они могут распадаться и с легкостью их можно собрать обратно. Все волчки BeyBlade взаимно заменяемые, поэтому собрав коллекцию из шести видов можно создавать свои варианты волчков используя преимущества каждого из них. Волчки BeyBlade могут иметь атакующие, балансирующие,защитные и выносливые свойства, в зависимости от модели волчка. Бейблэйд &ndash; развлечение для детей любого возраста BeyBlade это современный &laquo;волчок&raquo;, который запускается с помощью пускового механизма. Во время игры несколько участников одновременно бросают их на поле, где они сталкиваются между собой. Побеждает участник, волчок которого не разлетелся на части и крутился дольше.<br /><br />Набор включает в себя игровое поле - Арену и два боевых волчка с пусковыми устройствами: B48 Экскалибур и&nbsp;Хорусуд Спид Едж B-20.<br />Пусковые устройства имеют сьемную ручку. В комплекте есть набор наклеек, которыми можно украсить свой Бэй.]]>
			</description>
			<param name="Тип"><![CDATA[Герои мультфильмов]]></param>
			<param name="Вид детской бижутерии"><![CDATA[Наборы]]></param>
			<param name="Гарантия"><![CDATA[14 дней]]></param>
			<param name="Наличие"><![CDATA[нет]]></param>
		</offer>
		<offer id="CB34" available="false">
			<url>https://ukrpodarok.com.ua/beibleid-nabor-s-arenoi-volchek-xeno-xcalibur-m-i-b-48-beyblade-ekskalibur-b-48-victory-valkyrie-valkiriya-b-34-s-puskovim-ustroistvom.html</url>
			<price>252</price>
			<price_old>279</price_old>
			<currencyId>UAH</currencyId>
			<categoryId>50550</categoryId>
			<picture>https://ukrpodarok.com.ua/images/152359_0.jpg</picture>
			<picture>https://ukrpodarok.com.ua/images/152359_100534.jpg</picture>
			<picture>https://ukrpodarok.com.ua/images/152359_100535.jpg</picture>
			<picture>https://ukrpodarok.com.ua/images/152359_100536.jpg</picture>
			<picture>https://ukrpodarok.com.ua/images/152359_100537.jpg</picture>
			<picture>https://ukrpodarok.com.ua/images/152359_100538.jpg</picture>
			<picture>https://ukrpodarok.com.ua/images/152359_100539.jpg</picture>
			<vendor>Beyblade</vendor>
			<name>Бейблейд набор с ареной Волчек XENO XCALIBUR.M.I B-48 Beyblade Экскалибур B-48 + Victory Valkyrie Валкирия B-34 с пусковым устройством</name>
			<barcode></barcode>
			<stock_quantity>0</stock_quantity>
			<description>
				<![CDATA[Волчки BeyBlade состоят из трех частей, которые собираются вручную. При игре они могут распадаться и с легкостью их можно собрать обратно. Все волчки BeyBlade взаимно заменяемые, поэтому собрав коллекцию из шести видов можно создавать свои варианты волчков используя преимущества каждого из них. Волчки BeyBlade могут иметь атакующие, балансирующие,защитные и выносливые свойства, в зависимости от модели волчка. Бейблэйд &ndash; развлечение для детей любого возраста BeyBlade это современный &laquo;волчок&raquo;, который запускается с помощью пускового механизма. Во время игры несколько участников одновременно бросают их на поле, где они сталкиваются между собой. Побеждает участник, волчок которого не разлетелся на части и крутился дольше.<br /><br /><strong>В набор входит:</strong><br />- Арена для соревнований<br />- Волчек&nbsp;B-48&nbsp;XENO XCALIBUR.M.I Экскалибур&nbsp;с пусковым устройством<br />- Волчек B-34&nbsp;Victory Valkyrie Валкирия с пусковым устройством]]>
			</description>
			<param name="Тип"><![CDATA[Герои мультфильмов]]></param>
			<param name="Вид детской бижутерии"><![CDATA[Наборы]]></param>
			<param name="Гарантия"><![CDATA[14 дней]]></param>
			<param name="Наличие"><![CDATA[нет]]></param>
		</offer>
		<offer id="CB481" available="false">
			<url>https://ukrpodarok.com.ua/beibleid-nabor-s-arenoi-volchek-xeno-xcalibur-m-i-b-48-beyblade-ekskalibur-i-b-23-ekskalius-zolotoi-drakon-s-puskovim-ustroistvom.html</url>
			<price>215</price>
			<price_old>267</price_old>
			<currencyId>UAH</currencyId>
			<categoryId>50550</categoryId>
			<picture>https://ukrpodarok.com.ua/images/152357_0.jpg</picture>
			<picture>https://ukrpodarok.com.ua/images/152357_100522.jpg</picture>
			<picture>https://ukrpodarok.com.ua/images/152357_100523.jpg</picture>
			<picture>https://ukrpodarok.com.ua/images/152357_100524.jpg</picture>
			<picture>https://ukrpodarok.com.ua/images/152357_100525.jpg</picture>
			<picture>https://ukrpodarok.com.ua/images/152357_100526.jpg</picture>
			<picture>https://ukrpodarok.com.ua/images/152357_100527.jpg</picture>
			<vendor>Beyblade</vendor>
			<name>Бейблейд набор с ареной Волчек XENO XCALIBUR.M.I B-48 Beyblade Экскалибур и B-23 Экскалиус Золотой Дракон с пусковым устройством</name>
			<barcode></barcode>
			<stock_quantity>0</stock_quantity>
			<description>
				<![CDATA[Волчки BeyBlade состоят из трех частей, которые собираются вручную. При игре они могут распадаться и с легкостью их можно собрать обратно. Все волчки BeyBlade взаимно заменяемые, поэтому собрав коллекцию из шести видов можно создавать свои варианты волчков используя преимущества каждого из них. Волчки BeyBlade могут иметь атакующие, балансирующие,защитные и выносливые свойства, в зависимости от модели волчка. Бейблэйд &ndash; развлечение для детей любого возраста BeyBlade это современный &laquo;волчок&raquo;, который запускается с помощью пускового механизма. Во время игры несколько участников одновременно бросают их на поле, где они сталкиваются между собой. Побеждает участник, волчок которого не разлетелся на части и крутился дольше.<br /><br /><strong>В набор входит:</strong><br />- Арена для соревнований<br />- Волчек&nbsp;B-48&nbsp;XENO XCALIBUR.M.I Экскалибур&nbsp;с пусковым устройством<br />- Волчек B-23 Экскалиус Золотой Дракон с пусковым устройством]]>
			</description>
			<param name="Тип"><![CDATA[Герои мультфильмов]]></param>
			<param name="Вид детской бижутерии"><![CDATA[Наборы]]></param>
			<param name="Гарантия"><![CDATA[14 дней]]></param>
			<param name="Наличие"><![CDATA[нет]]></param>
		</offer>
		<offer id="FT118" available="false">
			<url>https://ukrpodarok.com.ua/beskontaktnii-infrakrasnii-elektronnii-termometr-landwind-lw-ft118-belii.html</url>
			<price>1999</price>
			<currencyId>UAH</currencyId>
			<categoryId>151812</categoryId>
			<picture>https://ukrpodarok.com.ua/images/52869_0.jpg</picture>
			<picture>https://ukrpodarok.com.ua/images/52869_69376.jpg</picture>
			<picture>https://ukrpodarok.com.ua/images/52869_69377.jpg</picture>
			<picture>https://ukrpodarok.com.ua/images/52869_69375.jpg</picture>
			<vendor>CG</vendor>
			<name>Бесконтактный инфракрасный электронный термометр LANDWIND LW FT118 Белый</name>
			<barcode></barcode>
			<stock_quantity>0</stock_quantity>
			<description>
				<![CDATA[<p>Бесконтактный термометр&nbsp;LANDWIND использует новейшую инфракрасную технологию для измерения температуры тела или выбранной поверхности.</p>  <p></p>]]>
			</description>
			<param name="Тип"><![CDATA[Инфракрасные]]></param>
			<param name="Питание"><![CDATA[2 x AAA ( В комплект не входят )]]></param>
			<param name="Гарантия"><![CDATA[1 месяц]]></param>
			<param name="Цвет"><![CDATA[Белый]]></param>
			<param name="Гибкий наконечник"><![CDATA[Нет]]></param>
			<param name="Водонепроницаемый корпус"><![CDATA[Нет]]></param>
			<param name="Наличие"><![CDATA[нет]]></param>
		</offer>
		<offer id="WC1" available="false">
			<url>https://ukrpodarok.com.ua/besprovodnaya-zaryadka-dlya-ustroistv-s-podderzhkoi-qi-cg-air-charge-wc1.html</url>
			<price>165</price>
			<price_old>199</price_old>
			<currencyId>UAH</currencyId>
			<categoryId>1293</categoryId>
			<picture>https://ukrpodarok.com.ua/images/52444_0.jpg</picture>
			<picture>https://ukrpodarok.com.ua/images/52444_0.jpg</picture>
			<picture>https://ukrpodarok.com.ua/images/52444_0.jpg</picture>
			<picture>https://ukrpodarok.com.ua/images/52444_26742.jpg</picture>
			<picture>https://ukrpodarok.com.ua/images/52444_26743.jpg</picture>
			<picture>https://ukrpodarok.com.ua/images/52444_0.jpg</picture>
			<picture>https://ukrpodarok.com.ua/images/52444_26744.jpg</picture>
			<vendor>CG</vendor>
			<name>Беспроводная зарядка для устройств с поддержкой QI CG Air Charge WC1</name>
			<barcode>4820176246806</barcode>
			<stock_quantity>0</stock_quantity>
			<description>
				<![CDATA[Беспроводная зарядка Air Charge WC1&nbsp;- это современный способ зарядить свой смартфон, когда он слабо заряжен, не нуждаясь в кабеле. Зарядка осуществляется посредством индукционного поля. Вы просто кладете телефон на QI зарядку и он заряжается автоматически.Для смартфонов у которых нет поддержки такого вида зарядки требуется специальный приемник-ресивер, который можно спрятать под чехол. Идеальный способ зарядить свой телефон без необходимости исходя кабелей и проводов, разместите его у себя дома, в офисе или в автомобиле.<br />Дополнительные характеристики:<br />  Входное напряжение : 5V/2A, 5V/1,5A&nbsp;<br />Выходное напряжение: 5V/1A&nbsp;<br />Мощность: 5W&nbsp;<br />Преобразование мощности: &gt;76%&nbsp;<br />Дальность передачи: 2-8 мм&nbsp;<br />Материал: пластик&nbsp;<br />Цвет: черный с белым  Габариты:ВхШхГ: 69х69х10мм  Вес: 50 грамм<br />Совместимость:  iPhone 8, iPhone 8+, iPhone X, iPhone Xs, iPhone Xs MAX, iPhone Xr, Apple Watch Series 4<br />Модели Samsung с поддержкой стандарта QI<br />Все мобильные устройства и аксессуары с поддержкой стандарта Qi]]>
			</description>
			<param name="Тип"><![CDATA[Беспроводные]]></param>
			<param name="Особенности"><![CDATA[Беспроводная зарядка]]></param>
			<param name="Выходной ток"><![CDATA[1 А]]></param>
			<param name="Питание"><![CDATA[USB]]></param>
			<param name="Выходной разъем"><![CDATA[microUSB]]></param>
			<param name="Цвет"><![CDATA[Черный]]></param>
			<param name="Количество USBпортов"><![CDATA[1]]></param>
			<param name="Гарантия"><![CDATA[6 месяцев]]></param>
			<param name="Наличие"><![CDATA[нет]]></param>
			<param name="штрихкод"><![CDATA[4820176246806]]></param>
		</offer>
		<offer id="UFTTCM2" available="true">
			<url>https://ukrpodarok.com.ua/besprovodnoi-petlichnii-mikrofon-dvoinoi-s-priemnikom-dlya-iphone-uft-tcm2.html</url>
			<price>1499</price>
			<price_old>1770</price_old>
			<currencyId>UAH</currencyId>
			<categoryId>52718</categoryId>
			<picture>https://ukrpodarok.com.ua/images/152469_0.jpg</picture>
			<picture>https://ukrpodarok.com.ua/images/152469_101306.jpg</picture>
			<picture>https://ukrpodarok.com.ua/images/152469_101307.jpg</picture>
			<picture>https://ukrpodarok.com.ua/images/152469_101308.jpg</picture>
			<picture>https://ukrpodarok.com.ua/images/152469_101309.jpg</picture>
			<picture>https://ukrpodarok.com.ua/images/152469_101310.jpg</picture>
			<vendor>UFT</vendor>
			<name>Беспроводной петличный микрофон Двойной с приемником для iPhone UFT TCM2</name>
			<barcode>4820176281746</barcode>
			<stock_quantity>50</stock_quantity>
			<description>
				<![CDATA[<p>UFTTCM2 это новый опыт в записи звука, просто подключи и пользуйся.<br />В комплект входит два петличных микрофона и приемник который подключается к iPhone или iPad, после чего происходит автоматическая синхронизация, просто включайте диктофон и записывайте идеальный звук з двух микрофонов.<br /><br /><strong>Петличные микрофоны</strong><br />Для включения/выключения петличек достаточно зажать на несколько секунд кнопку на каждой из них, после чего загорится индикатор<br />Красный/зеленый - поиск приемника. После подключения приемника к смартфону, индикатор будет светится Зеленым, что свидетельствует про готовность к записи.<br />Заряжается каждая петлика отдельно по кабелю Type-C (идет в комплекте).<br />Микрофоны имеют клипсу для крепления на одежду, поролоновую ветрозащиту.<br /><br />Микрофон имеет исенаправленный капсуль, и оснащен интеллектуальными чипами шумоподавления профессионального уровня, обеспечивающими эффективную идентификацию исходного звука и четкую запись в шумной среде. <br /><br /><br /><strong>Приемник</strong><br />Не требует зарядки, начинает работать как только вы подключили его в разйем Айон или Айпад.<br />В приемнике есть разьем lightning с помощью которого можна подзаряжать смартфон во время записи.<br />Таким образом время записи ограничивается лиш временем работы аккумуляторов в каждой из петличек.<br /><br />Для работы не требуется Bluetooth соединение, и никаких сторонних прилажений. <br />Записываться можна через стандартный диктофон или использовать другое приложение для записи звука.<br />Кроме того без дополнительных настроек можна вести трансляцию в любые соцсети, такие как YouTube, TikTok, Instagram, Facebook, Twitter и так далее. </p>  <p><br />Устройство поддерживает продукцию Apple с раземом lightning: iPhone 7/7 Plus, 8/8 Plus, X/XR/XS/XS Max, 11/11 Pro/11 Pro Max, 12/12 Pro, и iPad 2/3/4, серии iPad Air, iPad Pro<br /><br /><strong><br />Важно</strong>. Не отключайте приемник во время записи.</p>]]>
			</description>
			<param name="Разъемы"><![CDATA[Lightning; USB Type-C]]></param>
			<param name="Вес"><![CDATA[7]]></param>
			<param name="Диапазон частот"><![CDATA[20 -20000 Гц]]></param>
			<param name="Питание"><![CDATA[5 В]]></param>
			<param name="цВЕТ"><![CDATA[Черный]]></param>
			<param name="Направленность"><![CDATA[Всенаправленные]]></param>
			<param name="Беспроводное подключение"><![CDATA[Bluetooth]]></param>
			<param name="Гарантия"><![CDATA[14 дней]]></param>
			<param name="Наличие"><![CDATA[есть]]></param>
			<param name="вес в упаковке кг"><![CDATA[0.3]]></param>
			<param name="высота в упаковке см"><![CDATA[12]]></param>
			<param name="глубина в упаковке см"><![CDATA[10]]></param>
			<param name="ширина в упаковке см"><![CDATA[10]]></param>
			<param name="количество грузовых мест"><![CDATA[1]]></param>
			<param name="штрихкод"><![CDATA[4820176281746]]></param>
		</offer>
		<offer id="UFTM8C" available="true">
			<url>https://ukrpodarok.com.ua/besprovodnoi-petlichnii-mikrofon-s-priemnikom-i-keisom-dlya-zaryadki-type-c-uft-m8-c-pro.html</url>
			<price>1744</price>
			<price_old>1799</price_old>
			<currencyId>UAH</currencyId>
			<categoryId>52718</categoryId>
			<picture>https://ukrpodarok.com.ua/images/152457_0.jpg</picture>
			<picture>https://ukrpodarok.com.ua/images/152457_101237.jpg</picture>
			<picture>https://ukrpodarok.com.ua/images/152457_101238.jpg</picture>
			<picture>https://ukrpodarok.com.ua/images/152457_101239.jpg</picture>
			<picture>https://ukrpodarok.com.ua/images/152457_101240.jpg</picture>
			<picture>https://ukrpodarok.com.ua/images/152457_101241.jpg</picture>
			<picture>https://ukrpodarok.com.ua/images/152457_101242.jpg</picture>
			<vendor>UFT</vendor>
			<name>Беспроводной петличный микрофон с приемником и кейсом для зарядки Type-C UFT M8-C Pro</name>
			<barcode>4820176281814</barcode>
			<stock_quantity>50</stock_quantity>
			<description>
				<![CDATA[  <p>UFT M8-C это комплект состоящий из петличного микрофона, приемником и зарядного футляра.<br />Приемник имеет интерфейс Type-C подключается к iPhone и Androide и записывает звук с обоих микрофонов, гапример, во время интервью, или же из одного если другой выключить.<br />Микрофоны имеют клипсу, ветрозащиту.<br />Микрофон и приемник заряжаются в кейсе как обычные наушники, а сам кейс заряжается от шнура Type-C.<br /><br /><br /><strong>Технические характеристики:</strong><br /><br />1. Сверхнизкая задержка, безбарьерный прием на расстоянии 10 метров, прямая трансляция на открытом воздухе.</p>  <p>2. Нет APP, подключи и работай, подключение одной клавишей, легко носить.</p>  <p>3. Интеллектуальное шумоподавление, 10 часов длительной работы от батареи, легкость работы в различных шумных средах, беззаботная съемка, чтобы удовлетворить ваши ежедневные потребности.</p>  <p>4. 360" всенаправленный датчик, записывайте каждую деталь звука.</p>  <p>5. Маленький и удобный, совместимый с разными устройствами, поддерживает мобильные телефоны, планшеты, камеры, ноутбуки и т.д.</p>  <br /><br />        <strong>Спецификация микрофона</strong>      Частота/частота дискретизации  2,4 ГГц/32 КГц       Оборудование  Входное напряжение зарядки  4,8~5,4 В постоянного тока      Питание на токе  3 мА-10 мА      Текущий поиск  8,9~14 мА      Ток зарядки  70 мА      Рабочий ток  9,9 мА?11 мА      Выключение тока  6 мкА      Время зарядки  около 1 часа      Рабочее время  5 ч       Аккумулятор?401020?  Емкость  60 мАч      вес  1,4 г      микрофон  Тип  Цифровой микрофон      Чувствительность  -38 дБ полной шкалы      Соотношение S/N  64 дБ(А)      Диапазон частот  20-20 кГц      антенна  керамически      Задержка передачи  15 мс       Световой индикатор  RGB       Как заряжать  Поместите его в зарядный футляр       Вес  8,1 г      Размер  46,97*17,4*16,64 мм                   Интерфейс микрофона      Функция  Операция  Световой индикатор      Включите питание  нажмите кнопку питания в течение 2 секунд  Горит зеленый свет      Выключите питание  нажмите кнопку питания в течение 3 секунд  Зеленый свет не горит      Четкое сообщение  4 последовательных нажатия кнопки питания  Быстро мигает зеленый свет      Поиск пары  /  Зеленый свет медленно мигает      Парни  /  Зеленый свет продолжает гореть      Зарядка  /  Красный свет продолжает гореть      Полностью заряжен  /  Красный свет выключен      Сигнализация о низком заряде батареи  /  Синий свет медленно мигает      Автоматическое отключение  Отсутствие связи с устройствами через 3 минуты           <br /><br />        Спецификация приемника Type-C       Частота  2,4 ГГц       Оборудование  Текущий поиск  25-31 мА      Питание на токе  25-31 мА      Ток ожидания  /      Рабочий ток  29-31 мА      Как заряжать  Подключите устройство      Световой индикатор  Зеленый/Красный      Вес единицы  5 г      Размер единицы  41*26,6*10 мм      Спецификация зарядного футляра      Батарея(802030)  Тип   Полимер литий-ионный      Емкость  450 мАч      Дага  8,1 года      Защита контроля температуры  >45°      Ток зарядки  около 320 мА      Время зарядки  примерно 1,5 ч      Ток ожидания  5 мкА      Входной порт зарядки  Тип-С      Входное напряжение зарядного футляра  Постоянный ток 4,8~5,4 В      Световой индикатор зарядного футляра  Красный/Синий      Размер  62,5*60*27,5 мм      Вес (без микрофона и приемника)  36,5 г       Интерфейс приемника Type-C      функция  Операция  Световой индикатор      Включите питание  Подключите устройство  Красный свет продолжает гореть      Выключите питание  Выключите устройство  /      Поиск пары  /  Красный свет медленно мигает      Парни  /  Красный свет продолжает гореть      Четкое сообщение   Дважды нажмите клавишу сброса  Быстро мигает красный свет      Световой индикатор зарядного футляра         Зарядка  Световой индикатор      1  Заряжайте только футляр  Красный свет мигает при зарядке<br />Красный свет горит после полной зарядки      2  Зарядить микрофон  Синий свет горит 3 секунды        ]]>
			</description>
			<param name="Разъемы"><![CDATA[USB Type-C]]></param>
			<param name="Направленность"><![CDATA[Всенаправленные]]></param>
			<param name="Беспроводное подключение"><![CDATA[Bluetooth]]></param>
			<param name="Гарантия"><![CDATA[14 дней]]></param>
			<param name="Наличие"><![CDATA[есть]]></param>
			<param name="вес в упаковке кг"><![CDATA[0.3]]></param>
			<param name="высота в упаковке см"><![CDATA[13]]></param>
			<param name="глубина в упаковке см"><![CDATA[13]]></param>
			<param name="ширина в упаковке см"><![CDATA[13]]></param>
			<param name="количество грузовых мест"><![CDATA[1]]></param>
			<param name="штрихкод"><![CDATA[4820176281814]]></param>
		</offer>
		<offer id="CGHBQi7s" available="false">
			<url>https://ukrpodarok.com.ua/besprovodnie-bluetooth-naushniki-uft-hbq-i7s-tws-white-s-keisom-futlyarom.html</url>
			<price>235</price>
			<price_old>299</price_old>
			<price_promo>212</price_promo>
			<currencyId>UAH</currencyId>
			<categoryId>51055</categoryId>
			<picture>https://ukrpodarok.com.ua/images/152334_0.jpg</picture>
			<picture>https://ukrpodarok.com.ua/images/152334_100336.jpg</picture>
			<picture>https://ukrpodarok.com.ua/images/152334_100337.jpg</picture>
			<picture>https://ukrpodarok.com.ua/images/152334_100338.jpg</picture>
			<picture>https://ukrpodarok.com.ua/images/152334_100339.jpg</picture>
			<picture>https://ukrpodarok.com.ua/images/152334_100340.jpg</picture>
			<vendor>UFT</vendor>
			<name>Беспроводные Bluetooth наушники UFT HBQ i7S TWS White с кейсом-футляром</name>
			<barcode>4820176256119</barcode>
			<stock_quantity>0</stock_quantity>
			<description>
				<![CDATA[HBQ i7s TWS &mdash; оригинальные беспроводные наушники в виде аккуратных округлых вкладышей с консолью для микрофона.I7S TWS также оснащены встроенным миниатюрным микрофоном. При подключении микрофон позволяет принимать вызовы. Когда кто-то позвонит, нажмите на кнопку, чтобы ответить на вызов. Заряд батареи предоставляет возможность слушать музыку непрерывно в течение двух &ndash; четырех часов. Если же вы далеко от розетки &mdash; чехол-зарядка подарит до 100 часов времени дополнительно.<br />]]>
			</description>
			<param name="Тип наушников"><![CDATA[Вкладыши]]></param>
			<param name="Тип подключения"><![CDATA[Беспроводные]]></param>
			<param name="Цвет"><![CDATA[Белый]]></param>
			<param name="Интерфейс подключения"><![CDATA[Bluetooth]]></param>
			<param name="Материал амбушюр"><![CDATA[Пластик]]></param>
			<param name="Тип излучателя"><![CDATA[Динамический]]></param>
			<param name="Диапазон частот наушников"><![CDATA[20-20000 Гц]]></param>
			<param name="Тип крепления"><![CDATA[Без крепления]]></param>
			<param name="Тип микрофона"><![CDATA[Конденсаторный]]></param>
			<param name="Микрофон"><![CDATA[Встроенный]]></param>
			<param name="Направленность микрофона"><![CDATA[Всенаправленный]]></param>
			<param name="Диапазон частот микрофона"><![CDATA[120&amp;plusmn;5 дБ]]></param>
			<param name="Импеданс, Ом"><![CDATA[15]]></param>
			<param name="Гарантия"><![CDATA[14дней]]></param>
			<param name="Наличие"><![CDATA[нет]]></param>
			<param name="вес в упаковке кг"><![CDATA[0.17]]></param>
			<param name="высота в упаковке см"><![CDATA[10]]></param>
			<param name="глубина в упаковке см"><![CDATA[10]]></param>
			<param name="ширина в упаковке см"><![CDATA[4]]></param>
			<param name="количество грузовых мест"><![CDATA[1]]></param>
			<param name="штрихкод"><![CDATA[4820176256119]]></param>
		</offer>
		<offer id="CGI9SKhaki" available="false">
			<url>https://ukrpodarok.com.ua/besprovodnie-bluetooth-naushniki-s-keisom-v5-0-cg-i9s-tws-khaki.html</url>
			<price>587</price>
			<price_old>699</price_old>
			<currencyId>UAH</currencyId>
			<categoryId>51055</categoryId>
			<picture>https://ukrpodarok.com.ua/images/52811_0.jpg</picture>
			<vendor>CG</vendor>
			<name>Беспроводные Bluetooth наушники с кейсом V5.0 CG I9S TWS Khaki</name>
			<barcode></barcode>
			<stock_quantity>0</stock_quantity>
			<description>
				<![CDATA[<p>Беспроводная Bluetooth стерео гарнитура дает возможность слушать музыку, смотреть видео а также отвечать на звонки во время вождения, прогулок, занятия спортом.<br />Оснащены многофункциональной кнопкой при помощи которой можно принимать/завершать звонки, воспроизвести/поставить на паузу песню/видео не вынимая телефон из кармана, это очень удобно.<br />Во время звонка работают оба наушника.</p>  <p>Технические характеристики:<br />&ndash; Версия Bluetooth: V5.0<br />&ndash; Рабочее расстояние беспроводной гарнитуры: до 10 м<br />&ndash; Время работы в режиме ожидания: до 120 часов<br />&ndash; Время работы в режиме прослушивания музыки: до 3 часов<br />&ndash; Время работы в режиме разговора: 4-5 часов<br />&ndash; Время зарядки: около 60 минут (батарея 60 мАч)<br />&ndash; Материал: пластик (динамик защищен алюминиевой решеткой) &ndash; Размер: 35мм х 15мм<br />&ndash; Диапазон частот: 20-20000 Гц<br />&ndash; Тип микрофона: Конденсаторный<br />&ndash; Дополнительные возможности: Возможность принимать звонки. Бокс для хранения и зарядки (хватает на 3-4 полные зарядки).<br />&ndash;&nbsp;Цвет:&nbsp;Хаки</p>  <p>Комплектация:<br />1 х Мини Bluetooth гарнитура (2 наушника)<br />1 х USB кабель для зарядки<br />1 х Докстанция<br />1 х Инструкция</p>]]>
			</description>
			<param name="Гарантия"><![CDATA[6 месяцев]]></param>
			<param name="Наличие"><![CDATA[нет]]></param>
		</offer>
		<offer id="I9STWS" available="false">
			<url>https://ukrpodarok.com.ua/besprovodnie-bluetooth-naushniki-s-keisom-i-chehlom-cg-i9s-white.html</url>
			<price>399</price>
			<currencyId>UAH</currencyId>
			<categoryId>51055</categoryId>
			<picture>https://ukrpodarok.com.ua/images/151277_0.jpg</picture>
			<picture>https://ukrpodarok.com.ua/images/151277_99485.jpg</picture>
			<picture>https://ukrpodarok.com.ua/images/151277_99484.jpg</picture>
			<picture>https://ukrpodarok.com.ua/images/151277_99482.jpg</picture>
			<picture>https://ukrpodarok.com.ua/images/151277_99483.jpg</picture>
			<vendor>СG</vendor>
			<name>Беспроводные Bluetooth наушники с кейсом и чехлом CG I9S White</name>
			<barcode></barcode>
			<stock_quantity>0</stock_quantity>
			<description>
				<![CDATA[<p>Беспроводная Bluetooth стерео гарнитура дает возможность слушать музыку, смотреть видео а также отвечать на звонки во время вождения, прогулок, занятия спортом.<br />Оснащены многофункциональной кнопкой при помощи которой можно принимать/завершать звонки, воспроизвести/поставить на паузу песню/видео не вынимая телефон из кармана, это очень удобно.</p>  <p>Технические характеристики:<br />- Версия Bluetooth: V4.2<br />- Рабочее расстояние беспроводной гарнитуры: до 10 м<br />- Время работы в режиме ожидания: до 120 часов<br />- Время работы в режиме прослушивания музыки: до 3 часов<br />- Время работы в режиме разговора: 4-5 часов<br />- Время зарядки: около 60 минут (батарея 60 мАч)<br />- Материал: пластик (динамик защищен алюминиевой решеткой) - Размер: 35мм х 15мм<br />- Диапазон частот: 20-20000 Гц<br />- Тип микрофона: Конденсаторный<br />- Дополнительные возможности: Возможность принимать звонки. Бокс для хранения и зарядки (хватает на 3-4 полные зарядки), защитный кейс с карабином в комплекте.</p>  <p>Комплектация:<br />1 х Мини Bluetooth гарнитура (2 наушника)<br />1 х USB кабель для зарядки<br />1 х Силиконовый чехол с карабином для крепления<br />1 х Докстанция<br />1 х Инструкция</p>  <br />]]>
			</description>
			<param name="Тип наушников"><![CDATA[Вкладыши]]></param>
			<param name="Тип подключения"><![CDATA[Беспроводные]]></param>
			<param name="Цвет"><![CDATA[Белые]]></param>
			<param name="Форма штекера"><![CDATA[Прямой]]></param>
			<param name="Диапазон частот наушников"><![CDATA[20-20000 Гц]]></param>
			<param name="Тип микрофона"><![CDATA[Конденсаторный]]></param>
			<param name="Конструкция микрофона"><![CDATA[Встроенный в корпус наушников]]></param>
			<param name="Направленность микрофона"><![CDATA[Всенаправленный]]></param>
			<param name="Гарантия"><![CDATA[6 месяцев]]></param>
			<param name="Наличие"><![CDATA[нет]]></param>
		</offer>
		<offer id="uftbeercup" available="true">
			<url>https://ukrpodarok.com.ua/bokal-uft-beercup-v-vide-butilki-piva-s-dvoinim-dnom-350-ml.html</url>
			<price>429</price>
			<price_old>499</price_old>
			<currencyId>UAH</currencyId>
			<categoryId>50279</categoryId>
			<picture>https://ukrpodarok.com.ua/images/150786_0.jpg</picture>
			<picture>https://ukrpodarok.com.ua/images/937_464.jpg</picture>
			<picture>https://ukrpodarok.com.ua/images/937_463.jpg</picture>
			<picture>https://ukrpodarok.com.ua/images/150786_99777.jpg</picture>
			<vendor>UFT</vendor>
			<name>Бокал UFT Beercup в виде бутылки пива с двойным дном 350 мл</name>
			<barcode></barcode>
			<stock_quantity>50</stock_quantity>
			<description>
				<![CDATA[Оригинальный прочный фужер выполнен в завораживающем дизайне с использованием визуального эфекта при наполнении фужера выресовывается внутри бокала четкая форма пивной бутылки, из которой это пиво было налито. Веселая и забавная чашка-бокал сповесилит и порадует ценителей прекрасного напитка.<br /><br /><strong><br /><br /></strong>]]>
			</description>
			<param name="Назначение"><![CDATA[Пиво]]></param>
			<param name="Объем, мл"><![CDATA[300]]></param>
			<param name="Вид"><![CDATA[Один предмет]]></param>
			<param name="Тип"><![CDATA[Бокалы]]></param>
			<param name="Особенности"><![CDATA[С двойным дном]]></param>
			<param name="Материал"><![CDATA[Боросиликатное стекло]]></param>
			<param name="Цвет"><![CDATA[Прозрачный]]></param>
			<param name="Дизайн"><![CDATA[Для негоДля неё]]></param>
			<param name="Гарантия"><![CDATA[6 месяцев]]></param>
			<param name="Наличие"><![CDATA[есть]]></param>
		</offer>
		<offer id="Beercup350" available="true">
			<url>https://ukrpodarok.com.ua/bokal-uft-beercup-v-vide-butilki-piva-s-dvoinimi-stenkami-350-ml.html</url>
			<price>430</price>
			<price_old>499</price_old>
			<currencyId>UAH</currencyId>
			<categoryId>50279</categoryId>
			<picture>https://ukrpodarok.com.ua/images/152148_0.jpg</picture>
			<picture>https://ukrpodarok.com.ua/images/152148_99828.jpg</picture>
			<picture>https://ukrpodarok.com.ua/images/152148_99829.jpg</picture>
			<vendor>UFT</vendor>
			<name>Бокал UFT Beercup в виде бутылки пива с двойными стенками 350 мл</name>
			<barcode>4820176240293</barcode>
			<stock_quantity>50</stock_quantity>
			<description>
				<![CDATA[Оригинальный прочный фужер выполнен в завораживающем дизайне с использованием визуального эфекта при наполнении фужера выресовывается внутри бокала четкая форма пивной бутылки, из которой это пиво было налито.<br />Веселая и забавная чашка-бокал сповесилит и порадует ценителей прекрасного напитка.]]>
			</description>
			<param name="Назначение"><![CDATA[Пиво]]></param>
			<param name="Объем, мл"><![CDATA[350]]></param>
			<param name="Вид"><![CDATA[Один предмет]]></param>
			<param name="Тип"><![CDATA[Бокалы]]></param>
			<param name="Материал"><![CDATA[Ударопрочное стекло]]></param>
			<param name="Цвет"><![CDATA[Прозрачный]]></param>
			<param name="Дизайн"><![CDATA[Для него, Для неё]]></param>
			<param name="Гарантия"><![CDATA[14 дней]]></param>
			<param name="Наличие"><![CDATA[есть]]></param>
			<param name="вес в упаковке кг"><![CDATA[0.3]]></param>
			<param name="высота в упаковке см"><![CDATA[20]]></param>
			<param name="глубина в упаковке см"><![CDATA[8]]></param>
			<param name="ширина в упаковке см"><![CDATA[8]]></param>
			<param name="количество грузовых мест"><![CDATA[1]]></param>
			<param name="штрихкод"><![CDATA[4820176240293]]></param>
		</offer>
		<offer id="UFTairtags1" available="true">
			<url>https://ukrpodarok.com.ua/brelok-treker-z-mayachkom-uft-airtag-white.html</url>
			<price>377</price>
			<price_old>445</price_old>
			<currencyId>UAH</currencyId>
			<categoryId>152443</categoryId>
			<picture>https://ukrpodarok.com.ua/images/152442_0.jpg</picture>
			<picture>https://ukrpodarok.com.ua/images/152442_101188.jpg</picture>
			<picture>https://ukrpodarok.com.ua/images/152442_101189.jpg</picture>
			<picture>https://ukrpodarok.com.ua/images/152442_101190.jpg</picture>
			<vendor>UFT</vendor>
			<name>Брелок трекер з маячком UFT AirTag White</name>
			<barcode>4820176281845</barcode>
			<stock_quantity>50</stock_quantity>
			<description>
				<![CDATA[<p>UFT AirTag &mdash; це компактний пристрій для відслідковування важливих для вас речей.</p>  <p>Ви можете покласти мітку-трекер у гаманець, у кишеню рюкзака, або у валізу під час подорожі і у будь який момент часу зможете відслідковувати через додаток у мобільному де саме ваші речі.</p>  <p></p>  <p>Придбавши силіконовий чохол ви можете перетворити трекер на бралок і вішати його на ключі на ошийник ваших улюбленців, щоб вони не загубились.</p>  <p></p>  <p>Крім того в трекер вбудовано динамік, який може подавати звуковий сигнал, щоб його можна було знайти, якщо він знаходиться неподалік від вас, наприклад у сусідній кімнаті чи під ліжком.</p>  <p></p>  <p>Бірка AirTag має компактні розміри і надлегку вагу.</p>]]>
			</description>
			<param name="Цвет"><![CDATA[Белый]]></param>
			<param name="Количество в упаковке, шт"><![CDATA[1]]></param>
			<param name="Материал"><![CDATA[АBS-пластик]]></param>
			<param name="Совместимость"><![CDATA[iOS, Андроид]]></param>
			<param name="Питание"><![CDATA[Батарейка CR2032]]></param>
			<param name="Размер корпуса"><![CDATA[38-40]]></param>
			<param name="Вес, г"><![CDATA[11]]></param>
			<param name="Страна регистрации бренда"><![CDATA[Украина]]></param>
			<param name="Гарантия"><![CDATA[1 месяц]]></param>
			<param name="Наличие"><![CDATA[есть]]></param>
			<param name="вес в упаковке кг"><![CDATA[0.2]]></param>
			<param name="высота в упаковке см"><![CDATA[7]]></param>
			<param name="глубина в упаковке см"><![CDATA[7]]></param>
			<param name="ширина в упаковке см"><![CDATA[7]]></param>
			<param name="количество грузовых мест"><![CDATA[1]]></param>
			<param name="штрихкод"><![CDATA[4820176281845]]></param>
		</offer>
		<offer id="uftvagontramalarm" available="false">
			<url>https://ukrpodarok.com.ua/budilnik-vagonchik-tramvaya.html</url>
			<price>199</price>
			<price_old>269</price_old>
			<currencyId>UAH</currencyId>
			<categoryId>829</categoryId>
			<picture>https://ukrpodarok.com.ua/images/883_0.jpg</picture>
			<picture>https://ukrpodarok.com.ua/images/883_718.jpg</picture>
			<picture>https://ukrpodarok.com.ua/images/883_720.jpg</picture>
			<picture>https://ukrpodarok.com.ua/images/883_719.jpg</picture>
			<vendor>CG</vendor>
			<name>Будильник вагончик трамвая</name>
			<barcode></barcode>
			<stock_quantity>0</stock_quantity>
			<description>
				<![CDATA[Будильник при включении начинает звонить характерным трамвайным сигналом и ездить по поверхности тумбочки, но благодаря специальному датчику он подъезжает к краю и не падает, а разворачивается и едет в другую сторону.&nbsp;  Будильник будет звонить и ездить по столу или тумбочке по кругу до тех пор пока Вы не проснетесь.<br />  Работает от одной ААА батарейки. Будильник вагончик трамвая.  <br />  &nbsp;  <b><br /><br /><br /><br /></b>      ]]>
			</description>
			<param name="Декорирование"><![CDATA[Детское;Транспортная тематика;]]></param>
			<param name="Тип циферблата"><![CDATA[Цифровой (электронный)]]></param>
			<param name="Индикация"><![CDATA[Часы;Электронные;Минуты;]]></param>
			<param name="Источник питания"><![CDATA[Батарейки]]></param>
			<param name="Тип механизма"><![CDATA[Электронный]]></param>
			<param name="Материал корпуса"><![CDATA[Пластик]]></param>
			<param name="Размеры будильника"><![CDATA[6 х 4 х 3 см]]></param>
			<param name="Питание"><![CDATA[1 батарейка ААА]]></param>
			<param name="Упаковка"><![CDATA[красочная демо-коробка]]></param>
			<param name="Материал"><![CDATA[Пластик]]></param>
			<param name="Гарантия"><![CDATA[6 месяцев]]></param>
			<param name="Наличие"><![CDATA[нет]]></param>
		</offer>
		<offer id="DepPaper" available="false">
			<url>https://ukrpodarok.com.ua/bumaga-dlya-depilyaytsii-v-poloskah-100-ysht.html</url>
			<price>94</price>
			<price_old>144</price_old>
			<currencyId>UAH</currencyId>
			<categoryId>152162</categoryId>
			<picture>https://ukrpodarok.com.ua/images/152141_0.jpg</picture>
			<picture>https://ukrpodarok.com.ua/images/152141_99547.jpg</picture>
			<vendor>М+</vendor>
			<name>Бумага для депиляции в полосках 100 шт</name>
			<barcode></barcode>
			<stock_quantity>0</stock_quantity>
			<description>
				<![CDATA[Бумага для депиляции в полосках. Бумага исключительного качества для удаления теплого воска. Обладает хорошей адгезией (способностью к сцеплению), не расслаивается, не промокает.<br />Плотность 80 г/см. <br />Упаковка: 100 шт.]]>
			</description>
			<param name="Тип"><![CDATA[Бумага]]></param>
			<param name="Вид"><![CDATA[Аксессуары для депиляции]]></param>
			<param name="Страна производства"><![CDATA[Китай]]></param>
			<param name="Гарантия"><![CDATA[6 месяцев]]></param>
			<param name="Наличие"><![CDATA[нет]]></param>
		</offer>
		<offer id="MPPV1700" available="false">
			<url>https://ukrpodarok.com.ua/vakuumnii-konteiner-m-pure-vacuum-1700-ml-(mppv1700).html</url>
			<price>199</price>
			<price_old>215</price_old>
			<price_promo>167</price_promo>
			<currencyId>UAH</currencyId>
			<categoryId>1560</categoryId>
			<picture>https://ukrpodarok.com.ua/images/49317_0.jpg</picture>
			<picture>https://ukrpodarok.com.ua/images/49317_0.jpg</picture>
			<picture>https://ukrpodarok.com.ua/images/49317_0.jpg</picture>
			<picture>https://ukrpodarok.com.ua/images/49317_20695.jpg</picture>
			<picture>https://ukrpodarok.com.ua/images/49317_20696.jpg</picture>
			<picture>https://ukrpodarok.com.ua/images/49317_0.jpg</picture>
			<picture>https://ukrpodarok.com.ua/images/49317_20697.jpg</picture>
			<vendor>CG</vendor>
			<name>Вакуумный контейнер CG Pure Vacuum 1700 мл (MPPV1700)</name>
			<barcode></barcode>
			<stock_quantity>0</stock_quantity>
			<description>
				<![CDATA[<p><strong>Вакуумный контейнер</strong>&nbsp;- прямоугольный прозрачный контейнер из экологичного и прочного пластика с герметично закрываемой крышкой для хранения продуктов питания в вакуумной среде.</p>  <p>Благодаря использованию вакуумных контейнеров, продукты не подвергаются внешнему воздействию, и срок хранения значительно увеличивается. Продукты в вакуумном контейнере защищены от вредной микрофлоры, сохраняют свои вкусовые качества, аромат и свежесть, а запахи в холодильнике не перемешиваются.</p>  <p>В вакуумных контейнерах можно хранить продукты, которые затруднительно или невозможно упаковывать в обычные вакуумные пакеты, например, готовые салаты, кондитерские изделия, мягкие сыры, нежные овощи, фрукты и другие, чувствительные к деформациям продукты. В вакуумном контейнере также рекомендуется хранить сыпучие продукты, такие как кофе, чай, крупы, макаронные изделия, детское питание.</p>  <p>Откачка воздуха из контейнера производится через специальный клапан, расположенный на крышке.</p>  <p>&nbsp;Преимущества;</p>    С контейнерами &nbsp;рабочее пространство холодильника или шкафа используется очень рационально, продукты защищены, запахи не смешиваются, сроки годности увеличиваются  Контейнеры&nbsp;как нельзя лучше подходят для продуктов, которые быстро теряют свои свойства при обычном хранении: клубника, бананы, грибы, зелень  Контейнеры&nbsp;незаменимы при использовании жидких или пастообразных продуктов, которые затруднительно упаковывать в вакуумные пакеты: сливки, соусы, джемы, кремы  В контейнерах&nbsp;Ваши любимые пирожные, эклеры, торты, бизе, желе, муссы, зефир и пастила надолго сохранят свежесть и вкус  Корпусы контейнеров&nbsp;изготовлены из экологичного и прочного полимера.&nbsp;  ]]>
			</description>
			<param name="Материал контейнера"><![CDATA[Пищевой пластик]]></param>
			<param name="Объем"><![CDATA[1,7 л]]></param>
			<param name="Форма"><![CDATA[Прямоугольная]]></param>
			<param name="Тип"><![CDATA[Вакуумный контейнер]]></param>
			<param name="Вид"><![CDATA[Один предмет]]></param>
			<param name="Материал крышки"><![CDATA[Пластик]]></param>
			<param name="Цвет"><![CDATA[Прозрачный]]></param>
			<param name="Размеры"><![CDATA[140х150х110 мм]]></param>
			<param name="Гарантия"><![CDATA[14 дней]]></param>
			<param name="Странапроизводитель"><![CDATA[Китай]]></param>
			<param name="Наличие"><![CDATA[нет]]></param>
		</offer>
		<offer id="MPPV2300" available="false">
			<url>https://ukrpodarok.com.ua/vakuumnii-konteiner-dlya-hraneniya-produktov-uft-pure-vacuum-2300-ml-(mppv2300).html</url>
			<price>329</price>
			<price_old>388</price_old>
			<price_promo>262</price_promo>
			<currencyId>UAH</currencyId>
			<categoryId>1560</categoryId>
			<picture>https://ukrpodarok.com.ua/images/151493_0.jpg</picture>
			<picture>https://ukrpodarok.com.ua/images/151493_99677.jpg</picture>
			<vendor>UFT</vendor>
			<name>Вакуумный контейнер для хранения продуктов UFT Pure Vacuum 2300 мл (MPPV2300)</name>
			<barcode>4820176244208</barcode>
			<stock_quantity>0</stock_quantity>
			<description>
				<![CDATA[<p><strong>Вакуумный контейнер Pure Vacuum</strong>&nbsp;- прямоугольный прозрачный контейнер из экологичного и прочного пластика с герметично закрываемой крышкой для хранения продуктов питания в вакуумной среде.</p>  <p>Благодаря использованию вакуумных контейнеров, продукты не подвергаются внешнему воздействию, и срок хранения значительно увеличивается. Продукты в вакуумном контейнере защищены от вредной микрофлоры, сохраняют свои вкусовые качества, аромат и свежесть, а запахи в холодильнике не перемешиваются.</p>  <p>В вакуумных контейнерах можно хранить продукты, которые затруднительно или невозможно упаковывать в обычные вакуумные пакеты, например, готовые салаты, кондитерские изделия, мягкие сыры, нежные овощи, фрукты и другие, чувствительные к деформациям продукты. В вакуумном контейнере также рекомендуется хранить сыпучие продукты, такие как кофе, чай, крупы, макаронные изделия, детское питание.</p>  <p>Откачка воздуха из контейнера производится через специальный клапан, расположенный на крышке.</p>  <p>&nbsp;Преимущества&nbsp;вакуумных&nbsp;контейнеров<strong>&nbsp;Pure Vacuum</strong>&nbsp;</p>    С контейнерами &nbsp;рабочее пространство холодильника или шкафа используется очень рационально, продукты защищены, запахи не смешиваются, сроки годности увеличиваются  Контейнеры&nbsp;как нельзя лучше подходят для продуктов, которые быстро теряют свои свойства при обычном хранении: клубника, бананы, грибы, зелень  Контейнеры&nbsp;незаменимы при использовании жидких или пастообразных продуктов, которые затруднительно упаковывать в вакуумные пакеты: сливки, соусы, джемы, кремы  В контейнерах&nbsp;&nbsp;Ваши любимые пирожные, эклеры, торты, бизе, желе, муссы, зефир и пастила надолго сохранят свежесть и вкус  Корпусы контейнеров&nbsp;изготовлены из экологичного и прочного полимера.  ]]>
			</description>
			<param name="Материал контейнера"><![CDATA[Пищевой пластик]]></param>
			<param name="Объем"><![CDATA[2,3 л]]></param>
			<param name="Форма"><![CDATA[Прямоугольная]]></param>
			<param name="Тип"><![CDATA[Вакуумный контейнер]]></param>
			<param name="Вид"><![CDATA[Один предмет]]></param>
			<param name="Материал крышки"><![CDATA[Пластик]]></param>
			<param name="Цвет"><![CDATA[Прозрачный]]></param>
			<param name="Размеры"><![CDATA[140х210х110 мм]]></param>
			<param name="Гарантия"><![CDATA[14 дней]]></param>
			<param name="Бренд"><![CDATA[UFT]]></param>
			<param name="Странапроизводитель"><![CDATA[Китай]]></param>
			<param name="Наличие"><![CDATA[нет]]></param>
			<param name="вес в упаковке кг"><![CDATA[0.2]]></param>
			<param name="высота в упаковке см"><![CDATA[22]]></param>
			<param name="глубина в упаковке см"><![CDATA[12]]></param>
			<param name="ширина в упаковке см"><![CDATA[12]]></param>
			<param name="количество грузовых мест"><![CDATA[1]]></param>
			<param name="штрихкод"><![CDATA[4820176244208]]></param>
		</offer>
		<offer id="MPPV2500" available="true">
			<url>https://ukrpodarok.com.ua/vakuumnii-konteiner-dlya-hraneniya-produktov-uft-pure-vacuum-2500-ml-xk004.html</url>
			<price>320</price>
			<price_old>445</price_old>
			<price_promo>288</price_promo>
			<currencyId>UAH</currencyId>
			<categoryId>1560</categoryId>
			<picture>https://ukrpodarok.com.ua/images/151495_0.jpg</picture>
			<picture>https://ukrpodarok.com.ua/images/151495_99795.jpg</picture>
			<picture>https://ukrpodarok.com.ua/images/151495_99796.jpg</picture>
			<vendor>UFT</vendor>
			<name>Вакуумный контейнер для хранения продуктов UFT Pure Vacuum 2500 мл XK004</name>
			<barcode>4820176244215</barcode>
			<stock_quantity>100</stock_quantity>
			<description>
				<![CDATA[<p>Прямоугольный прозрачный контейнер из экологичного и прочного пластика с герметично закрываемой крышкой для хранения продуктов питания в вакуумной среде.</p>  <p>Благодаря использованию вакуумных контейнеров, продукты не подвергаются внешнему воздействию, и срок хранения значительно увеличивается. Продукты в вакуумном контейнере защищены от вредной микрофлоры, сохраняют свои вкусовые качества, аромат и свежесть, а запахи в холодильнике не перемешиваются.</p>  <p>В вакуумных контейнерах можно хранить продукты, которые затруднительно или невозможно упаковывать в обычные вакуумные пакеты, например, готовые салаты, кондитерские изделия, мягкие сыры, нежные овощи, фрукты и другие, чувствительные к деформациям продукты. В вакуумном контейнере также рекомендуется хранить сыпучие продукты, такие как кофе, чай, крупы, макаронные изделия, детское питание.</p>  <p>Откачка воздуха из контейнера производится через специальный клапан, расположенный на крышке.</p>  <p>&nbsp;Преимущества:</p>    С контейнерами рабочее пространство холодильника или шкафа используется очень рационально, продукты защищены, запахи не смешиваются, сроки годности увеличиваются  Контейнеры как нельзя лучше подходят для продуктов, которые быстро теряют свои свойства при обычном хранении: клубника, бананы, грибы, зелень  Контейнеры&nbsp;незаменимы при использовании жидких или пастообразных продуктов, которые затруднительно упаковывать в вакуумные пакеты: сливки, соусы, джемы, кремы  В контейнерах&nbsp;&nbsp;Ваши любимые пирожные, эклеры, торты, бизе, желе, муссы, зефир и пастила надолго сохранят свежесть и вкус  Корпусы контейнеров&nbsp;изготовлены из экологичного и прочного полимера.&nbsp;  ]]>
			</description>
			<param name="Материал контейнера"><![CDATA[Пищевой пластик]]></param>
			<param name="Объем"><![CDATA[2,5 л]]></param>
			<param name="Форма"><![CDATA[Прямоугольная]]></param>
			<param name="Тип"><![CDATA[Вакуумный контейнер]]></param>
			<param name="Вид"><![CDATA[Один предмет]]></param>
			<param name="Материал крышки"><![CDATA[Пластик]]></param>
			<param name="Цвет"><![CDATA[Прозрачный / Белый]]></param>
			<param name="Размеры"><![CDATA[110х270х110 мм]]></param>
			<param name="Бренд"><![CDATA[UFT]]></param>
			<param name="Гарантия"><![CDATA[14 дней]]></param>
			<param name="Наличие"><![CDATA[есть]]></param>
			<param name="вес в упаковке кг"><![CDATA[0.3]]></param>
			<param name="высота в упаковке см"><![CDATA[28]]></param>
			<param name="глубина в упаковке см"><![CDATA[13]]></param>
			<param name="ширина в упаковке см"><![CDATA[13]]></param>
			<param name="количество грузовых мест"><![CDATA[1]]></param>
			<param name="штрихкод"><![CDATA[4820176244215]]></param>
		</offer>
		<offer id="UFTIP37" available="true">
			<url>https://ukrpodarok.com.ua/veloderzhatel-dlya-telefona-uft-black-ip37.html</url>
			<price>344</price>
			<price_old>445</price_old>
			<price_promo>300</price_promo>
			<currencyId>UAH</currencyId>
			<categoryId>960</categoryId>
			<picture>https://ukrpodarok.com.ua/images/1228_0.jpg</picture>
			<picture>https://ukrpodarok.com.ua/images/1228_0.jpg</picture>
			<picture>https://ukrpodarok.com.ua/images/1228_966.jpg</picture>
			<picture>https://ukrpodarok.com.ua/images/1228_0.jpg</picture>
			<picture>https://ukrpodarok.com.ua/images/1228_965.jpg</picture>
			<picture>https://ukrpodarok.com.ua/images/1228_0.jpg</picture>
			<vendor>UFT</vendor>
			<name>Велодержатель для телефона UFT Black IP37</name>
			<barcode>8000000030023</barcode>
			<stock_quantity>70</stock_quantity>
			<description>
				<![CDATA[  Держатель для телефона на велосипед &mdash; удивительная, современная, универсальная и полезная вещь. Велосипедный держатель для телефона может решить множество проблем, таких как:      <p>1.&nbsp;&nbsp;Расположить телефон&nbsp;в удобном полежении для Вас, так чтобы он находился перед глазами. Данное полежение телефона позволит Вам&nbsp;не пропустить звонок или текстовое сообщение.&nbsp;Фиксатор для телефона на велосипед поможет Вам сохранить свой гаджет в полной сохранности, так как,&nbsp;когда мобильник, в спешке доставаемый из кармана,&nbsp;может упасть.</p>  <p>2.&nbsp;&nbsp;Засекать время по крупному виджету на экране телефона, а не на маленьком циферблате наручных часов.</p>  <p>3.&nbsp;&nbsp;Быстро пользоваться GPS картами, когда не нужно останавливаться&nbsp;для того чтобы посмотреть карту, которая может долго запускать с вашего телефона.</p>  <p>4. А так же с помощью держателя для телефона на велосипед Вы можете свой телефон использовать как видеорегистратор, или же просто снимать классные видео.</p>      <br /><br /><br /><br />              ]]>
			</description>
			<param name="Назначение"><![CDATA[Телефон;]]></param>
			<param name="Тип"><![CDATA[Велосипедные крепления;]]></param>
			<param name="Тип крепления"><![CDATA[Зажим;]]></param>
			<param name="Совместимость"><![CDATA[Для устройств с шириной от 57 до 85 мм;]]></param>
			<param name="Место установки"><![CDATA[Руль велосипеда;]]></param>
			<param name="Цвет"><![CDATA[Черный.]]></param>
			<param name="Странапроизводитель"><![CDATA[Китай]]></param>
			<param name="Страна регистрации бренда"><![CDATA[Украина]]></param>
			<param name="Гарантия"><![CDATA[14 дней]]></param>
			<param name="Бренд"><![CDATA[UFT]]></param>
			<param name="Наличие"><![CDATA[есть]]></param>
			<param name="вес в упаковке кг"><![CDATA[0.2]]></param>
			<param name="высота в упаковке см"><![CDATA[12]]></param>
			<param name="глубина в упаковке см"><![CDATA[8]]></param>
			<param name="ширина в упаковке см"><![CDATA[9]]></param>
			<param name="количество грузовых мест"><![CDATA[1]]></param>
			<param name="штрихкод"><![CDATA[8000000030023]]></param>
		</offer>
		<offer id="UFTIP36" available="true">
			<url>https://ukrpodarok.com.ua/veloderzhatel-dlya-telefona-na-rul-velosipeda-uft-ip36.html</url>
			<price>335</price>
			<price_old>399</price_old>
			<price_promo>282</price_promo>
			<currencyId>UAH</currencyId>
			<categoryId>960</categoryId>
			<picture>https://ukrpodarok.com.ua/images/1227_0.jpg</picture>
			<picture>https://ukrpodarok.com.ua/images/1227_0.jpg</picture>
			<picture>https://ukrpodarok.com.ua/images/1227_964.jpg</picture>
			<picture>https://ukrpodarok.com.ua/images/1227_0.jpg</picture>
			<picture>https://ukrpodarok.com.ua/images/1227_963.jpg</picture>
			<picture>https://ukrpodarok.com.ua/images/1227_0.jpg</picture>
			<vendor>UFT</vendor>
			<name>Велодержатель для телефона на руль велосипеда UFT IP36</name>
			<barcode>8000000020833</barcode>
			<stock_quantity>50</stock_quantity>
			<description>
				<![CDATA[  <p>Держатель для телефона на велосипед UFT IP36 &mdash; удивительная, современная, универсальная и полезная вещь. Велосипедный держатель IP36 для телефона может решить множество проблем, таких как:</p>  <p>1.&nbsp;&nbsp;Расположить телефон&nbsp;в удобном полежении для Вас, так чтобы он находился перед глазами. Данное полежение телефона позволит Вам&nbsp;не пропустить звонок или текстовое сообщение.&nbsp;Фиксатор для телефона на велосипед поможет Вам сохранить свой гаджет в полной сохранности, так как,&nbsp;когда мобильник, в спешке доставаемый из кармана,&nbsp;может упасть.</p>  <p>2.&nbsp;&nbsp;Засекать время по крупному виджету на экране телефона, а не на маленьком циферблате наручных часов.</p>  <p>3.&nbsp;&nbsp;Быстро пользоваться GPS картами, когда не нужно останавливаться&nbsp;для того чтобы посмотреть карту, которая может долго запускать с вашего телефона.</p>  <p>4. А так же с помощью держателя для телефона на велосипед Вы можете свой телефон использовать как видеорегистратор, или же просто снимать классные видео.</p>      <br /><br /><br />  ]]>
			</description>
			<param name="Назначение"><![CDATA[Телефон]]></param>
			<param name="Тип"><![CDATA[Велосипедные крепления;]]></param>
			<param name="Тип крепления"><![CDATA[Зажим]]></param>
			<param name="Совместимость"><![CDATA[Для устройств с шириной от 50 до 75 мм]]></param>
			<param name="Место установки"><![CDATA[Руль велосипеда]]></param>
			<param name="Бренд"><![CDATA[UFT]]></param>
			<param name="Цвет"><![CDATA[Черный]]></param>
			<param name="Странапроизводитель"><![CDATA[Китай]]></param>
			<param name="Страна регистрации бренда"><![CDATA[Укаина]]></param>
			<param name="Гарантия"><![CDATA[14 дней]]></param>
			<param name="Наличие"><![CDATA[есть]]></param>
			<param name="вес в упаковке кг"><![CDATA[0.2]]></param>
			<param name="высота в упаковке см"><![CDATA[10]]></param>
			<param name="глубина в упаковке см"><![CDATA[5]]></param>
			<param name="ширина в упаковке см"><![CDATA[11]]></param>
			<param name="количество грузовых мест"><![CDATA[1]]></param>
			<param name="штрихкод"><![CDATA[8000000020833]]></param>
		</offer>
		<offer id="CGD2" available="true">
			<url>https://ukrpodarok.com.ua/videoprezenter-videokniga-dlya-prezintatsii-reklami-800*480px-256mb-uft-d2.html</url>
			<price>644</price>
			<price_old>999</price_old>
			<currencyId>UAH</currencyId>
			<categoryId>50286</categoryId>
			<picture>https://ukrpodarok.com.ua/images/152094_0.jpg</picture>
			<picture>https://ukrpodarok.com.ua/images/152094_100024.jpg</picture>
			<picture>https://ukrpodarok.com.ua/images/152094_100478.jpg</picture>
			<picture>https://ukrpodarok.com.ua/images/152094_100479.jpg</picture>
			<picture>https://ukrpodarok.com.ua/images/152094_100480.jpg</picture>
			<vendor>UFT</vendor>
			<name>Видеопрезентер видеокнига для презинтаций рекламы 800*480px, 256Mb UFT D2</name>
			<barcode>4820176253705</barcode>
			<stock_quantity>100</stock_quantity>
			<description>
				<![CDATA[<p>Универсальный видеопрезентер позволяет оформить его в вашем фирменном стиле, нанести логотип, контактную информацию и т.д.</p>  <p>Размер презентера А5, 148х210 мм. Включается автоматически при открытии.</p>  <p>Цветной TFT LSD экран 7 дюймов, 153*86 мм, разрешение: 800*480 px.</p>  <p>Поддерживает любые форматы видео. Объем памяти 256 Mb. Загрузка видео и зарядка через mini-USB кабель. Батарея 1500 mAh.</p>  <p>Имеет 5 кнопок управления, переключение следующее/предыдущее видео, пауза, и две клавиши громкости.<br /><br /></p>  <p></p>]]>
			</description>
			<param name="Тип"><![CDATA[Видеопрезентер]]></param>
			<param name="Назначение"><![CDATA[Презентация]]></param>
			<param name="Тип аккумуляторов"><![CDATA[Li-ion]]></param>
			<param name="Батарея"><![CDATA[1500 mAh]]></param>
			<param name="Странапроизводитель"><![CDATA[Китай]]></param>
			<param name="Страна регистрации бренда"><![CDATA[Украина]]></param>
			<param name="Бренд"><![CDATA[UFT]]></param>
			<param name="Гарантия"><![CDATA[14 дне]]></param>
			<param name="Наличие"><![CDATA[есть]]></param>
			<param name="вес в упаковке кг"><![CDATA[0.2]]></param>
			<param name="высота в упаковке см"><![CDATA[18]]></param>
			<param name="глубина в упаковке см"><![CDATA[10]]></param>
			<param name="ширина в упаковке см"><![CDATA[3]]></param>
			<param name="количество грузовых мест"><![CDATA[1]]></param>
			<param name="штрихкод"><![CDATA[4820176253705]]></param>
		</offer>
		<offer id="waxorange" available="false">
			<url>https://ukrpodarok.com.ua/vosk-dlya-depilyatsii-lidan-v-kartridzhe-100ml-orange.html</url>
			<price>55</price>
			<price_old>99</price_old>
			<currencyId>UAH</currencyId>
			<categoryId>152150</categoryId>
			<picture>https://ukrpodarok.com.ua/images/152145_0.jpg</picture>
			<vendor>CG</vendor>
			<name>Воск для депиляции Lidan в картридже 100мл Orange</name>
			<barcode>4820176273154</barcode>
			<stock_quantity>0</stock_quantity>
			<description>
				<![CDATA[<p>Воск, благодаря своей пластичности, наносится&nbsp;тончайшим&nbsp;слоем, а это&nbsp;<strong>значительно экономит</strong>&nbsp;его расход и сокращает время процедуры.&nbsp;</p>  <p>Тонкая пленка прочно фиксируется на волосках и хорошо удаляется вместе с ними, за счет идеального сцепления с депиляционными полосками.&nbsp;</p>  <p>Кроме того, инновационная формула воска в картриджах&nbsp;<strong>Lidan</strong>&nbsp;заключается в том, что они совершенно не оставляют липкого эффекта после процедуры и являются универсальными для удаления&nbsp;любого&nbsp;типа волос.</p>    Подходит для любого типа кожи.  Без запаха,  Не вызывает аллергию и раздражения на коже.    <p><strong><br />Способ применения:</strong></p>  <p>Подогрейте картридж в воскоплаве или в микроволновой печи.</p>  <p>С помощью ролика нанесите воск на кожу по росту волос, приложите и плотно прижмите нетканую полоску, резким движением параллельно коже, удалите полоску против роста волос.</p>  <p>Остатки воска смойте теплой водой. Нанесите лосьон после депиляции.<br /><br /></p>  <p><strong>Меры предосторожности:</strong></p>  <p>Только для наружного использования. Не использовать на поврежденных участках кожи. Хранить в темном, прохладном, не доступном для детей месте.</p>]]>
			</description>
			<param name="Формат"><![CDATA[В картриджах]]></param>
			<param name="Объем"><![CDATA[100 мл]]></param>
			<param name="Тип волос"><![CDATA[Жесткие; Короткие]]></param>
			<param name="Способ снятия"><![CDATA[Бандажный]]></param>
			<param name="Тип"><![CDATA[Теплый]]></param>
			<param name="Особенности"><![CDATA[Для домашнего использования; Для салона;]]></param>
			<param name="Страна регистрации бренда"><![CDATA[Украина]]></param>
			<param name="Странапроизводитель"><![CDATA[Китай]]></param>
			<param name="Гарантия"><![CDATA[14 дней]]></param>
			<param name="Наличие"><![CDATA[нет]]></param>
			<param name="вес в упаковке кг"><![CDATA[0.12]]></param>
			<param name="высота в упаковке см"><![CDATA[12]]></param>
			<param name="глубина в упаковке см"><![CDATA[5]]></param>
			<param name="ширина в упаковке см"><![CDATA[7]]></param>
			<param name="количество грузовых мест"><![CDATA[1]]></param>
			<param name="штрихкод"><![CDATA[4820176273154]]></param>
		</offer>
		<offer id="waxroze" available="false">
			<url>https://ukrpodarok.com.ua/vosk-dlya-depilyatsii-lidan-v-kartridzhe-100ml-roza.html</url>
			<price>55</price>
			<price_old>88</price_old>
			<currencyId>UAH</currencyId>
			<categoryId>152150</categoryId>
			<picture>https://ukrpodarok.com.ua/images/152147_0.jpg</picture>
			<vendor>CG</vendor>
			<name>Воск для депиляции Lidan в картридже 100мл Роза</name>
			<barcode>4820176273208</barcode>
			<stock_quantity>0</stock_quantity>
			<description>
				<![CDATA[<p>Воск, благодаря своей пластичности, наносится&nbsp;тончайшим&nbsp;слоем, а это&nbsp;<strong>значительно экономит</strong>&nbsp;его расход и сокращает время процедуры.&nbsp;</p>  <p>Тонкая пленка прочно фиксируется на волосках и хорошо удаляется вместе с ними, за счет идеального сцепления с депиляционными полосками.&nbsp;</p>  <p>Кроме того, инновационная формула воска в картриджах&nbsp;<strong>Lidan</strong>&nbsp;заключается в том, что они совершенно не оставляют липкого эффекта после процедуры и являются универсальными для удаления&nbsp;любого&nbsp;типа волос.</p>    Подходит для любого типа кожи.  Без запаха,  Не вызывает аллергию и раздражения на коже.    <p><strong><br />Способ применения:</strong></p>  <p>Подогрейте картридж в воскоплаве или в микроволновой печи.</p>  <p>С помощью ролика нанесите воск на кожу по росту волос, приложите и плотно прижмите нетканую полоску, резким движением параллельно коже, удалите полоску против роста волос.</p>  <p>Остатки воска смойте теплой водой. Нанесите лосьон после депиляции.<br /><br /></p>  <p><strong>Меры предосторожности:</strong></p>  <p>Только для наружного использования. Не использовать на поврежденных участках кожи. Хранить в темном, прохладном, не доступном для детей месте.</p>]]>
			</description>
			<param name="Формат"><![CDATA[В картриджах]]></param>
			<param name="Объем"><![CDATA[100 мл]]></param>
			<param name="Тип волос"><![CDATA[Жесткие; Короткие]]></param>
			<param name="Способ снятия"><![CDATA[Бандажный]]></param>
			<param name="Тип"><![CDATA[Теплый]]></param>
			<param name="Особенности"><![CDATA[Для домашнего использования;Для салона;]]></param>
			<param name="Страна регистрации бренда"><![CDATA[Украина]]></param>
			<param name="Странапроизводитель"><![CDATA[Китай]]></param>
			<param name="Гарантия"><![CDATA[14 дней]]></param>
			<param name="Наличие"><![CDATA[нет]]></param>
			<param name="вес в упаковке кг"><![CDATA[0.12]]></param>
			<param name="высота в упаковке см"><![CDATA[12]]></param>
			<param name="глубина в упаковке см"><![CDATA[6]]></param>
			<param name="ширина в упаковке см"><![CDATA[3]]></param>
			<param name="количество грузовых мест"><![CDATA[1]]></param>
			<param name="штрихкод"><![CDATA[4820176273208]]></param>
		</offer>
		<offer id="waxlemon" available="false">
			<url>https://ukrpodarok.com.ua/vosk-dlya-depilyatsii-uft-lidan-v-kartridzhe-100ml-limon.html</url>
			<price>55</price>
			<price_old>99</price_old>
			<currencyId>UAH</currencyId>
			<categoryId>152150</categoryId>
			<picture>https://ukrpodarok.com.ua/images/152144_0.jpg</picture>
			<vendor>UFT</vendor>
			<name>Воск для депиляции UFT Lidan в картридже 100мл Лимон</name>
			<barcode>4820176273161</barcode>
			<stock_quantity>0</stock_quantity>
			<description>
				<![CDATA[<p>Воск, благодаря своей пластичности, наносится&nbsp;тончайшим&nbsp;слоем, а это&nbsp;<strong>значительно экономит</strong>&nbsp;его расход и сокращает время процедуры.&nbsp;</p>  <p>Тонкая пленка прочно фиксируется на волосках и хорошо удаляется вместе с ними, за счет идеального сцепления с депиляционными полосками.&nbsp;</p>  <p>Кроме того, инновационная формула воска в картриджах&nbsp;<strong>Lidan</strong>&nbsp;заключается в том, что они совершенно не оставляют липкого эффекта после процедуры и являются универсальными для удаления&nbsp;любого&nbsp;типа волос.</p>    Подходит для любого типа кожи.  Без запаха,  Не вызывает аллергию и раздражения на коже.    <p><strong><br />Способ применения:</strong></p>  <p>Подогрейте картридж в воскоплаве или в микроволновой печи.</p>  <p>С помощью ролика нанесите воск на кожу по росту волос, приложите и плотно прижмите нетканую полоску, резким движением параллельно коже, удалите полоску против роста волос.</p>  <p>Остатки воска смойте теплой водой. Нанесите лосьон после депиляции.<br /><br /></p>  <p><strong>Меры предосторожности:</strong></p>  <p>Только для наружного использования. Не использовать на поврежденных участках кожи. Хранить в темном, прохладном, не доступном для детей месте.</p>]]>
			</description>
			<param name="Формат"><![CDATA[В картриджах]]></param>
			<param name="Объем"><![CDATA[100 мл]]></param>
			<param name="Тип волос"><![CDATA[Жесткие; Короткие]]></param>
			<param name="Способ снятия"><![CDATA[Бандажный]]></param>
			<param name="Тип"><![CDATA[Теплый]]></param>
			<param name="Особенности"><![CDATA[Для домашнего использования;Для салона;]]></param>
			<param name="Страна регистрации бренда"><![CDATA[Украина]]></param>
			<param name="Странапроизводитель"><![CDATA[Китай]]></param>
			<param name="Гарантия"><![CDATA[14 дней]]></param>
			<param name="Наличие"><![CDATA[нет]]></param>
			<param name="вес в упаковке кг"><![CDATA[0.12]]></param>
			<param name="высота в упаковке см"><![CDATA[12]]></param>
			<param name="глубина в упаковке см"><![CDATA[10]]></param>
			<param name="ширина в упаковке см"><![CDATA[4]]></param>
			<param name="количество грузовых мест"><![CDATA[1]]></param>
			<param name="штрихкод"><![CDATA[4820176273161]]></param>
		</offer>
		<offer id="waxbeans" available="false">
			<url>https://ukrpodarok.com.ua/vosk-dlya-depilyatsii-v-granulah-uft-hard-wax-beans-100-gr.html</url>
			<price>79</price>
			<price_old>135</price_old>
			<currencyId>UAH</currencyId>
			<categoryId>152150</categoryId>
			<picture>https://ukrpodarok.com.ua/images/152139_0.jpg</picture>
			<picture>https://ukrpodarok.com.ua/images/152139_99554.jpg</picture>
			<picture>https://ukrpodarok.com.ua/images/152139_99555.jpg</picture>
			<vendor>UFT</vendor>
			<name>Воск для депиляции в гранулах UFT HARD WAX BEANS 100 гр</name>
			<barcode>4820176273123</barcode>
			<stock_quantity>0</stock_quantity>
			<description>
				<![CDATA[Гарячий плівковий віск у гранулах. Віск зручний для застосування як в салоні, так і в домашніх умовах. Ідеальний спосіб для видалення жорсткого та короткого волосся. Професійний віск із добавками натуральних компонентів ідеально підходить для депіляції великих поверхонь ніг, рук, зони бікіні, підходить для всіх типів шкіри.<br />Вага упаковки &ndash; 100 гр.]]>
			</description>
			<param name="Формат"><![CDATA[В гранулах]]></param>
			<param name="Особенности"><![CDATA[Для домашнего использованияДля салона]]></param>
			<param name="Тип волос"><![CDATA[ЖесткиеКороткие]]></param>
			<param name="Объем, мл"><![CDATA[100]]></param>
			<param name="Тип"><![CDATA[Горячий]]></param>
			<param name="Вес"><![CDATA[100г]]></param>
			<param name="Серия"><![CDATA[Wax]]></param>
			<param name="Гарантия"><![CDATA[14 дней]]></param>
			<param name="Страна регистрации бренда"><![CDATA[Китай]]></param>
			<param name="Наличие"><![CDATA[нет]]></param>
			<param name="вес в упаковке кг"><![CDATA[0.1]]></param>
			<param name="высота в упаковке см"><![CDATA[10]]></param>
			<param name="глубина в упаковке см"><![CDATA[6]]></param>
			<param name="ширина в упаковке см"><![CDATA[6]]></param>
			<param name="количество грузовых мест"><![CDATA[1]]></param>
			<param name="штрихкод"><![CDATA[4820176273123]]></param>
		</offer>
		<offer id="ProWax100" available="false">
			<url>https://ukrpodarok.com.ua/voskoplav-banoychnyiyy-s-termoregulyatorom-proq3wax-100w-dlya-depilyaytsii.html</url>
			<price>509</price>
			<price_old>609</price_old>
			<currencyId>UAH</currencyId>
			<categoryId>152157</categoryId>
			<picture>https://ukrpodarok.com.ua/images/152140_0.jpg</picture>
			<picture>https://ukrpodarok.com.ua/images/152140_99544.jpg</picture>
			<picture>https://ukrpodarok.com.ua/images/152140_99545.jpg</picture>
			<picture>https://ukrpodarok.com.ua/images/152140_99546.jpg</picture>
			<vendor>М+</vendor>
			<name>Воскоплав баночный с терморегулятором Pro-Wax 100W для депиляции</name>
			<barcode></barcode>
			<stock_quantity>0</stock_quantity>
			<description>
				<![CDATA[<p>Воскоплав баночный с терморегулятором WH-001 Wax Kiss - отличное оборудование для восковой депиляции. Подходит для всех типов восков: твердый, полосовой, парафиновый и т. д.. Воскоплав компактный и портативный с банкой для воска на 500 мл.</p>  <p><strong>Конструкционные особенности Воскоплава баночного Pro Wax 100:</strong></p>    Алюминиевый ковш с 360-градусным нагревом для равномерного и быстрого расплавления воска.  Лампочка - индикатор температуры  Дополнительный ковш для более легкой очистки  Прозрачная крышка помогает следить за процессом расплавления воска  Корпус термостойкий  Терморегулятор позволяет выбрать необходимую температуру плавления, в зависимости от типа волос клиента.    <p><strong>Использование Воскоплава баночного Pro Wax 100 Black:<br /><br /></strong></p>    Убедитесь, что кожа абсолютно чистая перед нанесением воска;  Снимите крышку с нагревателя воска;  Отрегулируйте ручку на внутреннем ковше;  Положите необходимое количество воска в кастрюлю;  Подключите его и включите питание, чтобы нагреть воск, продолжительность нагрева - 30 минут, убедитесь, что регулятор стоит в максимальном положении;  Нанесите слой воска, следуя направлению роста волос, с помощью специальной палочки, покрывая специальными полосками небольшие участки кожи, размером по 15 - 18 см. Толщина растекающегося воска должна составлять от 0,2 до 0,5 см.  Оторвите полоски в обратном направлении, чтобы волосы быстро росли. После депиляции используйте увлажняющий крем без отдушек и сделайте легкий массаж.<strong><br /><br /></strong>    <p><strong>Технические характеристики Воскоплава баночного Pro Wax 100:&nbsp;<br /><br /></strong></p>    Мощность воскоплава: 100 Вт  Напряжение: 220 В, 60 Гц  Емкость: 500 мл  Длина кабеля: 90 см  Размеры с упаковкой (д x ш x в): 18.00 x 17.80 x 14.30 см  Производитель: P.R.C.    <p><br /><strong>Комплектация Воскоплава баночного Pro Wax 100</strong>:<br /><br />&middot;&nbsp; воскоплав</p>    крышка  ковш  инструкция&nbsp;  ]]>
			</description>
			<param name="Бренд"><![CDATA[Pro-Wax]]></param>
			<param name="Вид"><![CDATA[Баночные]]></param>
			<param name="Цвет"><![CDATA[Белый]]></param>
			<param name="Напряжение"><![CDATA[220В]]></param>
			<param name="Мощность"><![CDATA[100ВТ]]></param>
			<param name="Странапроизводитель"><![CDATA[P.R.C.]]></param>
			<param name="Объем"><![CDATA[500 мл]]></param>
			<param name="Комплектацыя"><![CDATA[воскоплав, крышка, ковш, инструкция]]></param>
			<param name="Гарантия"><![CDATA[6 месяцев]]></param>
			<param name="Наличие"><![CDATA[нет]]></param>
		</offer>
		<offer id="WaxHeater" available="false">
			<url>https://ukrpodarok.com.ua/voskoplav-kassetnii-odinarnii-dlya-nagreva-voska-dlya-depilyatsii-lidan.html</url>
			<price>225</price>
			<price_old>325</price_old>
			<price_promo>203</price_promo>
			<currencyId>UAH</currencyId>
			<categoryId>152157</categoryId>
			<picture>https://ukrpodarok.com.ua/images/152142_0.jpg</picture>
			<picture>https://ukrpodarok.com.ua/images/152142_99550.jpg</picture>
			<picture>https://ukrpodarok.com.ua/images/152142_99549.jpg</picture>
			<picture>https://ukrpodarok.com.ua/images/152142_99552.jpg</picture>
			<picture>https://ukrpodarok.com.ua/images/152142_99551.jpg</picture>
			<vendor>CG</vendor>
			<name>Воскоплав кассетный одинарный для нагрева воска для депиляции Lidan</name>
			<barcode>4820176273314</barcode>
			<stock_quantity>0</stock_quantity>
			<description>
				<![CDATA[<p>Эта модель воскоплава предназначена для разогревания одной кассеты с воском для депиляции.</p>  <p>Подходит как для использования в салоне, так и для домашнего ухода.</p>  <p>Для депиляции воском вам также понадобится: кассетный воскоплав, воск в кассетах,&nbsp;бумага для депиляции, а также средства до и после депиляции, которые ухаживают за кожей, обладают очищающим, увлажнющим и успокаивающим действием.</p>    Работает от сети.  Быстро разогревает воск до нужной температуры.  Легкий, компактный, его удобно брать для работы на выезде или в долгие поездки.    <p>Приятный бело-розовый дизайн, обтекаемый корпус, продуманная конструкция &ndash; работать с таким прибором одно удовольствие!</p>]]>
			</description>
			<param name="Вид"><![CDATA[Кассетные]]></param>
			<param name="Особенности"><![CDATA[Для домашнего использования;Для салона;]]></param>
			<param name="Цвет"><![CDATA[Розовый;Белый;]]></param>
			<param name="Мощность"><![CDATA[40 Вт]]></param>
			<param name="Странапроизводитель"><![CDATA[Китай]]></param>
			<param name="Гарантия"><![CDATA[6 месяцев]]></param>
			<param name="Наличие"><![CDATA[нет]]></param>
			<param name="вес в упаковке кг"><![CDATA[0.2]]></param>
			<param name="высота в упаковке см"><![CDATA[15]]></param>
			<param name="глубина в упаковке см"><![CDATA[6]]></param>
			<param name="ширина в упаковке см"><![CDATA[10]]></param>
			<param name="количество грузовых мест"><![CDATA[1]]></param>
			<param name="штрихкод"><![CDATA[4820176273314]]></param>
		</offer>
		<offer id="M+STARMASTERDREAM" available="true">
			<url>https://ukrpodarok.com.ua/vraschayuschiisya-proektor-nochnik-zvezdnoe-nebo-uft-starmaster-dream.html</url>
			<price>415</price>
			<price_old>550</price_old>
			<currencyId>UAH</currencyId>
			<categoryId>830</categoryId>
			<picture>http://uft.ua/images/3460_0.jpg</picture>
			<picture>http://uft.ua/images/3460_5233.jpg</picture>
			<picture>http://uft.ua/images/3460_5256.jpg</picture>
			<picture>http://uft.ua/images/3460_5257.jpg</picture>
			<picture>http://uft.ua/images/3460_5258.jpg</picture>
			<picture>http://uft.ua/images/3460_5234.jpg</picture>
			<vendor>UFT</vendor>
			<name>Вращающийся проектор ночник Звездное небо UFT STARMASTER DREAM</name>
			<barcode>4820176253453</barcode>
			<stock_quantity>50</stock_quantity>
			<description>
				<![CDATA[<p>Ночник-проектор &laquo;Звездное небо&raquo; - это удивительный прибор для создания ясного ночного неба прямо у вас в комнате. Ночник проецирует созвездия на стены и потолок помещения. Ночник оснащен светодиодами, которые постепенно меняют цвета своего свечения.</p>  <p>&nbsp;Включив проектор, вы увидите, как на стенах и потолке вашей комнаты отражаются тысячи звезд, свечение которых постепенно изменяется! Максимальный эффект от ночника достигается в условиях полного затемнения.</p>  <p>&nbsp;Проекция звёздного неба. Отличное украшение для свадьбы, день рождения, вечеринки. Может быть использован для романтической обстановки. Является отличным ночником в спальню. Светильник для детей.</p>  <p>Свет глаза не режет.</p>  <p>Переключатель режимов: кнопка вкл./выкл.: ночная лампа (теплый свет).</p>  <p>Обращаем Ваше внимание, что при работе ночника слышен звук моторчика.</p>  <p>&nbsp;Материал: ABS-пластик;</p>  <p>Размер: 12*12*13.5 см</p>  <p>Питание: 4*AAA батареи (не включены в комплект) или USB кабель</p>  <p>Цвет свечения: белый, красный, синий, зеленый, желтый.</p>  <p>Напряжение: 5 В</p>  <p>Мощность: 2.6 Вт</p>  <p>Ток: 150mA</p>  <p>Источник света: 4 светодиодных ламп</p>  <p>Переключатель режимов: 3 кнопки (A+B+C)</p>  <p>Примечание: кабель USB и батареи не могут быть использованы одновременно.</p>  <p>Комплектация:<br />Проектор;<br />Кабель USB (не включая адаптер);<br />Руководство пользователя (на анг.языке).</p>]]>
			</description>
			<param name="Тип"><![CDATA[3D - светильники]]></param>
			<param name="Назначение"><![CDATA[Для спальни]]></param>
			<param name="Цвет корпуса"><![CDATA[Белый]]></param>
			<param name="Тип установки"><![CDATA[Настольные]]></param>
			<param name="Форма"><![CDATA[Круглая]]></param>
			<param name="Пол ребенка"><![CDATA[Девочка;Мальчик;]]></param>
			<param name="Материал корпуса"><![CDATA[Пластик]]></param>
			<param name="Тип источника света"><![CDATA[Светодиодные (LED)]]></param>
			<param name="Количество в упаковке, шт"><![CDATA[1]]></param>
			<param name="Особенности"><![CDATA[С LED технологией]]></param>
			<param name="Комплектация"><![CDATA[Светильник;подставка;USB кабель.]]></param>
			<param name="Страна регистрации бренда"><![CDATA[Украина]]></param>
			<param name="Бренд"><![CDATA[UFT]]></param>
			<param name="Гарантия"><![CDATA[14 дней]]></param>
			<param name="Наличие"><![CDATA[есть]]></param>
			<param name="вес в упаковке кг"><![CDATA[0.2]]></param>
			<param name="высота в упаковке см"><![CDATA[15]]></param>
			<param name="глубина в упаковке см"><![CDATA[13]]></param>
			<param name="ширина в упаковке см"><![CDATA[14]]></param>
			<param name="количество грузовых мест"><![CDATA[1]]></param>
			<param name="штрихкод"><![CDATA[4820176253453]]></param>
		</offer>
		<offer id="CGbelamp1" available="true">
			<url>https://ukrpodarok.com.ua/gibkaya-led-lampa-s-krepleniem-prischepkoi-uft-lamp-1.html</url>
			<price>577</price>
			<price_old>699</price_old>
			<price_promo>421</price_promo>
			<currencyId>UAH</currencyId>
			<categoryId>1521</categoryId>
			<picture>https://ukrpodarok.com.ua/images/152310_0.jpg</picture>
			<picture>https://ukrpodarok.com.ua/images/152310_100268.jpg</picture>
			<picture>https://ukrpodarok.com.ua/images/152310_100269.jpg</picture>
			<picture>https://ukrpodarok.com.ua/images/152310_100270.jpg</picture>
			<picture>https://ukrpodarok.com.ua/images/152310_100271.jpg</picture>
			<picture>https://ukrpodarok.com.ua/images/152310_100589.jpg</picture>
			<picture>https://ukrpodarok.com.ua/images/152310_100590.jpg</picture>
			<picture>https://ukrpodarok.com.ua/images/152310_100592.jpg</picture>
			<vendor>UFT</vendor>
			<name>Гибкая LED лампа с креплением прищепкой UFT Lamp 1</name>
			<barcode>8000000031365</barcode>
			<stock_quantity>50</stock_quantity>
			<description>
				<![CDATA[<p>Настольная светодиодная LED лампа-прищепка сделана в оригинальном дизайне, что позволяет использовать её как дополнительное освещение в различных условиях и интерьерах.</p>  <p>В данной модели имеется один вид белого холодного света который обеспечивают 24 ярких экономичных светодиода.</p>  <p>Прищепка способна зафиксироваться на любой плоской поверхности до 6 см толщиной (стол, тумбочка, полка, спинка кровати, дверь и т.д).</p>  <p>Длина USB-шнура составляет чуть больше 1 метра, чего вполне достаточно для использования как дома, так и на работе. На шнуре имеется механическая кнопка для вкл/выкл лампы.</p>  <br />Особенности:<br />    Лампа имеет не большой вес, не большая по габаритам  Простая и удобная в использовании.  Ножка LED лампы сделана из гибкого материала, благодаря чему, Вы с легкостью сможете придать нужный угол наклона светильника и направить поток света на необходимую область.   Работает данная лампа-прищепка от любого USB источника питания - ноутбук, ПК, PowerBank или от сети 220В через сетевой переходник  Максимальное раскрытие прищепки: 6 см<br />Управление: механическая кнопка на кабеле<br />Режим: 1<br />Количество светодиодов :24<br />Температура свечения: 5500 – 6000 К<br />Световой поток: 120 Lm<br />Свет: белый холодный<br />Размер: 34 х 11,5 х 7,5 см<br />Размер упаковки: 18,5 х 12 х 10,5 см  ]]>
			</description>
			<param name="Тип"><![CDATA[ОфисныеСветодиоидныеСкладные]]></param>
			<param name="Тип используемой лампы"><![CDATA[Светодиодная (LED)]]></param>
			<param name="Материал плафона"><![CDATA[ABS-пластик]]></param>
			<param name="Материал основы"><![CDATA[ABS-пластикМеталл]]></param>
			<param name="Поворотный плафон"><![CDATA[Да]]></param>
			<param name="Тип выключателя"><![CDATA[Кнопочный (на проводе)]]></param>
			<param name="Мощность, Вт"><![CDATA[9 Вт]]></param>
			<param name="Цвет основы"><![CDATA[Белый]]></param>
			<param name="Цвет плафона"><![CDATA[Белый]]></param>
			<param name="Источник питания"><![CDATA[От сети]]></param>
			<param name="Питание"><![CDATA[USB кабель]]></param>
			<param name="Тип крепления"><![CDATA[Прищепка]]></param>
			<param name="Бренд"><![CDATA[UFT]]></param>
			<param name="Режим"><![CDATA[1]]></param>
			<param name="Количество светодиодов"><![CDATA[24]]></param>
			<param name="Температура свечения"><![CDATA[5500 - 6000 К]]></param>
			<param name="Световой поток"><![CDATA[120 Lm]]></param>
			<param name="Цвет свечения"><![CDATA[Холодный]]></param>
			<param name="Лампа в комплекте"><![CDATA[Да]]></param>
			<param name="Размер"><![CDATA[34 х 11,5 х 7,5 см]]></param>
			<param name="Размер упаковки"><![CDATA[18,5 х 12 х 10,5 см]]></param>
			<param name="Цвет"><![CDATA[Белый]]></param>
			<param name="Сегмент"><![CDATA[Для дома]]></param>
			<param name="Страна регистрации бренда"><![CDATA[Украина]]></param>
			<param name="Гарантия"><![CDATA[6 месяцев]]></param>
			<param name="Наличие"><![CDATA[есть]]></param>
			<param name="вес в упаковке кг"><![CDATA[0.3]]></param>
			<param name="высота в упаковке см"><![CDATA[18.5]]></param>
			<param name="глубина в упаковке см"><![CDATA[12]]></param>
			<param name="ширина в упаковке см"><![CDATA[10.5]]></param>
			<param name="количество грузовых мест"><![CDATA[1]]></param>
			<param name="штрихкод"><![CDATA[8000000031365]]></param>
		</offer>
		<offer id="CGbelamp1B" available="true">
			<url>https://ukrpodarok.com.ua/gibkaya-lampa-led-s-krepleniem-prischepkoi-uft-lamp-1-black.html</url>
			<price>544</price>
			<price_old>645</price_old>
			<price_promo>417</price_promo>
			<currencyId>UAH</currencyId>
			<categoryId>1521</categoryId>
			<picture>https://ukrpodarok.com.ua/images/152431_0.jpg</picture>
			<picture>https://ukrpodarok.com.ua/images/152431_101118.jpg</picture>
			<picture>https://ukrpodarok.com.ua/images/152431_101119.jpg</picture>
			<picture>https://ukrpodarok.com.ua/images/152431_101120.jpg</picture>
			<picture>https://ukrpodarok.com.ua/images/152431_101121.jpg</picture>
			<picture>https://ukrpodarok.com.ua/images/152431_101122.jpg</picture>
			<vendor>UFT</vendor>
			<name>Гибкая лампа LED с креплением прищепкой UFT Lamp 1 Black</name>
			<barcode>4820176281166</barcode>
			<stock_quantity>50</stock_quantity>
			<description>
				<![CDATA[<p>Настольная светодиодная LED лампа-прищепка сделана в оригинальном дизайне, что позволяет использовать её как дополнительное освещение в различных условиях и интерьерах.</p>  <p>В данной модели имеется один вид белого холодного света который обеспечивают&nbsp;24 ярких экономичных светодиода.</p>  <p>Прищепка способна зафиксироваться на любой плоской поверхности&nbsp;до 6 см толщиной&nbsp;(стол, тумбочка, полка, спинка кровати, дверь и т.д).</p>  <p>Длина USB-шнура составляет чуть больше 1 метра, чего вполне достаточно для использования как дома, так и на работе.&nbsp;На шнуре имеется механическая кнопка для вкл/выкл лампы.</p>  <br />Особенности:<br />    Лампа имеет не большой вес, не большая по габаритам  Простая и удобная в использовании.  Ножка LED лампы сделана из гибкого материала, благодаря чему, Вы с легкостью сможете&nbsp;придать нужный угол наклона светильника и направить поток света на необходимую область.&nbsp;  Работает данная лампа-прищепка&nbsp;от любого USB источника&nbsp;питания - ноутбук, ПК, PowerBank или от сети 220В через сетевой переходник  Максимальное раскрытие прищепки: 6 см<br />Управление: механическая кнопка на кабеле<br />Режим: 1<br />Количество светодиодов :24<br />Температура свечения: 5500 &ndash; 6000 К<br />Световой поток: 120 Lm<br />Свет:&nbsp;белый холодный<br />Размер: 34 х 11,5 х 7,5 см<br />Размер упаковки: 18,5 х 12 х 10,5 см  ]]>
			</description>
			<param name="Тип"><![CDATA[ОфисныеСветодиоидныеСкладные]]></param>
			<param name="Тип используемой лампы"><![CDATA[Светодиодная (LED)]]></param>
			<param name="Материал плафона"><![CDATA[ABS-пластик]]></param>
			<param name="Материал основы"><![CDATA[ABS-пластикМеталл]]></param>
			<param name="Поворотный плафон"><![CDATA[Да]]></param>
			<param name="Тип выключателя"><![CDATA[Кнопочный (на проводе)]]></param>
			<param name="Мощность, Вт"><![CDATA[9 Вт]]></param>
			<param name="Цвет основы"><![CDATA[Черный]]></param>
			<param name="Цвет плафона"><![CDATA[Черный]]></param>
			<param name="Источник питания"><![CDATA[От сети]]></param>
			<param name="Питание"><![CDATA[USB кабель]]></param>
			<param name="Тип крепления"><![CDATA[Прищепка]]></param>
			<param name="Бренд"><![CDATA[UFT]]></param>
			<param name="Режим"><![CDATA[1]]></param>
			<param name="Количество светодиодов"><![CDATA[24]]></param>
			<param name="Температура свечения"><![CDATA[5500 - 6000 К]]></param>
			<param name="Световой поток"><![CDATA[120 Lm]]></param>
			<param name="Цвет свечения"><![CDATA[Холодный]]></param>
			<param name="Лампа в комплекте"><![CDATA[Да]]></param>
			<param name="Размер"><![CDATA[34 х 11,5 х 7,5 см]]></param>
			<param name="Размер упаковки"><![CDATA[18,5 х 12 х 10,5 см]]></param>
			<param name="Цвет"><![CDATA[Черный]]></param>
			<param name="Сегмент"><![CDATA[Для дома]]></param>
			<param name="Страна регистрации бренда"><![CDATA[Украина]]></param>
			<param name="Гарантия"><![CDATA[14 дней]]></param>
			<param name="Наличие"><![CDATA[есть]]></param>
			<param name="вес в упаковке кг"><![CDATA[0.5]]></param>
			<param name="высота в упаковке см"><![CDATA[19]]></param>
			<param name="глубина в упаковке см"><![CDATA[11]]></param>
			<param name="ширина в упаковке см"><![CDATA[12]]></param>
			<param name="количество грузовых мест"><![CDATA[1]]></param>
			<param name="штрихкод"><![CDATA[4820176281166]]></param>
		</offer>
		<offer id="UFTofficelamp1" available="true">
			<url>https://ukrpodarok.com.ua/gibkaya-nastolnaya-led-lampa-s-akkumulyatorom-uft-office-lamp-1.html</url>
			<price>599</price>
			<price_old>677</price_old>
			<currencyId>UAH</currencyId>
			<categoryId>1521</categoryId>
			<picture>https://ukrpodarok.com.ua/images/151972_0.jpg</picture>
			<picture>https://ukrpodarok.com.ua/images/151972_99658.jpg</picture>
			<picture>https://ukrpodarok.com.ua/images/151972_99657.jpg</picture>
			<picture>https://ukrpodarok.com.ua/images/52653_63672.jpg</picture>
			<vendor>UFT</vendor>
			<name>Гибкая настольная LED лампа с аккумулятором UFT Office Lamp 1</name>
			<barcode>4820176252623</barcode>
			<stock_quantity>50</stock_quantity>
			<description>
				<![CDATA[Светодиодная офисная лампа на гибкой ножке - найдет свое место на письменном столе. Можно осветить клавиатуру ноутбука в темное время суток, благодаря энергосберегающим LED лампам. С легкостью можно изменить направление плафона.  Настольная LED лампа с поворотным плафоном имеет также встроенный аккумулятор, обеспечивающий мобильность данному светильнику. Зарядка производится от USB  Office Lamp имеет современный эргономичный дизайн, удобную сенсорную кнопку и три режима свечения. Каждое прикосновение делают свет ярче.  <p>&nbsp;</p>]]>
			</description>
			<param name="Тип используемой лампы"><![CDATA[LED-модульСветодиодная (LED)]]></param>
			<param name="Тип крепления"><![CDATA[На поверхность]]></param>
			<param name="Цвет основы"><![CDATA[Белый]]></param>
			<param name="Цвет плафона"><![CDATA[Белый]]></param>
			<param name="Поворотный плафон"><![CDATA[С поворотным плафоном]]></param>
			<param name="Мощность, Вт"><![CDATA[2.5 Вт]]></param>
			<param name="Источник питания"><![CDATA[От аккумулятораОт сети]]></param>
			<param name="Тип выключателя"><![CDATA[Сенсорный]]></param>
			<param name="Срок службы только LED, ч"><![CDATA[40000]]></param>
			<param name="Материал плафона"><![CDATA[ABS-пластик]]></param>
			<param name="Материал основы"><![CDATA[ABS-пластик]]></param>
			<param name="Комплектация"><![CDATA[Устройство, шнур зарядки, инструкция]]></param>
			<param name="Высота мм"><![CDATA[300]]></param>
			<param name="Ширина мм"><![CDATA[100]]></param>
			<param name="Бренд"><![CDATA[UFT]]></param>
			<param name="Гарантия"><![CDATA[6 месяцев]]></param>
			<param name="Наличие"><![CDATA[есть]]></param>
			<param name="вес в упаковке кг"><![CDATA[0.27]]></param>
			<param name="высота в упаковке см"><![CDATA[15]]></param>
			<param name="глубина в упаковке см"><![CDATA[11]]></param>
			<param name="ширина в упаковке см"><![CDATA[8]]></param>
			<param name="количество грузовых мест"><![CDATA[1]]></param>
			<param name="штрихкод"><![CDATA[4820176252623]]></param>
		</offer>
		<offer id="UFTIP23" available="true">
			<url>https://ukrpodarok.com.ua/gibkii-derzhatel-na-sheyu-dlya-telefona-ili-plansheta-4-10-dyuimov-uft-ip23.html</url>
			<price>530</price>
			<price_old>599</price_old>
			<price_promo>422</price_promo>
			<currencyId>UAH</currencyId>
			<categoryId>960</categoryId>
			<picture>https://ukrpodarok.com.ua/images/152425_0.jpg</picture>
			<picture>https://ukrpodarok.com.ua/images/152425_101070.jpg</picture>
			<picture>https://ukrpodarok.com.ua/images/152425_101071.jpg</picture>
			<picture>https://ukrpodarok.com.ua/images/152425_101072.jpg</picture>
			<vendor>UFT</vendor>
			<name>Гибкий держатель на шею для телефона или планшета 4-10 дюймов UFT IP23</name>
			<barcode>4820176253514</barcode>
			<stock_quantity>50</stock_quantity>
			<description>
				<![CDATA[Універсальний тримач для телефону можна одягнути на шию або розмістити на талії, щоб звільнити руки під час відео дзвінка або перегляду фільму. В області вигину &ndash; передбачена м'яка вставка, щоб не передавлювати шию.<br /><br />Розсувне кріплення вміщує смартфон або планшет із діагоналлю від 4 до 10 дюймів. Спеціальний шарнір, на якому розміщено кріплення, дозволяє обертати гаджет на 360&deg;. Вибирайте вертикальну або горизонтальну орієнтацію.<br /><br />Якщо ви хочете розмістити гаджет далі від очей<br /><br />Утримувач зроблений з алюмінію &ndash; легко гнеться та набуває будь-якої форми.<br /><br /> Можна зігнути та поставити на стіл як підставку для планшета або смартфона.<br /><br />У розігнутому вигляді можна використовувати як монопод для селфі.]]>
			</description>
			<param name="Вид"><![CDATA[Держатели]]></param>
			<param name="Тип"><![CDATA[Держатели для дома]]></param>
			<param name="Тип крепления девайса"><![CDATA[Зажим]]></param>
			<param name="Место установки"><![CDATA[СтолКровать]]></param>
			<param name="Особенности"><![CDATA[Регулируемый угол наклона]]></param>
			<param name="Назначение"><![CDATA[Для мобильных телефонов]]></param>
			<param name="Гарантия"><![CDATA[14 дней]]></param>
			<param name="Наличие"><![CDATA[есть]]></param>
			<param name="вес в упаковке кг"><![CDATA[0.4]]></param>
			<param name="высота в упаковке см"><![CDATA[20]]></param>
			<param name="глубина в упаковке см"><![CDATA[10]]></param>
			<param name="ширина в упаковке см"><![CDATA[15]]></param>
			<param name="количество грузовых мест"><![CDATA[1]]></param>
			<param name="штрихкод"><![CDATA[4820176253514]]></param>
		</offer>
		<offer id="Holder01" available="true">
			<url>https://ukrpodarok.com.ua/golovka-derzhatel-na-shtativ-dlya-telefona-5-5-8-5-sm-uft-holder01.html</url>
			<price>255</price>
			<price_old>322</price_old>
			<price_promo>205</price_promo>
			<currencyId>UAH</currencyId>
			<categoryId>1088</categoryId>
			<picture>http://uft.ua/images/3350_0.jpg</picture>
			<picture>https://ukrpodarok.com.ua/images/152026_100282.jpg</picture>
			<picture>https://ukrpodarok.com.ua/images/152026_100283.jpg</picture>
			<picture>https://ukrpodarok.com.ua/images/152026_100284.jpg</picture>
			<picture>https://ukrpodarok.com.ua/images/152026_100281.jpg</picture>
			<vendor>UFT</vendor>
			<name>Головка-держатель на штатив для телефона 5.5 - 8.5 см UFT Holder01</name>
			<barcode>8000000024435</barcode>
			<stock_quantity>50</stock_quantity>
			<description>
				<![CDATA[<p>Универсальное крепление для телефонов шириной от 5,5 до 8,5 см.</p>  <p>Имеет две стандартные резьбы 1/4" для штатива, монопода для селфи или любой другой фото техники.<br />Устанавливается на стандартный винт штатива, трипода или монопода.<br /></p>  <p>Места соприкасания с телефоном прорезинены.</p>]]>
			</description>
			<param name="Тип"><![CDATA[Головки-держатели для штативов]]></param>
			<param name="Расстояние между зажимами"><![CDATA[5.5 - 8.5 см]]></param>
			<param name="Материал"><![CDATA[Пластик]]></param>
			<param name="Цвет"><![CDATA[Черный]]></param>
			<param name="Особенности"><![CDATA[Головка с зажимом для телефона]]></param>
			<param name="Аксессуары"><![CDATA[Головки-держатели для штативов]]></param>
			<param name="Гарантия"><![CDATA[14 дней]]></param>
			<param name="Наличие"><![CDATA[есть]]></param>
			<param name="вес в упаковке кг"><![CDATA[0.18]]></param>
			<param name="высота в упаковке см"><![CDATA[8]]></param>
			<param name="глубина в упаковке см"><![CDATA[4]]></param>
			<param name="ширина в упаковке см"><![CDATA[3]]></param>
			<param name="количество грузовых мест"><![CDATA[1]]></param>
			<param name="штрихкод"><![CDATA[8000000024435]]></param>
		</offer>
		<offer id="Holder04" available="true">
			<url>https://ukrpodarok.com.ua/golovka-derzhatel-na-shtativ-dlya-telefona-6-5-10-5-sm-uft-holder04.html</url>
			<price>270</price>
			<price_old>320</price_old>
			<currencyId>UAH</currencyId>
			<categoryId>1088</categoryId>
			<picture>https://ukrpodarok.com.ua/images/152027_0.jpg</picture>
			<picture>https://ukrpodarok.com.ua/images/152027_100074.jpg</picture>
			<picture>https://ukrpodarok.com.ua/images/152027_100075.jpg</picture>
			<picture>https://ukrpodarok.com.ua/images/152027_100076.jpg</picture>
			<vendor>UFT</vendor>
			<name>Головка-держатель на штатив для телефона 6.5 - 10.5 см UFT Holder04</name>
			<barcode>4820176253057</barcode>
			<stock_quantity>50</stock_quantity>
			<description>
				<![CDATA[<p>Универсальное крепление для телефонов шириной от 6,5 до 10,5 см.</p>  <p>Имеет две стандартные резьбы 1/4" для штатива, монопода для селфи или любой другой фото техники.<br />Устанавливается на стандартный винт штатива, трипода или монопода.</p>  <p>Места соприкасания с телефоном прорезинены.</p>  ]]>
			</description>
			<param name="Тип"><![CDATA[Головки-держатели для штативов]]></param>
			<param name="Расстояние между зажимами"><![CDATA[6.5 - 10.5 см]]></param>
			<param name="Материал"><![CDATA[Пластик]]></param>
			<param name="Цвет"><![CDATA[Черный]]></param>
			<param name="Особенности"><![CDATA[Головка с зажимом для телефона]]></param>
			<param name="Аксессуары"><![CDATA[Головки-держатели для штативов]]></param>
			<param name="Гарантия"><![CDATA[14 дней]]></param>
			<param name="Наличие"><![CDATA[есть]]></param>
			<param name="вес в упаковке кг"><![CDATA[0.17]]></param>
			<param name="высота в упаковке см"><![CDATA[10]]></param>
			<param name="глубина в упаковке см"><![CDATA[10]]></param>
			<param name="ширина в упаковке см"><![CDATA[10]]></param>
			<param name="количество грузовых мест"><![CDATA[1]]></param>
			<param name="штрихкод"><![CDATA[4820176253057]]></param>
		</offer>
		<offer id="M82C" available="true">
			<url>https://ukrpodarok.com.ua/dvoinoi-besprovodnoi-petlichnii-mikrofon-s-priemnikom-i-keisom-dlya-zaryadki-type-c-uft-m8-2c-plus.html</url>
			<price>2144</price>
			<price_old>2399</price_old>
			<currencyId>UAH</currencyId>
			<categoryId>52718</categoryId>
			<picture>https://ukrpodarok.com.ua/images/152468_0.jpg</picture>
			<picture>https://ukrpodarok.com.ua/images/152468_101301.jpg</picture>
			<picture>https://ukrpodarok.com.ua/images/152468_101302.jpg</picture>
			<picture>https://ukrpodarok.com.ua/images/152468_101303.jpg</picture>
			<picture>https://ukrpodarok.com.ua/images/152468_101304.jpg</picture>
			<picture>https://ukrpodarok.com.ua/images/152468_101305.jpg</picture>
			<vendor>UFT</vendor>
			<name>Двойной беспроводной петличный микрофон с приемником и кейсом для зарядки Type-C UFT M8-2C Plus</name>
			<barcode>4820176281753</barcode>
			<stock_quantity>50</stock_quantity>
			<description>
				<![CDATA[  <p>UFT M8 Plus это комплект из двух петличных микрофонов с приемником и зарядным футляром.<br />Приемник имеет интерфейс Type-C подключается к iPhone и Androide и записывает звук с обоих микрофонов, гапример, во время интервью, или же из одного если другой выключить.<br />Микрофоны имеют клипсу, ветрозащиту.<br />Микрофоны и приемник заряжаются в кейсе как обычные наушники, а сам кейс заряжается&nbsp;от шнура&nbsp;Type-C.<br /><br /><br /><strong>Технические характеристики:</strong><br /><br />1. Сверхнизкая задержка, безбарьерный прием на расстоянии 10 метров, прямая трансляция на открытом воздухе.</p>  <p>2. Нет APP, подключи и работай, подключение одной клавишей, легко носить.</p>  <p>3. Интеллектуальное шумоподавление, 10 часов длительной работы от батареи, легкость работы в различных шумных средах, беззаботная съемка, чтобы удовлетворить ваши ежедневные потребности.</p>  <p>4. 360" всенаправленный датчик, записывайте каждую деталь звука.</p>  <p>5. Маленький и удобный, совместимый с разными устройствами, поддерживает мобильные телефоны, планшеты, камеры, ноутбуки и т.д.</p>  <br /><br />        <strong>Спецификация микрофона</strong>      Частота/частота дискретизации  2,4 ГГц/32 КГц      &nbsp;Оборудование  Входное напряжение зарядки  4,8~5,4 В постоянного тока      Питание на токе  3 мА-10 мА      Текущий поиск  8,9~14 мА      Ток зарядки  70 мА      Рабочий ток  9,9 мА?11 мА      Выключение тока  6 мкА      Время зарядки  около 1 часа      Рабочее время  5 ч      &nbsp;Аккумулятор?401020?  Емкость  60 мАч      &nbsp;вес  1,4 г      микрофон  Тип  Цифровой микрофон      Чувствительность  -38 дБ полной шкалы      Соотношение S/N  64 дБ(А)      &nbsp;Диапазон частот  20-20 кГц      &nbsp;антенна  керамический      Задержка передачи  25 мс      &nbsp;Световой индикатор  RGB      &nbsp;Как заряжать  Поместите его в зарядный футляр      &nbsp;Вес единицы  8,1 г      Размер единицы  46,97*17,4*16,64 мм      &nbsp;  &nbsp;  &nbsp;      <strong>Интерфейс микрофона</strong>      функция  Операция  Световой индикатор      Включите питание  нажмите кнопку питания в течение 3 секунд  по очереди мигает красный и синий свет      Выключите питание  нажмите кнопку питания в течение 3 секунд  Синий свет выключен      Четкое сообщение  4 последовательных нажатия кнопки питания  Быстро мигает зеленый свет      Поиск пары  /  по очереди мигает красный и синий свет      Парни  /  Синий свет горит всегда      Переключатель шумоподавления  Нажмите кнопку питания один раз  Зеленый свет горит всегда      Выключить звук  &nbsp;Дважды нажмите кнопку питания  Красный свет горит всегда      Зарядка  /  Красный свет продолжает гореть      Полностью заряжен  /  Красный свет выключен      Сигнализация о низком заряде батареи  /  Красный свет медленно мигает      Четкое сообщение  4 нажатие клавиши сброса  красный и синий свет мигает поочередно после того, как зеленый свет мигает 2 раза      Автоматическое отключение  Отсутствие связи с устройствами через 3 минуты  &nbsp;        <br /><br />        <strong>Спецификация приемника Type-C</strong>      &nbsp;Частота  2,4 ГГц      &nbsp;Оборудование  Текущий поиск  25-31 мА      Питание на токе  25-31 мА      Ток ожидания  /      Рабочий ток  29-31 мА      Как заряжать  Подключите устройство      &nbsp;Световой индикатор  Зеленый/Красный      Вес единицы  5 г      Размер единицы  41*26,6*10 мм      Спецификация зарядного футляра      Аккумулятор(802040)  Тип  &nbsp;Полимер литий-ионный      Емкость  600 мАч      &nbsp;вес  11 г      Входная мощность  5Б/1А      Ток зарядки  около 320 мА      Время зарядки  примерно 1,5 ч      Ток ожидания  5 мкА      Входной порт зарядки  Тип-С      Входное напряжение зарядного футляра  Постоянный ток 4,8~5,4 В      Световой индикатор зарядного футляра  Красный/Синий      Размер  90*62*30,7 мм      Вес (без микрофона и приемника)  64 г      <strong>Интерфейс приемника Type-C</strong>      функция  Операция  Световой индикатор      Включите питание  Подключите устройство  Зеленый свет продолжает гореть      Выключите питание  Выключите устройство  /      Поиск пары  /  Зеленый свет медленно мигает      Парни  /  Зеленый свет продолжает гореть      Четкое сообщение  4 нажатие клавиши сброса  Зеленый свет медленно мигает      Световой индикатор зарядного футляра      Нет.  насытить  Световой индикатор      1  Заряжайте только футляр  Красный свет мигает при зарядке Красный свет горит после полной зарядки        ]]>
			</description>
			<param name="Разъемы"><![CDATA[USB Type-C]]></param>
			<param name="Направленность"><![CDATA[Всенаправленные]]></param>
			<param name="Беспроводное подключение"><![CDATA[Bluetooth]]></param>
			<param name="Гарантия"><![CDATA[14 дней]]></param>
			<param name="Наличие"><![CDATA[есть]]></param>
			<param name="вес в упаковке кг"><![CDATA[0.3]]></param>
			<param name="высота в упаковке см"><![CDATA[10]]></param>
			<param name="глубина в упаковке см"><![CDATA[8]]></param>
			<param name="ширина в упаковке см"><![CDATA[10]]></param>
			<param name="количество грузовых мест"><![CDATA[1]]></param>
			<param name="штрихкод"><![CDATA[4820176281753]]></param>
		</offer>
		<offer id="UFTFunnyLampCloud" available="true">
			<url>https://ukrpodarok.com.ua/dekorativnii-detskii-led-svetilnik-nochnik-oblachko-uft-funny-lamp-cloud-30-h-22h-2-8-sm.html</url>
			<price>322</price>
			<price_old>399</price_old>
			<currencyId>UAH</currencyId>
			<categoryId>830</categoryId>
			<picture>https://ukrpodarok.com.ua/images/152427_0.jpg</picture>
			<picture>https://ukrpodarok.com.ua/images/152427_101078.jpg</picture>
			<picture>https://ukrpodarok.com.ua/images/152427_101079.jpg</picture>
			<picture>https://ukrpodarok.com.ua/images/152427_101080.jpg</picture>
			<picture>https://ukrpodarok.com.ua/images/152427_101081.jpg</picture>
			<picture>https://ukrpodarok.com.ua/images/152427_101082.jpg</picture>
			<picture>https://ukrpodarok.com.ua/images/152427_101083.jpg</picture>
			<vendor>UFT</vendor>
			<name>Декоративный детский LED светильник ночник Облачко UFT Funny Lamp Cloud 30 х 22х 2,8 см</name>
			<barcode>4820176247032</barcode>
			<stock_quantity>50</stock_quantity>
			<description>
				<![CDATA[Світильник Хмарка - створить комфорт та затишок для малюка. Кожна сім'я, яка має маленьку дитину, прагне створити йому затишну атмосферу в дитячій кімнаті. Нічник "Хмарка" є стильним декоративним елементом, який призначений для підсвічування кімнат у темний час доби або, при необхідності, також у денний. Крім основної функції освітлення, може бути стильним предметом прикраси будь-якої кімнати в будинку чи квартирі.<br /> Коротка характеристика:<br />-За формою світильник виготовлений у вигляді хмаринки;<br />-Корпус виконаний із екологічно безпечного пластику;<br />-Всередині корпусу змонтовані напівпровідникові світлодіодні лампи (LED), у кількості 11 шт та акумулятор;<br />-Функціонує "Хмарка" від 2-х батарейок АА;<br />-Потужність світильника&nbsp;2.3 Вт;<br />-Колір - блакитний.]]>
			</description>
			<param name="Тип"><![CDATA[Настольный]]></param>
			<param name="Питание"><![CDATA[Батарейки]]></param>
			<param name="Пол ребенка"><![CDATA[МальчикДевочка]]></param>
			<param name="Цвет"><![CDATA[Голубой]]></param>
			<param name="Размер, см"><![CDATA[30 х 22х 2,8]]></param>
			<param name="Особенности"><![CDATA[С LED технологией]]></param>
			<param name="Материал корпуса"><![CDATA[Пластик]]></param>
			<param name="Тип источника света"><![CDATA[Светодиодные (LED)]]></param>
			<param name="Таймер выключения"><![CDATA[Без таймера]]></param>
			<param name="Гарантия"><![CDATA[6 месяцев]]></param>
			<param name="Наличие"><![CDATA[есть]]></param>
			<param name="вес в упаковке кг"><![CDATA[0.3]]></param>
			<param name="высота в упаковке см"><![CDATA[10]]></param>
			<param name="глубина в упаковке см"><![CDATA[4]]></param>
			<param name="ширина в упаковке см"><![CDATA[15]]></param>
			<param name="количество грузовых мест"><![CDATA[1]]></param>
			<param name="штрихкод"><![CDATA[4820176247032]]></param>
		</offer>
		<offer id="CGWWclock" available="true">
			<url>https://ukrpodarok.com.ua/derevyannie-chasi-s-besprovodnoi-zaryadkoi-svetodiodnie-uft-wood-wireless-clock.html</url>
			<price>999</price>
			<price_old>1299</price_old>
			<price_promo>763</price_promo>
			<currencyId>UAH</currencyId>
			<categoryId>829</categoryId>
			<picture>https://ukrpodarok.com.ua/images/52836_0.jpg</picture>
			<picture>https://ukrpodarok.com.ua/images/52836_69312.jpg</picture>
			<picture>https://ukrpodarok.com.ua/images/52836_69315.jpg</picture>
			<picture>https://ukrpodarok.com.ua/images/52836_69316.jpg</picture>
			<picture>https://ukrpodarok.com.ua/images/52836_69314.jpg</picture>
			<picture>https://ukrpodarok.com.ua/images/52836_69313.jpg</picture>
			<vendor>UFT</vendor>
			<name>Деревянные часы с беспроводной зарядкой светодиодные UFT Wood Wireless clock</name>
			<barcode>4820176256416</barcode>
			<stock_quantity>50</stock_quantity>
			<description>
				<![CDATA[<p>Часы UFT&nbsp;WW clock стилизированы под&nbsp;дерево&nbsp;и&nbsp;оснащены современной беспроводной зарядкой.<br />Хорошо вписываются в любой интерьер. В неактивном состоянии в буквальном смысле сливаются с обстановкой, но стоит хлопнуть в ладоши, как на одной из стенок проявляются время (затем дата и температура)<br />Часы работают от 3х батареек типа ААА, беспроводная зарядка подключается от кабеля USB</p>  <p><br /><br /></p>]]>
			</description>
			<param name="Вид индикации"><![CDATA[Электронная]]></param>
			<param name="Индикация"><![CDATA[Секунды]]></param>
			<param name="Цвет циферблата"><![CDATA[Оранжевый]]></param>
			<param name="Источник питания"><![CDATA[USBАккумуляторОт сети]]></param>
			<param name="Особенности"><![CDATA[Наличие беспроводной зарядки]]></param>
			<param name="Коллекция"><![CDATA[Wood]]></param>
			<param name="Материал корпуса"><![CDATA[Пластик]]></param>
			<param name="Вид циферблата"><![CDATA[Арабские числа]]></param>
			<param name="Цвет корпуса"><![CDATA[Коричневый]]></param>
			<param name="Тип механизма"><![CDATA[Электронные]]></param>
			<param name="Формат времени"><![CDATA[12/24 ч]]></param>
			<param name="Габариты корпуса ВхШхГ"><![CDATA[8 х 17 х 8 см]]></param>
			<param name="Габариты упаковки ВхШхГ"><![CDATA[9 х 18 х 9 см]]></param>
			<param name="Вес"><![CDATA[0.22 кг]]></param>
			<param name="Вес в упаковке"><![CDATA[0.24 кг]]></param>
			<param name="Гарантия"><![CDATA[14 дней]]></param>
			<param name="Бренд"><![CDATA[UFT]]></param>
			<param name="Наличие"><![CDATA[есть]]></param>
			<param name="вес в упаковке кг"><![CDATA[0.3]]></param>
			<param name="высота в упаковке см"><![CDATA[19]]></param>
			<param name="глубина в упаковке см"><![CDATA[11]]></param>
			<param name="ширина в упаковке см"><![CDATA[9]]></param>
			<param name="количество грузовых мест"><![CDATA[1]]></param>
			<param name="штрихкод"><![CDATA[4820176256416]]></param>
		</offer>
		<offer id="CGIP18" available="true">
			<url>https://ukrpodarok.com.ua/derzhatel-gibkii-dlya-plansheta-na-strubtsine-uft-ip18.html</url>
			<price>677</price>
			<price_old>744</price_old>
			<currencyId>UAH</currencyId>
			<categoryId>960</categoryId>
			<picture>https://ukrpodarok.com.ua/images/152236_0.jpg</picture>
			<picture>https://ukrpodarok.com.ua/images/152236_100050.jpg</picture>
			<picture>https://ukrpodarok.com.ua/images/152236_100051.jpg</picture>
			<picture>https://ukrpodarok.com.ua/images/152236_100052.jpg</picture>
			<picture>https://ukrpodarok.com.ua/images/152236_100053.jpg</picture>
			<picture>https://ukrpodarok.com.ua/images/152236_100054.jpg</picture>
			<vendor>UFT</vendor>
			<name>Держатель гибкий для планшета на струбцине UFT IP18</name>
			<barcode>4820176280077</barcode>
			<stock_quantity>50</stock_quantity>
			<description>
				<![CDATA[<p>Планшет занимает существенное место в жизни каждого продвинутого пользователя. И все понемногу приходят к пониманию того что держать планшет в руках это не всегда удобно, более того, выполняя еще какую-нибудь работу за ноутбуком.</p>  <p>Держатель для планшета IP18, позволяет фиксировать планшет во всех удобных для вас положениях.</p>  <p>При этом не стоит ограничивать себя лишь работой за столом, механизм крепления похож на струбцину, и запросто прикрепится к спинке кровати, кресла, софы и так далее.&nbsp;</p>  <p>Крепится держатель с помощью струбцины, можно прикрепить ( по принципу ручной мясорубки) к&nbsp;&nbsp;столу, кровати, подлокотнику.&nbsp;</p>  <p>Меры предосторожности.</p>  <p>Устанавливая данную подставку, убедитесь что она хорошо зафиксирована, дабы избежать повреждения Вашего гаджета и травм, в следствии падения подставки.</p>  <p>IP18 прекрасно подойдет для таких моделей как IPAD, IPAD2, IPAD3, IPADMINI, HP, Lenovo, E-book, а так же для смартфонов. Максимальная ширина для планшета - 18.5 см. &nbsp;</p>  <p>&nbsp;</p>]]>
			</description>
			<param name="Тип"><![CDATA[Держатели для дома]]></param>
			<param name="Материал"><![CDATA[Высококачественный металл]]></param>
			<param name="Вид"><![CDATA[Держатели]]></param>
			<param name="Назначение"><![CDATA[Для планшетов]]></param>
			<param name="Тип крепления девайса"><![CDATA[Зажим]]></param>
			<param name="Цвет"><![CDATA[Черный]]></param>
			<param name="Общая длинна"><![CDATA[950 мм]]></param>
			<param name="Высота держателя"><![CDATA[350мм]]></param>
			<param name="Вес"><![CDATA[650 г]]></param>
			<param name="Вес в упаковке"><![CDATA[790г]]></param>
			<param name="Место установки"><![CDATA[Кровать;Стол;]]></param>
			<param name="Тип крепления держателя"><![CDATA[Резьба]]></param>
			<param name="Ширина держателя,см"><![CDATA[18.5]]></param>
			<param name="Упаковка"><![CDATA[Картонная коробка 400х120х50 мм]]></param>
			<param name="Гарантия"><![CDATA[14 дней]]></param>
			<param name="Наличие"><![CDATA[есть]]></param>
			<param name="вес в упаковке кг"><![CDATA[0.79]]></param>
			<param name="высота в упаковке см"><![CDATA[40]]></param>
			<param name="глубина в упаковке см"><![CDATA[12]]></param>
			<param name="ширина в упаковке см"><![CDATA[6]]></param>
			<param name="количество грузовых мест"><![CDATA[1]]></param>
			<param name="штрихкод"><![CDATA[4820176280077]]></param>
		</offer>
		<offer id="Uip24" available="true">
			<url>https://ukrpodarok.com.ua/derzhatel-dlya-plansheta-uft-ip24-black-na-prischepke.html</url>
			<price>599</price>
			<price_old>655</price_old>
			<currencyId>UAH</currencyId>
			<categoryId>960</categoryId>
			<picture>https://ukrpodarok.com.ua/images/152455_0.jpg</picture>
			<picture>https://ukrpodarok.com.ua/images/152455_101532.jpg</picture>
			<picture>https://ukrpodarok.com.ua/images/152455_101531.jpg</picture>
			<picture>https://ukrpodarok.com.ua/images/152455_101533.jpg</picture>
			<vendor>UFT</vendor>
			<name>Держатель для планшета UFT IP24 Black на прищепке</name>
			<barcode>4820176240194</barcode>
			<stock_quantity>50</stock_quantity>
			<description>
				<![CDATA[<p>Держатель для планшета<strong>&nbsp;</strong><strong>UFT</strong><strong>&nbsp;</strong><strong>IP</strong><strong>24&nbsp;</strong>качественно отличается от существующих аналогов во первых своей простотой установки и качеством крепления к&nbsp;поверхности.</p>  <p>Конструкция держателя состоит из фиксатора который крепится к столу, гибкой прорезиненной трубки и непосредственно самого держателя планшета.</p>  <p>Просто открутите пластиковую шайбу у основания саппорта. для того что бы ослабить две лапки, затем прикрепите к столу или другому объекту ширина которого не превышает 7,5 см. и закрутите. Шайба оснащена специальным анти скользящим покрытием для того что бы Вы с легкостью могли открутить ее.</p>  <p>Так же модель&nbsp;<strong>IP</strong><strong>24&nbsp;</strong>выразительна своей поддержкой планшета. Универсальный держатель способен вместить планшет любой диагонали и толщины, ширина раскрытия 23 см., а максимальная допустимая толщина планшета 1,8см. Для более тонких планшетов предусмотрены специальные болты, которые подпирают планшет с обратной стороны, обеспечивая максимальную фиксацию.</p>  <p>Гибкая трубка по форме напоминающая шею лебедя легко гнется и крутится во все стороны. Давая Вам полную свободу и множество вариантов использования данного саппорта.</p>  <p>Например, его можно прикрутить на столе, к тумбочке, к спинке или бортику кровати, дивана, софы, прекрасно крепится к шкафу или шифоньеру и даже в ванной.&nbsp;</p>  <p>С этим держателем справится даже ребенок.</p>  <p></p>]]>
			</description>
			<param name="Место установки"><![CDATA[Кровать;Стол;]]></param>
			<param name="Тип"><![CDATA[Держатели для дома]]></param>
			<param name="Вид"><![CDATA[Держатели]]></param>
			<param name="Назначение"><![CDATA[Для планшетов]]></param>
			<param name="Тип крепления держателя"><![CDATA[Прищепка]]></param>
			<param name="Тип крепления девайса"><![CDATA[Зажим]]></param>
			<param name="Гарантия"><![CDATA[14 дней]]></param>
			<param name="Наличие"><![CDATA[есть]]></param>
			<param name="вес в упаковке кг"><![CDATA[0.4]]></param>
			<param name="высота в упаковке см"><![CDATA[17]]></param>
			<param name="глубина в упаковке см"><![CDATA[10]]></param>
			<param name="ширина в упаковке см"><![CDATA[10]]></param>
			<param name="количество грузовых мест"><![CDATA[1]]></param>
			<param name="штрихкод"><![CDATA[4820176240194]]></param>
		</offer>
		<offer id="TIP21" available="true">
			<url>https://ukrpodarok.com.ua/derzhatel-dlya-plansheta-v-mashinu-na-prisoske-uft-ip41.html</url>
			<price>377</price>
			<price_old>445</price_old>
			<currencyId>UAH</currencyId>
			<categoryId>960</categoryId>
			<picture>https://ukrpodarok.com.ua/images/152460_0.jpg</picture>
			<picture>https://ukrpodarok.com.ua/images/152460_101263.jpg</picture>
			<picture>https://ukrpodarok.com.ua/images/152460_101264.jpg</picture>
			<picture>https://ukrpodarok.com.ua/images/152460_101265.jpg</picture>
			<vendor>UFT</vendor>
			<name>Держатель для планшета в машину на присоске UFT IP41</name>
			<barcode>4820176244611</barcode>
			<stock_quantity>50</stock_quantity>
			<description>
				<![CDATA[IP41 - изготовлен из прочной пластиковой конструкции. Основная часть может поворачиваться на 360 градусов. Настраиваемый угол наклона.<br />Для устройств с шириной от 96 до 210 мм;&nbsp;Для устройств с шириной от 96 до 210 мм;]]>
			</description>
			<param name="Назначение"><![CDATA[Телефон;]]></param>
			<param name="Тип"><![CDATA[Автодержатели;]]></param>
			<param name="Тип крепления"><![CDATA[Вакуумная присоска;]]></param>
			<param name="Совместимость"><![CDATA[Для устройств с шириной от 96 до 210 мм;]]></param>
			<param name="Место установки"><![CDATA[Панель, Стекло;]]></param>
			<param name="Цвет"><![CDATA[Черный.]]></param>
			<param name="Гарантия"><![CDATA[14 дней]]></param>
			<param name="Наличие"><![CDATA[есть]]></param>
			<param name="вес в упаковке кг"><![CDATA[0.3]]></param>
			<param name="высота в упаковке см"><![CDATA[15]]></param>
			<param name="глубина в упаковке см"><![CDATA[10]]></param>
			<param name="ширина в упаковке см"><![CDATA[15]]></param>
			<param name="количество грузовых мест"><![CDATA[1]]></param>
			<param name="штрихкод"><![CDATA[4820176244611]]></param>
		</offer>
		<offer id="UFTIP39" available="true">
			<url>https://ukrpodarok.com.ua/derzhatel-dlya-plansheta-na-rul-velosipeda-uft-ip39.html</url>
			<price>277</price>
			<price_old>309</price_old>
			<currencyId>UAH</currencyId>
			<categoryId>960</categoryId>
			<picture>https://ukrpodarok.com.ua/images/1230_0.jpg</picture>
			<picture>https://ukrpodarok.com.ua/images/151091_99694.jpg</picture>
			<picture>https://ukrpodarok.com.ua/images/151091_99695.jpg</picture>
			<picture>https://ukrpodarok.com.ua/images/151091_99696.jpg</picture>
			<vendor>UFT</vendor>
			<name>Держатель для планшета на руль велосипеда UFT IP39</name>
			<barcode>4820176240804</barcode>
			<stock_quantity>100</stock_quantity>
			<description>
				<![CDATA[Держатель для телефона на велосипед&nbsp; &mdash; удивительная, современная, универсальная и полезная вещь. Велосипедный держатель&nbsp; для телефона может решить множество проблем, таких как:      <p>1.&nbsp;&nbsp;Расположить телефон&nbsp;в удобном полежении для Вас, так чтобы он находился перед глазами. Данное полежение телефона позволит Вам&nbsp;не пропустить звонок или текстовое сообщение.&nbsp;Фиксатор для телефона на велосипед поможет Вам сохранить свой гаджет в полной сохранности, так как,&nbsp;когда мобильник, в спешке доставаемый из кармана,&nbsp;может упасть.</p>  <p>2.&nbsp;&nbsp;Засекать время по крупному виджету на экране телефона, а не на маленьком циферблате наручных часов.</p>  <p>3.&nbsp;&nbsp;Быстро пользоваться GPS картами, когда не нужно останавливаться&nbsp;для того чтобы посмотреть карту, которая может долго запускать с вашего телефона.</p>  <p>4. А так же с помощью держателя для телефона на велосипед Вы можете свой телефон использовать как видеорегистратор, или же просто снимать классные видео.</p>      <br /><br />      <br /><br />  <p><strong><br /></strong><br /><br /></p>]]>
			</description>
			<param name="Назначение"><![CDATA[Для мобильных телефонов;]]></param>
			<param name="Тип"><![CDATA[Велосипедные крепления;]]></param>
			<param name="Тип крепления держателя"><![CDATA[Хомут;]]></param>
			<param name="Тип крепления девайса"><![CDATA[Зажим;]]></param>
			<param name="Место установки"><![CDATA[Руль велосипеда; Руль;]]></param>
			<param name="Цвет"><![CDATA[Черный]]></param>
			<param name="Гарантия"><![CDATA[1 месяц]]></param>
			<param name="Бренд"><![CDATA[UFT]]></param>
			<param name="Наличие"><![CDATA[есть]]></param>
			<param name="вес в упаковке кг"><![CDATA[0.2]]></param>
			<param name="высота в упаковке см"><![CDATA[13]]></param>
			<param name="глубина в упаковке см"><![CDATA[10]]></param>
			<param name="ширина в упаковке см"><![CDATA[9]]></param>
			<param name="количество грузовых мест"><![CDATA[1]]></param>
			<param name="штрихкод"><![CDATA[4820176240804]]></param>
		</offer>
		<offer id="uftip25" available="true">
			<url>https://ukrpodarok.com.ua/derzhatel-dlya-smartfona-uft-ip25-na-prischepke.html</url>
			<price>477</price>
			<price_old>590</price_old>
			<currencyId>UAH</currencyId>
			<categoryId>960</categoryId>
			<picture>https://ukrpodarok.com.ua/images/151077_0.jpg</picture>
			<picture>https://ukrpodarok.com.ua/images/151077_99640.jpg</picture>
			<picture>https://ukrpodarok.com.ua/images/151077_99639.jpg</picture>
			<picture>https://ukrpodarok.com.ua/images/151077_99638.jpg</picture>
			<picture>https://ukrpodarok.com.ua/images/151077_99977.jpg</picture>
			<picture>https://ukrpodarok.com.ua/images/151077_99642.jpg</picture>
			<picture>https://ukrpodarok.com.ua/images/151077_99643.jpg</picture>
			<vendor>UFT</vendor>
			<name>Держатель для смартфона UFT IP25 на прищепке</name>
			<barcode>4820176240025</barcode>
			<stock_quantity>100</stock_quantity>
			<description>
				<![CDATA[<p>Гибкий держатель для смартфона на шею и Монопод для селфи в одном гаджете.</p>  <p>Держатель IP25&nbsp;гнется в любую сторону и принимает максимально удобное для Вас положение.</p>  <p>Холдер можно устанавливать различными способами:</p>  <p>1. Гнущуюся основу можно скрутить таким образом что бы поставить на стол подобно "змее".</p>  <p>2. Прикрепить к столу или к спинке кровати с помощью специального ухвата, который имеется в комплекте.</p>  <p>3. Обогнуть вокруг шеи.</p>  <p>4. Держать в руке что бы сделать селфи.</p>  <p>Обычной палкой для селфи уже никого не удивишь, инновационная разработка&nbsp;IP25&nbsp;позволит создавать сказочные фото под самыми невероятными ракурсами. А с длинной&nbsp;штатива чуть больше метра позволит производить снимки с большого расстояния.</p>  <p>Главной отличительной особенностью этой модели является возможность ее под держатель смартфона на шею, для разговоров по скайп или вайбер.</p>  <p>&nbsp;</p>      ]]>
			</description>
			<param name="Место установки"><![CDATA[Стол]]></param>
			<param name="Тип"><![CDATA[Держатели для дома]]></param>
			<param name="Назначение"><![CDATA[Для мобильных телефонов]]></param>
			<param name="Тип крепления держателя"><![CDATA[Прищепка;Клипса;]]></param>
			<param name="Вид"><![CDATA[Держатели]]></param>
			<param name="Тип крепления девайса"><![CDATA[Зажим]]></param>
			<param name="Максимальная длина"><![CDATA[105 см]]></param>
			<param name="Максимальная нагрузка"><![CDATA[350 гр]]></param>
			<param name="Цвет"><![CDATA[Черный]]></param>
			<param name="Материал"><![CDATA[Прочная-гнущаяся сталь]]></param>
			<param name="Вес"><![CDATA[200 гр]]></param>
			<param name="Количество секций"><![CDATA[1]]></param>
			<param name="Гарантия"><![CDATA[14 дней]]></param>
			<param name="Наличие"><![CDATA[есть]]></param>
			<param name="вес в упаковке кг"><![CDATA[0.3]]></param>
			<param name="высота в упаковке см"><![CDATA[8]]></param>
			<param name="глубина в упаковке см"><![CDATA[8]]></param>
			<param name="ширина в упаковке см"><![CDATA[15]]></param>
			<param name="количество грузовых мест"><![CDATA[1]]></param>
			<param name="штрихкод"><![CDATA[4820176240025]]></param>
		</offer>
		<offer id="UFTIP45" available="false">
			<url>https://ukrpodarok.com.ua/derzhatel-dlya-smartfona-v-mashinu-na-rul-cg-ip45.html</url>
			<price>99</price>
			<price_old>117</price_old>
			<currencyId>UAH</currencyId>
			<categoryId>960</categoryId>
			<picture>https://ukrpodarok.com.ua/images/1236_0.jpg</picture>
			<picture>https://ukrpodarok.com.ua/images/1236_992.jpg</picture>
			<picture>https://ukrpodarok.com.ua/images/1236_988.jpg</picture>
			<picture>https://ukrpodarok.com.ua/images/1236_989.jpg</picture>
			<picture>https://ukrpodarok.com.ua/images/1236_990.jpg</picture>
			<picture>https://ukrpodarok.com.ua/images/1236_991.jpg</picture>
			<vendor>CG</vendor>
			<name>Держатель для смартфона в машину на руль CG IP45</name>
			<barcode>4820176240774</barcode>
			<stock_quantity>0</stock_quantity>
			<description>
				<![CDATA[Специально для вашего комфорта и безопасности мы создали универсальный держатель для смартфона на руль, который подходит для iPhone 5 и 5S, 4 и 4S, а также для Samsung Galaxy, и многих других телефонов который подходят под размер IP45.  Автодержатель IP45 подходит для использования устройств с длиной от 10 до 14 см.&nbsp;<br /><br /><strong><strong><br /></strong></strong><br /><br /><br />]]>
			</description>
			<param name="Назначение"><![CDATA[Для мобильных телефонов]]></param>
			<param name="Тип"><![CDATA[Автодержатели]]></param>
			<param name="Тип крепления держателя"><![CDATA[Прищепка]]></param>
			<param name="Вид"><![CDATA[Держатели]]></param>
			<param name="Типкрепления девайса"><![CDATA[Зажим]]></param>
			<param name="Совместимость"><![CDATA[Для устройств с шириной от 96 до 210 мм]]></param>
			<param name="Место установки"><![CDATA[Торпедо;Стекло]]></param>
			<param name="Цвет"><![CDATA[Черный]]></param>
			<param name="Гарантия"><![CDATA[14 дней]]></param>
			<param name="Наличие"><![CDATA[нет]]></param>
			<param name="вес в упаковке кг"><![CDATA[0.15]]></param>
			<param name="высота в упаковке см"><![CDATA[5]]></param>
			<param name="глубина в упаковке см"><![CDATA[5]]></param>
			<param name="ширина в упаковке см"><![CDATA[5]]></param>
			<param name="количество грузовых мест"><![CDATA[1]]></param>
			<param name="штрихкод"><![CDATA[4820176240774]]></param>
		</offer>
		<offer id="ufthandleyellow" available="false">
			<url>https://ukrpodarok.com.ua/derzhatel-dlya-sumki-veshalka-transformer-handle-magic-rubin-yellow.html</url>
			<price>89</price>
			<price_old>167</price_old>
			<currencyId>UAH</currencyId>
			<categoryId>1534</categoryId>
			<picture>https://ukrpodarok.com.ua/images/52656_0.jpg</picture>
			<picture>https://ukrpodarok.com.ua/images/52656_0.jpg</picture>
			<picture>https://ukrpodarok.com.ua/images/52656_63593.jpg</picture>
			<picture>https://ukrpodarok.com.ua/images/52656_63594.jpg</picture>
			<picture>https://ukrpodarok.com.ua/images/52656_63592.jpg</picture>
			<vendor>M+</vendor>
			<name>Держатель для сумки, вешалка трансформер Handle Magic Rubin Yellow</name>
			<barcode>4820176252722</barcode>
			<stock_quantity>0</stock_quantity>
			<description>
				<![CDATA[<p>Держатель для сумки <b>Handle Magic </b>очень легко прикрепить к столику в кафе, а на крючок повесить свою сумочку или портфельчик.<br /> </p>  <p>Достать что-нибудь необходимое из сумочки в этом случае очень легко т.к. она всегда рядом и на виду. Но в то же время она не привлекает нежелательного внимания случайных соседей. </p>  <p>А подруги пусть немного позавидуют, &mdash; они не позаботились купить себе вешалку-трансформер для сумок и теперь вынуждены терпеть мелкие неудобства.</p>  <p><br />Пригодится трансформирующаяся вешалка для сумки и мужчине, он выдерживает вес до 10 кг, поэтому на него можно спокойно повесить и портфель, и пакет с покупками. </p>  <p>К тому же, внимательный и предусмотрительный молодой человек, приглашая даму в кафе, должен позаботиться и о мелочах, дабы она не испытывала никаких неудобств. </p>  <p>Будьте уверены, девушка оценит такую предусмотрительность.</p>]]>
			</description>
			<param name="Тип товара"><![CDATA[Держатели]]></param>
			<param name="Размеры в сложенном виде"><![CDATA[5 х 5 см]]></param>
			<param name="Материал"><![CDATA[Метал]]></param>
			<param name="Цвет"><![CDATA[Желтый]]></param>
			<param name="Странапрозводитель"><![CDATA[Китай]]></param>
			<param name="Гарантия"><![CDATA[14 дней]]></param>
			<param name="Наличие"><![CDATA[нет]]></param>
			<param name="вес в упаковке кг"><![CDATA[0.2]]></param>
			<param name="высота в упаковке см"><![CDATA[6]]></param>
			<param name="глубина в упаковке см"><![CDATA[3]]></param>
			<param name="ширина в упаковке см"><![CDATA[6]]></param>
			<param name="количество грузовых мест"><![CDATA[1]]></param>
			<param name="штрихкод"><![CDATA[4820176252722]]></param>
		</offer>
		<offer id="ufthandlegreen" available="true">
			<url>https://ukrpodarok.com.ua/derzhatel-dlya-sumki-veshalka-transformer-uft-handle-magic-rubin-green.html</url>
			<price>122</price>
			<price_old>166</price_old>
			<currencyId>UAH</currencyId>
			<categoryId>1534</categoryId>
			<picture>https://ukrpodarok.com.ua/images/151973_0.jpg</picture>
			<picture>https://ukrpodarok.com.ua/images/52654_63597.jpg</picture>
			<picture>https://ukrpodarok.com.ua/images/151973_100067.jpg</picture>
			<vendor>UFT</vendor>
			<name>Держатель для сумки, вешалка трансформер UFT Handle Magic Rubin Green</name>
			<barcode>4820176252708</barcode>
			<stock_quantity>50</stock_quantity>
			<description>
				<![CDATA[<p>Держатель для сумки <b>Handle Magic </b>очень легко прикрепить к столику в кафе, а на крючок повесить свою сумочку или портфельчик. </p>  <p>Достать что-нибудь необходимое из сумочки в этом случае очень легко т.к. она всегда рядом и на виду. Но в то же время она не привлекает нежелательного внимания случайных соседей. </p>  <p>А подруги пусть немного позавидуют, &mdash; они не позаботились купить себе вешалку-трансформер для сумок и теперь вынуждены терпеть мелкие неудобства.</p>  <p>Пригодится трансформирующаяся вешалка для сумки и мужчине, он выдерживает вес до 10 кг, поэтому на него можно спокойно повесить и портфель, и пакет с покупками. </p>  <p>К тому же, внимательный и предусмотрительный молодой человек, приглашая даму в кафе, должен позаботиться и о мелочах, дабы она не испытывала никаких неудобств. </p>  <p>Будьте уверены, девушка оценит такую предусмотрительность.</p>]]>
			</description>
			<param name="Тип"><![CDATA[Держатели]]></param>
			<param name="Материал"><![CDATA[Металл]]></param>
			<param name="Категория"><![CDATA[Для женщин]]></param>
			<param name="Размеры"><![CDATA[5 х 5 см]]></param>
			<param name="Цвет"><![CDATA[Зеленый]]></param>
			<param name="Гарантия"><![CDATA[14 дней]]></param>
			<param name="Наличие"><![CDATA[есть]]></param>
			<param name="вес в упаковке кг"><![CDATA[0.12]]></param>
			<param name="высота в упаковке см"><![CDATA[5]]></param>
			<param name="глубина в упаковке см"><![CDATA[5]]></param>
			<param name="ширина в упаковке см"><![CDATA[3]]></param>
			<param name="количество грузовых мест"><![CDATA[1]]></param>
			<param name="штрихкод"><![CDATA[4820176252708]]></param>
		</offer>
		<offer id="ufthandlered" available="true">
			<url>https://ukrpodarok.com.ua/derzhatel-dlya-sumki-veshalka-transformer-aksessuar-uft-handle-magic-rubin-red.html</url>
			<price>122</price>
			<price_old>199</price_old>
			<currencyId>UAH</currencyId>
			<categoryId>1534</categoryId>
			<picture>https://ukrpodarok.com.ua/images/151974_0.jpg</picture>
			<picture>https://ukrpodarok.com.ua/images/151974_101251.jpg</picture>
			<picture>https://ukrpodarok.com.ua/images/151974_101250.jpg</picture>
			<picture>https://ukrpodarok.com.ua/images/151974_101249.jpg</picture>
			<vendor>UFT</vendor>
			<name>Держатель для сумки, вешалка трансформер аксессуар UFT Handle Magic Rubin Red</name>
			<barcode>4820176252715</barcode>
			<stock_quantity>100</stock_quantity>
			<description>
				<![CDATA[<p>Держатель для сумки <b>Handle Magic </b>очень легко прикрепить к столику в кафе, а на крючок повесить свою сумочку или портфельчик. </p>  <p>Достать что-нибудь необходимое из сумочки в этом случае очень легко т.к. она всегда рядом и на виду. Но в то же время она не привлекает нежелательного внимания случайных соседей. </p>  <p>А подруги пусть немного позавидуют, &mdash; они не позаботились купить себе вешалку-трансформер для сумок и теперь вынуждены терпеть мелкие неудобства.</p>  <p><br />Пригодится трансформирующаяся вешалка для сумки и мужчине, он выдерживает вес до 10 кг, поэтому на него можно спокойно повесить и портфель, и пакет с покупками. </p>  <p>К тому же, внимательный и предусмотрительный молодой человек, приглашая даму в кафе, должен позаботиться и о мелочах, дабы она не испытывала никаких неудобств. </p>  <p>Будьте уверены, девушка оценит такую предусмотрительность.</p>]]>
			</description>
			<param name="Тип товара"><![CDATA[Держатели]]></param>
			<param name="Размеры в сложенном виде"><![CDATA[5 х 5 см]]></param>
			<param name="Материал"><![CDATA[Метал]]></param>
			<param name="Цвет"><![CDATA[Красный]]></param>
			<param name="Странапрозводитель"><![CDATA[Китай]]></param>
			<param name="Гарантия"><![CDATA[14 дней]]></param>
			<param name="Наличие"><![CDATA[есть]]></param>
			<param name="вес в упаковке кг"><![CDATA[0.1]]></param>
			<param name="высота в упаковке см"><![CDATA[5]]></param>
			<param name="глубина в упаковке см"><![CDATA[5]]></param>
			<param name="ширина в упаковке см"><![CDATA[3]]></param>
			<param name="количество грузовых мест"><![CDATA[1]]></param>
			<param name="штрихкод"><![CDATA[4820176252715]]></param>
		</offer>
		<offer id="UFTIP38" available="true">
			<url>https://ukrpodarok.com.ua/derzhatel-dlya-telefona-vodonipronetsaemii-na-velosiped-uft-ip38.html</url>
			<price>414</price>
			<price_old>470</price_old>
			<currencyId>UAH</currencyId>
			<categoryId>960</categoryId>
			<picture>https://ukrpodarok.com.ua/images/1229_0.jpg</picture>
			<picture>https://ukrpodarok.com.ua/images/1229_0.jpg</picture>
			<picture>https://ukrpodarok.com.ua/images/1229_968.jpg</picture>
			<picture>https://ukrpodarok.com.ua/images/1229_0.jpg</picture>
			<picture>https://ukrpodarok.com.ua/images/1229_967.jpg</picture>
			<picture>https://ukrpodarok.com.ua/images/1229_0.jpg</picture>
			<vendor>UFT</vendor>
			<name>Держатель для телефона водонипронецаемый на велосипед UFT IP38</name>
			<barcode>8000000028730</barcode>
			<stock_quantity>50</stock_quantity>
			<description>
				<![CDATA[  Держатель для телефона на велосипед&nbsp; удивительная, современная, универсальная и полезная вещь. Велосипедный держатель для телефона может решить множество проблем, таких как:      <p>1.&nbsp;&nbsp;Расположить телефон&nbsp;в удобном полежении для Вас, так чтобы он находился перед глазами. Данное полежение телефона позволит Вам&nbsp;не пропустить звонок или текстовое сообщение.&nbsp;Фиксатор для телефона на велосипед поможет Вам сохранить свой гаджет в полной сохранности, так как,&nbsp;когда мобильник, в спешке доставаемый из кармана,&nbsp;может упасть.</p>  <p>2.&nbsp;&nbsp;Засекать время по крупному виджету на экране телефона, а не на маленьком циферблате наручных часов.</p>  <p>3.&nbsp;&nbsp;Быстро пользоваться GPS картами, когда не нужно останавливаться&nbsp;для того чтобы посмотреть карту, которая может долго запускать с вашего телефона.</p>  <p>4.&nbsp;&nbsp;И самое главно - обеспечить защиту&nbsp;своего телефона&nbsp;от дождя.</p>      <strong><br /></strong><br /><br /><br />      ]]>
			</description>
			<param name="Назначение"><![CDATA[Телефон]]></param>
			<param name="Тип"><![CDATA[Велодержатель]]></param>
			<param name="Тип крепления"><![CDATA[Зажим]]></param>
			<param name="Совместимость"><![CDATA[Для устройств с шириной до 85 мм;]]></param>
			<param name="Место установки"><![CDATA[Руль велосипеда]]></param>
			<param name="Цвет"><![CDATA[Черный]]></param>
			<param name="Страна регистрации бренда"><![CDATA[Украина]]></param>
			<param name="Гарантия"><![CDATA[14 дней]]></param>
			<param name="Наличие"><![CDATA[есть]]></param>
			<param name="вес в упаковке кг"><![CDATA[0.2]]></param>
			<param name="высота в упаковке см"><![CDATA[12]]></param>
			<param name="глубина в упаковке см"><![CDATA[12]]></param>
			<param name="ширина в упаковке см"><![CDATA[9]]></param>
			<param name="количество грузовых мест"><![CDATA[1]]></param>
			<param name="штрихкод"><![CDATA[8000000028730]]></param>
		</offer>
		<offer id="ufttransformerhandle" available="true">
			<url>https://ukrpodarok.com.ua/derzhatel-kryuchok-handle-magic-rubin-blue-dlya-zhenskoi-sumki-veshalka-transformer.html</url>
			<price>122</price>
			<price_old>199</price_old>
			<currencyId>UAH</currencyId>
			<categoryId>1534</categoryId>
			<picture>https://ukrpodarok.com.ua/images/150795_0.jpg</picture>
			<picture>https://ukrpodarok.com.ua/images/150795_100210.jpg</picture>
			<picture>https://ukrpodarok.com.ua/images/876_63600.jpg</picture>
			<picture>https://ukrpodarok.com.ua/images/150795_101064.jpg</picture>
			<picture>https://ukrpodarok.com.ua/images/150795_101065.jpg</picture>
			<vendor>UFT</vendor>
			<name>Держатель крючок Handle Magic Rubin Blue для женской сумки вешалка трансформер</name>
			<barcode>4820176243539</barcode>
			<stock_quantity>100</stock_quantity>
			<description>
				<![CDATA[<p>Держатель&nbsp;для сумки <b>Handle Magic </b>очень легко прикрепить к столику в кафе, а на крючок повесить свою сумочку или портфельчик. <br />Достать что-нибудь необходимое из сумочки в этом случае очень легко т.к. она всегда рядом и на виду. Но в то же время она не привлекает нежелательного внимания случайных соседей. <br />А подруги пусть немного позавидуют, &mdash; они не позаботились купить себе&nbsp;вешалку-трансформер для сумок и теперь вынуждены терпеть мелкие неудобства.</p>  <p>Пригодится&nbsp;трансформирующаяся вешалка для сумки и мужчине, он выдерживает вес до 10 кг, поэтому на него можно спокойно повесить и портфель, и пакет с покупками. <br />К тому же, внимательный и предусмотрительный молодой человек, приглашая даму в кафе, должен позаботиться и о мелочах, дабы она не испытывала никаких неудобств. <br />Будьте уверены, девушка оценит такую предусмотрительность.</p>  <p><br /><strong><br /></strong></p>  <br /><br /><br />]]>
			</description>
			<param name="Тип"><![CDATA[Держатели]]></param>
			<param name="Материал"><![CDATA[Металл]]></param>
			<param name="Категория"><![CDATA[Для женщинДля мужчин]]></param>
			<param name="Размеры"><![CDATA[5 х 5 см]]></param>
			<param name="Цвет"><![CDATA[Синий]]></param>
			<param name="Гарантия"><![CDATA[14 дней]]></param>
			<param name="Наличие"><![CDATA[есть]]></param>
			<param name="вес в упаковке кг"><![CDATA[0.1]]></param>
			<param name="высота в упаковке см"><![CDATA[5]]></param>
			<param name="глубина в упаковке см"><![CDATA[3]]></param>
			<param name="ширина в упаковке см"><![CDATA[5]]></param>
			<param name="количество грузовых мест"><![CDATA[1]]></param>
			<param name="штрихкод"><![CDATA[4820176243539]]></param>
		</offer>
		<offer id="CGIp05black" available="true">
			<url>https://ukrpodarok.com.ua/derzhatel-nastolnii-dlya-telefona-na-prischepke-uft-ip05.html</url>
			<price>288</price>
			<price_old>344</price_old>
			<currencyId>UAH</currencyId>
			<categoryId>960</categoryId>
			<picture>https://ukrpodarok.com.ua/images/151070_0.jpg</picture>
			<picture>https://ukrpodarok.com.ua/images/151070_100205.jpg</picture>
			<picture>https://ukrpodarok.com.ua/images/151070_100204.jpg</picture>
			<picture>https://ukrpodarok.com.ua/images/151070_100206.jpg</picture>
			<picture>https://ukrpodarok.com.ua/images/151070_100207.jpg</picture>
			<vendor>UFT</vendor>
			<name>Держатель настольный для телефона на прищепке UFT IP05</name>
			<barcode>4820176247414</barcode>
			<stock_quantity>50</stock_quantity>
			<description>
				<![CDATA[<p><strong>Способ крепления</strong></p>  <p>К рабочему столу или на быльца кровати крепится на штативе специальным зажимом, общая длина ножки 67 см.</p>  <p>Штатив выполнен из силумина, что позволяет выдерживать нагрузку до 600гр.</p>  <p>Штатив покрыт рифленым пластиковым кофром, принимает всевозможные положения.</p>  <p></p>  <p>Главная особенность данного держателя для смартфона это легкость и скорость&nbsp;установки держателя на любую поверхность.<br /><br /></p>  <p>Способы использования держателя.</p>  <p>Дома или в офисе прикрепляя к рабочему столу общаясь по Skype, к кухонной столешнице что бы было удобно читать кулинарные рецепты, смотреть фильм лежа в кровати, цепляя на быльце, к настенным шкафам, полкам и прочим поверхностям.</p>  <p>Так же гуляя в парке с ребенком можно прикрепить Ваш гаджет к коляске.</p>  <p>Есть возможность использования как штатив для сьемки видео и фото как в помещении так и на улице.</p>  <p>Зажим на гибкой ножке комфортно крепится к подстаканнику.</p>  <p>&nbsp;</p>  <p>Установка.</p>  <p>Одеть на штатив пластиковую шайбу, вставить шарнир в пазы на клипсе и зафиксировать шайбой. Разжать зажим и прицепить к необходимой поверхности.</p>]]>
			</description>
			<param name="Место установки"><![CDATA[Стол]]></param>
			<param name="Тип"><![CDATA[Держатели для дома]]></param>
			<param name="Назначение"><![CDATA[Для мобильных телефонов]]></param>
			<param name="Вид"><![CDATA[Держатели]]></param>
			<param name="Вес"><![CDATA[440 г]]></param>
			<param name="Размер упаковки"><![CDATA[210 х 190 х 85 мм]]></param>
			<param name="Цвет"><![CDATA[Черный]]></param>
			<param name="Тип крепления девайса"><![CDATA[Зажим]]></param>
			<param name="Комплектация"><![CDATA[Штатив с зажимом, клипса для телефона]]></param>
			<param name="Упаковка"><![CDATA[Красочная демо-коробка]]></param>
			<param name="Страна регистрации бренда"><![CDATA[Украина]]></param>
			<param name="Гарантия"><![CDATA[14 дней]]></param>
			<param name="Наличие"><![CDATA[есть]]></param>
			<param name="вес в упаковке кг"><![CDATA[0.3]]></param>
			<param name="высота в упаковке см"><![CDATA[15]]></param>
			<param name="глубина в упаковке см"><![CDATA[6]]></param>
			<param name="ширина в упаковке см"><![CDATA[10]]></param>
			<param name="количество грузовых мест"><![CDATA[1]]></param>
			<param name="штрихкод"><![CDATA[4820176247414]]></param>
		</offer>
		<offer id="CGBP1" available="false">
			<url>https://ukrpodarok.com.ua/detskaya-bambukovaya-posuda-cg-bp1-sova-nabor-iz-5-predmetov.html</url>
			<price>319</price>
			<price_old>365</price_old>
			<currencyId>UAH</currencyId>
			<categoryId>52528</categoryId>
			<picture>https://ukrpodarok.com.ua/images/52533_0.jpg</picture>
			<picture>https://ukrpodarok.com.ua/images/52533_69305.jpg</picture>
			<picture>https://ukrpodarok.com.ua/images/52533_69306.jpg</picture>
			<vendor>CG</vendor>
			<name>Детская бамбуковая посуда CG BP1 Сова набор из 5 предметов</name>
			<barcode>4820176248107</barcode>
			<stock_quantity>0</stock_quantity>
			<description>
				<![CDATA[<p>У ребенка должна быть своя посуда. Во-первых, это личная гигиена, а во-вторых, из детской посуды ребятишкам интереснее и удобнее кушать.Посуда из бамбукового волокна не бьётся, что немаловажно в плане безопасности для детей. Безупречный внешний вид и жизнерадостные расцветки позволяют использовать изделия как дома, так и при поездках на дачу или пикник. Выбирая для детей посуду из бамбукового волокна, вы делаете шаг к здоровому образу жизни!</p>  <br /><br />]]>
			</description>
			<param name="Тип"><![CDATA[Наборы]]></param>
			<param name="Возраст"><![CDATA[2 года;3 года;4 года;5 лет;]]></param>
			<param name="Количество в упаковке"><![CDATA[5]]></param>
			<param name="Материал"><![CDATA[Бамбук]]></param>
			<param name="Размер упаковки"><![CDATA[35 х 23 х 7 см]]></param>
			<param name="Гарантия"><![CDATA[14 дней]]></param>
			<param name="Цвет"><![CDATA[Розовый]]></param>
			<param name="Страна регистрации бренда"><![CDATA[Украина]]></param>
			<param name="Наличие"><![CDATA[нет]]></param>
			<param name="вес в упаковке кг"><![CDATA[0.3]]></param>
			<param name="высота в упаковке см"><![CDATA[30]]></param>
			<param name="глубина в упаковке см"><![CDATA[25]]></param>
			<param name="ширина в упаковке см"><![CDATA[10]]></param>
			<param name="количество грузовых мест"><![CDATA[1]]></param>
			<param name="штрихкод"><![CDATA[4820176248107]]></param>
		</offer>
		<offer id="CGBP3" available="false">
			<url>https://ukrpodarok.com.ua/detskaya-bambukovaya-posuda-cg-bp3-lvenok-nabor-iz-5-predmetov.html</url>
			<price>345</price>
			<price_old>415</price_old>
			<currencyId>UAH</currencyId>
			<categoryId>52528</categoryId>
			<picture>https://ukrpodarok.com.ua/images/52531_0.jpg</picture>
			<picture>https://ukrpodarok.com.ua/images/52531_27253.jpg</picture>
			<picture>https://ukrpodarok.com.ua/images/52531_27252.jpg</picture>
			<vendor>CG</vendor>
			<name>Детская бамбуковая посуда CG BP3 Львенок набор из 5 предметов</name>
			<barcode>4820176248121</barcode>
			<stock_quantity>0</stock_quantity>
			<description>
				<![CDATA[<p>У ребенка должна быть своя посуда. Во-первых, это личная гигиена, а во-вторых, из детской посуды ребятишкам интереснее и удобнее кушать.Посуда из бамбукового волокна не бьётся, что немаловажно в плане безопасности для детей. Безупречный внешний вид и жизнерадостные расцветки позволяют использовать изделия как дома, так и при поездках на дачу или пикник. Выбирая для детей посуду из бамбукового волокна, вы делаете шаг к здоровому образу жизни!</p>  <p></p>  <br /><br /><br />  ]]>
			</description>
			<param name="Тип"><![CDATA[Наборы]]></param>
			<param name="Материал"><![CDATA[Бамбук]]></param>
			<param name="Гарантия"><![CDATA[14 дней]]></param>
			<param name="Дизайн"><![CDATA[Животные]]></param>
			<param name="Размер упаковки"><![CDATA[35 х 23 х 7 см]]></param>
			<param name="Цвет"><![CDATA[Оранжевый]]></param>
			<param name="Страна регистрации бренда"><![CDATA[Украина]]></param>
			<param name="Наличие"><![CDATA[нет]]></param>
			<param name="вес в упаковке кг"><![CDATA[0.3]]></param>
			<param name="высота в упаковке см"><![CDATA[20]]></param>
			<param name="глубина в упаковке см"><![CDATA[7]]></param>
			<param name="ширина в упаковке см"><![CDATA[15]]></param>
			<param name="количество грузовых мест"><![CDATA[1]]></param>
			<param name="штрихкод"><![CDATA[4820176248121]]></param>
		</offer>
		<offer id="CGBP4" available="false">
			<url>https://ukrpodarok.com.ua/detskaya-bambukovaya-posuda-cg-bp4-slonenok-nabor-iz-5-predmetov-serii.html</url>
			<price>325</price>
			<price_old>445</price_old>
			<currencyId>UAH</currencyId>
			<categoryId>52528</categoryId>
			<picture>https://ukrpodarok.com.ua/images/52530_0.jpg</picture>
			<picture>https://ukrpodarok.com.ua/images/52530_69307.jpg</picture>
			<picture>https://ukrpodarok.com.ua/images/52530_69309.jpg</picture>
			<vendor>CG</vendor>
			<name>Детская бамбуковая посуда CG BP4 Слоненок набор из 5 предметов серый</name>
			<barcode></barcode>
			<stock_quantity>0</stock_quantity>
			<description>
				<![CDATA[<p>У ребенка должна быть своя посуда. Во-первых, это личная гигиена, а во-вторых, из детской посуды ребятишкам интереснее и удобнее кушать.Посуда из бамбукового волокна не бьётся, что немаловажно в плане безопасности для детей. Безупречный внешний вид и жизнерадостные расцветки позволяют использовать изделия как дома, так и при поездках на дачу или пикник. Выбирая для детей посуду из бамбукового волокна, вы делаете шаг к здоровому образу жизни!</p>  ]]>
			</description>
			<param name="Тип"><![CDATA[Наборы]]></param>
			<param name="Материал"><![CDATA[Бамбук]]></param>
			<param name="Размер упаковки"><![CDATA[35 х 23 х 7 см]]></param>
			<param name="Гарантия"><![CDATA[14 дней]]></param>
			<param name="Странапроизводитель"><![CDATA[Китай]]></param>
			<param name="Наличие"><![CDATA[нет]]></param>
		</offer>
		<offer id="CGBP2" available="true">
			<url>https://ukrpodarok.com.ua/detskaya-bambukovaya-posuda-uft-bp2-akula-nabor-iz-5-predmetov.html</url>
			<price>399</price>
			<price_old>499</price_old>
			<price_promo>327</price_promo>
			<currencyId>UAH</currencyId>
			<categoryId>52528</categoryId>
			<picture>https://ukrpodarok.com.ua/images/52532_0.jpg</picture>
			<picture>https://ukrpodarok.com.ua/images/52532_63585.jpg</picture>
			<picture>https://ukrpodarok.com.ua/images/52532_63586.jpg</picture>
			<picture>https://ukrpodarok.com.ua/images/52532_63584.jpg</picture>
			<vendor>UFT</vendor>
			<name>Детская бамбуковая посуда UFT BP2 Акула набор из 5 предметов</name>
			<barcode>4820176248114</barcode>
			<stock_quantity>100</stock_quantity>
			<description>
				<![CDATA[<p>У ребенка должна быть своя посуда. Во-первых, это личная гигиена, а во-вторых, из детской посуды ребятишкам интереснее и удобнее кушать.Посуда из бамбукового волокна не бьётся, что немаловажно в плане безопасности для детей. Безупречный внешний вид и жизнерадостные расцветки позволяют использовать изделия как дома, так и при поездках на дачу или пикник. Выбирая для детей посуду из бамбукового волокна, вы делаете шаг к здоровому образу жизни!</p>  ]]>
			</description>
			<param name="Тип"><![CDATA[Наборы]]></param>
			<param name="Материал"><![CDATA[Бамбук]]></param>
			<param name="Гарантия"><![CDATA[14 дней]]></param>
			<param name="Возраст"><![CDATA[1 год2 года3 года4 года5 лет6 лет]]></param>
			<param name="Размер упаковки"><![CDATA[35 х 23 х 7 см]]></param>
			<param name="Цвет"><![CDATA[Синий]]></param>
			<param name="Тема"><![CDATA[Животные]]></param>
			<param name="Страна регистрации бренда"><![CDATA[Украина]]></param>
			<param name="Наличие"><![CDATA[есть]]></param>
			<param name="вес в упаковке кг"><![CDATA[0.3]]></param>
			<param name="высота в упаковке см"><![CDATA[30]]></param>
			<param name="глубина в упаковке см"><![CDATA[25]]></param>
			<param name="ширина в упаковке см"><![CDATA[10]]></param>
			<param name="количество грузовых мест"><![CDATA[1]]></param>
			<param name="штрихкод"><![CDATA[4820176248114]]></param>
		</offer>
		<offer id="CGBP5" available="false">
			<url>https://ukrpodarok.com.ua/detskaya-bambukovaya-posuda-uft-bp5-pingvinchik-nabor-iz-5-predmetov.html</url>
			<price>365</price>
			<price_old>445</price_old>
			<price_promo>299</price_promo>
			<currencyId>UAH</currencyId>
			<categoryId>52528</categoryId>
			<picture>https://ukrpodarok.com.ua/images/52529_0.jpg</picture>
			<picture>https://ukrpodarok.com.ua/images/52529_27248.jpg</picture>
			<picture>https://ukrpodarok.com.ua/images/52529_27247.jpg</picture>
			<vendor>UFT</vendor>
			<name>Детская бамбуковая посуда UFT BP5 Пингвинчик набор из 5 предметов</name>
			<barcode>4820176250636</barcode>
			<stock_quantity>0</stock_quantity>
			<description>
				<![CDATA[<p>У ребенка должна быть своя посуда. Во-первых, это личная гигиена, а во-вторых, из детской посуды ребятишкам интереснее и удобнее кушать.Посуда из бамбукового волокна не бьётся, что немаловажно в плане безопасности для детей. Безупречный внешний вид и жизнерадостные расцветки позволяют использовать изделия как дома, так и при поездках на дачу или пикник. Выбирая для детей посуду из бамбукового волокна, вы делаете шаг к здоровому образу жизни!</p>  <p></p>  <b><br /></b>  ]]>
			</description>
			<param name="Тип"><![CDATA[Наборы]]></param>
			<param name="Комплектация"><![CDATA[2 тарелки, 1 чашка, 1 вилка, 1 ложка]]></param>
			<param name="Материал"><![CDATA[Бамбук]]></param>
			<param name="Размер упаковки"><![CDATA[35 х 23 х 7 см]]></param>
			<param name="Цвет"><![CDATA[Голубой]]></param>
			<param name="Тема"><![CDATA[Животные]]></param>
			<param name="Страна регистрации бренда"><![CDATA[Украина]]></param>
			<param name="Гарантия"><![CDATA[14 дней]]></param>
			<param name="Наличие"><![CDATA[нет]]></param>
			<param name="вес в упаковке кг"><![CDATA[0.3]]></param>
			<param name="высота в упаковке см"><![CDATA[30]]></param>
			<param name="глубина в упаковке см"><![CDATA[25]]></param>
			<param name="ширина в упаковке см"><![CDATA[10]]></param>
			<param name="количество грузовых мест"><![CDATA[1]]></param>
			<param name="штрихкод"><![CDATA[4820176250636]]></param>
		</offer>
		<offer id="UFTBP14" available="true">
			<url>https://ukrpodarok.com.ua/detskaya-bambukovaya-posuda-kit-nabor-iz-2-h-tarelok-chashki-lozhki-i-vilki-uft-bp14-whale.html</url>
			<price>299</price>
			<price_old>445</price_old>
			<price_promo>252</price_promo>
			<currencyId>UAH</currencyId>
			<categoryId>52528</categoryId>
			<picture>https://ukrpodarok.com.ua/images/52657_0.jpg</picture>
			<picture>https://ukrpodarok.com.ua/images/52657_0.jpg</picture>
			<vendor>UFT</vendor>
			<name>Детская бамбуковая посуда Кит, набор из 2-х тарелок, чашки, ложки и вилки UFT BP14 Whale</name>
			<barcode>4820176252005</barcode>
			<stock_quantity>100</stock_quantity>
			<description>
				<![CDATA[<p>Детский набор тарелок c чашкой Китенок это отличный способ накормить вашего ребенка в игровой форме. Это значительно интереснее стандартных керамических тарелок, к тому же они значительно прочнее.</p>  <p>Безупречный внешний вид и жизнерадостные расцветки позволяют использовать посуду для детского питания как дома, так и при поездках на дачу или пикник. Выбирая посуду для детского кормления из бамбукового волокна, вы делаете шаг к здоровому образу жизни!</p>  <p>Набор включает блюдо с двумя секциями, тарелочку для супа, чашку и вилку с ложкой.</p>  <p></p>  <br /><br />]]>
			</description>
			<param name="Тип"><![CDATA[Посуда]]></param>
			<param name="Дизайн"><![CDATA[Парк Юрского периода]]></param>
			<param name="Материал"><![CDATA[Бамбук]]></param>
			<param name="Цвет"><![CDATA[Синий]]></param>
			<param name="Микроволновая печь"><![CDATA[Да]]></param>
			<param name="Тема"><![CDATA[Животные]]></param>
			<param name="Диаметр"><![CDATA[19,5 х 30,6]]></param>
			<param name="Бренд"><![CDATA[UFT]]></param>
			<param name="Возраст"><![CDATA[3 года;4 года;5 лет;]]></param>
			<param name="Преимущества"><![CDATA[Бамбуковое волокно легкое и нетоксичное]]></param>
			<param name="Гарантия"><![CDATA[14 дней]]></param>
			<param name="Наличие"><![CDATA[есть]]></param>
			<param name="вес в упаковке кг"><![CDATA[0.3]]></param>
			<param name="высота в упаковке см"><![CDATA[27]]></param>
			<param name="глубина в упаковке см"><![CDATA[23]]></param>
			<param name="ширина в упаковке см"><![CDATA[11]]></param>
			<param name="количество грузовых мест"><![CDATA[1]]></param>
			<param name="штрихкод"><![CDATA[4820176252005]]></param>
		</offer>
		<offer id="UFTBP9" available="false">
			<url>https://ukrpodarok.com.ua/detskaya-bambukovaya-posuda-lyagushka-nabor-iz-2-h-tarelok-chashki-lozhki-i-vilki-bp9-frog.html</url>
			<price>258</price>
			<price_old>315</price_old>
			<currencyId>UAH</currencyId>
			<categoryId>52528</categoryId>
			<picture>https://ukrpodarok.com.ua/images/151978_0.jpg</picture>
			<vendor>M+</vendor>
			<name>Детская бамбуковая посуда Лягушка, набор из 2-х тарелок, чашки, ложки и вилки BP9 Frog</name>
			<barcode>4820176252753</barcode>
			<stock_quantity>0</stock_quantity>
			<description>
				<![CDATA[<p>Детский набор тарелок c чашкой Лягушенок&nbsp;это отличный способ накормить вашего ребенка в игровой форме. Это значительно интереснее стандартных керамических тарелок, к тому же они значительно прочнее.<br />Бамбуковая посуда Жабка имеет безупречный внешний вид и жизнерадостные расцветки, позволяют использовать посуду для детского питания как дома, так и при поездках на дачу или пикник. Выбирая посуду для детского кормления из бамбукового волокна, вы делаете шаг к здоровому образу жизни!</p>  <p>&nbsp;<strong>Набор включает блюдо с двумя секциями, тарелочку для супа, чашку и вилку с ложкой.</strong></p>]]>
			</description>
			<param name="Тип"><![CDATA[Наборы]]></param>
			<param name="Комплектация"><![CDATA[2 тарелки,1 чашка,1 вилка,1 ложка]]></param>
			<param name="Материал"><![CDATA[Бамбук]]></param>
			<param name="Размер упаковки"><![CDATA[35 х 23 х 7 см]]></param>
			<param name="Возраст"><![CDATA[1 год2 года3 года4 года5 лет6 лет]]></param>
			<param name="Цвет"><![CDATA[Зеленый]]></param>
			<param name="Тема"><![CDATA[Животные]]></param>
			<param name="Страна регистрации бренда"><![CDATA[Украина]]></param>
			<param name="Гарантия"><![CDATA[14 дней]]></param>
			<param name="Наличие"><![CDATA[нет]]></param>
			<param name="вес в упаковке кг"><![CDATA[0.3]]></param>
			<param name="высота в упаковке см"><![CDATA[35]]></param>
			<param name="глубина в упаковке см"><![CDATA[7]]></param>
			<param name="ширина в упаковке см"><![CDATA[23]]></param>
			<param name="количество грузовых мест"><![CDATA[1]]></param>
			<param name="штрихкод"><![CDATA[4820176252753]]></param>
		</offer>
		<offer id="UFTBP19" available="false">
			<url>https://ukrpodarok.com.ua/detskaya-bambukovaya-posuda-mashinka-nabor-iz-2-h-tarelok-i-chashki-bp19-car-pink.html</url>
			<price>385</price>
			<price_old>449</price_old>
			<currencyId>UAH</currencyId>
			<categoryId>52528</categoryId>
			<picture>https://ukrpodarok.com.ua/images/52660_0.jpg</picture>
			<picture>https://ukrpodarok.com.ua/images/151979_99812.jpg</picture>
			<vendor>CG</vendor>
			<name>Детская бамбуковая посуда Машинка, набор из 2-х тарелок и чашки BP19 Car Pink</name>
			<barcode></barcode>
			<stock_quantity>0</stock_quantity>
			<description>
				<![CDATA[<p>Детский набор тарелок c чашкой&nbsp;Машинка это отличный способ накормить вашего ребенка в игровой форме. Это значительно интереснее стандартных керамических тарелок, к тому же они значительно прочнее.</p>  <p>Тарелка имеет несколько отделений, куда можно положить и первое и второе. Тарелка ставится в подставку в виде автомобиля. Налив под тарелку горячую воду, можно дольше сохранять еду теплой. В комплекте также удобная чашечка.</p>  <p>Безупречный внешний вид и жизнерадостные расцветки позволяют использовать посуду для детского питания как дома, так и при поездках на дачу или пикник. Выбирая посуду для детского кормления из бамбукового волокна, вы делаете шаг к здоровому образу жизни!</p>  ]]>
			</description>
			<param name="Тип товара"><![CDATA[Детская посуда]]></param>
			<param name="Дизайн"><![CDATA[Поезд]]></param>
			<param name="Материал"><![CDATA[Бамбуковое волокно]]></param>
			<param name="Цвет"><![CDATA[Розовый]]></param>
			<param name="Микроволновая печь"><![CDATA[Да]]></param>
			<param name="Диаметр"><![CDATA[19,5 х 30,6]]></param>
			<param name="Преимущества"><![CDATA[Бамбуковое волокно легкое и нетоксичное]]></param>
			<param name="Странапроизводитель"><![CDATA[Китай]]></param>
			<param name="Гарантия"><![CDATA[6 месяцев]]></param>
			<param name="Наличие"><![CDATA[нет]]></param>
		</offer>
		<offer id="UFTBP15" available="true">
			<url>https://ukrpodarok.com.ua/detskaya-bambukovaya-posuda-samolet-dvuhsektsionnaya-tarelka-s-podstavkoi-uft-bp15-airplane-pink.html</url>
			<price>189</price>
			<price_old>244</price_old>
			<currencyId>UAH</currencyId>
			<categoryId>52528</categoryId>
			<picture>https://ukrpodarok.com.ua/images/151985_0.jpg</picture>
			<vendor>UFT</vendor>
			<name>Детская бамбуковая посуда Самолет, двухсекционная тарелка с подставкой UFT BP15 Airplane Pink</name>
			<barcode>4820176252005</barcode>
			<stock_quantity>100</stock_quantity>
			<description>
				<![CDATA[<p>Детский набор тарелок c чашкой Самолетик это отличный способ накормить вашего ребенка в игровой форме. Это значительно интереснее стандартных керамических тарелок, к тому же они значительно прочнее.</p>  <p>Тарелка имеет несколько отделений, куда можно положить и первое и второе. Тарелка ставится в подставку в виде самолета. Налив под тарелку горячую воду, можно дольше сохранять еду теплой.</p>  <p>Безупречный внешний вид и жизнерадостные расцветки позволяют использовать посуду для детского питания как дома, так и при поездках на дачу или пикник. Выбирая посуду для детского кормления из бамбукового волокна, вы делаете шаг к здоровому образу жизни!</p>]]>
			</description>
			<param name="Тип товара"><![CDATA[Детская посуда]]></param>
			<param name="Дизайн"><![CDATA[Самолет]]></param>
			<param name="Материал"><![CDATA[Бамбуковое волокно]]></param>
			<param name="Цвет"><![CDATA[Розовый]]></param>
			<param name="Микроволновая печь"><![CDATA[Да]]></param>
			<param name="Диаметр"><![CDATA[19,5 х 30,6]]></param>
			<param name="Преимущества"><![CDATA[Бамбуковое волокно легкое и нетоксичное]]></param>
			<param name="Странапроизводитель"><![CDATA[Китай]]></param>
			<param name="Бренд"><![CDATA[UFT]]></param>
			<param name="Гарантия"><![CDATA[14 дней]]></param>
			<param name="Наличие"><![CDATA[есть]]></param>
			<param name="вес в упаковке кг"><![CDATA[0.3]]></param>
			<param name="высота в упаковке см"><![CDATA[27]]></param>
			<param name="глубина в упаковке см"><![CDATA[23]]></param>
			<param name="ширина в упаковке см"><![CDATA[11]]></param>
			<param name="количество грузовых мест"><![CDATA[1]]></param>
			<param name="штрихкод"><![CDATA[4820176252005]]></param>
		</offer>
		<offer id="Kitchen" available="true">
			<url>https://ukrpodarok.com.ua/detskaya-kuhnya-igrovoi-nabor-dlya-detskogo-razvitiya-uft-kitchen-cook.html</url>
			<price>1144</price>
			<price_old>1399</price_old>
			<price_promo>999</price_promo>
			<currencyId>UAH</currencyId>
			<categoryId>50550</categoryId>
			<picture>https://ukrpodarok.com.ua/images/152172_0.jpg</picture>
			<picture>https://ukrpodarok.com.ua/images/152172_99620.jpg</picture>
			<picture>https://ukrpodarok.com.ua/images/152172_99621.jpg</picture>
			<vendor>UFT</vendor>
			<name>Детская кухня игровой набор для детского развития UFT Kitchen Cook</name>
			<barcode>8000000027481</barcode>
			<stock_quantity>50</stock_quantity>
			<description>
				<![CDATA[<p>Полностью оборудованная кухня с яркими элементами для вашего маленького повара.</p>  <p>Позволяет детям лучше узнать о кулинарии.&nbsp;<br />Набор поставляется в удобном чемоданчике, в котором есть плита для готовки, кухонная утварь и продукты</p>]]>
			</description>
			<param name="Тип"><![CDATA[Детская кухня]]></param>
			<param name="Материал"><![CDATA[Пластик]]></param>
			<param name="Цвет"><![CDATA[Разноцветный]]></param>
			<param name="Размер чемодана"><![CDATA[25 х 21 х 9 см]]></param>
			<param name="Возраст"><![CDATA[2 года3 года4 года5 лет6 лет7 лет8 лет]]></param>
			<param name="Количество предметов"><![CDATA[19]]></param>
			<param name="Бренд"><![CDATA[UFT]]></param>
			<param name="Гарантия"><![CDATA[14 дней]]></param>
			<param name="Наличие"><![CDATA[есть]]></param>
			<param name="вес в упаковке кг"><![CDATA[0.5]]></param>
			<param name="высота в упаковке см"><![CDATA[52]]></param>
			<param name="глубина в упаковке см"><![CDATA[23]]></param>
			<param name="ширина в упаковке см"><![CDATA[40]]></param>
			<param name="количество грузовых мест"><![CDATA[1]]></param>
			<param name="штрихкод"><![CDATA[8000000027481]]></param>
		</offer>
		<offer id="CGpx1blue" available="false">
			<url>https://ukrpodarok.com.ua/detskaya-tsifrovaya-fotokamera-uft-g-sio-model-x-blue.html</url>
			<price>649</price>
			<price_old>825</price_old>
			<price_promo>527</price_promo>
			<currencyId>UAH</currencyId>
			<categoryId>1558</categoryId>
			<picture>https://ukrpodarok.com.ua/images/52856_0.jpg</picture>
			<picture>https://ukrpodarok.com.ua/images/52856_69271.jpg</picture>
			<picture>https://ukrpodarok.com.ua/images/52856_69270.jpg</picture>
			<picture>https://ukrpodarok.com.ua/images/52856_69269.jpg</picture>
			<vendor>UFT</vendor>
			<name>Детская цифровая фотокамера UFT G-SIO Model X Blue</name>
			<barcode>4820176254016</barcode>
			<stock_quantity>0</stock_quantity>
			<description>
				<![CDATA[Детская фотокамера UFT&nbsp;G-SIO станет отличным подарком для Вашего&nbsp;ребенка. С самых ранних лет позволит познакомиться с прекрастным миром фотографии и видео съемки.<br />Силиконовое, противоударное покрытие приятное на ощупь. Камера простая в управлении, так что ребенок быстро со всем разберется.<br />  <p><strong>]]>
			</description>
			<param name="Тип"><![CDATA[Фотоаппараты]]></param>
			<param name="Запись видео"><![CDATA[HD (1280х720)]]></param>
			<param name="Объектив"><![CDATA[Линза F/2.6=5.0]]></param>
			<param name="Тип питания"><![CDATA[Аккумулятор]]></param>
			<param name="Формат изображения"><![CDATA[JPEG]]></param>
			<param name="Встроенная вспышка"><![CDATA[Нет]]></param>
			<param name="WiFi"><![CDATA[Нет]]></param>
			<param name="Карты памяти"><![CDATA[microSD]]></param>
			<param name="Связь с компьютером"><![CDATA[через кабель Micro USB]]></param>
			<param name="Диагональ"><![CDATA[2 дюйма]]></param>
			<param name="Дополнительно"><![CDATA[Для детей]]></param>
			<param name="Цвет"><![CDATA[Голубой]]></param>
			<param name="Гарантия"><![CDATA[14 дней]]></param>
			<param name="Бренд"><![CDATA[UFT]]></param>
			<param name="Страна регистрации бренда"><![CDATA[Украина]]></param>
			<param name="Наличие"><![CDATA[нет]]></param>
			<param name="вес в упаковке кг"><![CDATA[0.3]]></param>
			<param name="высота в упаковке см"><![CDATA[12]]></param>
			<param name="глубина в упаковке см"><![CDATA[10]]></param>
			<param name="ширина в упаковке см"><![CDATA[10]]></param>
			<param name="количество грузовых мест"><![CDATA[1]]></param>
			<param name="штрихкод"><![CDATA[4820176254016]]></param>
		</offer>
		<offer id="LampMoon" available="true">
			<url>https://ukrpodarok.com.ua/detskii-3d-svetilnik-nochnik-igrushka-uft-lamp-moon.html</url>
			<price>333</price>
			<price_old>399</price_old>
			<currencyId>UAH</currencyId>
			<categoryId>152175</categoryId>
			<picture>https://ukrpodarok.com.ua/images/52441_0.jpg</picture>
			<picture>https://ukrpodarok.com.ua/images/52441_26734.jpg</picture>
			<picture>https://ukrpodarok.com.ua/images/52441_26731.jpg</picture>
			<picture>https://ukrpodarok.com.ua/images/52441_26732.jpg</picture>
			<picture>https://ukrpodarok.com.ua/images/52441_26733.jpg</picture>
			<vendor>UFT</vendor>
			<name>Детский 3D-светильник ночник игрушка UFT Lamp Moon</name>
			<barcode>4820176247001</barcode>
			<stock_quantity>50</stock_quantity>
			<description>
				<![CDATA[  <p>Милий&nbsp;та маленький&nbsp;Місяць допоможе заспокоїти малюків вночі та&nbsp;заснути&nbsp;при м'якому світлі. Цей нічник має форму півмісяця, що солодко спить. Цей світло-жовтий місяць сяє теплим, заспокійливим світінням, залишаючись прохолодним на дотик, завдяки батарейці можна поставити в будь-яке місце дитячої кімнати.<br />Розмір:<br />13x14x4,3 см<br />Живлення:<br />Батарейки 3 x AG13 батарейки (у комплекті),<br />Додатково:<br />Без таймера</p>  ]]>
			</description>
			<param name="Тип"><![CDATA[Настольный]]></param>
			<param name="Тематика"><![CDATA[Луна]]></param>
			<param name="Назначение"><![CDATA[Для спальни]]></param>
			<param name="Питание"><![CDATA[Батарейки]]></param>
			<param name="Цвет корпуса"><![CDATA[Желтый]]></param>
			<param name="Тип установки"><![CDATA[Настольные]]></param>
			<param name="Форма"><![CDATA[Круглая]]></param>
			<param name="Пол ребенка"><![CDATA[ДевочкаМальчик]]></param>
			<param name="Материал корпуса"><![CDATA[Пластик]]></param>
			<param name="Тип источника света"><![CDATA[Светодиодные (LED)]]></param>
			<param name="Количество в упаковке, шт"><![CDATA[1]]></param>
			<param name="Особенности"><![CDATA[С LED технологией]]></param>
			<param name="Страна регистрации бренда"><![CDATA[Украина]]></param>
			<param name="Гарантия"><![CDATA[14 дней]]></param>
			<param name="Наличие"><![CDATA[есть]]></param>
			<param name="вес в упаковке кг"><![CDATA[0.3]]></param>
			<param name="высота в упаковке см"><![CDATA[11]]></param>
			<param name="глубина в упаковке см"><![CDATA[7]]></param>
			<param name="ширина в упаковке см"><![CDATA[10]]></param>
			<param name="количество грузовых мест"><![CDATA[1]]></param>
			<param name="штрихкод"><![CDATA[4820176247001]]></param>
		</offer>
		<offer id="SleepingCat" available="false">
			<url>https://ukrpodarok.com.ua/detskii-nochnik-sensornii-pomazan-sleeping-cat.html</url>
			<price>485</price>
			<price_old>599</price_old>
			<currencyId>UAH</currencyId>
			<categoryId>830</categoryId>
			<picture>https://ukrpodarok.com.ua/images/52644_0.jpg</picture>
			<picture>https://ukrpodarok.com.ua/images/52644_63717.jpg</picture>
			<picture>https://ukrpodarok.com.ua/images/52644_0.jpg</picture>
			<vendor>CG</vendor>
			<name>Детский ночник сенсорный POMAZAN Cat</name>
			<barcode></barcode>
			<stock_quantity>0</stock_quantity>
			<description>
				<![CDATA[<p>Силиконовый светодиодный ночник в виде спящей кошечки меняет цвет от прикосновения или похлопывания<br />Три режима: Белый холодный, белый теплый и&nbsp;плавное переливание семью цветами.</p>  <p>Ночник мягкий, приятно мять его в руках и ему не страшны падения.</p>  <p>&nbsp;</p>  <p>Кнопка включения / выключения находиться в нижней части ночника.</p>  <p>Индикатор горит красным светом во время зарядки и зеленым, когда полностью заряжен.</p>  <br /><br />]]>
			</description>
			<param name="Тип"><![CDATA[Ночники настольные]]></param>
			<param name="Цвет корпуса"><![CDATA[Разноцветный]]></param>
			<param name="Материал корпуса"><![CDATA[Силикон]]></param>
			<param name="Тип источника света"><![CDATA[LED]]></param>
			<param name="Выключатель"><![CDATA[Сенсорный]]></param>
			<param name="Режимов свечения"><![CDATA[белый, желтый, красный]]></param>
			<param name="Таймер выключения"><![CDATA[Да]]></param>
			<param name="Цвет"><![CDATA[Белый]]></param>
			<param name="Аккумулятор"><![CDATA[Встроенный]]></param>
			<param name="Категория"><![CDATA[Для девочек, Для мальчиков]]></param>
			<param name="Гарантия"><![CDATA[6 месяцев]]></param>
			<param name="Наличие"><![CDATA[нет]]></param>
		</offer>
		<offer id="M+91103W" available="false">
			<url>https://ukrpodarok.com.ua/detskii-ryukzak-ridaz-batman-eva-original-plyushevii-black.html</url>
			<price>1115</price>
			<price_old>1299</price_old>
			<currencyId>UAH</currencyId>
			<categoryId>152134</categoryId>
			<picture>https://ukrpodarok.com.ua/images/52602_0.jpg</picture>
			<vendor>CG</vendor>
			<name>Детский рюкзак Ridaz Batman-EVA Original плюшевый black</name>
			<barcode></barcode>
			<stock_quantity>0</stock_quantity>
			<description>
				<![CDATA[<p>Ridaz - бренд всемирно известной компании Welly. Вся продукция выполнена из высококачественного материала, который отвечает мировым стандартам и требованиям.&nbsp;</p>  <p><b>Batman-EVA от Ridaz&nbsp;</b>- рюкзак для детей возрастом от 3-х лет.</p>  <p>Уникальные рюкзаки Ridaz с которыми можно играть и брать с собой повсюду, давно завоевали любовь детей по всему миру.</p>    Стильный и оригинальный дизайн  Качественная фурнитура (надежный замок-молния с двумя бегунками)  Водоотталкивающий&nbsp;  Мягкая спинка разработана специально для малышей&nbsp;  Есть основной закрытый карман, а также внутренний сетчатый  Регулируемые мягкие плечевые ремни  Удобная ручка для переноски&nbsp;  Тело персонажа из плюшевого материала&nbsp;  Благодаря мягкой светоотражающей полосе на каждой стороне ремня ваш ребенок будет находиться в безопасности  Размер рюкзака предусмотрен таким образом, чтобы брать с собой в салон самолета  Подходит и мальчикам, и девочкам    <br />  <p></p>]]>
			</description>
			<param name="Пол"><![CDATA[Унисекс]]></param>
			<param name="Возраст"><![CDATA[от 3 до 10]]></param>
			<param name="Вид"><![CDATA[Детские]]></param>
			<param name="Тип"><![CDATA[Рюкзаки]]></param>
			<param name="Гарантия"><![CDATA[6 месяцев]]></param>
			<param name="Наличие"><![CDATA[нет]]></param>
		</offer>
		<offer id="M+91104W" available="true">
			<url>https://ukrpodarok.com.ua/detskii-ryukzak-ridaz-superman-supergeroi-plyushevii.html</url>
			<price>699</price>
			<price_old>1135</price_old>
			<currencyId>UAH</currencyId>
			<categoryId>152134</categoryId>
			<picture>https://ukrpodarok.com.ua/images/52603_0.jpg</picture>
			<vendor>CG</vendor>
			<name>Детский рюкзак Ridaz Superman супергерой плюшевый</name>
			<barcode>4820176253347</barcode>
			<stock_quantity>100</stock_quantity>
			<description>
				<![CDATA[<p>Ridaz - бренд всемирно известной компании Welly. Вся продукция выполнена из высококачественного материала, который отвечает мировым стандартам и требованиям.&nbsp;</p>  <p><strong>Superman-EVA от Ridaz&nbsp;</strong>- рюкзак для детей возрастом от 3-х лет.</p>  <p>Уникальные рюкзаки Ridaz с которыми можно играть и брать с собой повсюду, давно завоевали любовь детей по всему миру.</p>    Стильный и оригинальный дизайн  Качественная фурнитура (надежный замок-молния с двумя бегунками)  Водоотталкивающий&nbsp;  Мягкая спинка разработана специально для малышей&nbsp;  Есть основной закрытый карман, а также внутренний сетчатый  Регулируемые мягкие плечевые ремни  Удобная ручка для переноски&nbsp;  Тело персонажа из плюшевого материала&nbsp;  Благодаря мягкой светоотражающей полосе на каждой стороне ремня ваш ребенок будет находиться в безопасности  Размер рюкзака предусмотрен таким образом, чтобы брать с собой в салон самолета  Подходит и мальчикам, и девочкам  ]]>
			</description>
			<param name="Пол"><![CDATA[Мальчик;Девочка;]]></param>
			<param name="Возраст"><![CDATA[3 года;4 года;5 лет;6 лет;7 лет;]]></param>
			<param name="Вид"><![CDATA[Детские]]></param>
			<param name="Материал верха"><![CDATA[Ткань]]></param>
			<param name="Тип"><![CDATA[Рюкзаки]]></param>
			<param name="Гарантия"><![CDATA[1 месяц]]></param>
			<param name="Вес"><![CDATA[0.7 кг]]></param>
			<param name="Наличие"><![CDATA[есть]]></param>
			<param name="штрихкод"><![CDATA[4820176253347]]></param>
		</offer>
		<offer id="Bear" available="false">
			<url>https://ukrpodarok.com.ua/detskii-svetilnik-nochnik-uft-lamp-panda-medvezhonok-19-sm.html</url>
			<price>277</price>
			<price_old>345</price_old>
			<price_promo>244</price_promo>
			<currencyId>UAH</currencyId>
			<categoryId>152175</categoryId>
			<picture>https://ukrpodarok.com.ua/images/151863_0.jpg</picture>
			<picture>https://ukrpodarok.com.ua/images/52438_26723.jpg</picture>
			<picture>https://ukrpodarok.com.ua/images/52438_26719.jpg</picture>
			<picture>https://ukrpodarok.com.ua/images/52438_26720.jpg</picture>
			<picture>https://ukrpodarok.com.ua/images/52438_26722.jpg</picture>
			<picture>https://ukrpodarok.com.ua/images/151863_100615.jpg</picture>
			<vendor>UFT</vendor>
			<name>Детский светильник ночник UFT Lamp Panda Медвежонок 19 см</name>
			<barcode>4820176246912</barcode>
			<stock_quantity>0</stock_quantity>
			<description>
				<![CDATA[Лампа&nbsp;&nbsp;- идеальное украшение для детской комнаты. Трехступенчатая регулировка позволяет вам регулировать яркость света. Если Ваш ребенок не может спать без света и любит животных, этот прекрасный светильник для Вас и Вашего ребенка.<br />Все элементы ночного светильника&nbsp; для детей&nbsp;&nbsp;Lamp Panda&nbsp;выполнены из качественных, нетоксичных материалов. Материал основания &ndash; пластик, плафона &ndash; пластик. Конструкция модели предусматривает надежное крепление, для максимальной изоляции проводов.<br />Размеры- 17х19х 16 см]]>
			</description>
			<param name="Тип"><![CDATA[Ночники настольные]]></param>
			<param name="Питание"><![CDATA[Батарейки]]></param>
			<param name="Материал"><![CDATA[Пластик]]></param>
			<param name="Тип источника света"><![CDATA[Светодиодные (LED)]]></param>
			<param name="Пол ребенка"><![CDATA[Девочка;Мальчик;]]></param>
			<param name="Таймер выключения"><![CDATA[Без таймера]]></param>
			<param name="Особенности"><![CDATA[С LED технологией]]></param>
			<param name="Цвет"><![CDATA[Голубой]]></param>
			<param name="Бренд"><![CDATA[UFT]]></param>
			<param name="Страна регистрации бренда"><![CDATA[Укрина]]></param>
			<param name="Гарантия"><![CDATA[1 месяц]]></param>
			<param name="Наличие"><![CDATA[нет]]></param>
			<param name="вес в упаковке кг"><![CDATA[0.3]]></param>
			<param name="высота в упаковке см"><![CDATA[21]]></param>
			<param name="глубина в упаковке см"><![CDATA[16]]></param>
			<param name="ширина в упаковке см"><![CDATA[16]]></param>
			<param name="количество грузовых мест"><![CDATA[1]]></param>
			<param name="штрихкод"><![CDATA[4820176246912]]></param>
		</offer>
		<offer id="Rabbit" available="false">
			<url>https://ukrpodarok.com.ua/detskii-svetilnik-nochnik-krolik-uft-lamp-rabbit.html</url>
			<price>299</price>
			<price_old>399</price_old>
			<price_promo>242</price_promo>
			<currencyId>UAH</currencyId>
			<categoryId>152175</categoryId>
			<picture>https://ukrpodarok.com.ua/images/52436_0.jpg</picture>
			<picture>https://ukrpodarok.com.ua/images/52436_26718.jpg</picture>
			<picture>https://ukrpodarok.com.ua/images/52436_26716.jpg</picture>
			<picture>https://ukrpodarok.com.ua/images/52436_26717.jpg</picture>
			<picture>https://ukrpodarok.com.ua/images/151773_99760.jpg</picture>
			<picture>https://ukrpodarok.com.ua/images/151773_99759.jpg</picture>
			<picture>https://ukrpodarok.com.ua/images/151773_99758.jpg</picture>
			<vendor>UFT</vendor>
			<name>Детский светильник ночник кролик UFT Lamp Rabbit</name>
			<barcode></barcode>
			<stock_quantity>0</stock_quantity>
			<description>
				<![CDATA[  <p>Лампа Кролик - идеально украшение для детской комнаты. Трехступенчатая регулировка позволяет вам регулировать яркость света. Если Ваш ребенок не может спать без света и любит животных, этот прекрасный светильник для Вас и Вашего ребенка.&nbsp;</p>  <p>Детский светильник&nbsp;&nbsp;UFT Lamp Rabbit поможет создать особое пространство, где ребенку комфортно расти, учиться и играть. Оригинальная форма порадует взор малыша, а яркие цвета добавят позитива в сказочный мир детства.</p>  <p>Все элементы ночного светильника&nbsp; для детей&nbsp;UFT Lamp Rabbit&nbsp;выполнены из качественных, нетоксичных материалов. Материал основания &ndash; пластик, плафона &ndash; пластик. Конструкция модели предусматривает надежное крепление, для максимальной изоляции проводов.</p>  ]]>
			</description>
			<param name="Тип"><![CDATA[Ночники настольные]]></param>
			<param name="Питание"><![CDATA[Батарейки]]></param>
			<param name="Размеры"><![CDATA[15x13x23 см]]></param>
			<param name="Материал корпуса"><![CDATA[Пластик]]></param>
			<param name="Тип источника света"><![CDATA[Светодиодные (LED)]]></param>
			<param name="Таймер выключения"><![CDATA[Без таймера]]></param>
			<param name="Гарантия"><![CDATA[6 месяцев]]></param>
			<param name="Наличие"><![CDATA[нет]]></param>
		</offer>
		<offer id="CGpx1bluepink" available="true">
			<url>https://ukrpodarok.com.ua/detskii-tsifrovoi-fotoapparat-uft-g-sio-model-x-pink.html</url>
			<price>645</price>
			<price_old>839</price_old>
			<price_promo>591</price_promo>
			<currencyId>UAH</currencyId>
			<categoryId>1558</categoryId>
			<picture>https://ukrpodarok.com.ua/images/151482_0.jpg</picture>
			<picture>https://ukrpodarok.com.ua/images/52857_69273.jpg</picture>
			<picture>https://ukrpodarok.com.ua/images/52857_69272.jpg</picture>
			<picture>https://ukrpodarok.com.ua/images/151482_100381.jpg</picture>
			<picture>https://ukrpodarok.com.ua/images/151482_100380.jpg</picture>
			<picture>https://ukrpodarok.com.ua/images/151482_100379.jpg</picture>
			<vendor>UFT</vendor>
			<name>Детский цифровой фотоаппарат UFT G-SIO Model X Pink</name>
			<barcode>4820176254009</barcode>
			<stock_quantity>200</stock_quantity>
			<description>
				<![CDATA[Детская фотокамера UFT G-Sio станет отличным подарком для Вашего ребенка. С самых ранних лет позволит познакомиться с прекрастным миром фотографии и видео съемки.<br />Силиконовое, противоударное покрытие приятное на ощупь. Камера простая в управлении, так что ребенок быстро со всем разберется.<br /><strong><br />Особенности:</strong><br />Передня камера 5 МП<br />Разрешение фото/видео: HD 1080*720 (30FPS)<br />Экран: 2 дюйма<br />Разрешение экрана: 176 х 220px<br />Литий-ионный аккумулятор на 400 мА<br />Внешняя SD-карта: макс. 32 ГБ (не идет в комплетке)<br />Поддерживает 1,5 часа непрерывной записи и 20-дневное время ожидания; <br />Встроенный микрофон: Да <br />Встроенный динамик: нет<br />Скорость затвора: 1/2 с ~ 1/2000 с<br />Управление затвором: электронный затвор<br />Автоспуск: задержка 3 с / 5 с<br />Формат файлов: JPEG / Видео AVI / Аудио WAV<br />Размеры (ДШГ): 80 х 60 х 50 мм<br /><br />  <p></p>  <br />]]>
			</description>
			<param name="Тип"><![CDATA[Фотоаппараты]]></param>
			<param name="Запись видео"><![CDATA[HD (1280х720)]]></param>
			<param name="Объектив"><![CDATA[Линза F/2.6=5.0]]></param>
			<param name="Тип питания"><![CDATA[Аккумулятор]]></param>
			<param name="Формат изображения"><![CDATA[JPEG]]></param>
			<param name="Встроенная вспышка"><![CDATA[Нет]]></param>
			<param name="WiFi"><![CDATA[Нет]]></param>
			<param name="Карты памяти"><![CDATA[microSD]]></param>
			<param name="Связь с компьютером"><![CDATA[через кабель Micro USB]]></param>
			<param name="Диагональ"><![CDATA[2 дюйма]]></param>
			<param name="Дополнительно"><![CDATA[Для детей]]></param>
			<param name="Цвет"><![CDATA[Розовый]]></param>
			<param name="Гарантия"><![CDATA[14 дней]]></param>
			<param name="Страна регистрации бренда"><![CDATA[Украина]]></param>
			<param name="Бренд"><![CDATA[UFT]]></param>
			<param name="Наличие"><![CDATA[есть]]></param>
			<param name="вес в упаковке кг"><![CDATA[0.3]]></param>
			<param name="высота в упаковке см"><![CDATA[12]]></param>
			<param name="глубина в упаковке см"><![CDATA[10]]></param>
			<param name="ширина в упаковке см"><![CDATA[10]]></param>
			<param name="количество грузовых мест"><![CDATA[1]]></param>
			<param name="штрихкод"><![CDATA[4820176254009]]></param>
		</offer>
		<offer id="CGZL1Lamborghini" available="false">
			<url>https://ukrpodarok.com.ua/detskii-chemodan-mashinka-s-ruchkoi-na-kolesah-uft-ridaz-lamborghini-huracan-red.html</url>
			<price>1999</price>
			<price_old>2315</price_old>
			<price_promo>1465</price_promo>
			<currencyId>UAH</currencyId>
			<categoryId>1523</categoryId>
			<picture>https://ukrpodarok.com.ua/images/151936_0.jpg</picture>
			<picture>https://ukrpodarok.com.ua/images/151936_99753.jpg</picture>
			<picture>https://ukrpodarok.com.ua/images/151936_99752.jpg</picture>
			<picture>https://ukrpodarok.com.ua/images/151936_99750.jpg</picture>
			<picture>https://ukrpodarok.com.ua/images/151936_99754.jpg</picture>
			<picture>https://ukrpodarok.com.ua/images/151936_99751.jpg</picture>
			<vendor>Ridaz</vendor>
			<name>Детский чемодан Машинка с ручкой на колесах UFT Ridaz Lamborghini Huracan RED</name>
			<barcode>8000000023940</barcode>
			<stock_quantity>0</stock_quantity>
			<description>
				<![CDATA[<p>Ridaz&nbsp;&ndash;&nbsp;бренд всемирно известной&nbsp;компании, которая специализируется на миниатюрных копиях автомобилей и самолетов с 1979 года. Вся продукция выполнена из высококачественного материала, который отвечает мировым стандартам и требованиям.</p>  <strong>Lamborghini Huracan&nbsp;от&nbsp;Ridaz</strong>&nbsp;-&nbsp;мини-копия культовой спортивной машины по официальнойлицензии бренда&nbsp;Lamborghini&reg;&nbsp;для детей возрастом от 3-х лет.  <p>Уникальные чемоданы&nbsp;Ridaz, с которыми можно играть и брать с собой повсюду, давно завоевали любовь детей по всему миру.</p>    Стильный и оригинальный дизайн  Качественная фурнитура&nbsp;  Водоотталкивающий&nbsp;  Вместительное отделение для хранения игрушек и вещей&nbsp;  2 функциональных колеса&nbsp;  Основное отделение с крепежными ремнями (зажим-застежка)  Выдвижная металлическая ручка для переноски  Вытяжной трос для использования чемодана в качестве игрушки&nbsp;  Размер чемодана предусмотрен таким образом, чтобы брать с собой в салон самолета&nbsp;  Подходит и мальчикам, и девочкам&nbsp;&nbsp;  ]]>
			</description>
			<param name="Пол"><![CDATA[МальчикДевочка]]></param>
			<param name="Вид"><![CDATA[Детские]]></param>
			<param name="Материал верха"><![CDATA[Пластик]]></param>
			<param name="Размер"><![CDATA[Ручная кладь (до 50л)]]></param>
			<param name="Обьем, л"><![CDATA[18]]></param>
			<param name="Цвет"><![CDATA[Красный]]></param>
			<param name="Назначение"><![CDATA[Для одежды]]></param>
			<param name="Категория"><![CDATA[Детские]]></param>
			<param name="Тип"><![CDATA[Чемоданы]]></param>
			<param name="Страна регистрации бренда"><![CDATA[Украина]]></param>
			<param name="Странапроизводитель"><![CDATA[Китай]]></param>
			<param name="Гарантия"><![CDATA[14 дней]]></param>
			<param name="Сегмент"><![CDATA[Top Brands]]></param>
			<param name="Наличие"><![CDATA[нет]]></param>
			<param name="вес в упаковке кг"><![CDATA[1.2]]></param>
			<param name="высота в упаковке см"><![CDATA[40]]></param>
			<param name="глубина в упаковке см"><![CDATA[40]]></param>
			<param name="ширина в упаковке см"><![CDATA[20]]></param>
			<param name="количество грузовых мест"><![CDATA[1]]></param>
			<param name="штрихкод"><![CDATA[8000000023940]]></param>
		</offer>
		<offer id="CGRidazAirplane" available="false">
			<url>https://ukrpodarok.com.ua/detskii-chemodan-samoletik-na-kolesah-s-ruchkoi-ridaz-airplane.html</url>
			<price>1599</price>
			<price_old>1899</price_old>
			<currencyId>UAH</currencyId>
			<categoryId>1523</categoryId>
			<picture>https://ukrpodarok.com.ua/images/52600_0.jpg</picture>
			<picture>https://ukrpodarok.com.ua/images/52600_63693.jpg</picture>
			<picture>https://ukrpodarok.com.ua/images/52600_63694.jpg</picture>
			<picture>https://ukrpodarok.com.ua/images/52600_63692.jpg</picture>
			<picture>https://ukrpodarok.com.ua/images/52600_0.jpg</picture>
			<vendor>Ridaz</vendor>
			<name>Детский чемодан самолетик на колесах с ручкой Ridaz Airplane</name>
			<barcode>8000000025487</barcode>
			<stock_quantity>0</stock_quantity>
			<description>
				<![CDATA[Ridaz&nbsp;&ndash;&nbsp;бренд всемирно известной&nbsp;компании&nbsp;Welly, которая специализируется на миниатюрных копияхавтомобилей и самолетов с 1979 года. Вся продукция выполнена извысококачественного материала, который отвечает мировым стандартам итребованиям.  <strong>Airplane luggageот&nbsp;Ridaz</strong>&nbsp;&ndash; чемодан-самолетикдля детей возрастом от 3-х лет.  <p>Уникальные чемоданы&nbsp;Ridaz, с которыми можно играть и брать с собой повсюду,давно завоевали любовь детей по всему миру.</p>    Стильный и оригинальный дизайн  Качественная фурнитура&nbsp;  Водоотталкивающий&nbsp;  Вместительное отделение для хранения игрушек и вещей&nbsp;  2 функциональных колеса&nbsp;  Основное отделение с крепежными ремнями (зажим-застежка)  Выдвижная металлическая ручка для переноски&nbsp;  Размер чемодана предусмотрен таким образом, чтобы брать с собой в салон самолета&nbsp;  Подходит и мальчикам, и девочкам&nbsp;    <p></p>]]>
			</description>
			<param name="Пол"><![CDATA[Мальчик;Девочка]]></param>
			<param name="Вид"><![CDATA[Детские]]></param>
			<param name="Материал верха"><![CDATA[Пластик]]></param>
			<param name="Размер"><![CDATA[Ручная кладь (до 50л)]]></param>
			<param name="Обьем, л"><![CDATA[18]]></param>
			<param name="Цвет"><![CDATA[Белый]]></param>
			<param name="Назначение"><![CDATA[Для одежды]]></param>
			<param name="Категория"><![CDATA[Детские]]></param>
			<param name="Тип"><![CDATA[Чемоданы]]></param>
			<param name="Страна регистрации бренда"><![CDATA[Украина]]></param>
			<param name="Сегмент"><![CDATA[Top Brands]]></param>
			<param name="Гарантия"><![CDATA[14 дней]]></param>
			<param name="Наличие"><![CDATA[нет]]></param>
			<param name="вес в упаковке кг"><![CDATA[2.3]]></param>
			<param name="высота в упаковке см"><![CDATA[20]]></param>
			<param name="глубина в упаковке см"><![CDATA[20]]></param>
			<param name="ширина в упаковке см"><![CDATA[40]]></param>
			<param name="количество грузовых мест"><![CDATA[1]]></param>
			<param name="штрихкод"><![CDATA[8000000025487]]></param>
		</offer>
		<offer id="CG91102W" available="true">
			<url>https://ukrpodarok.com.ua/detskii-shkolnii-ryukzak-ranets-karkasnii-samolet-uft-airplane-91102w-blue.html</url>
			<price>1155</price>
			<price_old>1799</price_old>
			<currencyId>UAH</currencyId>
			<categoryId>152134</categoryId>
			<picture>https://ukrpodarok.com.ua/images/151938_0.jpg</picture>
			<picture>https://ukrpodarok.com.ua/images/52601_0.jpg</picture>
			<picture>https://ukrpodarok.com.ua/images/151938_100485.jpg</picture>
			<picture>https://ukrpodarok.com.ua/images/52601_63697.jpg</picture>
			<picture>https://ukrpodarok.com.ua/images/151938_100580.jpg</picture>
			<vendor>UFT</vendor>
			<name>Детский школьный  рюкзак ранец каркасный самолет UFT Аirplane 91102W Blue</name>
			<barcode>4820176253354</barcode>
			<stock_quantity>5</stock_quantity>
			<description>
				<![CDATA[<p>]]>
			</description>
			<param name="Пол"><![CDATA[Мальчик;Девочка;]]></param>
			<param name="Особенности"><![CDATA[Регулируемые лямки]]></param>
			<param name="Вид"><![CDATA[Для младшей школы]]></param>
			<param name="Материал верха"><![CDATA[Пластик]]></param>
			<param name="Спинка"><![CDATA[Анатомическая]]></param>
			<param name="Тип"><![CDATA[Ранцы (Каркасные рюкзаки)]]></param>
			<param name="Гарантия"><![CDATA[1 месяц]]></param>
			<param name="Внешние размеры"><![CDATA[32.6 х 19 х 33.8 см]]></param>
			<param name="Вес"><![CDATA[0.9 кг]]></param>
			<param name="Наличие"><![CDATA[есть]]></param>
			<param name="вес в упаковке кг"><![CDATA[0.9]]></param>
			<param name="высота в упаковке см"><![CDATA[20]]></param>
			<param name="глубина в упаковке см"><![CDATA[20]]></param>
			<param name="ширина в упаковке см"><![CDATA[40]]></param>
			<param name="количество грузовых мест"><![CDATA[1]]></param>
			<param name="штрихкод"><![CDATA[4820176253354]]></param>
		</offer>
		<offer id="UFTscalesforbag" available="true">
			<url>https://ukrpodarok.com.ua/dorozhnie-elektronnie-vesi-uft-scalesforbag-dlya-vzveshivaniya-bagazha-kanter-v-dorogu.html</url>
			<price>379</price>
			<price_old>459</price_old>
			<currencyId>UAH</currencyId>
			<categoryId>152254</categoryId>
			<picture>https://ukrpodarok.com.ua/images/151991_0.jpg</picture>
			<picture>https://ukrpodarok.com.ua/images/151991_101156.jpg</picture>
			<picture>https://ukrpodarok.com.ua/images/151991_101155.jpg</picture>
			<picture>https://ukrpodarok.com.ua/images/151991_101157.jpg</picture>
			<picture>https://ukrpodarok.com.ua/images/151991_101158.jpg</picture>
			<picture>https://ukrpodarok.com.ua/images/151991_101159.jpg</picture>
			<vendor>UFT</vendor>
			<name>Дорожные электронные весы UFT Scalesforbag для взвешивания багажа кантер в дорогу</name>
			<barcode>4820176247124</barcode>
			<stock_quantity>50</stock_quantity>
			<description>
				<![CDATA[<p>Scalesforbag - это дорожные весы для багажа, которые можно брать с собой в путешествие.<br />Точные электронные весы очень удобно ложиться в руку и им можно взвешивать вес до 50 кг.&nbsp;</p>  <p>Цена деления 10 грамм (дискретнось).&nbsp;Мощный крюк на ремешке с лёгкость выдерживает максимально допустимый вес.</p>  <p>При взвешивании устройство запоминает вес, и некоторое время показывает значение на экране. Для сброса достаточно нажать кнопку включения.&nbsp;</p>  <p>Для&nbsp;выключения необходимо зажать кнопку павер на несколько секунд. <br /><br />Питание- батарейки.</p>  ]]>
			</description>
			<param name="Тип"><![CDATA[Весы багажные]]></param>
			<param name="Цвет"><![CDATA[Серый]]></param>
			<param name="Дисплей"><![CDATA[Жидкокристаллический]]></param>
			<param name="Гарантия"><![CDATA[14 дней]]></param>
			<param name="Наличие"><![CDATA[есть]]></param>
			<param name="вес в упаковке кг"><![CDATA[0.5]]></param>
			<param name="высота в упаковке см"><![CDATA[7]]></param>
			<param name="глубина в упаковке см"><![CDATA[7]]></param>
			<param name="ширина в упаковке см"><![CDATA[8]]></param>
			<param name="количество грузовых мест"><![CDATA[1]]></param>
			<param name="штрихкод"><![CDATA[4820176247124]]></param>
		</offer>
		<offer id="Scaleforbag" available="false">
			<url>https://ukrpodarok.com.ua/dorozhnie-elektronnie-vesi-dlya-vzveshivaniya-bagazha-cg-scaleforbag.html</url>
			<price>287</price>
			<price_old>299</price_old>
			<currencyId>UAH</currencyId>
			<categoryId>152254</categoryId>
			<picture>https://ukrpodarok.com.ua/images/151871_0.jpg</picture>
			<picture>https://ukrpodarok.com.ua/images/52447_26748.jpg</picture>
			<picture>https://ukrpodarok.com.ua/images/52447_26749.jpg</picture>
			<picture>https://ukrpodarok.com.ua/images/52447_26750.jpg</picture>
			<vendor>CG</vendor>
			<name>Дорожные электронные весы для взвешивания багажа CG Scaleforbag</name>
			<barcode></barcode>
			<stock_quantity>0</stock_quantity>
			<description>
				<![CDATA[    <p>Scalesforbag - это дорожные весы для багажа, которые можно брать с собой в путешествие.<br />Точные электронные весы очень удобно ложиться в руку и им можно взвешивать вес до 50 кг.&nbsp;</p>  <p>Цена деления 10 грамм (дискретнось).&nbsp;Мощный крюк на ремешке с лёгкость выдерживает максимально допустимый вес.</p>  <p>При взвешивании устройство запоминает вес, и некоторое время показывает значение на экране. Для сброса достаточно нажать кнопку включения.&nbsp;</p>  <p>Для&nbsp;выключения необходимо зажать кнопку павер на несколько секунд.</p>  <br /><br />  <br /><br />    <p><br /><br /></p>    ]]>
			</description>
			<param name="Тип"><![CDATA[Весы]]></param>
			<param name="Цвет"><![CDATA[Серебристый]]></param>
			<param name="Сезон"><![CDATA[Все сезоны]]></param>
			<param name="Гарантия"><![CDATA[6 месяцев]]></param>
			<param name="Наличие"><![CDATA[нет]]></param>
		</offer>
		<offer id="CGTSET3" available="true">
			<url>https://ukrpodarok.com.ua/dorozhnii-nabor-dlya-chainoi-tseremonii-chainichek-4-piali-bambukovaya-chaban-schiptsi-uft-tset3.html</url>
			<price>944</price>
			<price_old>999</price_old>
			<currencyId>UAH</currencyId>
			<categoryId>152221</categoryId>
			<picture>https://ukrpodarok.com.ua/images/152283_0.jpg</picture>
			<picture>https://ukrpodarok.com.ua/images/152283_100193.jpg</picture>
			<picture>https://ukrpodarok.com.ua/images/152283_100194.jpg</picture>
			<picture>https://ukrpodarok.com.ua/images/152283_100195.jpg</picture>
			<picture>https://ukrpodarok.com.ua/images/152283_100196.jpg</picture>
			<picture>https://ukrpodarok.com.ua/images/152283_100197.jpg</picture>
			<picture>https://ukrpodarok.com.ua/images/152283_100198.jpg</picture>
			<vendor>UFT</vendor>
			<name>Дорожный набор для чайной церемонии Чайничек + 4 пиалы + бамбуковая чабань + щипцы UFT TSET3</name>
			<barcode>4820176280176</barcode>
			<stock_quantity>50</stock_quantity>
			<description>
				<![CDATA[<strong>TSET3</strong> это симпатичный чайный набор в удобной сумочке, для проведения чайной церемонии в путешествиях. Подойдет для уютных чаепитий в компании из четырех человек.<br />Дорожный набор сделан из глины покрыт белой глазурью.<br />В комплект входит сумочка для транспортировки и хранения. Размеры 23 х 23 х 10 см.<br />Поддон с бамбуковой подставкой с прорезями, куда можно сливать воду во время чайной церемонии. Размер чабани 19,5 х 19,5 см, высота 2 см.<br />Чайничек 160 мл, имеет носик с глиняным ситичком, который фильтрует чайные листья. 4 пиалы обьемом по 65 мл.<br />Так же в наборе есть приятные бонусы - бамбуковые щипцы и тканевая скатерть под чашечки.]]>
			</description>
			<param name="Тип"><![CDATA[Чайный]]></param>
			<param name="Тип поставки"><![CDATA[Набор]]></param>
			<param name="Количество предметов, шт"><![CDATA[10]]></param>
			<param name="Декорирование"><![CDATA[Восточная тематика]]></param>
			<param name="Количество персон"><![CDATA[4]]></param>
			<param name="Сегмент"><![CDATA[Для дома]]></param>
			<param name="Материал"><![CDATA[Глина]]></param>
			<param name="Цвет"><![CDATA[Белый]]></param>
			<param name="Объем чашки, мл"><![CDATA[65]]></param>
			<param name="Объем заварника, мл"><![CDATA[160]]></param>
			<param name="Страна регистрации бренда"><![CDATA[Украина]]></param>
			<param name="Гарантия"><![CDATA[14 дней]]></param>
			<param name="Наличие"><![CDATA[есть]]></param>
			<param name="вес в упаковке кг"><![CDATA[1]]></param>
			<param name="высота в упаковке см"><![CDATA[23]]></param>
			<param name="глубина в упаковке см"><![CDATA[10]]></param>
			<param name="ширина в упаковке см"><![CDATA[23]]></param>
			<param name="количество грузовых мест"><![CDATA[1]]></param>
			<param name="штрихкод"><![CDATA[4820176280176]]></param>
		</offer>
		<offer id="CGBizeDragon" available="true">
			<url>https://ukrpodarok.com.ua/drakosha-topotun-interaktivnaya-muzikalnaya-igrushka-uft-bize-dragon.html</url>
			<price>699</price>
			<price_old>730</price_old>
			<currencyId>UAH</currencyId>
			<categoryId>1558</categoryId>
			<picture>https://ukrpodarok.com.ua/images/152091_0.jpg</picture>
			<picture>https://ukrpodarok.com.ua/images/152091_100993.jpg</picture>
			<picture>https://ukrpodarok.com.ua/images/152091_100994.jpg</picture>
			<picture>https://ukrpodarok.com.ua/images/152091_100995.jpg</picture>
			<vendor>UFT</vendor>
			<name>Дракоша Топотун интерактивная музыкальная игрушка UFT Bize Dragon</name>
			<barcode>4820176258212</barcode>
			<stock_quantity>100</stock_quantity>
			<description>
				<![CDATA[Мягкая игрушка Дракоша Топотун (от англю.&nbsp;Thumper) танцует и поет веселую песню "А&nbsp;Рам Зам Зам".<br />Дракон Thumper выполнен из качественных, гипоаллергенных и приятных на ощупь материалов.<br />Плюшевая игрушка Топотун без сомнений понравится вашему малышу.<br /><strong>]]>
			</description>
			<param name="Цвет"><![CDATA[Розовый]]></param>
			<param name="Тип"><![CDATA[Развивающие]]></param>
			<param name="Вид"><![CDATA[Животные]]></param>
			<param name="Размер"><![CDATA[33х16х17 см]]></param>
			<param name="Особенности"><![CDATA[Музыкальные]]></param>
			<param name="Сегмент"><![CDATA[Для дома]]></param>
			<param name="Бренд"><![CDATA[UFT]]></param>
			<param name="Гарантия"><![CDATA[14 дней]]></param>
			<param name="Наличие"><![CDATA[есть]]></param>
			<param name="вес в упаковке кг"><![CDATA[0.4]]></param>
			<param name="высота в упаковке см"><![CDATA[52]]></param>
			<param name="глубина в упаковке см"><![CDATA[20]]></param>
			<param name="ширина в упаковке см"><![CDATA[50]]></param>
			<param name="количество грузовых мест"><![CDATA[1]]></param>
			<param name="штрихкод"><![CDATA[4820176258212]]></param>
		</offer>
		<offer id="GBizeBunny" available="true">
			<url>https://ukrpodarok.com.ua/zaika-topotun-interaktivnaya-muzikalnaya-igrushka-uft-bize-(bizebunny).html</url>
			<price>699</price>
			<price_old>744</price_old>
			<currencyId>UAH</currencyId>
			<categoryId>1558</categoryId>
			<picture>https://ukrpodarok.com.ua/images/152485_0.jpg</picture>
			<picture>https://ukrpodarok.com.ua/images/152485_101400.jpg</picture>
			<picture>https://ukrpodarok.com.ua/images/152485_101401.jpg</picture>
			<picture>https://ukrpodarok.com.ua/images/152485_101402.jpg</picture>
			<vendor>UFT</vendor>
			<name>Зайка Топотун интерактивная музыкальная игрушка UFT Bize (BizeBunny)</name>
			<barcode></barcode>
			<stock_quantity>6</stock_quantity>
			<description>
				<![CDATA[Мягкая игрушка&nbsp;Зайчик Топотун (от англю.&nbsp;Thumper) танцует и поет веселую песню "Арам Зам Зам".<br />Зайка Thumper выполнен из качественных, гипоаллергенных и приятных на ощупь материалов.<br />Плюшевая игрушка Топотун без сомнений понравится вашему малышу.]]>
			</description>
			<param name="Размер"><![CDATA[25 х 10 х 10 см]]></param>
			<param name="Цвет"><![CDATA[Cиний/белый]]></param>
			<param name="Материал"><![CDATA[Плюш]]></param>
			<param name="Детский возраст"><![CDATA[От 3 лет]]></param>
			<param name="Страна регистрации бренда"><![CDATA[Украина]]></param>
			<param name="Гарантия"><![CDATA[3 месяца]]></param>
			<param name="Наличие"><![CDATA[есть]]></param>
		</offer>
		<offer id="dELTAMax2000" available="false">
			<url>https://ukrpodarok.com.ua/zaryadnaya-stantsiya-ecoflow-delta-max-2000.html</url>
			<price>81000</price>
			<price_old>83999</price_old>
			<currencyId>UAH</currencyId>
			<categoryId>152392</categoryId>
			<picture>https://ukrpodarok.com.ua/images/152409_0.jpg</picture>
			<picture>https://ukrpodarok.com.ua/images/152409_100977.jpg</picture>
			<picture>https://ukrpodarok.com.ua/images/152409_100978.jpg</picture>
			<picture>https://ukrpodarok.com.ua/images/152409_100979.jpg</picture>
			<vendor>ECOFLOW</vendor>
			<name>Зарядная станция EcoFlow DELTA Max 2000</name>
			<barcode></barcode>
			<stock_quantity>0</stock_quantity>
			<description>
				<![CDATA[Завдяки технології X-Boost EcoFlow DELTA Max може мати потужні пристрої потужністю до 3000 Вт. Це означає, що при відключенні електроенергії ви можете продовжувати живити холодильник, сушарку і т.д.<br /><br />Можливості станції - Аварійне резервне харчування<br />Ваша портативна електростанція підключена до розетки, та будь-яка електроніка, підключена до неї, живиться від мережі, а не від акумулятора. Коли живлення від мережі припиняється, як у разі вимкнення електроенергії, електростанція автоматично перемикається на живлення від батареї протягом 30 мс.<br />Яким є рейтинг водонепроникності цього продукту.<br /><br />DELTA Max не є водостійким, тому його слід тримати подалі від рідин. Або якщо ви шукаєте водонепроникне рішення, ви можете придбати футляр DELTA Max для захисту від води.<br />Час повної зарядки &ndash; 1.6 годин від мережі. 11 годин &ndash; від автомобільної зарядки.<br /><br />Системи управління:<br />BMS, Захист від перенапруги, Захист від перевантаження, Захист від перегріву, Захист від короткого замикання, Захист від низької температури, Захист від низької напруги, Захист від перевантаження.<br />DELTA Max не є водостійким, тому його слід тримати подалі від рідин.<br />Характерисвтики:&nbsp;<br />-Ємність - 2016 Вт/год;<br />-Потужність:2400&nbsp;Вт/год (всплеск ел. - до 4600)<br />-Вага- 22 кг;<br />-Тип батареї - NCM- літиій-іонний акамулятор;<br />- Мобільний додаток - так;<br />-Розмір -549.7х 24.2х 30.5 см ;<br />      Доставка товару - 2-5 днів по Україні.&nbsp;      ]]>
			</description>
			<param name="Тип аккумуляторов"><![CDATA[NCM &amp;ndash; литий-ионный аккумулятор]]></param>
			<param name="Выходные интерфейсы"><![CDATA[USB Type A;USB Type C;Розетка 220 В;]]></param>
			<param name="Вес,кг"><![CDATA[22]]></param>
			<param name="Гарантия"><![CDATA[6 месяцев]]></param>
			<param name="Наличие"><![CDATA[нет]]></param>
		</offer>
		<offer id="Ccharger40" available="true">
			<url>https://ukrpodarok.com.ua/zaryadnoe-ustroistvo-2htype-c-spow-gan-40w-vokamo.html</url>
			<price>1399</price>
			<price_old>1499</price_old>
			<currencyId>UAH</currencyId>
			<categoryId>1293</categoryId>
			<picture>https://ukrpodarok.com.ua/images/152508_0.jpg</picture>
			<picture>https://ukrpodarok.com.ua/images/152508_101539.jpg</picture>
			<picture>https://ukrpodarok.com.ua/images/152508_101540.jpg</picture>
			<picture>https://ukrpodarok.com.ua/images/152508_101541.jpg</picture>
			<picture>https://ukrpodarok.com.ua/images/152508_101542.jpg</picture>
			<picture>https://ukrpodarok.com.ua/images/152508_101543.jpg</picture>
			<vendor>VOKAMO</vendor>
			<name>Зарядное устройство 2хType-C Spow GaN 40W VOKAMO</name>
			<barcode>8000000012975</barcode>
			<stock_quantity>10</stock_quantity>
			<description>
				<![CDATA[<p>Данный блок укомплектований двумя портами Type-C, имеет быструю зарядку и способен заряжать несколько устройств с мощность до 40 Вт.<br /><br /><br />1. Интеллектуальная идентификация нескольких протоколов быстрой зарядки, автоматическое согласование нескольких режимов быстрой зарядки 5В / 9В / 12В / 15В / 20В, поддержка выходной мощности до 40 Вт и эффективное сокращение времени зарядки.</p>  <p>2. Каждый порт Type-C может поддерживать макс.&nbsp;Выходная мощность 40 Вт.&nbsp;Когда два порта используются одновременно, динамическое распределение тока может быть реализовано в соответствии с вашим оборудованием (30 Вт + 10 Вт или 20 Вт + 20 Вт).</p>  <p>3. Усовершенствованная система цепей со встроенной защитой от перегрузки по току/напряжению безопасна и надежна.</p>  <p>4. Поддерживает протоколы: PD2.0, PD3.0, QC2.0, QC3.0, BC1.2, APPLE 2.4A, AFC, FCP, PPS<br /><br />]]>
			</description>
			<param name="Вид"><![CDATA[Зарядное устройство]]></param>
			<param name="Производитель"><![CDATA[VOKAMO]]></param>
			<param name="Количество USBпортов"><![CDATA[2]]></param>
			<param name="Выходной ток"><![CDATA[2 А;3 A;]]></param>
			<param name="Выходной разъем"><![CDATA[Type-C;]]></param>
			<param name="Максимальная мощность, W"><![CDATA[40]]></param>
			<param name="Питание"><![CDATA[Сеть]]></param>
			<param name="Гарантия"><![CDATA[14 дней]]></param>
			<param name="Наличие"><![CDATA[есть]]></param>
			<param name="вес в упаковке кг"><![CDATA[0.3]]></param>
			<param name="высота в упаковке см"><![CDATA[10]]></param>
			<param name="глубина в упаковке см"><![CDATA[10]]></param>
			<param name="ширина в упаковке см"><![CDATA[10]]></param>
			<param name="количество грузовых мест"><![CDATA[1]]></param>
			<param name="штрихкод"><![CDATA[8000000012975]]></param>
		</offer>
		<offer id="Ccharger66" available="true">
			<url>https://ukrpodarok.com.ua/zaryadnoe-ustroistvo-2htype-c-1husb-spow-gan-66w-vokamo.html</url>
			<price>2199</price>
			<price_old>2399</price_old>
			<currencyId>UAH</currencyId>
			<categoryId>1293</categoryId>
			<picture>https://ukrpodarok.com.ua/images/152509_0.jpg</picture>
			<picture>https://ukrpodarok.com.ua/images/152509_101544.jpg</picture>
			<picture>https://ukrpodarok.com.ua/images/152509_101545.jpg</picture>
			<picture>https://ukrpodarok.com.ua/images/152509_101546.jpg</picture>
			<picture>https://ukrpodarok.com.ua/images/152509_101547.jpg</picture>
			<picture>https://ukrpodarok.com.ua/images/152509_101548.jpg</picture>
			<vendor>VOKAMO</vendor>
			<name>Зарядное устройство 2хType-C, 1хUSB Spow GaN 66W VOKAMO</name>
			<barcode>8000000012982</barcode>
			<stock_quantity>10</stock_quantity>
			<description>
				<![CDATA[  <p>Данный блок укомплектован&nbsp;двумя&nbsp;портами Type-C и одним USB,&nbsp;имеет быструю зарядку и способен заряжать несколько устройств с мощность до 66 Вт.<br /><br /></p>  <p>1. Интеллектуальная идентификация нескольких протоколов быстрой зарядки, автоматическое согласование нескольких режимов быстрой зарядки&nbsp;5В / 9В / 12В / 15В / 20В, поддержка выходной мощности до&nbsp;66 Вт и эффективное сокращение времени зарядки.</p>  <p>2. Каждый порт может поддерживать максимальную выходную мощность до 66 Вт.&nbsp;Когда два или три порта используются одновременно, динамическое распределение тока может быть реализовано в соответствии с вашим оборудованием.</p>  <p>3. Усовершенствованная система цепей со встроенной защитой от перегрузки по току/напряжению безопасна и надежна.<br /><br />4.&nbsp;Поддерживает протоколы: PD2.0, PD3.0, QC2.0, QC3.0, BC1.2, APPLE 2.4A, AFC, FCP, PPS<br /><br /></p>  <p>]]>
			</description>
			<param name="Вид"><![CDATA[Зарядное устройство]]></param>
			<param name="Производитель"><![CDATA[VOKAMO]]></param>
			<param name="Количество USBпортов"><![CDATA[3]]></param>
			<param name="Выходной ток"><![CDATA[От 2.1 до 4.7 А]]></param>
			<param name="Выходной разъем"><![CDATA[Type-C;]]></param>
			<param name="Максимальная мощность, W"><![CDATA[65-67]]></param>
			<param name="Питание"><![CDATA[Сеть]]></param>
			<param name="Гарантия"><![CDATA[14 дней]]></param>
			<param name="Наличие"><![CDATA[есть]]></param>
			<param name="вес в упаковке кг"><![CDATA[0.3]]></param>
			<param name="высота в упаковке см"><![CDATA[10]]></param>
			<param name="глубина в упаковке см"><![CDATA[10]]></param>
			<param name="ширина в упаковке см"><![CDATA[10]]></param>
			<param name="количество грузовых мест"><![CDATA[1]]></param>
			<param name="штрихкод"><![CDATA[8000000012982]]></param>
		</offer>
		<offer id="Ccharger100" available="true">
			<url>https://ukrpodarok.com.ua/zaryadnoe-ustroistvo-2htype-c-2husb-spow-gan-100w-vokamo.html</url>
			<price>3799</price>
			<price_old>3999</price_old>
			<currencyId>UAH</currencyId>
			<categoryId>1293</categoryId>
			<picture>https://ukrpodarok.com.ua/images/152510_0.jpg</picture>
			<picture>https://ukrpodarok.com.ua/images/152510_101549.jpg</picture>
			<picture>https://ukrpodarok.com.ua/images/152510_101550.jpg</picture>
			<picture>https://ukrpodarok.com.ua/images/152510_101551.jpg</picture>
			<picture>https://ukrpodarok.com.ua/images/152510_101552.jpg</picture>
			<picture>https://ukrpodarok.com.ua/images/152510_101553.jpg</picture>
			<vendor>VOKAMO</vendor>
			<name>Зарядное устройство 2хType-C, 2хUSB Spow GaN 100W VOKAMO</name>
			<barcode>charger100</barcode>
			<stock_quantity>10</stock_quantity>
			<description>
				<![CDATA[<p>Данный блок укомплектован двумя портами Type-C и&nbsp;двумя USB,&nbsp;имеет быструю зарядку и способен заряжать несколько устройств с мощность до 100 Вт.<br /><br /></p>  <p>1. Интеллектуальная идентификация нескольких протоколов быстрой зарядки, автоматическое согласование нескольких режимов быстрой зарядки&nbsp;5В / 9В / 12В / 15В / 20В, поддержка выходной мощности до 100 Вт и эффективное сокращение времени зарядки.</p>  <p>2. Каждый порт может поддерживать максимальную выходную мощность до 100 Вт.&nbsp;Когда два или более порта используются одновременно, динамическое распределение тока может быть реализовано в соответствии с вашим оборудованием<br />Type-C1 +&nbsp;Type-C2 (65W+30W)<br />Type-C1/C2 +&nbsp;USB-A1/2&nbsp;(65W+30W)<br />USB-A1 +&nbsp;USB-A2&nbsp;(12W+12W)<br /><br />Type-C1 +&nbsp;Type-C2 +&nbsp;USB-A1/2&nbsp;(45W+30W+22,5W)<br />Type-C1 +&nbsp;Type-C2 +&nbsp;USB-A1 +&nbsp;USB-A2&nbsp;(45W+30W+7,5W+7,5W)<br /></p>  <p>3. Усовершенствованная система цепей со встроенной защитой от перегрузки по току/напряжению безопасна и надежна.<br /><br />4. Поддерживает протоколы: PD2.0, PD3.0, QC2.0, QC3.0, BC1.2, APPLE 2.4A, AFC, FCP, PPS</p>  <p>]]>
			</description>
			<param name="Вид"><![CDATA[Зарядное устройство]]></param>
			<param name="Производитель"><![CDATA[VOKAMO]]></param>
			<param name="Количество USBпортов"><![CDATA[4]]></param>
			<param name="Выходной ток"><![CDATA[5 А;3 A;]]></param>
			<param name="Выходной разъем"><![CDATA[Type-C;USB-A;]]></param>
			<param name="Максимальная мощность, W"><![CDATA[68-99]]></param>
			<param name="Питание"><![CDATA[Сеть]]></param>
			<param name="Гарантия"><![CDATA[14 дней]]></param>
			<param name="Наличие"><![CDATA[есть]]></param>
			<param name="вес в упаковке кг"><![CDATA[0.3]]></param>
			<param name="высота в упаковке см"><![CDATA[10]]></param>
			<param name="глубина в упаковке см"><![CDATA[10]]></param>
			<param name="ширина в упаковке см"><![CDATA[10]]></param>
			<param name="количество грузовых мест"><![CDATA[1]]></param>
		</offer>
		<offer id="Ccharger30" available="true">
			<url>https://ukrpodarok.com.ua/zaryadnoe-ustroistvo-type-c-spow-mini-gan-30w-vokamo.html</url>
			<price>1199</price>
			<price_old>1244</price_old>
			<currencyId>UAH</currencyId>
			<categoryId>1293</categoryId>
			<picture>https://ukrpodarok.com.ua/images/152507_0.jpg</picture>
			<picture>https://ukrpodarok.com.ua/images/152507_101534.jpg</picture>
			<picture>https://ukrpodarok.com.ua/images/152507_101535.jpg</picture>
			<picture>https://ukrpodarok.com.ua/images/152507_101536.jpg</picture>
			<picture>https://ukrpodarok.com.ua/images/152507_101537.jpg</picture>
			<picture>https://ukrpodarok.com.ua/images/152507_101538.jpg</picture>
			<vendor>VOKAMO</vendor>
			<name>Зарядное устройство Type-C Spow mini GaN 30W VOKAMO</name>
			<barcode>8000000012968</barcode>
			<stock_quantity>10</stock_quantity>
			<description>
				<![CDATA[<p>1. Использование стабилизированных нитридом чипов в сочетании с трехмерной конструкцией штабелирования эффективно повышает эффективность зарядки, обеспечивая при этом компактный и портативный размер.&nbsp;</p>  <p>2. Интеллектуальная идентификация многопротокольной быстрой зарядки, автоматическое согласование нескольких режимов быстрой зарядки&nbsp;5В / 9В / 12В / 15В / 20В, максимальная выходная мощность 30 Вт, эффективно сокращает время зарядки.</p>  <p>3. Усовершенствованная система цепей со встроенной защитой от перегрузки по току/напряжению безопасна и надежна.<br /><br />&nbsp;Поддерживает протоколы: PD2.0, PD3.0, QC2.0, QC3.0, BC1.2, APPLE 2.4A, AFC, FCP, PPS<br /><br /></p>  <p>]]>
			</description>
			<param name="Вид"><![CDATA[Зарядное устройство]]></param>
			<param name="Производитель"><![CDATA[VOKAMO]]></param>
			<param name="Количество USBпортов"><![CDATA[1]]></param>
			<param name="Выходной ток"><![CDATA[1.2 А;]]></param>
			<param name="Выходной разъем"><![CDATA[Type-C;]]></param>
			<param name="Максимальная мощность, W"><![CDATA[30]]></param>
			<param name="Питание"><![CDATA[Сеть]]></param>
			<param name="Гарантия"><![CDATA[14 дней]]></param>
			<param name="Наличие"><![CDATA[есть]]></param>
			<param name="вес в упаковке кг"><![CDATA[0.3]]></param>
			<param name="высота в упаковке см"><![CDATA[10]]></param>
			<param name="глубина в упаковке см"><![CDATA[6]]></param>
			<param name="ширина в упаковке см"><![CDATA[6]]></param>
			<param name="количество грузовых мест"><![CDATA[1]]></param>
			<param name="штрихкод"><![CDATA[8000000012968]]></param>
		</offer>
		<offer id="UFTKOZAK6000W" available="false">
			<url>https://ukrpodarok.com.ua/zaryadnoe-ustroistvo-paverbank-cg-kozak-power-bank-6000-white.html</url>
			<price>425</price>
			<price_old>455</price_old>
			<currencyId>UAH</currencyId>
			<categoryId>52384</categoryId>
			<picture>https://ukrpodarok.com.ua/images/151114_0.jpg</picture>
			<picture>https://ukrpodarok.com.ua/images/151114_99692.jpg</picture>
			<picture>https://ukrpodarok.com.ua/images/151114_99693.jpg</picture>
			<vendor>CG</vendor>
			<name>Зарядное устройство павербанк CG KOZAK POWER BANK 6000 white</name>
			<barcode>8000000022899</barcode>
			<stock_quantity>0</stock_quantity>
			<description>
				<![CDATA[<p>Зарядное устройство KOZAK POWER 6000 с лёгкостью зарядит любой Ваш гаджет. Компактные размеры позволят носить с собой всегда и везде. Сочетает в себе стиль, качество, удобство. Основные преимущества нашей батареии в том, что используется технология FAST CHARGE 3.0.</p>  <p>FAST&nbsp;SPEED&nbsp;CHARGE&nbsp;&ndash; это умная технология третьего поколения, позволяет заряжать Ваше&nbsp;устройство намного&nbsp;быстрее, чем обычная мобильная батарея, в некоторых случаях в 2 раза быстрее.&nbsp;</p>  <p>Работает&nbsp;по&nbsp;последней технологии портативной батареи (литий- полимер) , что позволяет удерживать больше заряда и обеспечивать более высокую выходную мощность. Батарея ультра тонкая&nbsp;(12 мм) , заряжает с удвоенной скоростью и имеет два USB -выходадля зарядки двух устройств одновременно. Присутствует LCD- дисплей, который&nbsp;информирует о степени заряда.</p>  <p>Теперь Вы можете максимально использовать свой телефон: смотреть все уведомления, проверять аккаунты в социальных сетях и других приложений и не страшно, что он вот-вот разрядится. Это устройство обеспечит полным зарядом, не зависимо от времени и места.<br /><br /></p>  <p><br /><br /></p>]]>
			</description>
			<param name="Вид"><![CDATA[Повербанк;]]></param>
			<param name="Емкость батареи"><![CDATA[6000 мА*ч]]></param>
			<param name="Функции зарядки"><![CDATA[Стандартная;QC быстрая зарядка 3.0;]]></param>
			<param name="Странапроизводитель"><![CDATA[Китай]]></param>
			<param name="Гарантия"><![CDATA[1 месяц]]></param>
			<param name="Цвет"><![CDATA[Белый]]></param>
			<param name="Вес"><![CDATA[143 г]]></param>
			<param name="Наличие"><![CDATA[нет]]></param>
			<param name="вес в упаковке кг"><![CDATA[0.17]]></param>
			<param name="высота в упаковке см"><![CDATA[17]]></param>
			<param name="глубина в упаковке см"><![CDATA[10]]></param>
			<param name="ширина в упаковке см"><![CDATA[3]]></param>
			<param name="количество грузовых мест"><![CDATA[1]]></param>
			<param name="штрихкод"><![CDATA[8000000022899]]></param>
		</offer>
		<offer id="CGMH2Pink" available="false">
			<url>https://ukrpodarok.com.ua/zerkalo-kosmeticheskoe-uft-mh2-pink-s-led-podsvetkoi-s-derzhatelem-dlya-telefona-i-organaizerom.html</url>
			<price>466</price>
			<price_old>615</price_old>
			<price_promo>368</price_promo>
			<currencyId>UAH</currencyId>
			<categoryId>152112</categoryId>
			<picture>https://ukrpodarok.com.ua/images/152247_0.jpg</picture>
			<picture>https://ukrpodarok.com.ua/images/152247_100085.jpg</picture>
			<picture>https://ukrpodarok.com.ua/images/152247_100086.jpg</picture>
			<picture>https://ukrpodarok.com.ua/images/152247_100087.jpg</picture>
			<vendor>UFT</vendor>
			<name>Зеркало косметическое UFT MH2 Pink с LED подсветкой с держателем для телефона и органайзером</name>
			<barcode>4820176280206</barcode>
			<stock_quantity>0</stock_quantity>
			<description>
				<![CDATA[<p><strong>UFT&nbsp;MH2</strong>&nbsp;это не просто зеркало для макияжа с подсветкой, это полноценный набор для бьюти блогера.<br />В собранном виде представляет собой&nbsp;Кольцевую&nbsp;LED лампу с зеркалом на выдвижном штативе (30-58см), к которому крепится телефон, а у основания располагается органайзер для украшений.<br />В собранном виде получается компактная шкатулка, которую удобно хранить или брать с собой в путешествие.<br /><br />Многофункциональный набор блогера&nbsp;включает в себя:<br /></p>  <p><strong>Кольцевая LED лампа</strong><br />Внешний диаметр лампы &ndash; 16см, внутренний &ndash; 10.5см.&nbsp;LED кольцо имеет 3 типа освещения: холодный, теплый и нейтральный, и 10 режимов интенсивности света в каждом из типов освещения. Диапазон температур &ndash; 3000-6000К.</p>  <p><strong>Штатив</strong><br />Позволяет закрепить лампу в нужном вам положении.&nbsp;В собранном состоянии длинна 30 см. В разложенном -58 см.</p>  <p><strong>Гибкий держатель для смартфона</strong><br />Надежно фиксирует смартфон в нужном вам положении. Поворотный механизм позволяет вращать смартфон на 360 градусов. Держатель совместим со смартфонами с диагональю до 6.5 дюймов.<br />Прикрепив&nbsp;смартфон,&nbsp;можно&nbsp;делать&nbsp;селфи,&nbsp;снимать&nbsp;видео&nbsp;процесса&nbsp;нанесения&nbsp;макияжа.<br /><br /><strong>Органайзер</strong><br />Имеет несколько отсеков в котором можно хранить украшения и прочие мелочи.<br /><br />Комплектация<br />LED лампа с зеркалом;<br />Держатель для смартфона;<br />Штатив;<br />Органайзер;<br />USB кабель;<br /></p>]]>
			</description>
			<param name="Особенности"><![CDATA[С подсветкой]]></param>
			<param name="Вид"><![CDATA[Настольное]]></param>
			<param name="Форма"><![CDATA[Круглое]]></param>
			<param name="Размеры Д х Ш, см"><![CDATA[33 х 15]]></param>
			<param name="Подсветка"><![CDATA[Led подсветка]]></param>
			<param name="Страна регистрации бренда"><![CDATA[Украина]]></param>
			<param name="Цвет изделия"><![CDATA[Белый / Розовый]]></param>
			<param name="Бренд"><![CDATA[UFT]]></param>
			<param name="Страна производитель"><![CDATA[Китай]]></param>
			<param name="Гарантия"><![CDATA[1 месяц]]></param>
			<param name="Наличие"><![CDATA[нет]]></param>
			<param name="вес в упаковке кг"><![CDATA[0.27]]></param>
			<param name="высота в упаковке см"><![CDATA[17.2]]></param>
			<param name="глубина в упаковке см"><![CDATA[17.2]]></param>
			<param name="ширина в упаковке см"><![CDATA[7]]></param>
			<param name="количество грузовых мест"><![CDATA[1]]></param>
			<param name="штрихкод"><![CDATA[4820176280206]]></param>
		</offer>
		<offer id="UFTMBiege" available="false">
			<url>https://ukrpodarok.com.ua/zerkalo-s-podsvetkoi-serdtse-cg-mirroir-heart-cream.html</url>
			<price>899</price>
			<price_old>1199</price_old>
			<currencyId>UAH</currencyId>
			<categoryId>152112</categoryId>
			<picture>https://ukrpodarok.com.ua/images/152114_0.jpg</picture>
			<picture>https://ukrpodarok.com.ua/images/152114_99496.jpg</picture>
			<picture>https://ukrpodarok.com.ua/images/152114_99497.jpg</picture>
			<picture>https://ukrpodarok.com.ua/images/152114_99498.jpg</picture>
			<picture>https://ukrpodarok.com.ua/images/152114_99499.jpg</picture>
			<vendor>CG</vendor>
			<name>Зеркало с подсветкой Сердце CG Mirroir Heart Cream</name>
			<barcode>4820176272102</barcode>
			<stock_quantity>0</stock_quantity>
			<description>
				<![CDATA[<p>Косметический зеркало с LED подсветкой CG Mirroir Heart&nbsp;имеет&nbsp;сенсорный выключатель для лампы и для подсветки зеркала.<br />LED подсветка умеренной цветовой температуры позволит использовать его при плохом освещении и не принесет дискомфорт глазам.<br />Угол положения зеркала регулируется. Подставку зеркала можно использовать в качестве лотка для хранения мелких предметов.</p>  <p>В комплекте идет отдельное небольшое зеркало в виде сердечка, кратность увеличения равна 3x. Работает CG&nbsp;Mirroir&nbsp;Heart от аккумуляторной батареи, емкость которой 2000 mAh, заряжается от USB.<br />Зеркало можно использовать, как для макияжа, так и в виде настольного ночника.</p>]]>
			</description>
			<param name="Особенности"><![CDATA[С подсветкой]]></param>
			<param name="Вид"><![CDATA[Настольное]]></param>
			<param name="Форма"><![CDATA[Фигурное]]></param>
			<param name="Подсветка"><![CDATA[Led подсветка]]></param>
			<param name="Цвет"><![CDATA[Бежевый]]></param>
			<param name="Страна производитель"><![CDATA[Китай]]></param>
			<param name="Страна регистрации бренда"><![CDATA[Украина]]></param>
			<param name="Гарантия"><![CDATA[3 месяца]]></param>
			<param name="Наличие"><![CDATA[нет]]></param>
			<param name="вес в упаковке кг"><![CDATA[0.3]]></param>
			<param name="высота в упаковке см"><![CDATA[20]]></param>
			<param name="глубина в упаковке см"><![CDATA[10]]></param>
			<param name="ширина в упаковке см"><![CDATA[15]]></param>
			<param name="количество грузовых мест"><![CDATA[1]]></param>
			<param name="штрихкод"><![CDATA[4820176272102]]></param>
		</offer>
		<offer id="MHPink" available="false">
			<url>https://ukrpodarok.com.ua/zerkalo-s-podsvetkoi-serdtse-cg-mirroir-heart-pink.html</url>
			<price>899</price>
			<price_old>1199</price_old>
			<currencyId>UAH</currencyId>
			<categoryId>152112</categoryId>
			<picture>https://ukrpodarok.com.ua/images/152113_0.jpg</picture>
			<picture>https://ukrpodarok.com.ua/images/152113_99495.jpg</picture>
			<picture>https://ukrpodarok.com.ua/images/152113_99491.jpg</picture>
			<picture>https://ukrpodarok.com.ua/images/152113_99492.jpg</picture>
			<picture>https://ukrpodarok.com.ua/images/152113_99493.jpg</picture>
			<picture>https://ukrpodarok.com.ua/images/152113_99494.jpg</picture>
			<vendor>CG</vendor>
			<name>Зеркало с подсветкой Сердце CG Mirroir Heart Pink</name>
			<barcode>4820176260086</barcode>
			<stock_quantity>0</stock_quantity>
			<description>
				<![CDATA[<p>Косметический зеркало с LED подсветкой CG Mirroir Heart&nbsp;имеет&nbsp;сенсорный выключатель для лампы и для подсветки зеркала.<br />LED подсветка умеренной цветовой температуры позволит использовать его при плохом освещении и не принесет дискомфорт глазам.<br />Угол положения зеркала регулируется. Подставку зеркала можно использовать в качестве лотка для хранения мелких предметов.</p>  <p>В комплекте идет отдельное небольшое зеркало в виде сердечка, кратность увеличения равна 3x. Работает CG&nbsp;Mirroir&nbsp;Heart от аккумуляторной батареи, емкость которой 2000 mAh, заряжается от USB.<br />Зеркало можно использовать, как для макияжа, так и в виде настольного ночника.</p>]]>
			</description>
			<param name="Особенности"><![CDATA[С подсветкой]]></param>
			<param name="Вид"><![CDATA[Настольное]]></param>
			<param name="Форма"><![CDATA[Фигурное]]></param>
			<param name="Подсветка"><![CDATA[Led подсветка]]></param>
			<param name="Цвет"><![CDATA[Розовый]]></param>
			<param name="Страна производитель"><![CDATA[Китай]]></param>
			<param name="Страна регистрации бренда"><![CDATA[Украина]]></param>
			<param name="Гарантия"><![CDATA[3 месяца]]></param>
			<param name="Наличие"><![CDATA[нет]]></param>
			<param name="вес в упаковке кг"><![CDATA[0.3]]></param>
			<param name="высота в упаковке см"><![CDATA[20]]></param>
			<param name="глубина в упаковке см"><![CDATA[10]]></param>
			<param name="ширина в упаковке см"><![CDATA[15]]></param>
			<param name="количество грузовых мест"><![CDATA[1]]></param>
			<param name="штрихкод"><![CDATA[4820176260086]]></param>
		</offer>
		<offer id="UFTU2" available="true">
			<url>https://ukrpodarok.com.ua/zont-naoborot-raskladnoi-s-oblakami-uft-umbrella-sky-u2.html</url>
			<price>730</price>
			<price_old>840</price_old>
			<currencyId>UAH</currencyId>
			<categoryId>49938</categoryId>
			<picture>https://ukrpodarok.com.ua/images/151992_0.jpg</picture>
			<picture>https://ukrpodarok.com.ua/images/52673_63609.jpg</picture>
			<picture>https://ukrpodarok.com.ua/images/52673_0.jpg</picture>
			<picture>https://ukrpodarok.com.ua/images/52673_63610.jpg</picture>
			<vendor>UFT</vendor>
			<name>Зонт наоборот раскладной с облаками UFT Umbrella Sky U2</name>
			<barcode>4820176271921</barcode>
			<stock_quantity>50</stock_quantity>
			<description>
				<![CDATA[<p>UFT Umbrella Sky это зонт который складывается в обратную сторону, тем самым пряча мокрую часть вовнутрь. Тем самым вы не намочите себя или личные вещи зайдя к примеру в транспорт. Конструкция позволяет ставить зонт на пол, или же вешать его за круглую рукоять и вода будет стекать в одно место. </p>  <p>Анти зонт&nbsp;U2 имеет двойной купол, внешний черный, водозащитный из полиэстра. Внутренний с изображением облаков, всегда остается сухим. С двух сторонним зонтом у вас всегда будет хорошая погода над головой.</p>  <p>Умный зонт&nbsp; имеет защиту от ветра, конструкция и прочный каркас предотвращает выворачивание от сильных порывов ветра. Специальная закругленная ручка позволяет вешать зонт на руку.</p>  <p>&nbsp;</p>]]>
			</description>
			<param name="Гарантия"><![CDATA[14 дней]]></param>
			<param name="Механизм зонта"><![CDATA[Механические]]></param>
			<param name="Тип"><![CDATA[Трость]]></param>
			<param name="Высота"><![CDATA[86 см]]></param>
			<param name="Особенности"><![CDATA[Обратного сложения;Система антиветер;]]></param>
			<param name="Категория"><![CDATA[Для мужчин;Для женщин;]]></param>
			<param name="Размер купола"><![CDATA[108 см]]></param>
			<param name="Материал Купола"><![CDATA[Двойной водозащитный полиэстер]]></param>
			<param name="Материал спиц"><![CDATA[Стальные]]></param>
			<param name="Количество спиц"><![CDATA[8]]></param>
			<param name="Цвет"><![CDATA[Черно-голубой]]></param>
			<param name="Страна регистрации бренда"><![CDATA[Украина]]></param>
			<param name="Наличие"><![CDATA[есть]]></param>
			<param name="вес в упаковке кг"><![CDATA[0.3]]></param>
			<param name="высота в упаковке см"><![CDATA[6]]></param>
			<param name="глубина в упаковке см"><![CDATA[6]]></param>
			<param name="ширина в упаковке см"><![CDATA[18]]></param>
			<param name="количество грузовых мест"><![CDATA[1]]></param>
			<param name="штрихкод"><![CDATA[4820176271921]]></param>
		</offer>
		<offer id="CatchTheMouse" available="true">
			<url>https://ukrpodarok.com.ua/igra-dlya-kotov-s-tochilkoi-dlya-kogtei-catch-the-mouse.html</url>
			<price>344</price>
			<price_old>540</price_old>
			<currencyId>UAH</currencyId>
			<categoryId>51037</categoryId>
			<picture>https://ukrpodarok.com.ua/images/152441_0.jpg</picture>
			<picture>https://ukrpodarok.com.ua/images/152441_101185.jpg</picture>
			<picture>https://ukrpodarok.com.ua/images/152441_101186.jpg</picture>
			<picture>https://ukrpodarok.com.ua/images/152441_101187.jpg</picture>
			<vendor>UFT</vendor>
			<name>Игра для котов с точилкой для когтей Catch The Mouse</name>
			<barcode>8000000007278</barcode>
			<stock_quantity>50</stock_quantity>
			<description>
				<![CDATA[<p>Интерактивные игрушки для кошек проявляют интерес у питомца и занимают его на долгое время.</p>  <p>Игрушка &ldquo;Поймай мышь&rdquo; (Cat Catch mouse) можно подарить как маленькому котенку, так и взрослой кошке.</p>  <p>Игра с первой минуты привлечет внимание питомца своими яркими цветами.</p>  <p>Внутри своеобразной коробки есть плюшевая мышка, которая закреплена на небольшой перекладине и вращается вокруг центра. Мышь будет все время убегать от кота, когда тот попытается достать ее через отверстия.</p>  <p>Игра сделана из пластика. Сверху есть площадка с ковровым покрытием для того, чтобы кошка могла точить когти.</p>]]>
			</description>
			<param name="Тип"><![CDATA[Треки, Когтеточки (дряпки)]]></param>
			<param name="Назначение"><![CDATA[Для кошек]]></param>
			<param name="Материал"><![CDATA[Пластик + плюш]]></param>
			<param name="Размер"><![CDATA[25 х 25 х 6 см]]></param>
			<param name="Вес"><![CDATA[250 г]]></param>
			<param name="Цвет"><![CDATA[Зеленый]]></param>
			<param name="Декорирование"><![CDATA[Однотонные модели]]></param>
			<param name="Гарантия"><![CDATA[14 дней]]></param>
			<param name="Наличие"><![CDATA[есть]]></param>
			<param name="вес в упаковке кг"><![CDATA[0.4]]></param>
			<param name="высота в упаковке см"><![CDATA[25]]></param>
			<param name="глубина в упаковке см"><![CDATA[6]]></param>
			<param name="ширина в упаковке см"><![CDATA[25]]></param>
			<param name="количество грузовых мест"><![CDATA[1]]></param>
			<param name="штрихкод"><![CDATA[8000000007278]]></param>
		</offer>
		<offer id="Y7" available="true">
			<url>https://ukrpodarok.com.ua/igrovoi-nabor-dlya-detei-doktor-36-predmetov-uft-y7-toy-doctor.html</url>
			<price>1144</price>
			<price_old>1360</price_old>
			<currencyId>UAH</currencyId>
			<categoryId>50550</categoryId>
			<picture>https://ukrpodarok.com.ua/images/151811_0.jpg</picture>
			<picture>https://ukrpodarok.com.ua/images/52867_69374.jpg</picture>
			<picture>https://ukrpodarok.com.ua/images/52867_69373.jpg</picture>
			<vendor>UFT</vendor>
			<name>Игровой набор для детей Доктор 36 предметов UFT Y7 Toy Doctor</name>
			<barcode>4820176258021</barcode>
			<stock_quantity>50</stock_quantity>
			<description>
				<![CDATA[<strong>Y7</strong>&nbsp;это игрушечный набор для юных докторов. Детская ролевая игра Аптека развивает воображение ребенка, можно &ldquo;лечить&rdquo; друзей, игрушки.  Комплектация<br />1 шт чемоданчик с ручкой;&nbsp;<br />1 шт молоток неврологический;<br />1шт стетоскоп с LED подсветкой и озвучкой;<br />1 шт Термометр с LED подсветкой;<br />1 шт Капельница;<br />1 шт Зубная щетка;<br />1 шт Зубная паста с имитацией выдавливания;<br />1 шт Зуб веселый;<br />1 шт зуб грустный;<br />1 шт Флосс для зубов;<br />1 шт очки;<br />1 шт шприц;<br />1 шт скальпель;<br />1 шт пинцет;<br />1 шт лопатка;<br />3 шт ложечка;<br />1 шт гигиеническое мыло;]]>
			</description>
			<param name="Тип"><![CDATA[Медицинские наборы и аксессуары]]></param>
			<param name="Материал"><![CDATA[Пластик, резина]]></param>
			<param name="Цвет"><![CDATA[Красный;Белый;Желтый;Голубой;]]></param>
			<param name="Гарантия"><![CDATA[14 дней]]></param>
			<param name="Наличие"><![CDATA[есть]]></param>
			<param name="вес в упаковке кг"><![CDATA[0.5]]></param>
			<param name="высота в упаковке см"><![CDATA[25]]></param>
			<param name="глубина в упаковке см"><![CDATA[17]]></param>
			<param name="ширина в упаковке см"><![CDATA[16]]></param>
			<param name="количество грузовых мест"><![CDATA[1]]></param>
			<param name="штрихкод"><![CDATA[4820176258021]]></param>
		</offer>
		<offer id="UFTAirRocket" available="true">
			<url>https://ukrpodarok.com.ua/igrushechnii-puskatel-uft-air-rocket-s-pnevmopuskovoi-ustanovkoi-3-sht-raket-s-podsvetkoi.html</url>
			<price>644</price>
			<price_old>788</price_old>
			<price_promo>478</price_promo>
			<currencyId>UAH</currencyId>
			<categoryId>50550</categoryId>
			<picture>https://ukrpodarok.com.ua/images/152365_0.jpg</picture>
			<picture>https://ukrpodarok.com.ua/images/152365_100624.jpg</picture>
			<picture>https://ukrpodarok.com.ua/images/152365_100992.jpg</picture>
			<vendor>UFT</vendor>
			<name>Игрушечный пускатель UFT Air Rocket с пневмопусковой установкой 3 шт ракет с подсветкой</name>
			<barcode>4820176281074</barcode>
			<stock_quantity>100</stock_quantity>
			<description>
				<![CDATA[<p>Веселая, а главное безопасная игра для всех возрастов.</p>  <p>Для запуска резко стукните ногой по пневмоподушке и ракета полетит высоко в небо, более 20 метров</p>  <p>В комплекте:</p>  <p>- Сборная пусковая установка (пневмоподушка, шланг, 4 опорные ножки, светящяяся)</p>  <p>- Абсолютно безопасные ракеты с подсветкой - 3шт.</p>  <p>Выполнены из поролона, не издают никакого шума.</p>  <p>При столкновении с препядствием начинают светиться Синим и Красным светом.</p>  <p>Максимально еффектно запускать такой &laquo;салют&raquo; в темноте, перед запуском легонько стукните по ракете, и она будет ярко мигать на протяжении всего своего полета.</p>  <p>Кроме того в саму базу встроена подсветка которая работает от 3х батареек таблеток.<br />Дополнительные характеристики:<br />Длина ракеты 23 см<br />Подсветка в ракетах и в пусковой установке.</p>]]>
			</description>
			<param name="Тип"><![CDATA[Спортивные и активные игры]]></param>
			<param name="Тип боеприпасов"><![CDATA[Ракеты]]></param>
			<param name="Возраст"><![CDATA[4 года;5 лет;6 лет;7 лет;8 лет;9 лет;]]></param>
			<param name="Цвет"><![CDATA[Разноцветный]]></param>
			<param name="Комплект поставки"><![CDATA[Пусковая установка, 3 ракеты]]></param>
			<param name="Тип действия"><![CDATA[Механический]]></param>
			<param name="Гарантия"><![CDATA[6 месяцев]]></param>
			<param name="Наличие"><![CDATA[есть]]></param>
			<param name="вес в упаковке кг"><![CDATA[0.4]]></param>
			<param name="высота в упаковке см"><![CDATA[23]]></param>
			<param name="глубина в упаковке см"><![CDATA[7]]></param>
			<param name="ширина в упаковке см"><![CDATA[7]]></param>
			<param name="количество грузовых мест"><![CDATA[1]]></param>
			<param name="штрихкод"><![CDATA[4820176281074]]></param>
		</offer>
		<offer id="UFTCashboxGreen" available="false">
			<url>https://ukrpodarok.com.ua/igrushechnii-seif-kopilka-muzikalnaya-s-elektronnim-kupyuropriemnikom-uft-cashbox-green.html</url>
			<price>549</price>
			<price_old>799</price_old>
			<price_promo>494</price_promo>
			<currencyId>UAH</currencyId>
			<categoryId>151613</categoryId>
			<picture>https://ukrpodarok.com.ua/images/152378_0.jpg</picture>
			<picture>https://ukrpodarok.com.ua/images/152378_100675.jpg</picture>
			<vendor>UFT</vendor>
			<name>Игрушечный сейф копилка музыкальная с электронным купюроприемником UFT Cashbox Green</name>
			<barcode>4820176281104</barcode>
			<stock_quantity>0</stock_quantity>
			<description>
				<![CDATA[<p>Копилка &laquo;Электронный сейф&raquo; &ndash; необычная игрушка для детей, которая учит их копить деньги. Детский сейф хранит не только купюры, но и монеты всех номиналов.<br />Копилка-сейф оснащена электронным механизмом, который принимает купюры как терминал или банкомат.<br />Как и настоящий сейф, он имеет кодовый замок. Без правильного пароля копилка-сейф не откроется.</p>  <p>&laquo;Электронный сейф&raquo; оснащен самой настоящей системой безопасности: незакрытая дверца пищит, напоминая о себе. Если вы или ребенок, которому подарили такую копилку, позабыли код, а купюры достать необходимо, можете воспользоваться простым приемом взлома. Для этого достаточно вынуть батарейки &mdash; это восстановит заводской код &laquo;0000&raquo;. Поэтому смело дарите копилку-сейф и взрослым и детям, которых хотите приучить к бережливости.</p>  <p>В корпус сейфа вмонтирован светодиод зеленого цвета, имитирующий детектор подлинности банкнот.</p>  <strong>Как поменять пароль на сейфе:</strong>    Ввести&nbsp;код&nbsp;"0000" (загорится зеленый светодиод - значит&nbsp;электронный замок сейфа&nbsp;открыт);  Открыть дверцу сейфа;  Зажать и не отпускать кнопку "*" (начнут мигать зеленый и красный светодиоды);  Не отпуская кнопку "*" ввести новый пароль состоящий из 4-х цифр;  Не отпуская кнопку "*" нажать кнопку "#" (перестанут мигать зеленый и красный светодиоды).    <p><strong>Готово!</strong>&nbsp;Новый пароль введен в память сейфа.</p>  <p><strong>Сброс пароля.&nbsp;</strong>Для сброса пароля до предустановленного заводского (0000) следует извлечь батарейки и вставить их снова (пароль будет сброшен до "0000").</p>  <p><strong>Музыкальный режим</strong>. Для включения музыкального режима следует нажать кнопку "#".&nbsp;Теперь, нажимая&nbsp;кнопки&nbsp;с цифрами, Вы сможете проигрывать различные предустановленные мелодии. Выход из музыкального режима производится путем&nbsp;повторного нажатия&nbsp;кнопки&nbsp;"#".&nbsp;</p>  <strong>]]>
			</description>
			<param name="Материал"><![CDATA[Пластик;Металл;]]></param>
			<param name="Тематика"><![CDATA[Предметы]]></param>
			<param name="Высота"><![CDATA[19 см]]></param>
			<param name="Размеры"><![CDATA[19 х 13 х 12 см]]></param>
			<param name="Количество предметов, шт"><![CDATA[1]]></param>
			<param name="Цвет"><![CDATA[Зеленый]]></param>
			<param name="Особенности"><![CDATA[Для купюр;Со звуком;Электронная;]]></param>
			<param name="Страна регистрации бренда"><![CDATA[Украина]]></param>
			<param name="Бренд"><![CDATA[UFT]]></param>
			<param name="Гарантия"><![CDATA[1 месяц]]></param>
			<param name="Наличие"><![CDATA[нет]]></param>
			<param name="вес в упаковке кг"><![CDATA[0.3]]></param>
			<param name="высота в упаковке см"><![CDATA[19]]></param>
			<param name="глубина в упаковке см"><![CDATA[13]]></param>
			<param name="ширина в упаковке см"><![CDATA[12]]></param>
			<param name="количество грузовых мест"><![CDATA[1]]></param>
			<param name="штрихкод"><![CDATA[4820176281104]]></param>
		</offer>
		<offer id="CGCashboxRed" available="false">
			<url>https://ukrpodarok.com.ua/igrushechnii-seif-kopilka-muzikalnaya-s-elektronnim-kupyuropriemnikom-uft-cashbox-red.html</url>
			<price>765</price>
			<price_old>945</price_old>
			<currencyId>UAH</currencyId>
			<categoryId>151613</categoryId>
			<picture>https://ukrpodarok.com.ua/images/152286_0.jpg</picture>
			<picture>https://ukrpodarok.com.ua/images/152286_100208.jpg</picture>
			<picture>https://ukrpodarok.com.ua/images/152286_100209.jpg</picture>
			<vendor>UFT</vendor>
			<name>Игрушечный сейф копилка музыкальная с электронным купюроприемником UFT Cashbox Red</name>
			<barcode>4820176280725</barcode>
			<stock_quantity>0</stock_quantity>
			<description>
				<![CDATA[<p>Копилка &laquo;Электронный сейф&raquo; &ndash; необычная игрушка для детей, которая учит их копить деньги. Детский сейф хранит не только купюры, но и монеты всех номиналов.<br />Копилка-сейф оснащена электронным механизмом, который принимает купюры как терминал или банкомат.<br />Как и настоящий сейф, он имеет кодовый замок. Без правильного пароля копилка-сейф не откроется.</p>  <p>&laquo;Электронный сейф&raquo; оснащен самой настоящей системой безопасности: незакрытая дверца пищит, напоминая о себе. Если вы или ребенок, которому подарили такую копилку, позабыли код, а купюры достать необходимо, можете воспользоваться простым приемом взлома. Для этого достаточно вынуть батарейки &mdash; это восстановит заводской код &laquo;0000&raquo;. Поэтому смело дарите копилку-сейф и взрослым и детям, которых хотите приучить к бережливости.</p>  <p>В корпус сейфа вмонтирован светодиод зеленого цвета, имитирующий детектор подлинности банкнот.</p>  <strong>Как поменять пароль на сейфе:</strong>    Ввести&nbsp;код&nbsp;"0000" (загорится зеленый светодиод - значит&nbsp;электронный замок сейфа&nbsp;открыт);  Открыть дверцу сейфа;  Зажать и не отпускать кнопку "*" (начнут мигать зеленый и красный светодиоды);  Не отпуская кнопку "*" ввести новый пароль состоящий из 4-х цифр;  Не отпуская кнопку "*" нажать кнопку "#" (перестанут мигать зеленый и красный светодиоды).    <p><strong>Готово!</strong>&nbsp;Новый пароль введен в память сейфа.</p>  <p><strong>Сброс пароля.&nbsp;</strong>Для сброса пароля до предустановленного заводского (0000) следует извлечь батарейки и вставить их снова (пароль будет сброшен до "0000").</p>  <p><strong>Музыкальный режим</strong>. Для включения музыкального режима следует нажать кнопку "#".&nbsp;Теперь, нажимая&nbsp;кнопки&nbsp;с цифрами, Вы сможете проигрывать различные предустановленные мелодии. Выход из музыкального режима производится путем&nbsp;повторного нажатия&nbsp;кнопки&nbsp;"#".&nbsp;</p>  <strong>]]>
			</description>
			<param name="Материал"><![CDATA[Пластик;Металл;]]></param>
			<param name="Тематика"><![CDATA[Предметы]]></param>
			<param name="Высота"><![CDATA[19 см]]></param>
			<param name="Размеры"><![CDATA[19 х 13 х 12 см]]></param>
			<param name="Количество предметов, шт"><![CDATA[1]]></param>
			<param name="Цвет"><![CDATA[Красный]]></param>
			<param name="Особенности"><![CDATA[Для купюр;Со звуком;Электронная;]]></param>
			<param name="Страна регистрации бренда"><![CDATA[Украина]]></param>
			<param name="Бренд"><![CDATA[UFT]]></param>
			<param name="Гарантия"><![CDATA[1 месяц]]></param>
			<param name="Наличие"><![CDATA[нет]]></param>
			<param name="вес в упаковке кг"><![CDATA[0.3]]></param>
			<param name="высота в упаковке см"><![CDATA[19]]></param>
			<param name="глубина в упаковке см"><![CDATA[13]]></param>
			<param name="ширина в упаковке см"><![CDATA[12]]></param>
			<param name="количество грузовых мест"><![CDATA[1]]></param>
			<param name="штрихкод"><![CDATA[4820176280725]]></param>
		</offer>
		<offer id="UFTCashbox" available="false">
			<url>https://ukrpodarok.com.ua/igrushechnii-seif-kopilka-uft-cashbox-muzikalnii-s-elektronnim-kupyuropriemnikom.html</url>
			<price>599</price>
			<price_old>799</price_old>
			<currencyId>UAH</currencyId>
			<categoryId>151613</categoryId>
			<picture>https://ukrpodarok.com.ua/images/152109_0.jpg</picture>
			<vendor>CG</vendor>
			<name>Игрушечный сейф-копилка UFT Cashbox музыкальный с электронным купюроприемником</name>
			<barcode>4820176272058</barcode>
			<stock_quantity>0</stock_quantity>
			<description>
				<![CDATA[<p>Копилка &laquo;Электронный сейф&raquo; &ndash; необычная игрушка для детей, которая учит их копить деньги. Детский сейф хранит не только купюры, но и монеты всех номиналов.<br />Копилка-сейф оснащена электронным механизмом, который принимает купюры как терминал или банкомат.<br />Как и настоящий сейф, он имеет кодовый замок. Без правильного пароля копилка-сейф не откроется.</p>  <p>&laquo;Электронный сейф&raquo; оснащен самой настоящей системой безопасности: незакрытая дверца пищит, напоминая о себе. Если вы или ребенок, которому подарили такую копилку, позабыли код, а купюры достать необходимо, можете воспользоваться простым приемом взлома. Для этого достаточно вынуть батарейки &mdash; это восстановит заводской код &laquo;0000&raquo;. Поэтому смело дарите копилку-сейф и взрослым, и детям, которых хотите приучить к бережливости.</p>  <p>В корпус сейфа вмонтирован светодиод синего цвета, имитирующий УФ детектор подлинности банкнот.</p>  <strong>Как поменять пароль на сейфе:</strong>    Ввести&nbsp;код&nbsp;"0000" (загорится зеленый светодиод - значит&nbsp;электронный замок сейфа&nbsp;открыт);  Открыть дверцу сейфа;  Зажать и не отпускать кнопку "*" (начнут мигать зеленый и красный светодиоды);  Не отпуская кнопку "*" ввести новый пароль состоящий из 4-х цифр;  Не отпуская кнопку "*" нажать кнопку "#" (перестанут мигать зеленый и красный светодиоды).    <p><strong>Готово!</strong>&nbsp;Новый пароль введен в память сейфа.</p>  <p><strong>Сброс пароля.&nbsp;</strong>Для сброса пароля до предустановленного заводского (0000) следует извлечь батарейки и вставить их снова (пароль будет сброшен до "0000").</p>  <p><strong>Музыкальный режим</strong>. Для включения музыкального режима следует нажать кнопку "#".&nbsp;Теперь, нажимая&nbsp;кнопки&nbsp;с цифрами, Вы сможете проигрывать различные предустановленные мелодии. Выход из музыкального режима производится путем&nbsp;повторного нажатия&nbsp;кнопки&nbsp;"#".&nbsp;</p>]]>
			</description>
			<param name="Материал"><![CDATA[Пластик]]></param>
			<param name="Тематика"><![CDATA[Предметы]]></param>
			<param name="Высота"><![CDATA[19 см]]></param>
			<param name="Размеры"><![CDATA[19 х 13 х 12 см]]></param>
			<param name="Количество предметов, шт"><![CDATA[1]]></param>
			<param name="Цвет"><![CDATA[Зеленый]]></param>
			<param name="Особенности"><![CDATA[Для купюр;Со звуком;Электронная;]]></param>
			<param name="Страна регистрации бренда"><![CDATA[Украина]]></param>
			<param name="Гарантая"><![CDATA[14 дней]]></param>
			<param name="Гарантия"><![CDATA[6 месяцев]]></param>
			<param name="Наличие"><![CDATA[нет]]></param>
			<param name="штрихкод"><![CDATA[4820176272058]]></param>
		</offer>
		<offer id="Eggshellgreen" available="true">
			<url>https://ukrpodarok.com.ua/igrushka-elektronnii-pitomets-tamagochi-v-yaitse-dinozavra-eggshell-game-green.html</url>
			<price>299</price>
			<price_old>320</price_old>
			<currencyId>UAH</currencyId>
			<categoryId>1558</categoryId>
			<picture>https://ukrpodarok.com.ua/images/152099_0.jpg</picture>
			<picture>https://ukrpodarok.com.ua/images/152099_99903.jpg</picture>
			<picture>https://ukrpodarok.com.ua/images/152099_99904.jpg</picture>
			<vendor>UFT</vendor>
			<name>Игрушка электронный питомец Тамагочи в Яйце Динозавра Eggshell Game Green</name>
			<barcode>4820176252606</barcode>
			<stock_quantity>50</stock_quantity>
			<description>
				<![CDATA[<strong>Тамагочи</strong> - это электронная игрушка из нашего детства... в виде яйца с жидкокристаллическим дисплеем и кнопками. Смысл игры состоит в том, чтобы выбрать одно из 49 животных, дать ему имя и ухаживать за ним, оказывать виртуальную помощь. Его нужно кормить, поить, играть с ним и т.д., чтобы он мог виртуально жить и стать взрослым. Если малыш окружит животного надлежащим уходом, то он увидит, как его питомец растёт каждый день, становясь все больше и красивей. Голодные, неухоженные Тамагочи становятся несчастными и начинают болеть, если вовремя не принять меры...]]>
			</description>
			<param name="Вид"><![CDATA[Тамагочи]]></param>
			<param name="Производитель"><![CDATA[UFT]]></param>
			<param name="Цвет"><![CDATA[Зеленый]]></param>
			<param name="Возраст"><![CDATA[2 года;3 года;4 года;5 лет;8 лет;]]></param>
			<param name="Размер,см"><![CDATA[6х 5х 2]]></param>
			<param name="Особенности"><![CDATA[Учебные;Музыкальные;]]></param>
			<param name="Гарантия"><![CDATA[14 дней]]></param>
			<param name="Наличие"><![CDATA[есть]]></param>
			<param name="вес в упаковке кг"><![CDATA[0.3]]></param>
			<param name="высота в упаковке см"><![CDATA[10]]></param>
			<param name="глубина в упаковке см"><![CDATA[8]]></param>
			<param name="ширина в упаковке см"><![CDATA[8]]></param>
			<param name="количество грузовых мест"><![CDATA[1]]></param>
			<param name="штрихкод"><![CDATA[4820176252606]]></param>
		</offer>
		<offer id="EggshellPink" available="true">
			<url>https://ukrpodarok.com.ua/igrushka-elektronnii-pitomets-tamagochi-v-yaitse-dinozavra-eggshell-game-pink.html</url>
			<price>265</price>
			<price_old>299</price_old>
			<currencyId>UAH</currencyId>
			<categoryId>1558</categoryId>
			<picture>https://ukrpodarok.com.ua/images/52487_0.jpg</picture>
			<picture>https://ukrpodarok.com.ua/images/52487_27176.jpg</picture>
			<picture>https://ukrpodarok.com.ua/images/52487_27174.jpg</picture>
			<picture>https://ukrpodarok.com.ua/images/52487_27175.jpg</picture>
			<vendor>UFT</vendor>
			<name>Игрушка электронный питомец Тамагочи в Яйце Динозавра Eggshell Game Pink</name>
			<barcode>4820176250292</barcode>
			<stock_quantity>50</stock_quantity>
			<description>
				<![CDATA[<p><strong>Тамагочи</strong>&nbsp;- это электронная игрушка из нашего детства... в виде яйца с жидкокристаллическим дисплеем и кнопками. Смысл игры состоит в том, чтобы выбрать одно из 49 животных, дать ему имя и ухаживать за ним, оказывать виртуальную помощь.&nbsp;Его нужно кормить, поить, играть с ним и т.д., чтобы он мог виртуально жить и стать взрослым. Если малыш окружит животного надлежащим уходом, то он увидит, как его питомец растёт каждый день, становясь все больше и красивей. Голодные, неухоженные Тамагочи становятся несчастными и начинают болеть, если вовремя не принять меры...<br /><strong><br /><br /></strong></p>]]>
			</description>
			<param name="Вид"><![CDATA[Тамагочи]]></param>
			<param name="Производитель"><![CDATA[UFT]]></param>
			<param name="Цвет"><![CDATA[Розовый]]></param>
			<param name="Возраст"><![CDATA[2 года;3 года;4 года;5 лет;8 лет;]]></param>
			<param name="Размер,см"><![CDATA[6х 5х 2]]></param>
			<param name="Особенности"><![CDATA[Учебные;Музыкальные;]]></param>
			<param name="Гарантия"><![CDATA[14 дней]]></param>
			<param name="Наличие"><![CDATA[есть]]></param>
			<param name="вес в упаковке кг"><![CDATA[0.3]]></param>
			<param name="высота в упаковке см"><![CDATA[10]]></param>
			<param name="глубина в упаковке см"><![CDATA[7]]></param>
			<param name="ширина в упаковке см"><![CDATA[7]]></param>
			<param name="количество грузовых мест"><![CDATA[1]]></param>
			<param name="штрихкод"><![CDATA[4820176250292]]></param>
		</offer>
		<offer id="EggshellPurple" available="true">
			<url>https://ukrpodarok.com.ua/igrushka-elektronnii-pitomets-tamagochi-v-yaitse-dinozavra-eggshell-game-purple.html</url>
			<price>265</price>
			<price_old>299</price_old>
			<currencyId>UAH</currencyId>
			<categoryId>1558</categoryId>
			<picture>https://ukrpodarok.com.ua/images/52489_0.jpg</picture>
			<picture>https://ukrpodarok.com.ua/images/52489_27180.jpg</picture>
			<vendor>UFT</vendor>
			<name>Игрушка электронный питомец Тамагочи в Яйце Динозавра Eggshell Game Purple</name>
			<barcode>4820176250285</barcode>
			<stock_quantity>50</stock_quantity>
			<description>
				<![CDATA[<p><strong>Тамагочи</strong>&nbsp;- это электронная игрушка из нашего детства... в виде яйца с жидкокристаллическим дисплеем и кнопками.<br /> Смысл игры состоит в том, чтобы выбрать животных, дать ему имя и ухаживать за ним, оказывать виртуальную помощь.&nbsp;Его нужно кормить, поить, играть с ним и т.д., чтобы он мог виртуально жить и стать взрослым.<br /> Если малыш окружит животного надлежащим уходом, то он увидит, как его питомец растёт каждый день, становясь все больше и красивей. Голодные, неухоженные Тамагочи становятся несчастными и начинают болеть, если вовремя не принять меры...<br /><strong><br /><br /></strong></p>]]>
			</description>
			<param name="Вид"><![CDATA[Тамагочи]]></param>
			<param name="Производитель"><![CDATA[UFT]]></param>
			<param name="Цвет"><![CDATA[Фиолетовый]]></param>
			<param name="Возраст"><![CDATA[2 года;3 года;4 года;5 лет;8 лет;]]></param>
			<param name="Размер,см"><![CDATA[6х 5х 2]]></param>
			<param name="Особенности"><![CDATA[Учебные;Музыкальные;]]></param>
			<param name="Гарантия"><![CDATA[14 дней]]></param>
			<param name="Наличие"><![CDATA[есть]]></param>
			<param name="вес в упаковке кг"><![CDATA[0.3]]></param>
			<param name="высота в упаковке см"><![CDATA[10]]></param>
			<param name="глубина в упаковке см"><![CDATA[6]]></param>
			<param name="ширина в упаковке см"><![CDATA[19]]></param>
			<param name="количество грузовых мест"><![CDATA[1]]></param>
			<param name="штрихкод"><![CDATA[4820176250285]]></param>
		</offer>
		<offer id="EggshellWhite" available="true">
			<url>https://ukrpodarok.com.ua/igrushka-elektronnii-pitomets-tamagochi-v-yaitse-dinozavra-eggshell-game-white.html</url>
			<price>259</price>
			<price_old>299</price_old>
			<currencyId>UAH</currencyId>
			<categoryId>1558</categoryId>
			<picture>https://ukrpodarok.com.ua/images/52488_0.jpg</picture>
			<picture>https://ukrpodarok.com.ua/images/52488_27179.jpg</picture>
			<picture>https://ukrpodarok.com.ua/images/52488_27177.jpg</picture>
			<picture>https://ukrpodarok.com.ua/images/52488_27178.jpg</picture>
			<vendor>UFT</vendor>
			<name>Игрушка электронный питомец Тамагочи в Яйце Динозавра Eggshell Game White</name>
			<barcode>4820176250278</barcode>
			<stock_quantity>60</stock_quantity>
			<description>
				<![CDATA[<p><strong>Тамагочи</strong>&nbsp;- это электронная игрушка из нашего детства... в виде яйца с жидкокристаллическим дисплеем и кнопками. Смысл игры состоит в том, чтобы выбрать одно из 49 животных, дать ему имя и ухаживать за ним, оказывать виртуальную помощь.&nbsp;Его нужно кормить, поить, играть с ним и т.д., чтобы он мог виртуально жить и стать взрослым. Если малыш окружит животного надлежащим уходом, то он увидит, как его питомец растёт каждый день, становясь все больше и красивей. Голодные, неухоженные Тамагочи становятся несчастными и начинают болеть, если вовремя не принять меры...<br /><br /><br /></p>]]>
			</description>
			<param name="Вид"><![CDATA[Тамагочи]]></param>
			<param name="Производитель"><![CDATA[UFT]]></param>
			<param name="Цвет"><![CDATA[Белый]]></param>
			<param name="Возраст"><![CDATA[2 года;3 года;4 года;5 лет;8 лет;]]></param>
			<param name="Размер,см"><![CDATA[6х 5х 2]]></param>
			<param name="Особенности"><![CDATA[Учебные;Музыкальные;]]></param>
			<param name="Гарантия"><![CDATA[14 дней]]></param>
			<param name="Наличие"><![CDATA[есть]]></param>
			<param name="вес в упаковке кг"><![CDATA[0.3]]></param>
			<param name="высота в упаковке см"><![CDATA[10]]></param>
			<param name="глубина в упаковке см"><![CDATA[10]]></param>
			<param name="ширина в упаковке см"><![CDATA[10]]></param>
			<param name="количество грузовых мест"><![CDATA[1]]></param>
			<param name="штрихкод"><![CDATA[4820176250278]]></param>
		</offer>
		<offer id="EggshellBlue" available="true">
			<url>https://ukrpodarok.com.ua/igrushka-elektronnii-pitomets-tamagochi-v-yaitse-dinozavra-uft-eggshell-game-blue.html</url>
			<price>279</price>
			<price_old>322</price_old>
			<currencyId>UAH</currencyId>
			<categoryId>1558</categoryId>
			<picture>https://ukrpodarok.com.ua/images/52486_0.jpg</picture>
			<picture>https://ukrpodarok.com.ua/images/52486_0.jpg</picture>
			<picture>https://ukrpodarok.com.ua/images/52486_0.jpg</picture>
			<picture>https://ukrpodarok.com.ua/images/52486_27170.jpg</picture>
			<picture>https://ukrpodarok.com.ua/images/52486_27171.jpg</picture>
			<picture>https://ukrpodarok.com.ua/images/52486_27172.jpg</picture>
			<picture>https://ukrpodarok.com.ua/images/52486_0.jpg</picture>
			<picture>https://ukrpodarok.com.ua/images/52486_27173.jpg</picture>
			<vendor>UFT</vendor>
			<name>Игрушка электронный питомец Тамагочи в Яйце Динозавра UFT Eggshell Game Blue</name>
			<barcode>4820176250308</barcode>
			<stock_quantity>50</stock_quantity>
			<description>
				<![CDATA[<p><strong>Тамагочи</strong>&nbsp;- это электронная игрушка из нашего детства... в виде яйца с жидкокристаллическим дисплеем и кнопками. Смысл игры состоит в том, чтобы выбрать одно из 49 животных, дать ему имя и ухаживать за ним, оказывать виртуальную помощь.&nbsp;Его нужно кормить, поить, играть с ним и т.д., чтобы он мог виртуально жить и стать взрослым. Если малыш окружит животного надлежащим уходом, то он увидит, как его питомец растёт каждый день, становясь все больше и красивей. Голодные, неухоженные Тамагочи становятся несчастными и начинают болеть, если вовремя не принять меры...<br /><br /><strong><br /><br /></strong></p>]]>
			</description>
			<param name="Вид"><![CDATA[Тамагочи]]></param>
			<param name="Производитель"><![CDATA[UFT]]></param>
			<param name="Цвет"><![CDATA[Синий]]></param>
			<param name="Возраст"><![CDATA[2 года;3 года;4 года;5 лет;8 лет;]]></param>
			<param name="Размер,см"><![CDATA[6х 5х 2]]></param>
			<param name="Особенности"><![CDATA[Учебные;Музыкальные;]]></param>
			<param name="Гарантия"><![CDATA[14 дней]]></param>
			<param name="Наличие"><![CDATA[есть]]></param>
			<param name="вес в упаковке кг"><![CDATA[0.3]]></param>
			<param name="высота в упаковке см"><![CDATA[10]]></param>
			<param name="глубина в упаковке см"><![CDATA[8]]></param>
			<param name="ширина в упаковке см"><![CDATA[8]]></param>
			<param name="количество грузовых мест"><![CDATA[1]]></param>
			<param name="штрихкод"><![CDATA[4820176250308]]></param>
		</offer>
		<offer id="UFTCatToy1" available="true">
			<url>https://ukrpodarok.com.ua/interaktivnaya-igrushka-dlya-koshek-i-malenkih-sobak-umnii-myach-uft-cattoy-1-blue.html</url>
			<price>344</price>
			<price_old>399</price_old>
			<currencyId>UAH</currencyId>
			<categoryId>152447</categoryId>
			<picture>https://ukrpodarok.com.ua/images/152446_0.jpg</picture>
			<picture>https://ukrpodarok.com.ua/images/152446_101203.jpg</picture>
			<picture>https://ukrpodarok.com.ua/images/152446_101204.jpg</picture>
			<picture>https://ukrpodarok.com.ua/images/152446_101205.jpg</picture>
			<picture>https://ukrpodarok.com.ua/images/152446_101206.jpg</picture>
			<picture>https://ukrpodarok.com.ua/images/152446_101207.jpg</picture>
			<vendor>UFT</vendor>
			<name>Интерактивная игрушка для кошек и маленьких собак умный мяч UFT CatToy 1 Blue</name>
			<barcode>8000000011626</barcode>
			<stock_quantity>50</stock_quantity>
			<description>
				<![CDATA[<p>UFT CatToy 1 &ndash; интерактивная игра для кошек которая имитирует побег и побуждает к охоте.<br /><br />После включения умный мячик начинает катиться, время от времени меняя направление.<br /><br />С такой игрушкой ваш котик точно не загрустит, ведь маршрут мяча не предсказуем и каждый раз игра будет ощущаться по новому.<br /><br />Шар изготовлен из качественного АБС пластика и имеет силиконовое покрытие, благодаря чему его движение почти бесшумно и не будет мешать вам даже ночью.<br /><br />Корпус достаточно прочный, чтобы выдержать падение, удары при столкновении о предметы, а также против кошачьих укусов.<br /><br />Вращающийся мяч имеет встроенный аккумулятор который заряжается по USB. Для доступа к зарядке достаточно открыть силиконовую крышку. Вокруг кнопки включения есть индикатор заряда.<br /><br />Диаметр мяча 4,2 см.<br /><br /><br /><br />]]>
			</description>
			<param name="Тип"><![CDATA[Мячи]]></param>
			<param name="Назначение"><![CDATA[Для котов]]></param>
			<param name="Материал"><![CDATA[Силикон;Резина;]]></param>
			<param name="Цвет"><![CDATA[Голубой]]></param>
			<param name="Гарантия"><![CDATA[14 дней]]></param>
			<param name="Наличие"><![CDATA[есть]]></param>
			<param name="вес в упаковке кг"><![CDATA[0.3]]></param>
			<param name="высота в упаковке см"><![CDATA[10]]></param>
			<param name="глубина в упаковке см"><![CDATA[10]]></param>
			<param name="ширина в упаковке см"><![CDATA[10]]></param>
			<param name="количество грузовых мест"><![CDATA[1]]></param>
			<param name="штрихкод"><![CDATA[8000000011626]]></param>
		</offer>
		<offer id="CatToy1Pink" available="true">
			<url>https://ukrpodarok.com.ua/interaktivnaya-igrushka-dlya-koshek-i-malenkih-sobak-umnii-myach-uft-cattoy-1-pink.html</url>
			<price>344</price>
			<price_old>399</price_old>
			<currencyId>UAH</currencyId>
			<categoryId>152447</categoryId>
			<picture>https://ukrpodarok.com.ua/images/152463_0.jpg</picture>
			<picture>https://ukrpodarok.com.ua/images/152463_101272.jpg</picture>
			<picture>https://ukrpodarok.com.ua/images/152463_101273.jpg</picture>
			<picture>https://ukrpodarok.com.ua/images/152463_101274.jpg</picture>
			<picture>https://ukrpodarok.com.ua/images/152463_101275.jpg</picture>
			<picture>https://ukrpodarok.com.ua/images/152463_101276.jpg</picture>
			<vendor>UFT</vendor>
			<name>Интерактивная игрушка для кошек и маленьких собак умный мяч UFT CatToy 1 Pink</name>
			<barcode>4820176282019</barcode>
			<stock_quantity>50</stock_quantity>
			<description>
				<![CDATA[UFT CatToy 1 – интерактивная игра для кошек которая имитирует побег и побуждает к охоте.<br /><br />После включения умный мячик начинает катиться, время от времени меняя направление.<br /><br />С такой игрушкой ваш котик точно не загрустит, ведь маршрут мяча не предсказуем и каждый раз игра будет ощущаться по новому.<br /><br />Шар изготовлен из качественного АБС пластика и имеет силиконовое покрытие, благодаря чему его движение почти бесшумно и не будет мешать вам даже ночью.<br /><br />Корпус достаточно прочный, чтобы выдержать падение, удары при столкновении о предметы, а также против кошачьих укусов.<br /><br />Вращающийся мяч имеет встроенный аккумулятор который заряжается по USB. Для доступа к зарядке достаточно открыть силиконовую крышку. Вокруг кнопки включения есть индикатор заряда.<br /><br />Диаметр мяча 4,2 см.<br /><br /><br /><br />]]>
			</description>
			<param name="Тип"><![CDATA[Мячи]]></param>
			<param name="Назначение"><![CDATA[Для котов]]></param>
			<param name="Материал"><![CDATA[Силикон;Резина;]]></param>
			<param name="Цвет"><![CDATA[Розовый]]></param>
			<param name="Гарантия"><![CDATA[14 дней]]></param>
			<param name="Наличие"><![CDATA[есть]]></param>
			<param name="вес в упаковке кг"><![CDATA[0.2]]></param>
			<param name="высота в упаковке см"><![CDATA[6]]></param>
			<param name="глубина в упаковке см"><![CDATA[6]]></param>
			<param name="ширина в упаковке см"><![CDATA[6]]></param>
			<param name="количество грузовых мест"><![CDATA[1]]></param>
			<param name="штрихкод"><![CDATA[4820176282019]]></param>
		</offer>
		<offer id="TSC4" available="true">
			<url>https://ukrpodarok.com.ua/kabel-type-c-to-lightning-20vt-1-2m-vokamo-sc4-seriya-luxlink.html</url>
			<price>1125</price>
			<price_old>1170</price_old>
			<currencyId>UAH</currencyId>
			<categoryId>52588</categoryId>
			<picture>https://ukrpodarok.com.ua/images/152476_0.jpg</picture>
			<picture>https://ukrpodarok.com.ua/images/152476_101352.jpg</picture>
			<picture>https://ukrpodarok.com.ua/images/152476_101353.jpg</picture>
			<picture>https://ukrpodarok.com.ua/images/152476_101354.jpg</picture>
			<picture>https://ukrpodarok.com.ua/images/152476_101355.jpg</picture>
			<picture>https://ukrpodarok.com.ua/images/152476_101356.jpg</picture>
			<picture>https://ukrpodarok.com.ua/images/152476_101357.jpg</picture>
			<vendor>VOKAMO</vendor>
			<name>Кабель Type-C to Lightning 20Вт, 1.2м VOKAMO SC4 серия Luxlink</name>
			<barcode>4820176281944</barcode>
			<stock_quantity>20</stock_quantity>
			<description>
				<![CDATA[<p>SC4 - кабель для быстрой зарядки ваших&nbsp;Apple устройств.<br />Серия Luxlink это невероятно качественные и крепкие кабеля, которые прослужат максимально долго благодаря алюминиевому корпусу конектору, прочной нейлоновой оплетке, а место сгибания, которе ламается чаще всего, усилено жесткими силиконовыми вставками и выдерживает до 12000 сгибаний.<br /><br /><br />Особенности:</p>  <p>1. Он использует процесс анодирования в сочетании с высокопрочным двухцветным нейлоновым плетением, что является простым и модным и дополнительно повышает износостойкость.</p>  <p>2. Легкая конструкция корпуса кабеля&nbsp;позволяет легко&nbsp;отключить при использовании, избежать запутывания и более удобно хранить.</p>  <p>3. Подключите устройства с выходной мощностью 20 Вт или более к протоколу PD и заряжайте до 50% мощности за 30 минут.<br /><br /><br />]]>
			</description>
			<param name="Серия"><![CDATA[Luxlink]]></param>
			<param name="Тип коннектора 1"><![CDATA[USB Type-C]]></param>
			<param name="Тип коннектора 2"><![CDATA[Apple Lightning]]></param>
			<param name="Длина"><![CDATA[1.2 м]]></param>
			<param name="Цвет"><![CDATA[Серебристый]]></param>
			<param name="Тип"><![CDATA[Дата-кабели]]></param>
			<param name="Назначение"><![CDATA[Для iPad;Для iPhone;]]></param>
			<param name="Совместимость"><![CDATA[Apple]]></param>
			<param name="Особенности"><![CDATA[С быстрой зарядкой;Тканевая оплетка;]]></param>
			<param name="Количество в упаковке, шт"><![CDATA[1]]></param>
			<param name="Страна регистрации бренда"><![CDATA[Китай]]></param>
			<param name="Гарантия"><![CDATA[14 дней]]></param>
			<param name="Комплектация"><![CDATA[Кабель]]></param>
			<param name="Вид разъема"><![CDATA[M/M (вилка/вилка)]]></param>
			<param name="Наличие"><![CDATA[есть]]></param>
			<param name="вес в упаковке кг"><![CDATA[0.2]]></param>
			<param name="высота в упаковке см"><![CDATA[10]]></param>
			<param name="глубина в упаковке см"><![CDATA[4]]></param>
			<param name="ширина в упаковке см"><![CDATA[4]]></param>
			<param name="количество грузовых мест"><![CDATA[1]]></param>
			<param name="штрихкод"><![CDATA[4820176281944]]></param>
		</offer>
		<offer id="TSC3" available="true">
			<url>https://ukrpodarok.com.ua/kabel-type-c-to-type-c-100vt-5a-1-2m-vokamo-sc3-seriya-luxlink.html</url>
			<price>899</price>
			<price_old>944</price_old>
			<currencyId>UAH</currencyId>
			<categoryId>52588</categoryId>
			<picture>https://ukrpodarok.com.ua/images/152475_0.jpg</picture>
			<picture>https://ukrpodarok.com.ua/images/152475_101343.jpg</picture>
			<picture>https://ukrpodarok.com.ua/images/152475_101344.jpg</picture>
			<picture>https://ukrpodarok.com.ua/images/152475_101345.jpg</picture>
			<picture>https://ukrpodarok.com.ua/images/152475_101346.jpg</picture>
			<picture>https://ukrpodarok.com.ua/images/152475_101347.jpg</picture>
			<picture>https://ukrpodarok.com.ua/images/152475_101348.jpg</picture>
			<picture>https://ukrpodarok.com.ua/images/152475_101349.jpg</picture>
			<picture>https://ukrpodarok.com.ua/images/152475_101350.jpg</picture>
			<picture>https://ukrpodarok.com.ua/images/152475_101351.jpg</picture>
			<vendor>VOKAMO</vendor>
			<name>Кабель Type-C to Type-C 100Вт 5А, 1.2м VOKAMO SC3 серия Luxlink</name>
			<barcode>8000000010438</barcode>
			<stock_quantity>50</stock_quantity>
			<description>
				<![CDATA[<p>SC3 - кабель для быстрой зарядки и передачи данных для ваших устройств с интерфейсом Type-C.<br />Серия Luxlink это невероятно качественные и крепкие кабеля, которые прослужат максимально долго благодаря алюминиевому корпусу конектору, прочной нейлоновой оплетке, а место сгибания, которе ламается чаще всего, усилено жесткими силиконовыми вставками и выдерживает до 12000 сгибаний.<br /><br /></p>  <p>1. Обработано по технологии анодирования и оплетено высокопрочным двухцветным нейлоном, который выглядит стильно и гораздо более износостойкий.</p>  <p>2. Усиленный кевларом сердечник, высокая прочность и утолщенная сетчатая конструкция делают кабель сверхпрочным.</p>  <p>3. Поддержка протокола быстрой зарядки PD, выходная мощность до 100 Вт (20 В/5 А).</p>  <p>4. Для удобства организации в комплект входит многоразовая силиконовая стяжка для кабеля.<br /><br /><br /></p>  <p>]]>
			</description>
			<param name="Серия"><![CDATA[Luxlink]]></param>
			<param name="Тип коннектора 1"><![CDATA[USB Type-C]]></param>
			<param name="Тип коннектора 2"><![CDATA[USB Type C]]></param>
			<param name="Длина"><![CDATA[1.2 м]]></param>
			<param name="Цвет"><![CDATA[Серебристый]]></param>
			<param name="Тип"><![CDATA[Дата-кабели]]></param>
			<param name="Особенности"><![CDATA[С быстрой зарядкой;Тканевая оплетка]]></param>
			<param name="Количество в упаковке, шт"><![CDATA[1]]></param>
			<param name="Страна регистрации бренда"><![CDATA[Китай]]></param>
			<param name="Гарантия"><![CDATA[1 месяц]]></param>
			<param name="Комплектация"><![CDATA[Кабель]]></param>
			<param name="Вид разъема"><![CDATA[M/M (вилка/вилка)]]></param>
			<param name="Наличие"><![CDATA[есть]]></param>
			<param name="вес в упаковке кг"><![CDATA[0.2]]></param>
			<param name="высота в упаковке см"><![CDATA[10]]></param>
			<param name="глубина в упаковке см"><![CDATA[4]]></param>
			<param name="ширина в упаковке см"><![CDATA[10]]></param>
			<param name="количество грузовых мест"><![CDATA[1]]></param>
			<param name="штрихкод"><![CDATA[8000000010438]]></param>
		</offer>
		<offer id="TSC5" available="true">
			<url>https://ukrpodarok.com.ua/kabel-usb-2-0-to-type-c-5a-1-2m-vokamo-sc5-seriya-luxlink.html</url>
			<price>644</price>
			<price_old>699</price_old>
			<currencyId>UAH</currencyId>
			<categoryId>52588</categoryId>
			<picture>https://ukrpodarok.com.ua/images/152477_0.jpg</picture>
			<picture>https://ukrpodarok.com.ua/images/152477_101358.jpg</picture>
			<picture>https://ukrpodarok.com.ua/images/152477_101359.jpg</picture>
			<picture>https://ukrpodarok.com.ua/images/152477_101360.jpg</picture>
			<picture>https://ukrpodarok.com.ua/images/152477_101361.jpg</picture>
			<picture>https://ukrpodarok.com.ua/images/152477_101362.jpg</picture>
			<picture>https://ukrpodarok.com.ua/images/152477_101363.jpg</picture>
			<picture>https://ukrpodarok.com.ua/images/152477_101364.jpg</picture>
			<picture>https://ukrpodarok.com.ua/images/152477_101365.jpg</picture>
			<vendor>VOKAMO</vendor>
			<name>Кабель USB 2.0 to Type-C 5А, 1.2м VOKAMO SC5 серия Luxlink</name>
			<barcode>8000000010483</barcode>
			<stock_quantity>10</stock_quantity>
			<description>
				<![CDATA[<p>SC5 - кабель для быстрой зарядки и передачи данных для ваших устройств с интерфейсом Type-C.<br />Серия Luxlink это невероятно качественные и крепкие кабеля, которые прослужат максимально долго благодаря алюминиевому корпусу конектору, прочной нейлоновой оплетке, а место сгибания, которе ламается чаще всего, усилено жесткими силиконовыми вставками и выдерживает до 12000 сгибаний.<br /><br /><br />Ообенности:</p>  <p>1. Обработано по технологии анодирования и оплетено высокопрочным двухцветным нейлоном, который выглядит стильно и гораздо более износостойкий.</p>  <p>2. Усиленный кевларом сердечник, высокая прочность и утолщенная сетчатая конструкция делают кабель сверхпрочным.</p>  <p>3. Выходной ток до 5 А, USB 2.0 поддерживает скорость передачи данных до 480 Мбит/с.</p>  <p>4. Для удобства организации в комплект входит многоразовая силиконовая стяжка для кабеля.</p>  <p><br />]]>
			</description>
			<param name="Серия"><![CDATA[Luxlink]]></param>
			<param name="Тип коннектора 1"><![CDATA[USB]]></param>
			<param name="Тип коннектора 2"><![CDATA[USB Type C]]></param>
			<param name="Длина"><![CDATA[1.2 м]]></param>
			<param name="Цвет"><![CDATA[Серебристый]]></param>
			<param name="Тип"><![CDATA[Дата-кабели]]></param>
			<param name="Назначение"><![CDATA[Для планшетовДля телефонов]]></param>
			<param name="Особенности"><![CDATA[С быстрой зарядкой;Тканевая оплетка;]]></param>
			<param name="Количество в упаковке, шт"><![CDATA[1]]></param>
			<param name="Страна регистрации бренда"><![CDATA[Китай]]></param>
			<param name="Гарантия"><![CDATA[1 месяц]]></param>
			<param name="Комплектация"><![CDATA[Кабель]]></param>
			<param name="Вид разъема"><![CDATA[M/M (вилка/вилка)]]></param>
			<param name="Наличие"><![CDATA[есть]]></param>
			<param name="вес в упаковке кг"><![CDATA[0.2]]></param>
			<param name="высота в упаковке см"><![CDATA[10]]></param>
			<param name="глубина в упаковке см"><![CDATA[4]]></param>
			<param name="ширина в упаковке см"><![CDATA[4]]></param>
			<param name="количество грузовых мест"><![CDATA[1]]></param>
			<param name="штрихкод"><![CDATA[8000000010483]]></param>
		</offer>
		<offer id="UFTCM2" available="true">
			<url>https://ukrpodarok.com.ua/karmannoe-zerkalo-dlya-makiyazha-s-led-podsvetkoi-uft-cm2-8-5-h1-75-sm.html</url>
			<price>589</price>
			<price_old>699</price_old>
			<price_promo>449</price_promo>
			<currencyId>UAH</currencyId>
			<categoryId>152112</categoryId>
			<picture>https://ukrpodarok.com.ua/images/152419_0.jpg</picture>
			<picture>https://ukrpodarok.com.ua/images/152419_101041.jpg</picture>
			<picture>https://ukrpodarok.com.ua/images/152419_101040.jpg</picture>
			<picture>https://ukrpodarok.com.ua/images/152419_101039.jpg</picture>
			<picture>https://ukrpodarok.com.ua/images/152419_101042.jpg</picture>
			<picture>https://ukrpodarok.com.ua/images/152419_101043.jpg</picture>
			<vendor>UFT</vendor>
			<name>Карманное зеркало для макияжа с LED подсветкой UFT CM2 8.5 х1.75 см</name>
			<barcode>4820176254207</barcode>
			<stock_quantity>50</stock_quantity>
			<description>
				<![CDATA[Карманное зеркало с LED подсветкой CM2 имеет двухстороннее зеркало. Одно обычное, второе с трехкратным увеличением.<br />Сенсорной кнопкой можно регулировать уровень яркости.<br />Утонченный дизайн позволяет носить зеркальце с собой везде.<br />Удобное приспособление для нанесения макияжа, проведения косметических процедур в домашних условиях: маски, чистка кожи, пилинг, эпиляция участков лица, коррекция бровей.<br />Так же зеркало удобно во время процедур по замене контактных линз или бижутерии.]]>
			</description>
			<param name="Особенности"><![CDATA[С подсветкой;Двойное;;С Увеличением]]></param>
			<param name="Вид"><![CDATA[Карманное]]></param>
			<param name="Форма"><![CDATA[Круглое]]></param>
			<param name="Увеличение"><![CDATA[х3]]></param>
			<param name="Аккумулятор"><![CDATA[Встроенный]]></param>
			<param name="Размеры, см"><![CDATA[1.72х 8.5]]></param>
			<param name="Цвет"><![CDATA[Бежевый]]></param>
			<param name="Комплектация"><![CDATA[Зеркало,USB-шнур]]></param>
			<param name="Гарантия"><![CDATA[14 дней]]></param>
			<param name="Наличие"><![CDATA[есть]]></param>
			<param name="вес в упаковке кг"><![CDATA[0.3]]></param>
			<param name="высота в упаковке см"><![CDATA[9]]></param>
			<param name="глубина в упаковке см"><![CDATA[5]]></param>
			<param name="ширина в упаковке см"><![CDATA[9]]></param>
			<param name="количество грузовых мест"><![CDATA[1]]></param>
			<param name="штрихкод"><![CDATA[4820176254207]]></param>
		</offer>
		<offer id="U1lightblue" available="true">
			<url>https://ukrpodarok.com.ua/karmannii-zont-v-futlyare-kapsula-uft-u1-blue.html</url>
			<price>744</price>
			<price_old>820</price_old>
			<currencyId>UAH</currencyId>
			<categoryId>49938</categoryId>
			<picture>https://ukrpodarok.com.ua/images/152465_0.jpg</picture>
			<vendor>UFT</vendor>
			<name>Карманный зонт в футляре капсула UFT U1 Blue</name>
			<barcode>4820176271921</barcode>
			<stock_quantity>50</stock_quantity>
			<description>
				<![CDATA[<p>Umbrella&nbsp;U1 - карманный зонт который поместиться в любую суммку или барсетку. В сложеном виде всего 19 см в длину и 6 см в ширину, а вес буквально 182 грамма.</p>  <p>В комплекте с зонтиком есть футляр для хранения. Он похож на капсулу, в которой зонт удобно носить, а спицы не будут ни за что цепляться в сумке,</p>  <p><strong>Мини зонт U1&nbsp;подходит как для женщин так и для мужчин.</strong></p>]]>
			</description>
			<param name="Тип"><![CDATA[Складной]]></param>
			<param name="Механизм зонта"><![CDATA[Механические]]></param>
			<param name="Размер купола"><![CDATA[90см]]></param>
			<param name="Категория"><![CDATA[Для женщин;Для мужчин;]]></param>
			<param name="Материал"><![CDATA[МеталлТекстиль]]></param>
			<param name="Количество спиц"><![CDATA[6]]></param>
			<param name="Цвет"><![CDATA[Голубой]]></param>
			<param name="Количество сложений"><![CDATA[5]]></param>
			<param name="Особенности"><![CDATA[В футляреЗонт капсулаС чехлом]]></param>
			<param name="Материал спиц"><![CDATA[Стальные]]></param>
			<param name="Страна регистрации бренда"><![CDATA[Украина]]></param>
			<param name="Гарантия"><![CDATA[14 дней]]></param>
			<param name="Наличие"><![CDATA[есть]]></param>
			<param name="вес в упаковке кг"><![CDATA[0.3]]></param>
			<param name="высота в упаковке см"><![CDATA[14]]></param>
			<param name="глубина в упаковке см"><![CDATA[8]]></param>
			<param name="ширина в упаковке см"><![CDATA[8]]></param>
			<param name="количество грузовых мест"><![CDATA[1]]></param>
			<param name="штрихкод"><![CDATA[4820176271921]]></param>
		</offer>
		<offer id="UFTU1Pink" available="false">
			<url>https://ukrpodarok.com.ua/karmannii-zont-v-futlyare-kapsula-uft-umbrella-u1-pink-rozovii.html</url>
			<price>445</price>
			<price_old>599</price_old>
			<currencyId>UAH</currencyId>
			<categoryId>49938</categoryId>
			<picture>https://ukrpodarok.com.ua/images/152430_0.jpg</picture>
			<picture>https://ukrpodarok.com.ua/images/152430_101113.jpg</picture>
			<picture>https://ukrpodarok.com.ua/images/152430_101114.jpg</picture>
			<vendor>UFT</vendor>
			<name>Карманный зонт в футляре капсула UFT Umbrella U1 Pink розовый</name>
			<barcode>4820176271945</barcode>
			<stock_quantity>0</stock_quantity>
			<description>
				<![CDATA[Umbrella U1 - карманний зонтик, який поміститься в будь-яку сумку або барсетку. У складеному вигляді всього 19 см завдовжки і 6 см завширшки, а вага буквально 182 грамами.<br /><br />У комплекті із зонтиком є футляр для зберігання. Він схожий на капсулу, в якій зонт зручно носити, а спиці ні за що не чіплятимуться в сумці,<br /><br />Міні зонт U1 підходить як для жінок, так і для чоловіків.<br /><br />Категорія:<br /><br />Для жінок, Для чоловіків;<br /><br />Колір:<br /><br />Рожевий;<br /><br />Вид зонта:<br /><br />Складання (5 додавань);<br /><br />Механізм зонтики:<br /><br />напівавтомат;<br /><br />Довжина у складеному вигляді: 19 см;<br />Діаметр бані: 90 см;<br />Довжина спиці: 49 см;]]>
			</description>
			<param name="Тип"><![CDATA[Складной]]></param>
			<param name="Механизм зонта"><![CDATA[Механические]]></param>
			<param name="Размер купола"><![CDATA[90см]]></param>
			<param name="Категория"><![CDATA[Для женщин;Для мужчин;]]></param>
			<param name="Материал"><![CDATA[МеталлТекстиль]]></param>
			<param name="Количество спиц"><![CDATA[6]]></param>
			<param name="Цвет"><![CDATA[Розовый]]></param>
			<param name="Количество сложений"><![CDATA[5]]></param>
			<param name="Особенности"><![CDATA[В футляреЗонт капсулаС чехлом]]></param>
			<param name="Материал спиц"><![CDATA[Стальные]]></param>
			<param name="Страна регистрации бренда"><![CDATA[Украина]]></param>
			<param name="Гарантия"><![CDATA[14 дней]]></param>
			<param name="Наличие"><![CDATA[нет]]></param>
			<param name="вес в упаковке кг"><![CDATA[0.4]]></param>
			<param name="высота в упаковке см"><![CDATA[5]]></param>
			<param name="глубина в упаковке см"><![CDATA[5]]></param>
			<param name="ширина в упаковке см"><![CDATA[19]]></param>
			<param name="количество грузовых мест"><![CDATA[1]]></param>
			<param name="штрихкод"><![CDATA[4820176271945]]></param>
		</offer>
		<offer id="UFTu1" available="true">
			<url>https://ukrpodarok.com.ua/karmannii-zont-v-futlyare-kapsula-uft-umbrella-u1-red.html</url>
			<price>844</price>
			<price_old>999</price_old>
			<currencyId>UAH</currencyId>
			<categoryId>49938</categoryId>
			<picture>https://ukrpodarok.com.ua/images/151994_0.jpg</picture>
			<picture>https://ukrpodarok.com.ua/images/151994_99538.jpg</picture>
			<vendor>UFT</vendor>
			<name>Карманный зонт в футляре капсула UFT Umbrella U1 Red</name>
			<barcode>4820176253002</barcode>
			<stock_quantity>100</stock_quantity>
			<description>
				<![CDATA[<p>Umbrella&nbsp;U1 - карманный зонт который поместиться в любую суммку или барсетку. В сложеном виде всего 19 см в длину и 6 см в ширину, а вес буквально 182 грамма.</p>  <p>В комплекте с зонтиком есть футляр для хранения. Он похож на капсулу, в которой зонт удобно носить, а спицы не будут ни за что цепляться в сумке,</p>  <p><strong>Мини зонт U1&nbsp;&nbsp;подходит как для женщин так и для мужчин.<br /><br /></strong></p>  <p><strong>&nbsp;</strong></p>  <p></p>]]>
			</description>
			<param name="Тип"><![CDATA[Складной]]></param>
			<param name="Механизм зонта"><![CDATA[Механические]]></param>
			<param name="Размер купола"><![CDATA[90см]]></param>
			<param name="Категория"><![CDATA[Для женщин;Для мужчин;]]></param>
			<param name="Материал"><![CDATA[МеталлТекстиль]]></param>
			<param name="Количество спиц"><![CDATA[6]]></param>
			<param name="Цвет"><![CDATA[Красный]]></param>
			<param name="Количество сложений"><![CDATA[5]]></param>
			<param name="Особенности"><![CDATA[В футляреЗонт капсулаС чехлом]]></param>
			<param name="Материал спиц"><![CDATA[Стальные]]></param>
			<param name="Страна регистрации бренда"><![CDATA[Украина]]></param>
			<param name="Гарантия"><![CDATA[14 дней]]></param>
			<param name="Наличие"><![CDATA[есть]]></param>
			<param name="вес в упаковке кг"><![CDATA[0.4]]></param>
			<param name="высота в упаковке см"><![CDATA[6]]></param>
			<param name="глубина в упаковке см"><![CDATA[6]]></param>
			<param name="ширина в упаковке см"><![CDATA[18]]></param>
			<param name="количество грузовых мест"><![CDATA[1]]></param>
			<param name="штрихкод"><![CDATA[4820176253002]]></param>
		</offer>
		<offer id="CGU1blue" available="false">
			<url>https://ukrpodarok.com.ua/karmannii-zont-v-futlyare-kapsula-uft-sinii.html</url>
			<price>499</price>
			<price_old>544</price_old>
			<currencyId>UAH</currencyId>
			<categoryId>49938</categoryId>
			<picture>https://ukrpodarok.com.ua/images/152440_0.jpg</picture>
			<picture>https://ukrpodarok.com.ua/images/152440_101184.jpg</picture>
			<vendor>UFT</vendor>
			<name>Карманный зонт в футляре капсула UFT Синий</name>
			<barcode>4820176271921</barcode>
			<stock_quantity>0</stock_quantity>
			<description>
				<![CDATA[<p>Umbrella&nbsp;U1 - карманный зонт который поместиться в любую суммку или барсетку. В сложеном виде всего 19 см в длину и 6 см в ширину, а вес буквально 182 грамма.</p>  <p>В комплекте с зонтиком есть футляр для хранения. Он похож на капсулу, в которой зонт удобно носить, а спицы не будут ни за что цепляться в сумке,</p>  <p><strong>Мини зонт U1&nbsp;подходит как для женщин так и для мужчин.</strong></p>]]>
			</description>
			<param name="Тип"><![CDATA[Складной]]></param>
			<param name="Механизм зонта"><![CDATA[Механические]]></param>
			<param name="Размер купола"><![CDATA[90см]]></param>
			<param name="Категория"><![CDATA[Для женщин;Для мужчин;]]></param>
			<param name="Материал"><![CDATA[МеталлТекстиль]]></param>
			<param name="Количество спиц"><![CDATA[6]]></param>
			<param name="Цвет"><![CDATA[Синий]]></param>
			<param name="Количество сложений"><![CDATA[5]]></param>
			<param name="Особенности"><![CDATA[В футляреЗонт капсулаС чехлом]]></param>
			<param name="Материал спиц"><![CDATA[Стальные]]></param>
			<param name="Страна регистрации бренда"><![CDATA[Украина]]></param>
			<param name="Гарантия"><![CDATA[14 дней]]></param>
			<param name="Наличие"><![CDATA[нет]]></param>
			<param name="вес в упаковке кг"><![CDATA[0.5]]></param>
			<param name="высота в упаковке см"><![CDATA[19]]></param>
			<param name="глубина в упаковке см"><![CDATA[6]]></param>
			<param name="ширина в упаковке см"><![CDATA[6]]></param>
			<param name="количество грузовых мест"><![CDATA[1]]></param>
			<param name="штрихкод"><![CDATA[4820176271921]]></param>
		</offer>
		<offer id="CGU1Black" available="false">
			<url>https://ukrpodarok.com.ua/karmannii-zont-v-futlyare-kapsula-umbrella-capsule-cg-u1-black.html</url>
			<price>305</price>
			<price_old>405</price_old>
			<currencyId>UAH</currencyId>
			<categoryId>49938</categoryId>
			<picture>https://ukrpodarok.com.ua/images/151462_0.jpg</picture>
			<picture>https://ukrpodarok.com.ua/images/52837_69332.jpg</picture>
			<picture>https://ukrpodarok.com.ua/images/52837_69331.jpg</picture>
			<picture>https://ukrpodarok.com.ua/images/151462_99872.jpg</picture>
			<vendor>CG</vendor>
			<name>Карманный зонт в футляре капсула Umbrella Capsule CG U1 Black</name>
			<barcode></barcode>
			<stock_quantity>0</stock_quantity>
			<description>
				<![CDATA[<p><strong>CG Umbrella&nbsp;U1</strong> - карманный зонт который поместиться в любую суммку или барсетку. В сложеном виде всего 19 см в длину и 6 см в ширину, а вес буквально&nbsp;260&nbsp;грамм.</p>  <p>В комплекте с зонтиком есть футляр для хранения. Он похож на капсулу, в которой зонт удобно носить, а спицы не будут ни за что цепляться в сумке.<br />Отличный вариант для подарка.</p>  <strong>Мини зонт U1&nbsp;&nbsp;подходит как для женщин так и для мужчин.<br /><br /></strong><br /><br />]]>
			</description>
			<param name="Вид зонта"><![CDATA[Складной (5 сложений)]]></param>
			<param name="Механизм зонта"><![CDATA[Механические]]></param>
			<param name="Категория"><![CDATA[Для женщин]]></param>
			<param name="Материал"><![CDATA[Полиэстер]]></param>
			<param name="Цвет"><![CDATA[Черный]]></param>
			<param name="Количество спиц"><![CDATA[6]]></param>
			<param name="Гарантия"><![CDATA[6 месяцев]]></param>
			<param name="Наличие"><![CDATA[нет]]></param>
		</offer>
		<offer id="uftwaterspeakers" available="false">
			<url>https://ukrpodarok.com.ua/kolonki-uft-dancing-water-speakers-kompyuternie-s-fontanchikom-s-podsvetkoi-k-pk.html</url>
			<price>799</price>
			<price_old>999</price_old>
			<currencyId>UAH</currencyId>
			<categoryId>152101</categoryId>
			<picture>https://ukrpodarok.com.ua/images/150790_0.jpg</picture>
			<picture>https://ukrpodarok.com.ua/images/42283_2310.jpg</picture>
			<picture>https://ukrpodarok.com.ua/images/150790_101096.jpg</picture>
			<picture>https://ukrpodarok.com.ua/images/150790_101097.jpg</picture>
			<picture>https://ukrpodarok.com.ua/images/150790_101098.jpg</picture>
			<picture>https://ukrpodarok.com.ua/images/150790_101099.jpg</picture>
			<picture>https://ukrpodarok.com.ua/images/150790_101100.jpg</picture>
			<picture>https://ukrpodarok.com.ua/images/150790_101101.jpg</picture>
			<vendor>UFT</vendor>
			<name>Колонки UFT Dancing Water Speakers компьютерные с фонтанчиком с подсветкой к ПК</name>
			<barcode>4820176240170</barcode>
			<stock_quantity>0</stock_quantity>
			<description>
				<![CDATA[Ми пропонуємо вам аудіовізуальну систему, яка здатна докорінно змінити ваше уявлення про музику! Якщо ви вважаєте себе справжнім меломаном, цей гаджет просто зобов'язаний зайняти своє місце у вашому будинку.<br />Це два спікери розміром 220х63х51 мм. і потужністю по 3 Вт кожен із діапазоном частот від 220 до 15 000 Гц забезпечені цифровим підсилювачем. Ви можете підключити це акустичне диво до комп'ютера або безпосередньо до смартфону і почати насолоджуватися, тому що звук, який вони відтворюють не просто чистий і сильний, він об'ємний і яскравий.<br /><br />Крім аудіо-складової спікери оснащені прозорими колбами з водою, коли музика починає грати, ваші колонки будуть у прямому сенсі візуалізувати її: у колбах починають танцювати фонтанчики, підсвічені світлодіодами.]]>
			</description>
			<param name="Тип"><![CDATA[Стационарные]]></param>
			<param name="Питание"><![CDATA[от USB]]></param>
			<param name="Интерфейсы"><![CDATA[USB]]></param>
			<param name="Подключение"><![CDATA[Проводное]]></param>
			<param name="Мощность,Вт"><![CDATA[До 10]]></param>
			<param name="Материал"><![CDATA[ABS-пластик]]></param>
			<param name="Совместимость"><![CDATA[ПКНоутбуки]]></param>
			<param name="Вид монтажа"><![CDATA[Портативные]]></param>
			<param name="Выходы"><![CDATA[mini-jack (3.5 mm)]]></param>
			<param name="Оснащение"><![CDATA[Со встроенным фонариком]]></param>
			<param name="Особенности"><![CDATA[Подключение к ПК]]></param>
			<param name="Выходная мощность"><![CDATA[3 + 3 W]]></param>
			<param name="Размеры"><![CDATA[22х5х6 см]]></param>
			<param name="Гарантия"><![CDATA[1 месяц]]></param>
			<param name="Наличие"><![CDATA[нет]]></param>
			<param name="вес в упаковке кг"><![CDATA[0.5]]></param>
			<param name="высота в упаковке см"><![CDATA[20]]></param>
			<param name="глубина в упаковке см"><![CDATA[7]]></param>
			<param name="ширина в упаковке см"><![CDATA[13]]></param>
			<param name="количество грузовых мест"><![CDATA[1]]></param>
			<param name="штрихкод"><![CDATA[4820176240170]]></param>
		</offer>
		<offer id="CGTLL04" available="true">
			<url>https://ukrpodarok.com.ua/koltsevaya-led-lampa-26-sm-shtativ-2m-derzhatel-dlya-telefona-sharnir-tll04.html</url>
			<price>1125</price>
			<price_old>1399</price_old>
			<price_promo>637</price_promo>
			<currencyId>UAH</currencyId>
			<categoryId>152216</categoryId>
			<picture>https://ukrpodarok.com.ua/images/152218_0.jpg</picture>
			<picture>https://ukrpodarok.com.ua/images/152218_101146.jpg</picture>
			<picture>https://ukrpodarok.com.ua/images/152218_101148.jpg</picture>
			<picture>https://ukrpodarok.com.ua/images/152218_101149.jpg</picture>
			<picture>https://ukrpodarok.com.ua/images/152218_101334.jpg</picture>
			<picture>https://ukrpodarok.com.ua/images/152218_101335.jpg</picture>
			<picture>https://ukrpodarok.com.ua/images/152218_101336.jpg</picture>
			<picture>https://ukrpodarok.com.ua/images/152218_101337.jpg</picture>
			<picture>https://ukrpodarok.com.ua/images/152218_101338.jpg</picture>
			<vendor>UFT</vendor>
			<name>Кольцевая LED лампа 26 см + штатив 2м + держатель для телефона + шарнир TLL04</name>
			<barcode>4820176260857</barcode>
			<stock_quantity>50</stock_quantity>
			<description>
				<![CDATA[<p><strong>TLL04</strong>&nbsp;&ndash; это комплект из самых нужных вещей для начинающих блогеров.&nbsp;<br /><br />Блогерский набор&nbsp;ключает в себя:&nbsp;кольцевая Led лампа, штатив,&nbsp;поворотный шарнир, гибкий держатель для смартфона.</p>  <p><b>Кольцевая LED лампа 10"</b><br />Внешний диаметр лампы &ndash; 26см , внутренний &ndash; 20 см. Есть резьба 1/4" для крепления на комплектный штатив или на любой другой.<br />Кольцевая лампа работает от USB. Ее можно подключить к сети через адаптер, к повербанку&nbsp;или ноутбуку.<br />Имеет 3 типа освещения: холодный, теплый и нейтральный, а также&nbsp;9 режимов интенсивности света. Диапазон температур &ndash; 3000-6500К. Переключение режимов осуществляется пультом на кабеле лампы.<br /><b><br />Штатив<br /></b>Позволяет закрепить лампу в нужном вам положении на столе.&nbsp;В рабочем&nbsp;состоянии имеет высоту 12 см. В сложенном состоянии длина штатива составляет 19 см.</p>  <p><strong>Поворотный шарнир</strong><br />С его помощью можно менять наклон светодиодного кольца, устанавливая оптимальний ракурс.</p>  <p><b>Гибкий держатель для смартфона</b></p>  <p>Позволяет закрепить смартфон на LED лампе и благодаря гибкой ножке устанавливать любое положение и наклон на 360 градусов.<br />Длина держателя 17 см. Совместим со смартфонами с диагональю до 6.5 дюймов.&nbsp;<br /><strong>Максимальная высота</strong> - 2 м<br /><br /></p>]]>
			</description>
			<param name="Вид продаж"><![CDATA[Один товар]]></param>
			<param name="Вид"><![CDATA[Набор блогера]]></param>
			<param name="Диаметр кольца, см"><![CDATA[26]]></param>
			<param name="Вид лампы"><![CDATA[LED лампы]]></param>
			<param name="Тип света"><![CDATA[Импульсный Постоянный]]></param>
			<param name="Цветовая температура"><![CDATA[3000-6500К]]></param>
			<param name="Размер упаковки"><![CDATA[27 х 27 х 3,5 см]]></param>
			<param name="Страна регистрации бренда"><![CDATA[Украина]]></param>
			<param name="Гарантия"><![CDATA[6 месяцев]]></param>
			<param name="Наличие"><![CDATA[есть]]></param>
			<param name="вес в упаковке кг"><![CDATA[2]]></param>
			<param name="высота в упаковке см"><![CDATA[27]]></param>
			<param name="глубина в упаковке см"><![CDATA[10]]></param>
			<param name="ширина в упаковке см"><![CDATA[27]]></param>
			<param name="количество грузовых мест"><![CDATA[1]]></param>
			<param name="штрихкод"><![CDATA[4820176260857]]></param>
		</offer>
		<offer id="UFTTLL01" available="true">
			<url>https://ukrpodarok.com.ua/koltsevaya-svetodioidnaya-led-lampa-6-dyuimov-tripod-s-derzhatelem-dlya-telefona-uft-tll01.html</url>
			<price>944</price>
			<price_old>1099</price_old>
			<currencyId>UAH</currencyId>
			<categoryId>152121</categoryId>
			<picture>https://ukrpodarok.com.ua/images/152122_0.jpg</picture>
			<picture>https://ukrpodarok.com.ua/images/152122_99506.jpg</picture>
			<picture>https://ukrpodarok.com.ua/images/152122_99507.jpg</picture>
			<picture>https://ukrpodarok.com.ua/images/152122_99508.jpg</picture>
			<vendor>UFT</vendor>
			<name>Кольцевая светодиоидная LED лампа 6 дюймов трипод с держателем для телефона UFT TLL01</name>
			<barcode>8000000024664</barcode>
			<stock_quantity>40</stock_quantity>
			<description>
				<![CDATA[<p>Tripod LED Light это универсальное решение для блогеров. Совмещает в себе монопод раскладывающийся в трипод с 6 дюймовым кольцевым светильником.<br />Можно пользоваться как классическим моноподом для селфи или же поставить на стол или другую поверхность и вести прямую трансляцию.<br /><br />В сложенном виде длина монопода 19 см, максимальная длинна - 66см (4 секции + ручка). Алюминиевый стержень имеет 2 желобка, которые предотвращают прокручивание и уменьшают люфт.<br /><br />Держатель трипода позволяет располагать смартфон как в&nbsp;горизонтальной так и вертикальной ориентации.<br /><br />На ручке трипода крепится съемный&nbsp;Bluetooth пульт, для дистанционной съемки. Работает на расстоянии до 10м. Работает от батарейки таблетки CR1632 (3V, идет в комплекте). Зажмите кнопку на 3 секунды, загорится синий индикатор. Найдите в списке&nbsp;Bluetooth устройств - "Selfie", нажмите спарить. Пульт готов к работе. Для отключения так же зажмите кнопку на 3 сек.<br /><br />Убедитесь что смартфон способен делать снимки кнопкой громкости. Совместим с большинством устройств с опирационной системой Apple и Android.<br /><br />LED светильник имеет различные 9 уровней яркости, 3 теплых, 3 холодных и 3 нейтральных.<br />Для активации зажмите кнопку на лампе на 3 сек. Каждое следующее нажатие переключает режимы.<br />Лампа имеет аккумулятор на 1200 мА/ч, чего хватит примерно от 2 до 5 часов работы.</p>  Сфера применения: селфи-палка, трипод для селфи, заполняющий светильник или настольная лампа.]]>
			</description>
			<param name="Вид"><![CDATA[Кольцевой свет]]></param>
			<param name="Тип подключения"><![CDATA[Подключение по Bluetooth]]></param>
			<param name="Цветовая температура"><![CDATA[2900 К - 6500 К]]></param>
			<param name="Совместимость"><![CDATA[Универсальный]]></param>
			<param name="Питание"><![CDATA[Аккумулятор]]></param>
			<param name="Индикация готовности"><![CDATA[Визуальная;Звуковая;]]></param>
			<param name="Вес"><![CDATA[0.368 кг]]></param>
			<param name="Цвет"><![CDATA[Черный]]></param>
			<param name="Материл"><![CDATA[Сплав алюминия;ABS-пластик;]]></param>
			<param name="Страна регистрации бренда"><![CDATA[Украина]]></param>
			<param name="Гарантия"><![CDATA[1 месяц]]></param>
			<param name="Наличие"><![CDATA[есть]]></param>
			<param name="вес в упаковке кг"><![CDATA[0.3]]></param>
			<param name="высота в упаковке см"><![CDATA[17]]></param>
			<param name="глубина в упаковке см"><![CDATA[18]]></param>
			<param name="ширина в упаковке см"><![CDATA[18]]></param>
			<param name="количество грузовых мест"><![CDATA[1]]></param>
			<param name="штрихкод"><![CDATA[8000000024664]]></param>
		</offer>
		<offer id="CGmp01blue" available="false">
			<url>https://ukrpodarok.com.ua/koltso-dlya-selfi-cg-selfie-ringblue.html</url>
			<price>98</price>
			<price_old>149</price_old>
			<currencyId>UAH</currencyId>
			<categoryId>1088</categoryId>
			<picture>https://ukrpodarok.com.ua/images/151293_0.jpg</picture>
			<picture>https://ukrpodarok.com.ua/images/151293_100110.jpg</picture>
			<vendor>CG</vendor>
			<name>Кольцо для селфи CG Selfie RingBlue</name>
			<barcode>4820176253262</barcode>
			<stock_quantity>0</stock_quantity>
			<description>
				<![CDATA[<p>Кольцо для селфи CG&nbsp; Selfie Ring позволяет делать фото в любое время суток и при любом освещении. Благодаря 3 уровням яркости света ваши фото будут идеальны.</p>  <p></p>]]>
			</description>
			<param name="Тип подключения"><![CDATA[Без подключения к телефону]]></param>
			<param name="Тип"><![CDATA[Селфи-кольца]]></param>
			<param name="Подсветка"><![CDATA[36 Led лампочек.]]></param>
			<param name="Диаметр"><![CDATA[8,5 см.]]></param>
			<param name="Комплектация"><![CDATA[кольцо для селфи, USB кабель]]></param>
			<param name="Гарантия"><![CDATA[14 дней]]></param>
			<param name="Наличие"><![CDATA[нет]]></param>
			<param name="вес в упаковке кг"><![CDATA[0.1]]></param>
			<param name="высота в упаковке см"><![CDATA[10]]></param>
			<param name="глубина в упаковке см"><![CDATA[10]]></param>
			<param name="ширина в упаковке см"><![CDATA[10]]></param>
			<param name="количество грузовых мест"><![CDATA[1]]></param>
			<param name="штрихкод"><![CDATA[4820176253262]]></param>
		</offer>
		<offer id="mp01" available="true">
			<url>https://ukrpodarok.com.ua/koltso-lampa-dlya-selfi-uft-selfie-ring-white.html</url>
			<price>199</price>
			<price_old>250</price_old>
			<currencyId>UAH</currencyId>
			<categoryId>1088</categoryId>
			<picture>https://ukrpodarok.com.ua/images/151206_0.jpg</picture>
			<picture>https://ukrpodarok.com.ua/images/151206_100214.jpg</picture>
			<picture>https://ukrpodarok.com.ua/images/1482_23891.jpg</picture>
			<picture>https://ukrpodarok.com.ua/images/151206_100215.jpg</picture>
			<vendor>UFT</vendor>
			<name>Кольцо лампа для селфи UFT Selfie Ring white</name>
			<barcode>4820176246721</barcode>
			<stock_quantity>50</stock_quantity>
			<description>
				<![CDATA[<p>Светодиодное кольцо для селфи Selfie ring MP01 - это<br />универсальная подсвeтка нового поколения, совмеcтимaя co всеми гaджетами, которaя cдeлаeт Вaши сeлфи неповтoримыми.Включается одной кнопкой в минимальном режиме, ещё одним нажатием переходит в средний режим, и третьим нажатием в максимальный.</p>  <p>То есть это светодиодное кольцо имеет три режима яркости на выбор, что позволяет очень хорошо регулировать силу освещения.</p>  <p>ЦВЕТ: белый</p>  <p>Особенности кольца для селфи Selfie ring MP01 :</p>  <p>- Имеет три режима освежения<br />- Легко установить или снять.<br />- Встроено 39 светодиодов, которые естественно подчеркнут красоту и видимость в темном помещении<br />- Подойдет для устройств до 2 см толщиной: камеры, смартфоны, ноутбуки или планшетный ПК.<br />- легкое и компактное.<br />- Совместим со всеми моделями мобильных телефонов.</p>  <p>- Идеальная подсветка при макросъемке.<br />- Удобное управление одной кнопкой.<br />- Материал: Пластик<br />- Свет: белый (дневной)<br />- Мощность: 5 Вт</p>  <p>Копллект включает в себя:<br />1 х Селфи Кольцо<br />1 х USB кабель</p>  <p>РАЗМЕРЫ СЕЛФИ КОЛЬЦА</p>  <p>Диаметр селфи кольца - 85 мм<br />Толщина селфи кольца - 25 мм<br />Вес селфи кольца - 77 г<br />До 2 часов непрерывной работы<br />Зарядка через USB</p>  <p></p>]]>
			</description>
			<param name="Тип"><![CDATA[Селфи-кольца;]]></param>
			<param name="Тип подключения"><![CDATA[Без подключения к телефону;]]></param>
			<param name="Совместимость"><![CDATA[Универсальный;]]></param>
			<param name="Особенности"><![CDATA[С аккумулятором;]]></param>
			<param name="Питание"><![CDATA[Аккумулятор;]]></param>
			<param name="Подсветка"><![CDATA[36 Led лампочек.]]></param>
			<param name="Диаметр"><![CDATA[8,5 см.]]></param>
			<param name="Комплектация"><![CDATA[кольцо для селфи, USB кабель]]></param>
			<param name="Странапроизводитель"><![CDATA[Китай]]></param>
			<param name="Гарантия"><![CDATA[14 дней]]></param>
			<param name="Наличие"><![CDATA[есть]]></param>
			<param name="вес в упаковке кг"><![CDATA[0.2]]></param>
			<param name="высота в упаковке см"><![CDATA[8]]></param>
			<param name="глубина в упаковке см"><![CDATA[3]]></param>
			<param name="ширина в упаковке см"><![CDATA[8]]></param>
			<param name="количество грузовых мест"><![CDATA[1]]></param>
			<param name="штрихкод"><![CDATA[4820176246721]]></param>
		</offer>
		<offer id="CGTR1gold" available="true">
			<url>https://ukrpodarok.com.ua/koltso-termometr-razmer-20-uft-termo-ring-tr1-gold.html</url>
			<price>99</price>
			<price_old>185</price_old>
			<currencyId>UAH</currencyId>
			<categoryId>152276</categoryId>
			<picture>https://ukrpodarok.com.ua/images/152275_0.jpg</picture>
			<picture>https://ukrpodarok.com.ua/images/152275_100160.jpg</picture>
			<picture>https://ukrpodarok.com.ua/images/152275_100159.jpg</picture>
			<vendor>UFT</vendor>
			<name>Кольцо Термометр размер 20 UFT Termo Ring TR1 Gold</name>
			<barcode></barcode>
			<stock_quantity>50</stock_quantity>
			<description>
				<![CDATA[<strong>UFT TR1&nbsp;</strong>- это необычный аксесуар. Перстень можно носить как обычное украшение, но его фишкой является наличие термометра.<br /><br />Кольцо изготовлено из специального материала, который реагирует на смену температуры вашего тела. Изменение температуры отображается&nbsp;на поверхности кольца.<br />По периметру кольца нанесены цыфры от 28 до 39 градусов по Цельсию, которые&nbsp;не видно пока&nbsp;кольцо не&nbsp;одето.<br />Когда температуара попадаетв диапазон 28-39 С, на кольце начинают проявляться цифры.<br />Стоит понимать что показания Кольца термометра относительны, но приблизительную температуру тела вы всегда сможете отслеживать.<br />Показания перстня-термометра так же зависят от температурыокружающей среды, например зимой на улице данные будут занижены.<br /><br />Кольцо хамелеон<strong>&nbsp;UFT&nbsp;TR1&nbsp;</strong>- это оригинальный подарок для ваших друзей и близких, который их точно удивит.]]>
			</description>
			<param name="Тип"><![CDATA[Механический]]></param>
			<param name="Материал"><![CDATA[Металл]]></param>
			<param name="Размер"><![CDATA[20]]></param>
			<param name="Цвет"><![CDATA[Золотой]]></param>
			<param name="Страна регистрации бренда"><![CDATA[Украина]]></param>
			<param name="Гарантия"><![CDATA[6 месяцев]]></param>
			<param name="Наличие"><![CDATA[есть]]></param>
		</offer>
		<offer id="CGTR1Silver" available="true">
			<url>https://ukrpodarok.com.ua/koltso-termometr-razmer-20-uft-termo-ring-tr1-silver.html</url>
			<price>99</price>
			<price_old>185</price_old>
			<currencyId>UAH</currencyId>
			<categoryId>152276</categoryId>
			<picture>https://ukrpodarok.com.ua/images/152277_0.jpg</picture>
			<picture>https://ukrpodarok.com.ua/images/152277_100161.jpg</picture>
			<vendor>UFT</vendor>
			<name>Кольцо-термометр размер 20 UFT Termo Ring TR1 Silver</name>
			<barcode></barcode>
			<stock_quantity>50</stock_quantity>
			<description>
				<![CDATA[<strong>TR1&nbsp;</strong>- это необычный аксесуар. Перстень можно носить как обычное украшение, но его фишкой является наличие термометра.<br /><br />Кольцо изготовлено из специального материала, который реагирует на смену температуры вашего тела. Изменение температуры отображается&nbsp;на поверхности кольца.<br />По периметру кольца нанесены цыфры от 28 до 39 градусов по Цельсию, которые&nbsp;не видно пока&nbsp;кольцо не&nbsp;одето.<br />Когда температуара попадаетв диапазон 28-39 С, на кольце начинают проявляться цифры.<br />Стоит понимать что показания Кольца термометра относительны, но приблизительную температуру тела вы всегда сможете отслеживать.<br />Показания перстня-термометра так же зависят от температурыокружающей среды, например зимой на улице данные будут занижены.<br /><br />Кольцо хамелеон<strong>&nbsp;TR1&nbsp;</strong>- это оригинальный подарок для ваших друзей и близких, который их точно удивит.]]>
			</description>
			<param name="Тип"><![CDATA[Механический]]></param>
			<param name="Цвет"><![CDATA[Серебристый]]></param>
			<param name="Страна регистрации бренда"><![CDATA[Украина]]></param>
			<param name="Гарантия"><![CDATA[6 месяцев]]></param>
			<param name="Наличие"><![CDATA[есть]]></param>
		</offer>
		<offer id="CGExpanderSet" available="false">
			<url>https://ukrpodarok.com.ua/komplekt-trubchatih-espanderov-5-zhgutov-dlya-fitnesa-i-sporta-cg-expander-set.html</url>
			<price>279</price>
			<currencyId>UAH</currencyId>
			<categoryId>152205</categoryId>
			<picture>https://ukrpodarok.com.ua/images/152214_0.jpg</picture>
			<picture>https://ukrpodarok.com.ua/images/152214_100005.jpg</picture>
			<vendor>CG</vendor>
			<name>Комплект трубчатых эспандеров 5 жгутов для фитнеса и спорта CG Expander Set</name>
			<barcode></barcode>
			<stock_quantity>0</stock_quantity>
			<description>
				<![CDATA[<p>Трубчатые эспандеры это отличная альтернатива свободным весам и традиционным тренажерам, предоставляя вариант для вашего домашнего спортзала и путешествий.</p>  <p>Подходят для любого типа силовых тренировок. Их может использовать любой, от новичка до фитнес тренера.</p>  <p>Регулируемая степень нагрузки</p>  <p>Каждый эспандер имеет разную степень нагрузки, в зависимости от цвета. Их можно использовать по отдельности или сложить в любой комбинации. 5 эспандеров вместе эквивалентны 45 кг.</p>  <p>Черный = 13 кг;</p>  <p>Зеленый = 11 кг;</p>  <p>Синий =&nbsp; 9 кг;</p>  <p>Красный = 7 кг;</p>  <p>Желтый = 5 кг.<br />&nbsp;</p>  <p><b>Особенности набора эспандеров:</b></p>    для укрепления разных групп мышц;  прост в использовании;  сделан из экологически безопасных материалов;  состоит из 5 эспандеров разного типа сопротивления;  2 мягкие ручки и 2 крепежа на лодыжку;  сумочка для хранения в комплекте.&nbsp; &nbsp;  ]]>
			</description>
			<param name="Тип"><![CDATA[Трубчатые]]></param>
			<param name="Применение"><![CDATA[Универсальные]]></param>
			<param name="Вид"><![CDATA[Жгут]]></param>
			<param name="Тип нагрузки"><![CDATA[Растяжение]]></param>
			<param name="Цвет"><![CDATA[Разноцветный]]></param>
			<param name="Гарантия"><![CDATA[4 месяца]]></param>
			<param name="Габариты упаковки"><![CDATA[26 х 20 х 9 см]]></param>
			<param name="Наличие"><![CDATA[нет]]></param>
		</offer>
		<offer id="CGSBF1" available="true">
			<url>https://ukrpodarok.com.ua/korobka-organaizer-menazhnitsa-dlya-zakusok-na-5-otsekov-(dlya-snekov-sladostei-orehov)-uft-snack-box-flower.html</url>
			<price>629</price>
			<price_old>879</price_old>
			<currencyId>UAH</currencyId>
			<categoryId>42093</categoryId>
			<picture>https://ukrpodarok.com.ua/images/152045_0.jpg</picture>
			<picture>https://ukrpodarok.com.ua/images/52746_63745.jpg</picture>
			<picture>https://ukrpodarok.com.ua/images/52746_63746.jpg</picture>
			<picture>https://ukrpodarok.com.ua/images/152045_99797.jpg</picture>
			<vendor>UFT</vendor>
			<name>Коробка-органайзер менажница для закусок на 5 отсеков (для снеков, сладостей, орехов) UFT Snack Box Flower</name>
			<barcode>4820176254719</barcode>
			<stock_quantity>100</stock_quantity>
			<description>
				<![CDATA[UFT Snack Box это раскладная коробка с пятью отделами, в которые можно разместить всевозможные конфеты, драже, сухофрукты, семечки, орешки, сухарики, чипсы и многое другое.<br />Сверху есть переключатель, повернув которую раскрываются лепестки с вашими вкусностями, после обеда так же легко закрывается и можно поставить в шкаф или холодильник.<br />Органайзер выполнен из пищевого пластика, так что можно не боятся хранить в нем продукты без упаковки.<br />Кроме того можно использовать как органайзер для разных мелочей. Например для швейных принадлежностей, ниток, шпулек, булавок, пуговиц и тд.<br /><br />]]>
			</description>
			<param name="Тип"><![CDATA[Менажница]]></param>
			<param name="Особенности"><![CDATA[С подставкой;С блюдцем;]]></param>
			<param name="Сегмент"><![CDATA[Для дома]]></param>
			<param name="Материал"><![CDATA[Пластик]]></param>
			<param name="Размеры"><![CDATA[28 х 28 х 6,5 см]]></param>
			<param name="Диаметр"><![CDATA[26-30 см]]></param>
			<param name="Тип поставки"><![CDATA[Один предмет]]></param>
			<param name="Форма"><![CDATA[Фигурная]]></param>
			<param name="Гарантия"><![CDATA[6 месяцев]]></param>
			<param name="Наличие"><![CDATA[есть]]></param>
			<param name="вес в упаковке кг"><![CDATA[0.3]]></param>
			<param name="высота в упаковке см"><![CDATA[28]]></param>
			<param name="глубина в упаковке см"><![CDATA[28]]></param>
			<param name="ширина в упаковке см"><![CDATA[7]]></param>
			<param name="количество грузовых мест"><![CDATA[1]]></param>
			<param name="штрихкод"><![CDATA[4820176254719]]></param>
		</offer>
		<offer id="mp04" available="true">
			<url>https://ukrpodarok.com.ua/korrektor-podderzhka-dlya-spini-na-kreslo-na-stul-uft-mp04.html</url>
			<price>244</price>
			<price_old>299</price_old>
			<currencyId>UAH</currencyId>
			<categoryId>152176</categoryId>
			<picture>https://ukrpodarok.com.ua/images/151208_0.jpg</picture>
			<picture>https://ukrpodarok.com.ua/images/1489_1454.jpg</picture>
			<picture>https://ukrpodarok.com.ua/images/1489_1452.jpg</picture>
			<picture>https://ukrpodarok.com.ua/images/151208_99875.jpg</picture>
			<picture>https://ukrpodarok.com.ua/images/151208_99876.jpg</picture>
			<picture>https://ukrpodarok.com.ua/images/151208_101015.jpg</picture>
			<picture>https://ukrpodarok.com.ua/images/151208_101016.jpg</picture>
			<vendor>UFT</vendor>
			<name>Корректор-поддержка для спины на кресло на стул UFT MP04</name>
			<barcode>4820176243652</barcode>
			<stock_quantity>50</stock_quantity>
			<description>
				<![CDATA[<p><b>Универсальный массажер-упор для поясницы.&nbsp;</b><br />Массажер уменьшает усталость от длительного сидения, сохраняет осанку, повышает циркуляцию крови.<br />Подходит к любым сиденьям транспортных средств и офисным стульям.<br />Принцип работы массажной насадки для поясницы очень прост: на любом стуле, где Вы чаще всего сидите, устанавливается фигурная, массажная спинка, которая четко подстраивается под Ваше тело, позволяя, максимально расслабится позвоночнику. При этом не только правильно фиксирует осанку, но и мягко ее корректирует за счет выпуклости в нужном месте. Закрепляется специальными ремнями к стулу, что надежно будет удерживать его, не позволяя скользить.<br /></p>]]>
			</description>
			<param name="Тип"><![CDATA[Корректоры осанки]]></param>
			<param name="Назначение"><![CDATA[Для офисных кресел;]]></param>
			<param name="Материал обивки"><![CDATA[Сетка]]></param>
			<param name="Цвет"><![CDATA[Черный]]></param>
			<param name="Габариты ВхШхГ"><![CDATA[39 х 41,5 х 25 см]]></param>
			<param name="Гарантия"><![CDATA[1 месяц]]></param>
			<param name="Наличие"><![CDATA[есть]]></param>
			<param name="вес в упаковке кг"><![CDATA[0.24]]></param>
			<param name="высота в упаковке см"><![CDATA[41]]></param>
			<param name="глубина в упаковке см"><![CDATA[40]]></param>
			<param name="ширина в упаковке см"><![CDATA[12]]></param>
			<param name="количество грузовых мест"><![CDATA[1]]></param>
			<param name="штрихкод"><![CDATA[4820176243652]]></param>
		</offer>
		<offer id="UFTbeltL" available="true">
			<url>https://ukrpodarok.com.ua/korset-dlya-pohudeniya-uft-belt-l-74-80-sm-dlya-talii-dlya-podderzhaniya-osanki.html</url>
			<price>289</price>
			<price_old>344</price_old>
			<price_promo>216</price_promo>
			<currencyId>UAH</currencyId>
			<categoryId>52716</categoryId>
			<picture>https://ukrpodarok.com.ua/images/152415_0.jpg</picture>
			<picture>https://ukrpodarok.com.ua/images/152415_101031.jpg</picture>
			<vendor>UFT</vendor>
			<name>Корсет для похудения UFT Belt L 74-80 см для талии для поддержания осанки</name>
			<barcode>4820176253736</barcode>
			<stock_quantity>50</stock_quantity>
			<description>
				<![CDATA[<p>Корректирующее белье Belt предназначено для коррекции проблемных зон талии с помощью черного корсета из натуральной ткани.</p>  <p>Belt благодаря удобной, мягкой конструкции позволяет носить утягивающий корсет на протяжении всего дня.</p>  <p>утягивающий корсет Вы можете носить и выполнять все свои действия весь день!</p>  <p>Утягивающий корсет скрывает все недостатки живота и боков, поддерживая поясницу и корректируя осанку.</p>  <p>Корсет имеет 3 ряда крючков, и их можно переставлять в зависимости от обхвата талии.<br />Охват талии&nbsp;74-80 см<br />Высота: 24 см<br />Длинна(без растягивания):60 см</p>]]>
			</description>
			<param name="Тип"><![CDATA[Корсет]]></param>
			<param name="Вид"><![CDATA[Стягивающий корсет]]></param>
			<param name="Размер"><![CDATA[L]]></param>
			<param name="Принт"><![CDATA[Однотонный]]></param>
			<param name="Функция"><![CDATA[Моделирующие]]></param>
			<param name="Возрастная группа"><![CDATA[Для взрослых]]></param>
			<param name="Модель"><![CDATA[С эффектом утяжки]]></param>
			<param name="Степень фиксации"><![CDATA[Эластичный]]></param>
			<param name="Застежка"><![CDATA[Крючки]]></param>
			<param name="Материал"><![CDATA[Полиестр - 90%, Спандекс - 10%]]></param>
			<param name="Цвет"><![CDATA[Черный]]></param>
			<param name="Гарантия"><![CDATA[14 дней]]></param>
			<param name="Наличие"><![CDATA[есть]]></param>
			<param name="вес в упаковке кг"><![CDATA[0.3]]></param>
			<param name="высота в упаковке см"><![CDATA[15]]></param>
			<param name="глубина в упаковке см"><![CDATA[4]]></param>
			<param name="ширина в упаковке см"><![CDATA[4]]></param>
			<param name="количество грузовых мест"><![CDATA[1]]></param>
			<param name="штрихкод"><![CDATA[4820176253736]]></param>
		</offer>
		<offer id="UFTbeltM" available="true">
			<url>https://ukrpodarok.com.ua/korset-dlya-pohudeniya-uft-belt-m-68-74-sm-dlya-talii-dlya-podderzhaniya-osanki.html</url>
			<price>289</price>
			<price_old>344</price_old>
			<currencyId>UAH</currencyId>
			<categoryId>52716</categoryId>
			<picture>https://ukrpodarok.com.ua/images/152416_0.jpg</picture>
			<picture>https://ukrpodarok.com.ua/images/152416_101032.jpg</picture>
			<vendor>UFT</vendor>
			<name>Корсет для похудения UFT Belt M 68-74 см  для талии для поддержания осанки</name>
			<barcode>4820176253729</barcode>
			<stock_quantity>50</stock_quantity>
			<description>
				<![CDATA[<p>Корректирующее белье Belt предназначено для коррекции проблемных зон талии с помощью черного корсета из натуральной ткани.</p>  <p>Belt благодаря удобной, мягкой конструкции позволяет носить утягивающий корсет на протяжении всего дня.</p>  <p>утягивающий корсет Вы можете носить и выполнять все свои действия весь день!</p>  <p>Утягивающий корсет скрывает все недостатки живота и боков, поддерживая поясницу и корректируя осанку.</p>  <p>Корсет имеет 3 ряда крючков, и их можно переставлять в зависимости от обхвата талии.</p>  <p>Охват талии&nbsp;68-74 см</p>]]>
			</description>
			<param name="Тип"><![CDATA[Корсет]]></param>
			<param name="Вид"><![CDATA[Стягивающий корсет]]></param>
			<param name="Размер"><![CDATA[M]]></param>
			<param name="Принт"><![CDATA[Однотонный]]></param>
			<param name="Функция"><![CDATA[Моделирующие]]></param>
			<param name="Возрастная группа"><![CDATA[Для взрослых]]></param>
			<param name="Модель"><![CDATA[С эффектом утяжки]]></param>
			<param name="Степень фиксации"><![CDATA[Эластичный]]></param>
			<param name="Застежка"><![CDATA[Крючки]]></param>
			<param name="Материал"><![CDATA[Полиестр - 90%, Спандекс - 10%]]></param>
			<param name="Цвет"><![CDATA[Черный]]></param>
			<param name="Гарантия"><![CDATA[14 дней]]></param>
			<param name="Наличие"><![CDATA[есть]]></param>
			<param name="вес в упаковке кг"><![CDATA[0.3]]></param>
			<param name="высота в упаковке см"><![CDATA[15]]></param>
			<param name="глубина в упаковке см"><![CDATA[4]]></param>
			<param name="ширина в упаковке см"><![CDATA[4]]></param>
			<param name="количество грузовых мест"><![CDATA[1]]></param>
			<param name="штрихкод"><![CDATA[4820176253729]]></param>
		</offer>
		<offer id="UFTbeltS" available="true">
			<url>https://ukrpodarok.com.ua/korset-dlya-pohudeniya-uft-belt-s-62-68-sm-dlya-talii-dlya-podderzhaniya-osanki.html</url>
			<price>289</price>
			<price_old>344</price_old>
			<currencyId>UAH</currencyId>
			<categoryId>52716</categoryId>
			<picture>https://ukrpodarok.com.ua/images/152417_0.jpg</picture>
			<picture>https://ukrpodarok.com.ua/images/152417_101033.jpg</picture>
			<vendor>UFT</vendor>
			<name>Корсет для похудения UFT Belt S 62-68 см для талии для поддержания осанки</name>
			<barcode>4820176253712</barcode>
			<stock_quantity>50</stock_quantity>
			<description>
				<![CDATA[<p>Корректирующее белье Belt предназначено для коррекции проблемных зон талии с помощью черного корсета из натуральной ткани.</p>  <p>Belt благодаря удобной, мягкой конструкции позволяет носить утягивающий корсет на протяжении всего дня.</p>  <p>утягивающий корсет Вы можете носить и выполнять все свои действия весь день!</p>  <p>Утягивающий корсет скрывает все недостатки живота и боков, поддерживая поясницу и корректируя осанку.</p>  <p>Корсет имеет 3 ряда крючков, и их можно переставлять в зависимости от обхвата талии.</p>  <p>Охват талии&nbsp;62-68 см</p>]]>
			</description>
			<param name="Тип"><![CDATA[Корсет]]></param>
			<param name="Вид"><![CDATA[Стягивающий корсет]]></param>
			<param name="Размер"><![CDATA[S]]></param>
			<param name="Принт"><![CDATA[Однотонный]]></param>
			<param name="Модель"><![CDATA[С эффектом утяжки]]></param>
			<param name="Степень коррекции"><![CDATA[Средняя]]></param>
			<param name="Застежка"><![CDATA[Крючки]]></param>
			<param name="Материал"><![CDATA[Полиестр - 90%, Спандекс - 10%]]></param>
			<param name="Цвет"><![CDATA[Черный]]></param>
			<param name="Гарантия"><![CDATA[14 дней]]></param>
			<param name="Наличие"><![CDATA[есть]]></param>
			<param name="вес в упаковке кг"><![CDATA[0.3]]></param>
			<param name="высота в упаковке см"><![CDATA[15]]></param>
			<param name="глубина в упаковке см"><![CDATA[4]]></param>
			<param name="ширина в упаковке см"><![CDATA[4]]></param>
			<param name="количество грузовых мест"><![CDATA[1]]></param>
			<param name="штрихкод"><![CDATA[4820176253712]]></param>
		</offer>
		<offer id="MP100064" available="false">
			<url>https://ukrpodarok.com.ua/kraskopult-pulverizator-elektricheskii-dlya-pokraski-uft-sp01.html</url>
			<price>999</price>
			<price_old>1299</price_old>
			<currencyId>UAH</currencyId>
			<categoryId>152194</categoryId>
			<picture>https://ukrpodarok.com.ua/images/152190_0.jpg</picture>
			<picture>https://ukrpodarok.com.ua/images/152190_99935.jpg</picture>
			<picture>https://ukrpodarok.com.ua/images/152190_99936.jpg</picture>
			<picture>https://ukrpodarok.com.ua/images/152190_99937.jpg</picture>
			<picture>https://ukrpodarok.com.ua/images/152190_99938.jpg</picture>
			<vendor>UFT</vendor>
			<name>Краскопульт пульверизатор электрический для покраски UFT SP01</name>
			<barcode>8000000028839</barcode>
			<stock_quantity>0</stock_quantity>
			<description>
				<![CDATA[<p>Краскораспылитель&nbsp;<strong>SP01</strong>&nbsp;это ручной инструмент для любителей и&nbsp;профессионалов для покраски любых поверхностей.<br />Для того что бы начать покраску, достаточно нажмать на курок и краскопульт&nbsp; даст необходимое количество краски для окрашивания в горизонтальной или вертикальной плоскости.<strong><br /></strong><br />Электрический&nbsp;краскопульт&nbsp;имеет мотор мощностью&nbsp;650W.&nbsp;Поток краски заполняет даже узкие щели, труднодоступные для обычных кистей. Поток краски регулируется.</p>  <p>Ручной пульверизатор&nbsp; имеет резеруар для краски 800 мл. Кроме краски и лака&nbsp;Пейнт Зум можно использовать для санитарной обработки.</p>  <p><strong>Преимущества:</strong></p>    идеально покрывает краской или лаком любые поверхности;  легко использовать &ndash; просто нажмите на курок;  3 степени распыления;  подходит для всех типов красок;  легкий;    <strong>В пульверизаторе можно использовать:</strong><br />    любые краски;  цветные лаки;  грунтовку;  автомобильную полировку;  масла;  дезинфицирующие средства;  продукцию санитарии.  ]]>
			</description>
			<param name="Тип"><![CDATA[Краскопульты]]></param>
			<param name="Вид"><![CDATA[Электрические]]></param>
			<param name="Потребляемая мощность"><![CDATA[650]]></param>
			<param name="Объем контейнера, л"><![CDATA[0,8]]></param>
			<param name="Рабочее давление"><![CDATA[1.5 атм]]></param>
			<param name="Размеры"><![CDATA[36 х 20 х 22 см]]></param>
			<param name="Вес"><![CDATA[1,9 кг]]></param>
			<param name="Цвет"><![CDATA[Синий]]></param>
			<param name="Гарантия"><![CDATA[1 месяц]]></param>
			<param name="Страна регистрации бренда"><![CDATA[Украина]]></param>
			<param name="Наличие"><![CDATA[нет]]></param>
			<param name="вес в упаковке кг"><![CDATA[1.8]]></param>
			<param name="высота в упаковке см"><![CDATA[20]]></param>
			<param name="глубина в упаковке см"><![CDATA[10]]></param>
			<param name="ширина в упаковке см"><![CDATA[20]]></param>
			<param name="количество грузовых мест"><![CDATA[1]]></param>
			<param name="штрихкод"><![CDATA[8000000028839]]></param>
		</offer>
		<offer id="M+necklace" available="false">
			<url>https://ukrpodarok.com.ua/kulon-ya-tebya-lyublyu-na-100-yazikah-mira-cg-necklace-i-love-you.html</url>
			<price>99</price>
			<price_old>159</price_old>
			<price_promo>88</price_promo>
			<currencyId>UAH</currencyId>
			<categoryId>52717</categoryId>
			<picture>https://ukrpodarok.com.ua/images/151963_0.jpg</picture>
			<picture>https://ukrpodarok.com.ua/images/52642_63301.jpg</picture>
			<picture>https://ukrpodarok.com.ua/images/151963_99770.jpg</picture>
			<vendor>CG</vendor>
			<name>Кулон Я тебя люблю на 100 языках мира CG Necklace I love You</name>
			<barcode>4820176253538</barcode>
			<stock_quantity>0</stock_quantity>
			<description>
				<![CDATA[<p>Уникальный кулон удивит вашу вторую половинку.</p>  <p>Выполнен в виде сердечка, в центре которого установлена крошечная линза на которой надпись &laquo;Я тебя люблю&raquo; переведена на 100 языков мира.<br /> Чтобы увидеть надпись, нужно посветить на кулон фонариком и спроэктировать на стену или приложить к камере смартфона и увидите надписи на экране.</p>]]>
			</description>
			<param name="Форма"><![CDATA[Сердце]]></param>
			<param name="Категория"><![CDATA[Для женщин, Для девочек]]></param>
			<param name="Материал"><![CDATA[Медицинская сталь]]></param>
			<param name="Особенности"><![CDATA[С цепочкой]]></param>
			<param name="Цвет"><![CDATA[Золотистый]]></param>
			<param name="Вставка  Камень"><![CDATA[Цирконий]]></param>
			<param name="Вид"><![CDATA[Одинарные]]></param>
			<param name="Гарантия"><![CDATA[6 месяцев]]></param>
			<param name="Наличие"><![CDATA[нет]]></param>
			<param name="вес в упаковке кг"><![CDATA[0.2]]></param>
			<param name="высота в упаковке см"><![CDATA[6]]></param>
			<param name="глубина в упаковке см"><![CDATA[3]]></param>
			<param name="ширина в упаковке см"><![CDATA[6]]></param>
			<param name="количество грузовых мест"><![CDATA[1]]></param>
			<param name="штрихкод"><![CDATA[4820176253538]]></param>
		</offer>
		<offer id="CGnecklace" available="false">
			<url>https://ukrpodarok.com.ua/kulon-ya-tebya-lyublyu-na-100-yazikah-mira-necklace-i-love-you-(bez-tsepochki).html</url>
			<price>60</price>
			<currencyId>UAH</currencyId>
			<categoryId>52717</categoryId>
			<picture>https://ukrpodarok.com.ua/images/152208_0.jpg</picture>
			<picture>https://ukrpodarok.com.ua/images/152208_99965.jpg</picture>
			<picture>https://ukrpodarok.com.ua/images/152208_99966.jpg</picture>
			<vendor>CG</vendor>
			<name>Кулон Я тебя люблю на 100 языках мира Necklace I love You (без цепочки)</name>
			<barcode>7000000006491</barcode>
			<stock_quantity>0</stock_quantity>
			<description>
				<![CDATA[<p>Уникальный кулон удивит вашу вторую половинку.</p>  <p>Выполнен в виде сердечка, в центре которого установлена крошечная линза на которой надпись &laquo;Я тебя люблю&raquo; переведена на 100 языков мира.<br />Чтобы увидеть надпись, нужно посветить на кулон фонариком и спроэктировать на стену или приложить к камере смартфона и увидите надписи на экране.<br />Таким кулоном можно украсить браслет или повесить на цепочку и носить на шее.<br /><br />Упакован в подарочную коробку.</p>]]>
			</description>
			<param name="Форма"><![CDATA[Сердце]]></param>
			<param name="Категория"><![CDATA[Для женщин; Для девочек;]]></param>
			<param name="Материал"><![CDATA[Медицинская сталь]]></param>
			<param name="Особенности"><![CDATA[С цепочкой]]></param>
			<param name="Цвет"><![CDATA[Золотистый]]></param>
			<param name="Вставка  Камень"><![CDATA[Цирконий]]></param>
			<param name="Вид"><![CDATA[Одинарные]]></param>
			<param name="Гарантия"><![CDATA[6 месяцев]]></param>
			<param name="Наличие"><![CDATA[нет]]></param>
			<param name="штрихкод"><![CDATA[7000000006491]]></param>
		</offer>
		<offer id="M+laserpenGreen" available="true">
			<url>https://ukrpodarok.com.ua/lazernaya-ukazka-s-nasadkami-5-v-1-1000mw-uft-green-laser-pointer-2-0.html</url>
			<price>377</price>
			<price_old>449</price_old>
			<currencyId>UAH</currencyId>
			<categoryId>152243</categoryId>
			<picture>https://ukrpodarok.com.ua/images/151966_0.jpg</picture>
			<picture>https://ukrpodarok.com.ua/images/52645_63669.jpg</picture>
			<picture>https://ukrpodarok.com.ua/images/52645_0.jpg</picture>
			<picture>https://ukrpodarok.com.ua/images/52645_63670.jpg</picture>
			<vendor>UFT</vendor>
			<name>Лазерная указка с насадками 5 в 1 1000mW UFT Green Laser Pointer 2.0</name>
			<barcode>4820176253446</barcode>
			<stock_quantity>50</stock_quantity>
			<description>
				<![CDATA[<strong>Laser&nbsp;</strong>- мощный лазер&nbsp;выполнен в виде шариковой ручки с лучом зеленого цвета, который отчетливо видно со всех сторон, даже в тумане. Им удобно проводить презентации, лекции а также указывать на звезды.<br />В комплекте 5 насадок с разными узорами. Без насадок получается целенапрявленный луч.  <strong>Green laser pointer</strong>&nbsp;светит на расстояние порядка 10 тысяч метров.  Потребляемая мощность менее 1000 микро Ватт. Одна из самых ярких из представленных на сегодняшний день.  &nbsp;<b>Правила безопасности</b>  Ни в коем случае не направляйте луч лазерной указки в глаза!  Попадание в глаза прямого, или отраженного луча лазера может привести к непоправимому ущербу для Вашего здоровья! Не давайте лазер детям!  Нельзя смотреть в излучающую область лазера и в основание луча!  Не направляйте луч лазера на автомобили и другой движущийся транспорт для избегания ослепления людей, осуществляющих управление транспортным средством и находящихся в нем пассажиров.]]>
			</description>
			<param name="Тип"><![CDATA[Лазерные указки]]></param>
			<param name="Цвет"><![CDATA[Black]]></param>
			<param name="Дальность света"><![CDATA[10000 м]]></param>
			<param name="Потребляемая мощность"><![CDATA[1000 mw]]></param>
			<param name="Особенности"><![CDATA[Покрытие Soft-touch]]></param>
			<param name="Гарантия"><![CDATA[14 дней]]></param>
			<param name="Наличие"><![CDATA[есть]]></param>
			<param name="вес в упаковке кг"><![CDATA[0.4]]></param>
			<param name="высота в упаковке см"><![CDATA[15]]></param>
			<param name="глубина в упаковке см"><![CDATA[5]]></param>
			<param name="ширина в упаковке см"><![CDATA[5]]></param>
			<param name="количество грузовых мест"><![CDATA[1]]></param>
			<param name="штрихкод"><![CDATA[4820176253446]]></param>
		</offer>
		<offer id="CGStarShower" available="false">
			<url>https://ukrpodarok.com.ua/lazernii-proektor-dlya-ukrasheniya-domov-ili-komnati-star-shower.html</url>
			<price>279</price>
			<price_old>299</price_old>
			<price_promo>254</price_promo>
			<currencyId>UAH</currencyId>
			<categoryId>152232</categoryId>
			<picture>https://ukrpodarok.com.ua/images/152231_0.jpg</picture>
			<vendor>CG</vendor>
			<name>Лазерный проектор для украшения домов или комнаты Star Shower</name>
			<barcode>4820176254641</barcode>
			<stock_quantity>0</stock_quantity>
			<description>
				<![CDATA[<p>Лазерный проектор Star Shower может проецировать тысячи звездообразных точек на дома и другие объекты. Альтернатива традиционным уличным праздничным светильникам,</p>  <p>Возможны как стационарные, так и движущиеся световые схемы красного и зеленого цветов.</p>  <p>Погода не является проблемой для устройства, так как оно имеет несколько функций, которые обеспечивают его устойчивую и безопасную работу.</p>  <p>Можно использовать как комнатный проектор.</p>  <p>&nbsp;</p>  <p>Большая кнопка в верхней части Star Shower Motion изменит проецируемое освещение с полностью зеленого рисунка на сочетание красного и зеленого цветов. Аналогичным образом, переключатель на задней панели этого устройства позволяет пользователю переключаться со стационарного освещения на полностью движущиеся &laquo;звездные&raquo; дисплеи.</p>  <p>&nbsp;</p>  <p>Корпус способен выдерживать температуры в диапазоне от -35 до 40 градусов по Цельсию. Кроме того, длинный колышек поможет закрепить проектор глубоко в земле, что поможет при сильных ветрах.</p>]]>
			</description>
			<param name="Тип"><![CDATA[Лазерные проекторы]]></param>
			<param name="Питание"><![CDATA[220 В]]></param>
			<param name="Размеры"><![CDATA[28 х 18 х 8 см]]></param>
			<param name="Вес"><![CDATA[655 г]]></param>
			<param name="Материал"><![CDATA[Пластик]]></param>
			<param name="Цвет"><![CDATA[Синий]]></param>
			<param name="Гарантия"><![CDATA[1 месяц]]></param>
			<param name="Наличие"><![CDATA[нет]]></param>
			<param name="штрихкод"><![CDATA[4820176254641]]></param>
		</offer>
		<offer id="Bls0057euUA" available="true">
			<url>https://ukrpodarok.com.ua/lazernii-uroven-nivelir-3d-12-linii-zelenii-luch-laser-level-green-(bls0057).html</url>
			<price>3499</price>
			<price_old>3999</price_old>
			<currencyId>UAH</currencyId>
			<categoryId>152353</categoryId>
			<picture>https://ukrpodarok.com.ua/images/152352_0.jpg</picture>
			<picture>https://ukrpodarok.com.ua/images/152352_100489.jpg</picture>
			<picture>https://ukrpodarok.com.ua/images/152352_100490.jpg</picture>
			<picture>https://ukrpodarok.com.ua/images/152352_100491.jpg</picture>
			<vendor>KETOTEK</vendor>
			<name>Лазерный уровень Нивелир 3D-12 Линий зеленый луч Laser Level green (Bls0057)</name>
			<barcode></barcode>
			<stock_quantity>10</stock_quantity>
			<description>
				<![CDATA[<p>Лазерный уровень&nbsp;<b>KETOTEK&nbsp;</b>3D*360 на 12 линий станет отличным помощником для любого мастера на строительном объекте. Данный уровень имеет противоударный корпус за счет дополнительной, уплотненной резиновой прослойки по всему корпусу.</p>  <p>На верхней части нивелира находится сенсорная панель на которой размещена кнопка включения горизонтальных / вертикальных линий.&nbsp;</p>  <p>После включения активируются все лучи, каждое последующее нажатие активирует одинарные лучи и комбинацию из двух лучей..</p>  <p>Для выключения необходимо нажать кнопку ON/OFF на несколько секунд.</p>  <p>Есть возможность точной настройки угла наклона во всех плоскостях.</p>  <p><b>Замок компенсатора.</b>&nbsp;Самовыравнивающийся компенсатор оборудован замком для защиты от повреждения при транспортировке .При превышении угла наклона &plusmn;3&deg;, выходящего за пределы диапазона выравнивания, лазерный луч мигает и подается предупреждающий звуковой сигнал, что защитит от ошибок при разметке.</p>  <p><b>Микрометрический винт.</b>&nbsp;Лазерный уровень оборудован поворотным основанием. &nbsp; Наведение вертикального луча в нужную сторону и на требуемую точку производится с помощью микрометрического винта. Это позволяет наводить вертикальную линию гораздо удобнее и точнее, чем у нивелиров без лимба (поворотного основания).</p>  <p><b>Зарядное устройство.</b>&nbsp;Лазерный уровень может работать от зарядного устройства (включено в комплект). Если заряд аккумуляторов на нуле&nbsp; можно подключить прибор к бытовой электросети через ЗУ и продолжить работу.&nbsp;</p>  <p><b>Транспортировочный кейс.</b>&nbsp;Для хранения и транспортировки лазерного уровня и аксессуаров весь комплект размещен в транспортировочном мягком кейсе.&nbsp;</p>  <p>В комплекте также магнитная мишень для лазерного нивелира.</p>  <strong><strong><br /></strong></strong>  <p><b>Технические]]>
			</description>
			<param name="Тип"><![CDATA[Лазерные нивелиры]]></param>
			<param name="Количество лучей"><![CDATA[12]]></param>
			<param name="Вид"><![CDATA[Лазерные]]></param>
			<param name="Цвет луча"><![CDATA[Зеленый]]></param>
			<param name="Дальность, м"><![CDATA[40]]></param>
			<param name="Класс лазера"><![CDATA[2]]></param>
			<param name="Защита"><![CDATA[IP54]]></param>
			<param name="Точность, ммм"><![CDATA[3]]></param>
			<param name="Лазерный диод"><![CDATA[505-532nm]]></param>
			<param name="Направление лучей"><![CDATA[Вверх, Вперёд, Угол, Уровень]]></param>
			<param name="Питание"><![CDATA[Аккумуляторная батарея]]></param>
			<param name="Вес"><![CDATA[1,3 кг]]></param>
			<param name="Гарантия"><![CDATA[1 месяц]]></param>
			<param name="Страна регистрации бренда"><![CDATA[Китай]]></param>
			<param name="Наличие"><![CDATA[есть]]></param>
		</offer>
		<offer id="LampSun" available="true">
			<url>https://ukrpodarok.com.ua/lampa-manikyurnaya-dlya-polimerizatsii-gel-laka-uft-sun-5-48w-uv-led.html</url>
			<price>699</price>
			<price_old>750</price_old>
			<currencyId>UAH</currencyId>
			<categoryId>152159</categoryId>
			<picture>https://ukrpodarok.com.ua/images/152160_0.jpg</picture>
			<picture>https://ukrpodarok.com.ua/images/152160_100294.jpg</picture>
			<picture>https://ukrpodarok.com.ua/images/152160_99601.jpg</picture>
			<picture>https://ukrpodarok.com.ua/images/152160_99602.jpg</picture>
			<picture>https://ukrpodarok.com.ua/images/152160_100295.jpg</picture>
			<picture>https://ukrpodarok.com.ua/images/152160_100296.jpg</picture>
			<picture>https://ukrpodarok.com.ua/images/152160_100297.jpg</picture>
			<vendor>UFT</vendor>
			<name>Лампа маникюрная для полимеризации гель лака UFT SUN 5 48W UV/LED</name>
			<barcode>8000000027740</barcode>
			<stock_quantity>50</stock_quantity>
			<description>
				<![CDATA[<p>Это гибрид UV и LED лампы нового поколения. Лампа SUN 5 (48W LED+UV) Rose предназначена для полимеризации гель-лаков (шеллак), наращивания ногтей и любых покрытий, в состав которых входит гель (например, биогель).</p>  <p>UV LED лампа которая отлично подойдет не только для дома, но и для салонов красоты. Лампа для полимеризации SUN 5 имеет несколько настроек времени что делает ее очень удобной в использовании и станет незаменимым помощником мастера маникюра. Вам вовсе не надо следить за временем затвердевания лака. UV LED лампа Sun 5&nbsp; способна проработать до 50000 часов.</p>  <p>Технология двойного источника света, охватывает более широкий спектр ультрафиолетового диапазона, поэтому подходит для сушки гель-лаков и твердых гелей, оснащена 24 светодиодными лампочками. Имеет пластиковый корпус бело-розового цвета, на верхней части которого расположен электронный дисплей на которой выводится отсчёт таймера, включение происходит при помощи сенсора движения (помещаете руку в лампу- включается лампа). Лампа подключается к сети 220В через кабель. Отличается возможностью отсоединения дна, что удобно при педикюре.</p>  <p>Технические характеристики:</p>    Режим работы: до 50000 часов  Мощность: 48 Вт  Размер: 205х203х93 мм  Вес: 750 гр.  Безопасная для здоровья человека длина волны: 365 - 405 nm  Цвет: пастельно розовый  Комплектация: LED лампа, кабель, инструкция.  ]]>
			</description>
			<param name="Бренд"><![CDATA[UFT]]></param>
			<param name="Особенности"><![CDATA[Дисплей; Дно съёмное;Таймер;]]></param>
			<param name="Тип лампы"><![CDATA[UV;LED;]]></param>
			<param name="Таймер,сек"><![CDATA[10;30;60;]]></param>
			<param name="Мощность"><![CDATA[48]]></param>
			<param name="Состав"><![CDATA[Лампа]]></param>
			<param name="Цвет изделия"><![CDATA[Белый]]></param>
			<param name="Количество светодиодов"><![CDATA[24шт]]></param>
			<param name="Тип питания"><![CDATA[Сеть]]></param>
			<param name="Страна регистрации бренда"><![CDATA[Китай]]></param>
			<param name="Странапроизводитель"><![CDATA[Китай]]></param>
			<param name="Гарантия"><![CDATA[1 месяц]]></param>
			<param name="Наличие"><![CDATA[есть]]></param>
			<param name="вес в упаковке кг"><![CDATA[0.3]]></param>
			<param name="высота в упаковке см"><![CDATA[20]]></param>
			<param name="глубина в упаковке см"><![CDATA[20]]></param>
			<param name="ширина в упаковке см"><![CDATA[15]]></param>
			<param name="количество грузовых мест"><![CDATA[1]]></param>
			<param name="штрихкод"><![CDATA[8000000027740]]></param>
		</offer>
		<offer id="uftmp72" available="false">
			<url>https://ukrpodarok.com.ua/lanchboks-iz-bioplastika-cg-mp72-rose.html</url>
			<price>325</price>
			<price_old>399</price_old>
			<currencyId>UAH</currencyId>
			<categoryId>1560</categoryId>
			<picture>https://ukrpodarok.com.ua/images/1542_0.jpg</picture>
			<picture>https://ukrpodarok.com.ua/images/1542_1537.jpg</picture>
			<picture>https://ukrpodarok.com.ua/images/1542_0.jpg</picture>
			<picture>https://ukrpodarok.com.ua/images/1542_0.jpg</picture>
			<picture>https://ukrpodarok.com.ua/images/1542_1535.jpg</picture>
			<picture>https://ukrpodarok.com.ua/images/1542_1536.jpg</picture>
			<picture>https://ukrpodarok.com.ua/images/1542_0.jpg</picture>
			<vendor>CG</vendor>
			<name>Ланчбокс из биопластика CG MP72 Rose</name>
			<barcode></barcode>
			<stock_quantity>0</stock_quantity>
			<description>
				<![CDATA[<p>Ланчбокс из биопластика&nbsp;изготовлен по специальной технологии из полимерного материала на основе соломы, рисовой шелухи. После утилизации разлагается в течение 1 года.</p>  <p>У ланч-бокса 2 яруса: 1 глубокий, 1 для хлеба + этаж с прикрепленными ложкой, вилкой и палочками из этого же материала. В крышку встроены ручки для удобной переноски.&nbsp;Ланчбокс&nbsp;можно использовать в микроволновке, предворительно сняв крышку.&nbsp;</p>  <p></p>]]>
			</description>
			<param name="Тип"><![CDATA[Ланч-бокс]]></param>
			<param name="Цвет"><![CDATA[Розовый]]></param>
			<param name="Материал"><![CDATA[Бамбуковое волокно]]></param>
			<param name="Особенности"><![CDATA[Использование в морозильной камере]]></param>
			<param name="Форма"><![CDATA[Прямоугольная]]></param>
			<param name="Вес,г"><![CDATA[0.3]]></param>
			<param name="Гарантия"><![CDATA[6 месяцев]]></param>
			<param name="Наличие"><![CDATA[нет]]></param>
		</offer>
		<offer id="FlySmile1" available="false">
			<url>https://ukrpodarok.com.ua/letayuschii-smailik-igrushka-s-datchikom-na-prepyatstviya-uft-fly-smile1.html</url>
			<price>199</price>
			<price_old>299</price_old>
			<price_promo>188</price_promo>
			<currencyId>UAH</currencyId>
			<categoryId>1558</categoryId>
			<picture>https://ukrpodarok.com.ua/images/152184_0.jpg</picture>
			<picture>https://ukrpodarok.com.ua/images/152184_100216.jpg</picture>
			<vendor>UFT</vendor>
			<name>Летающий смайлик игрушка с датчиком на препятствия UFT Fly Smile1</name>
			<barcode>4820176250315</barcode>
			<stock_quantity>0</stock_quantity>
			<description>
				<![CDATA[<p>Подарите своему ребенку летающего смайлика UFT и наблюдайте за тем, как ваш ребенок резвится вместе с яркой игрушкой! Летающий смайл UFT развивает быстроту реакции, ловкость и внимание, а также координацию движений вашего ребенка.</p>  <p>Соблюдайте осторожность!<br />Пропеллер мягкий, но стоит бысть внимательным, что бы не попасть в глаз.<br />Радиус действия&nbsp;&nbsp; &nbsp;до 5 м<br />Тип управления&nbsp;&nbsp; &nbsp;Радиоуправление<br />Питание&nbsp;&nbsp; &nbsp;Литий-полимерный аккумулятор, 3.7 В</p>  <p>Время зарядки: 15 мин<br />Управление:&nbsp; С помощью руки. Встроен датчик, реагирующий на тепло.<br />Габариты&nbsp;&nbsp; &nbsp;11 х 15 х 6 см<br />Кабель-зарядка USB- в комплекте</p>]]>
			</description>
			<param name="Тип"><![CDATA[Вертолеты]]></param>
			<param name="Радиус действия"><![CDATA[до 5 м]]></param>
			<param name="Тип управления"><![CDATA[Радиоуправление]]></param>
			<param name="Пол"><![CDATA[Мальчик;Девочка;]]></param>
			<param name="Комплектация"><![CDATA[Игрушка;Кабель-зарядка USB]]></param>
			<param name="Бренд"><![CDATA[UFT]]></param>
			<param name="Цвет"><![CDATA[Желтый]]></param>
			<param name="Гарантия"><![CDATA[14 дней]]></param>
			<param name="Наличие"><![CDATA[нет]]></param>
			<param name="вес в упаковке кг"><![CDATA[0.3]]></param>
			<param name="высота в упаковке см"><![CDATA[19]]></param>
			<param name="глубина в упаковке см"><![CDATA[17]]></param>
			<param name="ширина в упаковке см"><![CDATA[6]]></param>
			<param name="количество грузовых мест"><![CDATA[1]]></param>
			<param name="штрихкод"><![CDATA[4820176250315]]></param>
		</offer>
		<offer id="Flysmile3" available="false">
			<url>https://ukrpodarok.com.ua/letayuschii-smailik-igrushka-sdatchikom-na-prepyatstviya-cg-fly-smile3.html</url>
			<price>199</price>
			<price_old>299</price_old>
			<currencyId>UAH</currencyId>
			<categoryId>1558</categoryId>
			<picture>https://ukrpodarok.com.ua/images/152185_0.jpg</picture>
			<picture>https://ukrpodarok.com.ua/images/152185_99908.jpg</picture>
			<picture>https://ukrpodarok.com.ua/images/152185_100217.jpg</picture>
			<vendor>CG</vendor>
			<name>Летающий смайлик игрушка сдатчиком на препятствия CG Fly Smile3</name>
			<barcode>4820176250339</barcode>
			<stock_quantity>0</stock_quantity>
			<description>
				<![CDATA[<p>Подарите своему ребенку летающего смайлика и наблюдайте за тем, как ваш ребенок резвится вместе с яркой игрушкой!<br />Летающий смайл развивает быстроту реакции, ловкость и внимание, а также координацию движений вашего ребенка.<br /><br /></p>  <p><strong>Соблюдайте осторожность!</strong><br />Пропеллер мягкий, но стоит бысть внимательным, что бы не попасть в глаз.</p>]]>
			</description>
			<param name="Тип"><![CDATA[Вертолеты]]></param>
			<param name="Радиус действия"><![CDATA[до 5 м]]></param>
			<param name="Тип управления"><![CDATA[Радиоуправление]]></param>
			<param name="Комплектация"><![CDATA[ИгрушкаКабель-зарядка USB]]></param>
			<param name="Возраст"><![CDATA[от 5 лет]]></param>
			<param name="Страна производитель"><![CDATA[Китай]]></param>
			<param name="Цвет"><![CDATA[Желтый]]></param>
			<param name="Гарантия"><![CDATA[14 дней]]></param>
			<param name="Наличие"><![CDATA[нет]]></param>
			<param name="вес в упаковке кг"><![CDATA[0.3]]></param>
			<param name="высота в упаковке см"><![CDATA[19]]></param>
			<param name="глубина в упаковке см"><![CDATA[17]]></param>
			<param name="ширина в упаковке см"><![CDATA[7]]></param>
			<param name="количество грузовых мест"><![CDATA[1]]></param>
			<param name="штрихкод"><![CDATA[4820176250339]]></param>
		</offer>
		<offer id="GC01" available="false">
			<url>https://ukrpodarok.com.ua/magnitnaya-schetka-dlya-mitya-okon-odnokamernih-cg-gc01.html</url>
			<price>129</price>
			<price_old>167</price_old>
			<price_promo>116</price_promo>
			<currencyId>UAH</currencyId>
			<categoryId>152241</categoryId>
			<picture>https://ukrpodarok.com.ua/images/152240_0.jpg</picture>
			<picture>https://ukrpodarok.com.ua/images/152240_100065.jpg</picture>
			<picture>https://ukrpodarok.com.ua/images/152240_100069.jpg</picture>
			<vendor>CG</vendor>
			<name>Магнитная щетка для мытья окон однокамерных CG GC01</name>
			<barcode>4820176280237</barcode>
			<stock_quantity>0</stock_quantity>
			<description>
				<![CDATA[  <p>Магнитная щетка CG<b>&nbsp;Glass Clean&nbsp;</b>предназначена для мытья окон с двух сторон одновременно.<br />Главное пореимущество заключается в безопасности во время мытья окон, ведь больше нет необходимости тянуться, перевешиваясь в окно.<br />Держа в руке одну часть щетки, вы моете окно с внутренней стороны, тем временем вторая часть щетки моет внешнюю сторону окна. А вы при этом находитесь в помещении в полной сохранности, независимо от этажа.<br /><br />Щетка для мытья окон Glass Clean подходит для одинарных стекол толщиной: 3 - 8 мм.<br /><br /><br />Благодаря щетке CG<b>&nbsp;Glass Clean</b>&nbsp;вы без труда вымоете окно очень быстро и, главное, с максимальной безопасностью для жизни. Секрет щетки заключается в том, что обе ее стороны снабжены магнитами - именно они позволят вам мыть окно одновременно с двух сторон.&nbsp;<br /><br /><b>Как пользоваться щеткой?</b></p>      Поверните обе части на 90 градусов по отношению друг к другу, и щетка готова к использованию.  Тщательно смочите мягкие поверхности щетки в мыльном растворе.&nbsp;  Затем разместите обе половинки щетки с внутренней и внешней стороны окна. Проводите щеткой по краям стекла рядом с рамой, старайтесь оберегать соединительный шнур, следите, чтобы не было зажимов. Далее можете приступать к середине стекла. Вся грязь будет течь вниз, вам нужно лишь продолжать свои движения, пока не кончится стекло.    ]]>
			</description>
			<param name="Тип"><![CDATA[Щетки]]></param>
			<param name="Материал"><![CDATA[Микрофибра;Пластик]]></param>
			<param name="Вид"><![CDATA[Механический]]></param>
			<param name="Цвет"><![CDATA[Желто-синий]]></param>
			<param name="Назначение"><![CDATA[Для окон]]></param>
			<param name="Рекомендации по уходу"><![CDATA[Мыть в теплой воде с мылом]]></param>
			<param name="Страна регистрации бренда"><![CDATA[Украина]]></param>
			<param name="Гарантия"><![CDATA[6 месяцев]]></param>
			<param name="Наличие"><![CDATA[нет]]></param>
			<param name="вес в упаковке кг"><![CDATA[0.25]]></param>
			<param name="высота в упаковке см"><![CDATA[11]]></param>
			<param name="глубина в упаковке см"><![CDATA[12]]></param>
			<param name="ширина в упаковке см"><![CDATA[6.5]]></param>
			<param name="количество грузовых мест"><![CDATA[1]]></param>
			<param name="штрихкод"><![CDATA[4820176280237]]></param>
			<param name="гарантия"><![CDATA[1]]></param>
		</offer>
		<offer id="IP48" available="true">
			<url>https://ukrpodarok.com.ua/magnitnii-derzhatel-dlya-telefona-s-besprovodnoi-zaryadkoi-magsafe-vokamo-ip48.html</url>
			<price>1999</price>
			<price_old>2350</price_old>
			<currencyId>UAH</currencyId>
			<categoryId>960</categoryId>
			<picture>https://ukrpodarok.com.ua/images/152464_0.jpg</picture>
			<picture>https://ukrpodarok.com.ua/images/152464_101277.jpg</picture>
			<picture>https://ukrpodarok.com.ua/images/152464_101278.jpg</picture>
			<picture>https://ukrpodarok.com.ua/images/152464_101279.jpg</picture>
			<picture>https://ukrpodarok.com.ua/images/152464_101280.jpg</picture>
			<picture>https://ukrpodarok.com.ua/images/152464_101281.jpg</picture>
			<picture>https://ukrpodarok.com.ua/images/152464_101282.jpg</picture>
			<picture>https://ukrpodarok.com.ua/images/152464_101283.jpg</picture>
			<picture>https://ukrpodarok.com.ua/images/152464_101284.jpg</picture>
			<picture>https://ukrpodarok.com.ua/images/152464_101285.jpg</picture>
			<picture>https://ukrpodarok.com.ua/images/152464_101286.jpg</picture>
			<picture>https://ukrpodarok.com.ua/images/152464_101287.jpg</picture>
			<vendor>VOKAMO</vendor>
			<name>Магнитный держатель для телефона с беспроводной зарядкой MagSafe VOKAMO IP48</name>
			<barcode>8000000010445</barcode>
			<stock_quantity>50</stock_quantity>
			<description>
				<![CDATA[IP48 - автомобильный держатель для смартфона с функцией беспроводной зарядки, который крепится в дефлектор (воздуховод).<br />Перед началом покрутите ребристый цилиндр против часовой стрелки для того что бы выдвинуть металлические кручки, вставте в дефлектор и крутите кольцо пока крепление не станет плотно на место.<br />Для включение беспроводной зарядки подключите кабель USB - Type-C (в комплекте) и нажмите кнопку на держателе.<br />Для изменения наклона держателя - ослабте пластиковую шайбу, выберите нужное положение и затяните шайбу.<br /><br /><br />Особенности:<br /><br />1. Используйте 32 точно установленных неодимовых магнита N52, которые устойчиво притягивают ваш телефон и избегают падения с ударов.<br /><br />2. Разработан с независимым переключателем, поддерживает включение/выключение функции беспроводной зарядки, эффективно защищает аккумулятор вашего телефона.<br /><br />3. Поддержка беспроводной зарядки мощностью 15 Вт (макс.) с усовершенствованной системой защиты от перегрузки.<br /><br />4. Точный магнит, поддержка надевается/снимается одной рукой. Вращающаяся на 360° конструкция поддерживает использование под любым углом, обеспечивая удобство использования.<br /><br />5. Новая усовершенствованная конструкция с двумя крючками, предотвращающая падение, и фиксирующая прокрутка, прочно прикрепленная к вашему автомобилю без каких-либо раскачиваний.<br /><br /><br />]]>
			</description>
			<param name="Место установки"><![CDATA[На дефлектор]]></param>
			<param name="Тип"><![CDATA[Автодержатели]]></param>
			<param name="Назначение"><![CDATA[Для мобильных телефонов]]></param>
			<param name="Особенности"><![CDATA[С функцией беспроводной зарядки]]></param>
			<param name="Гарантия"><![CDATA[14 дней]]></param>
			<param name="Наличие"><![CDATA[есть]]></param>
			<param name="вес в упаковке кг"><![CDATA[0.3]]></param>
			<param name="высота в упаковке см"><![CDATA[10]]></param>
			<param name="глубина в упаковке см"><![CDATA[10]]></param>
			<param name="ширина в упаковке см"><![CDATA[10]]></param>
			<param name="количество грузовых мест"><![CDATA[1]]></param>
			<param name="штрихкод"><![CDATA[8000000010445]]></param>
		</offer>
		<offer id="UFTmask1Yellow" available="false">
			<url>https://ukrpodarok.com.ua/maska-s-led-podsvetkoi-uft-mask-yellow-na-batareikah.html</url>
			<price>177</price>
			<price_old>259</price_old>
			<currencyId>UAH</currencyId>
			<categoryId>50691</categoryId>
			<picture>https://ukrpodarok.com.ua/images/152011_0.jpg</picture>
			<picture>https://ukrpodarok.com.ua/images/52692_63587.jpg</picture>
			<picture>https://ukrpodarok.com.ua/images/52692_63588.jpg</picture>
			<vendor>UFT</vendor>
			<name>Маска с LED подсветкой UFT Mask Yellow на батарейках</name>
			<barcode>4820176252265</barcode>
			<stock_quantity>0</stock_quantity>
			<description>
				<![CDATA[<p>UFT LED Mask 1 - это нeонoвая маcка из фильма &laquo;Суднaя нoчь&raquo; для наcтoящиx экcтpeмалов.&nbsp;<br />Необычный aкceсcуaр, c кoторым вы окажетесь в цeнтре внимания на любой вечеринке или в ночном клубе.</p>  <p>На белую пластиковую маску нанесены силиконовые трубки имитируя швы, по которым передается свет от светодиодов.</p>  <p>&nbsp;</p>  <p>&nbsp;</p>]]>
			</description>
			<param name="Тип"><![CDATA[Маски]]></param>
			<param name="Тематика"><![CDATA[Хэллоуин]]></param>
			<param name="Подсветка"><![CDATA[LED]]></param>
			<param name="Питание"><![CDATA[Батарейка АА]]></param>
			<param name="Цвет маски"><![CDATA[Белый]]></param>
			<param name="Цвет подсветки"><![CDATA[Желтый]]></param>
			<param name="Бренд"><![CDATA[UFT]]></param>
			<param name="Гарантия"><![CDATA[14 дней]]></param>
			<param name="Наличие"><![CDATA[нет]]></param>
			<param name="вес в упаковке кг"><![CDATA[0.3]]></param>
			<param name="высота в упаковке см"><![CDATA[20]]></param>
			<param name="глубина в упаковке см"><![CDATA[7]]></param>
			<param name="ширина в упаковке см"><![CDATA[17]]></param>
			<param name="количество грузовых мест"><![CDATA[1]]></param>
			<param name="штрихкод"><![CDATA[4820176252265]]></param>
		</offer>
		<offer id="Hero3" available="true">
			<url>https://ukrpodarok.com.ua/maska-supergeroi-rossomaha-dlya-detei-uft-hero3-s-led-podsvetkoi.html</url>
			<price>155</price>
			<price_old>299</price_old>
			<price_promo>136</price_promo>
			<currencyId>UAH</currencyId>
			<categoryId>50691</categoryId>
			<picture>https://ukrpodarok.com.ua/images/151883_0.jpg</picture>
			<picture>https://ukrpodarok.com.ua/images/151883_100687.jpg</picture>
			<picture>https://ukrpodarok.com.ua/images/151883_100691.jpg</picture>
			<picture>https://ukrpodarok.com.ua/images/151883_100689.jpg</picture>
			<picture>https://ukrpodarok.com.ua/images/151883_100690.jpg</picture>
			<vendor>CG</vendor>
			<name>Маска супергерои Россомаха для детей UFT Hero3 с LED подсветкой</name>
			<barcode>4820176250124</barcode>
			<stock_quantity>20</stock_quantity>
			<description>
				<![CDATA[<p>Маска идеально подходит для маскарадных вечеринок, дней рождений, вечеринок, карнавалов или Хэллоуина,<br />прочный материал,<br />Легкая, застегивающаяся на резинку,<br />Подсвечивается LED светом (мерцающий розовый, фиолетовый), не слепящий глаза.<br />Маска безопасна в использовании - позволяет свободно дышать,<br />Маска фантастически отражает маску Росомахи.<br />Материал: пластик, пластик<br />Цвет: синий, желтый<br />LED подсветка: розовато-фиолетовая<br />Уникальный внешний вид<br />Очень хорошая производительность<br />Универсальный размер<br />Идеальный подарок для поклонников супергероев комиксов<br />Продается с батарейками<br />Чтобы включить светодиодный свет в маске, снимите бумагу и нажмите синий переключатель.</p>]]>
			</description>
			<param name="Тип"><![CDATA[Маски]]></param>
			<param name="Комплектация"><![CDATA[Один предмет]]></param>
			<param name="Категория"><![CDATA[Для мальчиков;]]></param>
			<param name="Тематика"><![CDATA[Для вечеринок;Супергерои;]]></param>
			<param name="Пол"><![CDATA[Мальчик;Девочка;]]></param>
			<param name="Гарантия"><![CDATA[14 дней]]></param>
			<param name="Наличие"><![CDATA[есть]]></param>
			<param name="вес в упаковке кг"><![CDATA[0.3]]></param>
			<param name="высота в упаковке см"><![CDATA[20]]></param>
			<param name="глубина в упаковке см"><![CDATA[17]]></param>
			<param name="ширина в упаковке см"><![CDATA[7]]></param>
			<param name="количество грузовых мест"><![CDATA[1]]></param>
			<param name="штрихкод"><![CDATA[4820176250124]]></param>
		</offer>
		<offer id="MHMP01" available="true">
			<url>https://ukrpodarok.com.ua/massazhnaya-podushka-s-podogrevom-heated-massage-pillow-uft-hmp01.html</url>
			<price>644</price>
			<price_old>999</price_old>
			<currencyId>UAH</currencyId>
			<categoryId>50906</categoryId>
			<picture>https://ukrpodarok.com.ua/images/152449_0.jpg</picture>
			<picture>https://ukrpodarok.com.ua/images/152449_101209.jpg</picture>
			<picture>https://ukrpodarok.com.ua/images/152449_101210.jpg</picture>
			<picture>https://ukrpodarok.com.ua/images/152449_101211.jpg</picture>
			<vendor>UFT</vendor>
			<name>Массажная подушка с подогревом Heated Massage Pillow UFT HMP01</name>
			<barcode>4820176260765</barcode>
			<stock_quantity>50</stock_quantity>
			<description>
				<![CDATA[Heated Massage Pillow— это личный массажист дома, в дороге, в автомобиле, в офисе и на даче. Массажная подушка универсальна тем, что с ее помощью можно делать роликовый разминающий массаж шеи и спины в автомобиле, а в домашних условиях — массаж всего тела от шеи до стоп. Небольшая массажная подушка удобна в поездках.<br />Массажная подушка крепится на подголовник кресла.<br />Запускается всего одной кнопкой. При первом нажатии нагревается и начинает разминку, при втором – обратный массаж. Третье нажатие выключает подогрев и четвертое выключает аппарат.<br />Возможно питание от прикуривателя или от сети 220V.]]>
			</description>
			<param name="Вид массажера"><![CDATA[Массажная подушка]]></param>
			<param name="Вид массажа"><![CDATA[Роликовый;Вибромассаж;]]></param>
			<param name="Функции"><![CDATA[Подогрев;Инфракрасный прогрев]]></param>
			<param name="Гарантия"><![CDATA[1 месяц]]></param>
			<param name="Питание"><![CDATA[Сеть]]></param>
			<param name="Наличие"><![CDATA[есть]]></param>
			<param name="вес в упаковке кг"><![CDATA[0.4]]></param>
			<param name="высота в упаковке см"><![CDATA[39]]></param>
			<param name="глубина в упаковке см"><![CDATA[19]]></param>
			<param name="ширина в упаковке см"><![CDATA[12]]></param>
			<param name="количество грузовых мест"><![CDATA[1]]></param>
			<param name="штрихкод"><![CDATA[4820176260765]]></param>
		</offer>
		<offer id="uftarr1black" available="true">
			<url>https://ukrpodarok.com.ua/mashinka-dlya-virtualnoi-igri-na-telefone-ar-racing-uft-arr1-black.html</url>
			<price>99</price>
			<currencyId>UAH</currencyId>
			<categoryId>50495</categoryId>
			<picture>https://ukrpodarok.com.ua/images/1573_0.jpg</picture>
			<picture>https://ukrpodarok.com.ua/images/1573_0.jpg</picture>
			<picture>https://ukrpodarok.com.ua/images/1573_1597.jpg</picture>
			<picture>https://ukrpodarok.com.ua/images/1573_0.jpg</picture>
			<picture>https://ukrpodarok.com.ua/images/1573_0.jpg</picture>
			<picture>https://ukrpodarok.com.ua/images/1573_0.jpg</picture>
			<picture>https://ukrpodarok.com.ua/images/1573_0.jpg</picture>
			<vendor>CG</vendor>
			<name>Машинка для виртуальной игры на телефоне AR Racing UFT ARR1 black</name>
			<barcode>8000000002525</barcode>
			<stock_quantity>9</stock_quantity>
			<description>
				<![CDATA[<p>Машинка для виртуальной игры на телефоне AR Racing UFT ARR1 удивительный и компактный гаджет для игор на Вашем смартфоне.&nbsp;</p>  <p>AR Racing UFT синхронизируется со смартфонами посредством QR кода, который считывает программа, заранее установленная на смартфон/планшет</p>  <p>Для запуска игры необходимо сделать пару просты действий:</p>  <p>1) отсканируйте QR-код, расположенный на инструкции, либо на упаковке (программа HelloAR car)<br />2) установите приложение;<br />3) отсканируйте QR-код, расположенный на подставке, чтобы добавить машинку в игру<br />Теперь Ваш смартфон подсоединен к машине и вы можете играть.</p>]]>
			</description>
			<param name="Размер гаджета"><![CDATA[6 х3,2 х1,5 см]]></param>
			<param name="Вес"><![CDATA[48 г]]></param>
			<param name="Цвет"><![CDATA[Черный]]></param>
			<param name="Гарантия"><![CDATA[14 дней]]></param>
			<param name="Комплектация"><![CDATA[игрушка, инструкция;]]></param>
			<param name="Наличие"><![CDATA[есть]]></param>
			<param name="штрихкод"><![CDATA[8000000002525]]></param>
		</offer>
		<offer id="uftarr1blue" available="true">
			<url>https://ukrpodarok.com.ua/mashinka-dlya-virtualnoi-igri-na-telefone-ar-racing-uft-arr1-blue.html</url>
			<price>99</price>
			<currencyId>UAH</currencyId>
			<categoryId>50495</categoryId>
			<picture>https://ukrpodarok.com.ua/images/1574_0.jpg</picture>
			<picture>https://ukrpodarok.com.ua/images/1574_0.jpg</picture>
			<picture>https://ukrpodarok.com.ua/images/1574_1598.jpg</picture>
			<picture>https://ukrpodarok.com.ua/images/1574_0.jpg</picture>
			<picture>https://ukrpodarok.com.ua/images/1574_0.jpg</picture>
			<picture>https://ukrpodarok.com.ua/images/1574_0.jpg</picture>
			<picture>https://ukrpodarok.com.ua/images/1574_0.jpg</picture>
			<vendor>CG</vendor>
			<name>Машинка для виртуальной игры на телефоне AR Racing UFT ARR1 blue</name>
			<barcode>8000000002532</barcode>
			<stock_quantity>10</stock_quantity>
			<description>
				<![CDATA[<p>Машинка для виртуальной игры на телефоне AR Racing UFT ARR1 удивительный и компактный гаджет для игор на Вашем смартфоне.&nbsp;</p>  <p>AR Racing UFT синхронизируется со смартфонами посредством QR кода, который считывает программа, заранее установленная на смартфон/планшет</p>  <p>Для запуска игры необходимо сделать пару просты действий:</p>  <p>1) отсканируйте QR-код, расположенный на инструкции, либо на упаковке (программа HelloAR car)<br />2) установите приложение;<br />3) отсканируйте QR-код, расположенный на подставке, чтобы добавить машинку в игру<br />Теперь Ваш смартфон подсоединен к машине и вы можете играть.<br /></p>  <p><strong>]]>
			</description>
			<param name="Размер гаджета"><![CDATA[6х3,2х1,5 см]]></param>
			<param name="Вес"><![CDATA[48 г]]></param>
			<param name="Цвет"><![CDATA[Синий]]></param>
			<param name="Гарантия"><![CDATA[14 дней]]></param>
			<param name="Комплектация"><![CDATA[игрушка, инструкция;]]></param>
			<param name="Наличие"><![CDATA[есть]]></param>
			<param name="штрихкод"><![CDATA[8000000002532]]></param>
		</offer>
		<offer id="uftarr1red" available="true">
			<url>https://ukrpodarok.com.ua/mashinka-dlya-virtualnoi-igri-na-telefone-ar-racing-uft-arr1-red.html</url>
			<price>99</price>
			<currencyId>UAH</currencyId>
			<categoryId>50495</categoryId>
			<picture>https://ukrpodarok.com.ua/images/1572_0.jpg</picture>
			<vendor>CG</vendor>
			<name>Машинка для виртуальной игры на телефоне AR Racing UFT ARR1 red</name>
			<barcode>8000000002549</barcode>
			<stock_quantity>10</stock_quantity>
			<description>
				<![CDATA[<p>Машинка для виртуальной игры на телефоне AR Racing UFT ARR1 удивительный и компактный гаджет для игор на Вашем смартфоне.&nbsp;</p>  <p>AR Racing UFT синхронизируется со смартфонами посредством QR кода, который считывает программа, заранее установленная на смартфон/планшет</p>  <p>Для запуска игры необходимо сделать пару просты действий:</p>  <p>1) отсканируйте QR-код, расположенный на инструкции, либо на упаковке (программа HelloAR car)<br />2) установите приложение;<br />3) отсканируйте QR-код, расположенный на подставке, чтобы добавить машинку в игру<br />Теперь Ваш смартфон подсоединен к машине и вы можете играть.</p>  <p></p>  <p>&nbsp;&nbsp;</p>]]>
			</description>
			<param name="Размер гаджета"><![CDATA[6х3,2х1,5 см]]></param>
			<param name="Вес"><![CDATA[48 г]]></param>
			<param name="Цвет"><![CDATA[Красный]]></param>
			<param name="Гарантия"><![CDATA[14 дней]]></param>
			<param name="Комплектация"><![CDATA[игрушка, инструкция;]]></param>
			<param name="Наличие"><![CDATA[есть]]></param>
			<param name="штрихкод"><![CDATA[8000000002549]]></param>
		</offer>
		<offer id="UFTFunnyBusBlue" available="true">
			<url>https://ukrpodarok.com.ua/mashinka-inertsionnaya-perevertish-uft-funny-bus-blue.html</url>
			<price>85</price>
			<price_old>149</price_old>
			<currencyId>UAH</currencyId>
			<categoryId>152367</categoryId>
			<picture>https://ukrpodarok.com.ua/images/152374_0.jpg</picture>
			<picture>https://ukrpodarok.com.ua/images/152374_100665.jpg</picture>
			<picture>https://ukrpodarok.com.ua/images/152374_100666.jpg</picture>
			<picture>https://ukrpodarok.com.ua/images/152374_100667.jpg</picture>
			<picture>https://ukrpodarok.com.ua/images/152374_100668.jpg</picture>
			<vendor>UFT</vendor>
			<name>Машинка инерционная перевертыш UFT Funny Bus Blue</name>
			<barcode></barcode>
			<stock_quantity>100</stock_quantity>
			<description>
				<![CDATA[UFT Funny Bus это трюковая машинка которая переворачивается и крутиться наэезжая на препядствия или сталкиваясь с преградами.<br /><br />Детская машинка&nbsp;имеет инерционный механизм, для запуска достаточно&nbsp;толкнуть ее вперед или назад и она поедет по инерции.<br />Что бы авто набрало большую скорость, необходимо несколько раз проести нею по ровной поверхности, затем отпустите, и она поедет с сумасшедшей скоростью.<br />&nbsp;<br />Имея несколько таких автомобилей, можно устраивать&nbsp;сногсшибательные&nbsp;столкновения и трюки.&nbsp;<br /><br />Детская машинка выполнена в&nbsp;стиле автобуса с подвеской от внедорожника. Огромные прорезиненные колеса имеют отличное сцепление с оверхностью.<br />]]>
			</description>
			<param name="Вид игрушки"><![CDATA[Автобус]]></param>
			<param name="Особенности"><![CDATA[Инерционный привод]]></param>
			<param name="Класс"><![CDATA[Трюкач]]></param>
			<param name="Тип"><![CDATA[Модельки]]></param>
			<param name="Размеры"><![CDATA[7 х 7 х 5 см]]></param>
			<param name="Комплект поставок"><![CDATA[Внедорожник]]></param>
			<param name="Масштаб"><![CDATA[1:72]]></param>
			<param name="Цвет"><![CDATA[Синий]]></param>
			<param name="Материал"><![CDATA[Металл;Пластик;]]></param>
			<param name="Страна регистрации бренда"><![CDATA[Украина]]></param>
			<param name="Гарантия"><![CDATA[6 месяцев]]></param>
			<param name="Наличие"><![CDATA[есть]]></param>
		</offer>
		<offer id="UFTFunnyBusOrange" available="true">
			<url>https://ukrpodarok.com.ua/mashinka-inertsionnaya-perevertish-uft-funny-bus-orange.html</url>
			<price>85</price>
			<price_old>149</price_old>
			<currencyId>UAH</currencyId>
			<categoryId>152367</categoryId>
			<picture>https://ukrpodarok.com.ua/images/152373_0.jpg</picture>
			<picture>https://ukrpodarok.com.ua/images/152373_100662.jpg</picture>
			<picture>https://ukrpodarok.com.ua/images/152373_100663.jpg</picture>
			<picture>https://ukrpodarok.com.ua/images/152373_100664.jpg</picture>
			<vendor>UFT</vendor>
			<name>Машинка инерционная перевертыш UFT Funny Bus Orange</name>
			<barcode></barcode>
			<stock_quantity>100</stock_quantity>
			<description>
				<![CDATA[UFT Funny Bus это трюковая машинка которая переворачивается и крутиться наэезжая на препядствия или сталкиваясь с преградами.<br /><br />Детская машинка&nbsp;имеет инерционный механизм, для запуска достаточно&nbsp;толкнуть ее вперед или назад и она поедет по инерции.<br />Что бы авто набрало большую скорость, необходимо несколько раз проести нею по ровной поверхности, затем отпустите, и она поедет с сумасшедшей скоростью.<br />&nbsp;<br />Имея несколько таких автомобилей, можно устраивать&nbsp;сногсшибательные&nbsp;столкновения и трюки.&nbsp;<br /><br />Детская машинка выполнена в&nbsp;стиле автобуса с подвеской от внедорожника. Огромные прорезиненные колеса имеют отличное сцепление с оверхностью.<br />]]>
			</description>
			<param name="Вид игрушки"><![CDATA[Автобус]]></param>
			<param name="Особенности"><![CDATA[Инерционный привод]]></param>
			<param name="Класс"><![CDATA[Трюкач]]></param>
			<param name="Тип"><![CDATA[Модельки]]></param>
			<param name="Размеры"><![CDATA[7 х 7 х 5 см]]></param>
			<param name="Комплект поставок"><![CDATA[Внедорожник]]></param>
			<param name="Масштаб"><![CDATA[1:72]]></param>
			<param name="Цвет"><![CDATA[Оранжевый]]></param>
			<param name="Материал"><![CDATA[Металл;Пластик;]]></param>
			<param name="Страна регистрации бренда"><![CDATA[Украина]]></param>
			<param name="Гарантия"><![CDATA[6 месяцев]]></param>
			<param name="Наличие"><![CDATA[есть]]></param>
		</offer>
		<offer id="FunnyBusViolet" available="true">
			<url>https://ukrpodarok.com.ua/mashinka-inertsionnaya-perevertish-uft-funny-bus-violet.html</url>
			<price>79</price>
			<price_old>129</price_old>
			<currencyId>UAH</currencyId>
			<categoryId>152367</categoryId>
			<picture>https://ukrpodarok.com.ua/images/152400_0.jpg</picture>
			<picture>https://ukrpodarok.com.ua/images/152400_100858.jpg</picture>
			<picture>https://ukrpodarok.com.ua/images/152400_100859.jpg</picture>
			<picture>https://ukrpodarok.com.ua/images/152400_100860.jpg</picture>
			<picture>https://ukrpodarok.com.ua/images/152400_100861.jpg</picture>
			<vendor>UFT</vendor>
			<name>Машинка инерционная перевертыш UFT Funny Bus Violet</name>
			<barcode></barcode>
			<stock_quantity>100</stock_quantity>
			<description>
				<![CDATA[UFT Funny Bus это трюковая машинка которая переворачивается и крутиться наэезжая на препядствия или сталкиваясь с преградами.<br /><br />Детская машинка&nbsp;имеет инерционный механизм, для запуска достаточно&nbsp;толкнуть ее вперед или назад и она поедет по инерции.<br />Что бы авто набрало большую скорость, необходимо несколько раз проести нею по ровной поверхности, затем отпустите, и она поедет с сумасшедшей скоростью.<br />&nbsp;<br />Имея несколько таких автомобилей, можно устраивать&nbsp;сногсшибательные&nbsp;столкновения и трюки.&nbsp;<br /><br />Детская машинка выполнена в&nbsp;стиле автобуса с подвеской от внедорожника. Огромные прорезиненные колеса имеют отличное сцепление с оверхностью.]]>
			</description>
			<param name="Вид игрушки"><![CDATA[Автобус]]></param>
			<param name="Особенности"><![CDATA[Инерционный привод]]></param>
			<param name="Класс"><![CDATA[Трюкач]]></param>
			<param name="Тип"><![CDATA[Модельки]]></param>
			<param name="Размеры"><![CDATA[7 х 7 х 5 см]]></param>
			<param name="Комплект поставок"><![CDATA[Внедорожник]]></param>
			<param name="Масштаб"><![CDATA[1:72]]></param>
			<param name="Цвет"><![CDATA[Фиолетовый]]></param>
			<param name="Материал"><![CDATA[Металл;Пластик;]]></param>
			<param name="Страна регистрации бренда"><![CDATA[Украина]]></param>
			<param name="Гарантия"><![CDATA[6 месяцев]]></param>
			<param name="Наличие"><![CDATA[есть]]></param>
		</offer>
		<offer id="UFTFunnyCarBlue" available="true">
			<url>https://ukrpodarok.com.ua/mashinka-inertsionnaya-perevertish-uft-funny-car-blue.html</url>
			<price>99</price>
			<price_old>149</price_old>
			<currencyId>UAH</currencyId>
			<categoryId>152367</categoryId>
			<picture>https://ukrpodarok.com.ua/images/152377_0.jpg</picture>
			<vendor>UFT</vendor>
			<name>Машинка инерционная перевертыш UFT Funny Car Blue</name>
			<barcode></barcode>
			<stock_quantity>100</stock_quantity>
			<description>
				<![CDATA[UFT Funny Car это трюковая машинка которая переворачивается и крутиться наэезжая на препядствия или сталкиваясь с преградами.<br /><br />Детская машинка имеет инерционный механизм, для запуска достаточно толкнуть ее вперед или назад и она поедет по инерции.<br />Что бы авто набрало большую скорость, необходимо несколько раз проести нею по ровной поверхности, затем отпустите, и она поедет с сумасшедшей скоростью.<br /> <br />Имея несколько таких автомобилей, можно устраивать сногсшибательные столкновения и трюки. <br /><br />Детская машинка выполнена в стиле авто с подвеской от внедорожника. Огромные прорезиненные колеса имеют отличное сцепление с оверхностью.]]>
			</description>
			<param name="Вид игрушки "><![CDATA[Автобус]]></param>
			<param name="Особенности"><![CDATA[Инерционный привод]]></param>
			<param name="Класс"><![CDATA[Трюкач]]></param>
			<param name="Тип "><![CDATA[Модельки]]></param>
			<param name="Размеры"><![CDATA[7 х 7 х 5 см]]></param>
			<param name="Комплект поставок"><![CDATA[Внедорожник]]></param>
			<param name="Масштаб"><![CDATA[1:72]]></param>
			<param name="Цвет"><![CDATA[Синий]]></param>
			<param name="Материал "><![CDATA[Металл;Пластик;]]></param>
			<param name="Страна регистрации бренда"><![CDATA[Украина]]></param>
			<param name="Гарантия"><![CDATA[6 месяцев]]></param>
			<param name="Наличие"><![CDATA[есть]]></param>
		</offer>
		<offer id="UFTFunnyCarOrange" available="true">
			<url>https://ukrpodarok.com.ua/mashinka-inertsionnaya-perevertish-uft-funny-car-orange.html</url>
			<price>99</price>
			<price_old>149</price_old>
			<currencyId>UAH</currencyId>
			<categoryId>152367</categoryId>
			<picture>https://ukrpodarok.com.ua/images/152376_0.jpg</picture>
			<picture>https://ukrpodarok.com.ua/images/152376_100672.jpg</picture>
			<picture>https://ukrpodarok.com.ua/images/152376_100673.jpg</picture>
			<vendor>UFT</vendor>
			<name>Машинка инерционная перевертыш UFT Funny Car Orange</name>
			<barcode></barcode>
			<stock_quantity>100</stock_quantity>
			<description>
				<![CDATA[UFT Funny Car это трюковая машинка которая переворачивается и крутиться наэезжая на препядствия или сталкиваясь с преградами.<br /><br />Детская машинка имеет инерционный механизм, для запуска достаточно толкнуть ее вперед или назад и она поедет по инерции.<br />Что бы авто набрало большую скорость, необходимо несколько раз проести нею по ровной поверхности, затем отпустите, и она поедет с сумасшедшей скоростью.<br /> <br />Имея несколько таких автомобилей, можно устраивать сногсшибательные столкновения и трюки. <br /><br />Детская машинка выполнена в стиле авто с подвеской от внедорожника. Огромные прорезиненные колеса имеют отличное сцепление с оверхностью.]]>
			</description>
			<param name="Вид игрушки "><![CDATA[Автобус]]></param>
			<param name="Особенности"><![CDATA[Инерционный привод]]></param>
			<param name="Класс"><![CDATA[Трюкач]]></param>
			<param name="Тип "><![CDATA[Модельки]]></param>
			<param name="Размеры"><![CDATA[7 х 7 х 5 см]]></param>
			<param name="Комплект поставок"><![CDATA[Внедорожник]]></param>
			<param name="Масштаб"><![CDATA[1:72]]></param>
			<param name="Цвет"><![CDATA[Оранжевый]]></param>
			<param name="Материал "><![CDATA[Металл;Пластик;]]></param>
			<param name="Страна регистрации бренда"><![CDATA[Украина]]></param>
			<param name="Гарантия"><![CDATA[6 месяцев]]></param>
			<param name="Наличие"><![CDATA[есть]]></param>
		</offer>
		<offer id="UFTFunnyCarViolet" available="true">
			<url>https://ukrpodarok.com.ua/mashinka-inertsionnaya-perevertish-uft-funny-car-violet.html</url>
			<price>99</price>
			<price_old>149</price_old>
			<currencyId>UAH</currencyId>
			<categoryId>152367</categoryId>
			<picture>https://ukrpodarok.com.ua/images/152375_0.jpg</picture>
			<picture>https://ukrpodarok.com.ua/images/152375_100669.jpg</picture>
			<picture>https://ukrpodarok.com.ua/images/152375_100670.jpg</picture>
			<picture>https://ukrpodarok.com.ua/images/152375_100671.jpg</picture>
			<vendor>UFT</vendor>
			<name>Машинка инерционная перевертыш UFT Funny Car Violet</name>
			<barcode></barcode>
			<stock_quantity>100</stock_quantity>
			<description>
				<![CDATA[UFT Funny Car это трюковая машинка которая переворачивается и крутиться наэезжая на препядствия или сталкиваясь с преградами.<br /><br />Детская машинка имеет инерционный механизм, для запуска достаточно толкнуть ее вперед или назад и она поедет по инерции.<br />Что бы авто набрало большую скорость, необходимо несколько раз проести нею по ровной поверхности, затем отпустите, и она поедет с сумасшедшей скоростью.<br /> <br />Имея несколько таких автомобилей, можно устраивать сногсшибательные столкновения и трюки. <br /><br />Детская машинка выполнена в стиле авто с подвеской от внедорожника. Огромные прорезиненные колеса имеют отличное сцепление с оверхностью.<br />]]>
			</description>
			<param name="Вид игрушки "><![CDATA[Внедорожник]]></param>
			<param name="Особенности"><![CDATA[Инерционный привод]]></param>
			<param name="Класс"><![CDATA[Трюкач]]></param>
			<param name="Тип "><![CDATA[Модельки]]></param>
			<param name="Размеры"><![CDATA[7 х 7 х 5 см]]></param>
			<param name="Комплект поставок"><![CDATA[Внедорожник]]></param>
			<param name="Масштаб"><![CDATA[1:72]]></param>
			<param name="Цвет"><![CDATA[Фиолетовый]]></param>
			<param name="Материал "><![CDATA[Металл;Пластик;]]></param>
			<param name="Страна регистрации бренда"><![CDATA[Украина]]></param>
			<param name="Гарантия"><![CDATA[6 месяцев]]></param>
			<param name="Наличие"><![CDATA[есть]]></param>
		</offer>
		<offer id="UFTG4" available="true">
			<url>https://ukrpodarok.com.ua/metatelnii-planer-s-motorchikom-propellerom-uft-g4-planer-pitanie-ot-usb.html</url>
			<price>177</price>
			<price_old>299</price_old>
			<currencyId>UAH</currencyId>
			<categoryId>50550</categoryId>
			<picture>https://ukrpodarok.com.ua/images/151995_0.jpg</picture>
			<picture>https://ukrpodarok.com.ua/images/52676_63667.jpg</picture>
			<picture>https://ukrpodarok.com.ua/images/52676_0.jpg</picture>
			<vendor>UFT</vendor>
			<name>Метательный планер с моторчиком пропеллером UFT G4 Planer питание от USB</name>
			<barcode>4820176252425</barcode>
			<stock_quantity>50</stock_quantity>
			<description>
				<![CDATA[<p>G4 це пусковий планер нового покоління. Встановлений мотор продовжує політ на 15-20 секунд у порівнянні зі звичайним планером.<br /><br />Достатньо активувати пропелер і запустити однією рукою на відкритому повітрі і літачок кружлятиме над&nbsp;Вами.<br /><br />Літак&nbsp;G4 Planer&nbsp;виготовлений з пінопласту і складається з 6 частин, які легко збираються.<br /><br />Іграшковий літак із моторчиком заряджається від USB, на одній підзарядці здійснює до 50 польотів.</p>]]>
			</description>
			<param name="Тип"><![CDATA[Воздушные змеи и планеры]]></param>
			<param name="Упаковка"><![CDATA[Картонная коробка]]></param>
			<param name="Тип питания"><![CDATA[Аккумулятор (заряжается от USB)]]></param>
			<param name="Вес в упаковке"><![CDATA[35 г]]></param>
			<param name="Вес без упаковки"><![CDATA[15 г]]></param>
			<param name="Габариты в упаковке"><![CDATA[30 x 2,5 x 8,5 см]]></param>
			<param name="Материал"><![CDATA[Пенопласт]]></param>
			<param name="Комплектация"><![CDATA[Метальний планер (6 элементов)USB кабель]]></param>
			<param name="Цвет"><![CDATA[КрасныйБелый]]></param>
			<param name="Гарантия"><![CDATA[14 дней]]></param>
			<param name="Наличие"><![CDATA[есть]]></param>
			<param name="вес в упаковке кг"><![CDATA[0.4]]></param>
			<param name="высота в упаковке см"><![CDATA[30]]></param>
			<param name="глубина в упаковке см"><![CDATA[5]]></param>
			<param name="ширина в упаковке см"><![CDATA[9]]></param>
			<param name="количество грузовых мест"><![CDATA[1]]></param>
			<param name="штрихкод"><![CDATA[4820176252425]]></param>
		</offer>
		<offer id="G1green" available="true">
			<url>https://ukrpodarok.com.ua/metatelnii-samolet-planer-48-sm-touch-sky-plane-original-g1-green.html</url>
			<price>155</price>
			<price_old>213</price_old>
			<price_promo>140</price_promo>
			<currencyId>UAH</currencyId>
			<categoryId>50550</categoryId>
			<picture>https://ukrpodarok.com.ua/images/151996_0.jpg</picture>
			<vendor>CG</vendor>
			<name>Метательный самолет планер 48 см Touch Sky Plane Original G1 Green</name>
			<barcode>4820176252364</barcode>
			<stock_quantity>50</stock_quantity>
			<description>
				<![CDATA[<p>Метательный планер &ndash; это летающий самолетик, выполненный из легкого, гибкого и прочного EPP материала. Планер отлично парит в воздухе, не ломается и абсолютно безопасен для ребенка.</p>  <p>Летальный аппарат запускается одним броском и парит в воздухе в течении 30-40 секунд без каких-либо механизмов. Запускать самолет необходимо на открытом пространстве. Благодаря потокам воздуха планер стремительно набирает высоту.</p>  <p>Метательный планер станет отличным способом провести время на свежем воздухе весело и активно! Любая прогулка, отдых на даче, в парке или на пляже наполнится яркими незабываемыми эмоциями благодаря этой игрушке!<br /><br /></p>  <p>&nbsp;</p>]]>
			</description>
			<param name="Тип"><![CDATA[Воздушные змеи и планеры]]></param>
			<param name="Размер"><![CDATA[49 х 48 х 0.4 см]]></param>
			<param name="Возраст"><![CDATA[3 года;4 года;5 лет;6 лет;]]></param>
			<param name="Дальность полета"><![CDATA[до 50 метров]]></param>
			<param name="Гарантия"><![CDATA[14 дней]]></param>
			<param name="Цвет"><![CDATA[Зеленый]]></param>
			<param name="Комплектация"><![CDATA[Корпус самолета, крыло 1, крыло 2]]></param>
			<param name="Наличие"><![CDATA[есть]]></param>
			<param name="вес в упаковке кг"><![CDATA[0.3]]></param>
			<param name="высота в упаковке см"><![CDATA[50]]></param>
			<param name="глубина в упаковке см"><![CDATA[12]]></param>
			<param name="ширина в упаковке см"><![CDATA[10]]></param>
			<param name="количество грузовых мест"><![CDATA[1]]></param>
			<param name="штрихкод"><![CDATA[4820176252364]]></param>
		</offer>
		<offer id="G1red" available="true">
			<url>https://ukrpodarok.com.ua/metatelnii-samolet-planer-48-sm-touch-sky-plane-original-g1-red.html</url>
			<price>179</price>
			<price_old>213</price_old>
			<price_promo>153</price_promo>
			<currencyId>UAH</currencyId>
			<categoryId>50550</categoryId>
			<picture>https://ukrpodarok.com.ua/images/151997_0.jpg</picture>
			<picture>https://ukrpodarok.com.ua/images/52678_63652.jpg</picture>
			<picture>https://ukrpodarok.com.ua/images/52678_0.jpg</picture>
			<picture>https://ukrpodarok.com.ua/images/151997_101229.jpg</picture>
			<vendor>M+</vendor>
			<name>Метательный самолет планер 48 см Touch Sky Plane Original G1 Red</name>
			<barcode>4820176252371</barcode>
			<stock_quantity>50</stock_quantity>
			<description>
				<![CDATA[<p>Метательный планер &ndash; это летающий самолетик, выполненный из легкого, гибкого и прочного EPP материала. Планер отлично парит в воздухе, не ломается и абсолютно безопасен для ребенка.</p>  <p>Летальный аппарат запускается одним броском и парит в воздухе в течении 30-40 секунд без каких-либо механизмов. Запускать самолет необходимо на открытом пространстве. Благодаря потокам воздуха планер стремительно набирает высоту.</p>  <p>Метательный планер станет отличным способом провести время на свежем воздухе весело и активно! Любая прогулка, отдых на даче, в парке или на пляже наполнится яркими незабываемыми эмоциями благодаря этой игрушке!<br /><br /></p>]]>
			</description>
			<param name="Тип"><![CDATA[Воздушные змеи и планеры]]></param>
			<param name="Размер"><![CDATA[49 х 48 х 0.4 см]]></param>
			<param name="Возраст"><![CDATA[3 года;4 года;5 лет;6 лет;]]></param>
			<param name="Дальность полета"><![CDATA[до 50 метров]]></param>
			<param name="Цвет"><![CDATA[Красный]]></param>
			<param name="Комплектация"><![CDATA[Корпус самолета, крыло 1, крыло 2]]></param>
			<param name="Гарантия"><![CDATA[14 дней]]></param>
			<param name="Наличие"><![CDATA[есть]]></param>
			<param name="вес в упаковке кг"><![CDATA[0.3]]></param>
			<param name="высота в упаковке см"><![CDATA[50]]></param>
			<param name="глубина в упаковке см"><![CDATA[12]]></param>
			<param name="ширина в упаковке см"><![CDATA[10]]></param>
			<param name="количество грузовых мест"><![CDATA[1]]></param>
			<param name="штрихкод"><![CDATA[4820176252371]]></param>
		</offer>
		<offer id="CG1" available="true">
			<url>https://ukrpodarok.com.ua/metatelnii-samolet-planer-uft-touch-sky-plane-original-cg1-48-sm.html</url>
			<price>192</price>
			<price_old>213</price_old>
			<price_promo>149</price_promo>
			<currencyId>UAH</currencyId>
			<categoryId>50550</categoryId>
			<picture>https://ukrpodarok.com.ua/images/151801_0.jpg</picture>
			<picture>https://ukrpodarok.com.ua/images/151801_100582.jpg</picture>
			<picture>https://ukrpodarok.com.ua/images/52467_27137.jpg</picture>
			<picture>https://ukrpodarok.com.ua/images/52467_27136.jpg</picture>
			<picture>https://ukrpodarok.com.ua/images/52467_27135.jpg</picture>
			<picture>https://ukrpodarok.com.ua/images/151801_100581.jpg</picture>
			<vendor>UFT</vendor>
			<name>Метательный самолет планер UFT Touch Sky Plane Original CG1 48 см</name>
			<barcode>4820176250148</barcode>
			<stock_quantity>100</stock_quantity>
			<description>
				<![CDATA[<p>Метательный планер &ndash; это летающий самолетик, выполненный из легкого, гибкого и прочного материала. Планер отлично парит в воздухе, не ломается и абсолютно безопасен для ребенка.</p>  <p>Летальный аппарат запускается одним броском и парит в воздухе в течении 30-40 секунд без каких-либо механизмов. Запускать самолет необходимо на открытом пространстве. Благодаря потокам воздуха планер стремительно набирает высоту.</p>  <p>Метательный планер станет отличным способом провести время на свежем воздухе весело и активно! Любая прогулка, отдых на даче, в парке или на пляже наполнится яркими незабываемыми эмоциями благодаря этой игрушке!<br />Размер: 49 х 48 х 0.4 см;<br />Дальность полета до 50 метров&nbsp;;</p>  <br /><br /><br />]]>
			</description>
			<param name="Тип"><![CDATA[Воздушные змеи и планеры]]></param>
			<param name="Возраст"><![CDATA[3 года;4 года;5 лет;6 лет;]]></param>
			<param name="Комплектация"><![CDATA[Корпус самолета, крыло 1, крыло 2]]></param>
			<param name="Цвет"><![CDATA[Голубой]]></param>
			<param name="Гарантия"><![CDATA[14 дней]]></param>
			<param name="Бренд"><![CDATA[UFT]]></param>
			<param name="Странапроизводитель"><![CDATA[Китай]]></param>
			<param name="Наличие"><![CDATA[есть]]></param>
			<param name="вес в упаковке кг"><![CDATA[0.3]]></param>
			<param name="высота в упаковке см"><![CDATA[50]]></param>
			<param name="глубина в упаковке см"><![CDATA[12]]></param>
			<param name="ширина в упаковке см"><![CDATA[5]]></param>
			<param name="количество грузовых мест"><![CDATA[1]]></param>
			<param name="штрихкод"><![CDATA[4820176250148]]></param>
		</offer>
		<offer id="OrangeG3" available="false">
			<url>https://ukrpodarok.com.ua/metatelnii-samolet-planer-svetyaschiisya-po-vsei-dline-uft-touch-sky-plane-original-orange-g3-48-sm.html</url>
			<price>155</price>
			<price_old>199</price_old>
			<currencyId>UAH</currencyId>
			<categoryId>50550</categoryId>
			<picture>https://ukrpodarok.com.ua/images/152399_0.jpg</picture>
			<picture>https://ukrpodarok.com.ua/images/152399_100852.jpg</picture>
			<picture>https://ukrpodarok.com.ua/images/152399_100853.jpg</picture>
			<vendor>UFT</vendor>
			<name>Метательный самолет планер светящийся по всей длине UFT Touch Sky Plane Original Orange G3 48 см</name>
			<barcode></barcode>
			<stock_quantity>0</stock_quantity>
			<description>
				<![CDATA[<p>Метательный планер &ndash; это летающий самолетик, выполненный из легкого, гибкого и прочного EPP материала. Планер отлично парит в воздухе, не ломается и абсолютно безопасен для ребенка.</p>  <p>Летальный аппарат запускается одним броском и парит в воздухе в течении 30-40 секунд без каких-либо механизмов. Запускать самолет необходимо на открытом пространстве. Благодаря потокам воздуха планер стремительно набирает высоту.</p>  <p>Метательный планер станет отличным способом провести время на свежем воздухе весело и активно! Любая прогулка, отдых на даче, в парке или на пляже наполнится яркими незабываемыми эмоциями благодаря этой игрушке!</p>]]>
			</description>
			<param name="Тип"><![CDATA[Воздушные змеи и планеры]]></param>
			<param name="Размер"><![CDATA[49 х 48 х 0.4 см]]></param>
			<param name="Возраст"><![CDATA[3 года;4 года;5 лет;6 лет;]]></param>
			<param name="Дальность полета"><![CDATA[до 50 метров]]></param>
			<param name="Цвет"><![CDATA[Красный]]></param>
			<param name="Комплектация"><![CDATA[Корпус самолета, крыло 1, крыло 2]]></param>
			<param name="Гарантия"><![CDATA[14 дней]]></param>
			<param name="Наличие"><![CDATA[нет]]></param>
		</offer>
		<offer id="G2purple" available="true">
			<url>https://ukrpodarok.com.ua/metatelnii-samolet-planer-so-svetyascheisya-kabinoi-uft-touch-sky-plane-original-cg2-48-sm-purple.html</url>
			<price>177</price>
			<price_old>199</price_old>
			<currencyId>UAH</currencyId>
			<categoryId>50550</categoryId>
			<picture>https://ukrpodarok.com.ua/images/152438_0.jpg</picture>
			<picture>https://ukrpodarok.com.ua/images/152438_101183.jpg</picture>
			<vendor>UFT</vendor>
			<name>Метательный самолет планер со светящейся кабиной UFT Touch Sky Plane Original CG2 48 см purple</name>
			<barcode></barcode>
			<stock_quantity>4</stock_quantity>
			<description>
				<![CDATA[<p>Метательный планер &ndash; это летающий самолетик, выполненный из легкого, гибкого и прочного EPP материала. Планер отлично парит в воздухе, не ломается и абсолютно безопасен для ребенка.</p>  <p>Летальный аппарат запускается одним броском и парит в воздухе в течении 30-40 секунд без каких-либо механизмов. Запускать самолет необходимо на открытом пространстве. Благодаря потокам воздуха планер стремительно набирает высоту.</p>  <p>Метательный планер станет отличным способом провести время на свежем воздухе весело и активно! Любая прогулка, отдых на даче, в парке или на пляже наполнится яркими незабываемыми эмоциями благодаря этой игрушке!</p>]]>
			</description>
			<param name="Тип"><![CDATA[Воздушные змеи и планеры]]></param>
			<param name="Размер"><![CDATA[49 х 48 х 0.4 см]]></param>
			<param name="Возраст"><![CDATA[3 года;4 года;5 лет;6 лет;]]></param>
			<param name="Дальность полета"><![CDATA[до 50 метров]]></param>
			<param name="Цвет"><![CDATA[Фиолетовый]]></param>
			<param name="Комплектация"><![CDATA[Корпус самолета, крыло 1, крыло 2]]></param>
			<param name="Гарантия"><![CDATA[14 дней]]></param>
			<param name="Наличие"><![CDATA[есть]]></param>
		</offer>
		<offer id="CGMK2LSilver" available="true">
			<url>https://ukrpodarok.com.ua/mikrofon-besprovodnoi-dlya-karaoke-s-bluetooth-uft-itrendy-music-star-mk2l-silver.html</url>
			<price>499</price>
			<price_old>655</price_old>
			<currencyId>UAH</currencyId>
			<categoryId>52807</categoryId>
			<picture>https://ukrpodarok.com.ua/images/151474_0.jpg</picture>
			<picture>https://ukrpodarok.com.ua/images/151474_100275.jpg</picture>
			<picture>https://ukrpodarok.com.ua/images/151474_100276.jpg</picture>
			<picture>https://ukrpodarok.com.ua/images/151474_100277.jpg</picture>
			<picture>https://ukrpodarok.com.ua/images/151474_100423.jpg</picture>
			<picture>https://ukrpodarok.com.ua/images/151474_100424.jpg</picture>
			<picture>https://ukrpodarok.com.ua/images/151474_100425.jpg</picture>
			<vendor>iTrendy</vendor>
			<name>Микрофон беспроводной для караоке с Bluetooth  UFT iTrendy MUSIC STAR MK2L Silver</name>
			<barcode>4820176253941</barcode>
			<stock_quantity>100</stock_quantity>
			<description>
				<![CDATA[UFT&nbsp;MK2L это мобильный&nbsp;микрофон для караоке который подключается к любому устройству по Bluetooth&nbsp;<br /><br /><strong>Инструкция</strong><br /><strong>1. Назначение кнопок</strong><br />Нажмите и удерживайте кнопку включения для активации микрофона.<br />Нажмите кнопку включения для переключения режимов: Блютус / Режим Селфи / Режим радио / Режим подключения кабелем<br />Кнопка &laquo;Prev&raquo;: включить предыдущий трек / сделать Селф (только для IOS)<br />Кнопка &laquo;Next&raquo;: включить следующий трек / сделать Селф (только для IOS)<br />Кнопка &laquo;Vol +&raquo;: увеличить громкость<br />Кнопка &laquo;Vol-&raquo;: уменьшить громкость<br />Кнопка &laquo;Scan / Led&raquo;: пауза / возобновить воспроизведение<br />Кнопка &laquo;Rec&raquo;: зажмите кнопку для изменения тембра голоса<br />Бегунок &laquo;Mic Vol&raquo;: увеличивает / уменьшает громкость микрофона<br />Бегунок &laquo;Remix&raquo;: увеличивает / уменьшает эхо<br /><strong>2. Режим караоке</strong><br />Зажмите кнопку включения чтобы попасть в режим Блютус. В меню Блютус телефона выберите микрофон для присоединения. После успешного подключения звуковой сигнал.<br /><strong>3. Режим Селфи</strong><br />Нажмите кнопку включения для переключения в режим Селфи. Включите камеру на Вашем IOS устройства. Нажмите кнопку &laquo;Prev&raquo; или &laquo;Next&raquo;, чтобы сделать Селфи фото на вашем смартфоне.<br /><strong>4. Режим радио</strong><br />Нажмите кнопку включения для переключения в режим радио. Зажимайте кнопку &laquo;Scan / Led&raquo; для автоматического поиска станций.<br /><br /><strong>]]>
			</description>
			<param name="Особенности"><![CDATA[С динамиком]]></param>
			<param name="Разьемы"><![CDATA[micro-USB]]></param>
			<param name="Вид"><![CDATA[Микрофоны]]></param>
			<param name="Вес,кг"><![CDATA[0,345]]></param>
			<param name="Направленность"><![CDATA[Всенаправленные]]></param>
			<param name="Кабель в комплекте"><![CDATA[Есть]]></param>
			<param name="Питание"><![CDATA[Аккумулятор]]></param>
			<param name="Диапазон частот"><![CDATA[10-10000 Гц]]></param>
			<param name="Размеры"><![CDATA[250х75х75 мм]]></param>
			<param name="Материал"><![CDATA[Пластик]]></param>
			<param name="Цвет"><![CDATA[Серый]]></param>
			<param name="Комплект поставки"><![CDATA[Микрофон, упаковка, кабель USB]]></param>
			<param name="Страна регистрации бренда"><![CDATA[Украина]]></param>
			<param name="Гарантия"><![CDATA[6 месяцев]]></param>
			<param name="Наличие"><![CDATA[есть]]></param>
			<param name="вес в упаковке кг"><![CDATA[0.3]]></param>
			<param name="высота в упаковке см"><![CDATA[25]]></param>
			<param name="глубина в упаковке см"><![CDATA[10]]></param>
			<param name="ширина в упаковке см"><![CDATA[20]]></param>
			<param name="количество грузовых мест"><![CDATA[1]]></param>
			<param name="штрихкод"><![CDATA[4820176253941]]></param>
		</offer>
		<offer id="CGVP2" available="false">
			<url>https://ukrpodarok.com.ua/mini-portativnii-proektor-cg-vp2.html</url>
			<price>4499</price>
			<price_old>4599</price_old>
			<currencyId>UAH</currencyId>
			<categoryId>52325</categoryId>
			<picture>https://ukrpodarok.com.ua/images/52847_0.jpg</picture>
			<picture>https://ukrpodarok.com.ua/images/52847_69212.jpg</picture>
			<picture>https://ukrpodarok.com.ua/images/52847_69214.jpg</picture>
			<picture>https://ukrpodarok.com.ua/images/52847_69213.jpg</picture>
			<vendor>CG</vendor>
			<name>Мини портативный проектор CG VP2</name>
			<barcode></barcode>
			<stock_quantity>0</stock_quantity>
			<description>
				<![CDATA[    <p>Проектор CG&nbsp;VP2 это суперкомпактный домашний кинотеатр. Можно использовать например для игр и детского образования.<br />Портативный размер делает его мобильным, позволяя взять с собой! Умный проектор может работать от Повербанка.<br />Яркость 1000 люмен и разрешение 320 x 240 обеспечивают исключительное качество изображения. Поддержка 1080P, соотношение сторон 16:9.</p>  <p>Преимущество<br />? Встроенный динамик, нет необходимости подключать к внешним динамикам<br />? Инфракрасный пульт дистанционного управления позволяет вам наслаждаться прекрасной жизнью, которую приносит вам беспроводной<br />? лучшее расстояние проецирования: 1,8 м<br />? Батарея пульта дистанционного управления: 2 батарейки ААА (не включены)<br />? Светодиодный проектор с разрешением 320 x 240P, поддерживается 1080P<br />? Коэффициент контрастности 1000:1<br />? Несколько интерфейсов, включая HDMI, USB, слот для карт TF и ??тд., для подключения к любым цифровым устройствам</p>  <p>Особенности:&nbsp;</p>  <p>Лампа: светодиодная<br />Срок службы лампы: 30000ч.<br />Bluetooth: не поддерживается<br />Форматы изображений: JPG, JPEG, BMP, GIF, PNG, GIF форматы просмотра изображений<br />Видео форматы: MPG, AV, TS, MOV, MKV, DAT, MP4, VOB / 1080P Level<br />Аудио форматы: MP3, WMA, AAC, M4a</p>      ]]>
			</description>
			<param name="Тип дисплея"><![CDATA[LCD]]></param>
			<param name="Разрешение"><![CDATA[320 х 240]]></param>
			<param name="Поддержка разрешения"><![CDATA[1080p]]></param>
			<param name="Яркость"><![CDATA[1000 люмен]]></param>
			<param name="Соотношение сторон"><![CDATA[16:09]]></param>
			<param name="Лампа"><![CDATA[светодиодная]]></param>
			<param name="Применение"><![CDATA[Развлечения, Дом]]></param>
			<param name="Размер"><![CDATA[12х10х11 см]]></param>
			<param name="Категория"><![CDATA[Портативный]]></param>
			<param name="Источник света"><![CDATA[LED]]></param>
			<param name="Материал"><![CDATA[ABS]]></param>
			<param name="Гарантия"><![CDATA[6 месяцев]]></param>
			<param name="Наличие"><![CDATA[нет]]></param>
		</offer>
		<offer id="CGVC4" available="true">
			<url>https://ukrpodarok.com.ua/mnogofunktsionalnaya-ovoscherezka-shinkovka-uft-vc4-terka-dlya-ovoschei-i-fruktov-s-konteinerom-5-nasadok.html</url>
			<price>485</price>
			<price_old>699</price_old>
			<currencyId>UAH</currencyId>
			<categoryId>1519</categoryId>
			<picture>https://ukrpodarok.com.ua/images/152197_0.jpg</picture>
			<picture>https://ukrpodarok.com.ua/images/152197_101151.jpg</picture>
			<picture>https://ukrpodarok.com.ua/images/152197_101150.jpg</picture>
			<picture>https://ukrpodarok.com.ua/images/152197_101152.jpg</picture>
			<picture>https://ukrpodarok.com.ua/images/152197_101153.jpg</picture>
			<picture>https://ukrpodarok.com.ua/images/152197_101154.jpg</picture>
			<vendor>UFT</vendor>
			<name>Многофункциональная овощерезка шинковка UFT VC4 терка для овощей и фруктов с контейнером + 5 насадок</name>
			<barcode>4820176277121</barcode>
			<stock_quantity>50</stock_quantity>
			<description>
				<![CDATA[<strong>VC4</strong>&nbsp;это многофункциональная и мобильная овощерезка, которая ровно, красиво и быстро нарезает овощи, фрукты&nbsp;и разные виды сыров.<br /><br />Ручной измельчитель-терка простота в использовании, приятна на ощупь, имеет стильный, яркий дизайн.<br />Нарезанные продукты собираются в прозрычный контейнер, в котором их можно так же хранить, благодаря герметичной крышке, которая сохранит пищу более свежей.<br /><br />Можно нарезать самыми разнообразными способами &ndash; соломкой, ломтиками, кубиками, клиньями.<br />С овощерезкой-слайсером, Вы вдвое уменьшите затраченное время, которое бы Вы потратили&nbsp;нарезая обычным ножем или теркой.<br /><br /><strong>В комплект входит:</strong><br />-Прозрачный контейнер<br />-Съемная верхняя часть с кнопкой для очистки<br />-Герметичная крышка<br />-Нож для удаления кожуры<br />-Вставной режущий толкатель<br />-Лезвие 6х6 мм, 12х12 мм, 18х18 мм, 6х36 мм<br />-Клиновидные лезвия<br />-Лезвие для нарезания кольцами и шинковки<br />-Терка с защитной крышкой<br />-Фирменная картонная коробка<br />-Инструкция]]>
			</description>
			<param name="Тип"><![CDATA[Овощерезка]]></param>
			<param name="Материал"><![CDATA[Нержавеющая сталь; Пластик]]></param>
			<param name="Сегмент"><![CDATA[Для дома]]></param>
			<param name="Тип поставки"><![CDATA[Набор]]></param>
			<param name="Комплектация"><![CDATA[Контейнер, Крышка, 7 насадок, Ручка]]></param>
			<param name="Размеры"><![CDATA[28,7 х 11,3 х 14 см]]></param>
			<param name="Вес, г"><![CDATA[1450]]></param>
			<param name="Цвет"><![CDATA[Зеленый]]></param>
			<param name="Страна регистрации бренда"><![CDATA[Украина]]></param>
			<param name="Гарантия"><![CDATA[14 дней]]></param>
			<param name="Наличие"><![CDATA[есть]]></param>
			<param name="вес в упаковке кг"><![CDATA[0.5]]></param>
			<param name="высота в упаковке см"><![CDATA[30]]></param>
			<param name="глубина в упаковке см"><![CDATA[12]]></param>
			<param name="ширина в упаковке см"><![CDATA[15]]></param>
			<param name="количество грузовых мест"><![CDATA[1]]></param>
			<param name="штрихкод"><![CDATA[4820176277121]]></param>
		</offer>
		<offer id="CGVC3" available="true">
			<url>https://ukrpodarok.com.ua/mnogofunktsionalnaya-ovoscherezka-terka-mehanicheskii-multislaiser-dlya-ovoschei-i-fruktov-uft-vc3-s-3-nasadkami.html</url>
			<price>644</price>
			<price_old>799</price_old>
			<currencyId>UAH</currencyId>
			<categoryId>1519</categoryId>
			<picture>https://ukrpodarok.com.ua/images/152196_0.jpg</picture>
			<picture>https://ukrpodarok.com.ua/images/152196_99945.jpg</picture>
			<picture>https://ukrpodarok.com.ua/images/152196_99946.jpg</picture>
			<vendor>UFT</vendor>
			<name>Многофункциональная овощерезка-терка, механический мультислайсер для овощей и фруктов UFT VC3 с 3 насадками</name>
			<barcode>4820176277107</barcode>
			<stock_quantity>50</stock_quantity>
			<description>
				<![CDATA[<p>&nbsp;VC3 это ручной измельчитель для овощей, фруктов, сыра, орехов.<br />В комплекте 3 насадки для шинкования, измельчения и натерания продуктов для любых блюд.<br /><br />Ручная овощерезка-терка незаменима, если вы любите овощные и вегетарианские блюда, супы, рагу и прочие домашние вкусности.&nbsp;<br /><br /></p>  <p><strong>3 насадки</strong></p>  <p>Благодаря широкому дозатору и 3 разным насадкам вы сможете нарезать ингредиенты крупно, мелко или слайсами.&nbsp;Насадки легко снимаются и просто моются.</p>  <p>1) Мелкая терка. Насадка с маленькими отверстиями "зернистый барабан". &nbsp;Подходит для измельчения сыра, орехов, лука &nbsp;и других твердых продуктов.</p>  <p>2) Крупная терка. Грубое лезвие с большими отверстиями для крупной нарезки или шинковки. Идеально для приготовления салата из капусты, для шинкования капусты и других видов салата из капустных листьев. Это могут быть кабачки, картофель, сыр и т.д.</p>  <p>3) Тёрка-шинковка.&nbsp;Лезвие с длинными узкими прорезями, идущими наискосок. Подходит для приготовления домашних чипсов, слайсов из огурцов, цукини, картофеля и т.д.</p>]]>
			</description>
			<param name="Тип"><![CDATA[Терка многофункциональная]]></param>
			<param name="Сфера использования"><![CDATA[Для дома]]></param>
			<param name="Материал"><![CDATA[Нержавеющая сталь, Пластик]]></param>
			<param name="Тип поставки"><![CDATA[Набор]]></param>
			<param name="Цвет"><![CDATA[Зеленый]]></param>
			<param name="Страна регистрации бренда"><![CDATA[Украина]]></param>
			<param name="Страна производитель"><![CDATA[Китай]]></param>
			<param name="Гарантия"><![CDATA[1 месяц]]></param>
			<param name="Наличие"><![CDATA[есть]]></param>
			<param name="вес в упаковке кг"><![CDATA[1]]></param>
			<param name="высота в упаковке см"><![CDATA[20]]></param>
			<param name="глубина в упаковке см"><![CDATA[20]]></param>
			<param name="ширина в упаковке см"><![CDATA[20]]></param>
			<param name="количество грузовых мест"><![CDATA[1]]></param>
			<param name="штрихкод"><![CDATA[4820176277107]]></param>
		</offer>
		<offer id="THT4" available="true">
			<url>https://ukrpodarok.com.ua/mnogofunktsionalnaya-podstavka-dlya-noutbuka-hub-s-dok-stantsiei-8-v-1-vokamo-ht4.html</url>
			<price>6699</price>
			<price_old>6999</price_old>
			<currencyId>UAH</currencyId>
			<categoryId>1024</categoryId>
			<picture>https://ukrpodarok.com.ua/images/152478_0.jpg</picture>
			<picture>https://ukrpodarok.com.ua/images/152478_101366.jpg</picture>
			<picture>https://ukrpodarok.com.ua/images/152478_101367.jpg</picture>
			<picture>https://ukrpodarok.com.ua/images/152478_101368.jpg</picture>
			<picture>https://ukrpodarok.com.ua/images/152478_101369.jpg</picture>
			<picture>https://ukrpodarok.com.ua/images/152478_101370.jpg</picture>
			<picture>https://ukrpodarok.com.ua/images/152478_101371.jpg</picture>
			<vendor>VOKAMO</vendor>
			<name>Многофункциональная подставка для ноутбука HUB с док-станцией 8 в 1 VOKAMO HT4</name>
			<barcode>4820176281852</barcode>
			<stock_quantity>10</stock_quantity>
			<description>
				<![CDATA[<p>VOKAMO HT4 это больше чем подставка, больше чем&nbsp;HUB, больше чем&nbsp;док-станция.<br /><br />Сочетает в себе подставку для ноутбука и док-станцию, делает вашу работу не только более комфортной и безопасной, но и отвечает потребностям расширения рабочего пространства за счет использования нескольких функций, USB портов и кардридера.<br /><br />При необходимости&nbsp;HUB снимается, и его можно использовать отдельно от подставки.</p>    Порт Type-C поддерживает протокол PD3.0 и входную мощность до 100 Вт.  Когда устройство USB-C подключено к телевизору высокой четкости или монитору через порт HDMI, разрешение может достигать 4K30 Гц.  Обеспечивает два порта расширения USB 3.0; поддерживает чтение и запись карт SD/TF.  Поддерживает скорость сетевого подключения до 1000 Мбит/с при подключении к проводной гигабитной сети.  Оснащен кабелем Type-C с независимым переключателем.<br /><br />    <p><br />]]>
			</description>
			<param name="Диагональ ноутбука"><![CDATA[17.3&quot;]]></param>
			<param name="Вид"><![CDATA[Подставки]]></param>
			<param name="Охлаждение"><![CDATA[Пассивное]]></param>
			<param name="Размещение"><![CDATA[Настольные]]></param>
			<param name="Назначение"><![CDATA[Ноутбук]]></param>
			<param name="Материал"><![CDATA[Алюминиевый сплав]]></param>
			<param name="Регулировка"><![CDATA[Угол наклона]]></param>
			<param name="Особенности"><![CDATA[USB-хаб]]></param>
			<param name="Цвет"><![CDATA[Серебристый]]></param>
			<param name="Гарантия"><![CDATA[1 месяц]]></param>
			<param name="Наличие"><![CDATA[есть]]></param>
			<param name="вес в упаковке кг"><![CDATA[0.4]]></param>
			<param name="высота в упаковке см"><![CDATA[20]]></param>
			<param name="глубина в упаковке см"><![CDATA[10]]></param>
			<param name="ширина в упаковке см"><![CDATA[10]]></param>
			<param name="количество грузовых мест"><![CDATA[1]]></param>
			<param name="штрихкод"><![CDATA[4820176281852]]></param>
		</offer>
		<offer id="UFTMonocular" available="true">
			<url>https://ukrpodarok.com.ua/monokulyar-uft-monocular-40h-60-mm-kratnost-uvelicheniya-16h.html</url>
			<price>470</price>
			<price_old>599</price_old>
			<currencyId>UAH</currencyId>
			<categoryId>152102</categoryId>
			<picture>http://uft.ua/images/3356_0.jpg</picture>
			<picture>http://uft.ua/images/3356_4922.jpg</picture>
			<vendor>UFT</vendor>
			<name>Монокуляр UFT Monocular 40х 60 мм кратность увеличения 16х</name>
			<barcode>4820176252845</barcode>
			<stock_quantity>50</stock_quantity>
			<description>
				<![CDATA[<b>Monocular</b>&nbsp;это&nbsp;карманный монокуляр&nbsp;с превосходными показателями приближения, в 16 крат.  <strong>Монокуляр</strong>&nbsp;- незаменимая вещь на спектакле, рыбалке, охоте или туристическом походе. Куда его можно взять не опасаясь повредить, обе линзы защищены заглушками.  Эргономичная форма и ремешок для запястья обеспечивают комфортное использование даже при просмотре длительных театральных представлений или наблюдения за птицами.<br />Мин. расстояние фокусировки - 5 м.<br />Размеры -&nbsp;160 x 45 x 55 мм<br />  Имеет разъем со стандрартной резьбой 1/4" для установки на штатив.]]>
			</description>
			<param name="Кратность приближения"><![CDATA[х16]]></param>
			<param name="Тип"><![CDATA[Монокль]]></param>
			<param name="Диаметр объектива"><![CDATA[60 мм]]></param>
			<param name="Кратность"><![CDATA[Переменная]]></param>
			<param name="Тип конструкции"><![CDATA[Roof]]></param>
			<param name="Поле зрения на удалении"><![CDATA[66M/95000M]]></param>
			<param name="Материал"><![CDATA[Прорезиненый метал]]></param>
			<param name="Цвет"><![CDATA[Чёрный]]></param>
			<param name="Размеры"><![CDATA[160 x 45 x 55 мм]]></param>
			<param name="Вес"><![CDATA[300 г]]></param>
			<param name="Гарантия"><![CDATA[14 дней]]></param>
			<param name="Наличие"><![CDATA[есть]]></param>
			<param name="вес в упаковке кг"><![CDATA[0.5]]></param>
			<param name="высота в упаковке см"><![CDATA[20]]></param>
			<param name="глубина в упаковке см"><![CDATA[8]]></param>
			<param name="ширина в упаковке см"><![CDATA[8]]></param>
			<param name="количество грузовых мест"><![CDATA[1]]></param>
			<param name="штрихкод"><![CDATA[4820176252845]]></param>
		</offer>
		<offer id="UFTSS33Blue" available="false">
			<url>https://ukrpodarok.com.ua/monopod-dlya-selfi-co-shnurom-70-sm-uft-ss33-new-york-selfie-stick-blue.html</url>
			<price>189</price>
			<price_old>299</price_old>
			<currencyId>UAH</currencyId>
			<categoryId>1088</categoryId>
			<picture>https://ukrpodarok.com.ua/images/152001_0.jpg</picture>
			<picture>https://ukrpodarok.com.ua/images/152001_99806.jpg</picture>
			<picture>https://ukrpodarok.com.ua/images/52682_63575.jpg</picture>
			<vendor>UFT</vendor>
			<name>Монопод для селфи cо шнуром 70 см UFT SS33 NEW-YORK Selfie Stick Blue</name>
			<barcode>4820176252159</barcode>
			<stock_quantity>0</stock_quantity>
			<description>
				<![CDATA[<p><b>UFT&nbsp;SS33</b>&nbsp;это современный монопод, с обновленным дизайном</p>  <p>Держатель раскрывается на ширину 85 миллиметров, что позволяет разместить практически любой телефон. Так же имеется специальное крепление для фиксации аудио кабеля.</p>  <p><b>Селфи стик SS33</b>&nbsp;невероятно прост в использовании, достаточно подключить аудио кабель в разъем для наушников 3,5мм и наслаждаться процессом съемки. Не требует подзарядки и не садит батарею телефона.</p>  <p><b>Монопод SS33</b>&nbsp;имеет ручку ручку с софт тач покрытием, отлично лежит в руке и не скользит.</p>  <p><b>Палка для селфи SS33</b>&nbsp;имеет желоб по всей длине телескопической трубки, что предотвращает прокручивание телефона или экшн-камеры во время съемки.</p>  <p>Для некоторых телефонов на базе Android может понадобиться скачать бесплатное приложение SelfiShop Camera из Google Play.</p>  <p><br />Материал: Алюминий, пластик;<br />Угол наклона головки монопода: 260 градусов;<br />Держатель зажима: 56-89 мм;<br />Вес: 102 г;<br />Максимальная грузоподъемность: 1 кг;</p>]]>
			</description>
			<param name="Тип"><![CDATA[Моноподы для селфи]]></param>
			<param name="Тип подключения"><![CDATA[Проводное подключение]]></param>
			<param name="Минимальная высота съемки"><![CDATA[14 см]]></param>
			<param name="Колличество секций"><![CDATA[7]]></param>
			<param name="Тип головки"><![CDATA[Съемная]]></param>
			<param name="Цвет"><![CDATA[Голубой]]></param>
			<param name="Комплектация"><![CDATA[Селфи-монопод]]></param>
			<param name="Бренд"><![CDATA[UFT]]></param>
			<param name="Странапроизводитель"><![CDATA[Китай]]></param>
			<param name="Гарантия"><![CDATA[14 дней]]></param>
			<param name="Наличие"><![CDATA[нет]]></param>
			<param name="вес в упаковке кг"><![CDATA[0.17]]></param>
			<param name="высота в упаковке см"><![CDATA[15]]></param>
			<param name="глубина в упаковке см"><![CDATA[5]]></param>
			<param name="ширина в упаковке см"><![CDATA[4]]></param>
			<param name="количество грузовых мест"><![CDATA[1]]></param>
			<param name="штрихкод"><![CDATA[4820176252159]]></param>
		</offer>
		<offer id="UFTSS31" available="false">
			<url>https://ukrpodarok.com.ua/monopod-dlya-selfi-co-shnurom-ss31-barcelona-selfie-stick-white.html</url>
			<price>245</price>
			<price_old>299</price_old>
			<currencyId>UAH</currencyId>
			<categoryId>1088</categoryId>
			<picture>https://ukrpodarok.com.ua/images/52679_0.jpg</picture>
			<picture>https://ukrpodarok.com.ua/images/52679_63572.jpg</picture>
			<picture>https://ukrpodarok.com.ua/images/52679_0.jpg</picture>
			<vendor>M+</vendor>
			<name>Монопод для селфи cо шнуром SS31 BARCELONA Selfie Stick White</name>
			<barcode>4820176252128</barcode>
			<stock_quantity>0</stock_quantity>
			<description>
				<![CDATA[<p><strong>SS31</strong> это изящный&nbsp;монопод, для людей которые ценят стиль.</p>  <p><strong><strong>&nbsp;</strong></strong></p>  <p><b>Селфи стик SS31</b> невероятно прост в использовании, достаточно подключить аудио кабель в разъем для наушников 3,5мм и наслаждаться процессом съемки. Не требует подзарядки и не садит батарею телефона.</p>  <p>Держатель раскрывается на ширину 85 миллиметров, что позволяет разместить практически любой телефон.</p>  <p><strong>Монопод</strong> <strong>SS31</strong> имеет эргономичную ручку, отлично лежит в руке и не скользит.</p>  <p><strong>Палка для селфи SS31</strong> имеет желоб по всей длине телескопической трубки, что предотвращает прокручивание телефона или экшн-камеры во время съемки.</p>  <p>Для некоторых телефонов на базе Android может понадобиться скачать бесплатное приложение SelfiShop Camera из Google Play.<br /></p>]]>
			</description>
			<param name="Тип"><![CDATA[Монопод]]></param>
			<param name="Тип подключения"><![CDATA[mini jack]]></param>
			<param name="Минимальная высота съемки"><![CDATA[15 см]]></param>
			<param name="Колличество секций"><![CDATA[6]]></param>
			<param name="Тип головки"><![CDATA[Съемная]]></param>
			<param name="Цвет"><![CDATA[Белый]]></param>
			<param name="Комплектация"><![CDATA[Селфи-монопод]]></param>
			<param name="Гарантия"><![CDATA[6 месяцев]]></param>
			<param name="Наличие"><![CDATA[нет]]></param>
			<param name="штрихкод"><![CDATA[4820176252128]]></param>
		</offer>
		<offer id="UFTSS32" available="false">
			<url>https://ukrpodarok.com.ua/monopod-dlya-selfi-co-shnurom-ss32-kyiv-selfie-stick-black.html</url>
			<price>523</price>
			<price_old>567</price_old>
			<currencyId>UAH</currencyId>
			<categoryId>1088</categoryId>
			<picture>https://ukrpodarok.com.ua/images/151999_0.jpg</picture>
			<picture>https://ukrpodarok.com.ua/images/52680_63573.jpg</picture>
			<vendor>M+</vendor>
			<name>Монопод для селфи cо шнуром SS32 KYIV Selfie Stick Black</name>
			<barcode>4820176252135</barcode>
			<stock_quantity>0</stock_quantity>
			<description>
				<![CDATA[<p>SS32 это стильный монопод, с минималистичным дизайном</p>  <p><b>Селфи стик SS32</b> невероятно прост в использовании, достаточно подключить аудио кабель в разъем для наушников 3,5мм и наслаждаться процессом съемки. Не требует подзарядки и не садит батарею телефона.</p>  <p>Держатель раскрывается на ширину 85 миллиметров, что позволяет разместить практически любой телефон.</p>  <p><strong>Монопод SS32</strong> имеет ручку ручку с софт тач покрытием, отлично лежит в руке и не скользит.</p>  <p><strong>Палка для селфи SS32</strong> имеет желоб по всей длине телескопической трубки, что предотвращает прокручивание телефона или экшн-камеры во время съемки. </p>  <p><strong><strong>&nbsp;</strong></strong>Для некоторых телефонов на базе Android может понадобиться скачать бесплатное приложение SelfiShop Camera из Google Play.<br />Материал: Алюминий, пластик;<br />Угол наклона головки монопода: 260 градусов;<br />Держатель зажима: 56-89 мм;<br />Вес: 110 г;<br />Максимальная грузоподъемность: 1 кг;</p>  <p>&nbsp;</p>  <p></p>]]>
			</description>
			<param name="Тип"><![CDATA[Монопод]]></param>
			<param name="Тип подключения"><![CDATA[mini jack]]></param>
			<param name="Минимальная высота съемки"><![CDATA[19 см]]></param>
			<param name="Колличество секций"><![CDATA[6]]></param>
			<param name="Тип головки"><![CDATA[Съемная]]></param>
			<param name="Цвет"><![CDATA[Черный]]></param>
			<param name="Комплектация"><![CDATA[Селфи-монопод]]></param>
			<param name="Гарантия"><![CDATA[6 месяцев]]></param>
			<param name="Наличие"><![CDATA[нет]]></param>
			<param name="штрихкод"><![CDATA[4820176252135]]></param>
		</offer>
		<offer id="UFTSS33" available="false">
			<url>https://ukrpodarok.com.ua/monopod-dlya-selfi-co-shnurom-uft-ss33-new-york-selfie-stick-black.html</url>
			<price>188</price>
			<price_old>255</price_old>
			<price_promo>161</price_promo>
			<currencyId>UAH</currencyId>
			<categoryId>1088</categoryId>
			<picture>https://ukrpodarok.com.ua/images/152000_0.jpg</picture>
			<picture>https://ukrpodarok.com.ua/images/152000_99704.jpg</picture>
			<picture>https://ukrpodarok.com.ua/images/152000_99705.jpg</picture>
			<picture>https://ukrpodarok.com.ua/images/152000_99706.jpg</picture>
			<picture>https://ukrpodarok.com.ua/images/152000_99707.jpg</picture>
			<picture>https://ukrpodarok.com.ua/images/152000_99708.jpg</picture>
			<vendor>UFT</vendor>
			<name>Монопод для селфи cо шнуром UFT SS33 NEW-YORK Selfie Stick Black</name>
			<barcode>4820176252142</barcode>
			<stock_quantity>0</stock_quantity>
			<description>
				<![CDATA[<p><b>SS33</b>&nbsp;это современный монопод, с обновленным дизайном</p>  <p>Держатель раскрывается на ширину 85 миллиметров, что позволяет разместить практически любой телефон. Так же имеется специальное крепление для фиксации аудио кабеля.</p>  <p><b>Селфи стик SS33</b>&nbsp;невероятно прост в использовании, достаточно подключить аудио кабель в разъем для наушников 3,5мм и наслаждаться процессом съемки. Не требует подзарядки и не садит батарею телефона.</p>  <p><b>Монопод SS33</b>&nbsp;имеет ручку ручку с софт тач покрытием, отлично лежит в руке и не скользит.</p>  <p><b>Палка для селфи SS33</b>&nbsp;имеет желоб по всей длине телескопической трубки, что предотвращает прокручивание телефона или экшн-камеры во время съемки.</p>  <p>Для некоторых телефонов на базе Android может понадобиться скачать бесплатное приложение SelfiShop Camera из Google Play.</p>]]>
			</description>
			<param name="Тип"><![CDATA[Моноподы для селфи]]></param>
			<param name="Тип подключения"><![CDATA[Проводное подключение]]></param>
			<param name="Минимальная высота съемки"><![CDATA[14 см]]></param>
			<param name="Колличество секций"><![CDATA[7]]></param>
			<param name="Тип головки"><![CDATA[Съемная]]></param>
			<param name="Цвет"><![CDATA[Черный]]></param>
			<param name="Комплектация"><![CDATA[Селфи-монопод]]></param>
			<param name="Странапроизводитель"><![CDATA[Китай]]></param>
			<param name="Бренд"><![CDATA[UFT]]></param>
			<param name="Гарантия"><![CDATA[14 дней]]></param>
			<param name="Наличие"><![CDATA[нет]]></param>
			<param name="вес в упаковке кг"><![CDATA[0.15]]></param>
			<param name="высота в упаковке см"><![CDATA[15]]></param>
			<param name="глубина в упаковке см"><![CDATA[5]]></param>
			<param name="ширина в упаковке см"><![CDATA[4]]></param>
			<param name="количество грузовых мест"><![CDATA[1]]></param>
			<param name="штрихкод"><![CDATA[4820176252142]]></param>
		</offer>
		<offer id="2GBlue" available="true">
			<url>https://ukrpodarok.com.ua/monopod-dlya-selfi-uft-miniature-2g-blue-s-provodnim-podklyucheniem.html</url>
			<price>85</price>
			<price_old>144</price_old>
			<currencyId>UAH</currencyId>
			<categoryId>1088</categoryId>
			<picture>https://ukrpodarok.com.ua/images/151935_0.jpg</picture>
			<picture>https://ukrpodarok.com.ua/images/52598_63547.jpg</picture>
			<picture>https://ukrpodarok.com.ua/images/52598_63550.jpg</picture>
			<picture>https://ukrpodarok.com.ua/images/52598_63549.jpg</picture>
			<picture>https://ukrpodarok.com.ua/images/52598_63548.jpg</picture>
			<vendor>UFT</vendor>
			<name>Монопод для селфи UFT Miniature 2G Blue с проводным подключением</name>
			<barcode>8000000022240</barcode>
			<stock_quantity>49</stock_quantity>
			<description>
				<![CDATA[<p>Монопод для селфи 2G это один из самых компактных монопод. Его длина в сложенном виде составляет всего 20см, для сравнения это чуть больше чем&nbsp;iPhone&nbsp;6+.</p>  <p>Мультифункциональный&nbsp;Селфи монопод&nbsp;подходит&nbsp;для смартфонов и фотоаппаратов&nbsp;шириной до 8.5 сантиметров. Он станет незаменимым помощником, когда есть необходимость запечатлить приятные и дорогие сердцу моменты из Вашей жизни.</p>  <p>Кроме того у монопод для селфи 2G&nbsp;есть возможность подключения Экшн-камер&nbsp;GoPro.</p>  <p>Невероятно прост в использовании, подключите шнур в стандартный разъем наушников, и одним нажатием на кнопку получайте отличные снимки.</p>  <p>Иимеет штатив с желобом по всей длине телескопической трубки, что предотвращает прокручивание телефона или камеры во время съемки.<br />Совместимость: Andriod 4.2, iOS 5.0;<br />Подходит для: смартфонов, фотоаппаратов;<br />Подключение к смартфону: через кабель 3.5 мм;<br />Кнопок управления: 1;<br />Диаметр телескопической ручки: 1.8 см;<br />Основные материалы: нержавеющая сталь, пластик, силикон;<br />Многоступенчатый наклон: Да (270 градусов);<br />Минимальное раскрытие держателя: 5.5 см;<br />Максимальное раскрытие держателя: 8.5 см;<br />Зарядка не требуется;</p>]]>
			</description>
			<param name="Тип подключения"><![CDATA[Проводное подключение]]></param>
			<param name="Тип"><![CDATA[Моноподы для селфи]]></param>
			<param name="Тип головки"><![CDATA[2D]]></param>
			<param name="Головка в комплекте"><![CDATA[Есть]]></param>
			<param name="Минимальная высота съемки"><![CDATA[20 см]]></param>
			<param name="Максимальная нагрузка"><![CDATA[0.5 кг]]></param>
			<param name="Рекомендуемая нагрузка"><![CDATA[0.2 кг]]></param>
			<param name="Количество секций"><![CDATA[7]]></param>
			<param name="Бренд"><![CDATA[UFT]]></param>
			<param name="Гарантия"><![CDATA[14 дней]]></param>
			<param name="Цвет"><![CDATA[Голубой]]></param>
			<param name="Наличие"><![CDATA[есть]]></param>
			<param name="вес в упаковке кг"><![CDATA[0.17]]></param>
			<param name="высота в упаковке см"><![CDATA[20]]></param>
			<param name="глубина в упаковке см"><![CDATA[5]]></param>
			<param name="ширина в упаковке см"><![CDATA[4]]></param>
			<param name="количество грузовых мест"><![CDATA[1]]></param>
			<param name="штрихкод"><![CDATA[8000000022240]]></param>
		</offer>
		<offer id="UFT2Gm" available="true">
			<url>https://ukrpodarok.com.ua/monopod-dlya-selfi-uft-miniature-2g-magento.html</url>
			<price>85</price>
			<price_old>144</price_old>
			<currencyId>UAH</currencyId>
			<categoryId>1088</categoryId>
			<picture>https://ukrpodarok.com.ua/images/151932_0.jpg</picture>
			<picture>https://ukrpodarok.com.ua/images/151932_99645.jpg</picture>
			<picture>https://ukrpodarok.com.ua/images/151932_99644.jpg</picture>
			<picture>https://ukrpodarok.com.ua/images/52620_63551.gif</picture>
			<vendor>UFT</vendor>
			<name>Монопод для селфи UFT Miniature 2G Magento</name>
			<barcode>8000000022226</barcode>
			<stock_quantity>20</stock_quantity>
			<description>
				<![CDATA[  <p>Это один из самых компактных монопод. Его длина в сложенном виде составляет всего 20см, для сравнения это чуть больше чем&nbsp;iPhone&nbsp;6+.</p>  <p>Мультифункциональный&nbsp;Селфи монопод&nbsp;подходит&nbsp;для смартфонов и фотоаппаратов&nbsp;шириной до 8.5 сантиметров. Он станет незаменимым помощником, когда есть необходимость запечатлить приятные и дорогие сердцу моменты из Вашей жизни.</p>  <p>Кроме того у монопод для селфи Pink есть возможность подключения Экшн-камер&nbsp;GoPro.</p>  <p>Селфи стик&nbsp;невероятно прост в использовании, подключите шнур в стандартный разъем наушников, и одним нажатием на кнопку получайте отличные снимки.</p>  <p>Палка для селфи&nbsp;имеет штатив с желобом по всей длине телескопической трубки, что предотвращает прокручивание телефона или камеры во время съемки.</p>  <p>10 Причин почему стоит выбрать&nbsp;монопод для селфи:</p>    Универсальный держатель подходит для телефонов шириной от 5 до 8,5 см. Прорезиненное покрытие не повреждает смартфон и надежно фиксирует его.  Телескопическая трубка не складывается и не прокручивается благодаря специальному желобу, расположенному по всей длине монопода.  Ручка выполнена из специального антискользящего, силиконового покрытия.  Есть возможность подключить&nbsp;GoPro&nbsp;и множество других Экшн-камер.  Самый компактный монопод.&nbsp; Всего 20 см в длину и 1,8 см в диаметре.    <p>Помещается в карман рубашки или женский клатч.</p>    Оченьлегкий. Весит всего 155 грамм.  &nbsp;Не требует подзарядки и соединения по&nbsp;Bluetooth&nbsp;или&nbsp;Wi-Fiдля совершения фото съемки.  Стильный дизайн.  Монопод второго поколения. Получил лучшие характеристики от всех предыдущих моделей.    <p>&nbsp;</p>  <p>Технические характеристики:</p>  <p>Размер упаковки: 30.5 х 5 х 3см</p>  <p>Размер в сложенном виде: 20 х 4 х 1.8см</p>  <p>Min. длинна: 20см</p>  <p>Max. длинна: 80см</p>  <p>Диаметр телескопической ручки: 1.8см</p>  <p>Min. раскрытие держателя: 5.5см</p>  <p>Max. раскрытие держателя: 8.5см</p>  <p>Дополнительные характеристики:</p>  <p>Совместимость: Andriod&nbsp;4.2&nbsp;и выше, iOS 5.0 и выше</p>  <p>Подходит для: смартфонов, фотоаппаратов, экшн-камер GoPro</p>  <p>Подключение к смартфону:&nbsp;Аудио кабель 3,5мм</p>  <p>Кнопок управления: 1</p>  <p>Многоступенчатый наклон: Да (270 градусов)</p>  <p>Вес: 155г</p>  <p>Рекомендуемая нагрузка: 200г</p>  <p>Максимальная нагрузка: 500г</p>  <p>Количество секций: 7</p>  <p>Съемная головка: да</p>  <p>Основные материалы: Нержавеющая сталь, пластик, силикон&nbsp;</p>  <p>Цвет: Пурпурный<br /><br /></p>  ]]>
			</description>
			<param name="Тип подключения"><![CDATA[Проводное подключение]]></param>
			<param name="Тип"><![CDATA[Моноподы для селфи]]></param>
			<param name="Тип головки"><![CDATA[2D]]></param>
			<param name="Головка в комплекте"><![CDATA[Есть]]></param>
			<param name="Минимальная высота съемки"><![CDATA[20 см]]></param>
			<param name="Максимальная нагрузка"><![CDATA[0.5 кг]]></param>
			<param name="Рекомендуемая нагрузка"><![CDATA[0.2 кг]]></param>
			<param name="Количество секций"><![CDATA[7]]></param>
			<param name="Цвет"><![CDATA[Розовый]]></param>
			<param name="Страна регистрации бренда"><![CDATA[Украина]]></param>
			<param name="Бренд"><![CDATA[UFT]]></param>
			<param name="Гарантия"><![CDATA[14 дней]]></param>
			<param name="Наличие"><![CDATA[есть]]></param>
			<param name="вес в упаковке кг"><![CDATA[0.17]]></param>
			<param name="высота в упаковке см"><![CDATA[20]]></param>
			<param name="глубина в упаковке см"><![CDATA[5]]></param>
			<param name="ширина в упаковке см"><![CDATA[4]]></param>
			<param name="количество грузовых мест"><![CDATA[1]]></param>
			<param name="штрихкод"><![CDATA[8000000022226]]></param>
		</offer>
		<offer id="UFT2Ggr" available="true">
			<url>https://ukrpodarok.com.ua/monopod-dlya-selfi-provodnoi-miniature-uft-2g-grey-(050232).html</url>
			<price>85</price>
			<price_old>125</price_old>
			<currencyId>UAH</currencyId>
			<categoryId>1088</categoryId>
			<picture>https://ukrpodarok.com.ua/images/150878_0.jpg</picture>
			<picture>https://ukrpodarok.com.ua/images/52618_63542.jpg</picture>
			<picture>https://ukrpodarok.com.ua/images/150878_99783.jpg</picture>
			<vendor>UFT</vendor>
			<name>Монопод для селфи проводной Miniature UFT 2G Grey (050232)</name>
			<barcode>8000000022257</barcode>
			<stock_quantity>100</stock_quantity>
			<description>
				<![CDATA[<p>Монопод для селфиэто один из самых компактных монопод. Его длина в сложенном виде составляет всего 20см, для сравнения это чуть больше чем&nbsp;iPhone&nbsp;6+.</p>  <p>Мультифункциональный&nbsp;Селфи монопод&nbsp;подходит&nbsp;для смартфонов и фотоаппаратов&nbsp;шириной до 8.5 сантиметров. Он станет незаменимым помощником, когда есть необходимость запечатлить приятные и дорогие сердцу моменты из Вашей жизни.</p>  <p>10 Причин почему стоит выбрать монопод для селфи Miniature 2G Grey:</p>    Универсальный держатель подходит для телефонов шириной от 5 до 8,5 см. Прорезиненное покрытие не повреждает смартфон и надежно фиксирует его.  Телескопическая трубка не складывается и не прокручивается благодаря специальному желобу, расположенному по всей длине монопода.  Ручка выполнена из специального антискользящего, силиконового покрытия.  Есть возможность подключить&nbsp;GoPro&nbsp;и множество других Экшн-камер.  Самый компактный монопод.&nbsp; Всего 20 см в длину и 1,8 см в диаметре.    <p>Помещается в карман рубашки или женский клатч.</p>    Оченьлегкий. Весит всего 155 грамм.  &nbsp;Не требует подзарядки и соединения по&nbsp;Bluetooth&nbsp;или&nbsp;Wi-Fiдля совершения фото съемки.  Стильный дизайн.  Монопод второго поколения. Получил лучшие характеристики от всех предыдущих моделей.    <p>&nbsp;Размер упаковки: 30.5 х 5 х 3см</p>  <p>Размер в сложенном виде: 20 х 4 х 1.8см</p>  <p>Min. длинна: 20см</p>  <p>Max. длинна: 80см</p>  <p>Диаметр телескопической ручки: 1.8см</p>  <p>Min. раскрытие держателя: 5.5см</p>  <p>Max. раскрытие держателя: 8.5см</p>  <p>Дополнительные характеристики:</p>  <p>Совместимость: Andriod&nbsp;4.2&nbsp;и выше, iOS 5.0 и выше</p>  <p>Подходит для: смартфонов, фотоаппаратов, экшн-камер GoPro</p>  <p>Подключение к смартфону:&nbsp;Аудио кабель 3,5мм</p>  <p>Кнопок управления: 1</p>  <p>Многоступенчатый наклон: Да (270 градусов)</p>  <p>Вес: 155г</p>  <p>Рекомендуемая нагрузка: 200г</p>  <p>Максимальная нагрузка: 500г</p>  <p>Количество секций: 7</p>  <p>Съемная головка: да</p>  <p>Основные материалы: Нержавеющая сталь, пластик, силикон&nbsp;</p>  <p>Цвет:&nbsp;Серый</p>  <br /><br />    <p></p>]]>
			</description>
			<param name="Тип подключения"><![CDATA[Проводное подключение]]></param>
			<param name="Тип"><![CDATA[Моноподы для селфи]]></param>
			<param name="Особенности"><![CDATA[С кнопкой управления;Телескопический;]]></param>
			<param name="Тип головки"><![CDATA[2D]]></param>
			<param name="Головка в комплекте"><![CDATA[Есть]]></param>
			<param name="Минимальная высота съемки"><![CDATA[200 мм]]></param>
			<param name="Максимальная нагрузка"><![CDATA[0.5 кг]]></param>
			<param name="Рекомендуемая нагрузка"><![CDATA[0.2 кг]]></param>
			<param name="Цвет"><![CDATA[Серый]]></param>
			<param name="Количество секций"><![CDATA[7]]></param>
			<param name="Странапроизводитель"><![CDATA[Китай]]></param>
			<param name="Гарантия"><![CDATA[14 дней]]></param>
			<param name="Наличие"><![CDATA[есть]]></param>
			<param name="вес в упаковке кг"><![CDATA[0.1]]></param>
			<param name="высота в упаковке см"><![CDATA[20]]></param>
			<param name="глубина в упаковке см"><![CDATA[5]]></param>
			<param name="ширина в упаковке см"><![CDATA[5]]></param>
			<param name="количество грузовых мест"><![CDATA[1]]></param>
			<param name="штрихкод"><![CDATA[8000000022257]]></param>
		</offer>
		<offer id="MP050223" available="false">
			<url>https://ukrpodarok.com.ua/monopod-dlya-selfi-s-zerkalom-i-shnurom-m-green-(mp050223).html</url>
			<price>79</price>
			<price_old>99</price_old>
			<currencyId>UAH</currencyId>
			<categoryId>1088</categoryId>
			<picture>https://ukrpodarok.com.ua/images/151042_0.jpg</picture>
			<picture>https://ukrpodarok.com.ua/images/1176_63843.jpg</picture>
			<picture>https://ukrpodarok.com.ua/images/151042_99840.jpg</picture>
			<vendor>CG</vendor>
			<name>Монопод для селфи с зеркалом и шнуром M+ Green (MP050223)</name>
			<barcode>4820176240060</barcode>
			<stock_quantity>0</stock_quantity>
			<description>
				<![CDATA[<p>Монопод для селфи с зеркалом и шнуром M+ Green</p>  <p>Отличное решение для телефонов со слабой фронтальной камерой. С помощью эргономичного зеркала, в котором Вы видите свое отображение, можно использовать заднюю (основную) камеру для того что бы делать более качественные снимки.</p>  <p>Монопод для селфи с зеркалом и шнуром M+ Green&nbsp;это один из самых компактных монопод. Его длина в сложенном виде составляет всего 20&nbsp;сантиметров, для сравнения это чуть больше чем&nbsp;iPhone&nbsp;6+.</p>  <p>Отличительной особенностью является наличие широкого зеркала, 3.5 х 5.5 см для того что бы Вы могли использовать основную камеру, и в то же время видить себя в отражении.</p>  <p>Мультифункциональный&nbsp;Селфи монопод&nbsp;подходит&nbsp;для смартфонов&nbsp;шириной до 8.5 сантиметров. Он станет незаменимым помощником, когда необходимо&nbsp;запечатлить приятные и дорогие сердцу моменты из Вашей жизни.</p>  <p>Монопод&nbsp;M+&nbsp; имеет ручку с антискользящим покрытием, что обеспечит отличную фиксацию Вашего девайса в руке.</p>  <p>Селфи стик&nbsp; M+&nbsp;&nbsp;невероятно прост в использовании, подключите шнур в стандартный разъем наушников, и одним нажатием на кнопку получайте отличные снимки.</p>  <p>Палка для селфи&nbsp;M+&nbsp; имеет штатив с желобом по всей длине телескопической трубки, что предотвращает прокручивание телефона или камеры во время съемки.</p>  <p>Для некоторых телефонов на базе&nbsp;Android&nbsp;может понадобиться скачать бесплатное приложение&nbsp;SelfiShop&nbsp;Camera&nbsp;из&nbsp;Google Play</p>  <p>&nbsp;</p>  <p>10 Причин почему стоит выбрать монопод для селфи с зеркалом и шнуром M+ Green:</p>    Универсальный держатель подходит для телефонов шириной от 5 до 8,5 см. Прорезиненное покрытие не повреждает смартфон и надежно фиксирует его.  Телескопическая трубка не складывается и не прокручивается благодаря специальному желобу, расположенному по всей длине монопода.  Ручка выполнена из специального антискользящего, силиконового покрытия.  Имеется зеркало для того что бы можно было развернуть телефон и снимать основной камерой.  Один из самых&nbsp;компактныхмоноподов.&nbsp; Всего 20 см в длину и 1,8 см в диаметре.  Очень&nbsp;легкий. Весит всего 155 грамм.  &nbsp;Не требует подзарядки и соединения по&nbsp;Bluetooth&nbsp;или&nbsp;Wi-Fiдля совершения фото съемки.  Стильный дизайн.  Монопод второго поколения. Получил лучшие характеристики от всех предыдущих моделей.    <p>&nbsp;</p>  <p>Технические характеристики:</p>  <p>Размер упаковки:&nbsp;20.5 х&nbsp;4,5&nbsp;х 3см</p>  <p>Размер в сложенном виде: 20 х&nbsp;3&nbsp;х 1.8см</p>  <p>Min. длинна: 20см</p>  <p>Max. длинна: 80см</p>  <p>Диаметр телескопической ручки:&nbsp;1-2см</p>  <p>Min. раскрытие держателя: 5.5см</p>  <p>Max. раскрытие держателя: 8.5см</p>  <p>Дополнительные характеристики:</p>  <p>Совместимость: Android&nbsp;4.2&nbsp;и выше, iOS 5.0 и выше</p>  <p>Подходит для: смартфонов, фотоаппаратов, экшн-камер GoPro</p>  <p>Подключение к смартфону:&nbsp;Аудио кабель 3,5мм</p>  <p>Кнопок управления: 1</p>  <p>Многоступенчатый наклон: Да (270 градусов)</p>  <p>Вес: 155г</p>  <p>Рекомендуемая нагрузка: 200г</p>  <p>Максимальная нагрузка: 500г</p>  <p>Количество секций: 7</p>  <p>Съемная головка: да</p>  <p>Зеркало: Да</p>  <p>Основные материалы: Нержавеющая сталь, пластик, силикон&nbsp;</p>  <p>Цвет: Зеленый</p>]]>
			</description>
			<param name="Тип подключения"><![CDATA[Проводное подключение]]></param>
			<param name="Тип"><![CDATA[Моноподы для селфи]]></param>
			<param name="Тип головки"><![CDATA[2D]]></param>
			<param name="Головка в комплекте"><![CDATA[Есть]]></param>
			<param name="Минимальная высота съемки"><![CDATA[20 см]]></param>
			<param name="Максимальная нагрузка"><![CDATA[0.5 кг]]></param>
			<param name="Рекомендуемая нагрузка"><![CDATA[0.2 кг]]></param>
			<param name="Количество секций"><![CDATA[7]]></param>
			<param name="Гарантия"><![CDATA[6 месяцев]]></param>
			<param name="Наличие"><![CDATA[нет]]></param>
			<param name="штрихкод"><![CDATA[4820176240060]]></param>
		</offer>
		<offer id="MP050219" available="true">
			<url>https://ukrpodarok.com.ua/monopod-dlya-selfi-s-zerkalom-i-shnurom-uft-ss10-black.html</url>
			<price>87</price>
			<price_old>122</price_old>
			<currencyId>UAH</currencyId>
			<categoryId>1088</categoryId>
			<picture>https://ukrpodarok.com.ua/images/151038_0.jpg</picture>
			<picture>https://ukrpodarok.com.ua/images/151038_99834.jpg</picture>
			<picture>https://ukrpodarok.com.ua/images/151038_99833.jpg</picture>
			<vendor>UFT</vendor>
			<name>Монопод для селфи с зеркалом и шнуром UFT SS10 Black</name>
			<barcode>8000000022158</barcode>
			<stock_quantity>20</stock_quantity>
			<description>
				<![CDATA[<p>Монопод для селфи с зеркалом и шнуром Black&nbsp;это один из самых компактных монопод. Его длина в сложенном виде составляет всего 20&nbsp;сантиметров, для сравнения это чуть больше чем&nbsp;iPhone&nbsp;6+.</p>  <p>Отличительной особенностью является наличие широкого зеркала, 3.5 х 5.5 см для того что бы Вы могли испольовать основную камеру, и в то же время видить себя в отражении.</p>  <p>Мультифункциональный&nbsp;Селфи монопод&nbsp;подходит&nbsp;для смартфонов&nbsp;шириной до 8.5 сантиметров. Он станет незаменимым помощником, когда необходимо&nbsp;запечатлить приятные и дорогие сердцу моменты из Вашей жизни.</p>  <p>Имеет ручку с антискользящим покрытием, что обеспечит отличную фиксацию Вашего девайса в руке.</p>  <p>Невероятно прост в использовании, подключите шнур в стандартный разъем наушников, и одним нажатием на кнопку получайте отличные снимки.</p>  <p>Имеет штатив с желобом по всей длине телескопической трубки, что предотвращает прокручивание телефона или камеры во время съемки.</p>  <p>Для некоторых телефонов на базе&nbsp;Android&nbsp;может понадобиться скачать бесплатное приложение&nbsp;SelfiShop&nbsp;Camera&nbsp;из&nbsp;Google Play</p>  <p>&nbsp;</p>  <p>10 Причин почему стоит выбрать SS10&nbsp;со шнуром:</p>    Универсальный держатель подходит для телефонов шириной от 5 до 8,5 см. Прорезиненное покрытие не повреждает смартфон и надежно фиксирует его.  Телескопическая трубка не складывается и не прокручивается благодаря специальному желобу, расположенному по всей длине монопода.  Ручка выполнена из специального антискользящего, силиконового покрытия.  Имеется зеркало для того что бы можно было развернуть телефон и снимать основной камерой.  Один из самых&nbsp;компактныхмоноподов.&nbsp; Всего 20 см в длину и 1,8 см в диаметре.  Очень&nbsp;легкий. Весит всего 155 грамм.  &nbsp;Не требует подзарядки и соединения по&nbsp;Bluetooth&nbsp;или&nbsp;Wi-Fiдля совершения фото съемки.  Стильный дизайн.  Монопод второго поколения. Получил лучшие характеристики от всех предыдущих моделей.    <p>&nbsp;</p>  <p>Технические характеристики:</p>  <p>Размер упаковки:&nbsp;20.5 х&nbsp;4,5&nbsp;х 3см</p>  <p>Размер в сложенном виде: 20 х&nbsp;3&nbsp;х 1.8см</p>  <p>Min. длинна: 20см</p>  <p>Max. длинна: 80см</p>  <p>Диаметр телескопической ручки:&nbsp;1-2см</p>  <p>Min. раскрытие держателя: 5.5см</p>  <p>Max. раскрытие держателя: 8.5см</p>  <p>Дополнительные характеристики:</p>  <p>Совместимость: Android&nbsp;4.2&nbsp;и выше, iOS 5.0 и выше</p>  <p>Подходит для: смартфонов, фотоаппаратов, экшн-камер GoPro</p>  <p>Подключение к смартфону:&nbsp;Аудио кабель 3,5мм</p>  <p>Кнопок управления: 1</p>  <p>Многоступенчатый наклон: Да (270 градусов)</p>  <p>Вес: 155г</p>  <p>Рекомендуемая нагрузка: 200г</p>  <p>Максимальная нагрузка: 500г</p>  <p>Количество секций: 7</p>  <p>Съемная головка: да</p>  <p>Зеркало: Да</p>  <p>Основные материалы: Нержавеющая сталь, пластик, силикон&nbsp;&nbsp;</p>  <p>Цвет: Черный&nbsp;</p>]]>
			</description>
			<param name="Тип подключения"><![CDATA[Проводное подключение]]></param>
			<param name="Тип"><![CDATA[Моноподы для селфи]]></param>
			<param name="Тип головки"><![CDATA[2D]]></param>
			<param name="Головка в комплекте"><![CDATA[Есть]]></param>
			<param name="Минимальная высота съемки"><![CDATA[20 см]]></param>
			<param name="Максимальная нагрузка"><![CDATA[0.5 кг]]></param>
			<param name="Рекомендуемая нагрузка"><![CDATA[0.2 кг]]></param>
			<param name="Количество секций"><![CDATA[7]]></param>
			<param name="Цвет"><![CDATA[Черный]]></param>
			<param name="Гарантия"><![CDATA[14 дней]]></param>
			<param name="Бренд"><![CDATA[UFT]]></param>
			<param name="Странаоегистрации бренда"><![CDATA[Украина]]></param>
			<param name="Наличие"><![CDATA[есть]]></param>
			<param name="вес в упаковке кг"><![CDATA[0.17]]></param>
			<param name="высота в упаковке см"><![CDATA[20]]></param>
			<param name="глубина в упаковке см"><![CDATA[5]]></param>
			<param name="ширина в упаковке см"><![CDATA[4]]></param>
			<param name="количество грузовых мест"><![CDATA[1]]></param>
			<param name="штрихкод"><![CDATA[8000000022158]]></param>
		</offer>
		<offer id="MP050220" available="true">
			<url>https://ukrpodarok.com.ua/monopod-dlya-selfi-s-zerkalom-i-shnurom-uft-ss10-blue.html</url>
			<price>87</price>
			<price_old>122</price_old>
			<currencyId>UAH</currencyId>
			<categoryId>1088</categoryId>
			<picture>https://ukrpodarok.com.ua/images/151041_0.jpg</picture>
			<picture>https://ukrpodarok.com.ua/images/151041_99844.jpg</picture>
			<picture>https://ukrpodarok.com.ua/images/151041_99845.jpg</picture>
			<vendor>UFT</vendor>
			<name>Монопод для селфи с зеркалом и шнуром UFT SS10 Blue</name>
			<barcode>8000000022141</barcode>
			<stock_quantity>20</stock_quantity>
			<description>
				<![CDATA[<p>Монопод для селфи с зеркалом и шнуром это один из самых компактных монопод. Его длина в сложенном виде составляет всего 20&nbsp;сантиметров, для сравнения это чуть больше чем&nbsp;iPhone&nbsp;6+.</p>  <p>Отличительной особенностью является наличие широкого зеркала, 3.5 х 5.5 см для того что бы Вы могли испольовать основную камеру, и в то же время видить себя в отражении.</p>  <p>Мультифункциональный&nbsp;Селфи монопод&nbsp;подходит&nbsp;для смартфонов&nbsp;шириной до 8.5 сантиметров. Он станет незаменимым помощником, когда необходимо&nbsp;запечатлить приятные и дорогие сердцу моменты из Вашей жизни.<br />Для некоторых телефонов на базе&nbsp;Android&nbsp;может понадобиться скачать бесплатное приложение&nbsp;SelfiShop&nbsp;Camera&nbsp;из&nbsp;Google Play</p>  <p>&nbsp;10 Причин почему стоит выбрать Монопод для селфи с зеркалом и шнуром M+ Blue&nbsp;:</p>    Универсальный держатель подходит для телефонов шириной от 5 до 8,5 см. Прорезиненное покрытие не повреждает смартфон и надежно фиксирует его.  Телескопическая трубка не складывается и не прокручивается благодаря специальному желобу, расположенному по всей длине монопода.  Ручка выполнена из специального антискользящего, силиконового покрытия.  Имеется зеркало для того что бы можно было развернуть телефон и снимать основной камерой.  Один из самых&nbsp;компактныхмоноподов.&nbsp; Всего 20 см в длину и 1,8 см в диаметре.  Очень&nbsp;легкий. Весит всего 155 грамм.  &nbsp;Не требует подзарядки и соединения по&nbsp;Bluetooth&nbsp;или&nbsp;Wi-Fiдля совершения фото съемки.  Стильный дизайн.  Монопод второго поколения. Получил лучшие характеристики от всех предыдущих моделей.    <p>&nbsp;Технические характеристики:</p>  <p>Размер упаковки:&nbsp;20.5 х&nbsp;4,5&nbsp;х 3см</p>  <p>Размер в сложенном виде: 20 х&nbsp;3&nbsp;х 1.8см</p>  <p>Min. длинна: 20см</p>  <p>Max. длинна: 80см</p>  <p>Диаметр телескопической ручки:&nbsp;1-2см</p>  <p>Min. раскрытие держателя: 5.5см</p>  <p>Max. раскрытие держателя: 8.5см</p>  <p>Дополнительные характеристики:</p>  <p>Совместимость: Android&nbsp;4.2&nbsp;и выше, iOS 5.0 и выше</p>  <p>Подходит для: смартфонов, фотоаппаратов, экшн-камер GoPro</p>  <p>Подключение к смартфону:&nbsp;Аудио кабель 3,5мм</p>  <p>Кнопок управления: 1</p>  <p>Многоступенчатый наклон: Да (270 градусов)</p>  <p>Вес: 155г</p>  <p>Рекомендуемая нагрузка: 200г</p>  <p>Максимальная нагрузка: 500г</p>  <p>Количество секций: 7</p>  <p>Съемная головка: да</p>  <p>Зеркало: Да</p>  <p>Основные материалы: Нержавеющая сталь, пластик, силикон&nbsp;&nbsp;</p>  <p>Цвет: Голубой<br /><br /></p>]]>
			</description>
			<param name="Тип подключения"><![CDATA[Проводное подключение]]></param>
			<param name="Тип"><![CDATA[Моноподы для селфи]]></param>
			<param name="Тип головки"><![CDATA[2D]]></param>
			<param name="Головка в комплекте"><![CDATA[Есть]]></param>
			<param name="Минимальная высота съемки"><![CDATA[20 см]]></param>
			<param name="Максимальная нагрузка"><![CDATA[0.5 кг]]></param>
			<param name="Рекомендуемая нагрузка"><![CDATA[0.2 кг]]></param>
			<param name="Количество секций"><![CDATA[7]]></param>
			<param name="Гарантия"><![CDATA[14 дней]]></param>
			<param name="Бренд"><![CDATA[UFT]]></param>
			<param name="Наличие"><![CDATA[есть]]></param>
			<param name="вес в упаковке кг"><![CDATA[0.15]]></param>
			<param name="высота в упаковке см"><![CDATA[20]]></param>
			<param name="глубина в упаковке см"><![CDATA[5]]></param>
			<param name="ширина в упаковке см"><![CDATA[4]]></param>
			<param name="количество грузовых мест"><![CDATA[1]]></param>
			<param name="штрихкод"><![CDATA[8000000022141]]></param>
		</offer>
		<offer id="MP050222" available="true">
			<url>https://ukrpodarok.com.ua/monopod-dlya-selfi-s-zerkalom-i-shnurom-uft-ss10-grey.html</url>
			<price>85</price>
			<price_old>122</price_old>
			<currencyId>UAH</currencyId>
			<categoryId>1088</categoryId>
			<picture>https://ukrpodarok.com.ua/images/151039_0.jpg</picture>
			<picture>https://ukrpodarok.com.ua/images/151039_99848.jpg</picture>
			<picture>https://ukrpodarok.com.ua/images/151039_99849.jpg</picture>
			<vendor>UFT</vendor>
			<name>Монопод для селфи с зеркалом и шнуром UFT SS10 Grey</name>
			<barcode>8000000022127</barcode>
			<stock_quantity>20</stock_quantity>
			<description>
				<![CDATA[<p>Монопод для селфи это один из самых компактных монопод. Его длина в сложенном виде составляет всего 20см, для сравнения это чуть больше чем&nbsp;iPhone&nbsp;6+.</p>  <p>Мультифункциональный&nbsp;Селфи монопод&nbsp;подходит&nbsp;для смартфонов и фотоаппаратов&nbsp;шириной до 8.5 сантиметров. Он станет незаменимым помощником, когда есть необходимость запечатлить приятные и дорогие сердцу моменты из Вашей жизни.</p>  <p>10 Причин почему стоит выбрать монопод для селфи:</p>    Универсальный держатель подходит для телефонов шириной от 5 до 8,5 см. Прорезиненное покрытие не повреждает смартфон и надежно фиксирует его.  Телескопическая трубка не складывается и не прокручивается благодаря специальному желобу, расположенному по всей длине монопода.  Ручка выполнена из специального антискользящего, силиконового покрытия.  Есть возможность подключить&nbsp;GoPro&nbsp;и множество других Экшн-камер.  Самый компактный монопод.&nbsp; Всего 20 см в длину и 1,8 см в диаметре.    <p>Помещается в карман рубашки или женский клатч.</p>    Оченьлегкий. Весит всего 155 грамм.  &nbsp;Не требует подзарядки и соединения по&nbsp;Bluetooth&nbsp;или&nbsp;Wi-Fiдля совершения фото съемки.  Стильный дизайн.  Монопод второго поколения. Получил лучшие характеристики от всех предыдущих моделей.    <p>&nbsp;Размер упаковки: 30.5 х 5 х 3см</p>  <p>Размер в сложенном виде: 20 х 4 х 1.8см</p>  <p>Min. длинна: 20см</p>  <p>Max. длинна: 80см</p>  <p>Диаметр телескопической ручки: 1.8см</p>  <p>Min. раскрытие держателя: 5.5см</p>  <p>Max. раскрытие держателя: 8.5см</p>  <p>Дополнительные характеристики:</p>  <p>Совместимость: Andriod&nbsp;4.2&nbsp;и выше, iOS 5.0 и выше</p>  <p>Подходит для: смартфонов, фотоаппаратов, экшн-камер GoPro</p>  <p>Подключение к смартфону:&nbsp;Аудио кабель 3,5мм</p>  <p>Кнопок управления: 1</p>  <p>Многоступенчатый наклон: Да (270 градусов)</p>  <p>Вес: 155г</p>  <p>Рекомендуемая нагрузка: 200г</p>  <p>Максимальная нагрузка: 500г</p>  <p>Количество секций: 7</p>  <p>Съемная головка: да</p>  <p>Основные материалы: Нержавеющая сталь, пластик, силикон&nbsp;</p>  <p>Цвет:&nbsp;Серый</p>]]>
			</description>
			<param name="Тип подключения"><![CDATA[Проводное подключение]]></param>
			<param name="Тип"><![CDATA[Моноподы для селфи]]></param>
			<param name="Особенности"><![CDATA[С кнопкой управления;Телескопический;]]></param>
			<param name="Тип головки"><![CDATA[2D]]></param>
			<param name="Головка в комплекте"><![CDATA[Есть]]></param>
			<param name="Минимальная высота съемки"><![CDATA[200 мм]]></param>
			<param name="Максимальная нагрузка"><![CDATA[0.5 кг]]></param>
			<param name="Рекомендуемая нагрузка"><![CDATA[0.2 кг]]></param>
			<param name="Цвет"><![CDATA[Серый]]></param>
			<param name="Количество секций"><![CDATA[7]]></param>
			<param name="Странапроизводитель"><![CDATA[Китай]]></param>
			<param name="Бренд"><![CDATA[UFT]]></param>
			<param name="Гарантия"><![CDATA[14 дней]]></param>
			<param name="Наличие"><![CDATA[есть]]></param>
			<param name="вес в упаковке кг"><![CDATA[0.1]]></param>
			<param name="высота в упаковке см"><![CDATA[20]]></param>
			<param name="глубина в упаковке см"><![CDATA[5]]></param>
			<param name="ширина в упаковке см"><![CDATA[5]]></param>
			<param name="количество грузовых мест"><![CDATA[1]]></param>
			<param name="штрихкод"><![CDATA[8000000022127]]></param>
		</offer>
		<offer id="MP050221" available="true">
			<url>https://ukrpodarok.com.ua/monopod-dlya-selfi-s-zerkalom-i-shnurom-uft-ss10-pink.html</url>
			<price>87</price>
			<price_old>122</price_old>
			<currencyId>UAH</currencyId>
			<categoryId>1088</categoryId>
			<picture>https://ukrpodarok.com.ua/images/151040_0.jpg</picture>
			<picture>https://ukrpodarok.com.ua/images/151040_99846.jpg</picture>
			<picture>https://ukrpodarok.com.ua/images/151040_99847.jpg</picture>
			<vendor>UFT</vendor>
			<name>Монопод для селфи с зеркалом и шнуром UFT SS10 Pink</name>
			<barcode>8000000022110</barcode>
			<stock_quantity>200</stock_quantity>
			<description>
				<![CDATA[<p>10 Причин почему стоит выбрать Монопод для селфи с зеркалом и шнуром Pink:</p>    Универсальный держатель подходит для телефонов шириной от 5 до 8,5 см. Прорезиненное покрытие не повреждает смартфон и надежно фиксирует его.  Телескопическая трубка не складывается и не прокручивается благодаря специальному желобу, расположенному по всей длине монопода.  Ручка выполнена из специального антискользящего, силиконового покрытия.  Имеется зеркало для того что бы можно было развернуть телефон и снимать основной камерой.  Один из самых&nbsp;компактныхмоноподов.&nbsp; Всего 20 см в длину и 1,8 см в диаметре.  Очень&nbsp;легкий. Весит всего 155 грамм.  &nbsp;Не требует подзарядки и соединения по&nbsp;Bluetooth&nbsp;или&nbsp;Wi-Fiдля совершения фото съемки.  Стильный дизайн.  Монопод второго поколения. Получил лучшие характеристики от всех предыдущих моделей.    <p>&nbsp;</p>  <p>Технические характеристики:</p>  <p>Размер упаковки:&nbsp;20.5 х&nbsp;4,5&nbsp;х 3см</p>  <p>Размер в сложенном виде: 20 х&nbsp;3&nbsp;х 1.8см</p>  <p>Min. длинна: 20см</p>  <p>Max. длинна: 80см</p>  <p>Диаметр телескопической ручки:&nbsp;1-2см</p>  <p>Min. раскрытие держателя: 5.5см</p>  <p>Max. раскрытие держателя: 8.5см</p>  <p>Дополнительные характеристики:</p>  <p>Совместимость: Android&nbsp;4.2&nbsp;и выше, iOS 5.0 и выше</p>  <p>Подходит для: смартфонов, фотоаппаратов, экшн-камер GoPro</p>  <p>Подключение к смартфону:&nbsp;Аудио кабель 3,5мм</p>  <p>Кнопок управления: 1</p>  <p>Многоступенчатый наклон: Да (270 градусов)</p>  <p>Вес: 155г</p>  <p>Рекомендуемая нагрузка: 200г</p>  <p>Максимальная нагрузка: 500г</p>  <p>Количество секций: 7</p>  <p>Съемная головка: да</p>  <p>Зеркало: Да</p>  <p>Основные материалы: Нержавеющая сталь, пластик, силикон&nbsp;&nbsp;</p>  <p>Цвет: Пурпурный</p>]]>
			</description>
			<param name="Тип подключения"><![CDATA[Проводное подключение]]></param>
			<param name="Тип"><![CDATA[Моноподы для селфи]]></param>
			<param name="Тип головки"><![CDATA[2D]]></param>
			<param name="Головка в комплекте"><![CDATA[Есть]]></param>
			<param name="Минимальная высота съемки"><![CDATA[20 см]]></param>
			<param name="Максимальная нагрузка"><![CDATA[0.5 кг]]></param>
			<param name="Рекомендуемая нагрузка"><![CDATA[0.2 кг]]></param>
			<param name="Количество секций"><![CDATA[7]]></param>
			<param name="Гарантия"><![CDATA[14 дней]]></param>
			<param name="Бренд"><![CDATA[UFT]]></param>
			<param name="Страна регистрации бренда"><![CDATA[Украина]]></param>
			<param name="Наличие"><![CDATA[есть]]></param>
			<param name="вес в упаковке кг"><![CDATA[0.15]]></param>
			<param name="высота в упаковке см"><![CDATA[20]]></param>
			<param name="глубина в упаковке см"><![CDATA[5]]></param>
			<param name="ширина в упаковке см"><![CDATA[4]]></param>
			<param name="количество грузовых мест"><![CDATA[1]]></param>
			<param name="штрихкод"><![CDATA[8000000022110]]></param>
		</offer>
		<offer id="MP050228" available="false">
			<url>https://ukrpodarok.com.ua/monopod-dlya-selfi-s-zerkalom-i-shnurom-uft-ss11-black.html</url>
			<price>77</price>
			<price_old>119</price_old>
			<currencyId>UAH</currencyId>
			<categoryId>1088</categoryId>
			<picture>https://ukrpodarok.com.ua/images/151048_0.jpg</picture>
			<picture>https://ukrpodarok.com.ua/images/1181_0.jpg</picture>
			<picture>https://ukrpodarok.com.ua/images/151048_99857.jpg</picture>
			<picture>https://ukrpodarok.com.ua/images/151048_99858.jpg</picture>
			<vendor>UFT</vendor>
			<name>Монопод для селфи с зеркалом и шнуром UFT SS11 Black</name>
			<barcode>8000000022103</barcode>
			<stock_quantity>0</stock_quantity>
			<description>
				<![CDATA[<p>Монопод для селфи с зеркалом и шнуром это многофункциональный монопод премиум сегмента, который сочетает в себе высокое качество и стильный дизайн.</p>  <p>Отличительной особенностью является наличие широкого зеркала, 3.5 х 5.5 см для того что бы Вы могли испольовать основную камеру, и в то же время видить себя в отражении.</p>  <p>Держатель раскрывается на ширину 85 миллиметров, что позволяет разместить практически любой телефон.</p>  <p>Монопод для селфи с зеркалом и шнуром&nbsp; имеет ручку с антискользящим покрытием, что обеспечивает отличную фиксацию Вашего девайса в руке.&nbsp;На ручке имеется ремешок на руку, для того что бы Вы не выронили монопод даже в экстремальной ситуации.</p>  <p>Селфи стик&nbsp;невероятно прост в использовании, достаточно подключить аудио кабель в разъем для наушников 3,5мм и наслаждаться процессом съемки. Не требует подзарядки и не садит батарею телефона.</p>  <p>Палка для селфи&nbsp;имеет&nbsp;желоб по всей длине телескопической трубки, что предотвращает прокручивание телефона или экшн-камеры во время съемки.&nbsp;</p>  <p><strong>Для некоторых телефонов на базе&nbsp;</strong><strong>Andr</strong><strong>o</strong><strong>id</strong><strong>&nbsp;может понадобиться скачать бесплатное приложение&nbsp;</strong><strong>SelfiShop&nbsp;Camera</strong><strong>&nbsp;из&nbsp;</strong><strong>Google Play</strong><strong>.</strong></p>  <p>&nbsp;</p>  <p>Технические характеристики:</p>  <p>Размер упаковки: 20.5 х 5 х 3см</p>  <p>Размер в сложенном виде: 18,5 х 4 х 1.8см</p>  <p>Min. длинна: 18,5см</p>  <p>Max. длинна: 80см</p>  <p>Диаметр телескопической ручки: 1.8см</p>  <p>Min. раскрытие держателя: 5.5см</p>  <p>Max. раскрытие держателя: 8.5см</p>  <p>Дополнительные характеристики:</p>  <p>Совместимость: Andriod&nbsp;4.2&nbsp;и выше, iOS 5.0 и выше</p>  <p>Подходит для: смартфонов</p>  <p>Зеркало: да</p>  <p>Тип батареи: нет</p>  <p>Время зарядки: не требует</p>  <p>Время в режиме ожидания: не ограничено</p>  <p>Подключение к смартфону:&nbsp;аудио кабель 3,5мм</p>  <p>Кнопок управления: 1</p>  <p>Многоступенчатый наклон: Да (270 градусов)</p>  <p>Вес: 155г</p>  <p>Рекомендуемая нагрузка: 200г</p>  <p>Максимальная нагрузка: 500г</p>  <p>Количество секций: 6</p>  <p>Основные материалы: Нержавеющая сталь, пластик,</p>  <p>Цвет: Черный&nbsp;</p>]]>
			</description>
			<param name="Тип подключения"><![CDATA[Проводное подключение]]></param>
			<param name="Тип"><![CDATA[Моноподы для селфи]]></param>
			<param name="Тип головки"><![CDATA[2D]]></param>
			<param name="Головка в комплекте"><![CDATA[Есть]]></param>
			<param name="Минимальная высота съемки"><![CDATA[18.5 см]]></param>
			<param name="Максимальная нагрузка"><![CDATA[0.5 кг]]></param>
			<param name="Рекомендуемая нагрузка"><![CDATA[0.2 кг]]></param>
			<param name="Количество секций"><![CDATA[6]]></param>
			<param name="Цвет"><![CDATA[Черный]]></param>
			<param name="Странапроизводитель"><![CDATA[Китай]]></param>
			<param name="Бренд"><![CDATA[UFT]]></param>
			<param name="Гарантия"><![CDATA[6 месяцев]]></param>
			<param name="Наличие"><![CDATA[нет]]></param>
			<param name="вес в упаковке кг"><![CDATA[0.15]]></param>
			<param name="высота в упаковке см"><![CDATA[20]]></param>
			<param name="глубина в упаковке см"><![CDATA[5]]></param>
			<param name="ширина в упаковке см"><![CDATA[4]]></param>
			<param name="количество грузовых мест"><![CDATA[1]]></param>
			<param name="штрихкод"><![CDATA[8000000022103]]></param>
		</offer>
		<offer id="MP050225" available="true">
			<url>https://ukrpodarok.com.ua/monopod-dlya-selfi-s-zerkalom-i-shnurom-uft-ss11-green.html</url>
			<price>89</price>
			<price_old>119</price_old>
			<currencyId>UAH</currencyId>
			<categoryId>1088</categoryId>
			<picture>https://ukrpodarok.com.ua/images/151045_0.jpg</picture>
			<picture>https://ukrpodarok.com.ua/images/151045_99853.jpg</picture>
			<picture>https://ukrpodarok.com.ua/images/151045_99854.jpg</picture>
			<vendor>UFT</vendor>
			<name>Монопод для селфи с зеркалом и шнуром UFT SS11 Green</name>
			<barcode>8000000022073</barcode>
			<stock_quantity>20</stock_quantity>
			<description>
				<![CDATA[Отличительной особенностью является наличие широкого зеркала, 3.5 х 5.5 см для того что бы Вы могли испольовать основную камеру, и в то же время видить себя в отражении.  <p>Держатель раскрывается на ширину 85 миллиметров, что позволяет разместить практически любой телефон.</p>  <p>Монопод для селфи с зеркалом и шнуром&nbsp; Premium Green&nbsp;имеет ручку с антискользящим покрытием, что обеспечивает отличную фиксацию Вашего девайса в руке.&nbsp;На ручке имеется ремешок на руку, для того что бы Вы не выронили монопод даже в экстремальной ситуации.</p>  <p>Селфи стик&nbsp;невероятно прост в использовании, достаточно подключить аудио кабель в разъем для наушников 3,5мм и наслаждаться процессом съемки. Не требует подзарядки и не садит батарею телефона.</p>  <p>Палка для селфи&nbsp;имеет&nbsp;желоб по всей длине телескопической трубки, что предотвращает прокручивание телефона или экшн-камеры во время съемки.&nbsp;</p>  Для некоторых телефонов на базе&nbsp;Android&nbsp;может понадобиться скачать бесплатное приложение&nbsp;SelfiShop&nbsp;Camera&nbsp;из&nbsp;Google Play.  <p>&nbsp;Технические характеристики:</p>  <p>Размер упаковки: 20.5 х 5 х 3см</p>  <p>Размер в сложенном виде: 18,5 х 4 х 1.8см</p>  <p>Min. длинна: 18,5см</p>  <p>Max. длинна: 80см</p>  <p>Диаметр телескопической ручки: 1.8см</p>  <p>Min. раскрытие держателя: 5.5см</p>  <p>Max. раскрытие держателя: 8.5см</p>  <p>Дополнительные характеристики:</p>  <p>Совместимость: Andriod&nbsp;4.2&nbsp;и выше, iOS 5.0 и выше</p>  <p>Подходит для: смартфонов</p>  <p>Зеркало: да</p>  <p>Тип батареи: нет</p>  <p>Время зарядки: не требует</p>  <p>Время в режиме ожидания: не ограничено</p>  <p>Подключение к смартфону:&nbsp;аудио кабель 3,5мм</p>  <p>Кнопок управления: 1</p>  <p>Многоступенчатый наклон: Да (270 градусов)</p>  <p>Вес: 155г</p>  <p>Рекомендуемая нагрузка: 200г</p>  <p>Максимальная нагрузка: 500г</p>  <p>Количество секций: 6</p>  <p>Основные материалы: Нержавеющая сталь, пластик,</p>]]>
			</description>
			<param name="Тип подключения"><![CDATA[Проводное подключение]]></param>
			<param name="Тип"><![CDATA[Моноподы для селфи]]></param>
			<param name="Тип головки"><![CDATA[2D]]></param>
			<param name="Головка в комплекте"><![CDATA[Есть]]></param>
			<param name="Минимальная высота съемки"><![CDATA[18.5 см]]></param>
			<param name="Максимальная нагрузка"><![CDATA[0.5 кг]]></param>
			<param name="Рекомендуемая нагрузка"><![CDATA[0.2 кг]]></param>
			<param name="Количество секций"><![CDATA[6]]></param>
			<param name="Гарантия"><![CDATA[14 дней]]></param>
			<param name="Цвет"><![CDATA[Черный;Зеленый]]></param>
			<param name="Бренд"><![CDATA[UFT]]></param>
			<param name="Наличие"><![CDATA[есть]]></param>
			<param name="вес в упаковке кг"><![CDATA[0.17]]></param>
			<param name="высота в упаковке см"><![CDATA[20]]></param>
			<param name="глубина в упаковке см"><![CDATA[5]]></param>
			<param name="ширина в упаковке см"><![CDATA[4]]></param>
			<param name="количество грузовых мест"><![CDATA[1]]></param>
			<param name="штрихкод"><![CDATA[8000000022073]]></param>
		</offer>
		<offer id="CGSS1Purple" available="false">
			<url>https://ukrpodarok.com.ua/monopod-dlya-selfi-selfi-palka-so-shnurom-3-5-mm-mini-jack-118-sm-uft-ss1-purple.html</url>
			<price>88</price>
			<price_old>167</price_old>
			<currencyId>UAH</currencyId>
			<categoryId>1088</categoryId>
			<picture>https://ukrpodarok.com.ua/images/152239_0.jpg</picture>
			<picture>https://ukrpodarok.com.ua/images/152239_100061.jpg</picture>
			<picture>https://ukrpodarok.com.ua/images/152239_100062.jpg</picture>
			<picture>https://ukrpodarok.com.ua/images/152239_100064.jpg</picture>
			<vendor>UFT</vendor>
			<name>Монопод для селфи селфи палка со шнуром 3.5 мм mini-jack 118 см UFT SS1 Purple</name>
			<barcode>4820176258014</barcode>
			<stock_quantity>0</stock_quantity>
			<description>
				<![CDATA[<p><b>Селфи стик</b>&nbsp;UFT<b>&nbsp;SS1&nbsp;</b>совместим с любым телефоном или смартфоном. Можно использовать как&nbsp;<b>штатив для селфи</b>&nbsp;под фотоаппарат</p>  <p>Есть возможность прикрепить Экшн-камер GoPro через переходник который прикручивается на винт (приобретается отдельно)</p>  <p><b><i>Инструкция по настройке Монопода</i></b></p>  <p><b>Телефоны с опирационной системой iOS не трубуют дополнительных настроек.</b></p>  <p><b>Для некоторых телефонов на базе Android может понадобиться скачать бесплатное приложение SelfiShop Camera из Google Play.</b></p>  <p>1. Подключите монопод в разьем наушников. 2. Откройте приложение&nbsp;SelfiShop Camera. 3. Нажмите кнопку на моноподе.</p>  <p>Приложение запомнит эту кнопку, что позволит делать снимки по нажатию, находясь в этой программе.</p>  <p>Размер в сложенном виде: 23 х 5 х 1.8 см</p>  <p>Min. длинна: 23 см</p>  <p>Max. длинна: 118 см</p>  <p>Диаметр телескопической ручки: 1-1.8 см</p>  <p>Min. раскрытие держателя: 5 см</p>  <p>Max. раскрытие держателя: 8.5 см</p>  <p>Совместимость: Andriod&nbsp;4.2&nbsp;и выше, iOS 5.0 и выше</p>  <p>Подходит для: смартфонов, фотоаппаратов</p>  <p>Подключение к смартфону: через кабель 3.5 мм</p>  <p>Кнопок управления: 1</p>  <p>Многоступенчатый наклон: Да</p>  <p>Вес: 0,162кг</p>  <p></p>  <p>Количество секций: 7</p>  <p>Основные материалы: Нержавеющая сталь, пластик</p>  <p>Рекомендуемая нагрузка: 0.2 кг</p>  <p>Максимальная нагрузка: 0.5 кг</p>  <p>Цвет:&nbsp;Фиолетовый</p>]]>
			</description>
			<param name="Тип подключения"><![CDATA[Проводное подключение]]></param>
			<param name="Тип"><![CDATA[Моноподы для селфи]]></param>
			<param name="Тип головки"><![CDATA[2D]]></param>
			<param name="Минимальная высота съемки"><![CDATA[23 см]]></param>
			<param name="Максимальная нагрузка"><![CDATA[0,5 кг]]></param>
			<param name="Рекомендуемая нагрузка"><![CDATA[0.2 кг]]></param>
			<param name="Количество секций"><![CDATA[7]]></param>
			<param name="Цвет"><![CDATA[Фиолетовый]]></param>
			<param name="Бренд"><![CDATA[UFT]]></param>
			<param name="Страна регистрации бренда"><![CDATA[Украина]]></param>
			<param name="Гарантия"><![CDATA[6 месяцев]]></param>
			<param name="Наличие"><![CDATA[нет]]></param>
			<param name="вес в упаковке кг"><![CDATA[0.12]]></param>
			<param name="высота в упаковке см"><![CDATA[20]]></param>
			<param name="глубина в упаковке см"><![CDATA[5]]></param>
			<param name="ширина в упаковке см"><![CDATA[4]]></param>
			<param name="количество грузовых мест"><![CDATA[1]]></param>
			<param name="штрихкод"><![CDATA[4820176258014]]></param>
		</offer>
		<offer id="CGSS8Orange" available="false">
			<url>https://ukrpodarok.com.ua/monopod-dlya-selfi-so-shnurom-3-5-mini-jack-ss8-orange.html</url>
			<price>55</price>
			<price_old>99</price_old>
			<currencyId>UAH</currencyId>
			<categoryId>1088</categoryId>
			<picture>https://ukrpodarok.com.ua/images/150982_0.jpg</picture>
			<picture>https://ukrpodarok.com.ua/images/1146_0.jpg</picture>
			<picture>https://ukrpodarok.com.ua/images/150982_99787.jpg</picture>
			<picture>https://ukrpodarok.com.ua/images/150982_99788.jpg</picture>
			<picture>https://ukrpodarok.com.ua/images/150982_99789.jpg</picture>
			<vendor>CG</vendor>
			<name>Монопод для селфи со шнуром 3.5 mini-jack SS8 Orange</name>
			<barcode>8000000021922</barcode>
			<stock_quantity>0</stock_quantity>
			<description>
				<![CDATA[<p>Монопод для селфи со шнуром это один из самых компактных монопод. Его длина в сложенном виде составляет всего 13,8 см, для сравнения это чуть больше чем&nbsp;iPhone&nbsp;5.</p>  <p>Мультифункциональный&nbsp;Селфи монопод&nbsp;подходит&nbsp;для смартфонов и фотоаппаратов&nbsp;шириной до 8.5 сантиметров. Он станет незаменимым помощником, когда есть необходимость запечатлить приятные и дорогие сердцу моменты из Вашей жизни.</p>  <p>Имеет ручку с пенополиуретановым покрытием, что обеспечивает невероятный комфорт и фиксацию Вашего девайса в руке.</p>  <p>Монопод для селфи со шнуром невероятно прост в использовании, подключите шнур в стандартный разъем наушников, и одним нажатием на кнопку получайте отличные снимки.</p>  <p>Имеет штатив с желобом по всей длине телескопической трубки, что предотвращает прокручивание телефона или камеры во время съемки.</p>  <p></p>]]>
			</description>
			<param name="Тип подключения"><![CDATA[Проводное подключение]]></param>
			<param name="Тип"><![CDATA[Моноподы для селфи]]></param>
			<param name="Тип головки"><![CDATA[2D]]></param>
			<param name="Головка в комплекте"><![CDATA[Есть]]></param>
			<param name="Минимальная высота съемки"><![CDATA[13.8 см]]></param>
			<param name="Максимальная нагрузка"><![CDATA[0.5 кг]]></param>
			<param name="Рекомендуемая нагрузка"><![CDATA[0.2 кг]]></param>
			<param name="Количество секций"><![CDATA[7]]></param>
			<param name="Гарантия"><![CDATA[14 дней]]></param>
			<param name="Наличие"><![CDATA[нет]]></param>
			<param name="вес в упаковке кг"><![CDATA[0.1]]></param>
			<param name="высота в упаковке см"><![CDATA[15]]></param>
			<param name="глубина в упаковке см"><![CDATA[5]]></param>
			<param name="ширина в упаковке см"><![CDATA[3]]></param>
			<param name="количество грузовых мест"><![CDATA[1]]></param>
			<param name="штрихкод"><![CDATA[8000000021922]]></param>
		</offer>
		<offer id="MP050211" available="false">
			<url>https://ukrpodarok.com.ua/monopod-dlya-selfi-so-shnurom-cg-selfi-palka-ss6-green-(mp050211).html</url>
			<price>59</price>
			<price_old>99</price_old>
			<currencyId>UAH</currencyId>
			<categoryId>1088</categoryId>
			<picture>https://ukrpodarok.com.ua/images/150961_0.jpg</picture>
			<picture>https://ukrpodarok.com.ua/images/150961_99835.jpg</picture>
			<vendor>CG</vendor>
			<name>Монопод для селфи со шнуром CG Selfi Palka SS6 Green (MP050211)</name>
			<barcode></barcode>
			<stock_quantity>0</stock_quantity>
			<description>
				<![CDATA[    <p>&nbsp;Монопод для селфи со шнуром CG SS6 Green это многофукциональный монопод премиум сегмента, который сочетает в себе высокое качество и стильный дизайн</p>  <p><br /><br />Держатель раскрывается на ширину 85 миллиметров, что позволяет разместить практически любой телефон.</p>  <p>При необходимости съемная головка убирается и на ее место можно установить&nbsp;Экшн-камеру&nbsp;GoPro. На ручке имеется ремешок на руку, для того что бы Вы не выронили монопод даже в экстремальной ситуации.</p>  <p>Монопод для селфи со шнуром CG SS6 Green&nbsp;невероятно прост в использовании, достаточно подключить аудио кабель в разъем для наушников 3,5мм и наслаждаться процессом съемки. Не требует подзарядки и не садит батарею телефона.</p>  <p>Монопод для селфи со шнуром CG SS6 Green&nbsp;имеет&nbsp;желоб по всей длине телескопической трубки, что предотвращает прокручивание телефона или экшн-камеры во время съемки.&nbsp;</p>  <p>Технические характеристики:</p>  <p>Размер упаковки: 30.5 х 5 х 3см</p>  <p>Размер в сложенном виде: 18,5 х 4 х 1.8см</p>  <p>Min. длинна: 18,5см</p>  <p>Max. длинна: 80см</p>  <p>Диаметр телескопической ручки: 1.8см</p>  <p>Min. раскрытие держателя: 5.5см</p>  <p>Max. раскрытие держателя: 8.5см</p>  <p>Дополнительные характеристики:</p>  <p>Совместимость: Andriod&nbsp;4.2&nbsp;и выше, iOS 5.0 и выше</p>  <p>Подходит для: смартфонов, фотоаппаратов, экшн-камер GoPro</p>  <p>Тип батареи: нет</p>  <p>Время зарядки: не требует</p>  <p>Время в режиме ожидания: не ограничено</p>  <p>Подключение к смартфону:&nbsp;аудио кабель 3,5мм</p>  <p>Кнопок управления: 1</p>  <p>Многоступенчатый наклон: Да (270 градусов)</p>  <p>Вес: 155г</p>  <p>Рекомендуемая нагрузка: 200г</p>  <p>Максимальная нагрузка: 500г</p>  <p>Количество секций: 7</p>  <p>Основные материалы: Нержавеющая сталь, пластик,</p>  <p>Цвет: Зеленый<br />&nbsp;</p>  &nbsp;  ]]>
			</description>
			<param name="Тип подключения"><![CDATA[Проводное подключение]]></param>
			<param name="Тип"><![CDATA[Моноподы для селфи]]></param>
			<param name="Тип головки"><![CDATA[2D]]></param>
			<param name="Головка в комплекте"><![CDATA[Есть]]></param>
			<param name="Минимальная высота съемки"><![CDATA[18.5 см]]></param>
			<param name="Максимальная нагрузка"><![CDATA[0.5 кг]]></param>
			<param name="Рекомендуемая нагрузка"><![CDATA[0.2 кг]]></param>
			<param name="Количество секций"><![CDATA[7]]></param>
			<param name="Гарантия"><![CDATA[6 месяцев]]></param>
			<param name="Наличие"><![CDATA[нет]]></param>
		</offer>
		<offer id="UFTSS8Pink" available="false">
			<url>https://ukrpodarok.com.ua/monopod-dlya-selfi-so-shnurom-m-little-pink-(050214).html</url>
			<price>34</price>
			<price_old>84</price_old>
			<currencyId>UAH</currencyId>
			<categoryId>1088</categoryId>
			<picture>https://ukrpodarok.com.ua/images/151931_0.jpg</picture>
			<picture>https://ukrpodarok.com.ua/images/52622_63559.jpg</picture>
			<picture>https://ukrpodarok.com.ua/images/52622_63555.jpg</picture>
			<picture>https://ukrpodarok.com.ua/images/52622_63557.gif</picture>
			<picture>https://ukrpodarok.com.ua/images/151931_99808.jpg</picture>
			<picture>https://ukrpodarok.com.ua/images/52622_63558.jpg</picture>
			<vendor>M+</vendor>
			<name>Монопод для селфи со шнуром M+ Little Pink (050214)</name>
			<barcode></barcode>
			<stock_quantity>0</stock_quantity>
			<description>
				<![CDATA[<p>Монопод для селфи со шнуром M+ Little Pink&nbsp;это один из самых компактных монопод. Его длина в сложенном виде составляет всего 13,8 см, для сравнения это чуть больше чем&nbsp;iPhone&nbsp;5.</p>  <p>Мультифункциональный&nbsp;Селфи монопод&nbsp;подходит&nbsp;для смартфонов и фотоаппаратов&nbsp;шириной до 8.5 сантиметров. Он станет незаменимым помощником, когда есть необходимость запечатлить приятные и дорогие сердцу моменты из Вашей жизни.</p>  <p>Монопод для селфи со шнуром M+ Little Pink&nbsp;имеет ручку с Пенополиуретановым покрытием, что обеспечивает невероятный комфорт и фиксацию Вашего девайса в руке.</p>  <p>Монопод для селфи со шнуром M+ Little Pink&nbsp;невероятно прост в использовании, подключите шнур в стандартный разъем наушников, и одним нажатием на кнопку получайте отличные снимки.</p>  <p>Монопод для селфи со шнуром M+ Little Pink&nbsp;имеет штатив с желобом по всей длине телескопической трубки, что предотвращает прокручивание телефона или камеры во время съемки.</p>  <p>8 Причин почему стоит выбрать монопод для селфи со шнуром M+ Little Pink:</p>    Универсальный держатель подходит для телефонов шириной от 5 до 8,5 см. Прорезиненное покрытие не повреждает смартфон и надежно фиксирует его.  Телескопическая трубка не складывается и не прокручивается благодаря специальному желобу, расположенному по всей длине монопода.  Ручка выполнена из мягкого пенополиуретанового покрытия.  Самый компактный монопод.&nbsp; Всего 13,8 см в длину.    <p>Помещается в карман рубашки или женский клатч.</p>    Оченьлегкий. Весит всего 82 грамма.  &nbsp;Не требует подзарядки и соединения по&nbsp;Bluetooth&nbsp;или&nbsp;Wi-Fiдля совершения фото съемки.  Стильный дизайн. Яркие цвета.  Монопод третьего поколения. Получил лучшие характеристики от всех предыдущих моделей.    <p>&nbsp;</p>  <p>Технические характеристики:</p>  <p>Размер упаковки: 30.5 х 5 х 3см</p>  <p>Размер в сложенном виде: 20 х 4 х 1.8см</p>  <p>Min. длинна: 13,8см</p>  <p>Max. длинна: 48см</p>  <p>Диаметр телескопической ручки: 1.8см</p>  <p>Min. раскрытие держателя: 5.5см</p>  <p>Max. раскрытие держателя: 8.5см</p>  <p>Дополнительные характеристики:</p>  <p>Совместимость: Andriod&nbsp;4.2&nbsp;и выше, iOS 5.0 и выше</p>  <p>Подходит для: смартфонов</p>  <p>Подключение к смартфону:&nbsp;Аудио кабель 3,5мм</p>  <p>Кнопок управления: 1</p>  <p>Многоступенчатый наклон: Да (270 градусов)</p>  <p>Вес: 82г</p>  <p>Рекомендуемая нагрузка: 200г</p>  <p>Максимальная нагрузка: 500г</p>  <p>Количество секций: 7</p>  <p>Съемная головка: да</p>  <p>Основные материалы: Нержавеющая сталь, пластик, силикон&nbsp;</p>  <p>Цвет: Розовый</p>]]>
			</description>
			<param name="Тип подключения"><![CDATA[Проводное подключение]]></param>
			<param name="Тип"><![CDATA[Моноподы для селфи]]></param>
			<param name="Тип головки"><![CDATA[2D]]></param>
			<param name="Головка в комплекте"><![CDATA[Есть]]></param>
			<param name="Минимальная высота съемки"><![CDATA[13.8 см]]></param>
			<param name="Максимальная нагрузка"><![CDATA[0.5 кг]]></param>
			<param name="Рекомендуемая нагрузка"><![CDATA[0.2 кг]]></param>
			<param name="Количество секций"><![CDATA[7]]></param>
			<param name="Гарантия"><![CDATA[6 месяцев]]></param>
			<param name="Наличие"><![CDATA[нет]]></param>
		</offer>
		<offer id="MP050255" available="false">
			<url>https://ukrpodarok.com.ua/monopod-dlya-selfi-so-shnurom-m-selfie-palka-purple-(mp050255).html</url>
			<price>98</price>
			<currencyId>UAH</currencyId>
			<categoryId>1088</categoryId>
			<picture>https://ukrpodarok.com.ua/images/150933_0.jpg</picture>
			<picture>https://ukrpodarok.com.ua/images/150933_99537.jpg</picture>
			<vendor>CG</vendor>
			<name>Монопод для селфи со шнуром M+ Selfie Palka Magenta (MP050255)</name>
			<barcode></barcode>
			<stock_quantity>0</stock_quantity>
			<description>
				<![CDATA[<p>Монопод для селфи со шнуром M+ Selfie Palka&nbsp;Magenta</p>  <p>Селфи монопод для смартфонов и фотоаппаратов&nbsp;станет незаменимым помощником, когда есть необходимость запечатлить приятные и дорогие сердцу моменты из Вашей жизни.</p>  <p>Каждый из нас сталкивается с такой проблемой, когда хочется сфотографировать себя на фоне красивого пейзажа или памятки архитектуры, а человека который мог бы сделать снимок поблизости просто не оказывается. И Вы вынуждены тратить кучу времени на прицеливание, фокусировку и главное неудобство заключается в том, что действительно качественного фото не выйдет, так как человеческая рука физически не способна отдалить фотоаппарат на достаточное расстояние, что бы охватить Вас и находящиеся за Вами объекты в полной мере. В таком случае&nbsp;палка для селфи&nbsp;станет самым лучшим решением.</p>  <p>Монопод для селфи со шнуром M+ Selfie Palka&nbsp;Purple невероятно прост в использовании, подключите шнур в стандартный разъем наушников, и одним нажатием на кнопку получайте хорошие снимки.</p>  <p>Селфи стик&nbsp;M+&nbsp;&nbsp;совместим с любым телефоном или смартфоном. Можно использовать как&nbsp;штатив для селфи&nbsp;под фотоаппарат.</p>]]>
			</description>
			<param name="Тип подключения"><![CDATA[Проводное подключение]]></param>
			<param name="Тип"><![CDATA[Моноподы для селфи]]></param>
			<param name="Минимальная высота съемки"><![CDATA[23 см]]></param>
			<param name="Максимальная нагрузка"><![CDATA[1 кг]]></param>
			<param name="Рекомендуемая нагрузка"><![CDATA[0.5 кг]]></param>
			<param name="Количество секций"><![CDATA[7]]></param>
			<param name="Цвет"><![CDATA[Красный]]></param>
			<param name="Гарантия"><![CDATA[6 месяцев]]></param>
			<param name="Наличие"><![CDATA[нет]]></param>
		</offer>
		<offer id="MP050204" available="false">
			<url>https://ukrpodarok.com.ua/monopod-dlya-selfi-so-shnurom-m-selfie-palka-white-(mp050204).html</url>
			<price>79</price>
			<price_old>99</price_old>
			<currencyId>UAH</currencyId>
			<categoryId>1088</categoryId>
			<picture>https://ukrpodarok.com.ua/images/150903_0.jpg</picture>
			<picture>https://ukrpodarok.com.ua/images/150903_99712.jpg</picture>
			<picture>https://ukrpodarok.com.ua/images/150903_99713.jpg</picture>
			<vendor>CG</vendor>
			<name>Монопод для селфи со шнуром M+ Selfie Palka White (MP050204)</name>
			<barcode></barcode>
			<stock_quantity>0</stock_quantity>
			<description>
				<![CDATA[<p>Монопод для селфи со шнуром M+ Selfie Palka White</p>  <p>Селфи монопод&nbsp;для смартфонов и фотоаппаратов&nbsp;станет незаменимым помощником, когда есть необходимость запечатлить приятные и дорогие сердцу моменты из Вашей жизни.</p>  <p>Каждый из нас сталкивается с такой проблемой, когда хочется сфотографировать себя на фоне красивого пейзажа или памятки архитектуры, а человека который мог бы сделать снимок поблизости просто не оказывается. И Вы вынуждены тратить кучу времени на прицеливание, фокусировку и главное неудобство заключается в том, что действительно качественного фото не выйдет, так как человеческая рука физически не способна отдалить фотоаппарат на достаточное расстояние, что бы охватить Вас и находящиеся за Вами объекты в полной мере. В таком случае&nbsp;палка для селфи&nbsp;станет самым лучшим решением.</p>  <p>Монопод для селфи со шнуром M+ Selfie Palka White&nbsp;&nbsp;невероятно прост в использовании, подключите шнур в стандартный разъем наушников, и одним нажатием на кнопку получайте хорошие снимки.</p>  <p>Селфи стик&nbsp;M+&nbsp;совместим с любым телефоном или смартфоном. Можно использовать как&nbsp;штатив для селфи&nbsp;под фотоаппарат</p>  <p>Есть возможность прикрепить Экшн-камер GoPro через переходник который прикручивается на винт (приобретается отдельно)</p>  <p>&nbsp;</p>  <p>Для некоторых телефонов на базе&nbsp;Android&nbsp;может понадобиться скачать бесплатное приложение&nbsp;SelfiShop&nbsp;Camera&nbsp;из&nbsp;Google Play</p>  <p>Технические характеристики:</p>  <p>Размер упаковки: 30.5 х 5.8 х 3 см</p>  <p>Размер в сложенном виде: 21.5 х 5 х 2.5 см</p>  <p>Min. длинна: 23 см</p>  <p>Max. длинна: 106 см</p>  <p>Диаметр телескопической ручки: 1-1.8 см</p>  <p>Min. раскрытие держателя: 5 см</p>  <p>Max. раскрытие держателя: 8.5 см</p>  <p>Дополнительные характеристики:</p>  <p>Совместимость: Andriod&nbsp;4.2&nbsp;и выше, iOS 5.0 и выше</p>  <p>Подходит для: смартфонов, фотоаппаратов</p>  <p>Подключение к смартфону: через кабель 3.5 мм</p>  <p>Кнопок управления: 1</p>  <p>Многоступенчатый наклон: Да</p>  <p>Вес: 0,162кг</p>  <p>Рекомендуемая нагрузка: 0.2 кг</p>  <p>Максимальная нагрузка: 0.5 кг</p>  <p>Количество секций: 6</p>  <p>Основные материалы: Нержавеющая сталь, пластик, силикон</p>  <p>Цвет: Белый<br /><br /><br /><br /></p>]]>
			</description>
			<param name="Тип подключения"><![CDATA[Проводное подключение]]></param>
			<param name="Тип"><![CDATA[Моноподы для селфи]]></param>
			<param name="Особенности"><![CDATA[С кнопкой управления;Телескопический;]]></param>
			<param name="Минимальная высота съемки"><![CDATA[230 мм]]></param>
			<param name="Максимальная нагрузка"><![CDATA[0,2 кг]]></param>
			<param name="Рекомендуемая нагрузка"><![CDATA[0,5 кг]]></param>
			<param name="Количество секций"><![CDATA[6]]></param>
			<param name="Гарантия"><![CDATA[6 месяцев]]></param>
			<param name="Наличие"><![CDATA[нет]]></param>
		</offer>
		<offer id="uftss1lb" available="false">
			<url>https://ukrpodarok.com.ua/monopod-dlya-selfi-so-shnurom-ss1-light-blue.html</url>
			<price>99</price>
			<price_old>115</price_old>
			<currencyId>UAH</currencyId>
			<categoryId>1088</categoryId>
			<picture>https://ukrpodarok.com.ua/images/150931_0.jpg</picture>
			<picture>https://ukrpodarok.com.ua/images/150931_99710.jpg</picture>
			<picture>https://ukrpodarok.com.ua/images/150931_99709.jpg</picture>
			<vendor>CG</vendor>
			<name>Монопод для селфи со шнуром SS1 Light Blue</name>
			<barcode>4820176240121</barcode>
			<stock_quantity>0</stock_quantity>
			<description>
				<![CDATA[<p>Селфи монопод для смартфонов и фотоаппаратов&nbsp;станет незаменимым помощником, когда есть необходимость запечатлить приятные и дорогие сердцу моменты из Вашей жизни.</p>  <p>Каждый из нас сталкивается с такой проблемой, когда хочется сфотографировать себя на фоне красивого пейзажа или памятки архитектуры, а человека который мог бы сделать снимок поблизости просто не оказывается. И Вы вынуждены тратить кучу времени на прицеливание, фокусировку и главное неудобство заключается в том, что действительно качественного фото не выйдет, так как человеческая рука физически не способна отдалить фотоаппарат на достаточное расстояние, что бы охватить Вас и находящиеся за Вами объекты в полной мере. В таком случае&nbsp;палка для селфи&nbsp;станет самым лучшим решением.</p>  <p>Монопод для селфи со шнуром невероятно прост в использовании, подключите шнур в стандартный разъем наушников, и одним нажатием на кнопку получайте хорошие снимки.</p>  <p>Селфи стик&nbsp; совместим с любым телефоном или смартфоном. Можно использовать как&nbsp;штатив для селфи&nbsp;под фотоаппарат.</p>  <p>&nbsp;</p>  <p>Основные материалы: Нержавеющая сталь, пластик</p>  <p>Цвет:&nbsp;Голубой<br /><br /><br /><br /></p>]]>
			</description>
			<param name="Тип подключения"><![CDATA[Проводное подключение]]></param>
			<param name="Тип"><![CDATA[Моноподы для селфи]]></param>
			<param name="Особенности"><![CDATA[С кнопкой управления;Телескопический;]]></param>
			<param name="Минимальная высота съемки"><![CDATA[230 мм]]></param>
			<param name="Максимальная нагрузка"><![CDATA[0,5 кг]]></param>
			<param name="Рекомендуемая нагрузка"><![CDATA[2 кг]]></param>
			<param name="Количество секций"><![CDATA[7]]></param>
			<param name="Цвет"><![CDATA[Голубой]]></param>
			<param name="Странапроизводитель"><![CDATA[Китай]]></param>
			<param name="Гарантия"><![CDATA[14 дней]]></param>
			<param name="Наличие"><![CDATA[нет]]></param>
			<param name="вес в упаковке кг"><![CDATA[0.2]]></param>
			<param name="высота в упаковке см"><![CDATA[12]]></param>
			<param name="глубина в упаковке см"><![CDATA[3]]></param>
			<param name="ширина в упаковке см"><![CDATA[5]]></param>
			<param name="количество грузовых мест"><![CDATA[1]]></param>
			<param name="штрихкод"><![CDATA[4820176240121]]></param>
		</offer>
		<offer id="MP050231" available="true">
			<url>https://ukrpodarok.com.ua/monopod-dlya-selfi-so-shnurom-ss10-green.html</url>
			<price>89</price>
			<price_old>122</price_old>
			<currencyId>UAH</currencyId>
			<categoryId>1088</categoryId>
			<picture>https://ukrpodarok.com.ua/images/150945_0.jpg</picture>
			<picture>https://ukrpodarok.com.ua/images/150945_99860.jpg</picture>
			<vendor>CG</vendor>
			<name>Монопод для селфи со шнуром SS10 Green</name>
			<barcode>8000000022134</barcode>
			<stock_quantity>20</stock_quantity>
			<description>
				<![CDATA[<p>Монопод для селфи со шнуром &nbsp;SS10 Green это один из самых компактных монопод. Его длина в сложенном виде составляет всего 20см, для сравнения это чуть больше чем&nbsp;iPhone&nbsp;6+.</p>  <p>Универсальный держатель подходит для телефонов шириной от 5 до 8,5 см.<br />Прорезиненное покрытие не повреждает смартфон и надежно фиксирует его.<br />Телескопическая трубка не складывается и не прокручивается благодаря специальному желобу, расположенному по всей длине монопода.<br />Ручка выполнена из специального антискользящего, силиконового покрытия.<br />Есть возможность подключить&nbsp;GoPro&nbsp;и множество других Экшн-камер. Всего 20 см в длину и 1,8 см в диаметре.</p>  <p>Размер упаковки: 30.5 х 5 х 3см</p>  <p>Размер в сложенном виде: 20 х 4 х 1.8см</p>  <p>Min. длинна: 20см</p>  <p>Max. длинна: 80см</p>  <p>Диаметр телескопической ручки: 1.8см</p>  <p>Min. раскрытие держателя: 5.5см</p>  <p>Max. раскрытие держателя: 8.5см</p>  <p>Дополнительные характеристики:</p>  <p>Совместимость: Andriod&nbsp;4.2&nbsp;и выше, iOS 5.0 и выше</p>  <p>Подходит для: смартфонов, фотоаппаратов, экшн-камер GoPro</p>  <p>Подключение к смартфону:&nbsp;Аудио кабель 3,5мм</p>  <p>Кнопок управления: 1</p>  <p>Многоступенчатый наклон: Да (270 градусов)</p>  <p>Вес: 155г</p>  <p>Рекомендуемая нагрузка: 200г</p>  <p>Максимальная нагрузка: 500г</p>  <p>Количество секций: 7</p>  <p>Съемная головка: да</p>  <p>Основные материалы: Нержавеющая сталь, пластик, силикон&nbsp;</p>  <p>Цвет: Салатовый</p>]]>
			</description>
			<param name="Тип подключения"><![CDATA[Проводное подключение]]></param>
			<param name="Тип"><![CDATA[Моноподы для селфи]]></param>
			<param name="Тип головки"><![CDATA[2D]]></param>
			<param name="Головка в комплекте"><![CDATA[Есть]]></param>
			<param name="Минимальная высота съемки"><![CDATA[20 см]]></param>
			<param name="Максимальная нагрузка"><![CDATA[0.5 кг]]></param>
			<param name="Рекомендуемая нагрузка"><![CDATA[0.2 кг]]></param>
			<param name="Количество секций"><![CDATA[7]]></param>
			<param name="Гарантия"><![CDATA[14 дней]]></param>
			<param name="Наличие"><![CDATA[есть]]></param>
			<param name="вес в упаковке кг"><![CDATA[0.1]]></param>
			<param name="высота в упаковке см"><![CDATA[20]]></param>
			<param name="глубина в упаковке см"><![CDATA[5]]></param>
			<param name="ширина в упаковке см"><![CDATA[4]]></param>
			<param name="количество грузовых мест"><![CDATA[1]]></param>
			<param name="штрихкод"><![CDATA[8000000022134]]></param>
		</offer>
		<offer id="MP050206" available="false">
			<url>https://ukrpodarok.com.ua/monopod-dlya-selfi-so-shnurom-ss4-selfie-palka-2-blue-(mp050206).html</url>
			<price>89</price>
			<price_old>137</price_old>
			<currencyId>UAH</currencyId>
			<categoryId>1088</categoryId>
			<picture>https://ukrpodarok.com.ua/images/150985_0.jpg</picture>
			<picture>https://ukrpodarok.com.ua/images/150985_99697.jpg</picture>
			<picture>https://ukrpodarok.com.ua/images/150985_99699.jpg</picture>
			<picture>https://ukrpodarok.com.ua/images/150985_99698.jpg</picture>
			<vendor>CG</vendor>
			<name>Монопод для селфи со шнуром SS4 Selfie Palka 2 Blue (MP050206)</name>
			<barcode></barcode>
			<stock_quantity>0</stock_quantity>
			<description>
				<![CDATA[<p>Монопод для селфи со шнуром&nbsp; Selfie Palka 2 Blue&nbsp;</p>  <p>Монопод для селфи со шнуром Selfie Palka 2 Blue&nbsp;&nbsp;для смартфонов и фотоаппаратов станет незаменимым помощником, когда есть необходимость запечатлеть приятные и дорогие сердцу моменты жизни.</p>  <p>Когда так хочется сфотографировать себя на фоне красивого пейзажа или памятки архитектуры, человека, который мог бы сделать снимок поблизости, иногда просто нет. Палка для селфи отдалит фотоаппарат на достаточное расстояние, чтобы на фото поместилось все что Вам нужно.</p>  <p>Просто подключите Селфи стик через шнур в стандартный разъем для наушников 3.5 мм, и одним нажатием на кнопку получайте хорошие снимки.</p>  <p>Смартфон или фотоаппарат легко крепится на селфи монопод, и надежно фиксируется.</p>  <p>Кроме того штатив для селфи&nbsp; имеет ручку с антискользящим покрытием.</p>  <p>Селфи монопод&nbsp;в комплекте имеет резиновую подкладку для небольших телефонов. А съемная головка раздвигается по высоте и ширине и надежно фиксирует смартфон.</p>  <p>&nbsp;Есть возможность прикрепить Экшн-камер GoPro через переходник который прикручивается на винт (приобретается отдельно)</p>  <p>Вес: 0,162кг</p>  <p>Основные материалы: Нержавеющая сталь, пластик</p>  <p>Цвет: Голубой<br /><br /><br /></p>  <p>&nbsp;</p>]]>
			</description>
			<param name="Тип подключения"><![CDATA[Проводное подключение]]></param>
			<param name="Тип"><![CDATA[Моноподы для селфи]]></param>
			<param name="Особенности"><![CDATA[С кнопкой управления;Телескопический;]]></param>
			<param name="Тип головки"><![CDATA[2D]]></param>
			<param name="Головка в комплекте"><![CDATA[Есть]]></param>
			<param name="Минимальная высота съемки"><![CDATA[230 мм]]></param>
			<param name="Максимальная нагрузка"><![CDATA[0.2 кг]]></param>
			<param name="Рекомендуемая нагрузка"><![CDATA[0.5 кг]]></param>
			<param name="Количество секций"><![CDATA[7]]></param>
			<param name="Цвет"><![CDATA[Голубой]]></param>
			<param name="Гарантия"><![CDATA[6 месяцев]]></param>
			<param name="Наличие"><![CDATA[нет]]></param>
		</offer>
		<offer id="MP050232" available="false">
			<url>https://ukrpodarok.com.ua/monopod-dlya-selfi-so-shnurom-uft-2g-grey.html</url>
			<price>81</price>
			<price_old>125</price_old>
			<currencyId>UAH</currencyId>
			<categoryId>1088</categoryId>
			<picture>https://ukrpodarok.com.ua/images/150952_0.jpg</picture>
			<picture>https://ukrpodarok.com.ua/images/150952_99852.jpg</picture>
			<vendor>UFT</vendor>
			<name>Монопод для селфи со шнуром UFT 2G Grey</name>
			<barcode>8000000022257</barcode>
			<stock_quantity>0</stock_quantity>
			<description>
				<![CDATA[<p>Монопод для селфи со шнуром это один из самых компактных монопод. Длина в сложенном виде составляет 20см.</p>  <p>Мультифункциональный&nbsp;Селфи монопод&nbsp;подходит&nbsp;для смартфонов и фотоаппаратов&nbsp;шириной до 8.5 сантиметров. Он станет незаменимым помощником, когда есть необходимость запечатлить приятные и дорогие сердцу моменты из Вашей жизни.</p>  <p>Кроме того у монопода для селфи со шнуром есть возможность подключения Экшн-камер&nbsp;GoPro.</p>  <p>Селфи стик&nbsp;невероятно прост в использовании, подключите шнур в стандартный разъем наушников, и одним нажатием на кнопку получайте отличные снимки.</p>  <p>Палка для селфи&nbsp;имеет штатив с желобом по всей длине телескопической трубки, что предотвращает прокручивание телефона или камеры во время съемки.</p>  <p>10 Причин почему стоит выбрать монопод для селфи со шнуром :</p>    Универсальный держатель подходит для телефонов шириной от 5 до 8,5 см. Прорезиненное покрытие не повреждает смартфон и надежно фиксирует его.  Телескопическая трубка не складывается и не прокручивается благодаря специальному желобу, расположенному по всей длине монопода.  Ручка выполнена из специального антискользящего, силиконового покрытия.  Есть возможность подключить&nbsp;GoPro&nbsp;и множество других Экшн-камер.  Самый компактный монопод.&nbsp; Всего 20 см в длину и 1,8 см в диаметре.    <p>Помещается в карман рубашки или женский клатч.</p>    Очень легкий. Вес 155 г.  &nbsp;Не требует подзарядки и соединения по&nbsp;Bluetooth&nbsp;или&nbsp;Wi-Fiдля совершения фото съемки.  Стильный дизайн.  Монопод второго поколения. Получил лучшие характеристики от всех предыдущих моделей.  ]]>
			</description>
			<param name="Тип подключения"><![CDATA[Проводное подключение]]></param>
			<param name="Тип"><![CDATA[Моноподы для селфи]]></param>
			<param name="Особенности"><![CDATA[С кнопкой управления;Телескопический;]]></param>
			<param name="Тип головки"><![CDATA[2D]]></param>
			<param name="Головка в комплекте"><![CDATA[Есть]]></param>
			<param name="Минимальная высота съемки"><![CDATA[200 мм]]></param>
			<param name="Максимальная нагрузка"><![CDATA[0.5 кг]]></param>
			<param name="Рекомендуемая нагрузка"><![CDATA[0.2 кг]]></param>
			<param name="Цвет"><![CDATA[Серый]]></param>
			<param name="Количество секций"><![CDATA[7]]></param>
			<param name="Странапроизводитель"><![CDATA[Китай]]></param>
			<param name="Гарантия"><![CDATA[14 дней]]></param>
			<param name="Наличие"><![CDATA[нет]]></param>
			<param name="вес в упаковке кг"><![CDATA[0.1]]></param>
			<param name="высота в упаковке см"><![CDATA[20]]></param>
			<param name="глубина в упаковке см"><![CDATA[5]]></param>
			<param name="ширина в упаковке см"><![CDATA[5]]></param>
			<param name="количество грузовых мест"><![CDATA[1]]></param>
			<param name="штрихкод"><![CDATA[8000000022257]]></param>
		</offer>
		<offer id="UFT2Gb" available="true">
			<url>https://ukrpodarok.com.ua/monopod-dlya-selfi-so-shnurom-uft-2gb-black-(mp050233).html</url>
			<price>85</price>
			<price_old>144</price_old>
			<currencyId>UAH</currencyId>
			<categoryId>1088</categoryId>
			<picture>https://ukrpodarok.com.ua/images/150943_0.jpg</picture>
			<picture>https://ukrpodarok.com.ua/images/150943_99850.jpg</picture>
			<vendor>UFT</vendor>
			<name>Монопод для селфи со шнуром UFT 2Gb Black (MP050233)</name>
			<barcode>4820176240069</barcode>
			<stock_quantity>20</stock_quantity>
			<description>
				<![CDATA[<p>Монопод для селфи со шнуром это один из самых компактных моноподов. Его длина в сложенном виде составляет всего 20см, для сравнения это чуть больше чем&nbsp;iPhone&nbsp;6+.</p>  <p>Мультифункциональный&nbsp;Селфи монопод&nbsp;подходит&nbsp;для смартфонов и фотоаппаратов&nbsp;шириной до 8.5 сантиметров. Он станет незаменимым помощником, когда есть необходимость запечатлить приятные и дорогие сердцу моменты из Вашей жизни.</p>  <p>Есть возможность подключения Экшн-камер&nbsp;GoPro.</p>  <p>Селфи стик&nbsp;невероятно прост в использовании, подключите шнур в стандартный разъем наушников, и одним нажатием на кнопку получайте отличные снимки.</p>  <p>Палка для селфи&nbsp;имеет штатив с желобом по всей длине телескопической трубки, что предотвращает прокручивание телефона или камеры во время съемки.</p>  <p>10 Причин почему стоит выбрать монопод для селфи со шнуром :</p>    Универсальный держатель подходит для телефонов шириной от 5 до 8,5 см. Прорезиненное покрытие не повреждает смартфон и надежно фиксирует его.  Телескопическая трубка не складывается и не прокручивается благодаря специальному желобу, расположенному по всей длине монопода.  Ручка выполнена из специального антискользящего, силиконового покрытия.  Есть возможность подключить&nbsp;GoPro&nbsp;и множество других Экшн-камер.  Самый компактный монопод.&nbsp; Всего 20 см в длину и 1,8 см в диаметре.    <p>Помещается в карман рубашки или женский клатч.</p>    Очень легкий. Вес 155 г.  &nbsp;Не требует подзарядки и соединения по&nbsp;Bluetooth&nbsp;или&nbsp;Wi-Fiдля совершения фото съемки.  Стильный дизайн.  Монопод второго поколения. Получил лучшие характеристики от всех предыдущих моделей.  ]]>
			</description>
			<param name="Тип подключения"><![CDATA[Проводное подключение]]></param>
			<param name="Тип"><![CDATA[Моноподы для селфи]]></param>
			<param name="Тип головки"><![CDATA[2D]]></param>
			<param name="Цвет"><![CDATA[Черный]]></param>
			<param name="Головка в комплекте"><![CDATA[Есть]]></param>
			<param name="Минимальная высота съемки"><![CDATA[20 см]]></param>
			<param name="Максимальная нагрузка"><![CDATA[0.5 кг]]></param>
			<param name="Рекомендуемая нагрузка"><![CDATA[0.2 кг]]></param>
			<param name="Количество секций"><![CDATA[7]]></param>
			<param name="Гарантия"><![CDATA[14 дней]]></param>
			<param name="Наличие"><![CDATA[есть]]></param>
			<param name="вес в упаковке кг"><![CDATA[0.2]]></param>
			<param name="высота в упаковке см"><![CDATA[20]]></param>
			<param name="глубина в упаковке см"><![CDATA[2]]></param>
			<param name="ширина в упаковке см"><![CDATA[4]]></param>
			<param name="количество грузовых мест"><![CDATA[1]]></param>
			<param name="штрихкод"><![CDATA[4820176240069]]></param>
		</offer>
		<offer id="UFTSS8Orange" available="false">
			<url>https://ukrpodarok.com.ua/monopod-dlya-selfi-so-shnurom-uft-little-ss8-orange-(050215).html</url>
			<price>55</price>
			<price_old>99</price_old>
			<currencyId>UAH</currencyId>
			<categoryId>1088</categoryId>
			<picture>https://ukrpodarok.com.ua/images/52621_0.jpg</picture>
			<picture>https://ukrpodarok.com.ua/images/52621_63553.jpg</picture>
			<picture>https://ukrpodarok.com.ua/images/52621_63554.jpg</picture>
			<picture>https://ukrpodarok.com.ua/images/52621_63552.jpg</picture>
			<picture>https://ukrpodarok.com.ua/images/52621_0.jpg</picture>
			<vendor>UFT</vendor>
			<name>Монопод для селфи со шнуром UFT Little SS8 Orange (050215)</name>
			<barcode>8000000021922</barcode>
			<stock_quantity>0</stock_quantity>
			<description>
				<![CDATA[<p>Один из самых компактных монопод. Его длина в сложенном виде составляет всего 13,8 см, для сравнения это чуть больше чем&nbsp;iPhone&nbsp;5.</p>  <p>Мультифункциональный&nbsp;Селфи монопод&nbsp;подходит&nbsp;для смартфонов и фотоаппаратов&nbsp;шириной до 8.5 сантиметров. Он станет незаменимым помощником, когда есть необходимость запечатлить приятные и дорогие сердцу моменты из Вашей жизни.</p>  <p>Монопод для селфи со шнуром&nbsp; имеет ручку с Пенополиуретановым покрытием, что обеспечивает невероятный комфорт и фиксацию Вашего девайса в руке.</p>  <p>Монопод для селфи со шнуром невероятно прост в использовании, подключите шнур в стандартный разъем наушников, и одним нажатием на кнопку получайте отличные снимки.</p>  <p>Монопод для селфи со шнуром имеет штатив с желобом по всей длине телескопической трубки, что предотвращает прокручивание телефона или камеры во время съемки.</p>  <p>8 Причин почему стоит выбрать монопод для селфи со шнуром:</p>    Универсальный держатель подходит для телефонов шириной от 5 до 8,5 см. Прорезиненное покрытие не повреждает смартфон и надежно фиксирует его.  Телескопическая трубка не складывается и не прокручивается благодаря специальному желобу, расположенному по всей длине монопода.  Ручка выполнена из мягкого пенополиуретанового покрытия.  Самый компактный монопод.&nbsp; Всего 13,8 см в длину.    <p>Помещается в карман рубашки или женский клатч.</p>    Очень легкий. Весит всего 82 грамма.  &nbsp;Не требует подзарядки и соединения по&nbsp;Bluetooth&nbsp;или&nbsp;Wi-Fiдля совершения фото съемки.  Стильный дизайн. Яркие цвета.  Монопод третьего поколения. Получил лучшие характеристики от всех предыдущих моделей.    <p>&nbsp;</p>  <p>Технические характеристики:</p>  <p>Размер упаковки: 14.5 х 4 х 4см</p>  <p>Размер в сложенном виде: 13.8 х 3 х 1.8см</p>  <p>Min. длинна: 13,8см</p>  <p>Max. длинна: 48см</p>  <p>Диаметр телескопической ручки: 1.8см</p>  <p>Min. раскрытие держателя: 5.5см</p>  <p>Max. раскрытие держателя: 8.5см</p>  <p>Дополнительные характеристики:</p>  <p>Совместимость: Andriod&nbsp;4.2&nbsp;и выше, iOS 5.0 и выше</p>  <p>Подходит для: смартфонов</p>  <p>Подключение к смартфону:&nbsp;Аудио кабель 3,5мм</p>  <p>Кнопок управления: 1</p>  <p>Многоступенчатый наклон: Да (270 градусов)</p>  <p>Вес: 82г</p>  <p>Рекомендуемая нагрузка: 200г</p>  <p>Максимальная нагрузка: 500г</p>  <p>Количество секций: 7</p>  <p>Съемная головка: да</p>  <p>Основные материалы: Нержавеющая сталь, пластик, силикон&nbsp;</p>  <p>Цвет: Оранжевый</p>  <p></p>]]>
			</description>
			<param name="Тип подключения"><![CDATA[Проводное подключение]]></param>
			<param name="Тип"><![CDATA[Моноподы для селфи]]></param>
			<param name="Тип головки"><![CDATA[2D]]></param>
			<param name="Головка в комплекте"><![CDATA[Есть]]></param>
			<param name="Минимальная высота съемки"><![CDATA[13.8 см]]></param>
			<param name="Максимальная нагрузка"><![CDATA[0.5 кг]]></param>
			<param name="Рекомендуемая нагрузка"><![CDATA[0.2 кг]]></param>
			<param name="Количество секций"><![CDATA[7]]></param>
			<param name="Бренд"><![CDATA[UFT]]></param>
			<param name="Гарантия"><![CDATA[14 дней]]></param>
			<param name="Наличие"><![CDATA[нет]]></param>
			<param name="вес в упаковке кг"><![CDATA[0.1]]></param>
			<param name="высота в упаковке см"><![CDATA[15]]></param>
			<param name="глубина в упаковке см"><![CDATA[5]]></param>
			<param name="ширина в упаковке см"><![CDATA[3]]></param>
			<param name="количество грузовых мест"><![CDATA[1]]></param>
			<param name="штрихкод"><![CDATA[8000000021922]]></param>
		</offer>
		<offer id="UFTSS23" available="false">
			<url>https://ukrpodarok.com.ua/monopod-so-vspishkoi-i-bluetooth-ss23-tokyo-selfie-stick-black.html</url>
			<price>545</price>
			<price_old>767</price_old>
			<currencyId>UAH</currencyId>
			<categoryId>1088</categoryId>
			<picture>https://ukrpodarok.com.ua/images/152003_0.jpg</picture>
			<picture>https://ukrpodarok.com.ua/images/152003_99681.jpg</picture>
			<picture>https://ukrpodarok.com.ua/images/152003_99680.jpg</picture>
			<picture>https://ukrpodarok.com.ua/images/152003_99682.jpg</picture>
			<picture>https://ukrpodarok.com.ua/images/152003_99683.jpg</picture>
			<picture>https://ukrpodarok.com.ua/images/152003_99684.jpg</picture>
			<vendor>CG</vendor>
			<name>Монопод со вспышкой и Bluetooth SS23 TOKYO Selfie Stick Black</name>
			<barcode>4820176252111</barcode>
			<stock_quantity>0</stock_quantity>
			<description>
				<![CDATA[<p><strong>&nbsp;SS23</strong> это монопод премиум сегмента,&nbsp;с минималистичным, утонченным дизайном и высоким качеством.</p>  <p>Отличительной особенностью является наличие подсветки, для того что ваши селфи были идеальными даже в полной темноте. Отпадает необходимость&nbsp;использовать селфи-кольцо.<br />Вспышка также "умеет" миганием подавать сигнал SOS.</p>  <p>Держатель раскрывается на ширину 85 миллиметров, что позволяет разместить практически любой телефон.</p>  <p><strong>Монопод SS23&nbsp;</strong>имеет эргономичную ручку, идеально&nbsp;лежит&nbsp;в руке.</p>  <p><strong>Селфи стик&nbsp;</strong><strong>SS23</strong>&nbsp;подключается через блютуз, идеальный вариант для обладателей последних моделей iPhone.</p>  <p><strong>Палка для селфи</strong>&nbsp;<strong>SS23</strong><strong>&nbsp;имеет&nbsp;</strong>желоб по всей длине телескопической трубки, что предотвращает прокручивание телефона или экшн-камеры во время съемки.&nbsp;<br /><br /></p>]]>
			</description>
			<param name="Гарантия"><![CDATA[6 месяцев]]></param>
			<param name="Наличие"><![CDATA[нет]]></param>
			<param name="штрихкод"><![CDATA[4820176252111]]></param>
		</offer>
		<offer id="CGbelo1" available="true">
			<url>https://ukrpodarok.com.ua/monopod-tripod-dlya-selfi-so-vstroennim-bluetooth-uft-beluck-l01.html</url>
			<price>544</price>
			<price_old>599</price_old>
			<price_promo>424</price_promo>
			<currencyId>UAH</currencyId>
			<categoryId>1088</categoryId>
			<picture>https://ukrpodarok.com.ua/images/152311_0.jpg</picture>
			<picture>https://ukrpodarok.com.ua/images/152311_100272.jpg</picture>
			<picture>https://ukrpodarok.com.ua/images/152311_100273.jpg</picture>
			<picture>https://ukrpodarok.com.ua/images/152311_100274.jpg</picture>
			<vendor>Beluck</vendor>
			<name>Монопод трипод для селфи со встроенным Bluetooth UFT Beluck L01</name>
			<barcode>8000000031341</barcode>
			<stock_quantity>50</stock_quantity>
			<description>
				<![CDATA[Монопод&nbsp;UFT&nbsp;<strong>Beluck L01</strong>&nbsp;со встроенным триподом и пультом Bluetooth отлично подойдет для съемки селфи, для групповых фотографий и даже для качественной съемки видео обзоров.&nbsp;<br />Устройство совместимо cj смартфонами с версией Android 4.3 или выше, и с iPhone версии iOS 5.0 или выше.<br /><br />Длинна в сложенном виде 18,45см, в разложенном 60см.<br />Держатель для телефона быстро меняет ориентацию из вертикальной в горизонтальную в несколько шагов, так же меняется и угол наклона съемки. Держатель для смартфона раскрывается&nbsp;на 55 - 85мм.<br /><br />Ручка раскладывается в трипод, позволяя использовать монопод&nbsp;<strong>L01</strong>&nbsp;как штатив, складываясь ручка надежно фиксируется.<br /><br />Пульт на ручке съемный. Работает от батарейки (CR1632 в комплекте). Для активации зажмите кнопку на несколько секунд, начнет мигать синий индикатор найдите в списке блютуз устройств SelfieCom, индикатор перестанет мигать. После использования зажмите кнопку снова, что бы економить заряд батареи.]]>
			</description>
			<param name="Тип подключения"><![CDATA[по Bluetooth]]></param>
			<param name="Тип"><![CDATA[Триподы для телефонов]]></param>
			<param name="Максимальна нагрузка,кг"><![CDATA[0.5]]></param>
			<param name="Длинна в сложеном виде"><![CDATA[185 мм]]></param>
			<param name="Тип головки"><![CDATA[3D]]></param>
			<param name="Питание"><![CDATA[Батарейки]]></param>
			<param name="Минимальная длина"><![CDATA[18,5 см]]></param>
			<param name="Максимальная длина"><![CDATA[60 см]]></param>
			<param name="Вес, кг"><![CDATA[0.155]]></param>
			<param name="Размер упаковки"><![CDATA[19 х 4,5 х 4,5 см]]></param>
			<param name="Материал"><![CDATA[ABS пластик, алюминий]]></param>
			<param name="Цвет"><![CDATA[Черный]]></param>
			<param name="Страна регистрации бренда"><![CDATA[Украина]]></param>
			<param name="Гарантия"><![CDATA[1 месяц]]></param>
			<param name="Наличие"><![CDATA[есть]]></param>
			<param name="вес в упаковке кг"><![CDATA[0.2]]></param>
			<param name="высота в упаковке см"><![CDATA[19]]></param>
			<param name="глубина в упаковке см"><![CDATA[4.5]]></param>
			<param name="ширина в упаковке см"><![CDATA[4.5]]></param>
			<param name="количество грузовых мест"><![CDATA[1]]></param>
			<param name="штрихкод"><![CDATA[8000000031341]]></param>
		</offer>
		<offer id="CGfingermouse" available="false">
			<url>https://ukrpodarok.com.ua/mishka-kompyuternaya-na-palets-cg-finger-mouse.html</url>
			<price>169</price>
			<price_old>199</price_old>
			<currencyId>UAH</currencyId>
			<categoryId>1539</categoryId>
			<picture>https://ukrpodarok.com.ua/images/882_0.jpg</picture>
			<vendor>CG</vendor>
			<name>Мышка компьютерная на палец CG Finger Mouse</name>
			<barcode>4820176240408</barcode>
			<stock_quantity>0</stock_quantity>
			<description>
				<![CDATA[<p>Оптическая мышь надевается на указательный палец с помощью специальной резинки. Мышка управляется за счет его движения, по любой поверхности. Мышка маленькая, легкая, имеет две кнопки и колесико скроллинга.<br />Эта мышь отлично подходит для ситуаций, когда использование обычной мыши затруднительно из-за отсутствия ровной поверхности. Например, в транспорте, при работе с ноутбуком и нетбуком или сидя в нерабочей позе на диване. Мышь работает на любых поверхностях и подсоединяется к USB разъему компьютера<br />Оптическая мышь на палец добавит удобства в работе с компьютером, особенно в нестандартных ситуациях! Больше удобства и возможностей для Вашего компьютера! Этот оригинальный гаджет станет оригинальным универсальным подарком на все случаи жизни.</p>]]>
			</description>
			<param name="Подключение"><![CDATA[Проводное]]></param>
			<param name="Размер мыши"><![CDATA[Маленькая]]></param>
			<param name="Назначение"><![CDATA[Обычные]]></param>
			<param name="Интерфейс"><![CDATA[USB]]></param>
			<param name="Тип датчика"><![CDATA[Оптический]]></param>
			<param name="Количество кнопок"><![CDATA[2]]></param>
			<param name="Комплектация"><![CDATA[Мышь, Липучка]]></param>
			<param name="Дополнительные функции"><![CDATA[Колесо скролинга,Вес: 50 г]]></param>
			<param name="Цвет"><![CDATA[Черный]]></param>
			<param name="Совместимость с ОС"><![CDATA[Microsoft Windows]]></param>
			<param name="Тип"><![CDATA[Мышь]]></param>
			<param name="Гарантия"><![CDATA[1 месяц]]></param>
			<param name="Наличие"><![CDATA[нет]]></param>
			<param name="штрихкод"><![CDATA[4820176240408]]></param>
		</offer>
		<offer id="ob5770" available="false">
			<url>https://ukrpodarok.com.ua/nabor-beibleid-s-arenoi-volchek-ekskalibur-b-48-s-puskovim-ustroistvom-beyblade-xeno-xcalibur-m-i-b-48.html</url>
			<price>209</price>
			<price_old>225</price_old>
			<currencyId>UAH</currencyId>
			<categoryId>50550</categoryId>
			<picture>https://ukrpodarok.com.ua/images/152363_0.jpg</picture>
			<picture>https://ukrpodarok.com.ua/images/152363_100585.jpg</picture>
			<picture>https://ukrpodarok.com.ua/images/152363_100586.jpg</picture>
			<picture>https://ukrpodarok.com.ua/images/152363_100587.jpg</picture>
			<picture>https://ukrpodarok.com.ua/images/152363_100588.jpg</picture>
			<vendor>Beyblade</vendor>
			<name>Набор Бейблейд с Ареной Волчек Экскалибур B-48 с пусковым устройством - Beyblade XENO XCALIBUR.M.I B-48</name>
			<barcode></barcode>
			<stock_quantity>0</stock_quantity>
			<description>
				<![CDATA[Волчки BeyBlade состоят из трех частей, которые собираются вручную. При игре они могут распадаться и с легкостью их можно собрать обратно. Все волчки BeyBlade взаимно заменяемые, поэтому собрав коллекцию из шести видов можно создавать свои варианты волчков используя преимущества каждого из них. Волчки BeyBlade могут иметь атакующие, балансирующие,защитные и выносливые свойства, в зависимости от модели волчка. Бейблэйд &ndash; развлечение для детей любого возраста BeyBlade это современный &laquo;волчок&raquo;, который запускается с помощью пускового механизма. Во время игры несколько участников одновременно бросают их на поле, где они сталкиваются между собой. Побеждает участник, волчок которого не разлетелся на части и крутился дольше.<br /><br />Набор включает в себя <br />игровое поле <br />Арену и одного боевого волчка с пусковым устройством: B48 Экскалибур.<br />В комплекте есть набор наклеек, которыми можно украсить свой Бэй.]]>
			</description>
			<param name="Тип"><![CDATA[Герои мультфильмов]]></param>
			<param name="Вид детской бижутерии"><![CDATA[Наборы]]></param>
			<param name="Гарантия"><![CDATA[14 дней]]></param>
			<param name="Наличие"><![CDATA[нет]]></param>
		</offer>
		<offer id="CGTLL03" available="true">
			<url>https://ukrpodarok.com.ua/nabor-blogera-uft-tll03-s-koltsevoi-led-lampoi-9-sm-i-derzhatelem-dlya-telefona-na-prischepke.html</url>
			<price>799</price>
			<price_old>899</price_old>
			<price_promo>662</price_promo>
			<currencyId>UAH</currencyId>
			<categoryId>152216</categoryId>
			<picture>https://ukrpodarok.com.ua/images/152215_0.jpg</picture>
			<picture>https://ukrpodarok.com.ua/images/152215_100006.jpg</picture>
			<picture>https://ukrpodarok.com.ua/images/152215_100634.jpg</picture>
			<picture>https://ukrpodarok.com.ua/images/152215_101339.jpg</picture>
			<picture>https://ukrpodarok.com.ua/images/152215_101340.jpg</picture>
			<picture>https://ukrpodarok.com.ua/images/152215_101341.jpg</picture>
			<vendor>UFT</vendor>
			<name>Набор блогера UFT TLL03 с кольцевой LED лампой 9 см и держателем для телефона на прищепке</name>
			<barcode>8000000008640</barcode>
			<stock_quantity>80</stock_quantity>
			<description>
				<![CDATA[<p><strong>Держатель для телефона на прищепке с подсветкой&nbsp;UFT TLL03</strong>&nbsp;- идеально подойдет для лайв трансляций, съемки вебинаров, съемки распаковки, съемки маникюра, съемки мейкапа, съемки визажа, съемки приготовление еды или всевозможных действий руками которые надо качественно осветить и при этом снять видео в удобном ракурсе.</p>  <p><br />Набор для блогеров крепится с помощью прищепки к столу, быльцу дивана или любой другой поверхноститолщиной не более 6 см. Имеется 2 гибких держателя.<br />Один из них для крепления телефона, длиной 23 см. Совместим с телефонами до 9см шириной.<br />Второй с лед лампой - 41 см. Внешний диаметр лампы 9см, внутренний - 5см.<br /><br /></p>  <p>Питание от USB даст возможность запитаться от повербанка, ноутбука, компьютера или сети 220В через адаптер. Длина кабеля 1,45м.<br /><br /><strong>Уровни яркости</strong><br />Имеет 10 уровней яркости.&nbsp;Переключение режимов осуществляется пультом на кабеле лампы.<br /><br /><strong>Температурные режимы:<br /></strong>1.&nbsp;12 светодиодов - холодный&nbsp;белый,<br />2. 12 светодиодов - теплый белый<br />3. нейтральный ( комбинация 24 диодов желтый + белый).</p>]]>
			</description>
			<param name="Вид"><![CDATA[Набор для блогера]]></param>
			<param name="Диаметр кольца, см"><![CDATA[9]]></param>
			<param name="Вид лампы"><![CDATA[LED лампы]]></param>
			<param name="Тип света"><![CDATA[Постоянный]]></param>
			<param name="Размер упаковки"><![CDATA[15.5 х 8 х 19 см]]></param>
			<param name="Страна регистрации бренда"><![CDATA[Украина]]></param>
			<param name="Гарантия"><![CDATA[3 месяца]]></param>
			<param name="Бренд"><![CDATA[UFT]]></param>
			<param name="Наличие"><![CDATA[есть]]></param>
			<param name="вес в упаковке кг"><![CDATA[0.3]]></param>
			<param name="высота в упаковке см"><![CDATA[20]]></param>
			<param name="глубина в упаковке см"><![CDATA[20]]></param>
			<param name="ширина в упаковке см"><![CDATA[20]]></param>
			<param name="количество грузовых мест"><![CDATA[1]]></param>
			<param name="штрихкод"><![CDATA[8000000008640]]></param>
		</offer>
		<offer id="UFTTLL02A" available="false">
			<url>https://ukrpodarok.com.ua/nabor-blogera-koltsevaya-3-v-1-led-lampa-26sm-nastolnii-tripod-i-petlichnii-mikrofon-ufttll02a.html</url>
			<price>799</price>
			<price_old>867</price_old>
			<currencyId>UAH</currencyId>
			<categoryId>152216</categoryId>
			<picture>https://ukrpodarok.com.ua/images/152351_0.jpg</picture>
			<picture>https://ukrpodarok.com.ua/images/152351_100486.jpg</picture>
			<picture>https://ukrpodarok.com.ua/images/152351_100487.jpg</picture>
			<picture>https://ukrpodarok.com.ua/images/152351_100488.jpg</picture>
			<vendor>UFT</vendor>
			<name>Набор блогера кольцевая 3 в 1 LED лампа 26см настольный трипод и петличный микрофон UFTTLL02A</name>
			<barcode>4820176271457</barcode>
			<stock_quantity>0</stock_quantity>
			<description>
				<![CDATA[<p><strong>UFT TLL02A</strong>&nbsp;&ndash; это комплект из самых нужных вещей для начинающих блогеров. Идеальный вариант для&nbsp;стримов и видео звонков.<br /><br />Блогерский набор&nbsp;ключает в себя:&nbsp;кольцевая Led лампа, настольный штатив,&nbsp;поворотный шарнир, петличный микрофон, гибкий держатель для смартфона.</p>  <p><b>Кольцевая LED лампа 10"</b><br />Внешний диаметр лампы &ndash; 26см , внутренний &ndash; 20 см. Есть резьба 1/4" для крепления на комплектный штатив или на любой другой.<br />Кольцевая лампа работает от USB. Ее можно подключить к сети через адаптер, к повербанку&nbsp;или ноутбуку.<br />Имеет 3 типа освещения: холодный, теплый и нейтральный, а также&nbsp;9 режимов интенсивности света. Диапазон температур &ndash; 3000-6500К. Переключение режимов осуществляется пультом на кабеле лампы.<br /><b><br />Штатив-трипод<br /></b>Позволяет закрепить лампу в нужном вам положении на столе.&nbsp;В рабочем&nbsp;состоянии имеет высоту 12 см. В сложенном состоянии длина штатива составляет 19 см.</p>  <p><strong>Поворотный шарнир</strong><br />С его помощью можно менять наклон светодиодного кольца, устанавливая оптимальний ракурс.</p>  <p><b>Микрофон-петличный</b><br />Конденсаторный микрофон крепится на одежду с помощью прищепки-крокодильчика, оптимально близко к источнику звука,&nbsp;что позволяет повысить качество звучания.&nbsp;Длина гибкого кабеля &ndash; 145&nbsp;см. Пластиковый капсуль 25 х 6мм. Прищепка металическая.<br /><b><br />Гибкий держатель для смартфона</b></p>  <p>Позволяет закрепить смартфон на LED лампе и благодаря гибкой ножке устанавливать любое положение и наклон на 360 градусов.<br />Длина держателя 17 см. Совместим со смартфонами с диагональю до 6.5 дюймов.&nbsp;</p>]]>
			</description>
			<param name="Вид"><![CDATA[Набор для блогера]]></param>
			<param name="Диаметр кольца, см"><![CDATA[26]]></param>
			<param name="Вид лампы"><![CDATA[LED лампы]]></param>
			<param name="Тип света"><![CDATA[Постоянный]]></param>
			<param name="Размер упаковки"><![CDATA[27 х 27 х 3,5 см]]></param>
			<param name="Страна регистрации бренда"><![CDATA[Украина]]></param>
			<param name="Гарантия"><![CDATA[14 дней]]></param>
			<param name="Наличие"><![CDATA[нет]]></param>
			<param name="вес в упаковке кг"><![CDATA[0.4]]></param>
			<param name="высота в упаковке см"><![CDATA[28]]></param>
			<param name="глубина в упаковке см"><![CDATA[6]]></param>
			<param name="ширина в упаковке см"><![CDATA[28]]></param>
			<param name="количество грузовых мест"><![CDATA[1]]></param>
			<param name="штрихкод"><![CDATA[4820176271457]]></param>
		</offer>
		<offer id="CGTLL02" available="false">
			<url>https://ukrpodarok.com.ua/nabor-blogera-s-koltsevoi-led-lampoi-26-sm-nastolnii-tripod-s-petlichnim-mikrofonom-i-pultom-uft-tll02.html</url>
			<price>786</price>
			<price_old>1199</price_old>
			<currencyId>UAH</currencyId>
			<categoryId>152216</categoryId>
			<picture>https://ukrpodarok.com.ua/images/152217_0.jpg</picture>
			<vendor>CG</vendor>
			<name>Набор блогера с кольцевой LED лампой 26 см настольный трипод с петличным микрофоном и пультом UFT TLL02</name>
			<barcode>8000000008633</barcode>
			<stock_quantity>0</stock_quantity>
			<description>
				<![CDATA[<p><strong>UFT&nbsp;TLL02</strong>&nbsp;&ndash; это комплект из самых нужных вещей для начинающих блогеров. Идеальный вариант для&nbsp;стримов и видео звонков.<br /><br />Блогерский набор&nbsp;ключает в себя:&nbsp;кольцевая Led лампа, настольный штатив,&nbsp;поворотный шарнир, петличный микрофон, сплитер-переходник для наушников и микрофона, гибкий держатель для смартфона,&nbsp;пульт ДУ.</p>  <p><b>Кольцевая LED лампа 10"</b><br />Внешний диаметр лампы &ndash; 26см , внутренний &ndash; 20 см. Есть резьба 1/4" для крепления на комплектный штатив или на любой другой.<br />Кольцевая лампа работает от USB. Ее можно подключить к сети через адаптер, к повербанку&nbsp;или ноутбуку.<br />Имеет 3 типа освещения: холодный, теплый и нейтральный, а также&nbsp;9 режимов интенсивности света. Диапазон температур &ndash; 3000-6500К. Переключение режимов осуществляется пультом на кабеле лампы.<br /><b><br />Штатив-трипод<br /></b>Позволяет закрепить лампу в нужном вам положении на столе.&nbsp;В рабочем&nbsp;состоянии имеет высоту 12 см. В сложенном состоянии длина штатива составляет 19 см.</p>  <p><strong>Поворотный шарнир</strong><br />С его помощью можно менять наклон светодиодного кольца, устанавливая оптимальний ракурс.</p>  <p><b>Микрофон-петличка</b><br />Конденсаторный микрофон крепится на одежду с помощью прищепки-крокодильчика, оптимально близко к источнику звука,&nbsp;что позволяет повысить качество звучания.&nbsp;Длина гибкого кабеля &ndash; 145&nbsp;см. Пластиковый капсуль 25 х 6мм. Прищепка металическая.<br /><br /><strong>Сплитер-переходник</strong><br />Позволяет подключить одновременно наушники и микрофон, что будет полезно во время стримов и видео звонков.<br /><br /></p>  <p><b>Гибкий держатель для смартфона</b><br />Позволяет закрепить смартфон на LED лампе и благодаря гибкой ножке устанавливать любое положение и наклон на 360 градусов.<br />Длина держателя 17 см. Совместим со смартфонами с диагональю до 6.5 дюймов.&nbsp;<br /><br /><strong>Пульт ДУ</strong><br />Пульт дистанционного управления позволит делать фото на растоянии до 10 метров от телефона. Пульт совместим с iOS и Android.<br /><br /></p>]]>
			</description>
			<param name="Вид"><![CDATA[Набор для блогера]]></param>
			<param name="Диаметр кольца, см"><![CDATA[26]]></param>
			<param name="Вид лампы"><![CDATA[LED лампы]]></param>
			<param name="Тип света"><![CDATA[Постоянный]]></param>
			<param name="Размер упаковки"><![CDATA[27 х 27 х 3,5 см]]></param>
			<param name="Страна регистрации бренда"><![CDATA[Украина]]></param>
			<param name="Гарантия"><![CDATA[3 месяца]]></param>
			<param name="Бренд"><![CDATA[UFT]]></param>
			<param name="Наличие"><![CDATA[нет]]></param>
			<param name="вес в упаковке кг"><![CDATA[0.2]]></param>
			<param name="высота в упаковке см"><![CDATA[20]]></param>
			<param name="глубина в упаковке см"><![CDATA[20]]></param>
			<param name="ширина в упаковке см"><![CDATA[20]]></param>
			<param name="количество грузовых мест"><![CDATA[1]]></param>
			<param name="штрихкод"><![CDATA[8000000008633]]></param>
		</offer>
		<offer id="artsetwoodCG" available="true">
			<url>https://ukrpodarok.com.ua/nabor-detskii-dlya-risovaniya-i-tvorchestva-v-derevyannom-chemodanchike-180-predmetov-uft-art-set-wood.html</url>
			<price>977</price>
			<price_old>1155</price_old>
			<currencyId>UAH</currencyId>
			<categoryId>152458</categoryId>
			<picture>https://ukrpodarok.com.ua/images/152186_0.jpg</picture>
			<picture>https://ukrpodarok.com.ua/images/152186_99911.jpg</picture>
			<vendor>UFT</vendor>
			<name>Набор детский для рисования и творчества в деревянном чемоданчике 180 предметов UFT Art Set Wood</name>
			<barcode>8000000024329</barcode>
			<stock_quantity>50</stock_quantity>
			<description>
				<![CDATA[<p>Пенал Art Set Wood&nbsp;это полноценный набор юного художника, где есть все что необходимо для занятий творчеством.<br />Все пренадлежности сложены в&nbsp;<strong>деревянном кейсе.</strong>&nbsp;Они будут разложены по своим местам, а главное &ndash; точно&nbsp;<strong>пригодятся</strong>&nbsp;юному&nbsp;<strong>художнику.</strong>&nbsp;<br /><br />Набор включает:</p>          36 фломастеров;  20 мини маркеров;      40 восковых красок;  40 масляных красок;  20 цветных карандашей;      12 цветов акварельных красок;  1 палитра;  1 простой карандаш;  2 скрепки;  1 кисть;  1 линейка;  1 точилка;  1 клей;  1 ластик;  1 органайзер      ]]>
			</description>
			<param name="Бренд"><![CDATA[UFT]]></param>
			<param name="Упавковка"><![CDATA[Деревянная коробка]]></param>
			<param name="Состав набора"><![CDATA[КарандашиКраскиПастельФломастеры]]></param>
			<param name="Гарантия"><![CDATA[14 дней]]></param>
			<param name="Наличие"><![CDATA[есть]]></param>
			<param name="вес в упаковке кг"><![CDATA[1.7]]></param>
			<param name="высота в упаковке см"><![CDATA[48]]></param>
			<param name="глубина в упаковке см"><![CDATA[30]]></param>
			<param name="ширина в упаковке см"><![CDATA[5]]></param>
			<param name="количество грузовых мест"><![CDATA[1]]></param>
			<param name="штрихкод"><![CDATA[8000000024329]]></param>
		</offer>
		<offer id="Tools" available="true">
			<url>https://ukrpodarok.com.ua/nabor-detskih-instrumentov-uft-tools-dlya-razvitiya.html</url>
			<price>875</price>
			<price_old>899</price_old>
			<price_promo>820</price_promo>
			<currencyId>UAH</currencyId>
			<categoryId>50550</categoryId>
			<picture>https://ukrpodarok.com.ua/images/151881_0.jpg</picture>
			<picture>https://ukrpodarok.com.ua/images/151881_101044.jpg</picture>
			<picture>https://ukrpodarok.com.ua/images/52472_27149.jpg</picture>
			<picture>https://ukrpodarok.com.ua/images/52472_27147.jpg</picture>
			<picture>https://ukrpodarok.com.ua/images/52472_27148.jpg</picture>
			<vendor>UFT</vendor>
			<name>Набор детских инструментов UFT Tools для развития</name>
			<barcode>4820176250025</barcode>
			<stock_quantity>50</stock_quantity>
			<description>
				<![CDATA[<p>Ви можете весело провести час, заохотити своїх дітей розвивати&nbsp;навички&nbsp;та підвищити їхні творчі здібності та уяву!<br /><br />Хочете провести дійсно якісний час зі своїми дітьми? Шукаєте веселий, розважальний і навчальний набір дитячих іграшок? Як щодо того, щоб вибрати такий, який дасть їм можливість вивчати нове та розвивати різні навички своєї дитини?<br /><br />Цей набір іграшок із великою кількістю деталей, яскравими кольорами та унікальним дизайном одразу приверне увагу вашого хлопчика чи дівчинки, допомагаючи їм стати милими маленькими майстрами та отримати цінні знання весело!<br /><br />Розмір:<br />10 x 21 x 27 см</p>]]>
			</description>
			<param name="Бренд"><![CDATA[UFT]]></param>
			<param name="Тип"><![CDATA[Детские наборы инструментов]]></param>
			<param name="Материал"><![CDATA[Пластик]]></param>
			<param name="Гарантия"><![CDATA[14 дней]]></param>
			<param name="Наличие"><![CDATA[есть]]></param>
			<param name="вес в упаковке кг"><![CDATA[1]]></param>
			<param name="высота в упаковке см"><![CDATA[27]]></param>
			<param name="глубина в упаковке см"><![CDATA[10]]></param>
			<param name="ширина в упаковке см"><![CDATA[21]]></param>
			<param name="количество грузовых мест"><![CDATA[1]]></param>
			<param name="штрихкод"><![CDATA[4820176250025]]></param>
		</offer>
		<offer id="UFTBP18" available="true">
			<url>https://ukrpodarok.com.ua/nabor-detskoi-posudi-poezd-2-tarelki-chashka-i-podnos-uft-bp18-train-blue.html</url>
			<price>178</price>
			<price_old>288</price_old>
			<price_promo>152</price_promo>
			<currencyId>UAH</currencyId>
			<categoryId>52528</categoryId>
			<picture>https://ukrpodarok.com.ua/images/52665_0.jpg</picture>
			<vendor>UFT</vendor>
			<name>Набор детской посуды Поезд 2 тарелки +чашка и поднос UFT BP18 Train Blue</name>
			<barcode>4820176252043</barcode>
			<stock_quantity>100</stock_quantity>
			<description>
				<![CDATA[<p>Детский набор тарелок c чашкой Паровозик&nbsp;это отличный способ накормить вашего ребенка в игровой форме. Это значительно интереснее стандартных керамических тарелок, к тому же они значительно прочнее.</p>  <p>Тарелка имеет несколько отделений, куда можно положить и первое и второе. Тарелка ставится в подставку в виде поезда. Налив под тарелку горячую воду, можно дольше сохранять еду теплой. В комплекте также удобная чашечка.</p>  <p>Безупречный внешний вид и жизнерадостные расцветки позволяют использовать посуду для детского питания как дома, так и при поездках на дачу или пикник. Выбирая посуду для детского кормления из бамбукового волокна, вы делаете шаг к здоровому образу жизни!</p>]]>
			</description>
			<param name="Тип"><![CDATA[Наборы]]></param>
			<param name="Тип товара"><![CDATA[Детская посуда]]></param>
			<param name="Дизайн"><![CDATA[Поезд]]></param>
			<param name="Материал"><![CDATA[Бамбуковое волокно]]></param>
			<param name="Цвет"><![CDATA[Голубой]]></param>
			<param name="Гарантия"><![CDATA[14 дней]]></param>
			<param name="Обьем чашки, мл"><![CDATA[150-250 мл]]></param>
			<param name="Микроволновая печь"><![CDATA[Да]]></param>
			<param name="Диаметр"><![CDATA[19,5 х 30,6]]></param>
			<param name="Бренд"><![CDATA[UFT]]></param>
			<param name="Преимущества"><![CDATA[Бамбуковое волокно легкое и нетоксичное]]></param>
			<param name="Наличие"><![CDATA[есть]]></param>
			<param name="вес в упаковке кг"><![CDATA[0.3]]></param>
			<param name="высота в упаковке см"><![CDATA[7]]></param>
			<param name="глубина в упаковке см"><![CDATA[21]]></param>
			<param name="ширина в упаковке см"><![CDATA[32]]></param>
			<param name="количество грузовых мест"><![CDATA[1]]></param>
			<param name="штрихкод"><![CDATA[4820176252043]]></param>
		</offer>
		<offer id="UFTBP17" available="true">
			<url>https://ukrpodarok.com.ua/nabor-detskoi-posudi-poezd-2-tarelki-chashka-i-podnos-uft-bp17-train-blue.html</url>
			<price>189</price>
			<price_old>299</price_old>
			<price_promo>160</price_promo>
			<currencyId>UAH</currencyId>
			<categoryId>52528</categoryId>
			<picture>https://ukrpodarok.com.ua/images/52664_0.jpg</picture>
			<picture>https://ukrpodarok.com.ua/images/151983_99811.jpg</picture>
			<vendor>UFT</vendor>
			<name>Набор детской посуды Поезд 2 тарелки чашка и поднос UFT BP17 Train Blue</name>
			<barcode>4820176252036</barcode>
			<stock_quantity>100</stock_quantity>
			<description>
				<![CDATA[<p>Детский набор тарелок c чашкой Паровозик это отличный способ накормить вашего ребенка в игровой форме. Это значительно интереснее стандартных керамических тарелок, к тому же они значительно прочнее.</p>  <p>Тарелка имеет несколько отделений, куда можно положить и первое и второе. Тарелка ставится в подставку в виде поезда. Налив под тарелку горячую воду, можно дольше сохранять еду теплой. В комплекте также удобная чашечка.</p>  <p>Безупречный внешний вид и жизнерадостные расцветки позволяют использовать посуду для детского питания как дома, так и при поездках на дачу или пикник. Выбирая посуду для детского кормления из бамбукового волокна, вы делаете шаг к здоровому образу жизни!</p>]]>
			</description>
			<param name="Тип"><![CDATA[Наборы]]></param>
			<param name="Тип товара"><![CDATA[Детская посуда]]></param>
			<param name="Дизайн"><![CDATA[Поезд]]></param>
			<param name="Материал"><![CDATA[Бамбуковое волокно]]></param>
			<param name="Цвет"><![CDATA[Розовый]]></param>
			<param name="Гарантия"><![CDATA[14 дней]]></param>
			<param name="Обьем чашки, мл"><![CDATA[150-250 мл]]></param>
			<param name="Микроволновая печь"><![CDATA[Да]]></param>
			<param name="Диаметр"><![CDATA[19,5 х 30,6]]></param>
			<param name="Бренд"><![CDATA[UFT]]></param>
			<param name="Преимущества"><![CDATA[Бамбуковое волокно легкое и нетоксичное]]></param>
			<param name="Наличие"><![CDATA[есть]]></param>
			<param name="вес в упаковке кг"><![CDATA[0.3]]></param>
			<param name="высота в упаковке см"><![CDATA[7]]></param>
			<param name="глубина в упаковке см"><![CDATA[21]]></param>
			<param name="ширина в упаковке см"><![CDATA[32]]></param>
			<param name="количество грузовых мест"><![CDATA[1]]></param>
			<param name="штрихкод"><![CDATA[4820176252036]]></param>
		</offer>
		<offer id="UFTBP16" available="false">
			<url>https://ukrpodarok.com.ua/nabor-detskoi-posudi-samolet-dvuhsektsionnaya-tarelka-s-podstavkoi-bp16-airplane-blue.html</url>
			<price>244</price>
			<price_old>299</price_old>
			<price_promo>153</price_promo>
			<currencyId>UAH</currencyId>
			<categoryId>52528</categoryId>
			<picture>https://ukrpodarok.com.ua/images/151986_0.jpg</picture>
			<picture>https://ukrpodarok.com.ua/images/52667_63582.jpg</picture>
			<picture>https://ukrpodarok.com.ua/images/151986_99813.jpg</picture>
			<picture>https://ukrpodarok.com.ua/images/52667_63581.jpg</picture>
			<picture>https://ukrpodarok.com.ua/images/151986_99815.jpg</picture>
			<vendor>CG</vendor>
			<name>Набор детской посуды Самолет двухсекционная тарелка с подставкой BP16 Airplane Blue</name>
			<barcode>4820176252029</barcode>
			<stock_quantity>0</stock_quantity>
			<description>
				<![CDATA[<p>Детский набор тарелок c чашкой Самолетик это отличный способ накормить вашего ребенка в игровой форме. Это значительно интереснее стандартных керамических тарелок, к тому же они значительно прочнее. </p>  <p>Тарелка имеет несколько отделений, куда можно положить и первое и второе. Тарелка ставится в подставку в виде самолета. Налив под тарелку горячую воду, можно дольше сохранять еду теплой.</p>  <p>Безупречный внешний вид и жизнерадостные расцветки позволяют использовать посуду для детского питания как дома, так и при поездках на дачу или пикник. Выбирая посуду для детского кормления из бамбукового волокна, вы делаете шаг к здоровому образу жизни!<br />Комплектация<br />1 двухсекционная тарелка,<br /> 1 поднос самолет.<br />Размер:<br />19.5х 30.6 см</p>]]>
			</description>
			<param name="Тип"><![CDATA[Наборы]]></param>
			<param name="Тип товара"><![CDATA[Детская посуда]]></param>
			<param name="Дизайн"><![CDATA[Самолет]]></param>
			<param name="Материал"><![CDATA[Бамбуковое волокно]]></param>
			<param name="Цвет"><![CDATA[Голубой]]></param>
			<param name="Микроволновая печь"><![CDATA[Да]]></param>
			<param name="Диаметр"><![CDATA[19,5 х 30,6]]></param>
			<param name="Гарантия"><![CDATA[14 дней]]></param>
			<param name="Преимущества"><![CDATA[Бамбуковое волокно легкое и нетоксичное]]></param>
			<param name="Наличие"><![CDATA[нет]]></param>
			<param name="вес в упаковке кг"><![CDATA[0.3]]></param>
			<param name="высота в упаковке см"><![CDATA[7]]></param>
			<param name="глубина в упаковке см"><![CDATA[21]]></param>
			<param name="ширина в упаковке см"><![CDATA[32]]></param>
			<param name="количество грузовых мест"><![CDATA[1]]></param>
			<param name="штрихкод"><![CDATA[4820176252029]]></param>
		</offer>
		<offer id="UFTGG01" available="true">
			<url>https://ukrpodarok.com.ua/nabor-dlya-viraschivaniya-grow-grass-man-travyanchik-ekokub-uft-gg01.html</url>
			<price>177</price>
			<price_old>199</price_old>
			<price_promo>142</price_promo>
			<currencyId>UAH</currencyId>
			<categoryId>152117</categoryId>
			<picture>https://ukrpodarok.com.ua/images/152118_0.jpg</picture>
			<picture>https://ukrpodarok.com.ua/images/152118_99685.jpg</picture>
			<picture>https://ukrpodarok.com.ua/images/152118_99686.jpg</picture>
			<picture>https://ukrpodarok.com.ua/images/152118_99687.jpg</picture>
			<picture>https://ukrpodarok.com.ua/images/152118_101160.jpg</picture>
			<picture>https://ukrpodarok.com.ua/images/152118_101161.jpg</picture>
			<picture>https://ukrpodarok.com.ua/images/152118_101162.jpg</picture>
			<picture>https://ukrpodarok.com.ua/images/152118_101163.jpg</picture>
			<vendor>UFT</vendor>
			<name>Набор для выращивания Grow Grass man Травянчик экокуб UFT GG01</name>
			<barcode>8000000024633</barcode>
			<stock_quantity>50</stock_quantity>
			<description>
				<![CDATA[<p>Травянчик &mdash; уникальная экологическая игрушка. Внутри игрушки находятся семена трав, которые прорастают при поливе.</p>  <p>Таким образом у фигурки появляется прическа, которую можно подстригать. Сочетание яркой детской игрушки и живого растения оптимально для детской комнаты.</p>  <p>Они прекрасно вписываются в стиль интерьера детской, добавляют уюта, обогащают воздух кислородом.</p>  <p>Травянчик помещается на специальный горшочек который необходимо пополнять водой. Из травянчика снизу находится фителек, по которому почва тянет влагу.</p>  <p>Трава вырастает в течении 5-7 дней.</p>]]>
			</description>
			<param name="Вид"><![CDATA[Набор для выращивания]]></param>
			<param name="Размеры"><![CDATA[130 х 85 х 90 мм]]></param>
			<param name="Количество предметов"><![CDATA[1 шт]]></param>
			<param name="Комплект поставки"><![CDATA[травянчик, горшок]]></param>
			<param name="Бренд"><![CDATA[UFT]]></param>
			<param name="Страна регистрации бренда"><![CDATA[Украина]]></param>
			<param name="Гарантия"><![CDATA[14 дней]]></param>
			<param name="Наличие"><![CDATA[есть]]></param>
			<param name="вес в упаковке кг"><![CDATA[0.2]]></param>
			<param name="высота в упаковке см"><![CDATA[10]]></param>
			<param name="глубина в упаковке см"><![CDATA[10]]></param>
			<param name="ширина в упаковке см"><![CDATA[10]]></param>
			<param name="количество грузовых мест"><![CDATA[1]]></param>
			<param name="штрихкод"><![CDATA[8000000024633]]></param>
		</offer>
		<offer id="UFTArtSetMetalBlue" available="true">
			<url>https://ukrpodarok.com.ua/nabor-dlya-risovaniya-v-chemodanchike-150-predmetov-uft-art-set-metal-blue.html</url>
			<price>944</price>
			<price_old>1155</price_old>
			<currencyId>UAH</currencyId>
			<categoryId>152458</categoryId>
			<picture>https://ukrpodarok.com.ua/images/152452_0.jpg</picture>
			<picture>https://ukrpodarok.com.ua/images/152452_101220.jpg</picture>
			<picture>https://ukrpodarok.com.ua/images/152452_101221.jpg</picture>
			<picture>https://ukrpodarok.com.ua/images/152452_101225.jpg</picture>
			<picture>https://ukrpodarok.com.ua/images/152452_101226.jpg</picture>
			<picture>https://ukrpodarok.com.ua/images/152452_101227.jpg</picture>
			<vendor>UFT</vendor>
			<name>Набор для рисования в чемоданчике 150 предметов UFT Art Set Metal Blue</name>
			<barcode>4820176272034</barcode>
			<stock_quantity>100</stock_quantity>
			<description>
				<![CDATA[<p>&nbsp;ArtSet Metal Blue - это настоящая находка для творца, полноценный набор юного художника, где есть все что необходимо для занятий творчеством.&nbsp;<br />Все пренадлежности сложены в красивом и ярком металлическом&nbsp;<strong>кейсе.</strong>&nbsp;Они будут разложены по своим местам, а главное &ndash; точно&nbsp;<strong>пригодятся</strong>&nbsp;юному&nbsp;<strong>художнику.</strong>&nbsp;</p>  <p>Д<strong>ети будут особенно рады такому подарку &ndash; все яркие предметы аккуратно размещены в удобном чемоданчике. Огромный выбор канцелярских товаров поможет быстрее развиваться ребенку.</strong></p>  <p><b>Достоинства:</b></p>    В наборе есть все необходимое для начала первого творчества ребенка или взрослого;  Способствует развитию воображения, усидчивости и абстрактному мышлению;  В комплекте 150 различных предметов от карандашей до ножниц;  Удобный чемоданчик для безопасного хранения и перемещения;  Ячейки органайзера эргономичны &ndash; легко доставать и класть предметы;  Удобно брать с собой;  Легко хранить;  Существенная экономия при покупке набора, в сравнении с приобретением товаров по отдельности.    <p><br /><br />Набор включает:</p>      Маркеры: 36 (разноцветные);  Восковые карандаши: 24 шт (цветные);  Масляная пастель: 24 шт (цветные);  Цветные карандаши: 24 шт (цветные);  Акварельные краски: 12 цветов;&nbsp;  (1) Ножницы&nbsp;  (1) Точилка для карандашей  (1)&nbsp;Линейка  (1)&nbsp;Ластик  (2)&nbsp;Клей  (1)&nbsp;Простой карандаш  Скрепки (набор)  (1)&nbsp;Кисточка  (1)&nbsp;Степлер<br />    <p></p>]]>
			</description>
			<param name="Бренд"><![CDATA[UFT]]></param>
			<param name="Состав набора"><![CDATA[КарандашиКраскиПастельФломастеры]]></param>
			<param name="Гарантия"><![CDATA[14 дней]]></param>
			<param name="Наличие"><![CDATA[есть]]></param>
			<param name="вес в упаковке кг"><![CDATA[1.3]]></param>
			<param name="высота в упаковке см"><![CDATA[37]]></param>
			<param name="глубина в упаковке см"><![CDATA[30]]></param>
			<param name="ширина в упаковке см"><![CDATA[6]]></param>
			<param name="количество грузовых мест"><![CDATA[1]]></param>
			<param name="штрихкод"><![CDATA[4820176272034]]></param>
		</offer>
		<offer id="UFTArtSetMetal" available="false">
			<url>https://ukrpodarok.com.ua/nabor-dlya-risovaniya-v-chemodanchike-150-predmetov-uft-art-set-metal-pink.html</url>
			<price>677</price>
			<price_old>899</price_old>
			<price_promo>637</price_promo>
			<currencyId>UAH</currencyId>
			<categoryId>152458</categoryId>
			<picture>https://ukrpodarok.com.ua/images/152107_0.jpg</picture>
			<vendor>UFT</vendor>
			<name>Набор для рисования в чемоданчике 150 предметов UFT Art Set Metal Pink</name>
			<barcode>8000000024756</barcode>
			<stock_quantity>0</stock_quantity>
			<description>
				<![CDATA[<p>&nbsp;ArtSet Metal Pink - это настоящая находка для творца, полноценный набор юного художника, где есть все что необходимо для занятий творчеством.&nbsp;<br />Все пренадлежности сложены в красивом и ярком металлическом&nbsp;<strong>кейсе.</strong>&nbsp;Они будут разложены по своим местам, а главное &ndash; точно&nbsp;<strong>пригодятся</strong>&nbsp;юному&nbsp;<strong>художнику.</strong>&nbsp;</p>  <p>Д<strong>ети будут особенно рады такому подарку &ndash; все яркие предметы аккуратно размещены в удобном чемоданчике. Огромный выбор канцелярских товаров поможет быстрее развиваться ребенку.</strong></p>  <p><b>Достоинства:</b></p>    В наборе есть все необходимое для начала первого творчества ребенка или взрослого;  Способствует развитию воображения, усидчивости и абстрактному мышлению;  В комплекте 150 различных предметов от карандашей до ножниц;  Удобный чемоданчик для безопасного хранения и перемещения;  Ячейки органайзера эргономичны &ndash; легко доставать и класть предметы;  Удобно брать с собой;  Легко хранить;  Существенная экономия при покупке набора, в сравнении с приобретением товаров по отдельности.    <p><br /><br />Набор включает:</p>      Маркеры: 36 (разноцветные);  Восковые карандаши: 24 шт (цветные);  Масляная пастель: 24 шт (цветные);  Цветные карандаши: 24 шт (цветные);  Акварельные краски: 12 цветов;&nbsp;  (1) Ножницы&nbsp;  (1) Точилка для карандашей  (1)&nbsp;Линейка  (1)&nbsp;Ластик  (2)&nbsp;Клей  (1)&nbsp;Простой карандаш  Скрепки (набор)  (1)&nbsp;Кисточка  (1)&nbsp;Степлер<br />    <p></p>]]>
			</description>
			<param name="Вид"><![CDATA[Наборы для рисования]]></param>
			<param name="Комплект поставки"><![CDATA[150 предметов]]></param>
			<param name="Цвет"><![CDATA[Розовый]]></param>
			<param name="Страна регистрации бренда"><![CDATA[Украина]]></param>
			<param name="Гарантия"><![CDATA[14 дней]]></param>
			<param name="Бренд"><![CDATA[UFT]]></param>
			<param name="Особенности"><![CDATA[С мольбертом]]></param>
			<param name="Наличие"><![CDATA[нет]]></param>
			<param name="вес в упаковке кг"><![CDATA[1.3]]></param>
			<param name="высота в упаковке см"><![CDATA[37]]></param>
			<param name="глубина в упаковке см"><![CDATA[30]]></param>
			<param name="ширина в упаковке см"><![CDATA[6]]></param>
			<param name="количество грузовых мест"><![CDATA[1]]></param>
			<param name="штрихкод"><![CDATA[8000000024756]]></param>
		</offer>
		<offer id="CGArtSetblue" available="false">
			<url>https://ukrpodarok.com.ua/nabor-dlya-risovaniya-s-molbertom-176-predmetov-uft-art-set-blue.html</url>
			<price>645</price>
			<price_old>845</price_old>
			<price_promo>564</price_promo>
			<currencyId>UAH</currencyId>
			<categoryId>152458</categoryId>
			<picture>https://ukrpodarok.com.ua/images/151774_0.jpg</picture>
			<picture>https://ukrpodarok.com.ua/images/151774_100278.jpg</picture>
			<picture>https://ukrpodarok.com.ua/images/151774_100279.jpg</picture>
			<vendor>UFT</vendor>
			<name>Набор для рисования с мольбертом 176 предметов UFT Art Set Blue</name>
			<barcode>4820176258311</barcode>
			<stock_quantity>0</stock_quantity>
			<description>
				<![CDATA[<p>Пенал UFT&nbsp;Art Set это полноценный набор юного художника, где есть все что необходимо для занятий творчеством.</p>  <p>Набор включает:<br />Мольберт: 1шт<br />Маркеры: 12шт<br />Фломастеры: 24шт<br />Масляные пастели: 48шт<br />Мелки: 24шт<br />Акварель: 18шт<br />Белая акварель: 1 тюбик<br />Палитра: 1шт<br />Кисти: 1шт<br />Карандаш HB: 1шт<br />Цветные карандаши: 24шт<br />Точилка для карандашей: 1шт<br />Чертежные бумаги: 10шт<br />Губка: 1шт<br />Ластик: 1шт<br />Линейка: 1шт<br />Зажим: 4шт<br />Скрепки: 3шт</p>  <p></p>  <p></p>  <p></p>]]>
			</description>
			<param name="Материал"><![CDATA[Пластик]]></param>
			<param name="Установка"><![CDATA[Настольные]]></param>
			<param name="Тип"><![CDATA[Двухсторонние]]></param>
			<param name="Вид"><![CDATA[Набор для рисования]]></param>
			<param name="Особенности"><![CDATA[С мольбертом]]></param>
			<param name="Вес"><![CDATA[900 г]]></param>
			<param name="Бренд"><![CDATA[UFT]]></param>
			<param name="Цвет"><![CDATA[Голубой]]></param>
			<param name="Страна регистрации бренда"><![CDATA[Украина]]></param>
			<param name="Гарантия"><![CDATA[6 месяцев]]></param>
			<param name="Наличие"><![CDATA[нет]]></param>
			<param name="вес в упаковке кг"><![CDATA[0.9]]></param>
			<param name="высота в упаковке см"><![CDATA[35]]></param>
			<param name="глубина в упаковке см"><![CDATA[7]]></param>
			<param name="ширина в упаковке см"><![CDATA[32]]></param>
			<param name="количество грузовых мест"><![CDATA[1]]></param>
			<param name="штрихкод"><![CDATA[4820176258311]]></param>
		</offer>
		<offer id="GCArtSet" available="false">
			<url>https://ukrpodarok.com.ua/nabor-dlya-risovaniya-s-molbertom-uft-art-set-pink-176-predmetov.html</url>
			<price>699</price>
			<price_old>899</price_old>
			<price_promo>522</price_promo>
			<currencyId>UAH</currencyId>
			<categoryId>152458</categoryId>
			<picture>https://ukrpodarok.com.ua/images/151775_0.jpg</picture>
			<picture>https://ukrpodarok.com.ua/images/151775_100579.jpg</picture>
			<picture>https://ukrpodarok.com.ua/images/151775_100578.jpg</picture>
			<vendor>UFT</vendor>
			<name>Набор для рисования с мольбертом UFT Art Set Pink 176 предметов</name>
			<barcode>4820176253934</barcode>
			<stock_quantity>0</stock_quantity>
			<description>
				<![CDATA[<p>Пенал UFT&nbsp;Art Set это полноценный набор юного художника, где есть все что необходимо для занятий творчеством.</p>  <p>Комплектация<br />Маркеры;<br />Мини маркеры;<br />Цветные карандаши: 24 шт;<br />Масляные пастели;<br />Мелки: 24 шт;<br />Акварель: 18 шт;<br />Кисти: 1 шт;<br />Точилка для карандашей;<br />Чертежные бумаги: 10 шт;<br />Бутылка белой краски: 1 шт;<br />Карандаш HB: 1 шт;<br />Губка: 1 шт;<br />Палитра: 1 шт;<br />Ластик: 1 шт;<br />Линейка: 1 шт;<br />Большой зажим: 4 шт;<br />Маленький зажим: 3 шт;<br />Мольберт: 1 шт;</p>  <p></p>]]>
			</description>
			<param name="Вид"><![CDATA[Украина]]></param>
			<param name="Гарантия"><![CDATA[14 дней]]></param>
			<param name="Количество в наборе, шт"><![CDATA[176]]></param>
			<param name="Цвет"><![CDATA[Розовый]]></param>
			<param name="Наличие"><![CDATA[нет]]></param>
			<param name="вес в упаковке кг"><![CDATA[1.2]]></param>
			<param name="высота в упаковке см"><![CDATA[42]]></param>
			<param name="глубина в упаковке см"><![CDATA[32]]></param>
			<param name="ширина в упаковке см"><![CDATA[7]]></param>
			<param name="количество грузовых мест"><![CDATA[1]]></param>
			<param name="штрихкод"><![CDATA[4820176253934]]></param>
		</offer>
		<offer id="CGSET1" available="true">
			<url>https://ukrpodarok.com.ua/nabor-dlya-chainoi-tseremonii-na-dekorativnoi-podstavke-300-ml-6-chashek-uft-tset1.html</url>
			<price>4899</price>
			<price_old>5350</price_old>
			<currencyId>UAH</currencyId>
			<categoryId>152221</categoryId>
			<picture>https://ukrpodarok.com.ua/images/152220_0.jpg</picture>
			<picture>https://ukrpodarok.com.ua/images/152220_100025.jpg</picture>
			<picture>https://ukrpodarok.com.ua/images/152220_100026.jpg</picture>
			<vendor>UFT</vendor>
			<name>Набор для чайной церемонии на декоративной подставке 300 мл + 6 чашек UFT TSET1</name>
			<barcode>4820176280022</barcode>
			<stock_quantity>10</stock_quantity>
			<description>
				<![CDATA[Чайник выполнен в форме сказочного животного в золотом дизайне. Золотые украшения ручной работы очень атмосферны.<br />Имеет раздельную конструкцию крышки и дна, легко очищается. Кнопка крышки из цельного дерева, она легко поднимается, что предотвращает ожоги.<br />Фильтр выполнен из нержавеющей стали, легко чистится.<br /><br />В набор входит заварник из термостойкого стекла, магнитный чайник, 6 чайных чашек.<br />Объем чайного сервиза 300 мл.<br /><br /><strong>Особенности</strong><br />1. Керамическая основа из оленя, чайник из боросиликатного стекла и фильтр из нержавеющей стали, безопасны в использовании.<br />2. Многофункциональный, подходит не только для ароматного чая, чая улун, и также подходит для кофе.<br />3. Многоцелевой, идеальный подарок, также может быть украшением стола и дома.<br />4. Прочный и устойчивый к сильным кислотам, сильным щелочам и другим химическим веществам, может использоваться в течение длительного времени.<br />5. Обладает высокой механической прочностью и быстрой реакцией на быстрые изменения холодной и горячей температуры.]]>
			</description>
			<param name="Количество предметов, шт"><![CDATA[9]]></param>
			<param name="Материал"><![CDATA[Стекло;Глина]]></param>
			<param name="Количество персон"><![CDATA[6]]></param>
			<param name="Состав сервиза"><![CDATA[Подставка;Чайник;Чашки;]]></param>
			<param name="Тип"><![CDATA[Кофейный;Чайный;]]></param>
			<param name="Тип поставки"><![CDATA[Набор]]></param>
			<param name="Дизайн"><![CDATA[Для него;Для неё;]]></param>
			<param name="Страна регистрации бренда"><![CDATA[Украина]]></param>
			<param name="Гарантия"><![CDATA[6 месяцев]]></param>
			<param name="Наличие"><![CDATA[есть]]></param>
			<param name="вес в упаковке кг"><![CDATA[1]]></param>
			<param name="высота в упаковке см"><![CDATA[10]]></param>
			<param name="глубина в упаковке см"><![CDATA[8]]></param>
			<param name="ширина в упаковке см"><![CDATA[20]]></param>
			<param name="количество грузовых мест"><![CDATA[1]]></param>
			<param name="штрихкод"><![CDATA[4820176280022]]></param>
		</offer>
		<offer id="CGTSET4" available="true">
			<url>https://ukrpodarok.com.ua/nabor-dlya-chainoi-tseremonii-chainichek-4-piali-iz-glini-uft-tset4.html</url>
			<price>395</price>
			<price_old>699</price_old>
			<currencyId>UAH</currencyId>
			<categoryId>152221</categoryId>
			<picture>https://ukrpodarok.com.ua/images/152284_0.jpg</picture>
			<picture>https://ukrpodarok.com.ua/images/152284_100199.jpg</picture>
			<picture>https://ukrpodarok.com.ua/images/152284_100200.jpg</picture>
			<picture>https://ukrpodarok.com.ua/images/152284_100201.jpg</picture>
			<picture>https://ukrpodarok.com.ua/images/152284_100202.jpg</picture>
			<vendor>UFt</vendor>
			<name>Набор для чайной церемонии Чайничек + 4 пиалы из глины UFT TSET4</name>
			<barcode>4820176280183</barcode>
			<stock_quantity>100</stock_quantity>
			<description>
				<![CDATA[CG<strong>&nbsp;TSET4</strong>&nbsp;это симпатичный&nbsp;чайный набор в подарочной картонной упаковке.<br />Подойдет&nbsp;для уютных чаепитий в компании&nbsp;из четырех человек.<br />Дорожный набор сделан из глины покрыт&nbsp;цветной глазурью.&nbsp;<br />Размеры упаковки:<br /> 22,5 х&nbsp;14&nbsp;х 8,5 см.<br />Чайничек 160 мл, имеет носик с глиняным ситичком, который фильтрует чайные листья. Декоративным шнурком можно&nbsp;<br />4 пиалы обьемом по 65 мл.<br />Так же в наборе есть приятные бонусы - бамбуковые щипцы и тканевая скатерть под чашечки.]]>
			</description>
			<param name="Тип"><![CDATA[Чайный]]></param>
			<param name="Состав сервиза"><![CDATA[ЧайникЧашки]]></param>
			<param name="Декорирование"><![CDATA[Восточная тематика]]></param>
			<param name="Количество предметов, шт"><![CDATA[5]]></param>
			<param name="Материал"><![CDATA[Глина]]></param>
			<param name="Объем чашки, мл"><![CDATA[65]]></param>
			<param name="Объем заварника, мл"><![CDATA[160]]></param>
			<param name="Количество персон"><![CDATA[4]]></param>
			<param name="Страна регистрации бренда"><![CDATA[Украина]]></param>
			<param name="Гарантия"><![CDATA[14 дней]]></param>
			<param name="Наличие"><![CDATA[есть]]></param>
			<param name="вес в упаковке кг"><![CDATA[1]]></param>
			<param name="высота в упаковке см"><![CDATA[20]]></param>
			<param name="глубина в упаковке см"><![CDATA[8]]></param>
			<param name="ширина в упаковке см"><![CDATA[15]]></param>
			<param name="количество грузовых мест"><![CDATA[1]]></param>
			<param name="штрихкод"><![CDATA[4820176280183]]></param>
		</offer>
		<offer id="UFTD1tool" available="true">
			<url>https://ukrpodarok.com.ua/nabor-otvertok-nabor-bit-98-sht-uft-bull-bear-d1-115-v-1-v-keise.html</url>
			<price>899</price>
			<price_old>999</price_old>
			<price_promo>634</price_promo>
			<currencyId>UAH</currencyId>
			<categoryId>152293</categoryId>
			<picture>https://ukrpodarok.com.ua/images/152414_0.jpg</picture>
			<picture>https://ukrpodarok.com.ua/images/152414_101020.jpg</picture>
			<picture>https://ukrpodarok.com.ua/images/152414_101021.jpg</picture>
			<picture>https://ukrpodarok.com.ua/images/152414_101022.jpg</picture>
			<picture>https://ukrpodarok.com.ua/images/152414_101023.jpg</picture>
			<picture>https://ukrpodarok.com.ua/images/152414_101024.jpg</picture>
			<picture>https://ukrpodarok.com.ua/images/152414_101025.jpg</picture>
			<picture>https://ukrpodarok.com.ua/images/152414_101026.jpg</picture>
			<picture>https://ukrpodarok.com.ua/images/152414_101027.jpg</picture>
			<picture>https://ukrpodarok.com.ua/images/152414_101028.jpg</picture>
			<picture>https://ukrpodarok.com.ua/images/152414_101029.jpg</picture>
			<picture>https://ukrpodarok.com.ua/images/152414_101030.jpg</picture>
			<vendor>UFT</vendor>
			<name>Набор отверток + набор бит 98 шт UFT BULL &amp; BEAR D1 115 в 1 в кейсе</name>
			<barcode>4820176260062</barcode>
			<stock_quantity>50</stock_quantity>
			<description>
				<![CDATA[<p>Набор отверток предназначен для ремонта мобильных телефонов (iPhone, Android), компьютеров, электроники и бытовой техники, ювелирных изделий, оптики и многого другого.</p>  <p>Комплект упакован в пластиковый кейс (15х4,5х9 см).<br />С одной стороны находится:</p>    1 шт. Алюминиевая отвертка, с прорезиненной рукояткой 10 см с магнитным креплением бит.  1 шт. Универсальный стержень, удлиняет отвертку с 15 до 20 см.  1 шт. Гибкий стержень для труднодоступных мест  1 шт. Переходник для стандартных отверток  1 шт. Пинцет с магнитными зубцами  6 шт. Пластиковые треугольники для открытия  3 шт. Пластиковые инструменты для открытия  1 шт. Намагничиватель / размагничиватель  1 шт. Присоска  1 шт. Скрепка для изъятия слота для сим-карт    <p>С&nbsp;другой&nbsp;стороны набор из 98 бит. Все биты подписаны. Здесь есть прямые, крестообразные, треугольные, квадратные, звезды, шестигранники, торцевые, форма U и Y.</p>    Phillips: PH0000*2, PH000*2, PH00*2, PH0*2, PH1*2, PH2*2  Прямая: SL1.0, SL1.3, SL1.5, SL2.0*2, SL2.5*2, SL3.0, SL3.5, SL4.0  Torx: T1, T2*2, T3*2, T4*2, T5*2, T6, T7, T8, T9, T10, T15, T20  Torx с отверстием: T6H, T7H, T8H, T9H, T10H, T15H, T20H, T25H  Звезда: P2(0.8)*2, P5(1.2)*2, P6(1.5), P8(2.0)  Шестигранник: H0.7, H0.9, H1.3, H1.5, H2.0, H2.5, H3.0, H3.5, H4.0, H4.5, H5, H6  Крестообразная (Pozidriv): PZ000, PZ00, PZ0, PZ1, PZ2  &laquo;Y&raquo; форма: Y06*2, Y2.0, Y2.5, Y3.0  Треугольник: 2.0, 2.3, 2.6, 3.0  &laquo;U&raquo; форма: U2.6*2, U3.0*2, U8  Квадрат: S0, S1, S2  Крестообразная: W2.0, W2.5  O: 0.8, 1.0  PH2: 2.0  Торцевая: M2.5, M3.0, M3.5, M4.0, M4.5, M5.0, M5.5    <p>Сфера применения:<br />Отвертка для&nbsp;айфона, отвертка для ноутбука, часовая отвертка, набор отверток для точной механики, отвертка ювелирная, набор отверток для точных работ,&nbsp;отвертка для iphone (4, 5, 6, 7, 8, X, 11, 12),&nbsp;отвертки для телефона и тд</p>]]>
			</description>
			<param name="Тип"><![CDATA[Для точных работ (Прецизионная)]]></param>
			<param name="Категория"><![CDATA[Набор отверток]]></param>
			<param name="Вид"><![CDATA[Со сменными насадками]]></param>
			<param name="Странапроизводитель"><![CDATA[Китай]]></param>
			<param name="Материал рукоятки"><![CDATA[Пластик]]></param>
			<param name="Гарантия"><![CDATA[1 месяц]]></param>
			<param name="Длинна рабочего стержня"><![CDATA[40-100 мм]]></param>
			<param name="Страна регистрации бренда"><![CDATA[Украина]]></param>
			<param name="Наличие"><![CDATA[есть]]></param>
			<param name="вес в упаковке кг"><![CDATA[0.5]]></param>
			<param name="высота в упаковке см"><![CDATA[20]]></param>
			<param name="глубина в упаковке см"><![CDATA[6]]></param>
			<param name="ширина в упаковке см"><![CDATA[15]]></param>
			<param name="количество грузовых мест"><![CDATA[1]]></param>
			<param name="штрихкод"><![CDATA[4820176260062]]></param>
		</offer>
		<offer id="CGDOHCake" available="true">
			<url>https://ukrpodarok.com.ua/nabor-plastilina-dlya-lepki-uft-alento-playdough-birthday-cake.html</url>
			<price>344</price>
			<price_old>377</price_old>
			<currencyId>UAH</currencyId>
			<categoryId>152269</categoryId>
			<picture>https://ukrpodarok.com.ua/images/152262_0.jpg</picture>
			<picture>https://ukrpodarok.com.ua/images/152262_100136.jpg</picture>
			<picture>https://ukrpodarok.com.ua/images/152262_100137.jpg</picture>
			<picture>https://ukrpodarok.com.ua/images/152262_100138.jpg</picture>
			<vendor>ALENTO</vendor>
			<name>Набор пластилина для лепки UFT ALENTO Playdough BirthDay Cake</name>
			<barcode>4820176280633</barcode>
			<stock_quantity>50</stock_quantity>
			<description>
				<![CDATA[Набор для творчества с пластилином, предназначенный для изготовления игрушечных деликатесов! Позвольте Вашему малышу самостоятельно сервировать стол разнообразными блюдами и пригласить всех друзей на импровизированный обед!<br />Пластилина в наборе более, чем достаточно, чтобы приготовить самые разнообразные существующие и выдуманные блюда, а специальные пластиковые формы помогут в этом.<br />Пластилин мягкий, приятный на ощупь. Не липнет к рукам и не имеет запаха.<br /><br />Набор включает в себя все необходимое для приготовления праздничного торта, или других блюд.&nbsp;<br />Пластилин 5 цветов (коричневый, красный, зеленый, белый, салатовый), форма мороженого 2 шт, тарелка, нож, трубка для раскатывания, скатерть.<br /><br /><strong>Внимание</strong><br />Несъедобен!]]>
			</description>
			<param name="Вид"><![CDATA[Наборы для лепки]]></param>
			<param name="Основа для лепки"><![CDATA[Масса для лепки]]></param>
			<param name="Особенности"><![CDATA[Ароматизированные]]></param>
			<param name="Страна регистрации бренда"><![CDATA[Украина]]></param>
			<param name="Гарантия"><![CDATA[14 дней]]></param>
			<param name="Наличие"><![CDATA[есть]]></param>
			<param name="вес в упаковке кг"><![CDATA[0.27]]></param>
			<param name="высота в упаковке см"><![CDATA[17]]></param>
			<param name="глубина в упаковке см"><![CDATA[15]]></param>
			<param name="ширина в упаковке см"><![CDATA[5]]></param>
			<param name="количество грузовых мест"><![CDATA[1]]></param>
			<param name="штрихкод"><![CDATA[4820176280633]]></param>
		</offer>
		<offer id="CGDOHCandy" available="true">
			<url>https://ukrpodarok.com.ua/nabor-plastilina-dlya-lepki-uft-alento-playdough-fancy-candy.html</url>
			<price>344</price>
			<price_old>377</price_old>
			<currencyId>UAH</currencyId>
			<categoryId>152269</categoryId>
			<picture>https://ukrpodarok.com.ua/images/152267_0.jpg</picture>
			<picture>https://ukrpodarok.com.ua/images/152267_100127.jpg</picture>
			<vendor>ALENTO</vendor>
			<name>Набор пластилина для лепки UFT ALENTO Playdough Fancy Candy</name>
			<barcode>4820176280602</barcode>
			<stock_quantity>50</stock_quantity>
			<description>
				<![CDATA[Набор для творчества с пластилином, предназначенный для изготовления игрушечных деликатесов! Позвольте Вашему малышу самостоятельно сервировать стол разнообразными блюдами и пригласить всех друзей на импровизированный обед!<br />Пластилина в наборе более, чем достаточно, чтобы приготовить самые разнообразные существующие и выдуманные блюда, а специальные пластиковые формы помогут в этом.<br />Пластилин мягкий, приятный на ощупь. Не липнет к рукам и не имеет запаха.<br /><br />Набор включает в себя все необходимое для приготовления десертов, или других блюд.&nbsp;<br />Пластилин 5 цветов (коричневый, красный, зеленый, белый, салатовый), форма мороженого 2 шт, тарелка, нож, трубка для раскатывания, скатерть.<br /><br /><strong>Внимание</strong><br />Несъедобен!]]>
			</description>
			<param name="Вид"><![CDATA[Наборы для лепки]]></param>
			<param name="Основа для лепки"><![CDATA[Масса для лепки]]></param>
			<param name="Особенности"><![CDATA[Ароматизированные]]></param>
			<param name="Страна регистрации бренда"><![CDATA[Украина]]></param>
			<param name="Гарантия"><![CDATA[14 дней]]></param>
			<param name="Наличие"><![CDATA[есть]]></param>
			<param name="вес в упаковке кг"><![CDATA[0.27]]></param>
			<param name="высота в упаковке см"><![CDATA[17]]></param>
			<param name="глубина в упаковке см"><![CDATA[15]]></param>
			<param name="ширина в упаковке см"><![CDATA[5]]></param>
			<param name="количество грузовых мест"><![CDATA[1]]></param>
			<param name="штрихкод"><![CDATA[4820176280602]]></param>
		</offer>
		<offer id="CGDOHbread" available="true">
			<url>https://ukrpodarok.com.ua/nabor-plastilina-dlya-lepki-uft-alento-playdough-fresh-bread.html</url>
			<price>344</price>
			<price_old>377</price_old>
			<currencyId>UAH</currencyId>
			<categoryId>152269</categoryId>
			<picture>https://ukrpodarok.com.ua/images/152265_0.jpg</picture>
			<picture>https://ukrpodarok.com.ua/images/152265_100123.jpg</picture>
			<picture>https://ukrpodarok.com.ua/images/152265_100124.jpg</picture>
			<picture>https://ukrpodarok.com.ua/images/152265_100139.jpg</picture>
			<picture>https://ukrpodarok.com.ua/images/152265_100140.jpg</picture>
			<vendor>ALENTO</vendor>
			<name>Набор пластилина для лепки UFT ALENTO Playdough Fresh Bread</name>
			<barcode>4820176280626</barcode>
			<stock_quantity>50</stock_quantity>
			<description>
				<![CDATA[Набор для творчества с пластилином, предназначенный для изготовления игрушечных деликатесов! Позвольте Вашему малышу самостоятельно сервировать стол разнообразными блюдами и пригласить всех друзей на импровизированный обед!<br />Пластилина в наборе более, чем достаточно, чтобы приготовить самые разнообразные существующие и выдуманные блюда, а специальные пластиковые формы помогут в этом.<br />Пластилин мягкий, приятный на ощупь. Не липнет к рукам и не имеет запаха.<br /><br />Набор включает в себя все необходимое для приготовления хлебобулочных изделий, или других блюд.&nbsp;<br />Пластилин 5 цветов (коричневый, красный, зеленый, белый, салатовый), форма мороженого 2 шт, тарелка, нож, трубка для раскатывания, скатерть.<br /><br /><strong>Внимание</strong><br />Несъедобен!<br /><br />]]>
			</description>
			<param name="Вид"><![CDATA[Наборы для лепки]]></param>
			<param name="Основа для лепки"><![CDATA[Масса для лепки]]></param>
			<param name="Особенности"><![CDATA[Ароматизированные]]></param>
			<param name="Страна регистрации бренда"><![CDATA[Украина]]></param>
			<param name="Гарантия"><![CDATA[14 дней]]></param>
			<param name="Наличие"><![CDATA[есть]]></param>
			<param name="вес в упаковке кг"><![CDATA[0.27]]></param>
			<param name="высота в упаковке см"><![CDATA[17]]></param>
			<param name="глубина в упаковке см"><![CDATA[15]]></param>
			<param name="ширина в упаковке см"><![CDATA[5]]></param>
			<param name="количество грузовых мест"><![CDATA[1]]></param>
			<param name="штрихкод"><![CDATA[4820176280626]]></param>
		</offer>
		<offer id="CGDOHsandwich" available="true">
			<url>https://ukrpodarok.com.ua/nabor-plastilina-dlya-lepki-uft-alento-playdough-healthy-sandwich.html</url>
			<price>344</price>
			<price_old>377</price_old>
			<currencyId>UAH</currencyId>
			<categoryId>152269</categoryId>
			<picture>https://ukrpodarok.com.ua/images/152261_0.jpg</picture>
			<picture>https://ukrpodarok.com.ua/images/152261_100121.jpg</picture>
			<picture>https://ukrpodarok.com.ua/images/152261_100122.jpg</picture>
			<picture>https://ukrpodarok.com.ua/images/152261_100134.jpg</picture>
			<picture>https://ukrpodarok.com.ua/images/152261_100135.jpg</picture>
			<vendor>ALENTO</vendor>
			<name>Набор пластилина для лепки UFT ALENTO Playdough Healthy Sandwich</name>
			<barcode>4820176280558</barcode>
			<stock_quantity>50</stock_quantity>
			<description>
				<![CDATA[Набор для творчества с пластилином, предназначенный для изготовления игрушечных деликатесов! Позвольте Вашему малышу самостоятельно сервировать стол разнообразными блюдами и пригласить всех друзей на импровизированный обед!<br />Пластилина в наборе более, чем достаточно, чтобы приготовить самые разнообразные существующие и выдуманные блюда, а специальные пластиковые формы помогут в этом.<br />Пластилин мягкий, приятный на ощупь. Не липнет к рукам и не имеет запаха.<br /><br />Набор включает в себя все необходимое для приготовления бутербродов, или других блюд.&nbsp;<br />Пластилин 5 цветов (коричневый, красный, зеленый, белый, салатовый), форма, тарелка, нож, трубка для раскатывания, скатерть.<br /><br /><strong>Внимание</strong><br />Несъедобен!]]>
			</description>
			<param name="Вид"><![CDATA[Наборы для лепки]]></param>
			<param name="Основа для лепки"><![CDATA[Масса для лепки]]></param>
			<param name="Особенности"><![CDATA[Ароматизированные]]></param>
			<param name="Размер упаковки"><![CDATA[17 х 15 х 4 см]]></param>
			<param name="Страна регистрации бренда"><![CDATA[Украина]]></param>
			<param name="Гарантия"><![CDATA[14 дней]]></param>
			<param name="Наличие"><![CDATA[есть]]></param>
			<param name="вес в упаковке кг"><![CDATA[0.27]]></param>
			<param name="высота в упаковке см"><![CDATA[17]]></param>
			<param name="глубина в упаковке см"><![CDATA[15]]></param>
			<param name="ширина в упаковке см"><![CDATA[4]]></param>
			<param name="количество грузовых мест"><![CDATA[1]]></param>
			<param name="штрихкод"><![CDATA[4820176280558]]></param>
		</offer>
		<offer id="CGDOHIceCream" available="true">
			<url>https://ukrpodarok.com.ua/nabor-plastilina-dlya-lepki-uft-alento-playdough-ice-cream.html</url>
			<price>344</price>
			<price_old>377</price_old>
			<currencyId>UAH</currencyId>
			<categoryId>152269</categoryId>
			<picture>https://ukrpodarok.com.ua/images/152266_0.jpg</picture>
			<picture>https://ukrpodarok.com.ua/images/152266_100125.jpg</picture>
			<picture>https://ukrpodarok.com.ua/images/152266_100126.jpg</picture>
			<picture>https://ukrpodarok.com.ua/images/152266_100141.jpg</picture>
			<picture>https://ukrpodarok.com.ua/images/152266_100142.jpg</picture>
			<vendor>ALENTO</vendor>
			<name>Набор пластилина для лепки UFT ALENTO Playdough Ice Cream</name>
			<barcode>4820176280619</barcode>
			<stock_quantity>50</stock_quantity>
			<description>
				<![CDATA[Набор для творчества с пластилином, предназначенный для изготовления игрушечных деликатесов! Позвольте Вашему малышу самостоятельно сервировать стол разнообразными блюдами и пригласить всех друзей на импровизированный обед!<br />Пластилина в наборе более, чем достаточно, чтобы приготовить самые разнообразные существующие и выдуманные блюда, а специальные пластиковые формы помогут в этом.<br />Пластилин мягкий, приятный на ощупь. Не липнет к рукам и не имеет запаха.<br /><br />Набор включает в себя все необходимое для приготовления мороженого, или других блюд. <br />Пластилин 5 цветов (коричневый, красный, зеленый, белый, салатовый), форма мороженого 2 шт, тарелка, нож, трубка для раскатывания, скатерть.<br /><br /><strong>Внимание</strong><br />Несъедобен!]]>
			</description>
			<param name="Вид"><![CDATA[Наборы для лепки]]></param>
			<param name="Основа для лепки"><![CDATA[Масса для лепки]]></param>
			<param name="Особенности"><![CDATA[Ароматизированные]]></param>
			<param name="Страна регистрации бренда"><![CDATA[Украина]]></param>
			<param name="Гарантия"><![CDATA[14 дней]]></param>
			<param name="Наличие"><![CDATA[есть]]></param>
			<param name="вес в упаковке кг"><![CDATA[0.27]]></param>
			<param name="высота в упаковке см"><![CDATA[17]]></param>
			<param name="глубина в упаковке см"><![CDATA[15]]></param>
			<param name="ширина в упаковке см"><![CDATA[5]]></param>
			<param name="количество грузовых мест"><![CDATA[1]]></param>
			<param name="штрихкод"><![CDATA[4820176280619]]></param>
		</offer>
		<offer id="CGDOHMiniCandy" available="true">
			<url>https://ukrpodarok.com.ua/nabor-plastilina-dlya-lepki-uft-alento-playdough-mini-candy.html</url>
			<price>344</price>
			<price_old>377</price_old>
			<currencyId>UAH</currencyId>
			<categoryId>152269</categoryId>
			<picture>https://ukrpodarok.com.ua/images/152268_0.jpg</picture>
			<picture>https://ukrpodarok.com.ua/images/152268_100144.jpg</picture>
			<picture>https://ukrpodarok.com.ua/images/152268_100145.jpg</picture>
			<vendor>ALENTO</vendor>
			<name>Набор пластилина для лепки UFT ALENTO Playdough Mini Candy</name>
			<barcode>4820176280572</barcode>
			<stock_quantity>50</stock_quantity>
			<description>
				<![CDATA[Набор для творчества с пластилином, предназначенный для изготовления игрушечных деликатесов! Позвольте Вашему малышу самостоятельно сервировать стол разнообразными блюдами и пригласить всех друзей на импровизированный обед!<br />Пластилина в наборе более, чем достаточно, чтобы приготовить самые разнообразные существующие и выдуманные блюда, а специальные пластиковые формы помогут в этом.<br />Пластилин мягкий, приятный на ощупь. Не липнет к рукам и не имеет запаха.<br /><br />Набор включает в себя все необходимое для приготовления десертов, или других блюд.&nbsp;<br />Пластилин 5 цветов (коричневый, оранжевый, зеленый,&nbsp;красный, салатовый), форма мороженого 2 шт, тарелка, нож, трубка для раскатывания, скатерть.<br /><br /><strong>Внимание</strong><br />Несъедобен!]]>
			</description>
			<param name="Вид"><![CDATA[Наборы для лепки]]></param>
			<param name="Основа для лепки"><![CDATA[Масса для лепки]]></param>
			<param name="Особенности"><![CDATA[Ароматизированные]]></param>
			<param name="Страна регистрации бренда"><![CDATA[Украина]]></param>
			<param name="Гарантия"><![CDATA[14 дней]]></param>
			<param name="Наличие"><![CDATA[есть]]></param>
			<param name="вес в упаковке кг"><![CDATA[0.27]]></param>
			<param name="высота в упаковке см"><![CDATA[17]]></param>
			<param name="глубина в упаковке см"><![CDATA[15]]></param>
			<param name="ширина в упаковке см"><![CDATA[5]]></param>
			<param name="количество грузовых мест"><![CDATA[1]]></param>
			<param name="штрихкод"><![CDATA[4820176280572]]></param>
		</offer>
		<offer id="CGDOHsushi" available="true">
			<url>https://ukrpodarok.com.ua/nabor-plastilina-dlya-lepki-uft-alento-playdough-sushi-set.html</url>
			<price>344</price>
			<price_old>377</price_old>
			<currencyId>UAH</currencyId>
			<categoryId>152269</categoryId>
			<picture>https://ukrpodarok.com.ua/images/152260_0.jpg</picture>
			<picture>https://ukrpodarok.com.ua/images/152260_100119.jpg</picture>
			<picture>https://ukrpodarok.com.ua/images/152260_100120.jpg</picture>
			<picture>https://ukrpodarok.com.ua/images/152260_100132.jpg</picture>
			<picture>https://ukrpodarok.com.ua/images/152260_100133.jpg</picture>
			<vendor>ALENTO</vendor>
			<name>Набор пластилина для лепки UFT ALENTO Playdough Sushi Set</name>
			<barcode>4820176280565</barcode>
			<stock_quantity>50</stock_quantity>
			<description>
				<![CDATA[Набор для творчества с пластилином, предназначенный для изготовления игрушечных деликатесов! Позвольте Вашему малышу самостоятельно сервировать стол разнообразными блюдами и пригласить всех друзей на импровизированный обед!<br />Пластилина в наборе более, чем достаточно, чтобы приготовить самые разнообразные существующие и выдуманные блюда, а специальные пластиковые формы помогут в этом.<br />Пластилин мягкий, приятный на ощупь. Не липнет к рукам и не имеет запаха.<br /><br />Набор включает в себя все необходимое для приготовления суши, или других блюд.&nbsp;<br />Пластилин 5 цветов (коричневый, красный, зеленый, белый, салатовый), две формы, тарелка, нож, трубка для раскатывания, скатерть.<br /><br /><strong>Внимание</strong><br />Несъедобен!]]>
			</description>
			<param name="Вид"><![CDATA[Наборы для лепки]]></param>
			<param name="Основа для лепки"><![CDATA[Масса для лепки]]></param>
			<param name="Особенности"><![CDATA[Ароматизированные]]></param>
			<param name="Размер упаковки"><![CDATA[17 х 15 х 4 см]]></param>
			<param name="Страна регистрации бренда"><![CDATA[Украина]]></param>
			<param name="Гарантия"><![CDATA[14 дней]]></param>
			<param name="Наличие"><![CDATA[есть]]></param>
			<param name="вес в упаковке кг"><![CDATA[0.27]]></param>
			<param name="высота в упаковке см"><![CDATA[17]]></param>
			<param name="глубина в упаковке см"><![CDATA[15]]></param>
			<param name="ширина в упаковке см"><![CDATA[4]]></param>
			<param name="количество грузовых мест"><![CDATA[1]]></param>
			<param name="штрихкод"><![CDATA[4820176280565]]></param>
		</offer>
		<offer id="EX01three" available="true">
			<url>https://ukrpodarok.com.ua/nabor-rezinok-espanderov-dlya-fitnesa-3-sht-uft-ex01.html</url>
			<price>176</price>
			<price_old>245</price_old>
			<currencyId>UAH</currencyId>
			<categoryId>152205</categoryId>
			<picture>https://ukrpodarok.com.ua/images/152412_0.jpg</picture>
			<vendor>UFT</vendor>
			<name>Набор резинок-эспандеров для фитнеса 3 шт UFT EX01</name>
			<barcode></barcode>
			<stock_quantity>50</stock_quantity>
			<description>
				<![CDATA[<p>Набор лент для фитнеса EX01 разработаны для домашних занятий, заменяя множество тренажеров. Не лишними будут и во время тренировок в зале, а за счет не&nbsp;больших габаритов - позволяют брать с собой в поездки.<br />Резиновые петли можно использовать для любых груп мышц. Эффект достигается за счет&nbsp;дополнительного сопротивления, которые создают еластичные ленты.<br />Каждая из лент имеет свое сопротивление. Так что вы можете подбирать оптимальный вариант для каждого из упражнений.&nbsp;</p>    Зеленый (0,35 мм) -&nbsp; наименьшее сопротивление XS (2,5 кг);  Красный (1 мм) &mdash; сильное L (15 кг);  Черный (1,2 мм) &mdash; максимальное сопротивление XL (20 кг)    Для увеличения нагрузки можно миксовать несколько&nbsp;колец-еспандеров.<br />  <p>Ленты выполнены из плотного латекса.&nbsp;Эластичный материал обеспечивает плавное растяжение, и плавную нагрузку на мышцы, уменьшая шанс травмирования во время тренировок.</p>]]>
			</description>
			<param name="Тип"><![CDATA[Ленточные]]></param>
			<param name="Вид"><![CDATA[Жгут]]></param>
			<param name="Тип нагрузки"><![CDATA[Растяжение]]></param>
			<param name="Материал"><![CDATA[Латекс]]></param>
			<param name="Цвет"><![CDATA[Разноцветный]]></param>
			<param name="Комплектация"><![CDATA[3 резинки]]></param>
			<param name="Страна регистрации бренда"><![CDATA[Украина]]></param>
			<param name="Гарантия"><![CDATA[14 дней]]></param>
			<param name="Наличие"><![CDATA[есть]]></param>
		</offer>
		<offer id="edshower" available="true">
			<url>https://ukrpodarok.com.ua/nasadka-leika-na-dush-s-temperaturnim-datchikom-i-podsvetkoi-uft-led-shower.html</url>
			<price>445</price>
			<price_old>499</price_old>
			<currencyId>UAH</currencyId>
			<categoryId>50075</categoryId>
			<picture>https://ukrpodarok.com.ua/images/152462_0.jpg</picture>
			<picture>https://ukrpodarok.com.ua/images/152462_101269.jpg</picture>
			<picture>https://ukrpodarok.com.ua/images/152462_101270.jpg</picture>
			<picture>https://ukrpodarok.com.ua/images/152462_101271.jpg</picture>
			<vendor>UFT</vendor>
			<name>Насадка лейка на душ с температурным датчиком и подсветкой UFT LED Shower</name>
			<barcode>4820176240130</barcode>
			<stock_quantity>50</stock_quantity>
			<description>
				<![CDATA[<p>Светодиодный душ с цветовой гаммой автоматически включается и выключается соответствующая подсветка .</p>  <p>Светодиодный душ подходит к любым видам ванно-душевых смесителей.<br />Светодиодный душ с цветовой индикацией воды &ndash; радость для детей и взрослых! Не требуются источники питания. Принцип работы - вода проходя крутит динамо-турбинку. Имеется встроенный датчик, который цветом показывает температуру воды.<br />Особенности:<br />С температурным датчиком;<br />С подсветкой.</p>]]>
			</description>
			<param name="Тип"><![CDATA[Лейка для душа]]></param>
			<param name="Комплектация"><![CDATA[Ручная лейка]]></param>
			<param name="Форма верхнего душа"><![CDATA[Круглая]]></param>
			<param name="Цвет"><![CDATA[Красный]]></param>
			<param name="Особенности"><![CDATA[С температурным датчиком;С подсветкой;]]></param>
			<param name="Странапроизводитель"><![CDATA[Китай]]></param>
			<param name="Гарантия"><![CDATA[6 месяцев]]></param>
			<param name="Наличие"><![CDATA[есть]]></param>
			<param name="вес в упаковке кг"><![CDATA[0.3]]></param>
			<param name="высота в упаковке см"><![CDATA[15]]></param>
			<param name="глубина в упаковке см"><![CDATA[10]]></param>
			<param name="ширина в упаковке см"><![CDATA[10]]></param>
			<param name="количество грузовых мест"><![CDATA[1]]></param>
			<param name="штрихкод"><![CDATA[4820176240130]]></param>
		</offer>
		<offer id="CGedwater" available="true">
			<url>https://ukrpodarok.com.ua/nasadka-na-kran-s-temperaturnim-datchikom-uft-led-water.html</url>
			<price>244</price>
			<price_old>299</price_old>
			<currencyId>UAH</currencyId>
			<categoryId>152251</categoryId>
			<picture>https://ukrpodarok.com.ua/images/150799_0.jpg</picture>
			<picture>https://ukrpodarok.com.ua/images/879_778.jpg</picture>
			<picture>https://ukrpodarok.com.ua/images/879_779.jpg</picture>
			<picture>https://ukrpodarok.com.ua/images/150799_100218.jpg</picture>
			<vendor>UFT</vendor>
			<name>Насадка на кран с температурным датчиком UFT Led water</name>
			<barcode>4820176240128</barcode>
			<stock_quantity>50</stock_quantity>
			<description>
				<![CDATA[Насадка на кран с подсветкой воды. Прикольный и необычный подарок для вас и ваших друзей. Подарите интересный и полезный подарок! Хотите удивить своих гостей? Теперь сделать это очень просто &mdash; отправьте их в ванную комнату помыть руки. Не требуются источники питания. Принцип работы - вода проходя крутит динамо-турбинку. Встроен датчик показывающий цветом температуру воды.В комплекте идут два переходника для крепления на различные краны (подходят для 95 % кранов).<br /><br /><br /><br />]]>
			</description>
			<param name="Вид"><![CDATA[Аэраторы для смесителей]]></param>
			<param name="Назначение"><![CDATA[Для ванной;Для кухни;]]></param>
			<param name="Цвет"><![CDATA[Хром]]></param>
			<param name="Тип резьбы"><![CDATA[Внешняя]]></param>
			<param name="Материал"><![CDATA[Пластик]]></param>
			<param name="Гарантия"><![CDATA[14 дней]]></param>
			<param name="Наличие"><![CDATA[есть]]></param>
			<param name="вес в упаковке кг"><![CDATA[0.1]]></param>
			<param name="высота в упаковке см"><![CDATA[5]]></param>
			<param name="глубина в упаковке см"><![CDATA[5]]></param>
			<param name="ширина в упаковке см"><![CDATA[5]]></param>
			<param name="количество грузовых мест"><![CDATA[1]]></param>
			<param name="штрихкод"><![CDATA[4820176240128]]></param>
		</offer>
		<offer id="CGWCLamp2" available="false">
			<url>https://ukrpodarok.com.ua/nastolnaya-led-lampa-s-besprovodnoi-zaryadkoi-5w-cg-wc-lamp-2.html</url>
			<price>435</price>
			<price_old>499</price_old>
			<currencyId>UAH</currencyId>
			<categoryId>1521</categoryId>
			<picture>https://ukrpodarok.com.ua/images/52815_0.jpg</picture>
			<picture>https://ukrpodarok.com.ua/images/52815_63814.jpg</picture>
			<picture>https://ukrpodarok.com.ua/images/52815_63813.jpg</picture>
			<picture>https://ukrpodarok.com.ua/images/52815_0.jpg</picture>
			<vendor>СG</vendor>
			<name>Настольная LED лампа с беспроводной зарядкой 5W CG WC Lamp 2</name>
			<barcode></barcode>
			<stock_quantity>0</stock_quantity>
			<description>
				<![CDATA[<p><strong>CG WC Lamp 2</strong>&nbsp;это настольная светодиодная лампа оснащенная беспроводной зарядкой.<br />Кроме того предусмотрен USB выход для зарядки любых гаджетов.<br />Лампа складная, имеет сенсорную кнопку включения.<br />Свет ровный и мягкий.</p>  <p></p>        Тип  Офисные<br />Светодиодные      Тип используемой лампы  Встроенные светодиоды<br />Светодиодная (LED)      Тип крепления  На поверхность      Мощность, Вт  5 Вт      Цвет плафона  Белый      Стиль  Модерн      Срок службы (только LED)  50000      Материал  ABS-пластик<br />Металл      Материал плафона  ABS-пластик      Сменный источник света  Без сменного источника света      Поворотный плафон  С поворотным плафоном      Тип выключателя  Сенсорный светорегулятор      Количество источников света  1      Высота (мм)  35 х 18 х 12 см      Направленность света  Вниз      Дополнительные характеристики  7 Вт-nСовместима с iOS, Android-nСенсорное управление-nЦветовая температура: 3500-6500К"}"&gt;    Быстрая беспроводная зарядка с технологией QI<br />USB зарядка (встоенный USB порт и кабель microUSB в комплекте)<br />Максимальная выходная мощность: &gt; 7 Вт<br />Совместима с iOS, Android<br />Сенсорное управление<br />Цветовая температура: 3500-6500К          ]]>
			</description>
			<param name="Гарантия"><![CDATA[6 месяцев]]></param>
			<param name="Наличие"><![CDATA[нет]]></param>
		</offer>
		<offer id="CGWCLamp3" available="false">
			<url>https://ukrpodarok.com.ua/nastolnaya-led-lampa-s-besprovodnoi-zaryadkoi-5w-cg-wc-lamp-3.html</url>
			<price>665</price>
			<price_old>699</price_old>
			<currencyId>UAH</currencyId>
			<categoryId>1521</categoryId>
			<picture>https://ukrpodarok.com.ua/images/52816_0.jpg</picture>
			<picture>https://ukrpodarok.com.ua/images/52816_63816.jpg</picture>
			<picture>https://ukrpodarok.com.ua/images/52816_0.jpg</picture>
			<picture>https://ukrpodarok.com.ua/images/52816_63815.jpg</picture>
			<vendor>СG</vendor>
			<name>Настольная LED лампа с беспроводной зарядкой 5W CG WC Lamp 3</name>
			<barcode>4820176256225</barcode>
			<stock_quantity>0</stock_quantity>
			<description>
				<![CDATA[<p><strong>CG WC Lamp 3</strong> это настольная светодиодная лампа оснащенная беспроводной зарядкой.<br />Лампа имеет сенсорную панель управления и регулируемую яркость.<br />]]>
			</description>
			<param name="Тип используемой лампы"><![CDATA[Встроенные светодиодыСветодиодная (LED)]]></param>
			<param name="Тип крепления"><![CDATA[На поверхность]]></param>
			<param name="Мощность, Вт"><![CDATA[5 Вт]]></param>
			<param name="Цвет плафона"><![CDATA[Белый]]></param>
			<param name="Стиль"><![CDATA[Модерн]]></param>
			<param name="Срок службы только LED"><![CDATA[50000]]></param>
			<param name="Материал"><![CDATA[Пластик;Металл]]></param>
			<param name="Материал плафона"><![CDATA[ABS-пластик]]></param>
			<param name="Сменный источник света"><![CDATA[Без сменного источника света]]></param>
			<param name="Поворотный плафон"><![CDATA[С поворотным плафоном]]></param>
			<param name="Тип выключателя"><![CDATA[Сенсорный светорегулятор]]></param>
			<param name="Высота мм"><![CDATA[35 х 18 х 12 см]]></param>
			<param name="Направленность света"><![CDATA[Вниз]]></param>
			<param name="Гарантия"><![CDATA[6 месяцев]]></param>
			<param name="Наличие"><![CDATA[нет]]></param>
			<param name="штрихкод"><![CDATA[4820176256225]]></param>
		</offer>
		<offer id="CGPirates" available="true">
			<url>https://ukrpodarok.com.ua/nastolnaya-detskaya-igra-pirat-v-bochke-uft-pirates-barrels.html</url>
			<price>769</price>
			<price_old>844</price_old>
			<currencyId>UAH</currencyId>
			<categoryId>50550</categoryId>
			<picture>https://ukrpodarok.com.ua/images/151888_0.jpg</picture>
			<picture>https://ukrpodarok.com.ua/images/151888_100577.jpg</picture>
			<picture>https://ukrpodarok.com.ua/images/151888_100576.jpg</picture>
			<picture>https://ukrpodarok.com.ua/images/151888_100575.jpg</picture>
			<picture>https://ukrpodarok.com.ua/images/151888_100574.jpg</picture>
			<picture>https://ukrpodarok.com.ua/images/151888_100573.jpg</picture>
			<vendor>UFT</vendor>
			<name>Настольная детская игра Пират в Бочке UFT Pirates Barrels</name>
			<barcode>4820176250001</barcode>
			<stock_quantity>50</stock_quantity>
			<description>
				<![CDATA[<p>Pirates Barrels - веселая коллективная игра для детей от 4 лет, где могут принять участие 2 или 4 ребёнка.<br /> Игра развивает ловкость, внимание и координацию движений. Настоящая бочка веселья! <br />Игра не только позабавит и развеселит Вас, но и поможет провести незабываемый вечер в кругу семьи.<br />Правила игры:&nbsp;Участники поочерёдно вставляют мечи в прорези бочки до тех пор, пока пират не выскочит из бочки.</p>  Количество игроков:<br />От 2 до 4<br />Размеры коробки:<br />25 х 15 х 15 см<br />Комплектация:<br />одноглазый пират, бочка, разноцветные мечи<br />Страна-производитель товара<br />Китай<br />Страна регистрации бренда<br />Украина<br />Гарантия<br />14 дней<br /><br />]]>
			</description>
			<param name="Тип"><![CDATA[Пираты]]></param>
			<param name="Возраст"><![CDATA[3 года3.5 года4 года5 лет6 лет7 лет8 лет]]></param>
			<param name="Материал"><![CDATA[Пластик]]></param>
			<param name="Размер коробки"><![CDATA[25х15х15 см]]></param>
			<param name="Страна регистрации бренда"><![CDATA[Украина]]></param>
			<param name="Гарантия"><![CDATA[14 дней]]></param>
			<param name="Бренд"><![CDATA[UFT]]></param>
			<param name="Наличие"><![CDATA[есть]]></param>
			<param name="вес в упаковке кг"><![CDATA[0.3]]></param>
			<param name="высота в упаковке см"><![CDATA[24]]></param>
			<param name="глубина в упаковке см"><![CDATA[18]]></param>
			<param name="ширина в упаковке см"><![CDATA[17]]></param>
			<param name="количество грузовых мест"><![CDATA[1]]></param>
			<param name="штрихкод"><![CDATA[4820176250001]]></param>
		</offer>
		<offer id="CM1" available="true">
			<url>https://ukrpodarok.com.ua/nastolnoe-zerkalo-dlya-makiyazha-s-led-podsvetkoi-uft-cosmetic-mirroir-cm1.html</url>
			<price>3199</price>
			<price_old>3299</price_old>
			<currencyId>UAH</currencyId>
			<categoryId>152112</categoryId>
			<picture>https://ukrpodarok.com.ua/images/52702_0.jpg</picture>
			<picture>https://ukrpodarok.com.ua/images/52702_0.jpg</picture>
			<picture>https://ukrpodarok.com.ua/images/152022_99901.jpg</picture>
			<picture>https://ukrpodarok.com.ua/images/152022_99902.jpg</picture>
			<vendor>UFT</vendor>
			<name>Настольное зеркало для макияжа с LED подсветкой UFT Cosmetic Mirroir CM1</name>
			<barcode>4820176250438</barcode>
			<stock_quantity>50</stock_quantity>
			<description>
				<![CDATA[<p>Поворотное зеркало с LED подсветкой&nbsp;имеет функцию приближения и способно увеличить необходимый участок лица. <br />Косметологическое зеркало с подсветкой рекомендуется использовать дома, как удобное приспособление для нанесения макияжа, проведения косметических процедур в домашних условиях: маски, чистка кожи, пилинг, эпиляция участков лица, коррекция бровей.<br /> Так же зеркало удобно во время процедур по замене контактных линз или бижутерии. Функция увеличения и отличная яркая подсветка позволяет провести любую манипуляцию досконально.<br />Питание от сети (кабель в комплекте) или от трех батареек ААА (не идут в комплекте).&nbsp;<br /><br /><br /></p>]]>
			</description>
			<param name="Вид"><![CDATA[Настольное]]></param>
			<param name="Особенности"><![CDATA[С подсветкой]]></param>
			<param name="Форма"><![CDATA[Круглое]]></param>
			<param name="Подсветка"><![CDATA[Led подсветка]]></param>
			<param name="Область применения"><![CDATA[Лицо;Шея;Глаза;]]></param>
			<param name="Вес в упаковке"><![CDATA[1.4 кг]]></param>
			<param name="Вес"><![CDATA[0.95 кг]]></param>
			<param name="Цвет изделия"><![CDATA[Серый]]></param>
			<param name="Мощность"><![CDATA[3 Вт]]></param>
			<param name="Напряжение"><![CDATA[220 В]]></param>
			<param name="Размеры Д х Ш, см"><![CDATA[38 х 20 х 20]]></param>
			<param name="Страна регистрации бренда"><![CDATA[Украина]]></param>
			<param name="Гарантия"><![CDATA[6 месяцев]]></param>
			<param name="Наличие"><![CDATA[есть]]></param>
			<param name="вес в упаковке кг"><![CDATA[0.3]]></param>
			<param name="высота в упаковке см"><![CDATA[7]]></param>
			<param name="глубина в упаковке см"><![CDATA[35]]></param>
			<param name="ширина в упаковке см"><![CDATA[20]]></param>
			<param name="количество грузовых мест"><![CDATA[1]]></param>
			<param name="штрихкод"><![CDATA[4820176250438]]></param>
		</offer>
		<offer id="UFTMM1" available="true">
			<url>https://ukrpodarok.com.ua/nastolnoe-kreplenie-dlya-monitora-vesa-kronshtein-75h75-100h100-na-diagonal-22-35-uft-mm1-2-7kg.html</url>
			<price>1599</price>
			<price_old>1640</price_old>
			<currencyId>UAH</currencyId>
			<categoryId>152173</categoryId>
			<picture>https://ukrpodarok.com.ua/images/151121_0.jpg</picture>
			<picture>https://ukrpodarok.com.ua/images/151121_100394.jpg</picture>
			<picture>https://ukrpodarok.com.ua/images/151121_100395.jpg</picture>
			<picture>https://ukrpodarok.com.ua/images/151121_100396.jpg</picture>
			<picture>https://ukrpodarok.com.ua/images/151121_100397.jpg</picture>
			<picture>https://ukrpodarok.com.ua/images/151121_100393.jpg</picture>
			<picture>https://ukrpodarok.com.ua/images/151121_100392.jpg</picture>
			<picture>https://ukrpodarok.com.ua/images/151121_100391.jpg</picture>
			<picture>https://ukrpodarok.com.ua/images/151121_100390.jpg</picture>
			<picture>https://ukrpodarok.com.ua/images/151121_100389.jpg</picture>
			<vendor>UFT</vendor>
			<name>Настольное крепление для монитора VESA кронштейн 75х75 100х100 на диагональ 22&quot;-35&quot; UFT MM1 2-7кг</name>
			<barcode>4820176240743</barcode>
			<stock_quantity>50</stock_quantity>
			<description>
				<![CDATA[<p>Настольное&nbsp;поворотно-наклонное&nbsp;крепление&nbsp;для мониторов с диагональю до&nbsp;35 дюймов&nbsp;MM1 2-7kg</p>  <p>Крепление предназначено&nbsp;для использования&nbsp;как и&nbsp;в офисе,&nbsp;так и в доме.&nbsp;MM1&nbsp;2-7kg позволит максимально удобно&nbsp;оптимизировать рабочее пространство для комфортной и результативной работы.&nbsp;Стильный и современный дизайн с легкостью впишется в любую обстановку&nbsp;-&nbsp; будь то дом или рабочий офис.<br />Детали кронштейна выполнены методом алюминиевого литья, что обеспечивает высокую прочность изделия. Крепление рассчитано для мониторов с размерами диагонали от 13" до 35" и максимальным общим весом до&nbsp;7 кг. Кронштейн MM2&nbsp;2-7kg&nbsp;фиксируется за столешницу при помощи струбцины. Кронштейн устроен таким образом, что мониторы можно свободно поворачивать&nbsp;портретную/альбомную ориентацию на 360&deg;.</p>  <p>Также хотим обратить Ваше внимание на то,&nbsp;что при наиболее удобной фиксации монитора Вы сможете избежать напряжения области шей , плеч и спины.<br />]]>
			</description>
			<param name="Вид"><![CDATA[Настольные крепления]]></param>
			<param name="Регулировка"><![CDATA[Наклонно-поворотные]]></param>
			<param name="Место установки"><![CDATA[Настольные]]></param>
			<param name="Стандарт крепления VESA"><![CDATA[100х100 мм75х75 мм]]></param>
			<param name="Угол наклона"><![CDATA[-50&amp;deg;/+75&amp;deg;]]></param>
			<param name="Угол поворота"><![CDATA[&amp;plusmn;180&amp;deg;]]></param>
			<param name="Регулировка по вертикали"><![CDATA[&amp;plusmn;90 мм]]></param>
			<param name="Высота от стола"><![CDATA[410 мм]]></param>
			<param name="Максимальная нагрузка"><![CDATA[7 кг]]></param>
			<param name="Цвет"><![CDATA[Чёрный]]></param>
			<param name="Материал"><![CDATA[Металл]]></param>
			<param name="Вес"><![CDATA[6 кг]]></param>
			<param name="Размеры"><![CDATA[410 х 120 х 280 мм]]></param>
			<param name="Бренд"><![CDATA[UFT]]></param>
			<param name="Гарантия"><![CDATA[3 месяца]]></param>
			<param name="Наличие"><![CDATA[есть]]></param>
			<param name="вес в упаковке кг"><![CDATA[3]]></param>
			<param name="высота в упаковке см"><![CDATA[41]]></param>
			<param name="глубина в упаковке см"><![CDATA[20]]></param>
			<param name="ширина в упаковке см"><![CDATA[10]]></param>
			<param name="количество грузовых мест"><![CDATA[1]]></param>
			<param name="штрихкод"><![CDATA[4820176240743]]></param>
		</offer>
		<offer id="UFTMM2" available="true">
			<url>https://ukrpodarok.com.ua/nastolnoe-kreplenie-dlya-monitora-s-usb-habom-uft-mm2-2-7-kg-vesa-75x75-mm-100x100-mm.html</url>
			<price>1999</price>
			<price_old>2144</price_old>
			<currencyId>UAH</currencyId>
			<categoryId>152173</categoryId>
			<picture>https://ukrpodarok.com.ua/images/151147_0.jpg</picture>
			<picture>https://ukrpodarok.com.ua/images/151147_100999.jpg</picture>
			<picture>https://ukrpodarok.com.ua/images/151147_101001.jpg</picture>
			<picture>https://ukrpodarok.com.ua/images/151147_100998.jpg</picture>
			<picture>https://ukrpodarok.com.ua/images/151147_100996.jpg</picture>
			<picture>https://ukrpodarok.com.ua/images/151147_100997.jpg</picture>
			<picture>https://ukrpodarok.com.ua/images/151147_101000.jpg</picture>
			<picture>https://ukrpodarok.com.ua/images/151147_101002.jpg</picture>
			<picture>https://ukrpodarok.com.ua/images/151147_101003.jpg</picture>
			<picture>https://ukrpodarok.com.ua/images/151147_101004.jpg</picture>
			<picture>https://ukrpodarok.com.ua/images/151147_101005.jpg</picture>
			<vendor>UFT</vendor>
			<name>Настольное крепление для монитора с USB хабом UFT MM2 2-7 кг VESA 75x75 мм 100x100 мм</name>
			<barcode>4820176240767</barcode>
			<stock_quantity>50</stock_quantity>
			<description>
				<![CDATA[<p>Настольное&nbsp;поворотно-наклонное&nbsp;крепление&nbsp;для мониторов с диагональю до 30 дюймов&nbsp;MM2 with USB 2-7kg</p>  <p>Крепление предназначено&nbsp;для использования&nbsp;как и&nbsp;в офисе,&nbsp;так и в доме.&nbsp;MM2 позволит максимально удобно&nbsp;оптимизировать рабочее пространство для комфортной и результативной работы.&nbsp;Стильный и современный дизайн с легкостью впишется в любую обстановку&nbsp;-&nbsp; будь то дом или рабочий офис.<br />Детали кронштейна выполнены методом алюминиевого литья, что обеспечивает высокую прочность изделия. Крепление рассчитано для мониторов с размерами диагонали от 13" до 27" и максимальным общим весом до&nbsp;7 кг. Кронштейн MM2&nbsp;фиксируется за столешницу при помощи струбцины. Кронштейн устроен таким образом, что мониторы можно свободно поворачивать&nbsp;портретную/альбомную ориентацию на 360&deg;.&nbsp;Наличие&nbsp;USB&nbsp;разъёмов позволит подключить несколько приборов одновременно.<br />VESA:<br />-&nbsp;75x75 мм;<br />-100x100 мм;</p>  <p>Также хотим обратить Ваше внимание на то,&nbsp;что при наиболее удобной фиксации монитора Вы сможете избежать напряжения области шей , плеч и спины.<br />]]>
			</description>
			<param name="Стандарт крепления VESA"><![CDATA[75x75 мм; 100x100 мм;]]></param>
			<param name="Вид"><![CDATA[Настольные крепления]]></param>
			<param name="Место установки"><![CDATA[Настольные]]></param>
			<param name="Регулировка"><![CDATA[Наклонно-поворотные]]></param>
			<param name="Высота от стола"><![CDATA[410 мм]]></param>
			<param name="Максимальная нагрузка"><![CDATA[7 кг]]></param>
			<param name="Угол наклона"><![CDATA[360&amp;deg;]]></param>
			<param name="Цвет"><![CDATA[Чёрный]]></param>
			<param name="Бренд"><![CDATA[UFT]]></param>
			<param name="Страна регистрации бренда"><![CDATA[Украина]]></param>
			<param name="Метариал"><![CDATA[Металл]]></param>
			<param name="USB разъёмов"><![CDATA[2 шт]]></param>
			<param name="Размеры"><![CDATA[410 х 120 х 280 мм]]></param>
			<param name="Гарантия"><![CDATA[3 месяца]]></param>
			<param name="Наличие"><![CDATA[есть]]></param>
			<param name="вес в упаковке кг"><![CDATA[3]]></param>
			<param name="высота в упаковке см"><![CDATA[41]]></param>
			<param name="глубина в упаковке см"><![CDATA[12]]></param>
			<param name="ширина в упаковке см"><![CDATA[28]]></param>
			<param name="количество грузовых мест"><![CDATA[1]]></param>
			<param name="штрихкод"><![CDATA[4820176240767]]></param>
		</offer>
		<offer id="UFTWirelessCharger" available="true">
			<url>https://ukrpodarok.com.ua/nastolnie-led-chasi-s-budilnikom-termometrom-i-besprovodnoi-zaryadkoi-qi-10w-beluck-clock-2.html</url>
			<price>899</price>
			<price_old>1245</price_old>
			<currencyId>UAH</currencyId>
			<categoryId>829</categoryId>
			<picture>https://ukrpodarok.com.ua/images/152432_0.jpg</picture>
			<picture>https://ukrpodarok.com.ua/images/152432_101125.jpg</picture>
			<picture>https://ukrpodarok.com.ua/images/152432_101124.jpg</picture>
			<picture>https://ukrpodarok.com.ua/images/152432_101123.jpg</picture>
			<picture>https://ukrpodarok.com.ua/images/152432_101115.jpg</picture>
			<picture>https://ukrpodarok.com.ua/images/152432_101116.jpg</picture>
			<picture>https://ukrpodarok.com.ua/images/152432_101117.jpg</picture>
			<picture>https://ukrpodarok.com.ua/images/152432_101126.jpg</picture>
			<picture>https://ukrpodarok.com.ua/images/152432_101127.jpg</picture>
			<picture>https://ukrpodarok.com.ua/images/152432_101128.jpg</picture>
			<vendor>UFT</vendor>
			<name>Настольные LED часы с будильником, термометром и беспроводной зарядкой Qi 10W BELUCK clock 2</name>
			<barcode>4820176281173</barcode>
			<stock_quantity>50</stock_quantity>
			<description>
				<![CDATA[Настольные LED часы с беспроводной зарядкой 10W<br />Часы отличаются наличием беспроводной зарядки, которая в наши дни незаменима для современных смартфонов. При этом часы имеют стильный дизайн, поэтому станут настоящим украшением интерьера любой комнаты.<br />Особенности настольнjuj LED часов с беспроводной зарядкой 10W:<br />Часы прекрасно подойдут для рабочего стола, офиса, столика и т.д.<br />Зарядка происходит, когда смартфон просто лежит на часах.<br />Девайс станет отличным решением в качестве подарка на все случаи жизни.<br />Предусмотрена защита от перегрузок, перегрева и over-charging.<br />Часы имеют будильник, термометр, а также показывают дату.<br />Эта модель часов имеет мощную беспроводную зарядку на 10W.<br />Совместима с любыми современными смартфонами, поддерживающими Qi технологию. Интеллектуальная Qi-сертифицированная беспроводная зарядка совместима с iPhone X/8/8 Plus/Xs/Xs Max/XR, Samsung Galaxy S10/S10 Plus/S9/S9 Plus/S8/S8plus/S7/S7 Edge/S6 Edge Plus/Note series и других мобильных телефонов с поддержкой Qi.<br />Полностью исключены риски излучения и перегрева, связанные с беспроводной зарядкой. Устройство имеет защиту от перегрева, перегрузок по току и over-charging. 100% безопасный опыт подзарядки.<br />Девайс отличается оригинальным внешним видом, имеет закругленные края.<br /><br />Примечания к использованию:<br />чтобы активировать/выключить энергосберегающий режим необходимо нажать кнопку вниз,<br />если на экране отображается ONSD - энергосберегающий режим включен,<br />Нажмите еще раз Вниз, пока не высветится __SD - энергосберегающий режим выключен.ю<br /><br />Размер:<br />160х75х40мм]]>
			</description>
			<param name="Источник питания"><![CDATA[От сети]]></param>
			<param name="Тип механизма"><![CDATA[Электронные]]></param>
			<param name="Производитель"><![CDATA[UFT]]></param>
			<param name="Вид индикации"><![CDATA[Электронная]]></param>
			<param name="Индикация"><![CDATA[ВремяДатакомнатная температура]]></param>
			<param name="Назначение"><![CDATA[в офисВ спальнюВ детскую]]></param>
			<param name="Формат времени"><![CDATA[12/24 ч]]></param>
			<param name="Гарантия"><![CDATA[14 дней]]></param>
			<param name="Материал корпуса"><![CDATA[Пластик]]></param>
			<param name="Наличие"><![CDATA[есть]]></param>
			<param name="вес в упаковке кг"><![CDATA[0.7]]></param>
			<param name="высота в упаковке см"><![CDATA[20]]></param>
			<param name="глубина в упаковке см"><![CDATA[6]]></param>
			<param name="ширина в упаковке см"><![CDATA[9]]></param>
			<param name="количество грузовых мест"><![CDATA[1]]></param>
			<param name="штрихкод"><![CDATA[4820176281173]]></param>
		</offer>
		<offer id="CGbeclock1" available="true">
			<url>https://ukrpodarok.com.ua/nastolnie-zerkalnie-chasi-s-termometrom-uft-beluck-mirror-clock-1.html</url>
			<price>722</price>
			<price_old>766</price_old>
			<price_promo>468</price_promo>
			<currencyId>UAH</currencyId>
			<categoryId>829</categoryId>
			<picture>https://ukrpodarok.com.ua/images/152309_0.jpg</picture>
			<picture>https://ukrpodarok.com.ua/images/152309_100266.jpg</picture>
			<picture>https://ukrpodarok.com.ua/images/152309_100267.jpg</picture>
			<vendor>UFT</vendor>
			<name>Настольные зеркальные часы с термометром UFT Beluck Mirror Clock 1</name>
			<barcode>8000000031358</barcode>
			<stock_quantity>50</stock_quantity>
			<description>
				<![CDATA[<strong>UFT&nbsp;Beluck Mirror Clock 1</strong>&nbsp;- это настольные светодиодные LEd часы с подсветкой, будильником и термометром.<br />Светодиодные часы выполнены с интересным зеркальным решением дисплея. Цифры светятся белым светом и имеют регулировку яркости.<br />Для активации ночного/дневного режима яркости нажмите&nbsp;<strong>UP</strong>.<strong><br /></strong><br />В электронных часах встроенный будильник и термометр помещения.<br />Настольные лед часы питаются от USB кабеля (блок в комплектацию не входит) или от трёх батареек ААА (в комплектацию не входят).<br />Постоянная подсветка времени и температуры- при подкллючении через кабель, при работе только от батареек - часы переходят в "Режим сна",&nbsp;но сохраняется память на время.<br /><br />Для настройки времени зажмите на несколько секунд&nbsp;<strong>MODE</strong>, клавишами<strong>&nbsp;UP/DOWN&nbsp;</strong>выставьте часы, повторное нажатие&nbsp;<strong>MODE</strong>&nbsp;переключит на минуты, далее выберите формат времени 12/24.<br />Так же настраивается будильник, зажмите кнопку&nbsp;<strong>ALARM</strong>.]]>
			</description>
			<param name="Тип циферблата"><![CDATA[Цифровой(электронный)]]></param>
			<param name="Индикация"><![CDATA[Время;Дата;Комнатная температура;]]></param>
			<param name="Тип механизма"><![CDATA[Электронный]]></param>
			<param name="Вид индикации"><![CDATA[Электронная]]></param>
			<param name="Дисплей"><![CDATA[Зеркальный LED дисплей]]></param>
			<param name="Режимов подсветки"><![CDATA[2]]></param>
			<param name="Материал корпуса"><![CDATA[Пластик]]></param>
			<param name="Источник питания"><![CDATA[USBБатарейки]]></param>
			<param name="Размер"><![CDATA[140 х 34 х 55 мм]]></param>
			<param name="Размер купаковки"><![CDATA[145 х 40 х 76 мм]]></param>
			<param name="Цвет корпуса"><![CDATA[Белый]]></param>
			<param name="Бренд"><![CDATA[UFT]]></param>
			<param name="Страна регистрации бренда"><![CDATA[Украина]]></param>
			<param name="Гарантия"><![CDATA[14 дней]]></param>
			<param name="Наличие"><![CDATA[есть]]></param>
			<param name="вес в упаковке кг"><![CDATA[0.27]]></param>
			<param name="высота в упаковке см"><![CDATA[14]]></param>
			<param name="глубина в упаковке см"><![CDATA[3.4]]></param>
			<param name="ширина в упаковке см"><![CDATA[5.5]]></param>
			<param name="количество грузовых мест"><![CDATA[1]]></param>
			<param name="штрихкод"><![CDATA[8000000031358]]></param>
		</offer>
		<offer id="Moonlamp" available="false">
			<url>https://ukrpodarok.com.ua/nastolnii-svetilnik-magic-3d-moon-light-touch-control-15-sm-cg-moonlamp.html</url>
			<price>598</price>
			<price_old>799</price_old>
			<currencyId>UAH</currencyId>
			<categoryId>830</categoryId>
			<picture>https://ukrpodarok.com.ua/images/52442_0.jpg</picture>
			<picture>https://ukrpodarok.com.ua/images/52442_26737.jpg</picture>
			<picture>https://ukrpodarok.com.ua/images/52442_69237.jpg</picture>
			<picture>https://ukrpodarok.com.ua/images/52442_26735.jpg</picture>
			<picture>https://ukrpodarok.com.ua/images/52442_26736.jpg</picture>
			<vendor>CG</vendor>
			<name>Настольный светильник Magic 3D Moon Light Touch Control 15 см CG Moonlamp</name>
			<barcode></barcode>
			<stock_quantity>0</stock_quantity>
			<description>
				<![CDATA[    <p>Лампа изготовлена с помощью инновационной технологии 3D-печати. Текстура корпуса имитирует реальный внешний вид кратеров на поверхности Луны и смотрится очень красиво. Луна освещает все пространство вокруг себя, 360 градусов, что очень удобно, особенно в детских комнатах, при использовании лампы в качестве ночника.Подставка позволяет разместить лампу на любой поверхности. Лампа не нагревается, ее можно класть в кровать, носить в руках, или оставить на мебели.</p>      <br /><br />]]>
			</description>
			<param name="Тип"><![CDATA[3D - светильники]]></param>
			<param name="Питание"><![CDATA[От аккумулятора]]></param>
			<param name="Материал корпуса"><![CDATA[Пластик]]></param>
			<param name="Тип источника света"><![CDATA[Светодиодные (LED)]]></param>
			<param name="Мощность"><![CDATA[1 Вт]]></param>
			<param name="Размеры"><![CDATA[диаметр: 15 см]]></param>
			<param name="Выключатель"><![CDATA[На корпусе]]></param>
			<param name="Гарантия"><![CDATA[6 месяцев]]></param>
			<param name="Наличие"><![CDATA[нет]]></param>
		</offer>
		<offer id="UFTautumn" available="false">
			<url>https://ukrpodarok.com.ua/nastolnii-svetilnik-uft-coffee-lamp-autumn.html</url>
			<price>199</price>
			<price_old>345</price_old>
			<currencyId>UAH</currencyId>
			<categoryId>1521</categoryId>
			<picture>https://ukrpodarok.com.ua/images/152312_0.jpg</picture>
			<picture>https://ukrpodarok.com.ua/images/152312_100288.jpg</picture>
			<picture>https://ukrpodarok.com.ua/images/152312_100289.jpg</picture>
			<picture>https://ukrpodarok.com.ua/images/152312_100286.jpg</picture>
			<picture>https://ukrpodarok.com.ua/images/152312_100287.jpg</picture>
			<vendor>UFT</vendor>
			<name>Настольный светильник UFT Coffee Lamp Autumn</name>
			<barcode>4820176244635</barcode>
			<stock_quantity>0</stock_quantity>
			<description>
				<![CDATA[<p>Настольный светильник CoffeeLamp Autumn &ndash; это оригинальный светильник для любителей стильных дизайнерских вещичек.</p>  <p>CoffeeLamp создает волшебную иллюзию выливающегося кофе в чашечку. Оригинальный дизайн настольного&nbsp;светильника CoffeeLamp создаст необыкновенную атмосферу в Вашем доме и удивит Ваших близких. Настольный светильник CoffeeLamp станет неповторимой и очень оригинальной деталью в интерьере Вашего дома, а также удивительным подарком для Ваших родных и близких.<br /></p>    Высота:&nbsp;30 см  Материал:&nbsp;пластик  Вес:&nbsp;250г  Питание:&nbsp;3 батарейки типа &laquo;AAA&raquo; (не входят в комплект), либо&nbsp;питание от USB(шнур входит в комплект)  Источник света: 7 светодиодных ламп (два режима освещения: однотонный, цветной)  Размер коробки: 31*11,5*10      <br />  <p></p>]]>
			</description>
			<param name="Тип"><![CDATA[Декоративные]]></param>
			<param name="Цвет основы"><![CDATA[Цветной]]></param>
			<param name="Цвет плафона"><![CDATA[Красный]]></param>
			<param name="Особенности"><![CDATA[С USB выходом]]></param>
			<param name="Высота"><![CDATA[300]]></param>
			<param name="Странапрозводитель товара"><![CDATA[Китай]]></param>
			<param name="Бренд"><![CDATA[UFT]]></param>
			<param name="Страна регистрации бренда"><![CDATA[Украина]]></param>
			<param name="Гарантия"><![CDATA[14 дней]]></param>
			<param name="Наличие"><![CDATA[нет]]></param>
			<param name="вес в упаковке кг"><![CDATA[0.3]]></param>
			<param name="высота в упаковке см"><![CDATA[33]]></param>
			<param name="глубина в упаковке см"><![CDATA[12]]></param>
			<param name="ширина в упаковке см"><![CDATA[11]]></param>
			<param name="количество грузовых мест"><![CDATA[1]]></param>
			<param name="штрихкод"><![CDATA[4820176244635]]></param>
		</offer>
		<offer id="CGBL108Blue" available="true">
			<url>https://ukrpodarok.com.ua/naushniki-provodnie-s-led-podsvetkoi-s-koshachimi-ushkami-uft-bl108-blue.html</url>
			<price>844</price>
			<price_old>1245</price_old>
			<currencyId>UAH</currencyId>
			<categoryId>51055</categoryId>
			<picture>https://ukrpodarok.com.ua/images/151272_0.jpg</picture>
			<picture>https://ukrpodarok.com.ua/images/151272_100924.jpg</picture>
			<picture>https://ukrpodarok.com.ua/images/151272_100925.jpg</picture>
			<picture>https://ukrpodarok.com.ua/images/151272_100926.jpg</picture>
			<picture>https://ukrpodarok.com.ua/images/151272_100927.jpg</picture>
			<vendor>UFT</vendor>
			<name>Наушники проводные с LED подсветкой с кошачьими ушками UFT BL108 Blue</name>
			<barcode>4820176257024</barcode>
			<stock_quantity>100</stock_quantity>
			<description>
				<![CDATA[<p>Наушники UFT BL108 отличаются от большинства других моделей аудио гарнитуры маленькими кошачьими ушками, которые очень популярны в Японии.<br /><br />Благодаря широкому частотному диапазону на 20-20000 Гц, наушники с ушками обеспечивают высокое качество проигрываемого звука любых тональностей, в независимости от музыкального жанра.&nbsp;<br />Оборудованы неоновой подсветкой на &laquo;кошачьих ушках&raquo;.&nbsp;<br />Есть возможность регулировки&nbsp;высоты наушников. Подойдут и детям и подросткам.<br />Мягкая полиуретановая подушка накладных наушников, способствует лучшей звукоизоляции и комфортному ношению.</p>]]>
			</description>
			<param name="Тип крепления"><![CDATA[С оголовьем]]></param>
			<param name="Тип подключения"><![CDATA[Проводные]]></param>
			<param name="Интерфейс подключения"><![CDATA[3.5 мм (mini-Jack)]]></param>
			<param name="Цвет"><![CDATA[Синий]]></param>
			<param name="Длина шнура, м"><![CDATA[1.5]]></param>
			<param name="Тип кабеля"><![CDATA[Круглый]]></param>
			<param name="Чашки"><![CDATA[Круглые]]></param>
			<param name="Форма штекера"><![CDATA[Прямой]]></param>
			<param name="Кабель"><![CDATA[Односторонний]]></param>
			<param name="Импеданс, Ом"><![CDATA[32]]></param>
			<param name="Материал амбушюр"><![CDATA[Кожзам]]></param>
			<param name="Тип излучателя"><![CDATA[Динамический]]></param>
			<param name="Диапазон частот наушников"><![CDATA[20-20000 Гц]]></param>
			<param name="Бренд"><![CDATA[UFT]]></param>
			<param name="Вес"><![CDATA[210 г]]></param>
			<param name="Размеры"><![CDATA[19 х 19 х 7.4 см]]></param>
			<param name="Гарантия"><![CDATA[14 дней]]></param>
			<param name="Наличие"><![CDATA[есть]]></param>
			<param name="вес в упаковке кг"><![CDATA[0.27]]></param>
			<param name="высота в упаковке см"><![CDATA[20]]></param>
			<param name="глубина в упаковке см"><![CDATA[20]]></param>
			<param name="ширина в упаковке см"><![CDATA[8]]></param>
			<param name="количество грузовых мест"><![CDATA[1]]></param>
			<param name="штрихкод"><![CDATA[4820176257024]]></param>
		</offer>
		<offer id="CGBL108Yellow" available="true">
			<url>https://ukrpodarok.com.ua/naushniki-provodnie-s-led-podsvetkoi-s-koshachimi-ushkami-uft-bl108-yellow.html</url>
			<price>877</price>
			<price_old>1299</price_old>
			<price_promo>788</price_promo>
			<currencyId>UAH</currencyId>
			<categoryId>51055</categoryId>
			<picture>https://ukrpodarok.com.ua/images/151274_0.jpg</picture>
			<picture>https://ukrpodarok.com.ua/images/151274_100948.jpg</picture>
			<picture>https://ukrpodarok.com.ua/images/151274_100947.jpg</picture>
			<picture>https://ukrpodarok.com.ua/images/151274_100946.jpg</picture>
			<vendor>UFT</vendor>
			<name>Наушники проводные с LED подсветкой с кошачьими ушками UFT BL108 Yellow</name>
			<barcode>4820176256904</barcode>
			<stock_quantity>50</stock_quantity>
			<description>
				<![CDATA[<p>Наушники&nbsp;UFT BL108 отличаются от большинства других моделей аудио гарнитуры маленькими кошачьими ушками, которые очень популярны в Японии.<br /><br />Благодаря широкому частотному диапазону на 20-2000 КГц, наушники с ушками обеспечивают высокое качество проигрываемого звука любых тональностей, в независимости от музыкального жанра.&nbsp;<br />Оборудованы&nbsp;неоновой подсветкой на &laquo;кошачьих ушках&raquo;.&nbsp;<br />Есть возможность регулировки&nbsp;высоты наушников. Подойдут и детям и подросткам.<br />Мягкая полиуретановая подушка накладных наушников, способствует лучшей звукоизоляции и комфортному ношению.</p>]]>
			</description>
			<param name="Тип крепления"><![CDATA[С оголовьем]]></param>
			<param name="Тип подключения"><![CDATA[Проводные]]></param>
			<param name="Интерфейс подключения"><![CDATA[3.5 мм (mini-Jack)]]></param>
			<param name="Цвет"><![CDATA[Желтый]]></param>
			<param name="Длина шнура, м"><![CDATA[1.5]]></param>
			<param name="Тип кабеля"><![CDATA[Круглый]]></param>
			<param name="Чашки"><![CDATA[Круглые]]></param>
			<param name="Форма штекера"><![CDATA[Прямой]]></param>
			<param name="Кабель"><![CDATA[Односторонний]]></param>
			<param name="Импеданс, Ом"><![CDATA[32]]></param>
			<param name="Материал амбушюр"><![CDATA[Кожзам]]></param>
			<param name="Тип излучателя"><![CDATA[Динамический]]></param>
			<param name="Диапазон частот наушников"><![CDATA[20-20000 Гц]]></param>
			<param name="Вес"><![CDATA[210 г]]></param>
			<param name="Бренд"><![CDATA[UFT]]></param>
			<param name="Размеры"><![CDATA[19 х 19 х 7.4 см]]></param>
			<param name="Гарантия"><![CDATA[14 дней]]></param>
			<param name="Наличие"><![CDATA[есть]]></param>
			<param name="вес в упаковке кг"><![CDATA[0.3]]></param>
			<param name="высота в упаковке см"><![CDATA[20]]></param>
			<param name="глубина в упаковке см"><![CDATA[20]]></param>
			<param name="ширина в упаковке см"><![CDATA[8]]></param>
			<param name="количество грузовых мест"><![CDATA[1]]></param>
			<param name="штрихкод"><![CDATA[4820176256904]]></param>
		</offer>
		<offer id="CGUB106" available="true">
			<url>https://ukrpodarok.com.ua/naushniki-s-bluetooth-podklyucheniem-so-svetyaschimisya-ushkami-i-rogom-uft-ub106.html</url>
			<price>1199</price>
			<price_old>1245</price_old>
			<currencyId>UAH</currencyId>
			<categoryId>51055</categoryId>
			<picture>https://ukrpodarok.com.ua/images/150883_0.jpg</picture>
			<picture>https://ukrpodarok.com.ua/images/150883_100302.jpg</picture>
			<picture>https://ukrpodarok.com.ua/images/150883_100303.jpg</picture>
			<picture>https://ukrpodarok.com.ua/images/150883_100304.jpg</picture>
			<vendor>UFT</vendor>
			<name>Наушники с Bluetooth подключением со светящимися ушками и рогом UFT UB106</name>
			<barcode>4820176256218</barcode>
			<stock_quantity>15</stock_quantity>
			<description>
				<![CDATA[<p>Необычные наушники для детей и подростков. Мода на них пошла из Японии и уже покорила весь мир.<br />Подсветка вмонтирована в ушки и рог.&nbsp;Подсветка заряжается от USB за два часа. Подключение -Bluetooth. Складная конструкция позволяет удобно располагать наушники на шее, в сумке, рюкзаке.&nbsp;<br /></p>  <p>]]>
			</description>
			<param name="Тип наушников"><![CDATA[Накладные]]></param>
			<param name="Тип подключения"><![CDATA[Беспроводные]]></param>
			<param name="Интерфейс подключения"><![CDATA[Bluetooth]]></param>
			<param name="Цвет"><![CDATA[Розовый]]></param>
			<param name="Тип излучателя"><![CDATA[Динамический]]></param>
			<param name="Диапазон частот наушников"><![CDATA[20-20000 Гц]]></param>
			<param name="Микрофон"><![CDATA[Встроенный]]></param>
			<param name="Тип микрофона"><![CDATA[Динамический]]></param>
			<param name="Конструкция микрофона"><![CDATA[Встроенный в корпус наушников]]></param>
			<param name="Направленность микрофона"><![CDATA[Всенаправленный]]></param>
			<param name="Вес"><![CDATA[210 г]]></param>
			<param name="Тип кабеля"><![CDATA[Круглый]]></param>
			<param name="Гарантия"><![CDATA[1 месяц]]></param>
			<param name="Наличие"><![CDATA[есть]]></param>
			<param name="вес в упаковке кг"><![CDATA[0.25]]></param>
			<param name="высота в упаковке см"><![CDATA[20]]></param>
			<param name="глубина в упаковке см"><![CDATA[6]]></param>
			<param name="ширина в упаковке см"><![CDATA[20]]></param>
			<param name="количество грузовых мест"><![CDATA[1]]></param>
			<param name="штрихкод"><![CDATA[4820176256218]]></param>
		</offer>
		<offer id="UFTmask1Pink" available="false">
			<url>https://ukrpodarok.com.ua/neonovaya-maska-dlya-vecherinok-s-podsvetkoi-led-mask-1-pink.html</url>
			<price>215</price>
			<price_old>272</price_old>
			<currencyId>UAH</currencyId>
			<categoryId>50691</categoryId>
			<picture>https://ukrpodarok.com.ua/images/152008_0.jpg</picture>
			<picture>https://ukrpodarok.com.ua/images/152008_100219.jpg</picture>
			<vendor>CG</vendor>
			<name>Неоновая Маска для вечеринок с подсветкой LED Mask 1 Pink</name>
			<barcode>4820176252272</barcode>
			<stock_quantity>0</stock_quantity>
			<description>
				<![CDATA[<p>LED Mask 1 - это нeонoвая маcка из фильма &laquo;Суднaя нoчь&raquo; для наcтoящиx экcтpeмалов. <br />Необычный aкceсcуaр, c кoторым вы окажетесь в цeнтре внимания на любой вечеринке или в ночном клубе.</p>  <p>На белую пластиковую маску нанесены силиконовые трубки имитируя швы, по которым передается свет от светодиодов.</p>]]>
			</description>
			<param name="Тип"><![CDATA[Маски]]></param>
			<param name="Тематика"><![CDATA[Хэллоуин]]></param>
			<param name="Подсветка"><![CDATA[LED]]></param>
			<param name="Питание"><![CDATA[Батарейка АА]]></param>
			<param name="Цвет маски"><![CDATA[Белый]]></param>
			<param name="Цвет подсветки"><![CDATA[Розовый]]></param>
			<param name="Гарантия"><![CDATA[6 месяцев]]></param>
			<param name="Наличие"><![CDATA[нет]]></param>
			<param name="штрихкод"><![CDATA[4820176252272]]></param>
		</offer>
		<offer id="UFTmask1White" available="false">
			<url>https://ukrpodarok.com.ua/neonovaya-maska-dlya-vecherinok-s-podsvetkoi-led-mask-1-white.html</url>
			<price>215</price>
			<price_old>272</price_old>
			<currencyId>UAH</currencyId>
			<categoryId>50691</categoryId>
			<picture>https://ukrpodarok.com.ua/images/152010_0.jpg</picture>
			<picture>https://ukrpodarok.com.ua/images/52691_0.jpg</picture>
			<picture>https://ukrpodarok.com.ua/images/152010_99774.jpg</picture>
			<vendor>CG</vendor>
			<name>Неоновая Маска для вечеринок с подсветкой LED Mask 1 White</name>
			<barcode></barcode>
			<stock_quantity>0</stock_quantity>
			<description>
				<![CDATA[<p>LED Mask 1 - это нeонoвая маcка из фильма &laquo;Суднaя нoчь&raquo; для наcтoящиx экcтpeмалов.&nbsp;<br />Необычный aкceсcуaр, c кoторым вы окажетесь в цeнтре внимания на любой вечеринке или в ночном клубе.</p>  <p>На белую пластиковую маску нанесены силиконовые трубки имитируя швы, по которым передается свет от светодиодов.</p>]]>
			</description>
			<param name="Тип"><![CDATA[Маски]]></param>
			<param name="Тематика"><![CDATA[Хэллоуин]]></param>
			<param name="Подсветка"><![CDATA[LED]]></param>
			<param name="Питание"><![CDATA[Батарейка АА]]></param>
			<param name="Цвет маски"><![CDATA[Белый]]></param>
			<param name="Цвет подсветки"><![CDATA[Белый]]></param>
			<param name="Гарантия"><![CDATA[6 месяцев]]></param>
			<param name="Наличие"><![CDATA[нет]]></param>
		</offer>
		<offer id="UFTmask1Blue" available="false">
			<url>https://ukrpodarok.com.ua/neonovaya-maska-dlya-vecherinok-s-podsvetkoi-uft-led-mask-1-blue.html</url>
			<price>182</price>
			<price_old>299</price_old>
			<currencyId>UAH</currencyId>
			<categoryId>50691</categoryId>
			<picture>https://ukrpodarok.com.ua/images/52687_0.jpg</picture>
			<picture>https://ukrpodarok.com.ua/images/152006_99773.jpg</picture>
			<picture>https://ukrpodarok.com.ua/images/152006_99772.jpg</picture>
			<picture>https://ukrpodarok.com.ua/images/152006_99771.jpg</picture>
			<vendor>UFT</vendor>
			<name>Неоновая Маска для вечеринок с подсветкой UFT LED Mask 1 Blue</name>
			<barcode>8000000001825</barcode>
			<stock_quantity>0</stock_quantity>
			<description>
				<![CDATA[<p>UFT LED Mask 1 - это нeонoвая маcка &laquo;Суднaя нoчь&raquo; для наcтoящиx экcтpeмалов. Необычный aкceсcуaр, c кoторым вы окажетесь в цeнтре внимания на любой вечеринке или в ночном клубе.</p>  <p>На белую пластиковую маску нанесены силиконовые трубки имитируя швы, по которым передается свет от светодиодов.</p>]]>
			</description>
			<param name="Тип"><![CDATA[Маски]]></param>
			<param name="Тематика"><![CDATA[Хэллоуин]]></param>
			<param name="Подсветка"><![CDATA[LED]]></param>
			<param name="Питание"><![CDATA[Батарейка АА]]></param>
			<param name="Цвет маски"><![CDATA[Белый]]></param>
			<param name="Цвет подсветки"><![CDATA[Синий]]></param>
			<param name="Бренд"><![CDATA[UFT]]></param>
			<param name="Гарантия"><![CDATA[14 дней]]></param>
			<param name="Наличие"><![CDATA[нет]]></param>
			<param name="вес в упаковке кг"><![CDATA[0.23]]></param>
			<param name="высота в упаковке см"><![CDATA[18]]></param>
			<param name="глубина в упаковке см"><![CDATA[5]]></param>
			<param name="ширина в упаковке см"><![CDATA[15]]></param>
			<param name="количество грузовых мест"><![CDATA[1]]></param>
			<param name="штрихкод"><![CDATA[8000000001825]]></param>
		</offer>
		<offer id="UFTmask1Green" available="false">
			<url>https://ukrpodarok.com.ua/neonovaya-maska-dlya-vecherinok-s-podsvetkoi-uft-led-mask-1-green.html</url>
			<price>225</price>
			<price_old>266</price_old>
			<price_promo>171</price_promo>
			<currencyId>UAH</currencyId>
			<categoryId>50691</categoryId>
			<picture>https://ukrpodarok.com.ua/images/152007_0.jpg</picture>
			<picture>https://ukrpodarok.com.ua/images/152007_99665.jpg</picture>
			<picture>https://ukrpodarok.com.ua/images/152007_99666.jpg</picture>
			<vendor>UFT</vendor>
			<name>Неоновая Маска для вечеринок с подсветкой UFT LED Mask 1 Green</name>
			<barcode>4820176252302</barcode>
			<stock_quantity>0</stock_quantity>
			<description>
				<![CDATA[<p>LED Mask 1 - это нeонoвая маcка &laquo;Суднaя нoчь&raquo; для наcтoящиx экcтpeмалов. Необычный aкceсcуaр, c кoторым вы окажетесь в цeнтре внимания на любой вечеринке или в ночном клубе.</p>  <p>На белую пластиковую маску нанесены силиконовые трубки имитируя швы, по которым передается свет от светодиодов. </p>  <p>&nbsp;</p>  <p>&nbsp;</p>]]>
			</description>
			<param name="Гарантия"><![CDATA[14 дней]]></param>
			<param name="Тип"><![CDATA[Маски]]></param>
			<param name="Тематика"><![CDATA[Хэллоуин]]></param>
			<param name="Подсветка"><![CDATA[LED]]></param>
			<param name="Питание"><![CDATA[Батарейка АА]]></param>
			<param name="Цвет маски"><![CDATA[Белый]]></param>
			<param name="Цвет"><![CDATA[Зеленый]]></param>
			<param name="Бренд"><![CDATA[UFT]]></param>
			<param name="Наличие"><![CDATA[нет]]></param>
			<param name="вес в упаковке кг"><![CDATA[0.3]]></param>
			<param name="высота в упаковке см"><![CDATA[18]]></param>
			<param name="глубина в упаковке см"><![CDATA[5]]></param>
			<param name="ширина в упаковке см"><![CDATA[15]]></param>
			<param name="количество грузовых мест"><![CDATA[1]]></param>
			<param name="штрихкод"><![CDATA[4820176252302]]></param>
		</offer>
		<offer id="UFTWS1" available="false">
			<url>https://ukrpodarok.com.ua/nozh-dlya-arbuza-cg-ws1-watermelon-slicer.html</url>
			<price>85</price>
			<price_old>149</price_old>
			<currencyId>UAH</currencyId>
			<categoryId>50911</categoryId>
			<picture>https://ukrpodarok.com.ua/images/1413_0.jpg</picture>
			<vendor>CG</vendor>
			<name>Нож для арбуза CG WS1 Watermelon Slicer</name>
			<barcode></barcode>
			<stock_quantity>0</stock_quantity>
			<description>
				<![CDATA[<p>Уникальная конструкция &nbsp;Watermelon Slicer&nbsp;сочетает в себе функциональный нож и удобные щипцы, которые нарезают арбуз на ровные геометрические фигуры.</p>  <p>Нож для арбуза&nbsp; WS1 удобен не только для разрезания корки различной толщины, но и для аккуратного изъятия мякоти в виде идеальных порционных кусков.</p>  <p>Легкий вес и компактный размер не займут много места на кухне, а удобная ручка легко разместится в ладони и не выскользнет из нее.</p>  <p> Нож для арбуза WS1 Watermelon Slicer выполнен из нержавеющей стали, что защищает прибор от коррозии и деформации при постоянном контакте с водой. Использовать нож можно и для дыни разных сортов.</p>  <p>Использовать оригинальный нож очень просто: вымытый арбуз/дыню следует располовинить обычным ножом, желательно вдоль. Используйте нож для арбуза той стороной, на которой есть специальная поперечная планка, именно она мягко разрежет мякоть и отделит ее от корки. После нарезания переверните нож и используйте его в роли щипцов, для вынимания размещения идеальных кусочков сочной мякоти по тарелкам. После использования ополосните инструмент под проточной водой или загрузите в посудомоечную машинку.<br /><br /> Специальная конструкция ножа для нарезки арбуза дольками позволяет нарезать одинаково ровные кусочки мякоти, максимально близко к корке. А так же нож для арбуза можно использовать как щипцы для вынимания кусочков.&nbsp;</p>  <p><br /></p>]]>
			</description>
			<param name="Назначение"><![CDATA[Для овощей / фруктов]]></param>
			<param name="Длина лезвия"><![CDATA[240 мм]]></param>
			<param name="Материал лезвия"><![CDATA[Нержавеющая сталь]]></param>
			<param name="Материал рукояти"><![CDATA[Нержавеющая сталь]]></param>
			<param name="Тип"><![CDATA[Кухонные]]></param>
			<param name="Ширина лезвия"><![CDATA[30 мм]]></param>
			<param name="Тип крепления рукояти"><![CDATA[Цельное литье]]></param>
			<param name="Цвет рукояти"><![CDATA[Серебристый]]></param>
			<param name="Цвет лезвия"><![CDATA[Серебристый]]></param>
			<param name="Гарантия"><![CDATA[6 месяцев]]></param>
			<param name="Наличие"><![CDATA[нет]]></param>
		</offer>
		<offer id="H0022" available="true">
			<url>https://ukrpodarok.com.ua/nochnik-muzikalnaya-kolonka-bluetooth-s-funktsiei-paverbank-uft-emoi-h0022-flower-speaker.html</url>
			<price>944</price>
			<price_old>1199</price_old>
			<currencyId>UAH</currencyId>
			<categoryId>830</categoryId>
			<picture>https://ukrpodarok.com.ua/images/151202_0.jpg</picture>
			<picture>https://ukrpodarok.com.ua/images/151202_99689.jpg</picture>
			<picture>https://ukrpodarok.com.ua/images/151202_99539.jpg</picture>
			<picture>https://ukrpodarok.com.ua/images/151202_99540.jpg</picture>
			<picture>https://ukrpodarok.com.ua/images/151202_99541.jpg</picture>
			<picture>https://ukrpodarok.com.ua/images/151202_99542.jpg</picture>
			<picture>https://ukrpodarok.com.ua/images/151202_99543.jpg</picture>
			<picture>https://ukrpodarok.com.ua/images/151202_100619.jpg</picture>
			<picture>https://ukrpodarok.com.ua/images/151202_100620.jpg</picture>
			<vendor>UFT</vendor>
			<name>Ночник  музыкальная колонка Bluetooth с функцией Павербанк UFT Emoi H0022 Flower Speaker</name>
			<barcode>8000000004642</barcode>
			<stock_quantity>5</stock_quantity>
			<description>
				<![CDATA[<p>Этот гармоничный прибор с приглушенным светом создает комфортную атмосферу. Цветовая температура света варьируется в пределе 2800-3000К, более низкая цветовая температура имитирует свет при рассвете и закате солнца, даря теплоту, чувство комфорта и расслабления.</p>  <p>В смарт-лампах используются светодиоды с низкими цветовыми температурами, которые служат дольше и потребляют меньше энергии.</p>  <p>Дополнительная, сверх полезная функция powerbank (павер банк).&nbsp;Подсоединитесь к разъему на верхней части Вашего изделия через USB кабель и заряжайте свой мобильный телефон или другие устройства.</p>  <p>Цветочный стебель, на котором находится лампа может сгибаться, что позволяет Вам без особого труда менять угол падения света.&nbsp;Деталь-стебель отсоединяется от устройства, Вы можете подключить ее к музыкальной колонке через USB, когда Вам этого захочется.&nbsp;USB лампа и музыкальная колонка могут быть использованы независимо друг от друга. USB деталь также может быть подключена к зарядному устройству или адаптеру переменного тока.&nbsp;</p>  <p>С помощью умного приложения emoi можно включать и выключать музыку и свет; регулировать уровень освещенности; установить время воспроизведения музыки и света;&nbsp;</p>  <p>Bluetooth 4.0 обеспечивает более высокую скорость передачи, более низкое потребление энергии и мгновенное подключение к смартфону, планшету или другому Bluetooth устройству по беспроводной сети на расстоянии до 10 метров. Система также запоминает последние шесть подключенных устройств, что делает повторное подключение очень легким.</p>  <p><br /></p>  <p><strong>&nbsp;</strong></p>  <br /><br /><br />  <p></p>]]>
			</description>
			<param name="Вход"><![CDATA[DC 5V 1000mA]]></param>
			<param name="Установка"><![CDATA[Портативные]]></param>
			<param name="Страна регистрации бренда"><![CDATA[Украина]]></param>
			<param name="Тип"><![CDATA[3D-светильник]]></param>
			<param name="Тип используемой лампы"><![CDATA[Светодиодные (LED)]]></param>
			<param name="Питание"><![CDATA[От аккумулятора]]></param>
			<param name="Беспроводной стандарт"><![CDATA[Bluetooth]]></param>
			<param name="Тип установки"><![CDATA[Настольные;]]></param>
			<param name="Управление"><![CDATA[Приложение на IOS;Приложение на Android;]]></param>
			<param name="Пол ребенка"><![CDATA[Девочка;Мальчик;]]></param>
			<param name="Материал корпуса"><![CDATA[Пластик]]></param>
			<param name="Новый  бу"><![CDATA[Новый]]></param>
			<param name="Мощность светодиода"><![CDATA[0,6 Вт]]></param>
			<param name="Батарея"><![CDATA[3,7 В / 1750 mAh]]></param>
			<param name="Размер динамика"><![CDATA[50 мм]]></param>
			<param name="Мощность динамика"><![CDATA[3 Вт]]></param>
			<param name="Искажение"><![CDATA[&lt;0,5%]]></param>
			<param name="Диапазон частот"><![CDATA[70 Гц - 18 кГц]]></param>
			<param name="SNR"><![CDATA[&gt; 60 дБ]]></param>
			<param name="Bluetooth"><![CDATA[4.0]]></param>
			<param name="Вес"><![CDATA[206 г]]></param>
			<param name="Материалы"><![CDATA[ABS + ПК]]></param>
			<param name="Время зарядки"><![CDATA[2-3 часа]]></param>
			<param name="Упаковка"><![CDATA[Подарочная коробка 262.5x108x92mm, 0.5kg]]></param>
			<param name="Бренд"><![CDATA[UFT]]></param>
			<param name="Гарантия"><![CDATA[6 месяцев]]></param>
			<param name="Наличие"><![CDATA[есть]]></param>
			<param name="вес в упаковке кг"><![CDATA[0.3]]></param>
			<param name="высота в упаковке см"><![CDATA[27]]></param>
			<param name="глубина в упаковке см"><![CDATA[12]]></param>
			<param name="ширина в упаковке см"><![CDATA[10]]></param>
			<param name="количество грузовых мест"><![CDATA[1]]></param>
			<param name="штрихкод"><![CDATA[8000000004642]]></param>
		</offer>
		<offer id="3Dmoon11" available="true">
			<url>https://ukrpodarok.com.ua/nochnik-3d-luna-rgb-na-podstavke-11sm-uft-moon-light-sensornii.html</url>
			<price>544</price>
			<price_old>799</price_old>
			<currencyId>UAH</currencyId>
			<categoryId>830</categoryId>
			<picture>https://ukrpodarok.com.ua/images/152084_0.jpg</picture>
			<picture>https://ukrpodarok.com.ua/images/152084_99877.jpg</picture>
			<picture>https://ukrpodarok.com.ua/images/152084_99878.jpg</picture>
			<picture>https://ukrpodarok.com.ua/images/152084_99879.jpg</picture>
			<picture>https://ukrpodarok.com.ua/images/152084_99880.jpg</picture>
			<picture>https://ukrpodarok.com.ua/images/152084_99881.jpg</picture>
			<vendor>UFT</vendor>
			<name>Ночник 3D Луна RGB на подставке 11см UFT Moon light сенсорный</name>
			<barcode>4820176280671</barcode>
			<stock_quantity>50</stock_quantity>
			<description>
				<![CDATA[3D светильник - ночник Magic 3D Moonlamp станет отличным дополнением любого интерьера и великолепным средством для создания атмосферы и уюта. <br />Выполнен с использованием инновационной технологии 3D-печати. В точности повторяют рельеф настоящей Луны. Текстура корпуса имитирует реальный внешний вид кратеров на поверхности Луны и смотрится очень красиво.<br /><br />Темными вечерами порой так хочется уюта и тепла - завернуться в теплый плед, налить кружечку горячего шоколада, включить приглушенный мягкий свет и просто посидеть, помечтать, посмотреть в окно, послушать стук дождя по крыше. В такой вечер для создания подходящего настроения идеально подойдут наши светильники 3D Луна. <br /><br /><strong>Использование</strong> <br />Режимы переключаются легким постукиванием. <br />Светится желтым, красным, голубым и зеленым цветом. И пятый режим запускает плавное переливание всех цветов.<br /> Работает только от USB шнура. Можно подключить в розетку через адаптер питания 5В или к ноутбуку. повербанку.<br /><br /><strong>Возможности лампы</strong><br />- маягкий свет для спокойного сна<br />- реагирует на прикосновения<br />- 5 режимов света]]>
			</description>
			<param name="Тип"><![CDATA[3D - светильники]]></param>
			<param name="Назначение"><![CDATA[Для спальни]]></param>
			<param name="Цвет корпуса"><![CDATA[Белый]]></param>
			<param name="Тип установки"><![CDATA[Настольные]]></param>
			<param name="Форма"><![CDATA[Круглая]]></param>
			<param name="Категория"><![CDATA[Для девочек;Для мальчиков]]></param>
			<param name="Материал корпуса"><![CDATA[Пластик]]></param>
			<param name="Тип источника света"><![CDATA[Светодиодные (LED)]]></param>
			<param name="Количество в упаковке, шт"><![CDATA[1]]></param>
			<param name="Комплектация"><![CDATA[Светильник; подставка; USB кабель]]></param>
			<param name="Гарантия"><![CDATA[14 дней]]></param>
			<param name="Наличие"><![CDATA[есть]]></param>
			<param name="вес в упаковке кг"><![CDATA[0.3]]></param>
			<param name="высота в упаковке см"><![CDATA[12]]></param>
			<param name="глубина в упаковке см"><![CDATA[12]]></param>
			<param name="ширина в упаковке см"><![CDATA[12]]></param>
			<param name="количество грузовых мест"><![CDATA[1]]></param>
			<param name="штрихкод"><![CDATA[4820176280671]]></param>
		</offer>
		<offer id="CGMoonlamp11" available="true">
			<url>https://ukrpodarok.com.ua/nochnik-s-sensornim-datchikom-uft-magic-3d-moon-touch-11-sm.html</url>
			<price>544</price>
			<price_old>699</price_old>
			<currencyId>UAH</currencyId>
			<categoryId>830</categoryId>
			<picture>https://ukrpodarok.com.ua/images/152278_0.jpg</picture>
			<picture>https://ukrpodarok.com.ua/images/152278_101037.jpg</picture>
			<picture>https://ukrpodarok.com.ua/images/152278_100163.jpg</picture>
			<picture>https://ukrpodarok.com.ua/images/152278_100164.jpg</picture>
			<vendor>UFT</vendor>
			<name>Ночник с сенсорным датчиком UFT Magic 3D Moon Touch 11 см</name>
			<barcode>8000000030597</barcode>
			<stock_quantity>100</stock_quantity>
			<description>
				<![CDATA[В точности повторяет рельеф настоящей Луны<br />Освещает пространство на 360 градусов<br />Световая яркость: 120 люмен<br />2 режима света &mdash; прохладный (6000К) и&nbsp;теплый (3000К) белый&nbsp; + регулировка яркости<br />Светодиодная лампа не нагревается в процессе использования<br />Продолжительность зарядки: 2-3 часа, время работы: 8-12 часов<br />Безопасен для детей, изготовлен из безопасного материала.  &nbsp;]]>
			</description>
			<param name="Тип"><![CDATA[3D - светильники]]></param>
			<param name="Назначение"><![CDATA[Для спальни]]></param>
			<param name="Цвет корпуса"><![CDATA[Белый]]></param>
			<param name="Тип установки"><![CDATA[Настольные]]></param>
			<param name="Форма"><![CDATA[Круглая]]></param>
			<param name="Пол ребенка"><![CDATA[Девочка;Мальчик;]]></param>
			<param name="Материал корпуса"><![CDATA[Пластик]]></param>
			<param name="Тип источника света"><![CDATA[Светодиодные (LED)]]></param>
			<param name="Количество в упаковке, шт"><![CDATA[1]]></param>
			<param name="Особенности"><![CDATA[С LED технологией]]></param>
			<param name="Комплектация"><![CDATA[Светильник; подставка; USB кабель.]]></param>
			<param name="Страна регистрации бренда"><![CDATA[Украина]]></param>
			<param name="Бренд"><![CDATA[UFT]]></param>
			<param name="Гарантия"><![CDATA[14 дней]]></param>
			<param name="Наличие"><![CDATA[есть]]></param>
			<param name="вес в упаковке кг"><![CDATA[0.3]]></param>
			<param name="высота в упаковке см"><![CDATA[20]]></param>
			<param name="глубина в упаковке см"><![CDATA[20]]></param>
			<param name="ширина в упаковке см"><![CDATA[20]]></param>
			<param name="количество грузовых мест"><![CDATA[1]]></param>
			<param name="штрихкод"><![CDATA[8000000030597]]></param>
			<param name="гарантия"><![CDATA[14 дней]]></param>
		</offer>
		<offer id="H0042" available="false">
			<url>https://ukrpodarok.com.ua/nochnik-s-funktsiei-muzikalnoi-kolonki-s-bluetooth-uft-emoi-h0042-smart-lamp-speaker.html</url>
			<price>944</price>
			<price_old>1199</price_old>
			<currencyId>UAH</currencyId>
			<categoryId>830</categoryId>
			<picture>https://ukrpodarok.com.ua/images/151257_0.jpg</picture>
			<picture>https://ukrpodarok.com.ua/images/151257_100602.jpg</picture>
			<picture>https://ukrpodarok.com.ua/images/151257_100601.jpg</picture>
			<picture>https://ukrpodarok.com.ua/images/151257_100600.jpg</picture>
			<picture>https://ukrpodarok.com.ua/images/151257_100599.jpg</picture>
			<vendor>UFT</vendor>
			<name>Ночник с функцией музыкальной колонки с Bluetooth UFT Emoi H0042 Smart Lamp Speaker</name>
			<barcode>4820176244147</barcode>
			<stock_quantity>0</stock_quantity>
			<description>
				<![CDATA[<p><strong>Смарт-лампа&nbsp; emoi</strong>&nbsp;- переносная умная лампа-музыкальная колонка отличается великолепным звучанием и подарит Вам удовольствие где бы Вы не находились. Сочетание музыки и света найдет в каждом эмоциональный отклик.</p>  <p><strong>С помощью умного приложения emoi&nbsp;</strong>можно включать и выключать музыку и свет; регулировать уровень освещенности; установить время воспроизведения музыки и света;</p>  <p>Великолепные многочастотные динамики с превосходным качеством звучания; 3 Ватт NdFeB динамик с чуствительностью в 82 дБ в таком компактном и портативном устройстве обеспечивает естественное звучание Ваших музыкальных треков.</p>  <p>Этот гармоничный прибор с приглушенным светом создает комфортную атмосферу. Цветовая температура света варьируется в пределе 2800-3000К, более низкая цветовая температура имитирует свет при рассвете и закате солнца, даря теплоту, чувство комфорта и расслабления.</p>  <p>В смарт-лампах&nbsp; используются светодиоды с низкими цветовыми температурами, которые служат дольше и потребляют меньше энергии.</p>  <p>Вы также можете поменять цвет, используя умное приложение от emoi. Выберите Ваш любимый цвет или просто используйте камеру Вашего телефона, чтобы автоматически распознать цвет и изменить освещение в соответствии с Вашими предпочтениями.</p>  <p>Деликатно встряхните прибор для включения света. Немного встряхните светильник чтобы включить/выключить свет, или чтобы изменить цвет освещения.<br />Время зарядки -2-3&nbsp;часа.</p>  <p>]]>
			</description>
			<param name="Установка"><![CDATA[Портативные]]></param>
			<param name="Страна регистрации бренда"><![CDATA[Украина]]></param>
			<param name="Тип"><![CDATA[3D-светильник]]></param>
			<param name="Тип используемой лампы"><![CDATA[Светодиодные (LED)]]></param>
			<param name="Питание"><![CDATA[От аккумулятора]]></param>
			<param name="Беспроводной стандарт"><![CDATA[Bluetooth]]></param>
			<param name="Тип установки"><![CDATA[Настольные;]]></param>
			<param name="Управление"><![CDATA[Приложение на IOS;Приложение на Android;]]></param>
			<param name="Материал корпуса"><![CDATA[Пластик]]></param>
			<param name="Новый  бу"><![CDATA[Новый]]></param>
			<param name="Мощность светодиода"><![CDATA[0,6 Вт]]></param>
			<param name="Батарея"><![CDATA[3,7 В / 1750 mAh]]></param>
			<param name="Размер динамика"><![CDATA[50 мм]]></param>
			<param name="Мощность динамика"><![CDATA[3 Вт]]></param>
			<param name="Искажение"><![CDATA[&lt;0,5%]]></param>
			<param name="Диапазон частот"><![CDATA[70 Гц - 18 кГц]]></param>
			<param name="SNR"><![CDATA[&gt; 60 дБ]]></param>
			<param name="Bluetooth"><![CDATA[4.0]]></param>
			<param name="Вес"><![CDATA[206 г]]></param>
			<param name="Время зарядки"><![CDATA[2-3 часа]]></param>
			<param name="Бренд"><![CDATA[UFT]]></param>
			<param name="Гарантия"><![CDATA[6 месяцев]]></param>
			<param name="Наличие"><![CDATA[нет]]></param>
			<param name="вес в упаковке кг"><![CDATA[0.3]]></param>
			<param name="высота в упаковке см"><![CDATA[15]]></param>
			<param name="глубина в упаковке см"><![CDATA[15]]></param>
			<param name="ширина в упаковке см"><![CDATA[9]]></param>
			<param name="количество грузовых мест"><![CDATA[1]]></param>
			<param name="штрихкод"><![CDATA[4820176244147]]></param>
		</offer>
		<offer id="CGSCH01Green" available="true">
			<url>https://ukrpodarok.com.ua/nochnik-spyaschii-kot-v-domike-uft-sch01-green-s-sensornoi-knopkoi.html</url>
			<price>622</price>
			<price_old>899</price_old>
			<currencyId>UAH</currencyId>
			<categoryId>152175</categoryId>
			<picture>https://ukrpodarok.com.ua/images/151677_0.jpg</picture>
			<picture>https://ukrpodarok.com.ua/images/52818_69240.jpg</picture>
			<picture>https://ukrpodarok.com.ua/images/151677_101058.jpg</picture>
			<picture>https://ukrpodarok.com.ua/images/151677_101053.jpg</picture>
			<picture>https://ukrpodarok.com.ua/images/151677_101054.jpg</picture>
			<picture>https://ukrpodarok.com.ua/images/151677_101055.jpg</picture>
			<picture>https://ukrpodarok.com.ua/images/151677_101056.jpg</picture>
			<picture>https://ukrpodarok.com.ua/images/151677_101057.jpg</picture>
			<vendor>UFT</vendor>
			<name>Ночник Спящий кот в домике UFT SCH01 Green с сенсорной кнопкой</name>
			<barcode>4820176256324</barcode>
			<stock_quantity>50</stock_quantity>
			<description>
				<![CDATA[&laquo;Котик в будиночку&raquo; - це дитячий нічник, який принесе в дитячу кімнату тепло і затишок.<br />М'яке світло допоможе Вашій дитині або Вам комфортно заснути.<br />Сенсорна кнопка дозволяє регулювати рівень яскравості.<br />Час зарядки 3 години від USB кабелю. йде в комплекті.<br />Будиночок&nbsp;виконаний з ABS пластику, а ніжки з бука.]]>
			</description>
			<param name="Тип"><![CDATA[3D - светильники]]></param>
			<param name="Тип используемой лампы"><![CDATA[LED-модуль]]></param>
			<param name="Тип установки"><![CDATA[Настольные]]></param>
			<param name="Назначение"><![CDATA[Для спальни]]></param>
			<param name="Ососбенности"><![CDATA[С USB входодом]]></param>
			<param name="Цвет свечения"><![CDATA[Разноцветный]]></param>
			<param name="Технология"><![CDATA[LED]]></param>
			<param name="Форма"><![CDATA[Персонажи]]></param>
			<param name="Категория"><![CDATA[Для девочек Для мальчиков]]></param>
			<param name="Размер"><![CDATA[13 х 13 х 15 см]]></param>
			<param name="Мощность лампы"><![CDATA[1.2]]></param>
			<param name="Питание"><![CDATA[От аккумулятора]]></param>
			<param name="Время автономной работы"><![CDATA[10 ч]]></param>
			<param name="Материал корпуса"><![CDATA[Пластик]]></param>
			<param name="Комплектация"><![CDATA[Ночник - 1 штUSB-кабель - 1 шт]]></param>
			<param name="Цвет корпуса"><![CDATA[Зеленый]]></param>
			<param name="Размеры"><![CDATA[130х127х127]]></param>
			<param name="Гарантия"><![CDATA[14 дней]]></param>
			<param name="Наличие"><![CDATA[есть]]></param>
			<param name="вес в упаковке кг"><![CDATA[1]]></param>
			<param name="высота в упаковке см"><![CDATA[15]]></param>
			<param name="глубина в упаковке см"><![CDATA[14]]></param>
			<param name="ширина в упаковке см"><![CDATA[14]]></param>
			<param name="количество грузовых мест"><![CDATA[1]]></param>
			<param name="штрихкод"><![CDATA[4820176256324]]></param>
		</offer>
		<offer id="CGSCH01Pink" available="true">
			<url>https://ukrpodarok.com.ua/nochnik-spyaschii-kot-v-domike-uft-sch01-pink-s-sensornoi-knopkoi.html</url>
			<price>622</price>
			<price_old>899</price_old>
			<currencyId>UAH</currencyId>
			<categoryId>152175</categoryId>
			<picture>https://ukrpodarok.com.ua/images/152422_0.jpg</picture>
			<picture>https://ukrpodarok.com.ua/images/152422_101059.jpg</picture>
			<picture>https://ukrpodarok.com.ua/images/152422_101060.jpg</picture>
			<picture>https://ukrpodarok.com.ua/images/152422_101061.jpg</picture>
			<picture>https://ukrpodarok.com.ua/images/152422_101062.jpg</picture>
			<picture>https://ukrpodarok.com.ua/images/152422_101063.jpg</picture>
			<vendor>UFT</vendor>
			<name>Ночник Спящий кот в домике UFT SCH01 Pink с сенсорной кнопкой</name>
			<barcode>4820176256317</barcode>
			<stock_quantity>50</stock_quantity>
			<description>
				<![CDATA[&laquo;Котик в будиночку&raquo; - це дитячий нічник, який принесе в дитячу кімнату тепло і&nbsp;затишок.<br />М'яке світло допоможе&nbsp;Вашій дитині або Вам комфортно заснути.<br />Сенсорна кнопка дозволяє регулювати рівень яскравості.<br />Час зарядки 3 години від USB кабелю. йде в комплекті.<br />Будиночок&nbsp;виконаний з ABS пластику, а ніжки з бука.]]>
			</description>
			<param name="Тип"><![CDATA[3D - светильники]]></param>
			<param name="Тип используемой лампы"><![CDATA[LED-модуль]]></param>
			<param name="Тип установки"><![CDATA[Настольные]]></param>
			<param name="Назначение"><![CDATA[Для спальни]]></param>
			<param name="Ососбенности"><![CDATA[С USB входодом]]></param>
			<param name="Цвет свечения"><![CDATA[Разноцветный]]></param>
			<param name="Технология"><![CDATA[LED]]></param>
			<param name="Форма"><![CDATA[Персонажи]]></param>
			<param name="Категория"><![CDATA[Для девочек Для мальчиков]]></param>
			<param name="Размер"><![CDATA[13 х 13 х 15 см]]></param>
			<param name="Мощность лампы"><![CDATA[1.2 сб]]></param>
			<param name="Питание"><![CDATA[От аккумулятора]]></param>
			<param name="Время автономной работы"><![CDATA[10 ч]]></param>
			<param name="Материал корпуса"><![CDATA[Пластик]]></param>
			<param name="Комплектация"><![CDATA[Ночник - 1 штUSB-кабель - 1 шт]]></param>
			<param name="Цвет корпуса"><![CDATA[Розовый]]></param>
			<param name="Размеры"><![CDATA[130х127х127]]></param>
			<param name="Гарантия"><![CDATA[14 дней]]></param>
			<param name="Наличие"><![CDATA[есть]]></param>
			<param name="вес в упаковке кг"><![CDATA[1]]></param>
			<param name="высота в упаковке см"><![CDATA[15]]></param>
			<param name="глубина в упаковке см"><![CDATA[13]]></param>
			<param name="ширина в упаковке см"><![CDATA[13]]></param>
			<param name="количество грузовых мест"><![CDATA[1]]></param>
			<param name="штрихкод"><![CDATA[4820176256317]]></param>
		</offer>
		<offer id="UFTFNYellow" available="true">
			<url>https://ukrpodarok.com.ua/nochnik-tsvetok-s-datchikom-temnoti-uft-flowers-nightlight-yellow.html</url>
			<price>365</price>
			<price_old>499</price_old>
			<currencyId>UAH</currencyId>
			<categoryId>830</categoryId>
			<picture>https://ukrpodarok.com.ua/images/152111_0.jpg</picture>
			<picture>https://ukrpodarok.com.ua/images/152111_99724.jpg</picture>
			<picture>https://ukrpodarok.com.ua/images/152111_99725.jpg</picture>
			<picture>https://ukrpodarok.com.ua/images/152111_101093.jpg</picture>
			<picture>https://ukrpodarok.com.ua/images/152111_101094.jpg</picture>
			<picture>https://ukrpodarok.com.ua/images/152111_101095.jpg</picture>
			<vendor>UFT</vendor>
			<name>Ночник Цветок с датчиком темноты UFT Flowers NightLight Yellow</name>
			<barcode>4820176272072</barcode>
			<stock_quantity>50</stock_quantity>
			<description>
				<![CDATA[<p>Smart ночник UFT Flowers NightLight выполнен в футуристическом дизайне.<br />Из необычного горшка растут необычные цветы, буд то с другой планеты.<br />Ножки цветков гибкие, их можно направлять в разные стороны по вашему желанию.<br /><br />Особенность ночника - датчик, который реагирует на освещение в комнате, чем меньше света попадает на датчик, тем ярче светится ночник.<br />Датчик является включателем/выключателем.<br /><br /><strong>Параметры:</strong></p>  <p>Источник света: 4 светодиода<br />Питание ночника: от USB кабеля (идет в комплекте)<br />Длина кабеля 93см.<br />Размер ночника: 23х11х7.5 см<br />Размер коробки: 26х10х10 см<br />Цвет горшка: белый<br />Цвет цветков:&nbsp;желтый</p>]]>
			</description>
			<param name="Тип"><![CDATA[3D-светильники]]></param>
			<param name="Цвет корпуса"><![CDATA[Белый + желтый]]></param>
			<param name="Тип используемой лампы"><![CDATA[LED-модуль]]></param>
			<param name="Особенности"><![CDATA[С сумеречным датчиком]]></param>
			<param name="Питание"><![CDATA[От сети]]></param>
			<param name="Тип установки"><![CDATA[Настольные]]></param>
			<param name="Материал корпуса"><![CDATA[Пластик]]></param>
			<param name="Назначение"><![CDATA[Для спальни]]></param>
			<param name="Комплектация"><![CDATA[Ночник;USB-кабель;Инструкция;]]></param>
			<param name="Страна регистрации бренда"><![CDATA[Украина]]></param>
			<param name="Гарантия"><![CDATA[14 дней]]></param>
			<param name="Материал"><![CDATA[ABS пластик]]></param>
			<param name="Наличие"><![CDATA[есть]]></param>
			<param name="вес в упаковке кг"><![CDATA[1]]></param>
			<param name="высота в упаковке см"><![CDATA[26]]></param>
			<param name="глубина в упаковке см"><![CDATA[10]]></param>
			<param name="ширина в упаковке см"><![CDATA[10]]></param>
			<param name="количество грузовых мест"><![CDATA[1]]></param>
			<param name="штрихкод"><![CDATA[4820176272072]]></param>
		</offer>
		<offer id="UFTFNGreen" available="true">
			<url>https://ukrpodarok.com.ua/nochnik-tsvetok-svetodioidnii-uft-flowers-nightlight-green-s-datchikom-temnoti.html</url>
			<price>365</price>
			<price_old>499</price_old>
			<currencyId>UAH</currencyId>
			<categoryId>830</categoryId>
			<picture>https://ukrpodarok.com.ua/images/152110_0.jpg</picture>
			<picture>https://ukrpodarok.com.ua/images/152110_99726.jpg</picture>
			<picture>https://ukrpodarok.com.ua/images/152110_99727.jpg</picture>
			<vendor>UFT</vendor>
			<name>Ночник цветок светодиоидный UFT Flowers Nightlight Green с датчиком темноты</name>
			<barcode>4820176272065</barcode>
			<stock_quantity>50</stock_quantity>
			<description>
				<![CDATA[<p>Smart ночник UFT Flowers NightLight выполнен в футуристическом дизайне.<br />Из необычной вазы&nbsp;растут необычные цветы, буд-то с другой планеты.<br />Ножки цветков гибкие, их можно направлять в разные стороны по вашему желанию.<br /><br />Особенность ночника - датчик, который реагирует на освещение в комнате, чем меньше света попадает на датчик, тем ярче светится ночник.<br />Датчик является включателем/выключателем.<br /><br /><strong>Параметры:</strong></p>  <p>Источник света: 4 светодиода<br />Питание ночника: от USB кабеля (идет в комплекте)<br />Длина кабеля 93см.<br />Размер ночника: 23х11х7.5 см<br />Размер коробки: 26х10х10 см<br />Цвет вазы: белый<br />Цвет цветков: зеленый</p>]]>
			</description>
			<param name="Тип"><![CDATA[3D-светильники]]></param>
			<param name="Цвет корпуса"><![CDATA[Белый + зеленый]]></param>
			<param name="Тип используемой лампы"><![CDATA[LED-модуль]]></param>
			<param name="Особенности"><![CDATA[С сумеречным датчиком]]></param>
			<param name="Питание"><![CDATA[От сети]]></param>
			<param name="Тип установки"><![CDATA[Настольные]]></param>
			<param name="Материал корпуса"><![CDATA[Пластик]]></param>
			<param name="Назначение"><![CDATA[Для спальни]]></param>
			<param name="Комплектация"><![CDATA[Ночник;USB-кабель;Инструкция;]]></param>
			<param name="Страна регистрации бренда"><![CDATA[Украина]]></param>
			<param name="Гарантия"><![CDATA[14 дней]]></param>
			<param name="Материал"><![CDATA[ABS пластик]]></param>
			<param name="Наличие"><![CDATA[есть]]></param>
			<param name="вес в упаковке кг"><![CDATA[1]]></param>
			<param name="высота в упаковке см"><![CDATA[26]]></param>
			<param name="глубина в упаковке см"><![CDATA[10]]></param>
			<param name="ширина в упаковке см"><![CDATA[10]]></param>
			<param name="количество грузовых мест"><![CDATA[1]]></param>
			<param name="штрихкод"><![CDATA[4820176272065]]></param>
		</offer>
		<offer id="CGSD02" available="true">
			<url>https://ukrpodarok.com.ua/organaizer-s-dozatorom-dlya-moyuschego-sredstva-380-ml-uft-sd02-dlya-kuhni-s-podstavkoi-i-gubkoi.html</url>
			<price>189</price>
			<price_old>245</price_old>
			<currencyId>UAH</currencyId>
			<categoryId>152193</categoryId>
			<picture>https://ukrpodarok.com.ua/images/152192_0.jpg</picture>
			<picture>https://ukrpodarok.com.ua/images/152192_99942.jpg</picture>
			<picture>https://ukrpodarok.com.ua/images/152192_99943.jpg</picture>
			<picture>https://ukrpodarok.com.ua/images/152192_99944.jpg</picture>
			<vendor>UFT</vendor>
			<name>Органайзер с дозатором для моющего средства 380 мл UFT SD02 для кухни с подставкой и губкой</name>
			<barcode>4820176277015</barcode>
			<stock_quantity>50</stock_quantity>
			<description>
				<![CDATA[<p>Диспенсер для моющего средства SD02 — это дозатор для моющей жидкости или мыла с подставкой для губки.<br />Диспенсер легко наполняется и разбирается для мойки. Емкость контейнера 384 мл, поэтому вам не нужно часто его заправлять. Размер полочки для мочалки: 14х11 см.</p>  <p>Использование: откройте коробку, налейте туда мыло для посуды, закройте коробку и нажмите на нее.<br />Подходит для всех видов жидкого мыла.</p>  <p><b>Преимущества:</b></p>    Широкий спектр применения: наиболее подходит для домов, школ, офисов, больниц, отелей, ресторанов и т. д.  Экономное дозирование  Компактный дизайн – поместится за раковиной у стены  Большая емкость 384 мл.  ]]>
			</description>
			<param name="Бренд"><![CDATA[UFT]]></param>
			<param name="Вид"><![CDATA[Кнопочные]]></param>
			<param name="Объем, л"><![CDATA[0.38]]></param>
			<param name="Применение"><![CDATA[Для моющего средства]]></param>
			<param name="Тип установки"><![CDATA[Настольный]]></param>
			<param name="Материал"><![CDATA[Пластик]]></param>
			<param name="Цвет"><![CDATA[Серый]]></param>
			<param name="Размеры"><![CDATA[13,5 х 10,5 х 9 см]]></param>
			<param name="Вес, г"><![CDATA[315]]></param>
			<param name="Комплектация"><![CDATA[Подставка-диспенсер, губка]]></param>
			<param name="Страна регистрации бренда"><![CDATA[Украина]]></param>
			<param name="Гарантия"><![CDATA[1 месяц]]></param>
			<param name="Наличие"><![CDATA[есть]]></param>
			<param name="вес в упаковке кг"><![CDATA[0.3]]></param>
			<param name="высота в упаковке см"><![CDATA[14]]></param>
			<param name="глубина в упаковке см"><![CDATA[11]]></param>
			<param name="ширина в упаковке см"><![CDATA[10]]></param>
			<param name="количество грузовых мест"><![CDATA[1]]></param>
			<param name="штрихкод"><![CDATA[4820176277015]]></param>
		</offer>
		<offer id="BeerOpenerGr" available="true">
			<url>https://ukrpodarok.com.ua/otkrivalka-dlya-butilok-so-zvukom-govoryaschaya-beer-opener-zelenaya.html</url>
			<price>65</price>
			<price_old>135</price_old>
			<currencyId>UAH</currencyId>
			<categoryId>152224</categoryId>
			<picture>https://ukrpodarok.com.ua/images/152396_0.jpg</picture>
			<picture>https://ukrpodarok.com.ua/images/152396_100811.jpg</picture>
			<picture>https://ukrpodarok.com.ua/images/152396_100812.jpg</picture>
			<vendor>UFT</vendor>
			<name>Открывалка для бутылок со звуком говорящая Beer Opener Зеленая</name>
			<barcode></barcode>
			<stock_quantity>100</stock_quantity>
			<description>
				<![CDATA[Відкривачка для пива Beer Opener, що говорить, - неймовірно прикольна річ, на яку слід звернути увагу всім без винятку любителям пінного напою.<br />На вигляд нічого особливо примітного? Але якщо відкрити нею пляшку, ось тут наздожене справжній подив &mdash; вона справді вміє розмовляти.<br /><br />Що вона може повідомити?<br />У момент безпосереднього відкривання відкривачка для пива видає "Привіт з Октоберфест".<br />Фраза вимовляються автоматично миттєво, коли кришка торкається зуба пристрою. Все це робиться позитивним і підбадьорливим тоном, змушуючи мимоволі посміхатися.<br /><br />Відкривалка для пива, що говорить, допоможе здивувати друзів і стане цвяхом кухонних посиденьок, а також джерелом відмінного настрою.<br /><br />Відмінно підійде на подарунок для друзів, колег, керівника та батька.]]>
			</description>
			<param name="Тип"><![CDATA[Открывалка]]></param>
			<param name="Материал"><![CDATA[Пластик / Металл]]></param>
			<param name="Размеры"><![CDATA[120 х 40 х 2.5 мм]]></param>
			<param name="Цвет"><![CDATA[Зеленый]]></param>
			<param name="Гарантия"><![CDATA[14 дней]]></param>
			<param name="Особенности"><![CDATA[Со звуком]]></param>
			<param name="Питание"><![CDATA[Батарейки]]></param>
			<param name="Наличие"><![CDATA[есть]]></param>
		</offer>
		<offer id="UFTvrbox2" available="false">
			<url>https://ukrpodarok.com.ua/ochki-virtualnoi-realnosti-uft-3d-vr-box2-s-geimpadom.html</url>
			<price>193</price>
			<price_old>235</price_old>
			<currencyId>UAH</currencyId>
			<categoryId>151054</categoryId>
			<picture>https://ukrpodarok.com.ua/images/151061_0.jpg</picture>
			<picture>https://ukrpodarok.com.ua/images/151061_99800.jpg</picture>
			<picture>https://ukrpodarok.com.ua/images/151061_99799.jpg</picture>
			<picture>https://ukrpodarok.com.ua/images/151061_99798.jpg</picture>
			<vendor>M+</vendor>
			<name>Очки виртуальной реальности UFT 3D vr box2 с геймпадом</name>
			<barcode>4820176253545</barcode>
			<stock_quantity>0</stock_quantity>
			<description>
				<![CDATA[Очки 3D vr box2 делают мир виртуальной реальности доступным каждому.<br /><br />Достаточно скачать и установить на телефон одно из приложений из Google Play или Apple store с ключевыми словами 3D VR 360. Зафиксируйте Ваш смартфон в специальном слоте, запустите приложение, вставьте картридж с телефоном в шлем наслаждаться увлекательными приключениями в новом виртуальном мире.<br /><br />В комплект входит пульт дистанционного управления с полноценным джойстиком для игр. При подключении к пульту появляется возможность управлять телефоном как мышкой. Работает как на платформе Android так и на iOS, достаточно переключить режим на пульте.<br /><br />Как и в обычном игровом джойстике есть четыре классические кнопки ABCD<br /><br />Вы можете кататься на американских горках, путешествовать по разным странам и интересным местам, играть в игры, а так же смотреть адаптированные видео ролики на You Tube. Кроме того есть уйма приложений который могут адаптировать Ваши собственные фото и видео в формат 3Д.<br /><br />Шлем виртуальной реальности 3D vr box2 поддерживает большинство телефонов с габаритами не более 16 х 8,2см и толщиной до одного сантиметра. С обеих сторон предусмотрены 4 отверстия под наушники и кабель для зарядки телефона.<br /><br />Для комфортной фиксации очков, используются широкие, эластичные лямки, которые обхватывают голову в двух плоскостях.<br /><br />На внутренней стороне шлема имеется мягкая окантовка которая повторяет форму лица и не пропускает свет в Ваш <br /><br />Эффект полного присутствия позволяют создать две линзы, которые можно настроить под себя, передвигая каждую линзу по отдельности влево-вправо, а так же взад-вперед.<br /><br />Передняя панель шлема отодвигается, открывая обзор для камеры смартфона, что позволяет расширить круг доступных игр и приложений.]]>
			</description>
			<param name="Класс"><![CDATA[Очки виртуальной реальности]]></param>
			<param name="Источник сигнала"><![CDATA[Смартфон]]></param>
			<param name="Размер"><![CDATA[19 х 13 х 9 см]]></param>
			<param name="Вес"><![CDATA[400г]]></param>
			<param name="Гарантия"><![CDATA[6 месяцев]]></param>
			<param name="Наличие"><![CDATA[нет]]></param>
			<param name="штрихкод"><![CDATA[4820176253545]]></param>
		</offer>
		<offer id="UFTPetLed1Lgreen" available="true">
			<url>https://ukrpodarok.com.ua/osheinik-s-podsvetkoi-dlya-sobak-l-na-batareikah-uft-pet-led-1-green.html</url>
			<price>377</price>
			<price_old>399</price_old>
			<currencyId>UAH</currencyId>
			<categoryId>152488</categoryId>
			<picture>https://ukrpodarok.com.ua/images/152490_0.jpg</picture>
			<picture>https://ukrpodarok.com.ua/images/152490_101412.jpg</picture>
			<picture>https://ukrpodarok.com.ua/images/152490_101413.jpg</picture>
			<vendor>UFT</vendor>
			<name>Ошейник с подсветкой для собак L на батарейках UFT PET LED 1 Green</name>
			<barcode></barcode>
			<stock_quantity>50</stock_quantity>
			<description>
				<![CDATA[FT PET&nbsp;LED 1 - нейлоновый&nbsp;ремешок с LED подсветкой&nbsp;в размере L, подходит для&nbsp;крупных&nbsp;собак.&nbsp;Длинна&nbsp;регулируется, до 45см&nbsp;в обхвате.<br />ЛЕД ошейник&nbsp;имеет три варианта подсветки: статический, интенсивно мигающий и&nbsp;медленно мигающий.<br /><br />На ремешке&nbsp;расположен небольшой блок&nbsp;с батарейками, который неощутим для питомца, а сверху спрятана кнопка включения.<br /><br />Работает от двух плоских батареек CR2016 -3V (входят в комплект).&nbsp;<br />Что бы поменять батарейки, необходимо акуратно выдавить картридж с одной стороны. Он имеет таккую форму, что его невозможно вставить неправильно.<br /><br />Елементы крепления, фастекс (защелка) выполнены из пластика, а кольцо для поводка металлическое.]]>
			</description>
			<param name="Животное"><![CDATA[Собака]]></param>
			<param name="Материал"><![CDATA[Нейлон]]></param>
			<param name="Тип"><![CDATA[Ошейники]]></param>
			<param name="Цвет"><![CDATA[Зеленый]]></param>
			<param name="Ширина"><![CDATA[25 мм]]></param>
			<param name="Длина"><![CDATA[52 см]]></param>
			<param name="Гарантия"><![CDATA[14 дней]]></param>
			<param name="Наличие"><![CDATA[есть]]></param>
		</offer>
		<offer id="CPetLed1Lred" available="true">
			<url>https://ukrpodarok.com.ua/osheinik-s-podsvetkoi-dlya-sobak-l-na-batareikah-uft-pet-led-1-red.html</url>
			<price>377</price>
			<price_old>399</price_old>
			<currencyId>UAH</currencyId>
			<categoryId>152488</categoryId>
			<picture>https://ukrpodarok.com.ua/images/152514_0.jpg</picture>
			<picture>https://ukrpodarok.com.ua/images/152514_101560.jpg</picture>
			<picture>https://ukrpodarok.com.ua/images/152514_101561.jpg</picture>
			<vendor>UFT</vendor>
			<name>Ошейник с подсветкой для собак L на батарейках UFT PET LED 1 Red</name>
			<barcode></barcode>
			<stock_quantity>10</stock_quantity>
			<description>
				<![CDATA[UFT PET&nbsp;LED 1 - нейлоновый&nbsp;ремешок с LED подсветкой&nbsp;в размере L, подходит для&nbsp;крупных&nbsp;собак.&nbsp;Длинна&nbsp;регулируется, до 45см&nbsp;в обхвате.<br />ЛЕД ошейник&nbsp;имеет три варианта подсветки: статический, интенсивно мигающий и&nbsp;медленно мигающий.<br /><br />На ремешке&nbsp;расположен небольшой блок&nbsp;с батарейками, который неощутим для питомца, а сверху спрятана кнопка включения.<br /><br />Работает от двух плоских батареек CR2016 -3V (входят в комплект).&nbsp;<br />Что бы поменять батарейки, необходимо акуратно выдавить картридж с одной стороны. Он имеет таккую форму, что его невозможно вставить неправильно.<br /><br /><br />Елементы крепления, фастекс (защелка) выполнены из пластика, а кольцо для поводка металлическое.]]>
			</description>
			<param name="Животное"><![CDATA[Собака]]></param>
			<param name="Материал"><![CDATA[Нейлон]]></param>
			<param name="Тип"><![CDATA[Ошейники]]></param>
			<param name="Цвет"><![CDATA[Красный]]></param>
			<param name="Ширина"><![CDATA[25 мм]]></param>
			<param name="Длина"><![CDATA[45 см]]></param>
			<param name="Гарантия"><![CDATA[14 дней]]></param>
			<param name="Наличие"><![CDATA[есть]]></param>
			<param name="вес в упаковке кг"><![CDATA[0.3]]></param>
			<param name="высота в упаковке см"><![CDATA[6]]></param>
			<param name="глубина в упаковке см"><![CDATA[4]]></param>
			<param name="ширина в упаковке см"><![CDATA[6]]></param>
			<param name="количество грузовых мест"><![CDATA[1]]></param>
		</offer>
		<offer id="PetLed2Lgreen" available="true">
			<url>https://ukrpodarok.com.ua/osheinik-s-podsvetkoi-dlya-sobak-l-s-akkumulyatorom-uft-pet-led-2-green.html</url>
			<price>377</price>
			<price_old>399</price_old>
			<currencyId>UAH</currencyId>
			<categoryId>152488</categoryId>
			<picture>https://ukrpodarok.com.ua/images/152486_0.jpg</picture>
			<picture>https://ukrpodarok.com.ua/images/152486_101403.jpg</picture>
			<picture>https://ukrpodarok.com.ua/images/152486_101404.jpg</picture>
			<picture>https://ukrpodarok.com.ua/images/152486_101405.jpg</picture>
			<vendor>UFT</vendor>
			<name>Ошейник с подсветкой для собак L с аккумулятором UFT PET LED 2 Green</name>
			<barcode></barcode>
			<stock_quantity>50</stock_quantity>
			<description>
				<![CDATA[UFT PET&nbsp;LED 1 - нейлоновый&nbsp;ремешок с LED подсветкой&nbsp;в размере L, подходит для&nbsp;крупных собак. Длинна&nbsp;регулируется, до&nbsp;30см&nbsp;в обхвате.<br />ЛЕД ошейник&nbsp;имеет три варианта подсветки: статический, интенсивно мигающий и&nbsp;медленно мигающий.<br /><br />На ремешке&nbsp;расположен небольшой блок&nbsp;с&nbsp;аккумулятором, который не ощутим для питомца, а сверху спрятана кнопка включения.<br /><br />Заряжается по USB (кабель в комплекте), разъем для зарядки закрывается заглушкой.&nbsp;<br /><br /><br />Елементы крепления, фастекс (защелка) выполнены из пластика, а кольцо для поводка металлическое.]]>
			</description>
			<param name="Животное"><![CDATA[Собака]]></param>
			<param name="Материал"><![CDATA[Нейлон]]></param>
			<param name="Тип"><![CDATA[Ошейники]]></param>
			<param name="Цвет"><![CDATA[Зеленый]]></param>
			<param name="Ширина"><![CDATA[25 мм]]></param>
			<param name="Длина"><![CDATA[52 см]]></param>
			<param name="Гарантия"><![CDATA[14 дней]]></param>
			<param name="Наличие"><![CDATA[есть]]></param>
		</offer>
		<offer id="CPetLed1Mblue" available="true">
			<url>https://ukrpodarok.com.ua/osheinik-s-podsvetkoi-dlya-sobak-m-na-batareikah-uft-pet-led-1-blue.html</url>
			<price>377</price>
			<price_old>399</price_old>
			<currencyId>UAH</currencyId>
			<categoryId>152488</categoryId>
			<picture>https://ukrpodarok.com.ua/images/152513_0.jpg</picture>
			<picture>https://ukrpodarok.com.ua/images/152513_101558.jpg</picture>
			<picture>https://ukrpodarok.com.ua/images/152513_101559.jpg</picture>
			<vendor>UFT</vendor>
			<name>Ошейник с подсветкой для собак M на батарейках UFT PET LED 1 Blue</name>
			<barcode></barcode>
			<stock_quantity>10</stock_quantity>
			<description>
				<![CDATA[UFT PET&nbsp;LED 1 - нейлоновый&nbsp;ремешок с LED подсветкой&nbsp;в размере M, подходит для собак среднего размера.Длинна&nbsp;регулируется, до 40см&nbsp;в обхвате.<br />ЛЕД ошейник&nbsp;имеет три варианта подсветки: статический, интенсивно мигающий и&nbsp;медленно мигающий.&nbsp;<br /><br />На ремешке&nbsp;расположен небольшой блок&nbsp;с батарейками, который неощутим для питомца, а сверху спрятана кнопка включения.<br /><br />Работает от двух плоских батареек CR2016 -3V (входят в комплект).&nbsp;<br />Что бы поменять батарейки, необходимо акуратно выдавить картридж с одной стороны. Он имеет таккую форму, что его невозможно вставить неправильно.<br /><br /><br />Елементы крепления, фастекс (защелка) выполнены из пластика, а кольцо для поводка металлическое.]]>
			</description>
			<param name="Животное"><![CDATA[Собака]]></param>
			<param name="Материал"><![CDATA[Нейлон]]></param>
			<param name="Тип"><![CDATA[Ошейники]]></param>
			<param name="Цвет"><![CDATA[Синий]]></param>
			<param name="Ширина"><![CDATA[25 мм]]></param>
			<param name="Длина"><![CDATA[40 см]]></param>
			<param name="Гарантия"><![CDATA[14 дней]]></param>
			<param name="Наличие"><![CDATA[есть]]></param>
			<param name="вес в упаковке кг"><![CDATA[0.3]]></param>
			<param name="высота в упаковке см"><![CDATA[6]]></param>
			<param name="глубина в упаковке см"><![CDATA[6]]></param>
			<param name="ширина в упаковке см"><![CDATA[6]]></param>
			<param name="количество грузовых мест"><![CDATA[1]]></param>
		</offer>
		<offer id="CPetLed1Mgreen" available="true">
			<url>https://ukrpodarok.com.ua/osheinik-s-podsvetkoi-dlya-sobak-m-na-batareikah-uft-pet-led-1-green.html</url>
			<price>377</price>
			<price_old>399</price_old>
			<currencyId>UAH</currencyId>
			<categoryId>152488</categoryId>
			<picture>https://ukrpodarok.com.ua/images/152512_0.jpg</picture>
			<picture>https://ukrpodarok.com.ua/images/152512_101556.jpg</picture>
			<picture>https://ukrpodarok.com.ua/images/152512_101557.jpg</picture>
			<vendor>UFT</vendor>
			<name>Ошейник с подсветкой для собак M на батарейках UFT PET LED 1 Green</name>
			<barcode></barcode>
			<stock_quantity>10</stock_quantity>
			<description>
				<![CDATA[UFT PET&nbsp;LED 1 - нейлоновый&nbsp;ремешок с LED подсветкой&nbsp;в размере M, подходит для собак среднего размера.&nbsp;Длинна&nbsp;регулируется, до 40см&nbsp;в обхвате.<br />ЛЕД ошейник&nbsp;имеет три варианта подсветки: статический, интенсивно мигающий и&nbsp;медленно мигающий.<br /><br />На ремешке&nbsp;расположен небольшой блок&nbsp;с батарейками, который неощутим для питомца, а сверху спрятана кнопка включения.<br /><br />Работает от двух плоских батареек CR2016 -3V (входят в комплект).&nbsp;<br />Что бы поменять батарейки, необходимо акуратно выдавить картридж с одной стороны. Он имеет таккую форму, что его невозможно вставить неправильно.<br /><br /><br />Елементы крепления, фастекс (защелка) выполнены из пластика, а кольцо для поводка металлическое.]]>
			</description>
			<param name="Животное"><![CDATA[Собака]]></param>
			<param name="Материал"><![CDATA[Нейлон]]></param>
			<param name="Тип"><![CDATA[Ошейники]]></param>
			<param name="Цвет"><![CDATA[Зеленый]]></param>
			<param name="Ширина"><![CDATA[25 мм]]></param>
			<param name="Длина"><![CDATA[40 см]]></param>
			<param name="Гарантия"><![CDATA[14 дней]]></param>
			<param name="Наличие"><![CDATA[есть]]></param>
			<param name="вес в упаковке кг"><![CDATA[0.3]]></param>
			<param name="высота в упаковке см"><![CDATA[6]]></param>
			<param name="глубина в упаковке см"><![CDATA[6]]></param>
			<param name="ширина в упаковке см"><![CDATA[6]]></param>
			<param name="количество грузовых мест"><![CDATA[1]]></param>
		</offer>
		<offer id="PetLed2Mred" available="true">
			<url>https://ukrpodarok.com.ua/osheinik-s-podsvetkoi-dlya-sobak-m-s-akkumulyatorom-uft-pet-led-2-red.html</url>
			<price>377</price>
			<price_old>399</price_old>
			<currencyId>UAH</currencyId>
			<categoryId>152488</categoryId>
			<picture>https://ukrpodarok.com.ua/images/152487_0.jpg</picture>
			<picture>https://ukrpodarok.com.ua/images/152487_101406.jpg</picture>
			<picture>https://ukrpodarok.com.ua/images/152487_101407.jpg</picture>
			<picture>https://ukrpodarok.com.ua/images/152487_101408.jpg</picture>
			<vendor>UFT</vendor>
			<name>Ошейник с подсветкой для собак M с аккумулятором UFT PET LED 2 Red</name>
			<barcode></barcode>
			<stock_quantity>50</stock_quantity>
			<description>
				<![CDATA[UFT PET&nbsp;LED 1 - нейлоновый&nbsp;ремешок с LED подсветкой&nbsp;в размере M, подходит для собак среднего размера. Длинна&nbsp;регулируется, до&nbsp;30см&nbsp;в обхвате.<br />ЛЕД ошейник&nbsp;имеет три варианта подсветки: статический, интенсивно мигающий и&nbsp;медленно мигающий.<br /><br />На ремешке&nbsp;расположен небольшой блок&nbsp;с&nbsp;аккумулятором, который не ощутим для питомца, а сверху спрятана кнопка включения.<br /><br />Заряжается по USB (кабель в комплекте), разъем для зарядки закрывается заглушкой.&nbsp;<br /><br /><br />Елементы крепления, фастекс (защелка) выполнены из пластика, а кольцо для поводка металлическое.]]>
			</description>
			<param name="Животное"><![CDATA[Собака]]></param>
			<param name="Материал"><![CDATA[Нейлон]]></param>
			<param name="Тип"><![CDATA[Ошейники]]></param>
			<param name="Цвет"><![CDATA[Красный]]></param>
			<param name="Ширина"><![CDATA[25 мм]]></param>
			<param name="Длина"><![CDATA[52 см]]></param>
			<param name="Гарантия"><![CDATA[14 дней]]></param>
			<param name="Наличие"><![CDATA[есть]]></param>
		</offer>
		<offer id="PetLed1Sblue" available="true">
			<url>https://ukrpodarok.com.ua/osheinik-s-podsvetkoi-dlya-sobak-s-na-batareikah-uft-pet-led-1-blue.html</url>
			<price>377</price>
			<price_old>399</price_old>
			<currencyId>UAH</currencyId>
			<categoryId>152488</categoryId>
			<picture>https://ukrpodarok.com.ua/images/152491_0.jpg</picture>
			<picture>https://ukrpodarok.com.ua/images/152491_101414.jpg</picture>
			<picture>https://ukrpodarok.com.ua/images/152491_101415.jpg</picture>
			<vendor>UFT</vendor>
			<name>Ошейник с подсветкой для собак S на батарейках UFT PET LED 1 Blue</name>
			<barcode></barcode>
			<stock_quantity>50</stock_quantity>
			<description>
				<![CDATA[UFT PET&nbsp;LED 1 - нейлоновый&nbsp;ремешок с LED подсветкой&nbsp;в размере L, подходит для&nbsp;крупных&nbsp;собак.&nbsp;Длинна&nbsp;регулируется, до 45см&nbsp;в обхвате.<br />ЛЕД ошейник&nbsp;имеет три варианта подсветки: статический, интенсивно мигающий и&nbsp;медленно мигающий.<br /><br />На ремешке&nbsp;расположен небольшой блок&nbsp;с батарейками, который неощутим для питомца, а сверху спрятана кнопка включения.<br /><br />Работает от двух плоских батареек CR2016 -3V (входят в комплект).&nbsp;<br />Что бы поменять батарейки, необходимо акуратно выдавить картридж с одной стороны. Он имеет таккую форму, что его невозможно вставить неправильно.<br /><br />Елементы крепления, фастекс (защелка) выполнены из пластика, а кольцо для поводка металлическое.]]>
			</description>
			<param name="Животное"><![CDATA[Собака]]></param>
			<param name="Материал"><![CDATA[Нейлон]]></param>
			<param name="Тип"><![CDATA[Ошейники]]></param>
			<param name="Цвет"><![CDATA[Синий]]></param>
			<param name="Ширина"><![CDATA[25 мм]]></param>
			<param name="Длина"><![CDATA[52 см]]></param>
			<param name="Гарантия"><![CDATA[14 дней]]></param>
			<param name="Наличие"><![CDATA[есть]]></param>
		</offer>
		<offer id="PetLed2Sblue" available="true">
			<url>https://ukrpodarok.com.ua/osheinik-s-podsvetkoi-dlya-sobak-s-s-akkumulyatorom-uft-pet-led-2-blue.html</url>
			<price>377</price>
			<price_old>399</price_old>
			<currencyId>UAH</currencyId>
			<categoryId>152488</categoryId>
			<picture>https://ukrpodarok.com.ua/images/152489_0.jpg</picture>
			<picture>https://ukrpodarok.com.ua/images/152489_101409.jpg</picture>
			<picture>https://ukrpodarok.com.ua/images/152489_101410.jpg</picture>
			<picture>https://ukrpodarok.com.ua/images/152489_101411.jpg</picture>
			<vendor>UFT</vendor>
			<name>Ошейник с подсветкой для собак S с аккумулятором UFT PET LED 2 Blue</name>
			<barcode></barcode>
			<stock_quantity>50</stock_quantity>
			<description>
				<![CDATA[UFT PET&nbsp;LED 1 - нейлоновый&nbsp;ремешок с LED подсветкой&nbsp;в размере S, подходит для небольших собак. Длинна&nbsp;регулируется, до&nbsp;30см&nbsp;в обхвате.<br />ЛЕД ошейник&nbsp;имеет три варианта подсветки: статический, интенсивно мигающий и&nbsp;медленно мигающий.<br /><br />На ремешке&nbsp;расположен небольшой блок&nbsp;с аккумулятором, который не ощутим для питомца, а сверху спрятана кнопка включения.<br /><br />Заряжается по USB (кабель в комплекте), разъем для зарядки закрывается заглушкой.&nbsp;<br /><br /><br />Елементы крепления, фастекс (защелка) выполнены из пластика, а кольцо для поводка металлическое.]]>
			</description>
			<param name="Животное"><![CDATA[Собака]]></param>
			<param name="Материал"><![CDATA[Нейлон]]></param>
			<param name="Тип"><![CDATA[Ошейники]]></param>
			<param name="Цвет"><![CDATA[Синий]]></param>
			<param name="Ширина"><![CDATA[25 мм]]></param>
			<param name="Длина"><![CDATA[52 см]]></param>
			<param name="Гарантия"><![CDATA[14 дней]]></param>
			<param name="Наличие"><![CDATA[есть]]></param>
		</offer>
		<offer id="KidsChopstick10" available="true">
			<url>https://ukrpodarok.com.ua/palochki-odnorazovie-dlya-sushi-uchebnie-10-sht-par-v-individualnoi-upakovke.html</url>
			<price>88</price>
			<price_old>129</price_old>
			<currencyId>UAH</currencyId>
			<categoryId>152313</categoryId>
			<picture>https://ukrpodarok.com.ua/images/152181_0.jpg</picture>
			<picture>https://ukrpodarok.com.ua/images/152181_99890.jpg</picture>
			<picture>https://ukrpodarok.com.ua/images/152181_99891.jpg</picture>
			<picture>https://ukrpodarok.com.ua/images/152181_99892.jpg</picture>
			<vendor>CG</vendor>
			<name>Палочки одноразовые для суши учебные 10 шт пар в индивидуальной упаковке</name>
			<barcode>8000000025579</barcode>
			<stock_quantity>200</stock_quantity>
			<description>
				<![CDATA[Палочки для суши Kids Chopstick помогут ребенку самостоятельно кушать. Кроме того могут служить как тренировочные палочки для тех кто не освоил классические палочки для суши.<br /><br />Как пользоваться?<br />На палочках есть специальные отверстия, проденьте одну палочку в другую и поверните на 90 градусов. Образуется "замок" и ими можно комфортно пользоваться<br />Хоошо отшлифованы,гладкая поверхность.<br />Необычная форма.<br />Палочки имеют плоскую форму,&nbsp;в отличии от обычных&nbsp;круглых, ими проще пользоваться.<br />Ширина палочек у основания 12мм, на концах 5мм<br /><br />Палочки небольшого размера, удобно держать как детям так и взрослым.<br />Длина 15см]]>
			</description>
			<param name="Материал"><![CDATA[Бамбук]]></param>
			<param name="Состав набора"><![CDATA[Палочки для еды;]]></param>
			<param name="Декорирование"><![CDATA[Однотонные модели;]]></param>
			<param name="Сегмент"><![CDATA[Для дома;]]></param>
			<param name="Дизайн"><![CDATA[Для нее;Для него;Детский;]]></param>
			<param name="Тип поставки"><![CDATA[Набор;]]></param>
			<param name="Производитель"><![CDATA[CG]]></param>
			<param name="Страна регистрации бренда"><![CDATA[Украина]]></param>
			<param name="Вес, г"><![CDATA[2]]></param>
			<param name="Гарантия"><![CDATA[14 дней]]></param>
			<param name="Количество персон"><![CDATA[10]]></param>
			<param name="Наличие"><![CDATA[есть]]></param>
			<param name="вес в упаковке кг"><![CDATA[0.3]]></param>
			<param name="высота в упаковке см"><![CDATA[10]]></param>
			<param name="глубина в упаковке см"><![CDATA[5]]></param>
			<param name="ширина в упаковке см"><![CDATA[5]]></param>
			<param name="количество грузовых мест"><![CDATA[1]]></param>
			<param name="штрихкод"><![CDATA[8000000025579]]></param>
		</offer>
		<offer id="KidsChopstick100" available="true">
			<url>https://ukrpodarok.com.ua/palochki-odnorazovie-dlya-sushi-uchebnie-100-par-v-individualnoi-upakovke.html</url>
			<price>545</price>
			<price_old>899</price_old>
			<currencyId>UAH</currencyId>
			<categoryId>152313</categoryId>
			<picture>https://ukrpodarok.com.ua/images/152180_0.jpg</picture>
			<picture>https://ukrpodarok.com.ua/images/152180_99896.jpg</picture>
			<picture>https://ukrpodarok.com.ua/images/152180_99897.jpg</picture>
			<picture>https://ukrpodarok.com.ua/images/152180_99898.jpg</picture>
			<vendor>CG</vendor>
			<name>Палочки одноразовые для суши учебные 100 пар в индивидуальной упаковке</name>
			<barcode>8000000025579</barcode>
			<stock_quantity>10</stock_quantity>
			<description>
				<![CDATA[Детские палочки для суши Kids Chopstick помогут ребенку самостоятельно кушать. Кроме того могут служить как тренировочные палочки для тех кто не освоил классические палочки для суши.<br /><br />Как пользоваться?<br />На палочках есть специальные отверстия, проденьте одну палочку в другую и поверните на 90 градусов. Образуется "замок" и ими можно комфортно пользоваться<br />Хорошо отшлифованы, гладкая поверрхность.<br />Необычная форма.<br />Палочки имеют плоскую форму,&nbsp;в отличии от обычных&nbsp;круглых, ими проще пользоваться.<br />Ширина палочек у основания 12мм, на концах 5мм<br /><br />Палочки небольшого размера, удобно держать как детям так и взрослым.<br />Длина 15см]]>
			</description>
			<param name="Материал"><![CDATA[Бамбук]]></param>
			<param name="Состав набора"><![CDATA[Палочки для еды;]]></param>
			<param name="Декорирование"><![CDATA[Однотонные модели;]]></param>
			<param name="Сегмент"><![CDATA[Для дома;]]></param>
			<param name="Дизайн"><![CDATA[Для нее;Для него;Детский;]]></param>
			<param name="Тип поставки"><![CDATA[Набор;]]></param>
			<param name="Страна регистрации бренда"><![CDATA[Украина]]></param>
			<param name="Производитель"><![CDATA[CG]]></param>
			<param name="Вес, г"><![CDATA[2]]></param>
			<param name="Гарантия"><![CDATA[14 дней]]></param>
			<param name="Наличие"><![CDATA[есть]]></param>
			<param name="вес в упаковке кг"><![CDATA[0.3]]></param>
			<param name="высота в упаковке см"><![CDATA[10]]></param>
			<param name="глубина в упаковке см"><![CDATA[10]]></param>
			<param name="ширина в упаковке см"><![CDATA[10]]></param>
			<param name="количество грузовых мест"><![CDATA[1]]></param>
			<param name="штрихкод"><![CDATA[8000000025579]]></param>
		</offer>
		<offer id="CGKidsChopstick" available="true">
			<url>https://ukrpodarok.com.ua/palochki-odnorazovie-dlya-sushi-uchebnie-5-sht-par-v-individualnoi-upakovke.html</url>
			<price>55</price>
			<price_old>128</price_old>
			<currencyId>UAH</currencyId>
			<categoryId>152313</categoryId>
			<picture>https://ukrpodarok.com.ua/images/152179_0.jpg</picture>
			<picture>https://ukrpodarok.com.ua/images/152179_99887.jpg</picture>
			<picture>https://ukrpodarok.com.ua/images/152179_99888.jpg</picture>
			<picture>https://ukrpodarok.com.ua/images/152179_99889.jpg</picture>
			<vendor>CG</vendor>
			<name>Палочки одноразовые для суши учебные 5 шт пар в индивидуальной упаковке</name>
			<barcode>8000000025579</barcode>
			<stock_quantity>200</stock_quantity>
			<description>
				<![CDATA[Детские палочки для суши Kids Chopstick помогут ребенку самостоятельно кушать. Кроме того могут служить как тренировочные палочки для тех кто не освоил классические палочки для суши.<br /><br />Как пользоваться?<br />На палочках есть специальные отверстия, проденьте одну палочку в другую и поверните на 90 градусов. Образуется "замок" и ими можно комфортно пользоваться<br />Хорошо отшлифованы,гладкая поверхность.<br />Необычная форма.<br />Палочки имеют плоскую форму,&nbsp;в отличии от обычных&nbsp;круглых, ими проще пользоваться.]]>
			</description>
			<param name="Материал"><![CDATA[Бамбук]]></param>
			<param name="Состав набора"><![CDATA[Палочки для еды;]]></param>
			<param name="Декорирование"><![CDATA[Однотонные модели;]]></param>
			<param name="Сегмент"><![CDATA[Для дома;]]></param>
			<param name="Дизайн"><![CDATA[Для нее;Для него;Детский;]]></param>
			<param name="Тип поставки"><![CDATA[Набор;]]></param>
			<param name="Производитель"><![CDATA[CG]]></param>
			<param name="Страна регистрации бренда"><![CDATA[Украина]]></param>
			<param name="Вес, г"><![CDATA[2]]></param>
			<param name="Гарантия"><![CDATA[14 дней]]></param>
			<param name="Количество персон"><![CDATA[5]]></param>
			<param name="Наличие"><![CDATA[есть]]></param>
			<param name="вес в упаковке кг"><![CDATA[0.2]]></param>
			<param name="высота в упаковке см"><![CDATA[10]]></param>
			<param name="глубина в упаковке см"><![CDATA[5]]></param>
			<param name="ширина в упаковке см"><![CDATA[5]]></param>
			<param name="количество грузовых мест"><![CDATA[1]]></param>
			<param name="штрихкод"><![CDATA[8000000025579]]></param>
		</offer>
		<offer id="KidsChopstick50" available="true">
			<url>https://ukrpodarok.com.ua/palochki-odnorazovie-dlya-sushi-uchebnie-50-sht-par-v-individualnoi-upakovke.html</url>
			<price>445</price>
			<price_old>725</price_old>
			<currencyId>UAH</currencyId>
			<categoryId>152313</categoryId>
			<picture>https://ukrpodarok.com.ua/images/152182_0.jpg</picture>
			<picture>https://ukrpodarok.com.ua/images/152182_99893.jpg</picture>
			<picture>https://ukrpodarok.com.ua/images/152182_99894.jpg</picture>
			<picture>https://ukrpodarok.com.ua/images/152182_99895.jpg</picture>
			<vendor>CG</vendor>
			<name>Палочки одноразовые для суши учебные 50 шт пар в индивидуальной упаковке</name>
			<barcode>8000000025579</barcode>
			<stock_quantity>50</stock_quantity>
			<description>
				<![CDATA[Детские палочки для суши Kids Chopstick помогут ребенку самостоятельно кушать. Кроме того могут служить как тренировочные палочки для тех кто не освоил классические палочки для суши.<br /><br />Как пользоваться?<br />На палочках есть специальные отверстия, проденьте одну палочку в другую и поверните на 90 градусов. Образуется "замок" и ими можно комфортно пользоваться<br />Хорошо отшлифованы,гладкая поверхность.<br />Необычная форма.<br />Палочки имеют плоскую форму,&nbsp;в отличии от обычных&nbsp;круглых, ими проще пользоваться.]]>
			</description>
			<param name="Материал"><![CDATA[Бамбук]]></param>
			<param name="Состав набора"><![CDATA[Палочки для еды;]]></param>
			<param name="Декорирование"><![CDATA[Однотонные модели;]]></param>
			<param name="Сегмент"><![CDATA[Для дома;]]></param>
			<param name="Дизайн"><![CDATA[Для нее;Для него;Детский;]]></param>
			<param name="Тип поставки"><![CDATA[Набор;]]></param>
			<param name="Производитель"><![CDATA[CG]]></param>
			<param name="Страна регистрации бренда"><![CDATA[Украина]]></param>
			<param name="Вес, г"><![CDATA[2]]></param>
			<param name="Гарантия"><![CDATA[14 дней]]></param>
			<param name="Наличие"><![CDATA[есть]]></param>
			<param name="вес в упаковке кг"><![CDATA[0.23]]></param>
			<param name="высота в упаковке см"><![CDATA[10]]></param>
			<param name="глубина в упаковке см"><![CDATA[4]]></param>
			<param name="ширина в упаковке см"><![CDATA[4]]></param>
			<param name="количество грузовых мест"><![CDATA[1]]></param>
			<param name="штрихкод"><![CDATA[8000000025579]]></param>
		</offer>
		<offer id="UFTBR1" available="false">
			<url>https://ukrpodarok.com.ua/parovoi-utyug-schetka-otparivatel-dlya-odezhdi-dorozhnii-perenosnoi-br1-steam-brush.html</url>
			<price>335</price>
			<price_old>499</price_old>
			<price_promo>301</price_promo>
			<currencyId>UAH</currencyId>
			<categoryId>152012</categoryId>
			<picture>https://ukrpodarok.com.ua/images/152013_0.jpg</picture>
			<picture>https://ukrpodarok.com.ua/images/52693_63665.jpg</picture>
			<picture>https://ukrpodarok.com.ua/images/52693_0.jpg</picture>
			<picture>https://ukrpodarok.com.ua/images/52693_63666.jpg</picture>
			<vendor>Steam Brush</vendor>
			<name>Паровой утюг щетка отпариватель для одежды дорожный переносной BR1 Steam Brush</name>
			<barcode>4820176252951</barcode>
			<stock_quantity>0</stock_quantity>
			<description>
				<![CDATA[<strong>Паровой утюг BR1&nbsp;</strong>это компактное устройство, которое за несколько минут приведет любую вашу одежду в надлежащее состояние.  Если вы часто находитесь в командировках или просто решили поехать куда-то на отдых ваш внешний вид &ndash; ваша визитная карточка.  Разумеется, вы не пойдете на важную встречу в мятом костюме или просто на прогулку в мятой рубашке или платье.   &nbsp;Отпариватель для одежды <strong>BR1</strong>&nbsp;можно использовать с на любой тканью, даже с той, которую обычным утюгом гладить нельзя. Паровая щетка <strong>BR1</strong><strong>&nbsp;</strong>работает по принципу подачи водяного пара под большим давлением, появляющимся при превращении воды в пар.  При взаимодействии с тканью струя пара моментально ее разглаживает, не нанося при этом вреда. Паровая щетка-утюг <strong>BR1&nbsp;</strong>будет полезна не только в путешествиях, а и просто при использовании в домашних условиях.  Для использования устройства достаточно просто залить необходимое количество обычной воды в специальный резервуар и включить прибор. Далее просто нажимаем на кнопку подачи пара и проводим над одеждой.   В комплекте несколько насадок, одна из которых выполнена в виде щетки. Используя такую насадку, вы сможете почистить, например, пальто или куртку даже не обращаясь в химчистку. &nbsp;  ]]>
			</description>
			<param name="Оснащение"><![CDATA[Автоматическая установка темпаратуры]]></param>
			<param name="Материал подошвы"><![CDATA[Нержавеющая сталь]]></param>
			<param name="Длина шнура"><![CDATA[1.65 м]]></param>
			<param name="Цвет"><![CDATA[Белый]]></param>
			<param name="Гарантия"><![CDATA[3 месяца]]></param>
			<param name="Режимы"><![CDATA[Постоянный пар]]></param>
			<param name="Мощность"><![CDATA[650]]></param>
			<param name="Наличие"><![CDATA[нет]]></param>
			<param name="вес в упаковке кг"><![CDATA[0.3]]></param>
			<param name="высота в упаковке см"><![CDATA[10]]></param>
			<param name="глубина в упаковке см"><![CDATA[10]]></param>
			<param name="ширина в упаковке см"><![CDATA[20]]></param>
			<param name="количество грузовых мест"><![CDATA[1]]></param>
			<param name="штрихкод"><![CDATA[4820176252951]]></param>
		</offer>
		<offer id="Tool02" available="false">
			<url>https://ukrpodarok.com.ua/payalnii-nabor-220v-60vt-payalnik-s-regulirovaniem-temperaturi-200-450c-v-sumke-multimetr-a830l.html</url>
			<price>899</price>
			<price_old>1099</price_old>
			<currencyId>UAH</currencyId>
			<categoryId>152158</categoryId>
			<picture>https://ukrpodarok.com.ua/images/152137_0.jpg</picture>
			<picture>https://ukrpodarok.com.ua/images/152137_99565.jpg</picture>
			<picture>https://ukrpodarok.com.ua/images/152137_99566.jpg</picture>
			<picture>https://ukrpodarok.com.ua/images/152137_99567.jpg</picture>
			<picture>https://ukrpodarok.com.ua/images/152137_99568.jpg</picture>
			<picture>https://ukrpodarok.com.ua/images/152137_99569.jpg</picture>
			<picture>https://ukrpodarok.com.ua/images/152137_99570.jpg</picture>
			<picture>https://ukrpodarok.com.ua/images/152137_99571.jpg</picture>
			<picture>https://ukrpodarok.com.ua/images/152137_99572.jpg</picture>
			<picture>https://ukrpodarok.com.ua/images/152137_99573.jpg</picture>
			<vendor>CG</vendor>
			<name>Паяльный набор 220В 60Вт паяльник с регулированием температуры 200-450C, в сумке + мультиметр A830L</name>
			<barcode></barcode>
			<stock_quantity>0</stock_quantity>
			<description>
				<![CDATA[<p>Паяльный набор&nbsp; 220V 60W упакован в удобный футляр на молнии и содержит всё необходимое для паяния. Будет полезен работникам электроники и просто тем, кому необходимо паять электрическое оборудование</p>  <p><strong>Особенности:</strong><br /><br /><strong>Легко использовать&nbsp;</strong>- Цифровой мультиметр А830L для измерения постоянного и переменного напряжения, постоянного тока, сопротивления, проверки диодов и целостности цепи. Измерение и хранение данных и функция чтения на большом дисплее LCD.</p>  <p><strong>Лучшая идея для подарка -</strong>&nbsp;различные виды ремонта электронных плат и микросхем, сварка, ювелирные изделия, гитара, часы, проводка, мобильные устройства, оборудование, небольшие электронные изделия, конденсаторы или аксессуары для телевизоров, подвески ваших детей, поделки. Комплектация достаточная для выполнения большинства работ, в папке остается место под дополнительный мелкий инструмент. Пригодится в работе мастеру на выезде либо для работ по дому.</p>  <p><strong>Удобный для хранения и транспортирования -&nbsp;</strong>Чехол удобен для хранения мелких инструментов, позволяет избежать потери паяльных принадлежностей.</p>  <p><strong>Что вы получаете -</strong>&nbsp;паяльный аппарат с регулируемой температурой 60 Вт, цифровой мультиметр, 5 наконечников для паяльника, ручка для вытягивания припоя, отвертка со сменными насадками в виде ручки, припой, пинцет, кусачки.</p>  <p><strong>Надёжность -&nbsp;</strong>профессиональный паяльный аппарат имеет 5 различных сменных насадок, конструкция которых устойчива к нагреванию и ударам, поэтому железную головку не так просто потерять. Регулировка температуры от 200 ? до 450 ?. Быстро нагревается и работает хорошо. 60 Вт, разогревается до режима ожидания за считанные минуты.</p>  <p><br /><strong>Спецификация:</strong></p>  <p>&nbsp;</p>  - Количество предметов: 15  - Подставка для паяльника: сталь<br />- Диапазон температур: 200-450 C<br />- Длина паяльника: 22 см<br />- Длина наконечников: 4 см<br />- Диаметр ручки: 2 см<br />- Ватт: 60 Вт.<br />- Длина шнура питания: 140 см<br />- Точная температура: 20&nbsp;C<br />- Вес: 110 г<br />- Температура хранения: -20 ? ~ 80 C<br />- Влажность хранения: 35% -45%  <p>&nbsp;</p>  <p><strong>В комплект поставки входят:</strong></p>  <p>&nbsp;</p>  1 х паяльник  5 х жала для паяльника<br />1 х подставка  1 х припой  1 х губка для паяльника  1 х олово-отсос  1 х пинцет<br />1 х отвертка с насадками, в виде ручки<br />1 x кусачки  1 х сумка  1 х мультиметр  <p><strong>Технические характеристики мультиметра</strong></p>  <p>-ЖК экран (максимальное значение &mdash; 1999)<br />-Кнопка фиксирования показаний и подсветка экрана<br />-Измерение постоянного и переменного напряжения, постоянного тока, сопротивления.<br />-1.5В тест батареи<br />-Функция прозвонки<br />-Тестирование диодов<br />-Индикатор низкого уровня заряда батареи<br />-Защита от перегрузки<br />-Работа от 9В батарейки( крона 6F22 )<br />Напряжение постоянного тока: 200mV/2 В/20 В/200 В/500 В &plusmn;0. 8%<br />Напряжение переменного тока: 200 В/500 В &plusmn;1. 2%<br />Постоянный ток: 2ма/20мА/200mA/10A &plusmn;1. 4%<br />Сопротивление: 200/2 К/20 К/200 К/2 м &plusmn;0. 8%<br />Размеры: 145х70х32мм<br />Вес с батарейкой: 144 гр</p>]]>
			</description>
			<param name="Мощность"><![CDATA[60 вт]]></param>
			<param name="Тип нагрева"><![CDATA[постоянный]]></param>
			<param name="Особенности"><![CDATA[С регулированием температуры]]></param>
			<param name="форма паяльника"><![CDATA[обычный]]></param>
			<param name="вид"><![CDATA[контактные]]></param>
			<param name="Гарантия"><![CDATA[6 месяцев]]></param>
			<param name="Наличие"><![CDATA[нет]]></param>
		</offer>
		<offer id="Tool01" available="false">
			<url>https://ukrpodarok.com.ua/payalymnyiyy-nabor-s-regulirovaniem-temperaturyi__-v-bokse-20-v-1-m-tool01.html</url>
			<price>649</price>
			<price_old>879</price_old>
			<currencyId>UAH</currencyId>
			<categoryId>152158</categoryId>
			<picture>https://ukrpodarok.com.ua/images/152138_0.jpg</picture>
			<picture>https://ukrpodarok.com.ua/images/152138_99809.jpg</picture>
			<picture>https://ukrpodarok.com.ua/images/152138_99556.jpg</picture>
			<picture>https://ukrpodarok.com.ua/images/152138_99557.jpg</picture>
			<picture>https://ukrpodarok.com.ua/images/152138_99558.jpg</picture>
			<picture>https://ukrpodarok.com.ua/images/152138_99559.jpg</picture>
			<picture>https://ukrpodarok.com.ua/images/152138_99560.jpg</picture>
			<picture>https://ukrpodarok.com.ua/images/152138_99561.jpg</picture>
			<picture>https://ukrpodarok.com.ua/images/152138_99562.jpg</picture>
			<picture>https://ukrpodarok.com.ua/images/152138_99563.jpg</picture>
			<vendor>CG</vendor>
			<name>Паяльный набор с регулированием температуры, в боксе 20 в 1 M+ Tool01</name>
			<barcode></barcode>
			<stock_quantity>0</stock_quantity>
			<description>
				<![CDATA[<p>Паяльный набор 220V 60W упакован в удобный бокс и содержит всё необходимое для паяния. Будет полезен работникам электроники и просто тем, кому необходимо паять электрическое оборудование</p>  <p><strong>Особенности:</strong><br /><br /><strong>Лучшая идея для подарка -</strong>&nbsp;различные виды ремонта электронных плат и микросхем, сварка, ювелирные изделия, гитара, часы, проводка, мобильные устройства, оборудование, небольшие электронные изделия, конденсаторы или аксессуары для телевизоров, подвески ваших детей, поделки. Комплектация достаточная для выполнения большинства работ, в боксе остается место под дополнительный мелкий инструмент. Пригодится в работе мастеру на выезде либо для работ по дому.</p>  <p><strong>Удобный для хранения и транспортирования -&nbsp;</strong>Бокс удобен для хранения мелких инструментов, позволяет избежать потери паяльных принадлежностей.</p>  <p><strong>Что вы получаете -</strong>&nbsp;паяльный аппарат с регулируемой температурой 60 Вт, 5 наконечников для паяльника, отвертка-тестер со сменной насадкой, ручка для вытягивания припоя, припой, канифоль, оплетка для пайки, пинцеты, скальпель, медная проволока, изолента, кусачки.</p>  <p><strong>Надежность -&nbsp;</strong>Профессиональный паяльный аппарат имеет 5 различных сменных насадок, конструкция которых устойчива к нагреванию и ударам, поэтому железную головку не так просто потерять. Регулировка температуры от 200 ? до 450 ?. Быстро нагревается и хорошо работает. 60 Вт, разогревается до режима ожидания за считанные минуты.<br /><br /><strong>Спецификация:</strong></p>  &nbsp;  - Количество предметов: 20  - Подставка для паяльника: сталь<br />- Диапазон температур: 200-450 ?<br />- Длина паяльника: 22 см<br />- Длина наконечников: 4 см<br />- Диаметр ручки: 2 см<br />- Ватт: 60 Вт.<br />- Длина шнура питания: 140 см<br />- Точная температура: 20 ?<br />- Вес: 110 г<br />- Температура хранения: -20 ? ~ 80 ?<br />- Влажность хранения: 35% -45%  <p>&nbsp;<strong>В комплект поставки входят:</strong></p>  <p>&nbsp;</p>  1 х паяльник  5 х жала для паяльника<br />1 х олово-отсос<br />1 х подставка<br />2 х Пинцет<br />1 х отвертка-тестер со сменной насадкой<br />1 х припой  1 х канифоль  1 х скальпель<br />1 x кусачки  1 х бокс  1 х медная проволока  1 х оплетка для пайки  1 х изолента  1 х губка для очистки для паяльника]]>
			</description>
			<param name="Мощность"><![CDATA[60 вт]]></param>
			<param name="Тип нагрева"><![CDATA[Постоянный]]></param>
			<param name="Особенности"><![CDATA[С регулировкой температуры]]></param>
			<param name="Форма паяльника"><![CDATA[Обычный]]></param>
			<param name="Вид"><![CDATA[Контактные]]></param>
			<param name="Гарантия"><![CDATA[6 месяцев]]></param>
			<param name="Наличие"><![CDATA[нет]]></param>
		</offer>
		<offer id="UFTSD1" available="true">
			<url>https://ukrpodarok.com.ua/penoobrazuyuschii-dispenser-dlya-zhidkogo-mila-s-datchikom-dvizheniya-na-500ml-uft-soap-dispenser.html</url>
			<price>519</price>
			<price_old>875</price_old>
			<currencyId>UAH</currencyId>
			<categoryId>152119</categoryId>
			<picture>https://ukrpodarok.com.ua/images/152120_0.jpg</picture>
			<picture>https://ukrpodarok.com.ua/images/152120_99503.jpg</picture>
			<picture>https://ukrpodarok.com.ua/images/152120_99504.jpg</picture>
			<vendor>UFT</vendor>
			<name>Пенообразующий диспенсер для жидкого мыла с датчиком движения на 500мл UFT Soap dispenser</name>
			<barcode>8000000024367</barcode>
			<stock_quantity>100</stock_quantity>
			<description>
				<![CDATA[<p>Автоматический дозатор для мыла имеет бесконтактный датчик, который выдает порцию вспененного мыла когда вы подносите к нему руку.</p>  <p>Нажав кнопки сверху, вы можете отрегулировать количество пены.</p>  <p>В комплекте идет подставка для крепления на стену с набором винтов.</p>  <p>&nbsp;Особенности:</p>  <p>Бесконтактный чувствительный датчик движения.</p>  <p>Регулируемый объем жидкости для мыла.</p>  <p>Плотная пена глубоко очищает вашу кожу.</p>  <p>Питание от 4х батареек АА (не идут в комплекте)</p>  <p>Объем резервуара для мыла 500 мл, корпус матовый, полупрозрачный, благодаря чему можно отслеживать когда пришло время пополнить запасы мыла.</p>  <p>&nbsp;Поэтому нет необходимости часто заправлять дозатор. Кроме того, дизайн корпуса матовой бутылки, вы можете проверить оставшееся количество мыла в любое время.</p>  <p>&nbsp;<br />*&nbsp;Мыло в компленкт не входит. Емкость для мыла бесцветная, на фото пример с желтым мылом.</p>]]>
			</description>
			<param name="Применение"><![CDATA[Для жидкого мыла]]></param>
			<param name="Материал"><![CDATA[Пластик]]></param>
			<param name="Питание"><![CDATA[4 х батарейки АА(не входит в комплект)]]></param>
			<param name="Обьем,л"><![CDATA[0.5]]></param>
			<param name="Размер"><![CDATA[190 х 98 x 72 мм]]></param>
			<param name="Гарантия"><![CDATA[14 дней]]></param>
			<param name="Тип установки"><![CDATA[Настенный;Настольный;]]></param>
			<param name="Управление"><![CDATA[Сенсорное]]></param>
			<param name="Бренд"><![CDATA[UFT]]></param>
			<param name="Особенности"><![CDATA[Электрический]]></param>
			<param name="Наличие"><![CDATA[есть]]></param>
			<param name="вес в упаковке кг"><![CDATA[0.3]]></param>
			<param name="высота в упаковке см"><![CDATA[22]]></param>
			<param name="глубина в упаковке см"><![CDATA[12]]></param>
			<param name="ширина в упаковке см"><![CDATA[10]]></param>
			<param name="количество грузовых мест"><![CDATA[1]]></param>
			<param name="штрихкод"><![CDATA[8000000024367]]></param>
		</offer>
		<offer id="UFT777" available="true">
			<url>https://ukrpodarok.com.ua/perehodnik-adapter-lightning-jack-3-5-mm-na-selfi-palku-dlya-iphone-777.html</url>
			<price>65</price>
			<price_old>99</price_old>
			<currencyId>UAH</currencyId>
			<categoryId>52588</categoryId>
			<picture>https://ukrpodarok.com.ua/images/152015_0.jpg</picture>
			<picture>https://ukrpodarok.com.ua/images/52695_63663.jpg</picture>
			<picture>https://ukrpodarok.com.ua/images/52695_63707.jpg</picture>
			<picture>https://ukrpodarok.com.ua/images/52695_63664.jpg</picture>
			<vendor>CG</vendor>
			<name>Переходник адаптер Lightning - Jack 3.5 мм на селфи палку для IPhone 777</name>
			<barcode>4820176253125</barcode>
			<stock_quantity>8</stock_quantity>
			<description>
				<![CDATA[<p>Адаптер<b>&nbsp;Lightning 777&nbsp;</b>позволяет подключать селфи-монопод&nbsp;с разъёмом 3.5 мм к устройствам с разъёмом Lightning. Поддерживает все устройства с разъёмом Lightning и iOS 10 или новее, в том числе iPod touch, iPad и iPhone (в том числе&nbsp;<b>iPhone 7</b>).<br />Адаптер для&nbsp;селфи палки&nbsp;<b>777</b>&nbsp;специально разработан для&nbsp;подключения проводных моноподов к&nbsp;<b>iPhone</b>.<br />Благодаря компактным размерам адаптер удобен в использовании.&nbsp; Его можно повесить как брелок , а небольшой шнурок позволит&nbsp;<br /><br /><br /></p>]]>
			</description>
			<param name="Тип"><![CDATA[Адаптеры(Переходники)]]></param>
			<param name="Тип коннектора 2"><![CDATA[Apple Lightning]]></param>
			<param name="Тип коннектора 1"><![CDATA[3.5 мм mini-jack]]></param>
			<param name="Применение"><![CDATA[Телефон;Планшет;]]></param>
			<param name="Совместимость"><![CDATA[Apple]]></param>
			<param name="Странапроизводитель"><![CDATA[Китай]]></param>
			<param name="Гарантия"><![CDATA[14 дней]]></param>
			<param name="Цвет"><![CDATA[Белый]]></param>
			<param name="Наличие"><![CDATA[есть]]></param>
			<param name="вес в упаковке кг"><![CDATA[0.1]]></param>
			<param name="высота в упаковке см"><![CDATA[5]]></param>
			<param name="глубина в упаковке см"><![CDATA[5]]></param>
			<param name="ширина в упаковке см"><![CDATA[5]]></param>
			<param name="количество грузовых мест"><![CDATA[1]]></param>
			<param name="штрихкод"><![CDATA[4820176253125]]></param>
		</offer>
		<offer id="UFT888" available="false">
			<url>https://ukrpodarok.com.ua/perehodnik-na-selfi-palku-dlya-aifon-888.html</url>
			<price>199</price>
			<currencyId>UAH</currencyId>
			<categoryId>49837</categoryId>
			<picture>https://ukrpodarok.com.ua/images/52694_0.jpg</picture>
			<picture>https://ukrpodarok.com.ua/images/52694_0.jpg</picture>
			<picture>https://ukrpodarok.com.ua/images/52694_63657.jpg</picture>
			<picture>https://ukrpodarok.com.ua/images/52694_63658.jpg</picture>
			<picture>https://ukrpodarok.com.ua/images/52694_63656.jpg</picture>
			<vendor>M+</vendor>
			<name>Переходник на селфи палку для айфон 888</name>
			<barcode></barcode>
			<stock_quantity>0</stock_quantity>
			<description>
				<![CDATA[<p>Адаптер<b>&nbsp;888&nbsp;Lightning &mdash; 3.5 mm&nbsp;</b>позволяет подключать аксессуары с разъёмом 3.5 мм к устройствам с разъёмом Lightning. Поддерживает все устройства с разъёмом Lightning и iOS 10 или новее, в том числе iPod touch, iPad и iPhone (в том числе&nbsp;<b>iPhone 7</b>).<br /></p>]]>
			</description>
			<param name="Вид"><![CDATA[Переходники]]></param>
			<param name="Выходной разъем"><![CDATA[3.5 mm Jack]]></param>
			<param name="Тип"><![CDATA[Apple Lightning - 3.5 мм]]></param>
			<param name="Цвет"><![CDATA[White]]></param>
			<param name="Гарантия"><![CDATA[6 месяцев]]></param>
			<param name="Наличие"><![CDATA[нет]]></param>
		</offer>
		<offer id="CGhairremovalgloves" available="true">
			<url>https://ukrpodarok.com.ua/perchatka-dlya-vichesivaniya-shersti-domashnih-zhivotnih-hair-removal-gloves.html</url>
			<price>177</price>
			<price_old>199</price_old>
			<price_promo>153</price_promo>
			<currencyId>UAH</currencyId>
			<categoryId>52715</categoryId>
			<picture>https://ukrpodarok.com.ua/images/151385_0.jpg</picture>
			<picture>https://ukrpodarok.com.ua/images/52638_63758.jpg</picture>
			<picture>https://ukrpodarok.com.ua/images/52638_0.jpg</picture>
			<picture>https://ukrpodarok.com.ua/images/52638_63757.jpg</picture>
			<vendor>CG</vendor>
			<name>Перчатка для вычесывания шерсти домашних животных Hair Removal Gloves</name>
			<barcode>4820176253507</barcode>
			<stock_quantity>50</stock_quantity>
			<description>
				<![CDATA[<p>Перчатка подходит для всех типов шерсти.</p>  <p>Просто погладьте вашего питомца этой перчаткой, и на ней соберется вся грязь и лишняя шерсть. После чего просто промойте перчатку водой.</p>  <p>Это сэкономит вам время на уборку шерсти и очистку одежды.</p>  <p>Кроме того перчатка во время расчесывания еще и массажирует, что способствует улучшению кровообращения.<br />Внешняя сторона перчатки с сеточкой, что бы ваша рука дышала.</p>]]>
			</description>
			<param name="Тип"><![CDATA[Рукавицы]]></param>
			<param name="Порода"><![CDATA[Все породы]]></param>
			<param name="Применение"><![CDATA[Кошкам;Собакам;]]></param>
			<param name="Особенности"><![CDATA[Для использования во время линьки]]></param>
			<param name="Цвет"><![CDATA[Синий;Черный;]]></param>
			<param name="Размер"><![CDATA[Универсальный]]></param>
			<param name="Материал"><![CDATA[Резина;Текстиль;]]></param>
			<param name="Гарантия"><![CDATA[14 дней]]></param>
			<param name="Наличие"><![CDATA[есть]]></param>
			<param name="вес в упаковке кг"><![CDATA[0.2]]></param>
			<param name="высота в упаковке см"><![CDATA[3]]></param>
			<param name="глубина в упаковке см"><![CDATA[5]]></param>
			<param name="ширина в упаковке см"><![CDATA[9]]></param>
			<param name="количество грузовых мест"><![CDATA[1]]></param>
			<param name="штрихкод"><![CDATA[4820176253507]]></param>
		</offer>
		<offer id="CGBizePuppy" available="true">
			<url>https://ukrpodarok.com.ua/pesik-topotun-interaktivnaya-muzikalnaya-igrushka-bize-puppy-(cgbizepuppy).html</url>
			<price>599</price>
			<price_old>945</price_old>
			<currencyId>UAH</currencyId>
			<categoryId>1558</categoryId>
			<picture>https://ukrpodarok.com.ua/images/152092_0.jpg</picture>
			<picture>https://ukrpodarok.com.ua/images/152092_99927.jpg</picture>
			<picture>https://ukrpodarok.com.ua/images/152092_99928.jpg</picture>
			<picture>https://ukrpodarok.com.ua/images/152092_99929.jpg</picture>
			<vendor>CG</vendor>
			<name>Песик Топотун интерактивная музыкальная игрушка Bize Puppy (CGBizePuppy)</name>
			<barcode>4820176259004</barcode>
			<stock_quantity>5</stock_quantity>
			<description>
				<![CDATA[Мягкая игрушка Песик Топотун (от англю. Thumper) танцует и поет веселую песню "Арам Зам Зам".Песик Thumper выполнен из качественных, гипоаллергенных и приятных на ощупь материалов.Плюшевая игрушка Топотун без сомнений понравится вашему малышу. <br />Размер 25 х 10 х 10 см <br />Цвет Синий/коричневый <br />Материал Плюш <br />Детский возраст От 3 лет <br />Страна производитель товара Китай <br />Страна регистрации бренда Украина <br />Гарантия 3 месяца Дополнительные характеристики <br />Требуются батарейки 3 х АА (не входят в комплект)]]>
			</description>
			<param name="Цвет"><![CDATA[Коричневый]]></param>
			<param name="Тип"><![CDATA[Развивающие]]></param>
			<param name="Вид"><![CDATA[Животные]]></param>
			<param name="Размер"><![CDATA[33х16х17 см]]></param>
			<param name="Особенности"><![CDATA[Музыкальные]]></param>
			<param name="Сегмент"><![CDATA[Для дома]]></param>
			<param name="Странапроизводитель"><![CDATA[Китай]]></param>
			<param name="гарантия"><![CDATA[14 дней]]></param>
			<param name="Гарантия"><![CDATA[6 месяцев]]></param>
			<param name="Наличие"><![CDATA[есть]]></param>
			<param name="вес в упаковке кг"><![CDATA[0.5]]></param>
			<param name="высота в упаковке см"><![CDATA[50]]></param>
			<param name="глубина в упаковке см"><![CDATA[10]]></param>
			<param name="ширина в упаковке см"><![CDATA[15]]></param>
			<param name="количество грузовых мест"><![CDATA[1]]></param>
			<param name="штрихкод"><![CDATA[4820176259004]]></param>
		</offer>
		<offer id="M+TCM1" available="true">
			<url>https://ukrpodarok.com.ua/petlichnii-mikrofon-dlya-smartfona-petlichka-s-klipsoi-3-5-mm-mini-jack-uft-tcm1.html</url>
			<price>279</price>
			<price_old>299</price_old>
			<currencyId>UAH</currencyId>
			<categoryId>52718</categoryId>
			<picture>https://ukrpodarok.com.ua/images/52650_0.jpg</picture>
			<picture>https://ukrpodarok.com.ua/images/151969_100378.jpg</picture>
			<picture>https://ukrpodarok.com.ua/images/151969_100377.jpg</picture>
			<picture>https://ukrpodarok.com.ua/images/52650_0.jpg</picture>
			<picture>https://ukrpodarok.com.ua/images/151969_100359.jpg</picture>
			<picture>https://ukrpodarok.com.ua/images/151969_100360.jpg</picture>
			<picture>https://ukrpodarok.com.ua/images/151969_100361.jpg</picture>
			<picture>https://ukrpodarok.com.ua/images/151969_100362.jpg</picture>
			<picture>https://ukrpodarok.com.ua/images/151969_100363.jpg</picture>
			<vendor>UFT</vendor>
			<name>Петличный микрофон для смартфона петличка с клипсой 3.5 мм mini-jack UFT TCM1</name>
			<barcode>4820176253743</barcode>
			<stock_quantity>50</stock_quantity>
			<description>
				<![CDATA[<p>TCM1 &ndash; петличный микрофон для блогеров, спикеров, интервьюеров.</p>  <p>Компактный, персональный микрофон создан для проведения вебинаров, выступлений перед аудиторией, или записи интервью.</p>  <p>Разъем для гарнитуры 3,5 мм позволяет его подключить петличку к смартфону, планшету.</p>  <p>]]>
			</description>
			<param name="Тип"><![CDATA[Конденсаторные]]></param>
			<param name="Вид"><![CDATA[Ручные]]></param>
			<param name="Направленность"><![CDATA[Всенаправленные]]></param>
			<param name="Разъемы"><![CDATA[3.5 мм mini-jack]]></param>
			<param name="Цвет"><![CDATA[Черный]]></param>
			<param name="Кабель в комплекте"><![CDATA[Есть]]></param>
			<param name="Вес"><![CDATA[14 г]]></param>
			<param name="Длина шнура"><![CDATA[1.4 м]]></param>
			<param name="Чувствительность"><![CDATA[-30дБ]]></param>
			<param name="Бренд"><![CDATA[UFT]]></param>
			<param name="Диапазон частот"><![CDATA[65-18000Гц]]></param>
			<param name="Гарантия"><![CDATA[6 месяцев]]></param>
			<param name="Наличие"><![CDATA[есть]]></param>
			<param name="вес в упаковке кг"><![CDATA[0.03]]></param>
			<param name="высота в упаковке см"><![CDATA[8.5]]></param>
			<param name="глубина в упаковке см"><![CDATA[2.8]]></param>
			<param name="ширина в упаковке см"><![CDATA[11.8]]></param>
			<param name="количество грузовых мест"><![CDATA[1]]></param>
			<param name="штрихкод"><![CDATA[4820176253743]]></param>
		</offer>
		<offer id="uftargun1blue" available="false">
			<url>https://ukrpodarok.com.ua/pistolet-virtualnoi-realnosti-ar-gun-uftargun1-sinii.html</url>
			<price>478</price>
			<price_old>499</price_old>
			<currencyId>UAH</currencyId>
			<categoryId>50495</categoryId>
			<picture>https://ukrpodarok.com.ua/images/1568_0.jpg</picture>
			<picture>https://ukrpodarok.com.ua/images/42274_2304.jpg</picture>
			<vendor>CG</vendor>
			<name>Пистолет виртуальной реальности AR Gun UFTargun1 синий</name>
			<barcode>8000000003669</barcode>
			<stock_quantity>0</stock_quantity>
			<description>
				<![CDATA[<p>Пистолет виртуальной реальности AR Gun является гаджетом-геймпадом, который позволяет ощутить себя героем шутеров в реальном времени. Геймпад представляет собой небольшой пистолет, изготовленный из пластика повышенной прочности, что продлевает срок службы. Устройство работает от двух батареек ААА&nbsp;(в комплект не входят), и синхронизируется со смартфоном, который закрепляется на корпусе устройства, посредством Bluetooth. Для запуска видеоигр требуется установка на телефон специального приложения которе загружается на телефон по QR коду, после чего пользователь может выбрать для себя любую игру, от развлечения до развивающих программ.&nbsp;</p>  <p>Использовать&nbsp;UFTargun очень просто:</p>  <p>Запускаем приложение и зажимаем курок пистолета на 3 сек. После установления приложения, пистолет виртуальной реальности AR Gun синхронизируется со смартфоном и появится меню с выбором игр. В крепеж устанавливается смартфон и можно стрелять. Нет привязки к месту (можно стрелять как дома так и на природе).&nbsp;UFTargun по душе не только детям, а и взрослым.&nbsp;</p>  <p></p>]]>
			</description>
			<param name="Работает"><![CDATA[с IOS и Android]]></param>
			<param name="Вес"><![CDATA[0,4 кг]]></param>
			<param name="Цвет"><![CDATA[синий]]></param>
			<param name="Материал"><![CDATA[пластик]]></param>
			<param name="Гарантия"><![CDATA[14 дней]]></param>
			<param name="Комплектация"><![CDATA[игрушка, инструкция;]]></param>
			<param name="Наличие"><![CDATA[нет]]></param>
			<param name="штрихкод"><![CDATA[8000000003669]]></param>
		</offer>
		<offer id="P1blue" available="false">
			<url>https://ukrpodarok.com.ua/pled-s-rukavami-i-karmanom-sinii-140x180-sm-cg-p1.html</url>
			<price>499</price>
			<price_old>645</price_old>
			<currencyId>UAH</currencyId>
			<categoryId>1562</categoryId>
			<picture>https://ukrpodarok.com.ua/images/52726_0.jpg</picture>
			<vendor>CG</vendor>
			<name>Плед с рукавами и карманом Синий 140x180 см CG P1</name>
			<barcode>8000000021519</barcode>
			<stock_quantity>0</stock_quantity>
			<description>
				<![CDATA[<p>Укрывшись флисовым пледом Вы навсегда забудете что такое холодные ноги и руки. Плед укрывает все тело, его длинна два метра, что позволяет укрыться взрослому человеку.</p>  <p>Ну и конечно изюминка пледа &ndash; рукава. Больше не будет потребности раскрываться что бы переключить канал или ответить на телефонный звонок. Вы сможете делать это все оставаясь полностью укрытыми.</p>  <p>Укутавшись в плед, читать книги станет еще приятнее и комфортнее, что невозможно полноценно сделать укрываясь обычным пледом или покрывалом.</p>  <p>Материал невероятно мягкий и теплый. Его можно стирать в машинке, он быстро сохнет и имеет хорошие дышащие свойства и высокую износостойкость.&nbsp;<br />К тому же не вызывает аллергию. Не зря изобретатели флиса получили Нобелевскую премию.</p>  <p>Его так же можно использовать как халат, и ходить в нем по квартире.</p>  <p>Дизайн универсальный, подойдет как женщина, так и мужчинам.</p>  <p>Заменит Вам традиционный плед, одеяло или покрывало.<br />Размеры: 140х180 см<br /></p>  <p>&nbsp;</p>  <p><b>Уход за пледом:</b><br />- стирать до 30-40 Со, отдельно от вещей иного цвета;<br />- можно использовать отбеливатель без хлора;<br />- во время стирки не нужно использовать смягчители для тканей.</p>  <p>- рекомендуем при стирке использовать антистатик, что бы плед не электризовался.</p>  <p>&nbsp;</p>]]>
			</description>
			<param name="Размеры"><![CDATA[140х180 см]]></param>
			<param name="Количество"><![CDATA[1 шт]]></param>
			<param name="Дизайн и декор"><![CDATA[Однотонные модели]]></param>
			<param name="Материал"><![CDATA[ПолиестерФлис]]></param>
			<param name="Назначение"><![CDATA[На кресло]]></param>
			<param name="Цвет"><![CDATA[Синий]]></param>
			<param name="Плотность"><![CDATA[180 г/м2]]></param>
			<param name="Страна регистрации бренда"><![CDATA[Украина]]></param>
			<param name="Гарантия"><![CDATA[14 дней]]></param>
			<param name="Наличие"><![CDATA[нет]]></param>
			<param name="вес в упаковке кг"><![CDATA[0.4]]></param>
			<param name="высота в упаковке см"><![CDATA[20]]></param>
			<param name="глубина в упаковке см"><![CDATA[30]]></param>
			<param name="ширина в упаковке см"><![CDATA[20]]></param>
			<param name="количество грузовых мест"><![CDATA[1]]></param>
			<param name="штрихкод"><![CDATA[8000000021519]]></param>
		</offer>
		<offer id="P1pink" available="false">
			<url>https://ukrpodarok.com.ua/pled-s-rukavami-rozovii-140x180-sm-cg-p1.html</url>
			<price>499</price>
			<price_old>699</price_old>
			<price_promo>411</price_promo>
			<currencyId>UAH</currencyId>
			<categoryId>1562</categoryId>
			<picture>https://ukrpodarok.com.ua/images/52766_0.jpg</picture>
			<vendor>СG</vendor>
			<name>Плед с рукавами Розовый 140x180 см CG P1</name>
			<barcode>8000000029881</barcode>
			<stock_quantity>0</stock_quantity>
			<description>
				<![CDATA[<p>Укрывшись флисовым пледом Вы навсегда забудете что такое холодные ноги и руки. Плед укрывает все тело, его длинна два метра, что позволяет укрыться взрослому человеку.</p>  <p>Ну и конечно изюминка пледа &ndash; рукава. Больше не будет потребности раскрываться что бы переключить канал или ответить на телефонный звонок. Вы сможете делать это все оставаясь полностью укрытыми.</p>  <p>Укутавшись в плед, читать книги станет еще приятнее и комфортнее, что невозможно полноценно сделать укрываясь обычным пледом или покрывалом.</p>  <p>Материал невероятно мягкий и теплый. Его можно стирать в машинке, он быстро сохнет и имеет хорошие дышащие свойства и высокую износостойкость.&nbsp;<br />К тому же не вызывает аллергию. Не зря изобретатели флиса получили Нобелевскую премию.</p>  <p>Его так же можно использовать как халат, и ходить в нем по квартире.</p>  <p>Дизайн универсальный, подойдет как женщина, так и мужчинам.</p>  <p>Заменит Вам традиционный плед, одеяло или покрывало.</p>  <p>&nbsp;</p>  <p><b>Уход за пледом:</b><br />- стирать до 30-40 Со, отдельно от вещей иного цвета;<br />- можно использовать отбеливатель без хлора;<br />- во время стирки не нужно использовать смягчители для тканей.</p>  <p>- рекомендуем при стирке использовать антистатик, что бы плед не электризовался.</p>  <p>&nbsp;</p>]]>
			</description>
			<param name="Размеры"><![CDATA[140х180 см]]></param>
			<param name="Количество"><![CDATA[1 шт]]></param>
			<param name="Дизайн и декор"><![CDATA[Однотонные модели]]></param>
			<param name="Материал"><![CDATA[ПолиестерФлис]]></param>
			<param name="Назначение"><![CDATA[На кресло]]></param>
			<param name="Цвет"><![CDATA[Розовый]]></param>
			<param name="Плотность"><![CDATA[180 г/м2]]></param>
			<param name="Страна регистрации бренда"><![CDATA[Украина]]></param>
			<param name="Гарантия"><![CDATA[14 дней]]></param>
			<param name="Наличие"><![CDATA[нет]]></param>
			<param name="вес в упаковке кг"><![CDATA[0.4]]></param>
			<param name="высота в упаковке см"><![CDATA[20]]></param>
			<param name="глубина в упаковке см"><![CDATA[30]]></param>
			<param name="ширина в упаковке см"><![CDATA[20]]></param>
			<param name="количество грузовых мест"><![CDATA[1]]></param>
			<param name="штрихкод"><![CDATA[8000000029881]]></param>
		</offer>
		<offer id="PleidHoodie" available="false">
			<url>https://ukrpodarok.com.ua/pled-hudi-tolstovka-s-kapyushonom-uft-pleid-hoodie-sinii.html</url>
			<price>585</price>
			<price_old>899</price_old>
			<price_promo>484</price_promo>
			<currencyId>UAH</currencyId>
			<categoryId>1562</categoryId>
			<picture>https://ukrpodarok.com.ua/images/152163_0.jpg</picture>
			<picture>https://ukrpodarok.com.ua/images/152163_99607.jpg</picture>
			<picture>https://ukrpodarok.com.ua/images/152163_99608.jpg</picture>
			<picture>https://ukrpodarok.com.ua/images/152163_99609.jpg</picture>
			<picture>https://ukrpodarok.com.ua/images/152163_99610.jpg</picture>
			<vendor>UFT</vendor>
			<name>Плед-худи толстовка с капюшоном UFT Pleid Hoodie Синий</name>
			<barcode>8000000025364</barcode>
			<stock_quantity>0</stock_quantity>
			<description>
				<![CDATA[Толстовка-плед с капюшоном Hoodie это самый уютный и комфортный аксессуар с капюшоном, сочетающий в себе большую толстовку и теплое одеяло, хорошо согревающее дома или на открытом воздухе.<br />Тёплая кофта с капюшоном напоминает лёгкий анорак: так же надевается через голову и не имеет застёжки. Толстовка сшита из ультра мягкого флиса, имеет один большой размер.&nbsp;Плед худи это комбинация мягкого теплого одеяла и комфортной толстовки с капюшоном (худи).<br /><br />В большой карман можно положить все, что вам необходимо иметь под рукой.<br />Hoodie будет окутывать вас теплом и мягкостью дома или на природе. Понравится и взрослым, и детям.]]>
			</description>
			<param name="Материал"><![CDATA[Флис]]></param>
			<param name="Цвет"><![CDATA[Синий]]></param>
			<param name="Размеры"><![CDATA[80 х 110 см]]></param>
			<param name="Дизайн и декор"><![CDATA[Однотонные модели]]></param>
			<param name="Особенности"><![CDATA[ДвусторонниеС рукавами]]></param>
			<param name="Гарантия"><![CDATA[1 месяц]]></param>
			<param name="Вес с упаковкой"><![CDATA[400 г]]></param>
			<param name="Высота пледа"><![CDATA[110см]]></param>
			<param name="Обхват"><![CDATA[180 см]]></param>
			<param name="Длина рукава"><![CDATA[49 см]]></param>
			<param name="Бренд"><![CDATA[UFT]]></param>
			<param name="Наличие"><![CDATA[нет]]></param>
			<param name="вес в упаковке кг"><![CDATA[0.4]]></param>
			<param name="высота в упаковке см"><![CDATA[30]]></param>
			<param name="глубина в упаковке см"><![CDATA[25]]></param>
			<param name="ширина в упаковке см"><![CDATA[13]]></param>
			<param name="количество грузовых мест"><![CDATA[1]]></param>
			<param name="штрихкод"><![CDATA[8000000025364]]></param>
		</offer>
		<offer id="UFTSP5000black" available="false">
			<url>https://ukrpodarok.com.ua/poverbank-5000-mah-so-vstroennimi-kabelyami-micro-usb-lightning-type-c-uft-sp5000-black.html</url>
			<price>999</price>
			<price_old>1369</price_old>
			<currencyId>UAH</currencyId>
			<categoryId>52384</categoryId>
			<picture>https://ukrpodarok.com.ua/images/152391_0.jpg</picture>
			<picture>https://ukrpodarok.com.ua/images/152391_100750.jpg</picture>
			<picture>https://ukrpodarok.com.ua/images/152391_100751.jpg</picture>
			<picture>https://ukrpodarok.com.ua/images/152391_100752.jpg</picture>
			<picture>https://ukrpodarok.com.ua/images/152391_100753.jpg</picture>
			<vendor>UFT</vendor>
			<name>Повербанк 5000 mAh со встроенными кабелями Micro USB / Lightning / Type-C UFT SP5000 Black</name>
			<barcode></barcode>
			<stock_quantity>0</stock_quantity>
			<description>
				<![CDATA[Power Bank ємністю 5000mAh має 3 вбудовані кабелі Micro USB, Lightning, Type-C, і здатний одночасно заряджати 3 різних пристрої, такі як смартфон, планшет, iqos, навушники, смарт-годинник та інше.<br />Заряджайте на ходу та не прив'язуйтесь до розеток.<br /><br />Для включення повербанка натисніть кнопку "Power on", на боці пристрою. Є LED індикатор заряду.<br /><br />УМБ заряджається кабелем Type-C (у комплекті не постачається).<br /><br />Лімітована серія Black Edition.]]>
			</description>
			<param name="Вид"><![CDATA[Повербанк]]></param>
			<param name="Емкость батареи мАч"><![CDATA[5000-9999]]></param>
			<param name="Тип аккамуляторов"><![CDATA[Литий-полимерные (Li-pol)]]></param>
			<param name="Индикация"><![CDATA[С индикатором уровня заряда]]></param>
			<param name="Заряжается от"><![CDATA[USB, сети]]></param>
			<param name="Выходные интерфейсы"><![CDATA[Micro-USB;Lightning;USB Type C;]]></param>
			<param name="Переходники в комплекте"><![CDATA[Micro-USB;Lightning;USB Type C;]]></param>
			<param name="Входные интерфейсы"><![CDATA[USB Type C]]></param>
			<param name="Входное напряжение, В"><![CDATA[5]]></param>
			<param name="Выходное напряжение, В"><![CDATA[2.1A]]></param>
			<param name="Размеры"><![CDATA[145х70х9мм]]></param>
			<param name="Цвет"><![CDATA[Черный]]></param>
			<param name="Вес"><![CDATA[180г]]></param>
			<param name="Комплектация"><![CDATA[УМБ]]></param>
			<param name="Страна регистрации бренда"><![CDATA[Украина]]></param>
			<param name="Гарантия"><![CDATA[12 месяцев]]></param>
			<param name="Наличие"><![CDATA[нет]]></param>
		</offer>
		<offer id="CGTSET2" available="false">
			<url>https://ukrpodarok.com.ua/podnos-podstavka-dlya-chainoi-tseremonii-uft-tset2-derevyannaya-chaban-v-traditsionnom-stile.html</url>
			<price>6999</price>
			<price_old>8299</price_old>
			<currencyId>UAH</currencyId>
			<categoryId>152221</categoryId>
			<picture>https://ukrpodarok.com.ua/images/152223_0.jpg</picture>
			<picture>https://ukrpodarok.com.ua/images/152223_100028.jpg</picture>
			<picture>https://ukrpodarok.com.ua/images/152223_100029.jpg</picture>
			<picture>https://ukrpodarok.com.ua/images/152223_100030.jpg</picture>
			<picture>https://ukrpodarok.com.ua/images/152223_100031.jpg</picture>
			<picture>https://ukrpodarok.com.ua/images/152223_100032.jpg</picture>
			<vendor>CG</vendor>
			<name>Поднос подставка для чайной церемонии UFT TSET2 Деревянная чабань в традиционном стиле</name>
			<barcode>8000000028778</barcode>
			<stock_quantity>0</stock_quantity>
			<description>
				<![CDATA[Чабань, другими словами&nbsp;&ldquo;чайная доска&rdquo; - неотъемлемый элемент чайной церемонии. На ней располагаются вся необходимая посуда.<br />Чайный поднос <strong>TEA SET 2</strong>&nbsp;изготовлен из высококачественной древесины, отшлифован и покрыт лаком,&nbsp;имеет гладкую и приятную на ощупь поверхность.<br /><br />Устройство этой чайной доски очень простое. Поверхность доски имеет углубление с&nbsp;дренажным отверстием, к которому присоединяется трубка для внешнего слива воды. Сверху накрытое&nbsp;решеткой.<br /><br />Подставка стильная и очень удобная в использовании,&nbsp;сильно облегчает процедуру заваривания чая, ведь больше не нужно беспокоится о том, куда девать лишнюю воду.<br />Такая, достаточно большая чабань, будет хорошим подарком, как для чайного мастера, так и для начинающего ценителя чайной культуры чаепития.<br />Размеры:50х27х4<br />Вес:3 кг]]>
			</description>
			<param name="Тип"><![CDATA[Поднос]]></param>
			<param name="Декорирование"><![CDATA[Восточная тематика]]></param>
			<param name="Материал"><![CDATA[Дерево]]></param>
			<param name="Форма"><![CDATA[Прямоугольная]]></param>
			<param name="Назначение"><![CDATA[Для чашки]]></param>
			<param name="Дизайн"><![CDATA[Для него;Для неё;]]></param>
			<param name="Страна регистрации бренда"><![CDATA[Украина]]></param>
			<param name="Вес"><![CDATA[3 кг]]></param>
			<param name="Гарантия"><![CDATA[6 месяцев]]></param>
			<param name="Наличие"><![CDATA[нет]]></param>
			<param name="вес в упаковке кг"><![CDATA[0.4]]></param>
			<param name="высота в упаковке см"><![CDATA[45]]></param>
			<param name="глубина в упаковке см"><![CDATA[8]]></param>
			<param name="ширина в упаковке см"><![CDATA[50]]></param>
			<param name="количество грузовых мест"><![CDATA[1]]></param>
			<param name="штрихкод"><![CDATA[8000000028778]]></param>
		</offer>
		<offer id="CGIP44" available="true">
			<url>https://ukrpodarok.com.ua/podstavka-uvelichitel-ekrana-dlya-smartfona-uft-ip44.html</url>
			<price>150</price>
			<price_old>244</price_old>
			<price_promo>132</price_promo>
			<currencyId>UAH</currencyId>
			<categoryId>960</categoryId>
			<picture>https://ukrpodarok.com.ua/images/151096_0.jpg</picture>
			<picture>https://ukrpodarok.com.ua/images/1235_983.jpg</picture>
			<picture>https://ukrpodarok.com.ua/images/1235_984.jpg</picture>
			<picture>https://ukrpodarok.com.ua/images/1235_985.jpg</picture>
			<vendor>UFT</vendor>
			<name>Подставка-увеличитель экрана для смартфона UFT IP44</name>
			<barcode>4820176244314</barcode>
			<stock_quantity>100</stock_quantity>
			<description>
				<![CDATA[<p>Подставка для телефона которая увеличивает экран в 3 раза. Уменьшает усталость глаз при просмотре видео с телефона.<br />Невероятная новинка на рынке гаджетов и аксессуаров. <br />Подставка&nbsp; для телефона которая увеличивает экран в 3 раза. Уменьшает усталость глаз при просмотре видео с телефона.<br />Любите смотреть видео на телефоне, общаться в соц сетях и сидеть в интернете, но у вас устают глаза от маленького экрана? С помощью Подставка для телефона вы сможете решите эти проблемы. Ваш маленький экран превратиться в дисплей, как у планшета.<br />Размер товара-&nbsp;183x123x8 мм</p>]]>
			</description>
			<param name="Место установки"><![CDATA[Стол]]></param>
			<param name="Тип"><![CDATA[Увеличитель экрана телефона]]></param>
			<param name="Назначение"><![CDATA[Для мобильных телефонов]]></param>
			<param name="Тип крепления девайса"><![CDATA[Без крепления]]></param>
			<param name="Вид"><![CDATA[Подставки]]></param>
			<param name="Тип крепления держателя"><![CDATA[Без крепления]]></param>
			<param name="Материал"><![CDATA[Силикон; Акрил;ABS-пластик;]]></param>
			<param name="Размер, см"><![CDATA[18.3x 12.3x 0.8]]></param>
			<param name="Вес,г"><![CDATA[85]]></param>
			<param name="Цвет"><![CDATA[Черный]]></param>
			<param name="Гарантия"><![CDATA[14 дней]]></param>
			<param name="Наличие"><![CDATA[есть]]></param>
			<param name="вес в упаковке кг"><![CDATA[0.3]]></param>
			<param name="высота в упаковке см"><![CDATA[20]]></param>
			<param name="глубина в упаковке см"><![CDATA[4]]></param>
			<param name="ширина в упаковке см"><![CDATA[14]]></param>
			<param name="количество грузовых мест"><![CDATA[1]]></param>
			<param name="штрихкод"><![CDATA[4820176244314]]></param>
		</offer>
		<offer id="CGIP44Wood" available="true">
			<url>https://ukrpodarok.com.ua/podstavka-uvelichitel-ekrana-dlya-smartfona-uft-ip44-wood.html</url>
			<price>399</price>
			<price_old>545</price_old>
			<price_promo>285</price_promo>
			<currencyId>UAH</currencyId>
			<categoryId>960</categoryId>
			<picture>https://ukrpodarok.com.ua/images/52827_0.jpg</picture>
			<picture>https://ukrpodarok.com.ua/images/52827_69248.jpg</picture>
			<picture>https://ukrpodarok.com.ua/images/52827_69250.jpg</picture>
			<picture>https://ukrpodarok.com.ua/images/52827_69249.jpg</picture>
			<vendor>UFT</vendor>
			<name>Подставка-увеличитель экрана для смартфона UFT IP44 Wood</name>
			<barcode>4820176256331</barcode>
			<stock_quantity>50</stock_quantity>
			<description>
				<![CDATA[<p>Обновленная подставка увеличитель в новом дизайне под дерево.<br /><br />Подставка&nbsp;для телефона IP44 Wood увеличивает экран&nbsp;сманртфона&nbsp;в 3 раза.</p>  <p>Любите смотреть видео на телефоне, общаться в соц сетях и сидеть в интернете, но у вас устают глаза от маленького экрана? С помощью gодставки&nbsp;&nbsp;для телефона вы сможете решить эти проблемы. <br />Ваш маленький экран превратиться в дисплей, как у планшета.<br /><br /><br /></p>]]>
			</description>
			<param name="Место установки"><![CDATA[Стол]]></param>
			<param name="Тип"><![CDATA[Увеличитель экрана телефона]]></param>
			<param name="Назначение"><![CDATA[Для мобильных телефонов]]></param>
			<param name="Вид"><![CDATA[Подставки]]></param>
			<param name="Тип крепления девайса"><![CDATA[Без крепления]]></param>
			<param name="Тип крепления держателя"><![CDATA[Без крепления]]></param>
			<param name="Материал"><![CDATA[СиликонАкрилABS-пластик]]></param>
			<param name="Размер, см"><![CDATA[18.3x 12.3x 0.8 мм]]></param>
			<param name="Вес,г"><![CDATA[85]]></param>
			<param name="Цвет"><![CDATA[Коричневый]]></param>
			<param name="Гарантия"><![CDATA[14 дней]]></param>
			<param name="Наличие"><![CDATA[есть]]></param>
			<param name="вес в упаковке кг"><![CDATA[0.3]]></param>
			<param name="высота в упаковке см"><![CDATA[18]]></param>
			<param name="глубина в упаковке см"><![CDATA[2]]></param>
			<param name="ширина в упаковке см"><![CDATA[13]]></param>
			<param name="количество грузовых мест"><![CDATA[1]]></param>
			<param name="штрихкод"><![CDATA[4820176256331]]></param>
		</offer>
		<offer id="UFTPD01White" available="true">
			<url>https://ukrpodarok.com.ua/pompa-dlya-vodi-elektricheskaya-s-akkumulyatorom-uft-pump-dispenser-white.html</url>
			<price>344</price>
			<price_old>377</price_old>
			<price_promo>248</price_promo>
			<currencyId>UAH</currencyId>
			<categoryId>152271</categoryId>
			<picture>https://ukrpodarok.com.ua/images/152426_0.jpg</picture>
			<picture>https://ukrpodarok.com.ua/images/152426_101073.jpg</picture>
			<picture>https://ukrpodarok.com.ua/images/152426_101074.jpg</picture>
			<picture>https://ukrpodarok.com.ua/images/152426_101075.jpg</picture>
			<picture>https://ukrpodarok.com.ua/images/152426_101076.jpg</picture>
			<picture>https://ukrpodarok.com.ua/images/152426_101077.jpg</picture>
			<vendor>UFT</vendor>
			<name>Помпа для воды электрическая с аккумулятором UFT Pump Dispenser White</name>
			<barcode>4820176255815</barcode>
			<stock_quantity>100</stock_quantity>
			<description>
				<![CDATA[Автоматична помпа для води з акумулятором - ергономічний насос-помпа для бутиля з водою. Зручний у використанні вдома та в офісі.<br /><br />Заряжається через USB-кабель (кабель є в комплекті), також підходить будь-який зарядний пристрій з роз'ємом microUSB. Блок живлення не входить в комплект. Заряжается помпа 1-2 години.<br /><br />Помпа проста у використанні,потрібно натиснути на кнопку і можна набрати рівно стільки води, скільки потрібно.<br /><br />Одного заряду вистачає на 10- 15 бутлів по 18,9 л.<br /><br />Підходить для холодної води.<br /><br /><br />]]>
			</description>
			<param name="Тип"><![CDATA[Помпы для воды]]></param>
			<param name="Вид помпы"><![CDATA[Электрическая]]></param>
			<param name="Материал"><![CDATA[ПластикМеталл]]></param>
			<param name="Назначение"><![CDATA[К кулерам для воды]]></param>
			<param name="Цвет"><![CDATA[Белый]]></param>
			<param name="Страна регистрации бренда"><![CDATA[Украина]]></param>
			<param name="Гарантия"><![CDATA[14 дней]]></param>
			<param name="Наличие"><![CDATA[есть]]></param>
			<param name="вес в упаковке кг"><![CDATA[0.4]]></param>
			<param name="высота в упаковке см"><![CDATA[15]]></param>
			<param name="глубина в упаковке см"><![CDATA[10]]></param>
			<param name="ширина в упаковке см"><![CDATA[10]]></param>
			<param name="количество грузовых мест"><![CDATA[1]]></param>
			<param name="штрихкод"><![CDATA[4820176255815]]></param>
		</offer>
		<offer id="Popit8" available="true">
			<url>https://ukrpodarok.com.ua/pop-it-sensornaya-igrushka-antistress-vosmiugolnik-pop-it-raduga.html</url>
			<price>50</price>
			<price_old>77</price_old>
			<currencyId>UAH</currencyId>
			<categoryId>152235</categoryId>
			<picture>https://ukrpodarok.com.ua/images/152165_0.jpg</picture>
			<picture>https://ukrpodarok.com.ua/images/152165_99616.jpg</picture>
			<vendor>CG</vendor>
			<name>ПОП ИТ сенсорная игрушка антистресс восьмиугольник Pop it Радуга</name>
			<barcode>8000000026958</barcode>
			<stock_quantity>100</stock_quantity>
			<description>
				<![CDATA[Pop it это игрушка антистресс, суть которой - лопать шарики. Силиконовый фиджет Поп ит дает приятные тактильные ощущения, а лопанье шариков успокаивает и вызывает улыбку.<br />Создатели Попит вхохновились&nbsp;пупырчатой упаковкой, и сделали бесконечную пупырку, которую можно мять хоть целый день.<br /><br /><br />В Popit могут играть как&nbsp;дети так и взрослые. Правила можно придумывать самим, поле для фантазии не ограничено.<br />Примеры игр:<br />1. Лопанье шариков на скорость. Вариации: лопать одним пальцем, разными&nbsp;пальцами по очереди, с закрытыми глазами.<br />Эти упражнения развивают мелкую моторику&nbsp;и&nbsp;ловкость.<br />2. Каждый участник по очереди лопает подряд 1, 2 или 3 шарика в одном ряду. Тот кто лопнет последний шарик - проиграл.<br />3. Перевернув поп ит, положите в одну из ямочек шарик или кусочек бумаги, и предложите ребенку прикинуть сколько шариков от начала до этого шарика. После чего ребенок поочереди лопает шарики, считая в слух.<br />Игра развивает пространственное мышление и учит считать.]]>
			</description>
			<param name="Тип"><![CDATA[Поп ит]]></param>
			<param name="Материал"><![CDATA[Силикон]]></param>
			<param name="Цвет"><![CDATA[Разноцветный]]></param>
			<param name="Количество предметов, шт"><![CDATA[1]]></param>
			<param name="Размер"><![CDATA[12х12х1.2 см]]></param>
			<param name="Страна регистрации бренда"><![CDATA[Китай]]></param>
			<param name="Гарантия"><![CDATA[14 днів]]></param>
			<param name="Наличие"><![CDATA[есть]]></param>
			<param name="вес в упаковке кг"><![CDATA[0.2]]></param>
			<param name="высота в упаковке см"><![CDATA[12]]></param>
			<param name="глубина в упаковке см"><![CDATA[12]]></param>
			<param name="ширина в упаковке см"><![CDATA[1.3]]></param>
			<param name="количество грузовых мест"><![CDATA[1]]></param>
			<param name="штрихкод"><![CDATA[8000000026958]]></param>
		</offer>
		<offer id="popit1" available="true">
			<url>https://ukrpodarok.com.ua/pop-it-sensornaya-igrushka-antistress-kruglaya-pop-it-raduga.html</url>
			<price>50</price>
			<price_old>77</price_old>
			<currencyId>UAH</currencyId>
			<categoryId>152235</categoryId>
			<picture>https://ukrpodarok.com.ua/images/152166_0.jpg</picture>
			<picture>https://ukrpodarok.com.ua/images/152166_99617.jpg</picture>
			<vendor>CG</vendor>
			<name>ПОП ИТ сенсорная игрушка антистресс круглая Pop it Радуга</name>
			<barcode>8000000008251</barcode>
			<stock_quantity>100</stock_quantity>
			<description>
				<![CDATA[Pop it это игрушка антистресс, суть которой - лопать шарики. Силиконовый фиджет Поп ит дает приятные тактильные ощущения, а лопанье шариков успокаивает и вызывает улыбку.<br />Создатели Попит вхохновились&nbsp;пупырчатой упаковкой, и сделали бесконечную пупырку, которую можно мять хоть целый день.<br /><br /><br />В Popit могут играть как&nbsp;дети так и взрослые. Правила можно придумывать самим, поле для фантазии не ограничено.<br />Примеры игр:<br />1. Лопанье шариков на скорость. Вариации: лопать одним пальцем, разными&nbsp;пальцами по очереди, с закрытыми глазами.<br />Эти упражнения развивают мелкую моторику&nbsp;и&nbsp;ловкость.<br />2. Каждый участник по очереди лопает подряд 1, 2 или 3 шарика в одном ряду. Тот кто лопнет последний шарик - проиграл.<br />3. Перевернув поп ит, положите в одну из ямочек шарик или кусочек бумаги, и предложите ребенку прикинуть сколько шариков от начала до этого шарика. После чего ребенок поочереди лопает шарики, считая в слух.<br />Игра развивает пространственное мышление и учит считать.]]>
			</description>
			<param name="Тип"><![CDATA[Поп ит]]></param>
			<param name="Материал"><![CDATA[Силикон]]></param>
			<param name="Цвет"><![CDATA[Разноцветный]]></param>
			<param name="Количество предметов, шт"><![CDATA[1]]></param>
			<param name="Размер"><![CDATA[12х12х1.2 см]]></param>
			<param name="Страна регистрации бренда"><![CDATA[Китай]]></param>
			<param name="Гарантия"><![CDATA[14 дней]]></param>
			<param name="Наличие"><![CDATA[есть]]></param>
			<param name="вес в упаковке кг"><![CDATA[0.2]]></param>
			<param name="высота в упаковке см"><![CDATA[12]]></param>
			<param name="глубина в упаковке см"><![CDATA[12]]></param>
			<param name="ширина в упаковке см"><![CDATA[1.3]]></param>
			<param name="количество грузовых мест"><![CDATA[1]]></param>
			<param name="штрихкод"><![CDATA[8000000008251]]></param>
		</offer>
		<offer id="Popitheart" available="true">
			<url>https://ukrpodarok.com.ua/pop-it-sensornaya-igrushka-antistress-serdtse-pop-it-raduga.html</url>
			<price>50</price>
			<price_old>77</price_old>
			<currencyId>UAH</currencyId>
			<categoryId>152235</categoryId>
			<picture>https://ukrpodarok.com.ua/images/152167_0.jpg</picture>
			<picture>https://ukrpodarok.com.ua/images/152167_99618.jpg</picture>
			<vendor>CG</vendor>
			<name>ПОП ИТ сенсорная игрушка антистресс Сердце Pop it Радуга</name>
			<barcode>8000000008244</barcode>
			<stock_quantity>100</stock_quantity>
			<description>
				<![CDATA[Pop it это игрушка антистресс, суть которой - лопать шарики. Силиконовый фиджет Поп ит дает приятные тактильные ощущения, а лопанье шариков успокаивает и вызывает улыбку.<br />Создатели Попит вхохновились&nbsp;пупырчатой упаковкой, и сделали бесконечную пупырку, которую можно мять хоть целый день.<br /><br /><br />В Popit могут играть как&nbsp;дети так и взрослые. Правила можно придумывать самим, поле для фантазии не ограничено.<br />Примеры игр:<br />1. Лопанье шариков на скорость. Вариации: лопать одним пальцем, разными&nbsp;пальцами по очереди, с закрытыми глазами.<br />Эти упражнения развивают мелкую моторику&nbsp;и&nbsp;ловкость.<br />2. Каждый участник по очереди лопает подряд 1, 2 или 3 шарика в одном ряду. Тот кто лопнет последний шарик - проиграл.<br />3. Перевернув поп ит, положите в одну из ямочек шарик или кусочек бумаги, и предложите ребенку прикинуть сколько шариков от начала до этого шарика. После чего ребенок поочереди лопает шарики, считая в слух.<br />Игра развивает пространственное мышление и учит считать.<br />Размер: 12х12х1.2 см]]>
			</description>
			<param name="Тип"><![CDATA[Поп ит]]></param>
			<param name="Материал"><![CDATA[Силикон]]></param>
			<param name="Цвет"><![CDATA[Разноцветный]]></param>
			<param name="Кількість предметов, шт"><![CDATA[1]]></param>
			<param name="Размер"><![CDATA[12х12х1.2 см]]></param>
			<param name="Страна регистрации бренда"><![CDATA[Китай]]></param>
			<param name="Гарантия"><![CDATA[14 дней]]></param>
			<param name="Наличие"><![CDATA[есть]]></param>
			<param name="вес в упаковке кг"><![CDATA[0.2]]></param>
			<param name="высота в упаковке см"><![CDATA[12]]></param>
			<param name="глубина в упаковке см"><![CDATA[12]]></param>
			<param name="ширина в упаковке см"><![CDATA[1.3]]></param>
			<param name="количество грузовых мест"><![CDATA[1]]></param>
			<param name="штрихкод"><![CDATA[8000000008244]]></param>
		</offer>
		<offer id="uftwspeaker" available="false">
			<url>https://ukrpodarok.com.ua/portativnaya-bluetooth-kolonka-s-led-podsvetkoi-dlya-pk-uft-wireless-gaming-speaker.html</url>
			<price>2499</price>
			<price_old>2899</price_old>
			<currencyId>UAH</currencyId>
			<categoryId>152234</categoryId>
			<picture>https://ukrpodarok.com.ua/images/152336_0.jpg</picture>
			<picture>https://ukrpodarok.com.ua/images/152336_100341.jpg</picture>
			<picture>https://ukrpodarok.com.ua/images/152336_100342.jpg</picture>
			<picture>https://ukrpodarok.com.ua/images/152336_100343.jpg</picture>
			<picture>https://ukrpodarok.com.ua/images/152336_100344.jpg</picture>
			<picture>https://ukrpodarok.com.ua/images/152336_100345.jpg</picture>
			<vendor>UFT</vendor>
			<name>Портативная Bluetooth колонка с LED подсветкой для ПК UFT Wireless Gaming Speaker</name>
			<barcode>8000000007551</barcode>
			<stock_quantity>0</stock_quantity>
			<description>
				<![CDATA[<p>Беспроводная звуковая панель&nbsp;3D&nbsp;Game Speaker разработана специально для геймеров и любителей качественного звука.</p>  <p>Клавиши и динамики со встроенной&nbsp;LED подсветкой. Есть множество режимов, например мерцание в такт музыке, световые всплески от нажатия на кнопку итд.</p>  <p>&nbsp;Корпус слегка изогнут, слева и справа находятся по одному динамику и одному сабвуферу, что создает отличное 3D стерео звучание.</p>  <p>Механические клавиши заценят как современные геймеры так и отдскульные. Нажатие сопровождается приятным кликом.</p>  <p>Верхняя панель зеркальная, по центру располагается LCD дисплей на котором по умолчанию выводится время. По нажатию на соответствующую кнопку на дисплей выводится температура. При изменении громкости вы увидите значение от 1 до 30.</p>  <p>&nbsp;На задней панели располагаются аудиовход AUX, USB порт, разъем для TF-карты памяти (до 32Гб), разъем для зарядки 5V, BT, FM.</p>  Подключение возможно по кабелю&nbsp;AUX или по&nbsp;Bluetooth.<br />]]>
			</description>
			<param name="Подключение"><![CDATA[Беспроводное]]></param>
			<param name="Питание"><![CDATA[От аккумулятора]]></param>
			<param name="Назначение"><![CDATA[Для дома и офиса]]></param>
			<param name="Входы"><![CDATA[AUX]]></param>
			<param name="Интерфейсы"><![CDATA[USB, microUSB,3.5 мм (Mini-Jack)]]></param>
			<param name="Беспроводные возможности"><![CDATA[Bluetooth]]></param>
			<param name="Вид монтажа"><![CDATA[Портативные]]></param>
			<param name="Материал"><![CDATA[Алюминий, Пластик]]></param>
			<param name="Гарантия"><![CDATA[1 месяц]]></param>
			<param name="Размер"><![CDATA[495 х 88 х 57 мм]]></param>
			<param name="Цвет"><![CDATA[Черный]]></param>
			<param name="Бренд"><![CDATA[UFT]]></param>
			<param name="Страна регистрации бренда"><![CDATA[Украина]]></param>
			<param name="Наличие"><![CDATA[нет]]></param>
			<param name="вес в упаковке кг"><![CDATA[0.4]]></param>
			<param name="высота в упаковке см"><![CDATA[50]]></param>
			<param name="глубина в упаковке см"><![CDATA[10]]></param>
			<param name="ширина в упаковке см"><![CDATA[6]]></param>
			<param name="количество грузовых мест"><![CDATA[1]]></param>
			<param name="штрихкод"><![CDATA[8000000007551]]></param>
		</offer>
		<offer id="PumpKP01" available="true">
			<url>https://ukrpodarok.com.ua/portativnii-vozdushnii-kompressor-dlya-shin-s-akkumulyatorom-uft-kp01.html</url>
			<price>2770</price>
			<price_old>2999</price_old>
			<currencyId>UAH</currencyId>
			<categoryId>152291</categoryId>
			<picture>https://ukrpodarok.com.ua/images/152472_0.jpg</picture>
			<picture>https://ukrpodarok.com.ua/images/152472_101321.jpg</picture>
			<picture>https://ukrpodarok.com.ua/images/152472_101322.jpg</picture>
			<vendor>UFT</vendor>
			<name>Портативный воздушный компрессор для шин с аккумулятором UFT KP01</name>
			<barcode>4820176281715</barcode>
			<stock_quantity>50</stock_quantity>
			<description>
				<![CDATA[<p>UFT KP01 это портативный автомобильный компрессор&nbsp;для&nbsp;накачки шин авто-мото техники, лодок, матрасов и различного спортинвентаря.&nbsp;<br />Позволит не только подкачать колеса, узнать давление у них, но и при необходимости спустить их.</p>  <p>Преимущество данного автокомпрессора состоит в том, что для использования его не нужно подключать к автомобильному аккумулятору.&nbsp;Встроенный ауммулятор&nbsp;позволит&nbsp;использовать устройство вне зависимости от места и дополнительных источников питания.<br />Также компрессор можно применять в качестве&nbsp;повербанк.&nbsp;А наличие фонаря дневного и аварийного света делает аксессуар просто незаменимым в дороге.</p>  <p>Електрический насос&nbsp;оснащен LED-дисплеем и кнопками управления, с помощью которых можно выбрать конкретный вид транспорта, колеса которого нужно накачать.&nbsp;<br />Насос автоматически предложит рекомендуемое давление, которое при необходимости можно заменить.&nbsp;<br />Подключение к требуемому предмету осуществляется с помощью комплектного шланга.&nbsp;<br />После полной закачки колес компрессор автоматически выключится.</p>]]>
			</description>
			<param name="Марка авто"><![CDATA[Все марки]]></param>
			<param name="Тип"><![CDATA[Портативные]]></param>
			<param name="Материал корпуса"><![CDATA[Пластик]]></param>
			<param name="Максимальное давление"><![CDATA[150 Атм]]></param>
			<param name="Манометр"><![CDATA[Цифровой]]></param>
			<param name="Количество в упаковке, шт"><![CDATA[1]]></param>
			<param name="Размеры"><![CDATA[153 х 67 х 43.5 мм]]></param>
			<param name="Гарантия"><![CDATA[1 месяц]]></param>
			<param name="Наличие"><![CDATA[есть]]></param>
			<param name="вес в упаковке кг"><![CDATA[2]]></param>
			<param name="высота в упаковке см"><![CDATA[15]]></param>
			<param name="глубина в упаковке см"><![CDATA[20]]></param>
			<param name="ширина в упаковке см"><![CDATA[20]]></param>
			<param name="количество грузовых мест"><![CDATA[1]]></param>
			<param name="штрихкод"><![CDATA[4820176281715]]></param>
		</offer>
		<offer id="UFTminiFan" available="false">
			<url>https://ukrpodarok.com.ua/portativnii-konditsioner-mini-fan-usb.html</url>
			<price>149</price>
			<price_old>199</price_old>
			<price_promo>136</price_promo>
			<currencyId>UAH</currencyId>
			<categoryId>52592</categoryId>
			<picture>https://ukrpodarok.com.ua/images/52698_0.jpg</picture>
			<picture>https://ukrpodarok.com.ua/images/52698_63607.jpg</picture>
			<picture>https://ukrpodarok.com.ua/images/52698_0.jpg</picture>
			<picture>https://ukrpodarok.com.ua/images/52698_63608.jpg</picture>
			<vendor>CG</vendor>
			<name>Портативный кондиционер Mini Fan USB</name>
			<barcode></barcode>
			<stock_quantity>0</stock_quantity>
			<description>
				<![CDATA[&nbsp;Mini Fan это компактный охладитель и увлажнитель воздуха. Достаточно поместить в контейнер лед или холодную воду и наслаждаться прохладой даже в знойную погоду.  Mini Air Cooler - переносной кондиционер. Может работать как от USB так и от батареек. Так что его можно свободно перемещать по квартире, там где он нужнее или даже взять с собой в дорогу.  В лоток для льда можно капнуть несколько капель эфирного масла или любой ароматизатор и портативный вентилятор наполнит вашу комнату ароматом.  Мини-кондиционер &nbsp;Mini Cooler&nbsp;имеет регулируемый угол наклона потока воздуха.]]>
			</description>
			<param name="Тип"><![CDATA[Настольный]]></param>
			<param name="Функции"><![CDATA[Увлажнение]]></param>
			<param name="Габариты ВхШхГ"><![CDATA[11.8 х 11 х 15 см]]></param>
			<param name="Вес"><![CDATA[0.38 кг]]></param>
			<param name="Вид"><![CDATA[Осевой]]></param>
			<param name="Цвет"><![CDATA[Синий]]></param>
			<param name="Материал лопастей"><![CDATA[Пластик]]></param>
			<param name="Комплектация"><![CDATA[USB Вентилятор, USB-кабель, упаковка.]]></param>
			<param name="Гарантия"><![CDATA[1 месяц]]></param>
			<param name="Наличие"><![CDATA[нет]]></param>
		</offer>
		<offer id="M+miniFanGreen" available="false">
			<url>https://ukrpodarok.com.ua/portativnii-konditsioner-na-stol-cg-mini-fan-usb-green.html</url>
			<price>265</price>
			<price_old>299</price_old>
			<price_promo>201</price_promo>
			<currencyId>UAH</currencyId>
			<categoryId>52592</categoryId>
			<picture>https://ukrpodarok.com.ua/images/151967_0.jpg</picture>
			<picture>https://ukrpodarok.com.ua/images/151967_99804.jpg</picture>
			<picture>https://ukrpodarok.com.ua/images/151967_99780.jpg</picture>
			<picture>https://ukrpodarok.com.ua/images/151967_99779.jpg</picture>
			<vendor>CG</vendor>
			<name>Портативный кондиционер на стол CG Mini Fan USB Green</name>
			<barcode>8000000003454</barcode>
			<stock_quantity>0</stock_quantity>
			<description>
				<![CDATA[CG&nbsp;Mini Fan это компактный охладитель и увлажнитель воздуха. Достаточно поместить в контейнер лед или холодную воду и наслаждаться прохладой даже в знойную погоду.<br />CG&nbsp;Mini Air Cooler&nbsp;- переносной кондиционер. Может работать как от USB так и от батареек. Так что его можно свободно перемещать по квартире, там где он нужнее или даже взять с собой в дорогу.  В лоток для льда можно капнуть несколько капель эфирного масла или любой ароматизатор и портативный вентилятор наполнит вашу комнату ароматом.  Мини-кондиционер имеет&nbsp;регулируемый&nbsp;угол наклона потока воздуха.]]>
			</description>
			<param name="Гарантия"><![CDATA[14 дней]]></param>
			<param name="Тип"><![CDATA[Настольный]]></param>
			<param name="Функции"><![CDATA[Увлажнение]]></param>
			<param name="Габариты ВхШхГ"><![CDATA[11.8 х 11 х 15 см]]></param>
			<param name="Вес"><![CDATA[0.38 кг]]></param>
			<param name="Вид"><![CDATA[Осевой]]></param>
			<param name="Цвет"><![CDATA[Зеленый]]></param>
			<param name="Материал лопастей"><![CDATA[Пластик]]></param>
			<param name="Комплектация"><![CDATA[USB Вентилятор, USB-кабель, упаковка.]]></param>
			<param name="Наличие"><![CDATA[нет]]></param>
			<param name="вес в упаковке кг"><![CDATA[0.34]]></param>
			<param name="высота в упаковке см"><![CDATA[15]]></param>
			<param name="глубина в упаковке см"><![CDATA[12]]></param>
			<param name="ширина в упаковке см"><![CDATA[12]]></param>
			<param name="количество грузовых мест"><![CDATA[1]]></param>
			<param name="штрихкод"><![CDATA[8000000003454]]></param>
		</offer>
		<offer id="M+miniFanPink" available="false">
			<url>https://ukrpodarok.com.ua/portativnii-konditsioner-nastolnii-uft-mini-fan-usb-pink.html</url>
			<price>215</price>
			<price_old>299</price_old>
			<currencyId>UAH</currencyId>
			<categoryId>52592</categoryId>
			<picture>https://ukrpodarok.com.ua/images/151968_0.jpg</picture>
			<vendor>UFT</vendor>
			<name>Портативный кондиционер настольный UFT Mini Fan USB Pink</name>
			<barcode>8000000003461</barcode>
			<stock_quantity>0</stock_quantity>
			<description>
				<![CDATA[Mini Fan это компактный охладитель и увлажнитель воздуха. Достаточно поместить в контейнер лед или холодную воду и наслаждаться прохладой даже в знойную погоду.  Mini Air Cooler&nbsp;- переносной кондиционер. Может работать как от USB так и от батареек. Так что его можно свободно перемещать по квартире, там где он нужнее или даже взять с собой в дорогу.  В лоток для льда можно капнуть несколько капель эфирного масла или любой ароматизатор и портативный вентилятор наполнит вашу комнату ароматом.  Мини-кондиционер Mini Cooler&nbsp;имеет&nbsp;регулируемый&nbsp;угол наклона потока воздуха.  &nbsp;]]>
			</description>
			<param name="Тип"><![CDATA[Настольный]]></param>
			<param name="Функции"><![CDATA[Увлажнение]]></param>
			<param name="Гарантия"><![CDATA[14 дней]]></param>
			<param name="Вес"><![CDATA[0.38 кг]]></param>
			<param name="Вид"><![CDATA[Осевой]]></param>
			<param name="Цвет"><![CDATA[Розовый]]></param>
			<param name="Материал лопастей"><![CDATA[Пластик]]></param>
			<param name="Комплектация"><![CDATA[USB Вентилятор, USB-кабель, упаковка.]]></param>
			<param name="Наличие"><![CDATA[нет]]></param>
			<param name="вес в упаковке кг"><![CDATA[0.4]]></param>
			<param name="высота в упаковке см"><![CDATA[15]]></param>
			<param name="глубина в упаковке см"><![CDATA[12]]></param>
			<param name="ширина в упаковке см"><![CDATA[12]]></param>
			<param name="количество грузовых мест"><![CDATA[1]]></param>
			<param name="штрихкод"><![CDATA[8000000003461]]></param>
		</offer>
		<offer id="CGSC2" available="false">
			<url>https://ukrpodarok.com.ua/portativnii-teleskopicheskii-usb-kabel-1m-3-v-1-lightning-micro-usb-type-c-cg-sc2.html</url>
			<price>399</price>
			<price_old>599</price_old>
			<currencyId>UAH</currencyId>
			<categoryId>52588</categoryId>
			<picture>https://ukrpodarok.com.ua/images/151278_0.jpg</picture>
			<picture>https://ukrpodarok.com.ua/images/151278_99636.jpg</picture>
			<picture>https://ukrpodarok.com.ua/images/151278_99637.jpg</picture>
			<picture>https://ukrpodarok.com.ua/images/52725_63823.jpg</picture>
			<picture>https://ukrpodarok.com.ua/images/151278_99635.jpg</picture>
			<picture>https://ukrpodarok.com.ua/images/52725_63824.jpg</picture>
			<vendor>CG</vendor>
			<name>Портативный Телескопический USB кабель 1м 3 в 1 Lightning + Micro USB + Type-C CG SC2</name>
			<barcode>4820176254733</barcode>
			<stock_quantity>0</stock_quantity>
			<description>
				<![CDATA[USB-кабель который никогда не спутается в кармане и не займет много места. Имеет разветвитель на три самых популярных типов разьемов.<br /><br />Таким кабелем можно подключить практически любое устройство для зарядки или передачи данных.<br /><br />Подходит для устройств с интерфейсом 8PIN, таких как Apple 5/6/7/8/X.<br /><br />Для Samsung, Huawei, Xiaomi, OPPO, vivo и другие устройства Android с Micro USB<br /><br />Для LG, Meitu, Meizu, и многих других с разьемом Type-C<br /><br />Раздвижной кабель имеет длину 1 метр. Сворачивается в компактный блок<br /><br /><br /><br />]]>
			</description>
			<param name="Тип"><![CDATA[Кабели синхронизации]]></param>
			<param name="Цвет"><![CDATA[Black]]></param>
			<param name="Разъем 1"><![CDATA[USB]]></param>
			<param name="Разъем 2"><![CDATA[USB Type-C + microUSB + Apple Lightning]]></param>
			<param name="Длина кабеля, м"><![CDATA[1 м]]></param>
			<param name="Назначение"><![CDATA[Мобильный телефон]]></param>
			<param name="Гарантия"><![CDATA[6 месяцев]]></param>
			<param name="Наличие"><![CDATA[нет]]></param>
			<param name="штрихкод"><![CDATA[4820176254733]]></param>
		</offer>
		<offer id="PumpKF02" available="true">
			<url>https://ukrpodarok.com.ua/portativnii-elektricheskii-nasos-dlya-nakachivaniya-shin-ot-prikurivatelya-uft-kf02.html</url>
			<price>2599</price>
			<price_old>2799</price_old>
			<currencyId>UAH</currencyId>
			<categoryId>152291</categoryId>
			<picture>https://ukrpodarok.com.ua/images/152474_0.jpg</picture>
			<picture>https://ukrpodarok.com.ua/images/152474_101329.jpg</picture>
			<picture>https://ukrpodarok.com.ua/images/152474_101330.jpg</picture>
			<picture>https://ukrpodarok.com.ua/images/152474_101331.jpg</picture>
			<picture>https://ukrpodarok.com.ua/images/152474_101332.jpg</picture>
			<picture>https://ukrpodarok.com.ua/images/152474_101333.jpg</picture>
			<vendor>UFT</vendor>
			<name>Портативный электрический насос для накачивания шин от прикуривателя UFT KF02</name>
			<barcode>4820176281661</barcode>
			<stock_quantity>50</stock_quantity>
			<description>
				<![CDATA[<p>Точные показания: следите за состоянием шин с помощью цифрового светодиодного экрана, который отображает точные измерения давления, обеспечивая безопасное и эффективное вождение.</p>  <p>Умная технология безопасности: функция автоматического определения и отключения давления воздуха гарантирует, что вы никогда не перекачаете шины, предотвращая несчастные случаи и дорогостоящий ремонт.</p>  <p>Портативный и практичный: компактный и легкий дизайн позволяет легко брать этот насос для накачивания шин с собой, отправляетесь ли вы в путешествие или на велосипедную экскурсию.</p>  <p>Яркий фонарик: никогда не попадайте в темноту благодаря встроенному светодиодному фонарику, который идеально подходит для ситуаций с низкой освещенностью или в ночных чрезвычайных ситуациях.</p>  <p>Универсальность: этот насос для накачивания шин идеально подходит для всех ваших потребностей: от мотоциклетных и велосипедных шин до самокатов и спортивных мячей. Он станет незаменимым помощником для любого искателя приключений.<br /><br />Длинна кабеля 3,5м, чего более чем достаточно для накачки шин большинства авто.</p>]]>
			</description>
			<param name="Марка авто"><![CDATA[Все марки]]></param>
			<param name="Тип"><![CDATA[Портативные]]></param>
			<param name="Напряжение"><![CDATA[12 В]]></param>
			<param name="Материал корпуса"><![CDATA[Пластик]]></param>
			<param name="Максимальное давление"><![CDATA[150 Атм]]></param>
			<param name="Манометр"><![CDATA[Цифровой]]></param>
			<param name="Количество в упаковке, шт"><![CDATA[1]]></param>
			<param name="Размеры"><![CDATA[150 х 60 х 45 мм]]></param>
			<param name="Гарантия"><![CDATA[14 дней]]></param>
			<param name="Наличие"><![CDATA[есть]]></param>
			<param name="вес в упаковке кг"><![CDATA[1]]></param>
			<param name="высота в упаковке см"><![CDATA[15]]></param>
			<param name="глубина в упаковке см"><![CDATA[20]]></param>
			<param name="ширина в упаковке см"><![CDATA[10]]></param>
			<param name="количество грузовых мест"><![CDATA[1]]></param>
			<param name="штрихкод"><![CDATA[4820176281661]]></param>
		</offer>
		<offer id="PumpAP2" available="true">
			<url>https://ukrpodarok.com.ua/portativnii-elektricheskii-nasos-dlya-shin-s-akkumulyatorom-uft-ap2.html</url>
			<price>3580</price>
			<price_old>3799</price_old>
			<currencyId>UAH</currencyId>
			<categoryId>152291</categoryId>
			<picture>https://ukrpodarok.com.ua/images/152473_0.jpg</picture>
			<picture>https://ukrpodarok.com.ua/images/152473_101323.jpg</picture>
			<picture>https://ukrpodarok.com.ua/images/152473_101324.jpg</picture>
			<picture>https://ukrpodarok.com.ua/images/152473_101325.jpg</picture>
			<picture>https://ukrpodarok.com.ua/images/152473_101326.jpg</picture>
			<picture>https://ukrpodarok.com.ua/images/152473_101327.jpg</picture>
			<picture>https://ukrpodarok.com.ua/images/152473_101328.jpg</picture>
			<vendor>UFT</vendor>
			<name>Портативный электрический насос для шин с аккумулятором UFT AP2</name>
			<barcode>4820176281708</barcode>
			<stock_quantity>50</stock_quantity>
			<description>
				<![CDATA[UFT AP2 - шинный насос поставляется с тремя адаптерами, которые можно использовать в различных ситуациях.&nbsp;<br />Существует пять различных интерфейсов настройки давления воздуха, которые удобно выбирать пользователям: режим автомобиля, режим мотоцикла, режим велосипеда, режим мяча и пользовательский режим (0&ndash;150 фунтов на квадратный дюйм).<br /><br />Автоматическое отключение<br />Электрический воздушный насос&nbsp;UFT AP2 оснащен 4 единицами измерения, включая фунты на квадратный дюйм, бар, кПа, кг/см&sup2;.&nbsp;Этот воздушный компрессор со встроенным манометром и функцией предварительной настройки давления будет накачивать точное количество воздуха и автоматически прекращать накачивание, когда давление в шинах достигнет заданного значения, обеспечивая безопасное, быстрое и надежное использование.<br /><br />Большая емкость и рассеивание<br />Насос для накачивания шин со встроенной литиевой батареей большой емкости 2000 мАч, которая обеспечивает накачивание и может непрерывно работать в течение 40 минут.&nbsp;Встроенный вентилятор обеспечивает хорошее рассеивание тепла, поэтому он может работать непрерывно и никогда не нагреваться.&nbsp;Его также можно использовать в качестве банка питания для зарядки устройств Android или IOS через USB.<br /><br />Светодиодный свет и цифровой дисплей<br />Велосипедный воздушный насос оснащен цифровым ЖК-экраном HD с подсветкой, который четко отображает значение давления даже в темных местах, что позволяет легко проверить давление в любое время.&nbsp;Благодаря встроенному сверхяркому светодиодному фонарю он может обеспечить удобство аварийного освещения, обеспечивая яркое поле зрения, так что вам не придется беспокоиться о замене деталей в темных местах во время путешествия.  ]]>
			</description>
			<param name="Марка авто"><![CDATA[Все марки]]></param>
			<param name="Тип"><![CDATA[Портативные]]></param>
			<param name="Материал корпуса"><![CDATA[Пластик]]></param>
			<param name="Максимальное давление"><![CDATA[150 Атм]]></param>
			<param name="Манометр"><![CDATA[Цифровой]]></param>
			<param name="Количество в упаковке, шт"><![CDATA[1]]></param>
			<param name="Размеры"><![CDATA[150 х 60 х 38 мм]]></param>
			<param name="Вес, кг"><![CDATA[0.35]]></param>
			<param name="Гарантия"><![CDATA[1 месяц]]></param>
			<param name="Наличие"><![CDATA[есть]]></param>
			<param name="вес в упаковке кг"><![CDATA[2]]></param>
			<param name="высота в упаковке см"><![CDATA[15]]></param>
			<param name="глубина в упаковке см"><![CDATA[20]]></param>
			<param name="ширина в упаковке см"><![CDATA[15]]></param>
			<param name="количество грузовых мест"><![CDATA[1]]></param>
			<param name="штрихкод"><![CDATA[4820176281708]]></param>
		</offer>
		<offer id="HandyHeater" available="false">
			<url>https://ukrpodarok.com.ua/portativnii-elektroobogrevatel-kompaktnii-keramicheskii-teploventilyator-cg-handy-heater.html</url>
			<price>249</price>
			<currencyId>UAH</currencyId>
			<categoryId>152177</categoryId>
			<picture>https://ukrpodarok.com.ua/images/152087_0.jpg</picture>
			<picture>https://ukrpodarok.com.ua/images/152087_99882.jpg</picture>
			<picture>https://ukrpodarok.com.ua/images/152087_99883.jpg</picture>
			<picture>https://ukrpodarok.com.ua/images/152087_99884.jpg</picture>
			<vendor>CG</vendor>
			<name>Портативный электрообогреватель, компактный керамический тепловентилятор CG Handy Heater</name>
			<barcode></barcode>
			<stock_quantity>0</stock_quantity>
			<description>
				<![CDATA[Handy Heater это портативный обогреватель, который подключается прямо к розетке. При компактных размерах и низком потреблении мощности выдает очень много тепла.<br />Термо-керамический отопитель в компактном корпусе, который поможет согреть Вас и Вашу семью Handy Heater.<br />Невероятно прост в использовании, достаточно подключить его к любой розетке и нажать кнопку. И сразу начнется обогрев.<br />Регулятор температуры позволяет выставить необходимую температуру, а двух скоростной вентилятор развеет теплый воздух по комнате.]]>
			</description>
			<param name="Тип"><![CDATA[Портативный обогреватель в розетку]]></param>
			<param name="Категория"><![CDATA[Инфракрасные обогреватели]]></param>
			<param name="Особенности"><![CDATA[С термостатом;]]></param>
			<param name="Термостат"><![CDATA[Есть]]></param>
			<param name="Габариты ВхШхГ"><![CDATA[15 х 9 х 9 см]]></param>
			<param name="Назначение"><![CDATA[Бытовой]]></param>
			<param name="Управление"><![CDATA[Механическое]]></param>
			<param name="Тип питания"><![CDATA[Электрические]]></param>
			<param name="Нагревательный элемент"><![CDATA[Керамика]]></param>
			<param name="Режим работы"><![CDATA[Обогрев]]></param>
			<param name="Ручка"><![CDATA[Нет]]></param>
			<param name="Вес"><![CDATA[0.35 кг]]></param>
			<param name="Цвет"><![CDATA[Черный]]></param>
			<param name="Мощность, Вт"><![CDATA[400]]></param>
			<param name="Гарантия"><![CDATA[6 месяцев]]></param>
			<param name="Наличие"><![CDATA[нет]]></param>
		</offer>
		<offer id="CGAD01" available="true">
			<url>https://ukrpodarok.com.ua/pohodnaya-dorozhnaya-poilka-dlya-sobak-perenosnaya-530-ml-ad01-blue.html</url>
			<price>322</price>
			<price_old>377</price_old>
			<currencyId>UAH</currencyId>
			<categoryId>152245</categoryId>
			<picture>https://ukrpodarok.com.ua/images/152244_0.jpg</picture>
			<picture>https://ukrpodarok.com.ua/images/152244_100070.jpg</picture>
			<picture>https://ukrpodarok.com.ua/images/152244_100071.jpg</picture>
			<picture>https://ukrpodarok.com.ua/images/152244_100072.jpg</picture>
			<picture>https://ukrpodarok.com.ua/images/152244_100073.jpg</picture>
			<vendor>UFT</vendor>
			<name>Походная дорожная поилка для собак переносная 530 мл AD01  Blue</name>
			<barcode>4820176280053</barcode>
			<stock_quantity>50</stock_quantity>
			<description>
				<![CDATA[<p>Прогулочная поилка для собак Aqua Dog это поллитровая бутылочка со встроенной миской, которой удобно можно напоить собаку или кошку свежей водой.<br />Больше незачем возить с собой отдельно бутылку и миску.<br />Поилка для животных состоит из двух отсеков. Нижняя часть представляет собой поллитровую бутылку с мягкими стенками.&nbsp;</p>  <p>Верхняя часть дорожной поилки для собак напоминает воронку или чашу. Это и есть аналог миски, из которой предстоит пить четвероногому путешественнику.<br />Когда вы нажимаете на нижнюю часть, вода поступает наверх через клапан и остается в чаше, пока жажда вашего питмца не будет утолена.</p>  <p>Когда вода больше не нужна, остается лишь разжать руку, чтобы вода стекла обратно в бутылку. Клапан устроен таким образом, что без нажима вода не попадет наружу, если емкость упадет или перевернется.</p>]]>
			</description>
			<param name="Назначение"><![CDATA[Универсальные]]></param>
			<param name="Тип"><![CDATA[Поилки]]></param>
			<param name="Объем"><![CDATA[537 мл]]></param>
			<param name="Материал"><![CDATA[ABS-пластик]]></param>
			<param name="Особенности"><![CDATA[Походная;]]></param>
			<param name="Размеры,см"><![CDATA[9х 9х 21]]></param>
			<param name="Цвет"><![CDATA[Голубой]]></param>
			<param name="Страна регистрации бренда"><![CDATA[Украина]]></param>
			<param name="Гарантия"><![CDATA[14 дней]]></param>
			<param name="Наличие"><![CDATA[есть]]></param>
			<param name="вес в упаковке кг"><![CDATA[0.2]]></param>
			<param name="высота в упаковке см"><![CDATA[21]]></param>
			<param name="глубина в упаковке см"><![CDATA[9]]></param>
			<param name="ширина в упаковке см"><![CDATA[9]]></param>
			<param name="количество грузовых мест"><![CDATA[1]]></param>
			<param name="штрихкод"><![CDATA[4820176280053]]></param>
		</offer>
		<offer id="MP050377" available="false">
			<url>https://ukrpodarok.com.ua/proektor-led-projector-m-mini-multimediinii-(mp050377).html</url>
			<price>1799</price>
			<currencyId>UAH</currencyId>
			<categoryId>52325</categoryId>
			<picture>https://ukrpodarok.com.ua/images/52326_0.jpg</picture>
			<picture>https://ukrpodarok.com.ua/images/52326_0.jpg</picture>
			<picture>https://ukrpodarok.com.ua/images/52326_0.jpg</picture>
			<picture>https://ukrpodarok.com.ua/images/52326_23936.jpg</picture>
			<picture>https://ukrpodarok.com.ua/images/52326_0.jpg</picture>
			<picture>https://ukrpodarok.com.ua/images/52326_23937.png</picture>
			<vendor>CG</vendor>
			<name>Проектор LED Projector CG Мини Мультимедийный (MP050377)</name>
			<barcode></barcode>
			<stock_quantity>0</stock_quantity>
			<description>
				<![CDATA[Проектор LED Projector CG Мини Мультимедийный&nbsp;&ndash; современное и популярное техническое устройство. Раньше эти устройства были громоздки и сложны, поэтому использовались в больших аудиториях и преимущественно в образовательной сфере. Сегодня же доступны и бюджетные модели для дома, а также формата мини. &nbsp; Наиболее приемлемый для большинства вариант - светодиодный проектор для дома. Такая модель отличается наибольшим сроком службы, который достигает 25 тысяч часов. А небольшое энергопотребление делает его еще привлекательней. К тому же led проектор, благодаря применяемым технологиям, имеет весьма небольшие размеры. &nbsp; Портативный проектор &ndash; легкий способ устроить в квартире настоящий домашний кинотеатр, чтобы без особых затрат всей семьей наслаждаться любимыми фильмами когда stall.com.ua любителям игр он тоже станет добрым помощником, поскольку способен выводить нужную информацию с флеш-накопителей, планшетов и даже смартфонов. Мини проектор&nbsp;M+ не займет много места ни на столе, ни в сумке. Его легко перенести в нужное место и закрепить на любой поверхности, что делает его еще более привлекательным. &nbsp;<br />Использование матрицы и короткофокусного объектива обеспечивает насыщенное изображение со значением контрастности 800:1.&nbsp; В качестве источника света выступает LED-лампа с рабочим ресурсом 30000 часов. Обеспечивая равномерное распределение света с показателями яркости 400-600 люмен, проектор подходит для эксплуатации даже в хорошо освещаемых помещениях. Малые габариты корпуса и вес 250 г делают портативный проектор LED Projector M+ Мини Мультимедийныйочень практичным в использовании. Устройство имеет удобную панель управления и пульт дистанционного управления. Предназначенный для проецирования видеоконтента на расстоянии 0,8-2 м, аппарат может стать оптимальным вариантом для дома или офиса. Среди разъемов модель Led Projector имеет AV, USB, интерфейс HDMI, слот под карту памяти microSD и выход под наушники. Благодаря наличию динамика обладатель Led Projector может обойтись без внешних колонок. Имеет крепление для штатива.<br />  <p><strong>]]>
			</description>
			<param name="Категория"><![CDATA[Портативный]]></param>
			<param name="Интерфейсы и видеосигналы"><![CDATA[Аналоговый видеовход|jack 3.5 мм|HDMI]]></param>
			<param name="Источник света"><![CDATA[LED]]></param>
			<param name="Цвет"><![CDATA[Желто - белый]]></param>
			<param name="Гарантия"><![CDATA[6 месяцев]]></param>
			<param name="Наличие"><![CDATA[нет]]></param>
		</offer>
		<offer id="starmaster2" available="true">
			<url>https://ukrpodarok.com.ua/proektor-zvezdnogo-neba-nochnik-uft-star-master-bez-setevogo-adaptera.html</url>
			<price>299</price>
			<price_old>340</price_old>
			<currencyId>UAH</currencyId>
			<categoryId>830</categoryId>
			<picture>https://ukrpodarok.com.ua/images/151194_0.jpg</picture>
			<picture>https://ukrpodarok.com.ua/images/1440_1354.jpg</picture>
			<picture>https://ukrpodarok.com.ua/images/1440_1353.jpg</picture>
			<vendor>UFT</vendor>
			<name>Проектор звездного неба ночник UFT Star Master без сетевого адаптера</name>
			<barcode>4820176243423</barcode>
			<stock_quantity>50</stock_quantity>
			<description>
				<![CDATA[<p>Магия звезд в помещении! Изображение разноцветного звездного неба украсит вашу комнату и сделает ее креативной. Благодаря этому проектору, звёздное небо будет у вас на стенах и потолке.</p>    <p>У ночника три режима работы:</p>  <p>1) Проецируются только белые узоры<br />2) Узоры звезд плавно переливаются всеми цветами<br />3) Проецируются белые узоры + идет переливание цветами<br /><br /></p>  Проектор создаст неповторимую атмосферу уюта и романтики в Вашей комнате и подарит массу незабываемых впечатлений.<br /><br />  <strong>Работает от 3 батареек АА&nbsp;</strong>(батарейки в комплект не входят).<br /><br />  В комплекте идет русифицированная красочная упаковка с интструкцией.  <p>Очень интересное и креативное устройство для вашего дома, а также для дома ваших друзей &mdash; проектор звездного неба Star master может стать отличным подарком!</p>  <p>Тип: ночник-проектор<br />Материал: пластик<br />Тип лампы: светодиодная<br />Питание: 3 батарейки типа АА (не входят в комплект)<br />Диаметр: 11 см<br />Высота: 12 см<br />Вес: 0,3 кг<br />Цвет: черный</p>  ]]>
			</description>
			<param name="Тип"><![CDATA[Ночники настольные;Ночники-проекторы;]]></param>
			<param name="Тип используемой лампы"><![CDATA[Светодиодные (LED);]]></param>
			<param name="Назначение"><![CDATA[Для спальни;]]></param>
			<param name="Питание"><![CDATA[2 х АА;]]></param>
			<param name="Цвет свечения"><![CDATA[Разноцветный;]]></param>
			<param name="Тип установки"><![CDATA[Настольные;]]></param>
			<param name="Вид проекции"><![CDATA[Звездное небо;]]></param>
			<param name="Категория"><![CDATA[Для девочек;Для мальчиков;]]></param>
			<param name="Материал корпуса"><![CDATA[Пластик;]]></param>
			<param name="Новый  бу"><![CDATA[Новый;]]></param>
			<param name="Бренд"><![CDATA[UFT]]></param>
			<param name="Гарантия"><![CDATA[6 месяцев]]></param>
			<param name="Наличие"><![CDATA[есть]]></param>
			<param name="вес в упаковке кг"><![CDATA[0.3]]></param>
			<param name="высота в упаковке см"><![CDATA[13]]></param>
			<param name="глубина в упаковке см"><![CDATA[12]]></param>
			<param name="ширина в упаковке см"><![CDATA[12]]></param>
			<param name="количество грузовых мест"><![CDATA[1]]></param>
			<param name="штрихкод"><![CDATA[4820176243423]]></param>
		</offer>
		<offer id="starmaster1" available="true">
			<url>https://ukrpodarok.com.ua/proektor-zvezdnogo-neba-s-adapterom-nochnik-uft-star-master.html</url>
			<price>299</price>
			<price_old>340</price_old>
			<currencyId>UAH</currencyId>
			<categoryId>830</categoryId>
			<picture>https://ukrpodarok.com.ua/images/150776_0.jpg</picture>
			<picture>https://ukrpodarok.com.ua/images/850_505.jpg</picture>
			<picture>https://ukrpodarok.com.ua/images/850_748.jpg</picture>
			<picture>https://ukrpodarok.com.ua/images/850_0.jpg</picture>
			<vendor>UFT</vendor>
			<name>Проектор звездного неба с адаптером ночник UFT Star Master</name>
			<barcode>4820176240101</barcode>
			<stock_quantity>50</stock_quantity>
			<description>
				<![CDATA[<p>Магия звезд в помещении! Изображение разноцветного звездного неба украсит вашу комнату и сделает ее креативной. Благодаря этому проектору, звёздное небо будет у вас на стенах и потолке.</p>    <p>У ночника три режима работы:</p>  <p>1) Проецируются только белые узоры<br />2) Узоры звезд плавно переливаются всеми цветами<br />3) Проецируются белые узоры + идет переливание цветами<br /><br /></p>  Проектор создаст неповторимую атмосферу уюта и романтики в Вашей комнате и подарит массу незабываемых впечатлений.<br /><br />  <p>Очень интересное и креативное устройство для вашего дома, а также для дома ваших друзей &mdash; проектор звездного неба Star master может стать отличным подарком!</p>  <p>Тип: ночник-проектор<br />Материал: пластик<br />Тип лампы: светодиодная<br />Питание: 3 батарейки типа АА (не входят в комплект), от сети.<br />Диаметр: 11 см<br />Высота: 12 см<br />Вес: 0,3 кг<br />Цвет: черный</p>  ]]>
			</description>
			<param name="Тип"><![CDATA[Ночники настольные;Ночники-проекторы;]]></param>
			<param name="Тип используемой лампы"><![CDATA[Светодиодные (LED);]]></param>
			<param name="Назначение"><![CDATA[Для спальни;]]></param>
			<param name="Тематика"><![CDATA[Звездное небо]]></param>
			<param name="Питание"><![CDATA[2 х АА; От сети;]]></param>
			<param name="Цвет свечения"><![CDATA[Разноцветный;]]></param>
			<param name="Тип установки"><![CDATA[Настольные;]]></param>
			<param name="Вид проекции"><![CDATA[Звездное небо;]]></param>
			<param name="Категория"><![CDATA[Для девочек;Для мальчиков;]]></param>
			<param name="Материал корпуса"><![CDATA[Пластик;]]></param>
			<param name="Бренд"><![CDATA[UFT]]></param>
			<param name="Новый  бу"><![CDATA[Новый;]]></param>
			<param name="Гарантия"><![CDATA[14 дней]]></param>
			<param name="Наличие"><![CDATA[есть]]></param>
			<param name="вес в упаковке кг"><![CDATA[0.2]]></param>
			<param name="высота в упаковке см"><![CDATA[13]]></param>
			<param name="глубина в упаковке см"><![CDATA[12]]></param>
			<param name="ширина в упаковке см"><![CDATA[12]]></param>
			<param name="количество грузовых мест"><![CDATA[1]]></param>
			<param name="штрихкод"><![CDATA[4820176240101]]></param>
		</offer>
		<offer id="CGEX01" available="true">
			<url>https://ukrpodarok.com.ua/rezinki-espanderi-dlya-fitnesa-nabor-3sht-rezinovie-petli-uft-ex01.html</url>
			<price>188</price>
			<price_old>233</price_old>
			<price_promo>136</price_promo>
			<currencyId>UAH</currencyId>
			<categoryId>152205</categoryId>
			<picture>https://ukrpodarok.com.ua/images/152204_0.jpg</picture>
			<picture>https://ukrpodarok.com.ua/images/152204_99961.jpg</picture>
			<vendor>UFT</vendor>
			<name>Резинки-эспандеры для фитнеса набор 3шт Резиновые петли UFT EX01</name>
			<barcode>8000000028860</barcode>
			<stock_quantity>400</stock_quantity>
			<description>
				<![CDATA[<p>Набор лент для фитнеса EX01 разработаны для домашних занятий, заменяя множество тренажеров. Не лишними будут и во время тренировок в зале, а за счет не&nbsp;больших габаритов - позволяют брать с собой в поездки.<br />Резиновые петли можно использовать для любых груп мышц. Эффект достигается за счет&nbsp;дополнительного сопротивления, которые создают еластичные ленты.<br />Каждая из лент имеет свое сопротивление. Так что вы можете подбирать оптимальный вариант для каждого из упражнений.&nbsp;</p>    Зеленый (0,35 мм) -&nbsp; наименьшее сопротивление XS (2,5 кг);  Красный (1 мм) &mdash; сильное L (15 кг);  Черный (1,2 мм) &mdash; максимальное сопротивление XL (20 кг)    Для увеличения нагрузки можно миксовать несколько&nbsp;колец-еспандеров.<br />  <p>Ленты выполнены из плотного латекса.&nbsp;Эластичный материал обеспечивает плавное растяжение, и плавную нагрузку на мышцы, уменьшая шанс травмирования во время тренировок.</p>]]>
			</description>
			<param name="Тип"><![CDATA[Ленточные]]></param>
			<param name="Вид"><![CDATA[Жгут]]></param>
			<param name="Тип нагрузки"><![CDATA[Растяжение]]></param>
			<param name="Материал"><![CDATA[Латекс]]></param>
			<param name="Цвет"><![CDATA[Разноцветный]]></param>
			<param name="Комплектация"><![CDATA[3 резинки]]></param>
			<param name="Страна регистрации бренда"><![CDATA[Украина]]></param>
			<param name="Гарантия"><![CDATA[14 дней]]></param>
			<param name="Наличие"><![CDATA[есть]]></param>
			<param name="вес в упаковке кг"><![CDATA[0.2]]></param>
			<param name="высота в упаковке см"><![CDATA[10]]></param>
			<param name="глубина в упаковке см"><![CDATA[10]]></param>
			<param name="ширина в упаковке см"><![CDATA[10]]></param>
			<param name="количество грузовых мест"><![CDATA[1]]></param>
			<param name="штрихкод"><![CDATA[8000000028860]]></param>
		</offer>
		<offer id="M5995" available="false">
			<url>https://ukrpodarok.com.ua/respirator-kn95-mnogorazovyiyy-ychetyirehsloyynyiyy-s-regulirovkoyy-ffp2-belyiyy-cgn95.html</url>
			<price>17</price>
			<price_old>29</price_old>
			<currencyId>UAH</currencyId>
			<categoryId>52864</categoryId>
			<picture>https://ukrpodarok.com.ua/images/152164_0.jpg</picture>
			<picture>https://ukrpodarok.com.ua/images/152164_99611.jpg</picture>
			<picture>https://ukrpodarok.com.ua/images/152164_99612.jpg</picture>
			<picture>https://ukrpodarok.com.ua/images/152164_99613.jpg</picture>
			<picture>https://ukrpodarok.com.ua/images/152164_99614.jpg</picture>
			<picture>https://ukrpodarok.com.ua/images/152164_99615.jpg</picture>
			<vendor>CG</vendor>
			<name>Респиратор KN95 многоразовый четырехслойный с регулировкой FFP2 Белый (CGN95)</name>
			<barcode></barcode>
			<stock_quantity>0</stock_quantity>
			<description>
				<![CDATA[<p>Респиратор&nbsp; имеет три слоя -&nbsp;обеспечивающее защитные функции для органов дыхания от пылевых загрязнителей в воздухе рабочей зоны.</p>  <p><b>Примечание:</b>&nbsp;KF94, N95, KN95 и FFP2 &mdash; все стандарты, рекомендованные Всемирной организацией здравоохранения для защиты здоровья. FFP2 &mdash; стандарт ЕС; N95 &mdash; стандарт США; KN95 &mdash; китайский стандарт; KF94 &mdash; корейский стандарт.</p>  <p><strong>Преимущества:</strong></p>    Покрывая рот и нос, маска предотвращает распространение капель.  Эластичные ремни и регулируемый зажим для носа для разных форм и размеров лица.  Наружный нетканый защитный слой.  Респиратор изготовлен из высококачественного материала, безопасный, мягкий и удобный.  Фильтр PM2.5 от пыли  ]]>
			</description>
			<param name="Тип"><![CDATA[Респираторы]]></param>
			<param name="Вид"><![CDATA[Средства индивидуальной защиты]]></param>
			<param name="Назначение"><![CDATA[Защита органов дыхания]]></param>
			<param name="Цвет"><![CDATA[Белый]]></param>
			<param name="Количество слоев"><![CDATA[Трехслойная]]></param>
			<param name="Материал"><![CDATA[ПолиэстерХлопок]]></param>
			<param name="Крепление"><![CDATA[На резинке]]></param>
			<param name="Количество в упаковке, шт"><![CDATA[1]]></param>
			<param name="Вид маски"><![CDATA[Полумаска]]></param>
			<param name="Производитель"><![CDATA[KN95]]></param>
			<param name="Класс защиты респиратора"><![CDATA[FFP2]]></param>
			<param name="Гарантия"><![CDATA[6 месяцев]]></param>
			<param name="Наличие"><![CDATA[нет]]></param>
		</offer>
		<offer id="CGKN9510" available="false">
			<url>https://ukrpodarok.com.ua/respirator-kn95-trehsloinii-nabor-10-sht-s-regulirovkoi-belii-(kn95).html</url>
			<price>170</price>
			<currencyId>UAH</currencyId>
			<categoryId>52864</categoryId>
			<picture>https://ukrpodarok.com.ua/images/152233_0.jpg</picture>
			<picture>https://ukrpodarok.com.ua/images/152233_100048.jpg</picture>
			<picture>https://ukrpodarok.com.ua/images/152233_100049.jpg</picture>
			<vendor>CG</vendor>
			<name>Респиратор KN95 трехслойный набор 10 шт. с регулировкой Белый (KN95)</name>
			<barcode></barcode>
			<stock_quantity>0</stock_quantity>
			<description>
				<![CDATA[Распиратор&nbsp;KN95 имеет три слоя, которые предоставляют 99% бактериальной защиты.&nbsp;Распиратор<strong>&nbsp;с</strong><strong>&nbsp;пропиткой&nbsp;meltblown</strong>&nbsp;- этот материал сделан из нефтепродуктов, который задерживает все мельчайшие микробы.<br />  <p><strong>Преимущества:</strong></p>      Покрывая рот и нос, маска предотвращает распространение капель.  Эластичные ремни и регулируемый зажим для носа для разных форм и размеров лица.  Наружный нетканый защитный слой.  Респиратор изготовлен из высококачественного материала, безопасный, мягкий и удобный.  Фильтр PM2.5 от пыли  ]]>
			</description>
			<param name="Тип"><![CDATA[Респираторы]]></param>
			<param name="Вид"><![CDATA[Средства индивидуальной защиты]]></param>
			<param name="Назначение"><![CDATA[Защита органов дыхания]]></param>
			<param name="Цвет"><![CDATA[Белый]]></param>
			<param name="Количество слоев"><![CDATA[Трехслойная]]></param>
			<param name="Материал"><![CDATA[ПолиэстерХлопок]]></param>
			<param name="Крепление"><![CDATA[На резинке]]></param>
			<param name="Количество в упаковке, шт"><![CDATA[1]]></param>
			<param name="Вид маски"><![CDATA[Полумаска]]></param>
			<param name="Производитель"><![CDATA[KN95]]></param>
			<param name="Класс защиты респиратора"><![CDATA[FFP2]]></param>
			<param name="Гарантия"><![CDATA[6 месяцев]]></param>
			<param name="Наличие"><![CDATA[нет]]></param>
		</offer>
		<offer id="alarmretro" available="true">
			<url>https://ukrpodarok.com.ua/retro-budilnik-uft-alarm-retro.html</url>
			<price>499</price>
			<price_old>677</price_old>
			<currencyId>UAH</currencyId>
			<categoryId>829</categoryId>
			<picture>https://ukrpodarok.com.ua/images/152461_0.jpg</picture>
			<picture>https://ukrpodarok.com.ua/images/152461_101266.jpg</picture>
			<picture>https://ukrpodarok.com.ua/images/152461_101267.jpg</picture>
			<picture>https://ukrpodarok.com.ua/images/152461_101268.jpg</picture>
			<vendor>UFT</vendor>
			<name>Ретро Будильник UFT Alarm Retro</name>
			<barcode>4820176243515</barcode>
			<stock_quantity>50</stock_quantity>
			<description>
				<![CDATA[Бесспорно есть вещи, которые не выходят из моды. Это оригинальнейший всегда модный и популярный будильник.<br />Есть вещи, которые остаются оригинальными и бесспорно даже считаются стильными в наши дни, хотя им уже отведено место в истории.&nbsp;  Замечательные, стильные и бесспорно нужные часы-будильник классического ретро дизайна станут настоящим подарком для стильного интерьера!&nbsp;  Также в нем есть функция подсветки, что позволяет узнавать время даже в темное время суток.&nbsp;  Классический звонок и заводное устройство не дадут Вам проспать!]]>
			</description>
			<param name="Цвет корпуса"><![CDATA[Черный]]></param>
			<param name="Вид индикации"><![CDATA[Арабские цифры, Индексы]]></param>
			<param name="Элементы питания"><![CDATA[АА батарейка (в комплект не входит)]]></param>
			<param name="Функции"><![CDATA[Функция подсветки]]></param>
			<param name="Формат времени"><![CDATA[12 ч]]></param>
			<param name="Тип циферблата"><![CDATA[Аналоговый (стрелочный)]]></param>
			<param name="Индикация"><![CDATA[Минуты, Секунды, Часы]]></param>
			<param name="Источник питания"><![CDATA[Батарейки]]></param>
			<param name="Гарантия"><![CDATA[6 месяцев]]></param>
			<param name="Наличие"><![CDATA[есть]]></param>
			<param name="вес в упаковке кг"><![CDATA[0.3]]></param>
			<param name="высота в упаковке см"><![CDATA[10]]></param>
			<param name="глубина в упаковке см"><![CDATA[10]]></param>
			<param name="ширина в упаковке см"><![CDATA[10]]></param>
			<param name="количество грузовых мест"><![CDATA[1]]></param>
			<param name="штрихкод"><![CDATA[4820176243515]]></param>
		</offer>
		<offer id="MP100110" available="false">
			<url>https://ukrpodarok.com.ua/ruchnii-masazher-delf-n-dlya-t-la-dolphin-ms1-red-z-troma-nasadkami.html</url>
			<price>544</price>
			<price_old>849</price_old>
			<currencyId>UAH</currencyId>
			<categoryId>50906</categoryId>
			<picture>https://ukrpodarok.com.ua/images/151687_0.jpg</picture>
			<picture>https://ukrpodarok.com.ua/images/151687_101092.jpg</picture>
			<picture>https://ukrpodarok.com.ua/images/151687_101091.jpg</picture>
			<picture>https://ukrpodarok.com.ua/images/151687_101090.jpg</picture>
			<picture>https://ukrpodarok.com.ua/images/151687_101176.jpg</picture>
			<picture>https://ukrpodarok.com.ua/images/151687_101177.jpg</picture>
			<picture>https://ukrpodarok.com.ua/images/151687_101178.jpg</picture>
			<picture>https://ukrpodarok.com.ua/images/151687_101179.jpg</picture>
			<picture>https://ukrpodarok.com.ua/images/151687_101180.jpg</picture>
			<picture>https://ukrpodarok.com.ua/images/151687_101181.jpg</picture>
			<vendor>UFT</vendor>
			<name>Ручний масажер Дельфін для тіла Dolphin MS1 Red з трьома насадками</name>
			<barcode>4820176252944</barcode>
			<stock_quantity>0</stock_quantity>
			<description>
				<![CDATA[У этого массажера &mdash; три эргономичных насадки. <br />-Пальцеобразная насадка позволяет максимально точно сымитировать работу массажиста.<br />-Сферическая &mdash; дает идеальный расслабляющий эффект. <br />-Точечная &mdash; позволяет прицельно влиять на важные мышечные узлы и наиболее болезненные места.<br /><br />Функции:<br />-Сочетает методику &laquo;кулачкового&raquo; массажа с инфракрасным прогревом.<br />-2 уровня интенсивности<br />-Снимает усталость<br />-Улучшает кровообращение<br />-Способствует расслаблению мышц<br />-Активизирует обменные процессы<br />-Нормализует мышечный тонус<br /><br /><strong></strong>Работает от сети. Периодичность вращений -&nbsp;2600-3200 р в минуту.<strong><strong><br /></strong></strong>]]>
			</description>
			<param name="Вид массажена"><![CDATA[Портативный (ручной) массажер]]></param>
			<param name="Назначение"><![CDATA[Для телаДля шеи и плеч]]></param>
			<param name="Вид массажа"><![CDATA[Вибромассаж]]></param>
			<param name="Цвет"><![CDATA[Красный]]></param>
			<param name="Функции"><![CDATA[Регулировки интенсивности массажа]]></param>
			<param name="Количество насадок"><![CDATA[3]]></param>
			<param name="Уровней скоростей"><![CDATA[2]]></param>
			<param name="Напряжение"><![CDATA[200-240V]]></param>
			<param name="Частота"><![CDATA[50-60Гц]]></param>
			<param name="Периодичность"><![CDATA[2600-3200 р в минуту]]></param>
			<param name="Мощность"><![CDATA[28W]]></param>
			<param name="Размер коробки"><![CDATA[62х43,5х55см]]></param>
			<param name="Гарантия"><![CDATA[14 дней]]></param>
			<param name="Наличие"><![CDATA[нет]]></param>
			<param name="вес в упаковке кг"><![CDATA[1]]></param>
			<param name="высота в упаковке см"><![CDATA[62]]></param>
			<param name="глубина в упаковке см"><![CDATA[15]]></param>
			<param name="ширина в упаковке см"><![CDATA[45]]></param>
			<param name="количество грузовых мест"><![CDATA[1]]></param>
			<param name="штрихкод"><![CDATA[4820176252944]]></param>
		</offer>
		<offer id="M+ledbagBlue" available="false">
			<url>https://ukrpodarok.com.ua/ryukzak-so-svetodiodnim-ekranom-15-6-m-led-bag-blue.html</url>
			<price>1499</price>
			<price_old>1999</price_old>
			<price_promo>1300</price_promo>
			<currencyId>UAH</currencyId>
			<categoryId>52713</categoryId>
			<picture>https://ukrpodarok.com.ua/images/52632_0.jpg</picture>
			<picture>https://ukrpodarok.com.ua/images/52632_63614.jpg</picture>
			<picture>https://ukrpodarok.com.ua/images/52632_63616.jpg</picture>
			<picture>https://ukrpodarok.com.ua/images/52632_63615.jpg</picture>
			<picture>https://ukrpodarok.com.ua/images/52632_0.jpg</picture>
			<vendor>CG</vendor>
			<name>Рюкзак со светодиодным экраном 15.6&apos; M+ LED Bag Blue</name>
			<barcode></barcode>
			<stock_quantity>0</stock_quantity>
			<description>
				<![CDATA[<p>Рюкзак с LED экраном M+ это отличный способ выделиться из толпы уникальным изображением, которое вы можете менять по своему желанию.</p>  <p>Достаточно установить специальное приложение на смартфон с Android. Подключайтесь по WiFi и устанавливайте на ваш рюкзак любое изображение, текст или анимацию (GIF).</p>  <p>Идеально для детей, велосипедистов, что бы сделать их более заметными в вечернее время суток.</p>  <p>&nbsp;</p>  <p>Кроме того это инновационный способ создать рекламу вашему бренду или продукту. Светодиодная панель 15,6&Prime; (19 х 19см, 64 х 64 диодов)</p>  <p>Для питания необходимо подключить Повербанк.</p>]]>
			</description>
			<param name="Цвет"><![CDATA[Голубой]]></param>
			<param name="Защита"><![CDATA[от влаги]]></param>
			<param name="Питание"><![CDATA[от USB]]></param>
			<param name="Гарантия"><![CDATA[6 месяцев]]></param>
			<param name="Наличие"><![CDATA[нет]]></param>
		</offer>
		<offer id="M+ledbagGray" available="false">
			<url>https://ukrpodarok.com.ua/ryukzak-so-svetodiodnim-ekranom-15-6-m-led-bag-gray.html</url>
			<price>1499</price>
			<price_old>1999</price_old>
			<currencyId>UAH</currencyId>
			<categoryId>52713</categoryId>
			<picture>https://ukrpodarok.com.ua/images/52631_0.jpg</picture>
			<picture>https://ukrpodarok.com.ua/images/52631_63623.png</picture>
			<picture>https://ukrpodarok.com.ua/images/52631_63617.jpg</picture>
			<picture>https://ukrpodarok.com.ua/images/52631_63618.jpg</picture>
			<picture>https://ukrpodarok.com.ua/images/52631_63619.jpg</picture>
			<picture>https://ukrpodarok.com.ua/images/52631_63624.jpg</picture>
			<picture>https://ukrpodarok.com.ua/images/52631_0.jpg</picture>
			<vendor>CG</vendor>
			<name>Рюкзак со светодиодным экраном 15.6&apos; M+ LED Bag Gray</name>
			<barcode></barcode>
			<stock_quantity>0</stock_quantity>
			<description>
				<![CDATA[<p>Рюкзак с LED экраном M+ это отличный способ выделиться из толпы уникальным изображением, которое вы можете менять по своему желанию.</p>  <p>Достаточно установить специальное приложение на смартфон с Android. Подключайтесь по WiFi и устанавливайте на ваш рюкзак любое изображение, текст или анимацию (GIF).</p>  <p>Идеально для детей, велосипедистов, что бы сделать их более заметными в вечернее время суток.</p>  <p>&nbsp;</p>  <p>Кроме того это инновационный способ создать рекламу вашему бренду или продукту. Светодиодная панель 15,6&Prime; (19 х 19см, 64 х 64 диодов)</p>  <p>Для питания необходимо подключить Повербанк.</p>]]>
			</description>
			<param name="Цвет"><![CDATA[Серый]]></param>
			<param name="Защита"><![CDATA[от влаги]]></param>
			<param name="Питание"><![CDATA[от USB]]></param>
			<param name="Гарантия"><![CDATA[6 месяцев]]></param>
			<param name="Наличие"><![CDATA[нет]]></param>
		</offer>
		<offer id="M+ledbagPink" available="false">
			<url>https://ukrpodarok.com.ua/ryukzak-so-svetodiodnim-ekranom-15-6-m-led-bag-pink.html</url>
			<price>1499</price>
			<price_old>1999</price_old>
			<currencyId>UAH</currencyId>
			<categoryId>52713</categoryId>
			<picture>https://ukrpodarok.com.ua/images/52630_0.jpg</picture>
			<picture>https://ukrpodarok.com.ua/images/52630_63620.jpg</picture>
			<picture>https://ukrpodarok.com.ua/images/52630_63621.jpg</picture>
			<picture>https://ukrpodarok.com.ua/images/52630_63622.jpg</picture>
			<picture>https://ukrpodarok.com.ua/images/52630_0.jpg</picture>
			<vendor>CG</vendor>
			<name>Рюкзак со светодиодным экраном 15.6&apos; M+ LED Bag Pink</name>
			<barcode></barcode>
			<stock_quantity>0</stock_quantity>
			<description>
				<![CDATA[<p>Рюкзак с LED экраном M+ это отличный способ выделиться из толпы уникальным изображением, которое вы можете менять по своему желанию.</p>  <p>Достаточно установить специальное приложение на смартфон с Android. Подключайтесь по WiFi и устанавливайте на ваш рюкзак любое изображение, текст или анимацию (GIF).</p>  <p>Идеально для детей, велосипедистов, что бы сделать их более заметными в вечернее время суток.</p>  <p>&nbsp;</p>  <p>Кроме того это инновационный способ создать рекламу вашему бренду или продукту. Светодиодная панель 15,6&Prime; (19 х 19см, 64 х 64 диодов)</p>  <p>Для питания необходимо подключить Повербанк.</p>]]>
			</description>
			<param name="Цвет"><![CDATA[Розовый]]></param>
			<param name="Защита"><![CDATA[от влаги]]></param>
			<param name="Питание"><![CDATA[от USB]]></param>
			<param name="Гарантия"><![CDATA[6 месяцев]]></param>
			<param name="Наличие"><![CDATA[нет]]></param>
		</offer>
		<offer id="G2Red" available="true">
			<url>https://ukrpodarok.com.ua/samolet-pinoplast-planer-svetyaschiisya-po-vsei-dline-uft-touch-sky-plane-original-red-48-sm.html</url>
			<price>177</price>
			<price_old>199</price_old>
			<currencyId>UAH</currencyId>
			<categoryId>50550</categoryId>
			<picture>https://ukrpodarok.com.ua/images/152483_0.jpg</picture>
			<picture>https://ukrpodarok.com.ua/images/152483_101394.jpg</picture>
			<picture>https://ukrpodarok.com.ua/images/152483_101395.jpg</picture>
			<picture>https://ukrpodarok.com.ua/images/152483_101396.jpg</picture>
			<vendor>UFT</vendor>
			<name>Самолет пинопласт планер светящийся по всей длине UFT Touch Sky Plane Original Red 48 см</name>
			<barcode></barcode>
			<stock_quantity>4</stock_quantity>
			<description>
				<![CDATA[<p>Метательный планер &ndash; это летающий самолетик, выполненный из легкого, гибкого и прочного EPP материала. Планер отлично парит в воздухе, не ломается и абсолютно безопасен для ребенка.</p>  <p>Летальный аппарат запускается одним броском и парит в воздухе в течении 30-40 секунд без каких-либо механизмов. Запускать самолет необходимо на открытом пространстве. Благодаря потокам воздуха планер стремительно набирает высоту.</p>  <p>Метательный планер станет отличным способом провести время на свежем воздухе весело и активно! Любая прогулка, отдых на даче, в парке или на пляже наполнится яркими незабываемыми эмоциями благодаря этой игрушке!</p>]]>
			</description>
			<param name="Тип"><![CDATA[Воздушные змеи и планеры]]></param>
			<param name="Возраст"><![CDATA[от 3 лет]]></param>
			<param name="Комплектация"><![CDATA[Корпус самолета, крыло 1, крыло 2]]></param>
			<param name="Гарантия"><![CDATA[14 дней]]></param>
			<param name="Цвет"><![CDATA[Красный]]></param>
			<param name="Наличие"><![CDATA[есть]]></param>
		</offer>
		<offer id="ftbrabutt" available="false">
			<url>https://ukrpodarok.com.ua/svetilnik-babochka-uft-bra-butterfly.html</url>
			<price>655</price>
			<price_old>779</price_old>
			<currencyId>UAH</currencyId>
			<categoryId>152175</categoryId>
			<picture>https://ukrpodarok.com.ua/images/152406_0.jpg</picture>
			<picture>https://ukrpodarok.com.ua/images/152406_100972.jpg</picture>
			<picture>https://ukrpodarok.com.ua/images/152406_100971.jpg</picture>
			<picture>https://ukrpodarok.com.ua/images/152406_100973.jpg</picture>
			<vendor>UFT</vendor>
			<name>Светильник Бабочка UFT BRA BUTTERFLY</name>
			<barcode></barcode>
			<stock_quantity>0</stock_quantity>
			<description>
				<![CDATA[Цей бра не просто світить - він воістину випромінює свіжість, комфорт і затишок навколо. Дизайнери настінного світильника UFT brabutterfly підібрали настільки якісні і красиві матеріали, фарби і півтону підібрані так точно, що сам по собі світильник є вже прикрасою інтер'єру, а при включенні перетворюється просто на шматочок весни на стіні з метеликом, що пурхає. Світильник UFT brabutterfly ідеальний для оформлення дитячих кімнат, передпокоїв, спалень.<br />Тип лампи: 4A (звичайний цоколь).<br />Живлення: мережа 220 Вт.<br />Матеріали: скло, метал.<br />Розміри світильника: висота 27 см., ширина 13 см., плафон 20 см.]]>
			</description>
			<param name="Тип"><![CDATA[3D-светильники]]></param>
			<param name="Тип используемой лампы"><![CDATA[4A (обычный цоколь).]]></param>
			<param name="Назначение"><![CDATA[Для спальни;]]></param>
			<param name="цвет корпуса"><![CDATA[Зеленый]]></param>
			<param name="Материал"><![CDATA[Стекло;Металл;]]></param>
			<param name="Питание"><![CDATA[От сети]]></param>
			<param name="Тип установки"><![CDATA[Настольные]]></param>
			<param name="Материал корпуса"><![CDATA[Стекло]]></param>
			<param name="Гарантия"><![CDATA[6 месяцев]]></param>
			<param name="Наличие"><![CDATA[нет]]></param>
		</offer>
		<offer id="Star" available="true">
			<url>https://ukrpodarok.com.ua/svetilnik-detskii-nochnik-led-zvezdochka-uft-funny-lamp-star-26h-4-5h-26-sm.html</url>
			<price>325</price>
			<price_old>450</price_old>
			<currencyId>UAH</currencyId>
			<categoryId>830</categoryId>
			<picture>https://ukrpodarok.com.ua/images/151868_0.jpg</picture>
			<picture>https://ukrpodarok.com.ua/images/52443_26741.jpg</picture>
			<picture>https://ukrpodarok.com.ua/images/52443_26738.jpg</picture>
			<picture>https://ukrpodarok.com.ua/images/52443_26740.jpg</picture>
			<picture>https://ukrpodarok.com.ua/images/151868_100280.jpg</picture>
			<picture>https://ukrpodarok.com.ua/images/151868_101084.jpg</picture>
			<picture>https://ukrpodarok.com.ua/images/151868_101085.jpg</picture>
			<vendor>UFT</vendor>
			<name>Светильник детский ночник LED Звездочка UFT Funny Lamp Star 26х 4.5х 26 см</name>
			<barcode>4820176247025</barcode>
			<stock_quantity>50</stock_quantity>
			<description>
				<![CDATA[  <p>Светильник "Звездочка" - обеспечат комфорт и уют для малыша. Каждая семья, у которой есть маленький ребенок, стремится создать ему уютную атмосферу в детской комнате. Одним из необходимых атрибутов для обеспечения комфорта и уюта в комнате малыша является ночник-светильник "Звездочка". <br />Ночник представляет собой стильный декоративный элемент, который предназначен для подсветки комнат в темное время суток или, при необходимости, также в дневное. <br />Кроме основной функции освещения, может служить стильным предметом украшения любой комнаты в доме или квартире.<br /> Краткая характеристика:<br />-По форме светильник изготовлен в виде Звездочки. <br />-Корпус выполнен из экологически безопасного пластика. <br />-Внутри корпуса смонтированы полупроводниковые светодиодные лампы (LED), в количестве 11 шт.<br />-Функционирует "Звездочка" от 2-х ААА батареек.<br />- Размер -&nbsp;26х 4.5х 26 см</p>    ]]>
			</description>
			<param name="Тип установки"><![CDATA[Настольные;Настенные;]]></param>
			<param name="Питание"><![CDATA[2 х ААА]]></param>
			<param name="Размеры"><![CDATA[26х 4.5х 26 см]]></param>
			<param name="Цвет корпуса"><![CDATA[Желтый]]></param>
			<param name="Пол ребенка"><![CDATA[МальчикДевочка]]></param>
			<param name="Материал корпуса"><![CDATA[Пластик]]></param>
			<param name="Тип источника света"><![CDATA[Светодиодные (LED)]]></param>
			<param name="Выключатель"><![CDATA[На корпусе]]></param>
			<param name="Таймер выключения"><![CDATA[Без таймера]]></param>
			<param name="Бренд"><![CDATA[UFT]]></param>
			<param name="Страна регистрации бренда"><![CDATA[Украина]]></param>
			<param name="Гарантия"><![CDATA[1 месяц]]></param>
			<param name="Наличие"><![CDATA[есть]]></param>
			<param name="вес в упаковке кг"><![CDATA[0.27]]></param>
			<param name="высота в упаковке см"><![CDATA[28]]></param>
			<param name="глубина в упаковке см"><![CDATA[28]]></param>
			<param name="ширина в упаковке см"><![CDATA[6]]></param>
			<param name="количество грузовых мест"><![CDATA[1]]></param>
			<param name="штрихкод"><![CDATA[4820176247025]]></param>
		</offer>
		<offer id="uftavatar" available="true">
			<url>https://ukrpodarok.com.ua/svetilnik-nochnik-s-indikatorom-temnoti-uft-avatar-avatar-magic-flowers-(perehodnik-na-evrorozetku-ne-idet-v-komplekte).html</url>
			<price>577</price>
			<price_old>699</price_old>
			<currencyId>UAH</currencyId>
			<categoryId>830</categoryId>
			<picture>https://ukrpodarok.com.ua/images/150828_0.jpg</picture>
			<picture>https://ukrpodarok.com.ua/images/897_69247.jpg</picture>
			<picture>https://ukrpodarok.com.ua/images/150828_100285.jpg</picture>
			<picture>https://ukrpodarok.com.ua/images/150828_100623.jpg</picture>
			<vendor>UFT</vendor>
			<name>Светильник Ночник с индикатором темноты UFT Аватар Avatar Magic Flowers (переходник на евророзетку не идет в комплекте)</name>
			<barcode>4820176240156</barcode>
			<stock_quantity>50</stock_quantity>
			<description>
				<![CDATA[Оригинальный светодиодный светильник в стиле фильма "Аватар". Этот светильник-ночник Аватар приятно осветит вашу комнату ночью. Для него не нужны батарейки, по сколько этот ночник работает от розетки (переходник на евророзетку не идет в комплекте, штекер <b>тип I</b>&nbsp;). При наступлении темноты светильник начинает светиться благодаря встроенному индикатору темноты.&nbsp;Ночник Аватар станет необычным и красивым предметом вашего интерьера, а также оригинальным ночником.&nbsp;Грибочки переливаются очень яркими и красивыми приглушенными цветами.  Шнур для розетки идёт для европейских розеток и не требует никаких переходников.  <b>&nbsp;</b>  <b>]]>
			</description>
			<param name="Тип"><![CDATA[3D-светильники]]></param>
			<param name="Тип используемой лампы"><![CDATA[Светодиодные (LED)]]></param>
			<param name="Назначение"><![CDATA[Для спальни]]></param>
			<param name="Особенности"><![CDATA[С сумеречным датчиком]]></param>
			<param name="Питание"><![CDATA[От сети]]></param>
			<param name="Цвет свечения"><![CDATA[Разноцветный]]></param>
			<param name="Тип установки"><![CDATA[В розеткуНастольные]]></param>
			<param name="Форма"><![CDATA[Другая]]></param>
			<param name="Пол ребенка"><![CDATA[МальчикДевочка]]></param>
			<param name="Материал корпуса"><![CDATA[Керамика]]></param>
			<param name="Новый  бу"><![CDATA[Новый]]></param>
			<param name="Гарантия"><![CDATA[1 месяц]]></param>
			<param name="Бренд"><![CDATA[UFT]]></param>
			<param name="Наличие"><![CDATA[есть]]></param>
			<param name="вес в упаковке кг"><![CDATA[0.3]]></param>
			<param name="высота в упаковке см"><![CDATA[16]]></param>
			<param name="глубина в упаковке см"><![CDATA[13]]></param>
			<param name="ширина в упаковке см"><![CDATA[13]]></param>
			<param name="количество грузовых мест"><![CDATA[1]]></param>
			<param name="штрихкод"><![CDATA[4820176240156]]></param>
		</offer>
		<offer id="flatfish" available="true">
			<url>https://ukrpodarok.com.ua/svetilnik-ribka-v-detskuyu-komnatu-uft-bra-flat-fish.html</url>
			<price>669</price>
			<price_old>789</price_old>
			<currencyId>UAH</currencyId>
			<categoryId>152175</categoryId>
			<picture>https://ukrpodarok.com.ua/images/152408_0.jpg</picture>
			<picture>https://ukrpodarok.com.ua/images/152408_100974.jpg</picture>
			<picture>https://ukrpodarok.com.ua/images/152408_100975.jpg</picture>
			<picture>https://ukrpodarok.com.ua/images/152408_100976.jpg</picture>
			<vendor>UFT</vendor>
			<name>Светильник Рыбка в детскую комнату UFT BRA FLAT FISH</name>
			<barcode></barcode>
			<stock_quantity>10</stock_quantity>
			<description>
				<![CDATA[Неординарне і стильне дизайнерське рішення відмінно впишеться в інтер'єр і особливо припаде до смаку любителям океану та його мешканців. Світильник у формі рибки-місяця стане чудовим нагадуванням про незабутню романтичну подорож на морі або відпочинок на березі океану. Особливо щасливими будуть дітки, коли вечорами на стіні буде весело світитись рибка-місяць.<br /><br />Справді, світильник UFT braflatfish ідеально підходить для оформлення дитячих кімнат. Також цей дизайнерський шедевр гідно оцінять люди, які захоплюються в оформленні інтер'єру морською тематикою, люди у яких є акваріуми та які просто креативно мислять.<br />Розміри світильника:<br />висота 31 см<br />ширина 25 см<br /><br />Тип лампи: 2A (маленький цоколь).<br />Живлення: мережа 220 Вт.<br />Матеріали: скло, метал.]]>
			</description>
			<param name="Тип"><![CDATA[3D-светильники]]></param>
			<param name="Тип используемой лампы"><![CDATA[Накалывания]]></param>
			<param name="Назначение"><![CDATA[Для спальни]]></param>
			<param name="Цвет корпуса"><![CDATA[Желтый]]></param>
			<param name="Материал корпуса"><![CDATA[Металл; Стекло]]></param>
			<param name="Питание"><![CDATA[От сети]]></param>
			<param name="Тип установки"><![CDATA[Настенные;Настольные;]]></param>
			<param name="Гарантия"><![CDATA[6 месяцев]]></param>
			<param name="Наличие"><![CDATA[есть]]></param>
		</offer>
		<offer id="CGLS01" available="true">
			<url>https://ukrpodarok.com.ua/svetodiodnaya-rgb-lenta-uft-ls01-162-led-3-m-s-pultom-blokom-pitaniya-kontrollerom.html</url>
			<price>577</price>
			<price_old>799</price_old>
			<currencyId>UAH</currencyId>
			<categoryId>152207</categoryId>
			<picture>https://ukrpodarok.com.ua/images/152213_0.jpg</picture>
			<picture>https://ukrpodarok.com.ua/images/152213_100004.jpg</picture>
			<vendor>UFT</vendor>
			<name>Светодиодная RGB лента  UFT LS01 162 LED 3 м с пультом, блоком питания, контроллером</name>
			<barcode>4820176277701</barcode>
			<stock_quantity>50</stock_quantity>
			<description>
				<![CDATA[LS01 -&nbsp;это гибкая лента со раздельными светодиодами&nbsp;PVC&nbsp;3528&nbsp;SMD&nbsp;54&nbsp;светодиодов на метр. Всего на 3 метровой ленте расположено&nbsp;162 диодов.<br />Ленту можно использовать&nbsp;для украшения любых элементов в&nbsp;доме.&nbsp;Например можно украсить потолок, шкаф, стол, окно и т.д. Кроме того лента отлично смотриться как подсветка для монитора&nbsp;или телевизора.<br />Размещая ленту на улице, необходимо убедиться что бы небыло прямого контакта с&nbsp;водой.<br /><br />Каждый диод светит одним из цветов&nbsp;R-G-B, смешивая три основных цвета можно достичь практически любого оттенка, например:<br /> - Красный; <br />- Желтый;<br /> - Зеленый;<br /> - Синий;<br /> - Белый;<br />-Фиолетовый и т.д.<br /><br />В комплекте с ЛЕД лентой поставляестя контроллер и пульт ДУ при помощи которого можно изменять цвет, а так же режим переливания&nbsp;(простое быстрое мерцание, "стробоскопичесий эффект", свечение, плавное мягкое мигание).<br /><br />С&nbsp;одной стороны располагаются светодиоды, а с обратной - липкая основа, с помощью которой ленту удобно монтировать на любые поверхности, предварительно протерев и обезжирив.<br />Размещая ленту на улице, необходимо убедиться что бы небыло прямого контакта с&nbsp;водой.<br /><br />Ленту можно разрезать в специальных местах на отрезки по 5см (3шт LED), и соединять коннекторами (которые продаются отдельно).<br /><br />Ширина ленты 8мм.<br />Для удобства транспортировки лента накручена на "бабину" диаметром 130мм.<br /><br />Питание от адаптера питания 12В - 2A&nbsp;(поставляестя в комплекте).]]>
			</description>
			<param name="Источник питания"><![CDATA[От сетиБлок питания]]></param>
			<param name="Цвет свечения"><![CDATA[RGB]]></param>
			<param name="Класс защиты IP"><![CDATA[65]]></param>
			<param name="Тип свечения"><![CDATA[Фронтальное]]></param>
			<param name="Количество диодов на метр"><![CDATA[54]]></param>
			<param name="Длина, м"><![CDATA[3]]></param>
			<param name="Количество цветов"><![CDATA[RGB]]></param>
			<param name="Цвет основы"><![CDATA[Белый]]></param>
			<param name="Мощность, Втм"><![CDATA[2,88]]></param>
			<param name="Страна регистрации бренда"><![CDATA[Украина]]></param>
			<param name="Гарантия"><![CDATA[1 месяц]]></param>
			<param name="Наличие"><![CDATA[есть]]></param>
			<param name="вес в упаковке кг"><![CDATA[0.3]]></param>
			<param name="высота в упаковке см"><![CDATA[15]]></param>
			<param name="глубина в упаковке см"><![CDATA[4]]></param>
			<param name="ширина в упаковке см"><![CDATA[15]]></param>
			<param name="количество грузовых мест"><![CDATA[1]]></param>
			<param name="штрихкод"><![CDATA[4820176277701]]></param>
		</offer>
		<offer id="CGrefcoatBlack" available="true">
			<url>https://ukrpodarok.com.ua/svetootrazhayuschii-zhilet-dlya-velosipedistov-uft-waistcoat-one-size-black.html</url>
			<price>249</price>
			<price_old>299</price_old>
			<currencyId>UAH</currencyId>
			<categoryId>152127</categoryId>
			<picture>https://ukrpodarok.com.ua/images/152226_0.jpg</picture>
			<picture>https://ukrpodarok.com.ua/images/152226_100035.jpg</picture>
			<picture>https://ukrpodarok.com.ua/images/152226_100037.jpg</picture>
			<picture>https://ukrpodarok.com.ua/images/152226_100036.jpg</picture>
			<picture>https://ukrpodarok.com.ua/images/152226_100039.jpg</picture>
			<picture>https://ukrpodarok.com.ua/images/152226_100354.jpg</picture>
			<picture>https://ukrpodarok.com.ua/images/152226_100355.jpg</picture>
			<picture>https://ukrpodarok.com.ua/images/152226_100356.jpg</picture>
			<picture>https://ukrpodarok.com.ua/images/152226_100357.jpg</picture>
			<picture>https://ukrpodarok.com.ua/images/152226_100358.jpg</picture>
			<vendor>UFT</vendor>
			<name>Светоотражающий жилет для велосипедистов UFT waistcoat One Size Black</name>
			<barcode>4820176273321</barcode>
			<stock_quantity>50</stock_quantity>
			<description>
				<![CDATA[Світловідбивний жилет (портупея) може бути у будинку кожного велосипедиста і бігуна.<br />Така маленька&nbsp;річ&nbsp;(вагою всього 125 грам) здатна забезпечити від дорожньо-транспортних пригод у темний час доби або навіть врятувати життя.<br /><br />Особливості світловідбиваючого жилета&nbsp;UFT waistcoat Orange:<br /><br />- Універсальний розмір, який підходить як для дітей (від 6 років і вище), так і для дорослих. Завдяки лямкам можна регулювати розмір вручну і за потреби пояс можна одягати навіть поверх рюкзака;<br /><br />- жилет застібається спереду за допомогою пластикової застібки, (а не липучки), що робить носіння жилета більш довговічним, і він не злетить;<br /><br />- світловідбиваючий шар закріплений та просочений у самому матеріалі, а не нанесений зверху. Це підвищує яскравість жилета, його зносостійкість;<br /><br />- світловідбивний жилет-пояс зроблений з нейлону, тому він не заважає обдування, не гріє і не сковує рухи;<br /><br />- дизайн цього сигнального жилета набагато сучасніший за звичайні жилети з рубаними рукавами так як у ньому немає нічого зайвого.<br />- Підходить як жінкам, так і чоловікам.<br /><br />]]>
			</description>
			<param name="Вид"><![CDATA[Жилет]]></param>
			<param name="Цвет"><![CDATA[Черный]]></param>
			<param name="Свойства"><![CDATA[Светоотражающая одежда]]></param>
			<param name="Размер"><![CDATA[One Size]]></param>
			<param name="Материал"><![CDATA[Полиэстер]]></param>
			<param name="Страна регистрации бренда"><![CDATA[Украина]]></param>
			<param name="Гарантия"><![CDATA[14 дней]]></param>
			<param name="Бренд"><![CDATA[UFT]]></param>
			<param name="Наличие"><![CDATA[есть]]></param>
			<param name="вес в упаковке кг"><![CDATA[0.2]]></param>
			<param name="высота в упаковке см"><![CDATA[3]]></param>
			<param name="глубина в упаковке см"><![CDATA[2]]></param>
			<param name="ширина в упаковке см"><![CDATA[8]]></param>
			<param name="количество грузовых мест"><![CDATA[1]]></param>
			<param name="штрихкод"><![CDATA[4820176273321]]></param>
		</offer>
		<offer id="UFTrefcoatGreen" available="true">
			<url>https://ukrpodarok.com.ua/svetootrazhayuschii-signalnii-poyas-zhilet-uft-waistcoat-green-chto-tyanetsya.html</url>
			<price>190</price>
			<price_old>277</price_old>
			<currencyId>UAH</currencyId>
			<categoryId>152127</categoryId>
			<picture>https://ukrpodarok.com.ua/images/152129_0.jpg</picture>
			<picture>https://ukrpodarok.com.ua/images/152129_99525.jpg</picture>
			<picture>https://ukrpodarok.com.ua/images/152129_101017.jpg</picture>
			<picture>https://ukrpodarok.com.ua/images/152129_101018.jpg</picture>
			<picture>https://ukrpodarok.com.ua/images/152129_101019.jpg</picture>
			<vendor>UFT</vendor>
			<name>Светоотражающий сигнальный пояс-жилет UFT waistcoat Green что тянется</name>
			<barcode>4820176272133</barcode>
			<stock_quantity>50</stock_quantity>
			<description>
				<![CDATA[Світловідбивний жилет (портупея) може бути у будинку кожного велосипедиста і бігуна.<br />Така маленька&nbsp;річ&nbsp;(вагою всього 125 грам) здатна забезпечити від дорожньо-транспортних пригод у темний час доби або навіть врятувати життя.<br /><br />Особливості світловідбиваючого жилета&nbsp;UFT waistcoat Orange:<br /><br />- Універсальний розмір, який підходить як для дітей (від 6 років і вище), так і для дорослих. Завдяки лямкам можна регулювати розмір вручну і за потреби пояс можна одягати навіть поверх рюкзака;<br /><br />- жилет застібається спереду за допомогою пластикової застібки, (а не липучки), що робить носіння жилета більш довговічним, і він не злетить;<br /><br />- світловідбиваючий шар закріплений та просочений у самому матеріалі, а не нанесений зверху. Це підвищує яскравість жилета, його зносостійкість;<br /><br />- світловідбивний жилет-пояс зроблений з нейлону, тому він не заважає обдування, не гріє і не сковує рухи;<br /><br />- дизайн цього сигнального жилета набагато сучасніший за звичайні жилети з рубаними рукавами так як у ньому немає нічого зайвого.<br />- Підходить як жінкам, так і чоловікам.<br /><br />]]>
			</description>
			<param name="Вид"><![CDATA[Жилет]]></param>
			<param name="Цвет"><![CDATA[Зеленый]]></param>
			<param name="Рост"><![CDATA[145-200 см]]></param>
			<param name="Материал"><![CDATA[Нейлон]]></param>
			<param name="Свойства"><![CDATA[Светоотражающая одежда]]></param>
			<param name="Размер"><![CDATA[One Size]]></param>
			<param name="Страна регистрации бренда"><![CDATA[Украина]]></param>
			<param name="Гарантия"><![CDATA[14 дней]]></param>
			<param name="Наличие"><![CDATA[есть]]></param>
			<param name="вес в упаковке кг"><![CDATA[0.3]]></param>
			<param name="высота в упаковке см"><![CDATA[5]]></param>
			<param name="глубина в упаковке см"><![CDATA[3]]></param>
			<param name="ширина в упаковке см"><![CDATA[8]]></param>
			<param name="количество грузовых мест"><![CDATA[1]]></param>
			<param name="штрихкод"><![CDATA[4820176272133]]></param>
		</offer>
		<offer id="UFTrefcoatOrange" available="true">
			<url>https://ukrpodarok.com.ua/svetootrazhayuschii-signalnii-poyas-zhilet-chto-tyanetsya-uft-waistcoat-orange.html</url>
			<price>249</price>
			<price_old>299</price_old>
			<currencyId>UAH</currencyId>
			<categoryId>152127</categoryId>
			<picture>https://ukrpodarok.com.ua/images/152128_0.jpg</picture>
			<picture>https://ukrpodarok.com.ua/images/152128_99523.jpg</picture>
			<picture>https://ukrpodarok.com.ua/images/152128_99524.jpg</picture>
			<vendor>UFT</vendor>
			<name>Светоотражающий сигнальный пояс-жилет что тянется UFT waistcoat Orange</name>
			<barcode>4820176272157</barcode>
			<stock_quantity>50</stock_quantity>
			<description>
				<![CDATA[<p>Світловідбивний жилет (портупея) може бути у будинку кожного велосипедиста і бігуна.<br />Така маленька річ (вагою всього 125 грам) здатна забезпечити від дорожньо-транспортних пригод у темний час доби або навіть врятувати життя.<br /><br />Особливості світловідбиваючого жилета UFT waistcoat Orange:<br /><br />- Універсальний розмір, який підходить як для дітей (від 6 років і вище), так і для дорослих. Завдяки лямкам можна регулювати розмір вручну і за потреби пояс можна одягати навіть поверх рюкзака;<br /><br />- жилет застібається спереду за допомогою пластикової застібки, (а не липучки), що робить носіння жилета більш довговічним, і він не злетить;<br /><br />- світловідбиваючий шар закріплений та просочений у самому матеріалі, а не нанесений зверху. Це підвищує яскравість жилета, його зносостійкість;<br /><br />- світловідбивний жилет-пояс зроблений з нейлону, тому він не заважає обдування, не гріє і не сковує рухи;<br /><br />- дизайн цього сигнального жилета набагато сучасніший за звичайні жилети з рубаними рукавами так як у ньому немає нічого зайвого.<br />- Підходить як жінкам, так і чоловікам.<br /><br />]]>
			</description>
			<param name="Вид"><![CDATA[Жилет]]></param>
			<param name="Цвет"><![CDATA[Оранжевый]]></param>
			<param name="Свойства"><![CDATA[Светоотражающая одежда]]></param>
			<param name="Размер"><![CDATA[One Size]]></param>
			<param name="Материал"><![CDATA[Полиэстер]]></param>
			<param name="Страна регистрации бренда"><![CDATA[Украина]]></param>
			<param name="Гарантия"><![CDATA[14 дней]]></param>
			<param name="Бренд"><![CDATA[UFT]]></param>
			<param name="Наличие"><![CDATA[есть]]></param>
			<param name="вес в упаковке кг"><![CDATA[0.2]]></param>
			<param name="высота в упаковке см"><![CDATA[5]]></param>
			<param name="глубина в упаковке см"><![CDATA[5]]></param>
			<param name="ширина в упаковке см"><![CDATA[8]]></param>
			<param name="количество грузовых мест"><![CDATA[1]]></param>
			<param name="штрихкод"><![CDATA[4820176272157]]></param>
		</offer>
		<offer id="CGBL107Pink" available="false">
			<url>https://ukrpodarok.com.ua/svetyaschiesya-bluetooth-naushniki-uft-bl107-pink-s-ushkami-v-yaponskom-stile.html</url>
			<price>999</price>
			<price_old>1599</price_old>
			<price_promo>898</price_promo>
			<currencyId>UAH</currencyId>
			<categoryId>51055</categoryId>
			<picture>https://ukrpodarok.com.ua/images/151276_0.jpg</picture>
			<picture>https://ukrpodarok.com.ua/images/151276_100928.jpg</picture>
			<picture>https://ukrpodarok.com.ua/images/151276_100929.jpg</picture>
			<picture>https://ukrpodarok.com.ua/images/151276_100930.jpg</picture>
			<picture>https://ukrpodarok.com.ua/images/151276_100931.jpg</picture>
			<picture>https://ukrpodarok.com.ua/images/151276_100932.jpg</picture>
			<vendor>UFT</vendor>
			<name>Светящиеся Bluetooth наушники UFT BL107 Pink с ушками в японском стиле</name>
			<barcode>4820176256706</barcode>
			<stock_quantity>0</stock_quantity>
			<description>
				<![CDATA[<p>Bluetooth наушники с ушками&nbsp;отличаются от большинства других моделей аудио гарнитуры маленькими кошачьими ушками, которые очень популярны в Японии.<br /><br />&nbsp;Благодаря широкому частотному диапазону на 20-2000 КГц, наушники с ушками обеспечивают высокое качество проигрываемого звука любых тональностей, в независимости от музыкального жанра.&nbsp;<br />Гарнитура оборудована неоновой подсветкой на &laquo;кошачьих ушках&raquo;.&nbsp;<br />Также есть возможность регулировки&nbsp;высоты наушников. Подойдут и детям и подросткам.<br />Мягкая полиуретановая подушка накладных наушников, способствует лучшей звукоизоляции и комфортному ношению.</p>]]>
			</description>
			<param name="Тип наушников"><![CDATA[Накладные]]></param>
			<param name="Тип подключения"><![CDATA[Беспроводные]]></param>
			<param name="Интерфейс подключения"><![CDATA[Bluetooth]]></param>
			<param name="Особенности"><![CDATA[Светодиодная подсветка]]></param>
			<param name="Цвет"><![CDATA[Розовый]]></param>
			<param name="Тип излучателя"><![CDATA[Динамический]]></param>
			<param name="Диапазон частот наушников"><![CDATA[20-20000 Гц]]></param>
			<param name="Микрофон"><![CDATA[Встроенный]]></param>
			<param name="Тип микрофона"><![CDATA[Динамический]]></param>
			<param name="Конструкция микрофона"><![CDATA[Встроенный в корпус наушников]]></param>
			<param name="Направленность микрофона"><![CDATA[Всенаправленный]]></param>
			<param name="Вес"><![CDATA[210 г]]></param>
			<param name="Бренд"><![CDATA[UFT]]></param>
			<param name="Тип кабеля"><![CDATA[Круглый]]></param>
			<param name="Чашки"><![CDATA[Круглые]]></param>
			<param name="Импеданс, Ом"><![CDATA[32]]></param>
			<param name="Материал амбушюр"><![CDATA[Кожзам]]></param>
			<param name="Гарантия"><![CDATA[14 дней]]></param>
			<param name="Наличие"><![CDATA[нет]]></param>
			<param name="вес в упаковке кг"><![CDATA[0.27]]></param>
			<param name="высота в упаковке см"><![CDATA[20]]></param>
			<param name="глубина в упаковке см"><![CDATA[20]]></param>
			<param name="ширина в упаковке см"><![CDATA[8]]></param>
			<param name="количество грузовых мест"><![CDATA[1]]></param>
			<param name="штрихкод"><![CDATA[4820176256706]]></param>
		</offer>
		<offer id="CGBL107Purple" available="true">
			<url>https://ukrpodarok.com.ua/svetyaschiesya-bluetooth-naushniki-s-koshachimi-ushkami-uft-bl107-purple.html</url>
			<price>1466</price>
			<price_old>1899</price_old>
			<currencyId>UAH</currencyId>
			<categoryId>51055</categoryId>
			<picture>https://ukrpodarok.com.ua/images/52813_0.jpg</picture>
			<vendor>UFT</vendor>
			<name>Светящиеся Bluetooth наушники с кошачьими ушками UFT BL107 Purple</name>
			<barcode>4820176256614</barcode>
			<stock_quantity>50</stock_quantity>
			<description>
				<![CDATA[<p>Bluetooth наушники с ушками&nbsp;отличаются от большинства других моделей аудио гарнитуры маленькими кошачьими ушками, которые очень популярны в Японии.<br /><br />&nbsp;Благодаря широкому частотному диапазону на 20-2000 КГц, наушники с ушками обеспечивают высокое качество проигрываемого звука любых тональностей, в независимости от музыкального жанра.&nbsp;<br />Гарнитура оборудована неоновой подсветкой на &laquo;кошачьих ушках&raquo;.&nbsp;<br />Также есть возможность регулировки&nbsp;высоты наушников. Подойдут и детям и подросткам.<br />Мягкая полиуретановая подушка накладных наушников, способствует лучшей звукоизоляции и комфортному ношению.</p>  <p></p>]]>
			</description>
			<param name="Тип наушников"><![CDATA[Накладные]]></param>
			<param name="Тип подключения"><![CDATA[Беспроводные]]></param>
			<param name="Интерфейс подключения"><![CDATA[Bluetooth]]></param>
			<param name="Особенности"><![CDATA[Светодиодная подсветка]]></param>
			<param name="Цвет"><![CDATA[Пурпурный]]></param>
			<param name="Тип излучателя"><![CDATA[Динамический]]></param>
			<param name="Диапазон частот наушников"><![CDATA[20-20000 Гц]]></param>
			<param name="Микрофон"><![CDATA[Встроенный]]></param>
			<param name="Тип микрофона"><![CDATA[Динамический]]></param>
			<param name="Конструкция микрофона"><![CDATA[Встроенный в корпус наушников]]></param>
			<param name="Направленность микрофона"><![CDATA[Всенаправленный]]></param>
			<param name="Вес"><![CDATA[210 г]]></param>
			<param name="Тип кабеля"><![CDATA[Круглый]]></param>
			<param name="Чашки"><![CDATA[Круглые]]></param>
			<param name="Импеданс, Ом"><![CDATA[32]]></param>
			<param name="Материал амбушюр"><![CDATA[Кожзам]]></param>
			<param name="Гарантия"><![CDATA[14 дней]]></param>
			<param name="Наличие"><![CDATA[есть]]></param>
			<param name="вес в упаковке кг"><![CDATA[0.3]]></param>
			<param name="высота в упаковке см"><![CDATA[15]]></param>
			<param name="глубина в упаковке см"><![CDATA[6]]></param>
			<param name="ширина в упаковке см"><![CDATA[15]]></param>
			<param name="количество грузовых мест"><![CDATA[1]]></param>
			<param name="штрихкод"><![CDATA[4820176256614]]></param>
		</offer>
		<offer id="CGBL107White" available="false">
			<url>https://ukrpodarok.com.ua/svetyaschiesya-bluetooth-naushniki-s-koshachimi-ushkami-v-yaponskom-stile-uft-bl107-white.html</url>
			<price>1125</price>
			<price_old>1589</price_old>
			<price_promo>1011</price_promo>
			<currencyId>UAH</currencyId>
			<categoryId>51055</categoryId>
			<picture>https://ukrpodarok.com.ua/images/150884_0.jpg</picture>
			<picture>https://ukrpodarok.com.ua/images/150884_100934.jpg</picture>
			<picture>https://ukrpodarok.com.ua/images/150884_100935.jpg</picture>
			<picture>https://ukrpodarok.com.ua/images/150884_100936.jpg</picture>
			<picture>https://ukrpodarok.com.ua/images/150884_100941.jpg</picture>
			<picture>https://ukrpodarok.com.ua/images/150884_100940.jpg</picture>
			<picture>https://ukrpodarok.com.ua/images/150884_100942.jpg</picture>
			<picture>https://ukrpodarok.com.ua/images/150884_100943.jpg</picture>
			<vendor>UFT</vendor>
			<name>Светящиеся Bluetooth наушники с кошачьими ушками в японском стиле UFT BL107 White</name>
			<barcode>4820176256621</barcode>
			<stock_quantity>0</stock_quantity>
			<description>
				<![CDATA[<p>Bluetooth наушники с ушками&nbsp;отличаются от большинства других моделей аудио гарнитуры маленькими кошачьими ушками, которые очень популярны в Японии. <br /><br />&nbsp;Благодаря широкому частотному диапазону на 20-2000 КГц, наушники с ушками обеспечивают высокое качество проигрываемого звука любых тональностей, в независимости от музыкального жанра.&nbsp;<br />Гарнитура оборудована неоновой подсветкой на &laquo;кошачьих ушках&raquo;.&nbsp;<br />Также есть возможность регулировки&nbsp;высоты наушников. Подойдут и детям и подросткам.<br />Мягкая полиуретановая подушка накладных наушников, способствует лучшей звукоизоляции и комфортному ношению.</p>]]>
			</description>
			<param name="Тип наушников"><![CDATA[Накладные]]></param>
			<param name="Тип подключения"><![CDATA[Беспроводные]]></param>
			<param name="Интерфейс подключения"><![CDATA[Bluetooth]]></param>
			<param name="Особенности"><![CDATA[Светодиодная подсветка]]></param>
			<param name="Цвет"><![CDATA[Белый]]></param>
			<param name="Тип излучателя"><![CDATA[Динамический]]></param>
			<param name="Диапазон частот наушников"><![CDATA[20-20000 Гц]]></param>
			<param name="Микрофон"><![CDATA[Встроенный]]></param>
			<param name="Тип микрофона"><![CDATA[Динамический]]></param>
			<param name="Конструкция микрофона"><![CDATA[Встроенный в корпус наушников]]></param>
			<param name="Направленность микрофона"><![CDATA[Всенаправленный]]></param>
			<param name="Вес"><![CDATA[210 г]]></param>
			<param name="Тип кабеля"><![CDATA[Круглый]]></param>
			<param name="Чашки"><![CDATA[Круглые]]></param>
			<param name="Импеданс, Ом"><![CDATA[32]]></param>
			<param name="Бренд"><![CDATA[UFT]]></param>
			<param name="Материал амбушюр"><![CDATA[Кожзам]]></param>
			<param name="Гарантия"><![CDATA[14 дней]]></param>
			<param name="Наличие"><![CDATA[нет]]></param>
			<param name="вес в упаковке кг"><![CDATA[0.27]]></param>
			<param name="высота в упаковке см"><![CDATA[20]]></param>
			<param name="глубина в упаковке см"><![CDATA[20]]></param>
			<param name="ширина в упаковке см"><![CDATA[8]]></param>
			<param name="количество грузовых мест"><![CDATA[1]]></param>
			<param name="штрихкод"><![CDATA[4820176256621]]></param>
		</offer>
		<offer id="svetshnurblue" available="true">
			<url>https://ukrpodarok.com.ua/svetyaschiesya-led-shnurki-uft-disco-sinie-(svetshnurblue).html</url>
			<price>189</price>
			<price_old>199</price_old>
			<currencyId>UAH</currencyId>
			<categoryId>50916</categoryId>
			<picture>https://ukrpodarok.com.ua/images/150781_0.jpg</picture>
			<picture>https://ukrpodarok.com.ua/images/150781_99679.jpg</picture>
			<picture>https://ukrpodarok.com.ua/images/150781_99678.jpg</picture>
			<vendor>UFT</vendor>
			<name>Светящиеся LED шнурки UFT Disco синие (svetshnurblue)</name>
			<barcode>4820176244505</barcode>
			<stock_quantity>50</stock_quantity>
			<description>
				<![CDATA[<p><b>Светящиеся шнурки</b>&nbsp;- это по истине прекрасный гаджет для любителей диско, транс, электронной субкультуры. Невероятный аксессуар который выделит Вас и Вашу обувь из толпы.</p>  <p>Светящиеся шнурки Disco Green зелёного цвета станут не просто Вашим модным украшением, но частичкой Вашего стиля.Идея светящихся шнурков заключается в том что шнурки обычной длины , и обычной жесткости, не нужно боятся что их нельзя сильно затягивать , светятся как светодиоды , работают от батарейки около 72 часов непрерывно от качественных батареек.</p>  <p>Работают от плоской батарейки, которую можно купить в любом магазине батареек.</p>  <p>Батарейки в комплекте.</p>  <p></p>]]>
			</description>
			<param name="Тип"><![CDATA[Шнурки]]></param>
			<param name="Длинна"><![CDATA[80 см.]]></param>
			<param name="Материал"><![CDATA[СиликонПластик]]></param>
			<param name="Цвет"><![CDATA[Синий]]></param>
			<param name="Упаковка"><![CDATA[БлистерЦветной картон]]></param>
			<param name="Гарантия"><![CDATA[14 дней]]></param>
			<param name="Наличие"><![CDATA[есть]]></param>
			<param name="вес в упаковке кг"><![CDATA[0.15]]></param>
			<param name="высота в упаковке см"><![CDATA[24]]></param>
			<param name="глубина в упаковке см"><![CDATA[12]]></param>
			<param name="ширина в упаковке см"><![CDATA[2]]></param>
			<param name="количество грузовых мест"><![CDATA[1]]></param>
			<param name="штрихкод"><![CDATA[4820176244505]]></param>
		</offer>
		<offer id="svetshnurgreen" available="true">
			<url>https://ukrpodarok.com.ua/svetyaschiesya-led-shnurki-zelenie-uft-disco-(svetshnurgreen).html</url>
			<price>189</price>
			<price_old>199</price_old>
			<currencyId>UAH</currencyId>
			<categoryId>50916</categoryId>
			<picture>https://ukrpodarok.com.ua/images/150783_0.jpg</picture>
			<picture>https://ukrpodarok.com.ua/images/150783_99756.jpg</picture>
			<picture>https://ukrpodarok.com.ua/images/150783_99755.jpg</picture>
			<picture>https://ukrpodarok.com.ua/images/150783_99757.jpg</picture>
			<vendor>UFT</vendor>
			<name>Светящиеся LED шнурки зеленые UFT Disco (svetshnurgreen)</name>
			<barcode>4820176247322</barcode>
			<stock_quantity>100</stock_quantity>
			<description>
				<![CDATA[<p><b>Светящиеся шнурки</b> - это по истине прекрасный гаджет для любителей диско, транс, электронной субкультуры. Невероятный аксессуар который выделит Вас и Вашу обувь из толпы.</p>  <p>Светящиеся шнурки Disco Green зелёного цвета станут не просто Вашим модным украшением, но частичкой Вашего стиля.Идея светящихся шнурков заключается в том что шнурки обычной длины , и обычной жесткости, не нужно боятся что их нельзя сильно затягивать , светятся как светодиоды , работают от батарейки около 72 часов непрерывно от качественных батареек.</p>  <p>Работают от плоской батарейки, которую можно купить в любом магазине батареек.</p>  <p>Батарейки в комплекте.</p>  <p></p>  <p></p>  <p><b>&nbsp;</b></p>  <p>&nbsp;</p>  <p>&nbsp;</p>  <p></p>  <p>&nbsp;</p>  <p>&nbsp;</p>]]>
			</description>
			<param name="Тип"><![CDATA[Шнурки]]></param>
			<param name="Длинна"><![CDATA[80 см.]]></param>
			<param name="Материал"><![CDATA[СиликонПластик]]></param>
			<param name="Цвет"><![CDATA[Зеленый]]></param>
			<param name="Упаковка"><![CDATA[Блистер, цветной картон]]></param>
			<param name="Гарантия"><![CDATA[14 дней]]></param>
			<param name="Наличие"><![CDATA[есть]]></param>
			<param name="вес в упаковке кг"><![CDATA[0.13]]></param>
			<param name="высота в упаковке см"><![CDATA[24]]></param>
			<param name="глубина в упаковке см"><![CDATA[12]]></param>
			<param name="ширина в упаковке см"><![CDATA[2]]></param>
			<param name="количество грузовых мест"><![CDATA[1]]></param>
			<param name="штрихкод"><![CDATA[4820176247322]]></param>
		</offer>
		<offer id="shnurkired" available="true">
			<url>https://ukrpodarok.com.ua/svetyaschiesya-led-shnurki-krasnie-uft-disko-(shnurkired).html</url>
			<price>189</price>
			<price_old>199</price_old>
			<currencyId>UAH</currencyId>
			<categoryId>50916</categoryId>
			<picture>https://ukrpodarok.com.ua/images/150779_0.jpg</picture>
			<picture>https://ukrpodarok.com.ua/images/150779_99715.jpg</picture>
			<picture>https://ukrpodarok.com.ua/images/150779_99714.jpg</picture>
			<vendor>UFT</vendor>
			<name>Светящиеся LED шнурки красные UFT Disko (shnurkired)</name>
			<barcode>4820176244512</barcode>
			<stock_quantity>50</stock_quantity>
			<description>
				<![CDATA[<p>Светящиеся шнурки - это по истине прекрасный гаджет для любителей диско, транс, электронной субкультуры. Невероятный аксессуар который выделит Вас и Вашу обувь из толпы.</p>  <p>Светодиодные шнурки Disco зелёного цвета станут не просто Вашим модным украшением, но и частичкой Вашего стиля. Заправляются вместо обычных шнурков особым образом, как указано в инструкции.</p>  <p>Светятся около 72 часов беспрерывной работы от качественных батареек.</p>  <p>Работают от плоской батарейки CR2032, которую можно купить в любом магазине батареек.<br /></p>  <p>Батарейки в комплекте.</p>  <p></p>  <br />  <p></p>]]>
			</description>
			<param name="Тип"><![CDATA[Шнурки]]></param>
			<param name="Длинна"><![CDATA[80 см]]></param>
			<param name="Материал"><![CDATA[СиликонПластик]]></param>
			<param name="Цвет"><![CDATA[Красный]]></param>
			<param name="Упаковка"><![CDATA[Блистер;Цветной картон;]]></param>
			<param name="Гарантия"><![CDATA[14 дней]]></param>
			<param name="Наличие"><![CDATA[есть]]></param>
			<param name="вес в упаковке кг"><![CDATA[0.14]]></param>
			<param name="высота в упаковке см"><![CDATA[24]]></param>
			<param name="глубина в упаковке см"><![CDATA[12]]></param>
			<param name="ширина в упаковке см"><![CDATA[2]]></param>
			<param name="количество грузовых мест"><![CDATA[1]]></param>
			<param name="штрихкод"><![CDATA[4820176244512]]></param>
		</offer>
		<offer id="CGBL108Pink" available="false">
			<url>https://ukrpodarok.com.ua/svetyaschiesya-naushniki-s-koshachimi-ushkami-cg-bl108-pink.html</url>
			<price>1199</price>
			<price_old>1299</price_old>
			<currencyId>UAH</currencyId>
			<categoryId>51055</categoryId>
			<picture>https://ukrpodarok.com.ua/images/52823_0.jpg</picture>
			<vendor>СG</vendor>
			<name>Светящиеся наушники с кошачьими ушками CG BL108 Pink</name>
			<barcode></barcode>
			<stock_quantity>0</stock_quantity>
			<description>
				<![CDATA[<p>Наушники&nbsp;CG BL108 отличаются от большинства других моделей аудио гарнитуры маленькими кошачьими ушками, которые очень популярны в Японии.<br /><br />Благодаря широкому частотному диапазону на 20-2000 КГц, наушники с ушками обеспечивают высокое качество проигрываемого звука любых тональностей, в независимости от музыкального жанра.&nbsp;<br />CG Cat Ear Headphones&nbsp;оборудована неоновой подсветкой на &laquo;кошачьих ушках&raquo;.&nbsp;<br />Есть возможность регулировки&nbsp;высоты наушников. Подойдут и детям и подросткам.<br />Мягкая полиуретановая подушка накладных наушников, способствует лучшей звукоизоляции и комфортному ношению.</p>]]>
			</description>
			<param name="Тип наушников"><![CDATA[Накладные]]></param>
			<param name="Тип подключения"><![CDATA[Проводные]]></param>
			<param name="Интерфейс подключения"><![CDATA[3.5 мм (mini-Jack)]]></param>
			<param name="Особенности"><![CDATA[Светодиодная подсветка]]></param>
			<param name="Цвет"><![CDATA[Розовый]]></param>
			<param name="Длина шнура, м"><![CDATA[1,5]]></param>
			<param name="Тип кабеля"><![CDATA[Круглый]]></param>
			<param name="Чашки"><![CDATA[Круглые]]></param>
			<param name="Форма штекера"><![CDATA[Прямой]]></param>
			<param name="Кабель"><![CDATA[Односторонний]]></param>
			<param name="Импеданс, Ом"><![CDATA[32]]></param>
			<param name="Материал амбушюр"><![CDATA[Кожзам]]></param>
			<param name="Тип излучателя"><![CDATA[Динамический]]></param>
			<param name="Диапазон частот наушников"><![CDATA[20-20000 Гц]]></param>
			<param name="Вес"><![CDATA[210 г]]></param>
			<param name="Размеры"><![CDATA[19 х 19 х 7.4 см]]></param>
			<param name="Гарантия"><![CDATA[6 месяцев]]></param>
			<param name="Наличие"><![CDATA[нет]]></param>
		</offer>
		<offer id="MP050275" available="false">
			<url>https://ukrpodarok.com.ua/selfi-monopod-s-provodnim-podklyucheniem-uft-light-blue-ss4-(mp050275).html</url>
			<price>85</price>
			<price_old>149</price_old>
			<currencyId>UAH</currencyId>
			<categoryId>1088</categoryId>
			<picture>https://ukrpodarok.com.ua/images/150936_0.jpg</picture>
			<picture>https://ukrpodarok.com.ua/images/150936_99673.jpg</picture>
			<picture>https://ukrpodarok.com.ua/images/150936_99674.jpg</picture>
			<vendor>CG</vendor>
			<name>Селфи монопод с проводным подключением UFT Light Blue SS4  (MP050275)</name>
			<barcode>4820176240141</barcode>
			<stock_quantity>0</stock_quantity>
			<description>
				<![CDATA[<p>Монопод для селфи &nbsp;<strong>UFT</strong>&nbsp;<strong>SS4</strong>&nbsp;для смартфонов и фотоаппаратов станет незаменимым помощником, когда есть необходимость запечатлеть приятные и дорогие сердцу моменты жизни.</p>  <p>Когда так хочется сфотографировать себя на фоне красивого пейзажа или памятки архитектуры, человека, который мог бы сделать снимок поблизости, иногда просто нет. Палка для селфи отдалит фотоаппарат на достаточное расстояние, чтобы на фото поместилось все что Вам нужно.</p>  <p>Просто подключите Селфи стик через шнур в стандартный разъем для наушников 3.5 мм, и одним нажатием на кнопку получайте хорошие снимки.</p>  <p>Смартфон или фотоаппарат легко крепится на селфи монопод, и надежно фиксируется.</p>  <p>Кроме того штатив для селфи&nbsp;<strong>UFT SS4&nbsp;</strong>&nbsp;имеет ручку с антискользящим покрытием.</p>  <p><strong>Селфи монопод</strong>&nbsp;в комплекте имеет резиновую подкладку для небольших телефонов. А съемная головка раздвигается по высоте и ширине и надежно фиксирует смартфон.</p>  <p>&nbsp;Есть возможность прикрепить Экшн-камер GoPro через переходник который прикручивается на винт (приобретается отдельно)</p>]]>
			</description>
			<param name="Тип подключения"><![CDATA[Проводной]]></param>
			<param name="Тип"><![CDATA[Моноподы для селфи]]></param>
			<param name="Совместимость"><![CDATA[Универсальный]]></param>
			<param name="Особенности"><![CDATA[С кнопкой управления;Телескопический;]]></param>
			<param name="Тип головки"><![CDATA[2D]]></param>
			<param name="Головка в комплекте"><![CDATA[Есть]]></param>
			<param name="Минимальная высота съемки"><![CDATA[230 мм]]></param>
			<param name="Максимальная нагрузка"><![CDATA[0.2 кг]]></param>
			<param name="Рекомендуемая нагрузка"><![CDATA[0.5 кг]]></param>
			<param name="Количество секций"><![CDATA[7]]></param>
			<param name="Цвет"><![CDATA[Голубой]]></param>
			<param name="Гарантия"><![CDATA[14 дней]]></param>
			<param name="Наличие"><![CDATA[нет]]></param>
			<param name="вес в упаковке кг"><![CDATA[0.2]]></param>
			<param name="высота в упаковке см"><![CDATA[26.5]]></param>
			<param name="глубина в упаковке см"><![CDATA[11]]></param>
			<param name="ширина в упаковке см"><![CDATA[3]]></param>
			<param name="количество грузовых мест"><![CDATA[1]]></param>
			<param name="штрихкод"><![CDATA[4820176240141]]></param>
		</offer>
		<offer id="mp01black" available="true">
			<url>https://ukrpodarok.com.ua/selfi-koltso-selfie-ring-uft-mp01-black.html</url>
			<price>199</price>
			<price_old>244</price_old>
			<currencyId>UAH</currencyId>
			<categoryId>1088</categoryId>
			<picture>https://ukrpodarok.com.ua/images/152466_0.jpg</picture>
			<picture>https://ukrpodarok.com.ua/images/152466_101290.jpg</picture>
			<picture>https://ukrpodarok.com.ua/images/152466_101291.jpg</picture>
			<picture>https://ukrpodarok.com.ua/images/152466_101292.jpg</picture>
			<picture>https://ukrpodarok.com.ua/images/152466_101293.jpg</picture>
			<vendor>UFT</vendor>
			<name>Селфи-кольцо Selfie ring UFT MP01 Black</name>
			<barcode>4820176252173</barcode>
			<stock_quantity>50</stock_quantity>
			<description>
				<![CDATA[<p>Светодиодное кольцо для селфи&nbsp;<b>Selfie ring MP01</b>&nbsp;- это</p>  <p>универсальная подсвeтка нового поколения, совмеcтимaя co всеми гaджетами, которaя cдeлаeт Вaши сeлфи неповтoримыми.</p>  <p>Включается одной кнопкой в минимальном режиме, ещё одним нажатием переходит в средний режим, и третьим нажатием в максимальный.</p>  <p>Три режима яркости позволяет подобрать оптимальную силу освещения.</p>  <p>&nbsp;</p>  <p><b>Особенности селфи-кольца Selfie ring:</b></p>  <p>- Имеет три режима освещения</p>  <p>- Легко установить или снять.</p>  <p>- Встроено 39 светодиодов, которые естественно подчеркнут красоту и видимость в темном помещении</p>  <p>- Подойдет для устройств до 2 см толщиной: камеры, смартфоны, ноутбуки или планшетный ПК.</p>]]>
			</description>
			<param name="Питание"><![CDATA[Аккумулятор]]></param>
			<param name="Источник света"><![CDATA[LED лампы]]></param>
			<param name="Диаметр селфи кольца"><![CDATA[85 мм]]></param>
			<param name="Толщина селфи кольца"><![CDATA[25 мм]]></param>
			<param name="Вес селфи кольца"><![CDATA[77 г]]></param>
			<param name="Материал"><![CDATA[Пластик]]></param>
			<param name="Цвет"><![CDATA[Черный]]></param>
			<param name="Упаковка"><![CDATA[Картонная коробка]]></param>
			<param name="Копллектация"><![CDATA[1 х Селфи Кольцо1 х USB кабель]]></param>
			<param name="Гарантия"><![CDATA[6 месяцев]]></param>
			<param name="Наличие"><![CDATA[есть]]></param>
			<param name="вес в упаковке кг"><![CDATA[0.3]]></param>
			<param name="высота в упаковке см"><![CDATA[8]]></param>
			<param name="глубина в упаковке см"><![CDATA[3]]></param>
			<param name="ширина в упаковке см"><![CDATA[8]]></param>
			<param name="количество грузовых мест"><![CDATA[1]]></param>
			<param name="штрихкод"><![CDATA[4820176252173]]></param>
		</offer>
		<offer id="MP01Pink" available="true">
			<url>https://ukrpodarok.com.ua/selfi-koltso-podsvetka-selfie-ring-uft-mp01-pink-na-telefon.html</url>
			<price>197</price>
			<price_old>244</price_old>
			<currencyId>UAH</currencyId>
			<categoryId>1088</categoryId>
			<picture>https://ukrpodarok.com.ua/images/152450_0.jpg</picture>
			<picture>https://ukrpodarok.com.ua/images/152450_101212.jpg</picture>
			<picture>https://ukrpodarok.com.ua/images/152450_101213.jpg</picture>
			<picture>https://ukrpodarok.com.ua/images/152450_101214.jpg</picture>
			<vendor>UFT</vendor>
			<name>Селфи-кольцо подсветка Selfie ring UFT MP01 Pink на телефон</name>
			<barcode>4820176252203</barcode>
			<stock_quantity>50</stock_quantity>
			<description>
				<![CDATA[<p>Светодиодное кольцо для селфи Selfie ring MP01 - это&nbsp;универсальная подсвeтка нового поколения, совмеcтимaя co всеми гaджетами, которaя cдeлаeт Вaши сeлфи неповтoримыми.</p>  <p>Включается одной кнопкой в минимальном режиме, ещё одним нажатием переходит в средний режим, и третьим нажатием в максимальный.</p>  <p>Три режима яркости позволяет подобрать оптимальную силу освещения.</p>  <p></p>  <p>Особенности селфи-кольца Selfie ring:</p>  <p>- Имеет три режима освещения</p>  <p>- Легко установить или снять.</p>  <p>- Встроено 39 светодиодов, которые естественно подчеркнут красоту и видимость в темном помещении</p>  <p>- Подойдет для устройств до 2 см толщиной: камеры, смартфоны, ноутбуки или планшетный ПК.</p>]]>
			</description>
			<param name="Тип подключения"><![CDATA[Без подключения к телефону]]></param>
			<param name="Тип"><![CDATA[Селфи-кольца]]></param>
			<param name="Подсветка"><![CDATA[36 Led лампочек.]]></param>
			<param name="Диаметр"><![CDATA[8,5 см.]]></param>
			<param name="Комплектация"><![CDATA[кольцо для селфи, USB кабель]]></param>
			<param name="Цвет"><![CDATA[Розовый]]></param>
			<param name="Гарантия"><![CDATA[14 дней]]></param>
			<param name="Наличие"><![CDATA[есть]]></param>
			<param name="вес в упаковке кг"><![CDATA[0.2]]></param>
			<param name="высота в упаковке см"><![CDATA[8]]></param>
			<param name="глубина в упаковке см"><![CDATA[3]]></param>
			<param name="ширина в упаковке см"><![CDATA[8]]></param>
			<param name="количество грузовых мест"><![CDATA[1]]></param>
			<param name="штрихкод"><![CDATA[4820176252203]]></param>
		</offer>
		<offer id="SS8Bl" available="false">
			<url>https://ukrpodarok.com.ua/selfi-monopod-so-shnurom-cg-ss8-compact-black.html</url>
			<price>57</price>
			<price_old>99</price_old>
			<currencyId>UAH</currencyId>
			<categoryId>1088</categoryId>
			<picture>https://ukrpodarok.com.ua/images/52612_0.jpg</picture>
			<picture>https://ukrpodarok.com.ua/images/52612_63567.jpg</picture>
			<picture>https://ukrpodarok.com.ua/images/52612_0.jpg</picture>
			<vendor>CG</vendor>
			<name>Селфи-монопод со шнуром CG SS8 COMPACT Black</name>
			<barcode></barcode>
			<stock_quantity>0</stock_quantity>
			<description>
				<![CDATA[<p>Монопод для селфи со шнуром&nbsp; Selfie Palka Black это один из самых компактных монопод. Его длина в сложенном виде составляет всего 13,8 см, для сравнения это чуть больше чем&nbsp;iPhone&nbsp;5.</p>  <p>Мультифункциональный&nbsp;Селфи монопод&nbsp;подходит&nbsp;для смартфонов и фотоаппаратов&nbsp;шириной до 8.5 сантиметров. Он станет незаменимым помощником, когда есть необходимость запечатлить приятные и дорогие сердцу моменты из Вашей жизни.</p>  <p>Монопод для селфи со шнуром&nbsp; Selfie Palka Black имеет ручку с Пенополиуретановым покрытием, что обеспечивает невероятный комфорт и фиксацию Вашего девайса в руке.</p>  <p>Монопод для селфи со шнуром&nbsp; Selfie Palka Black невероятно прост в использовании, подключите шнур в стандартный разъем наушников, и одним нажатием на кнопку получайте отличные снимки.</p>  <p>Монопод для селфи со шнуром&nbsp; Selfie Palka Black имеет штатив с желобом по всей длине телескопической трубки, что предотвращает прокручивание телефона или камеры во время съемки.</p>]]>
			</description>
			<param name="Тип подключения"><![CDATA[Проводное подключение]]></param>
			<param name="Тип"><![CDATA[Моноподы для селфи]]></param>
			<param name="Тип головки"><![CDATA[2D]]></param>
			<param name="Головка в комплекте"><![CDATA[Есть]]></param>
			<param name="Минимальная высота съемки"><![CDATA[13.8 см]]></param>
			<param name="Максимальная нагрузка"><![CDATA[0.5 кг]]></param>
			<param name="Рекомендуемая нагрузка"><![CDATA[0.2 кг]]></param>
			<param name="Количество секций"><![CDATA[7]]></param>
			<param name="Цвет"><![CDATA[Черный]]></param>
			<param name="Гарантия"><![CDATA[6 месяцев]]></param>
			<param name="Наличие"><![CDATA[нет]]></param>
		</offer>
		<offer id="SS8Gre" available="false">
			<url>https://ukrpodarok.com.ua/selfi-monopod-so-shnurom-cg-ss8-compact-green.html</url>
			<price>52</price>
			<currencyId>UAH</currencyId>
			<categoryId>1088</categoryId>
			<picture>https://ukrpodarok.com.ua/images/151952_0.jpg</picture>
			<picture>https://ukrpodarok.com.ua/images/52593_63563.jpg</picture>
			<picture>https://ukrpodarok.com.ua/images/52593_63560.jpg</picture>
			<picture>https://ukrpodarok.com.ua/images/52593_63561.jpg</picture>
			<vendor>CG</vendor>
			<name>Селфи-монопод со шнуром CG SS8 COMPACT Green</name>
			<barcode></barcode>
			<stock_quantity>0</stock_quantity>
			<description>
				<![CDATA[<p>Монопод для селфи со шнуром&nbsp; Selfie Palka Tiddly&nbsp;Green это один из самых компактных монопод. Его длина в сложенном виде составляет всего 13,8 см, для сравнения это чуть больше чем&nbsp;iPhone&nbsp;5.</p>  <p>Мультифункциональный&nbsp;Селфи монопод&nbsp;подходит&nbsp;для смартфонов и фотоаппаратов&nbsp;шириной до 8.5 сантиметров. Он станет незаменимым помощником, когда есть необходимость запечатлить приятные и дорогие сердцу моменты из Вашей жизни.</p>  <p>Монопод для селфи со шнуром&nbsp; Selfie Palka Tiddly&nbsp;Green имеет ручку с Пенополиуретановым покрытием, что обеспечивает невероятный комфорт и фиксацию Вашего девайса в руке.</p>  <p>Монопод для селфи со шнуром&nbsp; Selfie Palka Tiddly&nbsp;Green невероятно прост в использовании, подключите шнур в стандартный разъем наушников, и одним нажатием на кнопку получайте отличные снимки.</p>  <p>Монопод для селфи со шнуром&nbsp; Selfie Palka Tiddly&nbsp;Green имеет штатив с желобом по всей длине телескопической трубки, что предотвращает прокручивание телефона или камеры во время съемки.</p>]]>
			</description>
			<param name="Тип подключения"><![CDATA[Проводное подключение]]></param>
			<param name="Тип"><![CDATA[Моноподы для селфи]]></param>
			<param name="Тип головки"><![CDATA[2D]]></param>
			<param name="Головка в комплекте"><![CDATA[Есть]]></param>
			<param name="Минимальная высота съемки"><![CDATA[13.8 см]]></param>
			<param name="Максимальная нагрузка"><![CDATA[0.5 кг]]></param>
			<param name="Рекомендуемая нагрузка"><![CDATA[0.2 кг]]></param>
			<param name="Количество секций"><![CDATA[7]]></param>
			<param name="Гарантия"><![CDATA[6 месяцев]]></param>
			<param name="Наличие"><![CDATA[нет]]></param>
		</offer>
		<offer id="SS8COM" available="false">
			<url>https://ukrpodarok.com.ua/selfi-monopod-so-shnurom-uft-ss8-compact-blue.html</url>
			<price>59</price>
			<price_old>99</price_old>
			<currencyId>UAH</currencyId>
			<categoryId>1088</categoryId>
			<picture>https://ukrpodarok.com.ua/images/151950_0.jpg</picture>
			<picture>https://ukrpodarok.com.ua/images/52613_63565.jpg</picture>
			<picture>https://ukrpodarok.com.ua/images/52613_63566.jpg</picture>
			<picture>https://ukrpodarok.com.ua/images/52613_63564.jpg</picture>
			<vendor>UFT</vendor>
			<name>Селфи-монопод со шнуром UFT SS8 COMPACT Blue</name>
			<barcode>8000000021939</barcode>
			<stock_quantity>0</stock_quantity>
			<description>
				<![CDATA[<p>Один из самых компактных монопод. Его длина в сложенном виде составляет всего 13,8 см, для сравнения это чуть больше чем&nbsp;iPhone&nbsp;5.</p>  <p>Мультифункциональный&nbsp;Селфи монопод&nbsp;подходит&nbsp;для смартфонов и фотоаппаратов&nbsp;шириной до 8.5 сантиметров. Он станет незаменимым помощником, когда есть необходимость запечатлить приятные и дорогие сердцу моменты из Вашей жизни.</p>  <p>Монопод&nbsp;SS8 имеет ручку с пенополиуретановым покрытием, что обеспечивает невероятный комфорт и фиксацию Вашего девайса в руке.</p>  <p>Монопод для селфи со шнуром невероятно прост в использовании, подключите шнур в стандартный разъем наушников, и одним нажатием на кнопку получайте отличные снимки.</p>  <p>Монопод для селфи со шнуром&nbsp; имеет штатив с желобом по всей длине телескопической трубки, что предотвращает прокручивание телефона или камеры во время съемки.</p>  <br />    <p></p>]]>
			</description>
			<param name="Тип подключения"><![CDATA[Проводное подключение]]></param>
			<param name="Тип"><![CDATA[Моноподы для селфи]]></param>
			<param name="Тип головки"><![CDATA[2D]]></param>
			<param name="Головка в комплекте"><![CDATA[Есть]]></param>
			<param name="Минимальная высота съемки"><![CDATA[13.8 см]]></param>
			<param name="Максимальная нагрузка"><![CDATA[0.5 кг]]></param>
			<param name="Рекомендуемая нагрузка"><![CDATA[0.2 кг]]></param>
			<param name="Количество секций"><![CDATA[7]]></param>
			<param name="Цвет"><![CDATA[Голубой]]></param>
			<param name="Гарантия"><![CDATA[14 дней]]></param>
			<param name="Бренд"><![CDATA[UFT]]></param>
			<param name="Наличие"><![CDATA[нет]]></param>
			<param name="вес в упаковке кг"><![CDATA[0.1]]></param>
			<param name="высота в упаковке см"><![CDATA[15]]></param>
			<param name="глубина в упаковке см"><![CDATA[5]]></param>
			<param name="ширина в упаковке см"><![CDATA[7]]></param>
			<param name="количество грузовых мест"><![CDATA[1]]></param>
			<param name="штрихкод"><![CDATA[8000000021939]]></param>
		</offer>
		<offer id="NA1" available="false">
			<url>https://ukrpodarok.com.ua/setevoi-universalnii-adapter-4-usb-type-c-rozetka-dlya-puteshestvii-(eu-uk-usa)-cg-na1.html</url>
			<price>699</price>
			<price_old>999</price_old>
			<currencyId>UAH</currencyId>
			<categoryId>52861</categoryId>
			<picture>https://ukrpodarok.com.ua/images/152040_0.jpg</picture>
			<picture>https://ukrpodarok.com.ua/images/152040_99654.jpg</picture>
			<picture>https://ukrpodarok.com.ua/images/152040_99652.jpg</picture>
			<picture>https://ukrpodarok.com.ua/images/152040_99656.jpg</picture>
			<picture>https://ukrpodarok.com.ua/images/152040_99655.jpg</picture>
			<picture>https://ukrpodarok.com.ua/images/152040_99653.jpg</picture>
			<picture>https://ukrpodarok.com.ua/images/52740_63818.jpg</picture>
			<picture>https://ukrpodarok.com.ua/images/52740_63817.jpg</picture>
			<vendor>CG</vendor>
			<name>Сетевой универсальный адаптер 4 USB + Type-C Розетка для путешествий (EU, UK, USA) CG NA1</name>
			<barcode></barcode>
			<stock_quantity>0</stock_quantity>
			<description>
				<![CDATA[Универсальная розетка-адаптер для путешествий по всему миру. Предусмотрен переключатель под особенности розеток разных стран.<br />1. Америка, Канада, Япония, Тайвань<br />2. Китай, Австралия, Новая Зеландия<br />3. Великобритания, Гонконг, Малайзия, Сигапур<br />4. Германия, Франция, Нидерланды, Бельгия<br />На борту имеются 4 USB порта и 1 Type-C, что позволяет заряжать 5 гаджетов одновременно и один электроприбор.<br /><br />Входная мощность: 100-240 В<br />USB Выход: 5 В, 5600 мА]]>
			</description>
			<param name="Тип"><![CDATA[Сетевой фильтр-удлинитель]]></param>
			<param name="USBзарядка"><![CDATA[Есть]]></param>
			<param name="Выключатель"><![CDATA[Есть]]></param>
			<param name="Тип подключения"><![CDATA[Евровилка]]></param>
			<param name="Количество USB выходов"><![CDATA[4]]></param>
			<param name="Размеры"><![CDATA[7.3 х 5.4 х 5.3 см]]></param>
			<param name="Странапроизводитель"><![CDATA[Китай]]></param>
			<param name="Гарантия"><![CDATA[6 месяцев]]></param>
			<param name="Наличие"><![CDATA[нет]]></param>
		</offer>
		<offer id="WSS1SYellow" available="true">
			<url>https://ukrpodarok.com.ua/silikonovie-vodonepronitsaemie-bahili-chehli-na-obuv-30-34-uft-wss1-s-yellow.html</url>
			<price>377</price>
			<price_old>444</price_old>
			<currencyId>UAH</currencyId>
			<categoryId>50916</categoryId>
			<picture>https://ukrpodarok.com.ua/images/152044_0.jpg</picture>
			<picture>https://ukrpodarok.com.ua/images/52745_69338.jpg</picture>
			<picture>https://ukrpodarok.com.ua/images/52745_69337.jpg</picture>
			<vendor>UFT</vendor>
			<name>Силиконовые водонепроницаемые бахилы Чехлы на обувь 30-34 UFT WSS1 S Yellow</name>
			<barcode>8000000001412</barcode>
			<stock_quantity>100</stock_quantity>
			<description>
				<![CDATA[UFT&nbsp;WSS1 это непромокаемые чехлы для обуви это ваш спаситель в дождливую погоду.&nbsp;<br />Они занимают совсем мало места в ваше сумке и в любой момент уберегут вашу обувь от намокания.<br />Многоразовые бахилы из прочного силикона можно взять с собой в поход или на рыбалку.<br /><br /><strong>S - 30-34. Подходит детям</strong>]]>
			</description>
			<param name="Размер"><![CDATA[S]]></param>
			<param name="Тип"><![CDATA[Чехлы-Бахилы]]></param>
			<param name="Материал"><![CDATA[Силикон]]></param>
			<param name="Цвет"><![CDATA[Желтый]]></param>
			<param name="Применение"><![CDATA[Защита обуви от воды и грязи]]></param>
			<param name="Странапроизводитель"><![CDATA[Китай]]></param>
			<param name="Бренд"><![CDATA[UFT]]></param>
			<param name="Гарантия"><![CDATA[14 дней]]></param>
			<param name="Наличие"><![CDATA[есть]]></param>
			<param name="вес в упаковке кг"><![CDATA[0.2]]></param>
			<param name="высота в упаковке см"><![CDATA[15]]></param>
			<param name="глубина в упаковке см"><![CDATA[15]]></param>
			<param name="ширина в упаковке см"><![CDATA[2]]></param>
			<param name="количество грузовых мест"><![CDATA[1]]></param>
			<param name="штрихкод"><![CDATA[8000000001412]]></param>
		</offer>
		<offer id="WSS1MWhite" available="true">
			<url>https://ukrpodarok.com.ua/silikonovie-vodonepronitsaemie-bahili-chehli-na-obuv-36-39-uft-wss1-m-white.html</url>
			<price>335</price>
			<price_old>499</price_old>
			<price_promo>291</price_promo>
			<currencyId>UAH</currencyId>
			<categoryId>50916</categoryId>
			<picture>https://ukrpodarok.com.ua/images/152061_0.jpg</picture>
			<picture>https://ukrpodarok.com.ua/images/52762_69345.jpg</picture>
			<picture>https://ukrpodarok.com.ua/images/152061_99830.jpg</picture>
			<picture>https://ukrpodarok.com.ua/images/52762_69343.jpg</picture>
			<vendor>UFT</vendor>
			<name>Силиконовые водонепроницаемые бахилы Чехлы на обувь 36-39 UFT WSS1 M White</name>
			<barcode>8000000001368</barcode>
			<stock_quantity>100</stock_quantity>
			<description>
				<![CDATA[UFT&nbsp;WSS1 это непромокаемые чехлы для обуви это ваш спаситель в дождливую погоду. <br />Они занимают совсем мало места в ваше сумке и в любой момент уберегут вашу обувь от намокания.<br />Многоразовые бахилы из прочного силикона можно взять с собой в поход или на рыбалку.<br /><br />]]>
			</description>
			<param name="Размер"><![CDATA[M]]></param>
			<param name="Тип"><![CDATA[Чехлы-Бахилы]]></param>
			<param name="Материал"><![CDATA[Силикон]]></param>
			<param name="Цвет"><![CDATA[Белый]]></param>
			<param name="Применение"><![CDATA[Защита обуви от воды и грязи]]></param>
			<param name="Бренд"><![CDATA[UFT]]></param>
			<param name="Гарантия"><![CDATA[14 дней]]></param>
			<param name="Наличие"><![CDATA[есть]]></param>
			<param name="вес в упаковке кг"><![CDATA[0.2]]></param>
			<param name="высота в упаковке см"><![CDATA[15]]></param>
			<param name="глубина в упаковке см"><![CDATA[15]]></param>
			<param name="ширина в упаковке см"><![CDATA[2]]></param>
			<param name="количество грузовых мест"><![CDATA[1]]></param>
			<param name="штрихкод"><![CDATA[8000000001368]]></param>
		</offer>
		<offer id="CGWSS1LBlack" available="false">
			<url>https://ukrpodarok.com.ua/silikonovie-vodonepronitsaemie-bahili-chehli-na-obuv-cg-wss1-l-black.html</url>
			<price>390</price>
			<price_old>499</price_old>
			<price_promo>295</price_promo>
			<currencyId>UAH</currencyId>
			<categoryId>50916</categoryId>
			<picture>https://ukrpodarok.com.ua/images/151692_0.jpg</picture>
			<picture>https://ukrpodarok.com.ua/images/52812_69335.jpg</picture>
			<picture>https://ukrpodarok.com.ua/images/52812_69336.jpg</picture>
			<picture>https://ukrpodarok.com.ua/images/151692_99805.jpg</picture>
			<vendor>CG</vendor>
			<name>Силиконовые водонепроницаемые бахилы Чехлы на обувь CG WSS1 L Black</name>
			<barcode>8000000001306</barcode>
			<stock_quantity>0</stock_quantity>
			<description>
				<![CDATA[CG&nbsp;WSS1 это непромокаемые чехлы для обуви это ваш спаситель в дождливую погоду.&nbsp;<br />Они занимают совсем мало места в ваше сумке и в любой момент уберегут вашу обувь от намокания.<br />Многоразовые бахилы из прочного силикона можно взять с собой в поход или на рыбалку.<br />Размер:&nbsp;L для обуви 40-45<br /><br />]]>
			</description>
			<param name="Размер"><![CDATA[L]]></param>
			<param name="Тип"><![CDATA[Чехлы-Бахилы]]></param>
			<param name="Материал"><![CDATA[Силикон]]></param>
			<param name="Цвет"><![CDATA[Черный]]></param>
			<param name="Применение"><![CDATA[Защита обуви от воды и грязи]]></param>
			<param name="Гарантия"><![CDATA[14 дней]]></param>
			<param name="Наличие"><![CDATA[нет]]></param>
			<param name="вес в упаковке кг"><![CDATA[0.2]]></param>
			<param name="высота в упаковке см"><![CDATA[15]]></param>
			<param name="глубина в упаковке см"><![CDATA[15]]></param>
			<param name="ширина в упаковке см"><![CDATA[2]]></param>
			<param name="количество грузовых мест"><![CDATA[1]]></param>
			<param name="штрихкод"><![CDATA[8000000001306]]></param>
		</offer>
		<offer id="CG WSS1MPink" available="false">
			<url>https://ukrpodarok.com.ua/silikonovie-vodonepronitsaemie-bahili-chehli-na-obuv-cg-wss1-m-pink.html</url>
			<price>149</price>
			<currencyId>UAH</currencyId>
			<categoryId>50916</categoryId>
			<picture>https://ukrpodarok.com.ua/images/52760_0.jpg</picture>
			<picture>https://ukrpodarok.com.ua/images/52760_69191.jpg</picture>
			<vendor>CG</vendor>
			<name>Силиконовые водонепроницаемые бахилы Чехлы на обувь CG WSS1 M Pink</name>
			<barcode></barcode>
			<stock_quantity>0</stock_quantity>
			<description>
				<![CDATA[CG WSS1 это непромокаемые чехлы для обуви это ваш спаситель в дождливую погоду. <br />Они занимают совсем мало места в ваше сумке и в любой момент уберегут вашу обувь от намокания.<br />Многоразовые бахилы из прочного силикона можно взять с собой в поход или на рыбалку.]]>
			</description>
			<param name="Размер"><![CDATA[M]]></param>
			<param name="Тип"><![CDATA[Чехлы-Бахилы]]></param>
			<param name="Материал"><![CDATA[Силикон]]></param>
			<param name="Цвет"><![CDATA[Розовый]]></param>
			<param name="Применение"><![CDATA[Защита обуви от воды и грязи]]></param>
			<param name="Гарантия"><![CDATA[6 месяцев]]></param>
			<param name="Наличие"><![CDATA[нет]]></param>
		</offer>
		<offer id="WSS1SWhite" available="false">
			<url>https://ukrpodarok.com.ua/silikonovie-vodonepronitsaemie-bahili-chehli-na-obuv-cg-wss1-s-white.html</url>
			<price>135</price>
			<price_old>199</price_old>
			<currencyId>UAH</currencyId>
			<categoryId>50916</categoryId>
			<picture>https://ukrpodarok.com.ua/images/52755_0.jpg</picture>
			<picture>https://ukrpodarok.com.ua/images/52755_69347.jpg</picture>
			<picture>https://ukrpodarok.com.ua/images/52755_69346.jpg</picture>
			<picture>https://ukrpodarok.com.ua/images/52755_69348.jpg</picture>
			<vendor>CG</vendor>
			<name>Силиконовые водонепроницаемые бахилы Чехлы на обувь CG WSS1 S White</name>
			<barcode></barcode>
			<stock_quantity>0</stock_quantity>
			<description>
				<![CDATA[CG&nbsp;WSS1 это непромокаемые чехлы для обуви это ваш спаситель в дождливую погоду. <br />Они занимают совсем мало места в ваше сумке и в любой момент уберегут вашу обувь от намокания.<br />Многоразовые бахилы из прочного силикона можно взять с собой в поход или на рыбалку.]]>
			</description>
			<param name="Размер"><![CDATA[S]]></param>
			<param name="Тип"><![CDATA[Чехлы-Бахилы]]></param>
			<param name="Материал"><![CDATA[Силикон]]></param>
			<param name="Цвет"><![CDATA[Белый]]></param>
			<param name="Применение"><![CDATA[Защита обуви от воды и грязи]]></param>
			<param name="Гарантия"><![CDATA[6 месяцев]]></param>
			<param name="Наличие"><![CDATA[нет]]></param>
		</offer>
		<offer id="CGSleepingDog" available="false">
			<url>https://ukrpodarok.com.ua/silikonovii-nochnik-schenok-cg-papa-puppy-s-sensorom-dlya-izmeneniya-yarkosti-i-taimerom-belii.html</url>
			<price>465</price>
			<price_old>499</price_old>
			<currencyId>UAH</currencyId>
			<categoryId>152175</categoryId>
			<picture>https://ukrpodarok.com.ua/images/152337_0.jpg</picture>
			<picture>https://ukrpodarok.com.ua/images/152337_100346.jpg</picture>
			<picture>https://ukrpodarok.com.ua/images/152337_100347.jpg</picture>
			<picture>https://ukrpodarok.com.ua/images/152337_100348.jpg</picture>
			<picture>https://ukrpodarok.com.ua/images/152337_100349.jpg</picture>
			<picture>https://ukrpodarok.com.ua/images/152337_100350.jpg</picture>
			<picture>https://ukrpodarok.com.ua/images/152337_100351.jpg</picture>
			<picture>https://ukrpodarok.com.ua/images/152337_100352.jpg</picture>
			<picture>https://ukrpodarok.com.ua/images/152337_100353.jpg</picture>
			<vendor>CG</vendor>
			<name>Силиконовый ночник «Щенок» CG Papa Puppy с сенсором для изменения яркости и таймером Белый</name>
			<barcode></barcode>
			<stock_quantity>0</stock_quantity>
			<description>
				<![CDATA[Силиконовый ночник &laquo;Щенок&raquo; Papa Puppy - это не просто ночник, который будет освещать комнату вашего ребенка ночью, это верный друг с которым ваш малыш будет играть перед сном, спать, летать во снах)) Ваш ребенок будет в восторге!<br /><br />Ночник &laquo;Щенок&raquo; сделан из мягкого, очень приятного на ощуть силикона, который одно удовольствие держать в руках или обнимать ночью. Вся электроника (акумулятор, диодная лампа) спрятаны таким образом, что абсолютно не мешают "тискать" щенка.<br /><br />Отдельного внимания заслуживает носик щенка, нажав на который вы включите ночник, а удерживая палец на нем, сможете регулировать яркость свечения. Также ночник имеет два цвета света: белый(холодный) и желтый(теплый), которые переключаются зажатием кнопки на пузике щенка.<br /><br />Еще один полезный функционал - это таймер, который имеет 2 режима: 30 и 60 мин. Для выбора режима необходимо нажать на кноку на пузике щенка (1 нажатие - 30 мин, повторное - 60 мин.).<br /><br />Ну и конечно важно, что ночник имеет встроенный аккумулятор (не нужно покупать каждую недею батарейки), который заражается через USB. Для полной зарядки необходимо 4 часа, время работы от аккумулятора - 8 часов. Может работать от аккумулятора, розетки, компьютера, Power-банка.<br /><br />Функционал:<br />? сенсорный носик (для вкл/выкл и регулировки яркости свечения);<br />? 2 цвета света: белый/желтый<br />? встроенный аккумулятор 1200 мA (8 часов работы)<br />? зарадяка чере USB шнур<br />? таймер с 2 режимами: 30 и 60 мин;<br /><br />]]>
			</description>
			<param name="Размеры"><![CDATA[160 х 90 х 76 мм]]></param>
			<param name="Комплектация"><![CDATA[ночник, USB-кабель, инструкция]]></param>
			<param name="Тип"><![CDATA[Настольный]]></param>
			<param name="Пол ребенка"><![CDATA[Девочка;Мальчик;]]></param>
			<param name="Элементы питания"><![CDATA[Батарея емкостью 1200 мАч]]></param>
			<param name="Цвет"><![CDATA[Белый]]></param>
			<param name="Особенности"><![CDATA[с LED технологией]]></param>
			<param name="Гарантия"><![CDATA[3 месяца]]></param>
			<param name="Наличие"><![CDATA[нет]]></param>
			<param name="вес в упаковке кг"><![CDATA[0.3]]></param>
			<param name="высота в упаковке см"><![CDATA[15]]></param>
			<param name="глубина в упаковке см"><![CDATA[10]]></param>
			<param name="ширина в упаковке см"><![CDATA[12]]></param>
			<param name="количество грузовых мест"><![CDATA[1]]></param>
		</offer>
		<offer id="CG12miniBlack" available="true">
			<url>https://ukrpodarok.com.ua/silikonovii-chehol-dlya-iphone-12-mini-so-shtorkoi-zaschischayuschei-kameru-uft-black.html</url>
			<price>179</price>
			<price_old>249</price_old>
			<price_promo>161</price_promo>
			<currencyId>UAH</currencyId>
			<categoryId>50993</categoryId>
			<picture>https://ukrpodarok.com.ua/images/152320_0.jpg</picture>
			<picture>https://ukrpodarok.com.ua/images/152320_100309.jpg</picture>
			<picture>https://ukrpodarok.com.ua/images/152320_100310.jpg</picture>
			<vendor>UFT</vendor>
			<name>Силиконовый чехол для iPhone 12 mini со шторкой защищающей камеру UFT Black</name>
			<barcode>8000000007421</barcode>
			<stock_quantity>40</stock_quantity>
			<description>
				<![CDATA[<p>Силиконовый чехол со шторкой для защиты камеры - тонкий, стильный и удобный чехол для Apple iPhone 12 mini</p>  <p>Задняя стенка полупрозрачная, чтобы не скрывать красоту вашего девайса.</p>  <p>Конструкция чехла предполагает шторку на задней стороне чехла, которой можно закрывать камеру. Материал чехла - силикон и пластик с укрепленными ребрами жесткости по периметру, что является отличной защитой от нежелательных внешних повреждений.&nbsp;</p>  <p>Необычный и практичный дизайн аксессуара, станет отличным дополнением к вашему телефону. Чехол не ограничивает функциональность устройства: все порты, разъемы и элементы управления легкодоступны.<br /></p>]]>
			</description>
			<param name="Формфактор"><![CDATA[Панель]]></param>
			<param name="Совместимая модель"><![CDATA[iPhone 12 mini]]></param>
			<param name="Материал"><![CDATA[TPU + Пластик + Силикон]]></param>
			<param name="Цвет"><![CDATA[Черный]]></param>
			<param name="Совместимая серия"><![CDATA[iPhone]]></param>
			<param name="Совместимый бренд"><![CDATA[Apple]]></param>
			<param name="Бренд"><![CDATA[UFT]]></param>
			<param name="Гарантия"><![CDATA[14 дней]]></param>
			<param name="Наличие"><![CDATA[есть]]></param>
			<param name="вес в упаковке кг"><![CDATA[0.1]]></param>
			<param name="высота в упаковке см"><![CDATA[10]]></param>
			<param name="глубина в упаковке см"><![CDATA[2]]></param>
			<param name="ширина в упаковке см"><![CDATA[6]]></param>
			<param name="количество грузовых мест"><![CDATA[1]]></param>
			<param name="штрихкод"><![CDATA[8000000007421]]></param>
		</offer>
		<offer id="CG12miniGreen" available="true">
			<url>https://ukrpodarok.com.ua/silikonovii-chehol-dlya-iphone-12-mini-so-shtorkoi-zaschischayuschei-kameru-uft-green.html</url>
			<price>179</price>
			<price_old>249</price_old>
			<currencyId>UAH</currencyId>
			<categoryId>50993</categoryId>
			<picture>https://ukrpodarok.com.ua/images/152327_0.jpg</picture>
			<picture>https://ukrpodarok.com.ua/images/152327_100323.jpg</picture>
			<picture>https://ukrpodarok.com.ua/images/152327_100324.jpg</picture>
			<vendor>UFT</vendor>
			<name>Силиконовый чехол для iPhone 12 mini со шторкой защищающей камеру UFT Green</name>
			<barcode>8000000007438</barcode>
			<stock_quantity>40</stock_quantity>
			<description>
				<![CDATA[<p>Силиконовый чехол со шторкой для защиты камеры - тонкий, стильный и удобный чехол для Apple iPhone 12 mini.</p>  <p>Задняя стенка полупрозрачная, чтобы не скрывать красоту вашего девайса.</p>  <p>Конструкция чехла предполагает шторку на задней стороне чехла, которой можно закрывать камеру. Материал чехла - силикон и пластик с укрепленными ребрами жесткости по периметру, что является отличной защитой от нежелательных внешних повреждений.&nbsp;</p>  <p>Необычный и практичный дизайн аксессуара, станет отличным дополнением к вашему телефону. Чехол не ограничивает функциональность устройства: все порты, разъемы и элементы управления легкодоступны.<br /></p>]]>
			</description>
			<param name="Совместимая модель"><![CDATA[iPhone 12 mini]]></param>
			<param name="Формфактор"><![CDATA[Панель]]></param>
			<param name="Материал"><![CDATA[TPU + Пластик + Силикон]]></param>
			<param name="Цвет"><![CDATA[Зеленый]]></param>
			<param name="Совместимый бренд"><![CDATA[Apple]]></param>
			<param name="Бренд"><![CDATA[UFT]]></param>
			<param name="Гарантия"><![CDATA[14 дней]]></param>
			<param name="Наличие"><![CDATA[есть]]></param>
			<param name="вес в упаковке кг"><![CDATA[0.1]]></param>
			<param name="высота в упаковке см"><![CDATA[10]]></param>
			<param name="глубина в упаковке см"><![CDATA[2]]></param>
			<param name="ширина в упаковке см"><![CDATA[6]]></param>
			<param name="количество грузовых мест"><![CDATA[1]]></param>
			<param name="штрихкод"><![CDATA[8000000007438]]></param>
		</offer>
		<offer id="CG12miniPurple" available="true">
			<url>https://ukrpodarok.com.ua/silikonovii-chehol-dlya-iphone-12-mini-so-shtorkoi-zaschischayuschei-kameru-uft-purple.html</url>
			<price>179</price>
			<price_old>247</price_old>
			<price_promo>133</price_promo>
			<currencyId>UAH</currencyId>
			<categoryId>50993</categoryId>
			<picture>https://ukrpodarok.com.ua/images/152325_0.jpg</picture>
			<picture>https://ukrpodarok.com.ua/images/152325_100319.jpg</picture>
			<picture>https://ukrpodarok.com.ua/images/152325_100320.jpg</picture>
			<vendor>UFT</vendor>
			<name>Силиконовый чехол для iPhone 12 mini со шторкой защищающей камеру UFT Purple</name>
			<barcode>8000000008190</barcode>
			<stock_quantity>40</stock_quantity>
			<description>
				<![CDATA[<p>Силиконовый чехол со шторкой для защиты камеры - тонкий, стильный и удобный чехол для Apple iPhone 12 mini.</p>  <p>Задняя стенка полупрозрачная, чтобы не скрывать красоту вашего девайса.</p>  <p>Конструкция чехла предполагает шторку на задней стороне чехла, которой можно закрывать камеру. Материал чехла - силикон и пластик с укрепленными ребрами жесткости по периметру, что является отличной защитой от нежелательных внешних повреждений.&nbsp;</p>  <p>Необычный и практичный дизайн аксессуара, станет отличным дополнением к вашему телефону. Чехол не ограничивает функциональность устройства: все порты, разъемы и элементы управления легкодоступны.</p>]]>
			</description>
			<param name="Формфактор"><![CDATA[Панель]]></param>
			<param name="Материал"><![CDATA[TPU + Пластик + Силикон]]></param>
			<param name="Цвет"><![CDATA[Фиолетовый]]></param>
			<param name="Совместимая модель"><![CDATA[iPhone 12 mini]]></param>
			<param name="Совместимый бренд"><![CDATA[Apple]]></param>
			<param name="Особенности"><![CDATA[Возможность использовать беспроводное ЗУ]]></param>
			<param name="Бренд"><![CDATA[UFT]]></param>
			<param name="Гарантия"><![CDATA[14 дней]]></param>
			<param name="Наличие"><![CDATA[есть]]></param>
			<param name="вес в упаковке кг"><![CDATA[0.1]]></param>
			<param name="высота в упаковке см"><![CDATA[10]]></param>
			<param name="глубина в упаковке см"><![CDATA[2]]></param>
			<param name="ширина в упаковке см"><![CDATA[5]]></param>
			<param name="количество грузовых мест"><![CDATA[1]]></param>
			<param name="штрихкод"><![CDATA[8000000008190]]></param>
		</offer>
		<offer id="CG12miniRed" available="true">
			<url>https://ukrpodarok.com.ua/silikonovii-chehol-dlya-iphone-12-mini-so-shtorkoi-zaschischayuschei-kameru-uft-red.html</url>
			<price>179</price>
			<price_old>267</price_old>
			<currencyId>UAH</currencyId>
			<categoryId>50993</categoryId>
			<picture>https://ukrpodarok.com.ua/images/152330_0.jpg</picture>
			<picture>https://ukrpodarok.com.ua/images/152330_100329.jpg</picture>
			<picture>https://ukrpodarok.com.ua/images/152330_100330.jpg</picture>
			<vendor>UFT</vendor>
			<name>Силиконовый чехол для iPhone 12 mini со шторкой защищающей камеру UFT Red</name>
			<barcode>8000000007445</barcode>
			<stock_quantity>40</stock_quantity>
			<description>
				<![CDATA[<p>Силиконовый чехол со шторкой для защиты камеры - тонкий, стильный и удобный чехол для Apple iPhone 12 mini</p>  <p>Задняя стенка полупрозрачная, чтобы не скрывать красоту вашего девайса.</p>  <p>Конструкция чехла предполагает шторку на задней стороне чехла, которой можно закрывать камеру. Материал чехла - силикон и пластик с укрепленными ребрами жесткости по периметру, что является отличной защитой от нежелательных внешних повреждений.&nbsp;</p>  <p>Необычный и практичный дизайн аксессуара, станет отличным дополнением к вашему телефону. Чехол не ограничивает функциональность устройства: все порты, разъемы и элементы управления легкодоступны.</p>]]>
			</description>
			<param name="Формфактор"><![CDATA[Панель]]></param>
			<param name="Материал"><![CDATA[TPU + Пластик + Силикон]]></param>
			<param name="Совместимая модель"><![CDATA[iPhone 12 mini]]></param>
			<param name="Цвет"><![CDATA[Красный]]></param>
			<param name="Совместимый бренд"><![CDATA[Apple]]></param>
			<param name="Бренд"><![CDATA[UFT]]></param>
			<param name="Гарантия"><![CDATA[14 дней]]></param>
			<param name="Наличие"><![CDATA[есть]]></param>
			<param name="вес в упаковке кг"><![CDATA[0.1]]></param>
			<param name="высота в упаковке см"><![CDATA[10]]></param>
			<param name="глубина в упаковке см"><![CDATA[2]]></param>
			<param name="ширина в упаковке см"><![CDATA[6]]></param>
			<param name="количество грузовых мест"><![CDATA[1]]></param>
			<param name="штрихкод"><![CDATA[8000000007445]]></param>
		</offer>
		<offer id="CG12miniYellow" available="true">
			<url>https://ukrpodarok.com.ua/silikonovii-chehol-dlya-iphone-12-mini-so-shtorkoi-zaschischayuschei-kameru-uft-yellow.html</url>
			<price>179</price>
			<price_old>249</price_old>
			<currencyId>UAH</currencyId>
			<categoryId>50993</categoryId>
			<picture>https://ukrpodarok.com.ua/images/152321_0.jpg</picture>
			<picture>https://ukrpodarok.com.ua/images/152321_100311.jpg</picture>
			<picture>https://ukrpodarok.com.ua/images/152321_100312.jpg</picture>
			<picture>https://ukrpodarok.com.ua/images/152321_100628.jpg</picture>
			<vendor>UFT</vendor>
			<name>Силиконовый чехол для iPhone 12 mini со шторкой защищающей камеру UFT Yellow</name>
			<barcode>8000000007452</barcode>
			<stock_quantity>40</stock_quantity>
			<description>
				<![CDATA[<p>Силиконовый чехол со шторкой для защиты камеры - тонкий, стильный и удобный чехол для Apple iPhone 12 mini.</p>  <p>Задняя стенка полупрозрачная, чтобы не скрывать красоту вашего девайса.</p>  <p>Конструкция чехла предполагает шторку на задней стороне чехла, которой можно закрывать камеру. Материал чехла - силикон и пластик с укрепленными ребрами жесткости по периметру, что является отличной защитой от нежелательных внешних повреждений.&nbsp;</p>  <p>Необычный и практичный дизайн аксессуара, станет отличным дополнением к вашему телефону. Чехол не ограничивает функциональность устройства: все порты, разъемы и элементы управления легкодоступны.</p>]]>
			</description>
			<param name="Совместимая модель"><![CDATA[iPhone 12 mini]]></param>
			<param name="Формфактор"><![CDATA[Панель]]></param>
			<param name="Материал"><![CDATA[TPU + Пластик + Силикон]]></param>
			<param name="Цвет"><![CDATA[Желтый]]></param>
			<param name="Совместимая серия"><![CDATA[iPhone]]></param>
			<param name="Совместимый бренд"><![CDATA[Apple]]></param>
			<param name="Бренд"><![CDATA[UFT]]></param>
			<param name="Гарантия"><![CDATA[14 дней]]></param>
			<param name="Наличие"><![CDATA[есть]]></param>
			<param name="вес в упаковке кг"><![CDATA[0.1]]></param>
			<param name="высота в упаковке см"><![CDATA[12]]></param>
			<param name="глубина в упаковке см"><![CDATA[2]]></param>
			<param name="ширина в упаковке см"><![CDATA[5]]></param>
			<param name="количество грузовых мест"><![CDATA[1]]></param>
			<param name="штрихкод"><![CDATA[8000000007452]]></param>
		</offer>
		<offer id="CG12ProMaxBlack" available="true">
			<url>https://ukrpodarok.com.ua/silikonovii-chehol-dlya-iphone-12-pro-max-so-shtorkoi-zaschischayuschei-kameru-uft-black.html</url>
			<price>179</price>
			<price_old>249</price_old>
			<currencyId>UAH</currencyId>
			<categoryId>50993</categoryId>
			<picture>https://ukrpodarok.com.ua/images/152318_0.jpg</picture>
			<picture>https://ukrpodarok.com.ua/images/152318_100305.jpg</picture>
			<picture>https://ukrpodarok.com.ua/images/152318_100306.jpg</picture>
			<vendor>UFT</vendor>
			<name>Силиконовый чехол для iPhone 12 Pro Max со шторкой защищающей камеру UFT Black</name>
			<barcode>8000000007506</barcode>
			<stock_quantity>40</stock_quantity>
			<description>
				<![CDATA[<p>Силиконовый чехол со шторкой для защиты камеры - тонкий, стильный и удобный чехол для Apple iPhone 12&nbsp;Pro Max</p>  <p>Задняя стенка полупрозрачная, чтобы не скрывать красоту вашего девайса.</p>  <p>Конструкция чехла предполагает шторку на задней стороне чехла, которой можно закрывать камеру. Материал чехла - силикон и пластик с укрепленными ребрами жесткости по периметру, что является отличной защитой от нежелательных внешних повреждений.&nbsp;</p>  <p>Необычный и практичный дизайн аксессуара, станет отличным дополнением к вашему телефону. Чехол не ограничивает функциональность устройства: все порты, разъемы и элементы управления легкодоступны.</p>]]>
			</description>
			<param name="Совместимая модель"><![CDATA[iPhone 12 Pro Max]]></param>
			<param name="Формфактор"><![CDATA[Панель]]></param>
			<param name="Материал"><![CDATA[TPU + Пластик + Силикон]]></param>
			<param name="Цвет"><![CDATA[Черный]]></param>
			<param name="Совместимая серия"><![CDATA[iPhone]]></param>
			<param name="Совместимый бренд"><![CDATA[Apple]]></param>
			<param name="Бренд"><![CDATA[UFT]]></param>
			<param name="Гарантия"><![CDATA[14 дней]]></param>
			<param name="Наличие"><![CDATA[есть]]></param>
			<param name="вес в упаковке кг"><![CDATA[0.1]]></param>
			<param name="высота в упаковке см"><![CDATA[12]]></param>
			<param name="глубина в упаковке см"><![CDATA[2]]></param>
			<param name="ширина в упаковке см"><![CDATA[10]]></param>
			<param name="количество грузовых мест"><![CDATA[1]]></param>
			<param name="штрихкод"><![CDATA[8000000007506]]></param>
		</offer>
		<offer id="CG12ProMaxGreen" available="true">
			<url>https://ukrpodarok.com.ua/silikonovii-chehol-dlya-iphone-12-pro-max-so-shtorkoi-zaschischayuschei-kameru-uft-green.html</url>
			<price>179</price>
			<price_old>255</price_old>
			<currencyId>UAH</currencyId>
			<categoryId>50993</categoryId>
			<picture>https://ukrpodarok.com.ua/images/152326_0.jpg</picture>
			<picture>https://ukrpodarok.com.ua/images/152326_100321.jpg</picture>
			<picture>https://ukrpodarok.com.ua/images/152326_100322.jpg</picture>
			<vendor>UFT</vendor>
			<name>Силиконовый чехол для iPhone 12 Pro Max со шторкой защищающей камеру UFT Green</name>
			<barcode>8000000007513</barcode>
			<stock_quantity>40</stock_quantity>
			<description>
				<![CDATA[<p>Силиконовый чехол со шторкой для защиты камеры - тонкий, стильный и удобный чехол для Apple iPhone 12&nbsp;Pro Max</p>  <p>Задняя стенка полупрозрачная, чтобы не скрывать красоту вашего девайса.</p>  <p>Конструкция чехла предполагает шторку на задней стороне чехла, которой можно закрывать камеру. Материал чехла - силикон и пластик с укрепленными ребрами жесткости по периметру, что является отличной защитой от нежелательных внешних повреждений.&nbsp;</p>  <p>Необычный и практичный дизайн аксессуара, станет отличным дополнением к вашему телефону. Чехол не ограничивает функциональность устройства: все порты, разъемы и элементы управления легкодоступны.<br /></p>]]>
			</description>
			<param name="Совместимая модель"><![CDATA[iPhone 12 Pro Max]]></param>
			<param name="Формфактор"><![CDATA[Панель]]></param>
			<param name="Материал"><![CDATA[TPU + Пластик + Силикон]]></param>
			<param name="Цвет"><![CDATA[Зеленый]]></param>
			<param name="Совместимый бренд"><![CDATA[Apple]]></param>
			<param name="Гарантия"><![CDATA[14 дней]]></param>
			<param name="Бренд"><![CDATA[UFT]]></param>
			<param name="Наличие"><![CDATA[есть]]></param>
			<param name="вес в упаковке кг"><![CDATA[0.1]]></param>
			<param name="высота в упаковке см"><![CDATA[12]]></param>
			<param name="глубина в упаковке см"><![CDATA[2]]></param>
			<param name="ширина в упаковке см"><![CDATA[10]]></param>
			<param name="количество грузовых мест"><![CDATA[1]]></param>
			<param name="штрихкод"><![CDATA[8000000007513]]></param>
		</offer>
		<offer id="CG12ProMaxRed" available="true">
			<url>https://ukrpodarok.com.ua/silikonovii-chehol-dlya-iphone-12-pro-max-so-shtorkoi-zaschischayuschei-kameru-uft-red.html</url>
			<price>179</price>
			<price_old>249</price_old>
			<currencyId>UAH</currencyId>
			<categoryId>50993</categoryId>
			<picture>https://ukrpodarok.com.ua/images/152331_0.jpg</picture>
			<picture>https://ukrpodarok.com.ua/images/152331_100331.jpg</picture>
			<picture>https://ukrpodarok.com.ua/images/152331_100332.jpg</picture>
			<vendor>UFT</vendor>
			<name>Силиконовый чехол для iPhone 12 Pro Max со шторкой защищающей камеру UFT Red</name>
			<barcode>8000000007520</barcode>
			<stock_quantity>40</stock_quantity>
			<description>
				<![CDATA[<p>Силиконовый чехол со шторкой для защиты камеры - тонкий, стильный и удобный чехол для Apple iPhone 12&nbsp;Pro Max.</p>  <p>Задняя стенка полупрозрачная, чтобы не скрывать красоту вашего девайса.</p>  <p>Конструкция чехла предполагает шторку на задней стороне чехла, которой можно закрывать камеру. Материал чехла - силикон и пластик с укрепленными ребрами жесткости по периметру, что является отличной защитой от нежелательных внешних повреждений.&nbsp;</p>  <p>Необычный и практичный дизайн аксессуара, станет отличным дополнением к вашему телефону. Чехол не ограничивает функциональность устройства: все порты, разъемы и элементы управления легкодоступны.<br /></p>]]>
			</description>
			<param name="Совместимая модель"><![CDATA[iPhone 12 Pro Max]]></param>
			<param name="Формфактор"><![CDATA[Панель]]></param>
			<param name="Материал"><![CDATA[TPU + Пластик + Силикон]]></param>
			<param name="Цвет"><![CDATA[Красный]]></param>
			<param name="Совместимый бренд"><![CDATA[Apple]]></param>
			<param name="Бренд"><![CDATA[UFT]]></param>
			<param name="Гарантия"><![CDATA[14 дней]]></param>
			<param name="Наличие"><![CDATA[есть]]></param>
			<param name="вес в упаковке кг"><![CDATA[0.1]]></param>
			<param name="высота в упаковке см"><![CDATA[12]]></param>
			<param name="глубина в упаковке см"><![CDATA[2]]></param>
			<param name="ширина в упаковке см"><![CDATA[8]]></param>
			<param name="количество грузовых мест"><![CDATA[1]]></param>
			<param name="штрихкод"><![CDATA[8000000007520]]></param>
		</offer>
		<offer id="CG12ProMaxYellow" available="true">
			<url>https://ukrpodarok.com.ua/silikonovii-chehol-dlya-iphone-12-pro-max-so-shtorkoi-zaschischayuschei-kameru-uft-yellow.html</url>
			<price>179</price>
			<price_old>249</price_old>
			<currencyId>UAH</currencyId>
			<categoryId>50993</categoryId>
			<picture>https://ukrpodarok.com.ua/images/152323_0.jpg</picture>
			<picture>https://ukrpodarok.com.ua/images/152323_100315.jpg</picture>
			<picture>https://ukrpodarok.com.ua/images/152323_100316.jpg</picture>
			<vendor>UFT</vendor>
			<name>Силиконовый чехол для iPhone 12 Pro Max со шторкой защищающей камеру UFT Yellow</name>
			<barcode>8000000007537</barcode>
			<stock_quantity>40</stock_quantity>
			<description>
				<![CDATA[<p>Силиконовый чехол со шторкой для защиты камеры - тонкий, стильный и удобный чехол для Apple iPhone 12&nbsp;Pro Max.</p>  <p>Задняя стенка полупрозрачная, чтобы не скрывать красоту вашего девайса.</p>  <p>Конструкция чехла предполагает шторку на задней стороне чехла, которой можно закрывать камеру. Материал чехла - силикон и пластик с укрепленными ребрами жесткости по периметру, что является отличной защитой от нежелательных внешних повреждений.&nbsp;</p>  <p>Необычный и практичный дизайн аксессуара, станет отличным дополнением к вашему телефону. Чехол не ограничивает функциональность устройства: все порты, разъемы и элементы управления легкодоступны.<br /></p>]]>
			</description>
			<param name="Совместимая модель"><![CDATA[iPhone 12 Pro Max]]></param>
			<param name="Формфактор"><![CDATA[Панель]]></param>
			<param name="Материал"><![CDATA[TPU + Пластик + Силикон]]></param>
			<param name="Цвет"><![CDATA[Желтый]]></param>
			<param name="Совместимая серия"><![CDATA[iPhone]]></param>
			<param name="Совместимый бренд"><![CDATA[Apple]]></param>
			<param name="Бренд"><![CDATA[UFT]]></param>
			<param name="Гарантия"><![CDATA[14 дней]]></param>
			<param name="Наличие"><![CDATA[есть]]></param>
			<param name="вес в упаковке кг"><![CDATA[0.1]]></param>
			<param name="высота в упаковке см"><![CDATA[12]]></param>
			<param name="глубина в упаковке см"><![CDATA[2]]></param>
			<param name="ширина в упаковке см"><![CDATA[8]]></param>
			<param name="количество грузовых мест"><![CDATA[1]]></param>
			<param name="штрихкод"><![CDATA[8000000007537]]></param>
		</offer>
		<offer id="CG12ProRed" available="true">
			<url>https://ukrpodarok.com.ua/silikonovii-chehol-dlya-iphone-12-pro-red-so-shtorkoi-zaschischayuschei-kameru.html</url>
			<price>166</price>
			<price_old>225</price_old>
			<currencyId>UAH</currencyId>
			<categoryId>50993</categoryId>
			<picture>https://ukrpodarok.com.ua/images/152332_0.jpg</picture>
			<picture>https://ukrpodarok.com.ua/images/152332_100333.jpg</picture>
			<picture>https://ukrpodarok.com.ua/images/152332_100334.jpg</picture>
			<vendor>UFT</vendor>
			<name>Силиконовый чехол для iPhone 12 Pro Red со шторкой защищающей камеру</name>
			<barcode>8000000007483</barcode>
			<stock_quantity>40</stock_quantity>
			<description>
				<![CDATA[<p>Силиконовый чехол со шторкой для защиты камеры - тонкий, стильный и удобный чехол для Apple iPhone 12&nbsp;Pro.</p>  <p>Задняя стенка полупрозрачная, чтобы не скрывать красоту вашего девайса.</p>  <p>Конструкция чехла предполагает шторку на задней стороне чехла, которой можно закрывать камеру. Материал чехла - силикон и пластик с укрепленными ребрами жесткости по периметру, что является отличной защитой от нежелательных внешних повреждений.&nbsp;</p>  <p>Необычный и практичный дизайн аксессуара, станет отличным дополнением к вашему телефону. Чехол не ограничивает функциональность устройства: все порты, разъемы и элементы управления легкодоступны.<br /></p>]]>
			</description>
			<param name="Совместимая модель"><![CDATA[iPhone 12 Pro]]></param>
			<param name="Формфактор"><![CDATA[Панель]]></param>
			<param name="Материал"><![CDATA[TPU + Пластик + Силикон]]></param>
			<param name="Цвет"><![CDATA[Красный]]></param>
			<param name="Совместимый бренд"><![CDATA[Apple]]></param>
			<param name="Бренд"><![CDATA[UFT]]></param>
			<param name="Гарантия"><![CDATA[14 дней]]></param>
			<param name="Наличие"><![CDATA[есть]]></param>
			<param name="вес в упаковке кг"><![CDATA[0.1]]></param>
			<param name="высота в упаковке см"><![CDATA[12]]></param>
			<param name="глубина в упаковке см"><![CDATA[2]]></param>
			<param name="ширина в упаковке см"><![CDATA[8]]></param>
			<param name="количество грузовых мест"><![CDATA[1]]></param>
			<param name="штрихкод"><![CDATA[8000000007483]]></param>
		</offer>
		<offer id="CG12ProBlack" available="true">
			<url>https://ukrpodarok.com.ua/silikonovii-chehol-dlya-iphone-12-pro-so-shtorkoi-zaschischayuschei-kameru-uft-black.html</url>
			<price>179</price>
			<price_old>267</price_old>
			<currencyId>UAH</currencyId>
			<categoryId>50993</categoryId>
			<picture>https://ukrpodarok.com.ua/images/152319_0.jpg</picture>
			<picture>https://ukrpodarok.com.ua/images/152319_100307.jpg</picture>
			<picture>https://ukrpodarok.com.ua/images/152319_100308.jpg</picture>
			<vendor>UFT</vendor>
			<name>Силиконовый чехол для iPhone 12 Pro со шторкой защищающей камеру UFT Black</name>
			<barcode>4820176272751</barcode>
			<stock_quantity>40</stock_quantity>
			<description>
				<![CDATA[<p>Силиконовый чехол со шторкой для защиты камеры - тонкий, стильный и удобный чехол для Apple iPhone 12&nbsp;Pro</p>  <p>Задняя стенка полупрозрачная, чтобы не скрывать красоту вашего девайса.</p>  <p>Конструкция чехла предполагает шторку на задней стороне чехла, которой можно закрывать камеру. Материал чехла - силикон и пластик с укрепленными ребрами жесткости по периметру, что является отличной защитой от нежелательных внешних повреждений.&nbsp;</p>  <p>Необычный и практичный дизайн аксессуара, станет отличным дополнением к вашему телефону. Чехол не ограничивает функциональность устройства: все порты, разъемы и элементы управления легкодоступны.<br /></p>]]>
			</description>
			<param name="Совместимая модель"><![CDATA[iPhone 12 Pro]]></param>
			<param name="Формфактор"><![CDATA[Панель]]></param>
			<param name="Материал"><![CDATA[TPU + Пластик + Силикон]]></param>
			<param name="Цвет"><![CDATA[Черный]]></param>
			<param name="Совместимая серия"><![CDATA[iPhone]]></param>
			<param name="Совместимый бренд"><![CDATA[Apple]]></param>
			<param name="Гарантия"><![CDATA[14 дней]]></param>
			<param name="Бренд"><![CDATA[UFT]]></param>
			<param name="Наличие"><![CDATA[есть]]></param>
			<param name="вес в упаковке кг"><![CDATA[0.1]]></param>
			<param name="высота в упаковке см"><![CDATA[12]]></param>
			<param name="глубина в упаковке см"><![CDATA[2]]></param>
			<param name="ширина в упаковке см"><![CDATA[8]]></param>
			<param name="количество грузовых мест"><![CDATA[1]]></param>
			<param name="штрихкод"><![CDATA[4820176272751]]></param>
		</offer>
		<offer id="CG12ProGreen" available="true">
			<url>https://ukrpodarok.com.ua/silikonovii-chehol-dlya-iphone-12-pro-so-shtorkoi-zaschischayuschei-kameru-uft-green.html</url>
			<price>179</price>
			<price_old>245</price_old>
			<currencyId>UAH</currencyId>
			<categoryId>50993</categoryId>
			<picture>https://ukrpodarok.com.ua/images/152328_0.jpg</picture>
			<picture>https://ukrpodarok.com.ua/images/152328_100325.jpg</picture>
			<picture>https://ukrpodarok.com.ua/images/152328_100326.jpg</picture>
			<vendor>UFT</vendor>
			<name>Силиконовый чехол для iPhone 12 Pro со шторкой защищающей камеру UFT Green</name>
			<barcode>8000000007476</barcode>
			<stock_quantity>40</stock_quantity>
			<description>
				<![CDATA[<p>Силиконовый чехол со шторкой для защиты камеры - тонкий, стильный и удобный чехол для Apple iPhone 12 Pro.</p>  <p>Задняя стенка полупрозрачная, чтобы не скрывать красоту вашего девайса.</p>  <p>Конструкция чехла предполагает шторку на задней стороне чехла, которой можно закрывать камеру. Материал чехла - силикон и пластик с укрепленными ребрами жесткости по периметру, что является отличной защитой от нежелательных внешних повреждений.&nbsp;</p>  <p>Необычный и практичный дизайн аксессуара, станет отличным дополнением к вашему телефону. Чехол не ограничивает функциональность устройства: все порты, разъемы и элементы управления легкодоступны.<br /></p>]]>
			</description>
			<param name="Совместимая модель"><![CDATA[iPhone 12 Pro]]></param>
			<param name="Формфактор"><![CDATA[Панель]]></param>
			<param name="Материал"><![CDATA[TPU + Пластик + Силикон]]></param>
			<param name="Цвет"><![CDATA[Зеленый]]></param>
			<param name="Совместимый бренд"><![CDATA[Apple]]></param>
			<param name="Бренд"><![CDATA[UFT]]></param>
			<param name="Гарантия"><![CDATA[14 дней]]></param>
			<param name="Наличие"><![CDATA[есть]]></param>
			<param name="вес в упаковке кг"><![CDATA[0.1]]></param>
			<param name="высота в упаковке см"><![CDATA[12]]></param>
			<param name="глубина в упаковке см"><![CDATA[2]]></param>
			<param name="ширина в упаковке см"><![CDATA[10]]></param>
			<param name="количество грузовых мест"><![CDATA[1]]></param>
			<param name="штрихкод"><![CDATA[8000000007476]]></param>
		</offer>
		<offer id="CG12ProYellow" available="true">
			<url>https://ukrpodarok.com.ua/silikonovii-chehol-dlya-iphone-12-pro-so-shtorkoi-zaschischayuschei-kameru-uft-yellow.html</url>
			<price>179</price>
			<price_old>249</price_old>
			<currencyId>UAH</currencyId>
			<categoryId>50993</categoryId>
			<picture>https://ukrpodarok.com.ua/images/152322_0.jpg</picture>
			<picture>https://ukrpodarok.com.ua/images/152322_100313.jpg</picture>
			<picture>https://ukrpodarok.com.ua/images/152322_100314.jpg</picture>
			<vendor>UFT</vendor>
			<name>Силиконовый чехол для iPhone 12 Pro со шторкой защищающей камеру UFT Yellow</name>
			<barcode>8000000026217</barcode>
			<stock_quantity>40</stock_quantity>
			<description>
				<![CDATA[<p>Силиконовый чехол со шторкой для защиты камеры - тонкий, стильный и удобный чехол для Apple iPhone 12&nbsp;Pro.</p>  <p>Задняя стенка полупрозрачная, чтобы не скрывать красоту вашего девайса.</p>  <p>Конструкция чехла предполагает шторку на задней стороне чехла, которой можно закрывать камеру. Материал чехла - силикон и пластик с укрепленными ребрами жесткости по периметру, что является отличной защитой от нежелательных внешних повреждений.&nbsp;</p>  <p>Необычный и практичный дизайн аксессуара, станет отличным дополнением к вашему телефону. Чехол не ограничивает функциональность устройства: все порты, разъемы и элементы управления легкодоступны.<br /></p>]]>
			</description>
			<param name="Совместимая модель"><![CDATA[iPhone 12 Pro]]></param>
			<param name="Формфактор"><![CDATA[Панель]]></param>
			<param name="Материал"><![CDATA[TPU + Пластик + Силикон]]></param>
			<param name="Цвет"><![CDATA[Желтый]]></param>
			<param name="Совместимая серия"><![CDATA[iPhone]]></param>
			<param name="Совместимый бренд"><![CDATA[Apple]]></param>
			<param name="Бренд"><![CDATA[UFT]]></param>
			<param name="Гарантия"><![CDATA[14 дней]]></param>
			<param name="Наличие"><![CDATA[есть]]></param>
			<param name="вес в упаковке кг"><![CDATA[0.1]]></param>
			<param name="высота в упаковке см"><![CDATA[10]]></param>
			<param name="глубина в упаковке см"><![CDATA[2]]></param>
			<param name="ширина в упаковке см"><![CDATA[5]]></param>
			<param name="количество грузовых мест"><![CDATA[1]]></param>
			<param name="штрихкод"><![CDATA[8000000026217]]></param>
		</offer>
		<offer id="CG12Black" available="true">
			<url>https://ukrpodarok.com.ua/silikonovii-chehol-dlya-iphone-12-so-shtorkoi-zaschischayuschei-kameru-uft-black.html</url>
			<price>179</price>
			<price_old>249</price_old>
			<price_promo>156</price_promo>
			<currencyId>UAH</currencyId>
			<categoryId>50993</categoryId>
			<picture>https://ukrpodarok.com.ua/images/152317_0.jpg</picture>
			<picture>https://ukrpodarok.com.ua/images/152317_100299.jpg</picture>
			<picture>https://ukrpodarok.com.ua/images/152317_100298.jpg</picture>
			<vendor>UFT</vendor>
			<name>Силиконовый чехол для iPhone 12 со шторкой защищающей камеру UFT Black</name>
			<barcode>8000000007384</barcode>
			<stock_quantity>80</stock_quantity>
			<description>
				<![CDATA[<p>Силиконовый чехол со шторкой для защиты камеры - тонкий, стильный и удобный чехол для Apple iPhone 12.</p>  <p>Задняя стенка полупрозрачная, чтобы не скрывать красоту вашего девайса.</p>  <p>Конструкция чехла предполагает шторку на задней стороне чехла, которой можно закрывать камеру. Материал чехла - силикон и пластик с укрепленными ребрами жесткости по периметру, что является отличной защитой от нежелательных внешних повреждений.&nbsp;</p>  <p>Необычный и практичный дизайн аксессуара, станет отличным дополнением к вашему телефону. Чехол не ограничивает функциональность устройства: все порты, разъемы и элементы управления легкодоступны.</p>]]>
			</description>
			<param name="Совместимая модель"><![CDATA[iPhone 12]]></param>
			<param name="Формфактор"><![CDATA[Панель]]></param>
			<param name="Материал"><![CDATA[TPU + Пластик + Силикон]]></param>
			<param name="Цвет"><![CDATA[Черный]]></param>
			<param name="Совместимая серия"><![CDATA[iPhone]]></param>
			<param name="Совместимый бренд"><![CDATA[Apple]]></param>
			<param name="Особенности"><![CDATA[Возможность использовать беспроводное ЗУ]]></param>
			<param name="Бренд"><![CDATA[UFT]]></param>
			<param name="Гарантия"><![CDATA[14 дней]]></param>
			<param name="Наличие"><![CDATA[есть]]></param>
			<param name="вес в упаковке кг"><![CDATA[0.1]]></param>
			<param name="высота в упаковке см"><![CDATA[10]]></param>
			<param name="глубина в упаковке см"><![CDATA[2]]></param>
			<param name="ширина в упаковке см"><![CDATA[6]]></param>
			<param name="количество грузовых мест"><![CDATA[1]]></param>
			<param name="штрихкод"><![CDATA[8000000007384]]></param>
		</offer>
		<offer id="CG12Green" available="true">
			<url>https://ukrpodarok.com.ua/silikonovii-chehol-dlya-iphone-12-so-shtorkoi-zaschischayuschei-kameru-uft-green.html</url>
			<price>179</price>
			<price_old>249</price_old>
			<currencyId>UAH</currencyId>
			<categoryId>50993</categoryId>
			<picture>https://ukrpodarok.com.ua/images/152329_0.jpg</picture>
			<picture>https://ukrpodarok.com.ua/images/152329_100327.jpg</picture>
			<picture>https://ukrpodarok.com.ua/images/152329_100328.jpg</picture>
			<vendor>UFT</vendor>
			<name>Силиконовый чехол для iPhone 12 со шторкой защищающей камеру UFT Green</name>
			<barcode>8000000007391</barcode>
			<stock_quantity>40</stock_quantity>
			<description>
				<![CDATA[<p>Силиконовый чехол со шторкой для защиты камеры - тонкий, стильный и удобный чехол для Apple iPhone 12.</p>  <p>Задняя стенка полупрозрачная, чтобы не скрывать красоту вашего девайса.</p>  <p>Конструкция чехла предполагает шторку на задней стороне чехла, которой можно закрывать камеру. Материал чехла - силикон и пластик с укрепленными ребрами жесткости по периметру, что является отличной защитой от нежелательных внешних повреждений.&nbsp;</p>  <p>Необычный и практичный дизайн аксессуара, станет отличным дополнением к вашему телефону. Чехол не ограничивает функциональность устройства: все порты, разъемы и элементы управления легкодоступны.<br /></p>]]>
			</description>
			<param name="Совместимая модель"><![CDATA[iPhone 12]]></param>
			<param name="Формфактор"><![CDATA[Панель]]></param>
			<param name="Материал"><![CDATA[TPU + Пластик + Силикон]]></param>
			<param name="Цвет"><![CDATA[Зеленый]]></param>
			<param name="Совместимый бренд"><![CDATA[Apple]]></param>
			<param name="Гарантия"><![CDATA[14 дней]]></param>
			<param name="Бренд"><![CDATA[UFT]]></param>
			<param name="Наличие"><![CDATA[есть]]></param>
			<param name="вес в упаковке кг"><![CDATA[0.1]]></param>
			<param name="высота в упаковке см"><![CDATA[10]]></param>
			<param name="глубина в упаковке см"><![CDATA[2]]></param>
			<param name="ширина в упаковке см"><![CDATA[5]]></param>
			<param name="количество грузовых мест"><![CDATA[1]]></param>
			<param name="штрихкод"><![CDATA[8000000007391]]></param>
		</offer>
		<offer id="CG12Yellow" available="true">
			<url>https://ukrpodarok.com.ua/silikonovii-chehol-dlya-iphone-12-so-shtorkoi-zaschischayuschei-kameru-uft-yellow.html</url>
			<price>179</price>
			<price_old>255</price_old>
			<currencyId>UAH</currencyId>
			<categoryId>50993</categoryId>
			<picture>https://ukrpodarok.com.ua/images/152324_0.jpg</picture>
			<picture>https://ukrpodarok.com.ua/images/152324_100317.jpg</picture>
			<picture>https://ukrpodarok.com.ua/images/152324_100318.jpg</picture>
			<vendor>UFT</vendor>
			<name>Силиконовый чехол для iPhone 12 со шторкой защищающей камеру UFT Yellow</name>
			<barcode>8000000007414</barcode>
			<stock_quantity>40</stock_quantity>
			<description>
				<![CDATA[<p>Силиконовый чехол со шторкой для защиты камеры - тонкий, стильный и удобный чехол для Apple iPhone 12.</p>  <p>Задняя стенка полупрозрачная, чтобы не скрывать красоту вашего девайса.</p>  <p>Конструкция чехла предполагает шторку на задней стороне чехла, которой можно закрывать камеру. Материал чехла - силикон и пластик с укрепленными ребрами жесткости по периметру, что является отличной защитой от нежелательных внешних повреждений.&nbsp;</p>  <p>Необычный и практичный дизайн аксессуара, станет отличным дополнением к вашему телефону. Чехол не ограничивает функциональность устройства: все порты, разъемы и элементы управления легкодоступны.</p>]]>
			</description>
			<param name="Совместимая модель"><![CDATA[iPhone 12 Pro]]></param>
			<param name="Формфактор"><![CDATA[Панель]]></param>
			<param name="Материал"><![CDATA[TPU + Пластик + Силикон]]></param>
			<param name="Цвет"><![CDATA[Желтый]]></param>
			<param name="Совместимый бренд"><![CDATA[Apple]]></param>
			<param name="Бренд"><![CDATA[UFT]]></param>
			<param name="Гарантия"><![CDATA[14 дней]]></param>
			<param name="Наличие"><![CDATA[есть]]></param>
			<param name="вес в упаковке кг"><![CDATA[0.1]]></param>
			<param name="высота в упаковке см"><![CDATA[12]]></param>
			<param name="глубина в упаковке см"><![CDATA[2]]></param>
			<param name="ширина в упаковке см"><![CDATA[10]]></param>
			<param name="количество грузовых мест"><![CDATA[1]]></param>
			<param name="штрихкод"><![CDATA[8000000007414]]></param>
		</offer>
		<offer id="UFTScratchworldmap" available="false">
			<url>https://ukrpodarok.com.ua/skretch-karta-mira-na-angliiskom-yazike-uft-scratch-map-(scratchworldmap).html</url>
			<price>166</price>
			<price_old>267</price_old>
			<price_promo>162</price_promo>
			<currencyId>UAH</currencyId>
			<categoryId>52437</categoryId>
			<picture>https://ukrpodarok.com.ua/images/150824_0.jpg</picture>
			<picture>https://ukrpodarok.com.ua/images/892_750.jpg</picture>
			<picture>https://ukrpodarok.com.ua/images/892_753.jpg</picture>
			<picture>https://ukrpodarok.com.ua/images/892_751.jpg</picture>
			<vendor>UFT</vendor>
			<name>Скретч карта мира на английском языке UFT Scratch map (Scratchworldmap)</name>
			<barcode>4820176240056</barcode>
			<stock_quantity>0</stock_quantity>
			<description>
				<![CDATA[<p>Scratch Travel Map - это настенная карта мира со специальным скретч покрытием. Стирая золотистое скретч покрытие, Вы можете отметить страны, в которых побывали, и будете отмечать свои будущие путешествия и приключения. Это будет дополнительный стимул открыть для себя красочный мир нашей планеты и всегда помнить каждое путешествие, каждую страну, которую посетили.<br />Скретч карта мира (стирательная карта) отлично впишется в интерьер Вашего дома и станет отличный подарком и сюрпризом для путешественника, туриста, для друзей, родных и коллег</p>  <p></p>  <p>&nbsp;</p>]]>
			</description>
			<param name="Тип"><![CDATA[Скретч-карты]]></param>
			<param name="Вид"><![CDATA[Карта мира]]></param>
			<param name="Ширина"><![CDATA[88 см]]></param>
			<param name="Высота"><![CDATA[52 см]]></param>
			<param name="Размер карты"><![CDATA[88 х 52 см]]></param>
			<param name="Материал основы"><![CDATA[Бумага]]></param>
			<param name="Размер тубуса"><![CDATA[60 х 8 см]]></param>
			<param name="Материал тубуса"><![CDATA[плотный картон]]></param>
			<param name="Скретчпокрытие"><![CDATA[Золотистое]]></param>
			<param name="Страна регистрации бренда"><![CDATA[Украина]]></param>
			<param name="Гарантия"><![CDATA[6 месяцев]]></param>
			<param name="Наличие"><![CDATA[нет]]></param>
			<param name="вес в упаковке кг"><![CDATA[0.3]]></param>
			<param name="высота в упаковке см"><![CDATA[80]]></param>
			<param name="глубина в упаковке см"><![CDATA[10]]></param>
			<param name="ширина в упаковке см"><![CDATA[10]]></param>
			<param name="количество грузовых мест"><![CDATA[1]]></param>
			<param name="штрихкод"><![CDATA[4820176240056]]></param>
		</offer>
		<offer id="uftmapru" available="false">
			<url>https://ukrpodarok.com.ua/skretch-karta-mira-na-russkom-scratch-world-map-ru-(mapru).html</url>
			<price>198</price>
			<price_old>299</price_old>
			<currencyId>UAH</currencyId>
			<categoryId>52437</categoryId>
			<picture>https://ukrpodarok.com.ua/images/1060_0.jpg</picture>
			<picture>https://ukrpodarok.com.ua/images/1060_63506.jpg</picture>
			<picture>https://ukrpodarok.com.ua/images/1060_63504.jpg</picture>
			<picture>https://ukrpodarok.com.ua/images/1060_63507.jpg</picture>
			<picture>https://ukrpodarok.com.ua/images/1060_0.jpg</picture>
			<picture>https://ukrpodarok.com.ua/images/1060_63508.jpg</picture>
			<picture>https://ukrpodarok.com.ua/images/1060_63505.jpg</picture>
			<vendor>CG</vendor>
			<name>Скретч Карта Мира на русском Scratch World Map Ru (mapru)</name>
			<barcode></barcode>
			<stock_quantity>0</stock_quantity>
			<description>
				<![CDATA[<p><b>НОВИНКА!&nbsp;Scratch World Map Теперь и на Русском +БОНУС!</b></p>  <p><b>Миниатюрная Скретч карта Украины с областями</b></p>  <p>Scratch&nbsp;World&nbsp;Map - это настенная карта мира со специальным скретч покрытием.</p>  <p>&nbsp;Стирая золотистое скретч покрытие, Вы можете отметить страны, в которых побывали, и будете отмечать свои будущие путешествия и приключения.&nbsp;</p>  <p>Это будет дополнительный стимул открыть для себя красочный мир нашей планеты и всегда помнить каждое путешествие, каждую страну, которую посетили.<br />Скретч карта мира (стирательная карта) отлично впишется в интерьер Вашего дома и станет отличный подарком и сюрпризом для путешественника, туриста, для друзей, родных и коллег</p>  <p>В обновленной карте имеется расширенная Карта Украины с областями.&nbsp;</p>  <p>Теперь Вы можете отмечать свои поездки не только за границей, но и по родной стране<br />Упаковка: оригинальный красочный тубус. Комплектация: Карта; Тубус<br /></p>]]>
			</description>
			<param name="Размер карты"><![CDATA[88 х 52 см]]></param>
			<param name="Размер тубуса"><![CDATA[60 х 8 см]]></param>
			<param name="Материал тубуса"><![CDATA[плотный картон]]></param>
			<param name="Скретчпокрытие"><![CDATA[Золотое]]></param>
			<param name="Страна"><![CDATA[Украина]]></param>
			<param name="Гарантия"><![CDATA[6 месяцев]]></param>
			<param name="Наличие"><![CDATA[нет]]></param>
		</offer>
		<offer id="OB-5153" available="false">
			<url>https://ukrpodarok.com.ua/skretch-karta-ukraini-88h62-sm-uft-scratch-map-ukraine-(bez-tubusa).html</url>
			<price>188</price>
			<price_old>275</price_old>
			<currencyId>UAH</currencyId>
			<categoryId>52437</categoryId>
			<picture>https://ukrpodarok.com.ua/images/152288_0.jpg</picture>
			<picture>https://ukrpodarok.com.ua/images/152288_100225.jpg</picture>
			<picture>https://ukrpodarok.com.ua/images/152288_100226.jpg</picture>
			<picture>https://ukrpodarok.com.ua/images/152288_100227.jpg</picture>
			<picture>https://ukrpodarok.com.ua/images/152288_100228.jpg</picture>
			<vendor>UFT</vendor>
			<name>Скретч карта Украины 88х62 см UFT Scratch Map Ukraine (без тубуса)</name>
			<barcode>8000000023698</barcode>
			<stock_quantity>0</stock_quantity>
			<description>
				<![CDATA[<p>Scratch&nbsp;Map&nbsp;UA&nbsp;&ndash; это настенная карта Украины под золотистым скретч покрытием. Стирая слой скретча, Вы можете отмечать места, где побывали.</p>  <p>На карте обозначены все областные и районные центры для того чтобы Вы могли отметить каждый уголок родной страны который &nbsp;посетили.</p>  <p>Перед тем как ехать отдыхать за границу, спросите себя,&nbsp; &laquo;а везде ли я был, все ли видел на родине?&raquo;. Ведь в Украине действительно есть куда поехать и что посмотреть. Уверены, что наша скретч карта поможет в Ваших путешествиях, и станет оригинальным и полезным элементом декора в Вашей квартире.</p>  <p>Теперь будет гораздо удобнее и приятнее планировать дальнейшие поездки. Глядя на карту, Вы будете вспоминать свои туристические приключения, и возгордитесь &nbsp;своими достижениями.&nbsp;&nbsp;&nbsp;<br /></p>  <p><strong>]]>
			</description>
			<param name="Тип"><![CDATA[Скретч-карты]]></param>
			<param name="Цвет"><![CDATA[Белый]]></param>
			<param name="Вид"><![CDATA[Карта Украины]]></param>
			<param name="Ширина"><![CDATA[88 см]]></param>
			<param name="Высота"><![CDATA[62 см]]></param>
			<param name="Материал основы"><![CDATA[Бумага]]></param>
			<param name="Страна регистрации бренда"><![CDATA[Украина]]></param>
			<param name="Бренд"><![CDATA[UFT]]></param>
			<param name="Гарантия"><![CDATA[14 дней]]></param>
			<param name="Наличие"><![CDATA[нет]]></param>
			<param name="вес в упаковке кг"><![CDATA[0.3]]></param>
			<param name="высота в упаковке см"><![CDATA[60]]></param>
			<param name="глубина в упаковке см"><![CDATA[8]]></param>
			<param name="ширина в упаковке см"><![CDATA[8]]></param>
			<param name="количество грузовых мест"><![CDATA[1]]></param>
			<param name="штрихкод"><![CDATA[8000000023698]]></param>
		</offer>
		<offer id="usamap" available="true">
			<url>https://ukrpodarok.com.ua/skretch-karta-uft-ssha-usa-dlya-puteshestvennikov-dlya-otmetok-(usamap).html</url>
			<price>125</price>
			<price_old>229</price_old>
			<currencyId>UAH</currencyId>
			<categoryId>52437</categoryId>
			<picture>https://ukrpodarok.com.ua/images/1237_0.jpg</picture>
			<picture>https://ukrpodarok.com.ua/images/1237_1000.jpg</picture>
			<vendor>UFT</vendor>
			<name>Скретч-карта UFT США USA для путешественников для отметок (usamap)</name>
			<barcode>8000000021274</barcode>
			<stock_quantity>100</stock_quantity>
			<description>
				<![CDATA[<p>Скретч-карта США &ndash; це настінна карта зі спеціальним скретч покриттям. Стираючи золотисте скретч покриття, Ви можете відзначити міста, в яких побували, і відзначатимете свої майбутні подорожі та пригоди.<br /><br /><strong><strong><br /><br /></strong></strong></p>  <p>&nbsp;</p>  &nbsp;  ]]>
			</description>
			<param name="Тип"><![CDATA[Скретч-картки]]></param>
			<param name="Висота"><![CDATA[60 см]]></param>
			<param name="Ширина"><![CDATA[85 см]]></param>
			<param name="Матеріал основи"><![CDATA[Папір]]></param>
			<param name="Розмір тубуса"><![CDATA[Без тубуса]]></param>
			<param name="Колір"><![CDATA[Сріблястий]]></param>
			<param name="Країна виробник"><![CDATA[Китай]]></param>
			<param name="Гарантія"><![CDATA[14 днів]]></param>
			<param name="Країна реєстрації бренду"><![CDATA[Україна]]></param>
			<param name="Бренд"><![CDATA[UFT]]></param>
			<param name="Гарантия"><![CDATA[6 месяцев]]></param>
			<param name="Наличие"><![CDATA[есть]]></param>
			<param name="вес в упаковке кг"><![CDATA[0.3]]></param>
			<param name="высота в упаковке см"><![CDATA[50]]></param>
			<param name="глубина в упаковке см"><![CDATA[9]]></param>
			<param name="ширина в упаковке см"><![CDATA[9]]></param>
			<param name="количество грузовых мест"><![CDATA[1]]></param>
			<param name="штрихкод"><![CDATA[8000000021274]]></param>
		</offer>
		<offer id="SS1Green" available="false">
			<url>https://ukrpodarok.com.ua/snezhkoblaster-metatel-snezhkov-na-3-snezhki-magic-shooting-snowball-ss1-green.html</url>
			<price>234</price>
			<price_old>299</price_old>
			<currencyId>UAH</currencyId>
			<categoryId>42506</categoryId>
			<picture>https://ukrpodarok.com.ua/images/151903_0.jpg</picture>
			<picture>https://ukrpodarok.com.ua/images/52494_27189.jpg</picture>
			<picture>https://ukrpodarok.com.ua/images/52494_27190.jpg</picture>
			<picture>https://ukrpodarok.com.ua/images/52494_27191.jpg</picture>
			<vendor>CG</vendor>
			<name>Снежкобластер метатель снежков на 3 снежки Magic Shooting Snowball  SS1 Green</name>
			<barcode></barcode>
			<stock_quantity>0</stock_quantity>
			<description>
				<![CDATA[<p>Фантастическое оружие&nbsp; которое стреляет снежками. <br />В верхней части бластера есть специальные формы для лепки снежков. За один раз можно слепить целых три снежных снаряда! Просто откройте форму, загрузите в нее снег и закройте форму.<br /> Все, у вас есть три пули, каждый из которых &ndash; диаметром 6 сантиметров.<br /> Загружаете снежок в дуло. А дальше &ndash; как с рогаткой. Оттягиваете резинку, и снежок летит вперед. Кстати, лететь он может довольно далеко. Вот такой он, Тройной снежный бластер. Сам бластер изготовлен из прочного, но легкого пластика. Резинка тоже прочная, морозоустойчивая, гипоаллергенная.<strong><br /></strong></p>]]>
			</description>
			<param name="Вид"><![CDATA[Пистолеты]]></param>
			<param name="Тип боеприпасов"><![CDATA[Снежки]]></param>
			<param name="Возраст ребенка"><![CDATA[От 6 лет]]></param>
			<param name="Цвет"><![CDATA[Зеленый]]></param>
			<param name="Гарантия"><![CDATA[14 дней]]></param>
			<param name="Диаметр снежка"><![CDATA[6 см]]></param>
			<param name="Размеры"><![CDATA[35 х 30 х 15 см]]></param>
			<param name="Количество боеприпасов"><![CDATA[за один раз: 3]]></param>
			<param name="Странапроизводитель"><![CDATA[Китай]]></param>
			<param name="Наличие"><![CDATA[нет]]></param>
		</offer>
		<offer id="SS2White" available="false">
			<url>https://ukrpodarok.com.ua/snezhkoblaster-metatel-snezhkov-na-3-snezhki-magic-shooting-snowball-ss2-white.html</url>
			<price>99</price>
			<price_old>129</price_old>
			<currencyId>UAH</currencyId>
			<categoryId>42506</categoryId>
			<picture>https://ukrpodarok.com.ua/images/52495_0.jpg</picture>
			<picture>https://ukrpodarok.com.ua/images/52495_0.jpg</picture>
			<picture>https://ukrpodarok.com.ua/images/52495_0.jpg</picture>
			<picture>https://ukrpodarok.com.ua/images/52495_27192.jpg</picture>
			<picture>https://ukrpodarok.com.ua/images/52495_27193.jpg</picture>
			<picture>https://ukrpodarok.com.ua/images/52495_27194.jpg</picture>
			<picture>https://ukrpodarok.com.ua/images/52495_0.jpg</picture>
			<picture>https://ukrpodarok.com.ua/images/52495_27195.jpg</picture>
			<vendor>CG</vendor>
			<name>Снежкобластер метатель снежков на 3 снежки Magic Shooting Snowball SS2 White</name>
			<barcode></barcode>
			<stock_quantity>0</stock_quantity>
			<description>
				<![CDATA[<p>Фантастическое оружие которое стреляет снежками. В верхней части бластера есть специальные формы для лепки снежков. За один раз можно слепить целых три снежных снаряда! Просто откройте форму, загрузите в нее снег и закройте форму. Все, у вас есть три пули, каждый из которых &ndash; диаметром 6 сантиметров. Загружаете снежок в дуло. А дальше &ndash; как с рогаткой. <br />Оттягиваете резинку, и снежок летит вперед. Кстати, лететь он может довольно далеко. Вот такой он, Тройной снежный бластер. Сам бластер изготовлен из прочного, но легкого пластика. Резинка тоже прочная, морозоустойчивая, гипоаллергенная.<br /><br /><strong><br /></strong></p>]]>
			</description>
			<param name="Вид"><![CDATA[Пистолеты]]></param>
			<param name="Тип боеприпасов"><![CDATA[Снежки]]></param>
			<param name="Возраст ребенка"><![CDATA[От 6 лет]]></param>
			<param name="Цвет"><![CDATA[Зеленый]]></param>
			<param name="Гарантия"><![CDATA[14 дней]]></param>
			<param name="Диаметр снежка"><![CDATA[6 см]]></param>
			<param name="Размеры"><![CDATA[35 х 30 х 15 см]]></param>
			<param name="Количество боеприпасов"><![CDATA[за один раз: 3]]></param>
			<param name="Наличие"><![CDATA[нет]]></param>
		</offer>
		<offer id="CGSW01Orange" available="true">
			<url>https://ukrpodarok.com.ua/sportivnaya-sumka-dlya-bega-na-poyas-vodootalkivayuschaya-sw01-orange.html</url>
			<price>244</price>
			<price_old>299</price_old>
			<currencyId>UAH</currencyId>
			<categoryId>49612</categoryId>
			<picture>https://ukrpodarok.com.ua/images/52810_0.jpg</picture>
			<vendor>СG</vendor>
			<name>Спортивная сумка для бега на пояс водооталкивающая SW01 Orange</name>
			<barcode>4820176255709</barcode>
			<stock_quantity>100</stock_quantity>
			<description>
				<![CDATA[Поясная сумка небольшого размера предназначены для коротких беговых тренировок или занятий на турниках.<br />В сумку вы можете сложить самые важные вещи, такие как смартфон, ключи, бумажник.<br />Специальный водоотталкивающий материал убережет ваши вещи даже во время сильного дождя.<br />Многофункциональная сумка на пояс разработана таким образом, что бы не мешать вам во время занятий спортом.<br />Размер: 15х6х2 см<br /><br />]]>
			</description>
			<param name="Назначение"><![CDATA[Для бега]]></param>
			<param name="Тип"><![CDATA[Сумки-пояса]]></param>
			<param name="Материал"><![CDATA[Неоплен]]></param>
			<param name="Цвет"><![CDATA[Желтый]]></param>
			<param name="Гарантия"><![CDATA[14 дней]]></param>
			<param name="Наличие"><![CDATA[есть]]></param>
			<param name="вес в упаковке кг"><![CDATA[0.2]]></param>
			<param name="высота в упаковке см"><![CDATA[15]]></param>
			<param name="глубина в упаковке см"><![CDATA[3]]></param>
			<param name="ширина в упаковке см"><![CDATA[5]]></param>
			<param name="количество грузовых мест"><![CDATA[1]]></param>
			<param name="штрихкод"><![CDATA[4820176255709]]></param>
		</offer>
		<offer id="CGSW01Blue" available="true">
			<url>https://ukrpodarok.com.ua/sportivnaya-sumka-dlya-bega-na-poyas-vodootalkivayuschaya-uft-sw01-accel-blue.html</url>
			<price>244</price>
			<price_old>299</price_old>
			<currencyId>UAH</currencyId>
			<categoryId>49612</categoryId>
			<picture>https://ukrpodarok.com.ua/images/52741_0.jpg</picture>
			<picture>https://ukrpodarok.com.ua/images/52741_63748.jpg</picture>
			<picture>https://ukrpodarok.com.ua/images/52741_0.jpg</picture>
			<vendor>UFT</vendor>
			<name>Спортивная сумка для бега на пояс водооталкивающая UFT SW01 Accel Blue</name>
			<barcode>4820176255051</barcode>
			<stock_quantity>50</stock_quantity>
			<description>
				<![CDATA[Поясная сумка небольшого размера предназначены для коротких беговых тренировок или занятий на турниках.<br />В сумку вы можете сложить самые важные вещи, такие как смартфон, ключи, бумажник.<br />Специальный водоотталкивающий материал убережет ваши вещи даже во время сильного дождя.<br />Многофункциональная сумка на пояс разработана таким образом, что бы не мешать вам во время занятий спортом.<br />Размер: 15х9х2 см]]>
			</description>
			<param name="Назначение"><![CDATA[Для бега]]></param>
			<param name="Тип"><![CDATA[Сумки-пояса]]></param>
			<param name="Материал"><![CDATA[Неоплен]]></param>
			<param name="Цвет"><![CDATA[Синий]]></param>
			<param name="Гарантия"><![CDATA[14 дней]]></param>
			<param name="Наличие"><![CDATA[есть]]></param>
			<param name="вес в упаковке кг"><![CDATA[0.12]]></param>
			<param name="высота в упаковке см"><![CDATA[13]]></param>
			<param name="глубина в упаковке см"><![CDATA[3]]></param>
			<param name="ширина в упаковке см"><![CDATA[5]]></param>
			<param name="количество грузовых мест"><![CDATA[1]]></param>
			<param name="штрихкод"><![CDATA[4820176255051]]></param>
		</offer>
		<offer id="CGSW01yellow" available="true">
			<url>https://ukrpodarok.com.ua/sportivnaya-sumka-dlya-bega-na-poyas-vodoottalkivayuschaya-uft-sw01-accel-yellow.html</url>
			<price>266</price>
			<price_old>299</price_old>
			<price_promo>200</price_promo>
			<currencyId>UAH</currencyId>
			<categoryId>49612</categoryId>
			<picture>https://ukrpodarok.com.ua/images/52722_0.jpg</picture>
			<picture>https://ukrpodarok.com.ua/images/52722_63749.jpg</picture>
			<picture>https://ukrpodarok.com.ua/images/52722_0.jpg</picture>
			<vendor>UFT</vendor>
			<name>Спортивная сумка для бега на пояс водоотталкивающая UFT SW01 Accel Yellow</name>
			<barcode>4820176255044</barcode>
			<stock_quantity>34</stock_quantity>
			<description>
				<![CDATA[Поясная сумка небольшого размера предназначены для коротких беговых тренировок или занятий на турниках.<br />В сумку вы можете сложить самые важные вещи, такие как смартфон, ключи, бумажник.<br />Специальный водоотталкивающий материал убережет ваши вещи даже во время сильного дождя.<br />Многофункциональная сумка на пояс разработана таким образом, что бы не мешать вам во время занятий спортом.<br />Размер: 15х9х2 см<br /><br /><br />]]>
			</description>
			<param name="Назначение"><![CDATA[Для бега]]></param>
			<param name="Тип"><![CDATA[Сумки-пояса]]></param>
			<param name="Материал"><![CDATA[Неоплен]]></param>
			<param name="Цвет"><![CDATA[Желтый]]></param>
			<param name="Странапроизводитель"><![CDATA[Китай]]></param>
			<param name="Гарантия"><![CDATA[14 дней]]></param>
			<param name="Бренд"><![CDATA[UFT]]></param>
			<param name="Наличие"><![CDATA[есть]]></param>
			<param name="вес в упаковке кг"><![CDATA[0.15]]></param>
			<param name="высота в упаковке см"><![CDATA[12]]></param>
			<param name="глубина в упаковке см"><![CDATA[3]]></param>
			<param name="ширина в упаковке см"><![CDATA[5]]></param>
			<param name="количество грузовых мест"><![CDATA[1]]></param>
			<param name="штрихкод"><![CDATA[4820176255044]]></param>
		</offer>
		<offer id="CGSW01Black" available="false">
			<url>https://ukrpodarok.com.ua/sportivnaya-sumka-na-poyas-cg-sw01-accel-black.html</url>
			<price>299</price>
			<currencyId>UAH</currencyId>
			<categoryId>49612</categoryId>
			<picture>https://ukrpodarok.com.ua/images/52781_0.jpg</picture>
			<picture>https://ukrpodarok.com.ua/images/52781_0.jpg</picture>
			<vendor>СG</vendor>
			<name>Спортивная сумка на пояс CG SW01 Accel Black</name>
			<barcode></barcode>
			<stock_quantity>0</stock_quantity>
			<description>
				<![CDATA[Поясная сумка небольшого размера предназначены для коротких беговых тренировок или занятий на турниках.<br />В сумку вы можете сложить самые важные вещи, такие как смартфон, ключи, бумажник.<br />Специальный водоотталкивающий материал убережет ваши вещи даже во время сильного дождя.<br />Многофункциональная сумка на пояс разработана таким образом, что бы не мешать вам во время занятий спортом.]]>
			</description>
			<param name="Назначение"><![CDATA[Универсальные]]></param>
			<param name="Тип"><![CDATA[Сумки-пояса]]></param>
			<param name="Материал"><![CDATA[Неоплен]]></param>
			<param name="Цвет"><![CDATA[Черный]]></param>
			<param name="Странарегистрации бренда"><![CDATA[Китай]]></param>
			<param name="Гарантия"><![CDATA[6 месяцев]]></param>
			<param name="Наличие"><![CDATA[нет]]></param>
		</offer>
		<offer id="CGSW02Black" available="false">
			<url>https://ukrpodarok.com.ua/sportivnaya-sumka-poyas-dlya-bega-uft-sw02-black.html</url>
			<price>214</price>
			<price_old>244</price_old>
			<currencyId>UAH</currencyId>
			<categoryId>49612</categoryId>
			<picture>https://ukrpodarok.com.ua/images/52840_0.jpg</picture>
			<picture>https://ukrpodarok.com.ua/images/52840_69208.jpg</picture>
			<picture>https://ukrpodarok.com.ua/images/52840_69206.jpg</picture>
			<picture>https://ukrpodarok.com.ua/images/52840_69207.jpg</picture>
			<vendor>UFT</vendor>
			<name>Спортивная сумка-пояс для бега UFT SW02 Black</name>
			<barcode></barcode>
			<stock_quantity>0</stock_quantity>
			<description>
				<![CDATA[<p>Поясная сумка<strong>&nbsp;SW02 Black</strong> небольшого размера предназначены для беговых тренировок или занятий на турниках.</p>  <p>В сумку вы можете сложить самые важные вещи, такие как смартфон, ключи, бумажник.<br /><br />Пустая сумка - по ширине не больше обычного ремня, но туда свободно поместится смартфон с диагоньлью 6,5 дюймов.</p>  <p>Специальный водоотталкивающий материал убережет ваши вещи даже во время сильного дождя.</p>  <p>Многофункциональная сумка на пояс разработана таким образом, что бы не мешать вам во время занятий спортом.<br /><br /></p>]]>
			</description>
			<param name="Тип"><![CDATA[Поясная]]></param>
			<param name="Категория"><![CDATA[Для женщин; Для мужчин]]></param>
			<param name="Назначение"><![CDATA[Универсальные]]></param>
			<param name="Количество отделений"><![CDATA[1]]></param>
			<param name="Размеры"><![CDATA[30 х 10 х 2 см]]></param>
			<param name="Материал"><![CDATA[Текстиль]]></param>
			<param name="Цвет"><![CDATA[Черный]]></param>
			<param name="Гарантия"><![CDATA[6 месяцев]]></param>
			<param name="Наличие"><![CDATA[нет]]></param>
		</offer>
		<offer id="CGSW02Green" available="true">
			<url>https://ukrpodarok.com.ua/sportivnaya-sumka-poyas-dlya-bega-uft-sw02-green.html</url>
			<price>230</price>
			<price_old>244</price_old>
			<currencyId>UAH</currencyId>
			<categoryId>49612</categoryId>
			<picture>https://ukrpodarok.com.ua/images/52846_0.jpg</picture>
			<picture>https://ukrpodarok.com.ua/images/52846_69197.jpg</picture>
			<picture>https://ukrpodarok.com.ua/images/52846_69198.jpg</picture>
			<picture>https://ukrpodarok.com.ua/images/52846_69196.jpg</picture>
			<vendor>UFT</vendor>
			<name>Спортивная сумка-пояс для бега UFT SW02 Green</name>
			<barcode>4820176257703</barcode>
			<stock_quantity>50</stock_quantity>
			<description>
				<![CDATA[<p>Поясная сумка&nbsp;UFT<strong>&nbsp;SW02&nbsp;</strong>небольшого размера предназначены для беговых тренировок или занятий на турниках.</p>  <p>В сумку вы можете сложить самые важные вещи, такие как смартфон, ключи, бумажник.<br /><br />Пустая сумка - по ширине не больше обычного ремня, но туда свободно поместится смартфон с диагоньлью 6,5 дюймов.</p>  <p>Специальный водоотталкивающий материал убережет ваши вещи даже во время сильного дождя.</p>  <p>Многофункциональная сумка на пояс разработана таким образом, что бы не мешать вам во время занятий спортом.<br />Размер: 15х4х6 см<br /><br /></p>]]>
			</description>
			<param name="Назначение"><![CDATA[Для бега]]></param>
			<param name="Тип"><![CDATA[Сумки-пояса]]></param>
			<param name="Материал"><![CDATA[Неоплен]]></param>
			<param name="Цвет"><![CDATA[Зеленый]]></param>
			<param name="Странапроизводитель"><![CDATA[Китай]]></param>
			<param name="Бренд"><![CDATA[UFT]]></param>
			<param name="Гарантия"><![CDATA[14 дней]]></param>
			<param name="Наличие"><![CDATA[есть]]></param>
			<param name="вес в упаковке кг"><![CDATA[0.23]]></param>
			<param name="высота в упаковке см"><![CDATA[13]]></param>
			<param name="глубина в упаковке см"><![CDATA[3]]></param>
			<param name="ширина в упаковке см"><![CDATA[5]]></param>
			<param name="количество грузовых мест"><![CDATA[1]]></param>
			<param name="штрихкод"><![CDATA[4820176257703]]></param>
		</offer>
		<offer id="CGSW02Pink" available="true">
			<url>https://ukrpodarok.com.ua/sportivnaya-sumka-poyas-dlya-bega-uft-sw02-pink.html</url>
			<price>230</price>
			<price_old>244</price_old>
			<currencyId>UAH</currencyId>
			<categoryId>49612</categoryId>
			<picture>https://ukrpodarok.com.ua/images/52844_0.jpg</picture>
			<picture>https://ukrpodarok.com.ua/images/52844_69204.jpg</picture>
			<picture>https://ukrpodarok.com.ua/images/52844_69203.jpg</picture>
			<picture>https://ukrpodarok.com.ua/images/52844_69202.jpg</picture>
			<vendor>UFT</vendor>
			<name>Спортивная сумка-пояс для бега UFT SW02 Pink</name>
			<barcode>4820176257604</barcode>
			<stock_quantity>50</stock_quantity>
			<description>
				<![CDATA[<p>Поясная сумка UFT <strong>SW02 </strong>небольшого размера предназначены для беговых тренировок или занятий на турниках.</p>  <p>В сумку вы можете сложить самые важные вещи, такие как смартфон, ключи, бумажник.<br /><br />Пустая сумка - по ширине не больше обычного ремня, но туда свободно поместится смартфон с диагоньлью 6,5 дюймов.</p>  <p>Специальный водоотталкивающий материал убережет ваши вещи даже во время сильного дождя.</p>  <p>Многофункциональная сумка на пояс разработана таким образом, что бы не мешать вам во время занятий спортом.<br />Размер: 15х4х6 см<br /><br /><br /></p>]]>
			</description>
			<param name="Назначение"><![CDATA[Для бега]]></param>
			<param name="Тип"><![CDATA[Сумки-пояса]]></param>
			<param name="Материал"><![CDATA[Неоплен]]></param>
			<param name="Цвет"><![CDATA[Розовый]]></param>
			<param name="Странапроизводитель"><![CDATA[Китай]]></param>
			<param name="Гарантия"><![CDATA[14 дней]]></param>
			<param name="Бренд"><![CDATA[UFT]]></param>
			<param name="Наличие"><![CDATA[есть]]></param>
			<param name="вес в упаковке кг"><![CDATA[0.3]]></param>
			<param name="высота в упаковке см"><![CDATA[12]]></param>
			<param name="глубина в упаковке см"><![CDATA[5]]></param>
			<param name="ширина в упаковке см"><![CDATA[5]]></param>
			<param name="количество грузовых мест"><![CDATA[1]]></param>
			<param name="штрихкод"><![CDATA[4820176257604]]></param>
		</offer>
		<offer id="CGSW02Blue" available="true">
			<url>https://ukrpodarok.com.ua/sportivnaya-sumka-poyas-dlya-bega-bananka-uft-sw02-blue.html</url>
			<price>230</price>
			<price_old>244</price_old>
			<currencyId>UAH</currencyId>
			<categoryId>49612</categoryId>
			<picture>https://ukrpodarok.com.ua/images/52845_0.jpg</picture>
			<picture>https://ukrpodarok.com.ua/images/52845_69199.jpg</picture>
			<picture>https://ukrpodarok.com.ua/images/52845_69201.jpg</picture>
			<picture>https://ukrpodarok.com.ua/images/52845_69200.jpg</picture>
			<vendor>UFT</vendor>
			<name>Спортивная сумка-пояс для бега бананка UFT SW02 Blue</name>
			<barcode>4820176257611</barcode>
			<stock_quantity>50</stock_quantity>
			<description>
				<![CDATA[<p>Поясная сумка&nbsp;UFT<strong>&nbsp;SW02&nbsp;</strong>небольшого размера предназначены для беговых тренировок или занятий на турниках.</p>  <p>В сумку вы можете сложить самые важные вещи, такие как смартфон, ключи, бумажник.<br /><br />Пустая сумка - по ширине не больше обычного ремня, но туда свободно поместится смартфон с диагоньлью 6,5 дюймов.</p>  <p>Специальный водоотталкивающий материал убережет ваши вещи даже во время сильного дождя.</p>  <p>Многофункциональная сумка на пояс разработана таким образом, что бы не мешать вам во время занятий спортом.<br />Размер: 15х4х6 см<br /><br /><br /></p>]]>
			</description>
			<param name="Назначение"><![CDATA[Для бега]]></param>
			<param name="Тип"><![CDATA[Сумки-пояса]]></param>
			<param name="Материал"><![CDATA[Неоплен]]></param>
			<param name="Цвет"><![CDATA[Синий]]></param>
			<param name="Бренд"><![CDATA[UFT]]></param>
			<param name="Гарантия"><![CDATA[14 дней]]></param>
			<param name="Наличие"><![CDATA[есть]]></param>
			<param name="вес в упаковке кг"><![CDATA[0.2]]></param>
			<param name="высота в упаковке см"><![CDATA[15]]></param>
			<param name="глубина в упаковке см"><![CDATA[3]]></param>
			<param name="ширина в упаковке см"><![CDATA[5]]></param>
			<param name="количество грузовых мест"><![CDATA[1]]></param>
			<param name="штрихкод"><![CDATA[4820176257611]]></param>
		</offer>
		<offer id="CGPC01" available="false">
			<url>https://ukrpodarok.com.ua/sportivnii-chehol-na-ruku-dlya-telefona-6-5.html</url>
			<price>89</price>
			<price_old>199</price_old>
			<currencyId>UAH</currencyId>
			<categoryId>49612</categoryId>
			<picture>https://ukrpodarok.com.ua/images/152043_0.jpg</picture>
			<picture>https://ukrpodarok.com.ua/images/52743_63747.jpg</picture>
			<vendor>СG</vendor>
			<name>Спортивный чехол на руку для телефона 5.5</name>
			<barcode></barcode>
			<stock_quantity>0</stock_quantity>
			<description>
				<![CDATA[Спортивный чехол на руку для телефона отлично подойдет для тренировок и утренних пробежек. <br />Подходит для смартфонов 5,5 дюймов (например iPhone X)<br />Оснащён креплением, фиксирующиеся липучкой по размеру руки.<br />Можно бегать даже во время дождя, чехол защитит ваш смартфон от влаги.<br />Окошко дает вам доступ к сенсорному экрану смартфона и ко всем основным функциям. Есть разъем для подключения наушников.<br /><br />]]>
			</description>
			<param name="Назначение"><![CDATA[Универсальные]]></param>
			<param name="Тип"><![CDATA[Чехлы]]></param>
			<param name="Размеры"><![CDATA[18 х 10 х 0,5 см]]></param>
			<param name="Совместимость"><![CDATA[смартфоны 5,5&quot; (включительно)]]></param>
			<param name="Цвет"><![CDATA[Черный]]></param>
			<param name="Длинна липучки"><![CDATA[25 см]]></param>
			<param name="Странапроизводитель"><![CDATA[Китай]]></param>
			<param name="Гарантия"><![CDATA[6 месяцев]]></param>
			<param name="Наличие"><![CDATA[нет]]></param>
		</offer>
		<offer id="CGAS02" available="true">
			<url>https://ukrpodarok.com.ua/sportivnii-chehol-na-ruku-dlya-telefona-dlya-bega-5-5-uft-as-02.html</url>
			<price>155</price>
			<price_old>199</price_old>
			<currencyId>UAH</currencyId>
			<categoryId>49612</categoryId>
			<picture>https://ukrpodarok.com.ua/images/52843_0.jpg</picture>
			<picture>https://ukrpodarok.com.ua/images/52843_69205.jpg</picture>
			<vendor>UFT</vendor>
			<name>Спортивный чехол на руку для телефона для бега 5.5 UFT AS 02</name>
			<barcode>4820176257512</barcode>
			<stock_quantity>50</stock_quantity>
			<description>
				<![CDATA[Спортивный чехол на руку для телефона отлично подойдет для тренировок и утренних пробежек.<br />Подходит для смартфонов 5,5 дюймов (например iPhone X)<br />Оснащён креплением, фиксирующиеся липучкой по размеру руки.<br />Можно бегать даже во время дождя, чехол защитит ваш смартфон от влаги.<br />Окошко дает вам доступ к сенсорному экрану смартфона и ко всем основным функциям. Есть разъем для подключения наушников.<br /><strong>Designed by Artem Stepanchuk</strong><br /><br /><br /><br />]]>
			</description>
			<param name="Тип"><![CDATA[Чехлы]]></param>
			<param name="Назначение"><![CDATA[Для бега]]></param>
			<param name="Особенности"><![CDATA[Для занятий спортом]]></param>
			<param name="Цвет"><![CDATA[Черный]]></param>
			<param name="Размеры"><![CDATA[18 х 10 х 0.5 см]]></param>
			<param name="Бренд"><![CDATA[UFT]]></param>
			<param name="Материал"><![CDATA[Эластичный водонепроницаемый неопрен]]></param>
			<param name="Гарантия"><![CDATA[1 месяц]]></param>
			<param name="Наличие"><![CDATA[есть]]></param>
			<param name="вес в упаковке кг"><![CDATA[0.2]]></param>
			<param name="высота в упаковке см"><![CDATA[10]]></param>
			<param name="глубина в упаковке см"><![CDATA[10]]></param>
			<param name="ширина в упаковке см"><![CDATA[10]]></param>
			<param name="количество грузовых мест"><![CDATA[1]]></param>
			<param name="штрихкод"><![CDATA[4820176257512]]></param>
		</offer>
		<offer id="CGDG10" available="true">
			<url>https://ukrpodarok.com.ua/stakan-granenii-s-dvoinim-steklom-180ml-alento-uft-dg10.html</url>
			<price>344</price>
			<price_old>399</price_old>
			<currencyId>UAH</currencyId>
			<categoryId>50900</categoryId>
			<picture>https://ukrpodarok.com.ua/images/152258_0.jpg</picture>
			<vendor>UFT</vendor>
			<name>Стакан граненый с двойным стеклом 180мл Alento UFT DG10</name>
			<barcode>4820176280534</barcode>
			<stock_quantity>100</stock_quantity>
			<description>
				<![CDATA[<p>Стакан DG10 с двойными стенками подойдет для любых напитков, таких как вино, сок, виски.<br />Отлично сохраняет температуру жидкости, холодные напитки не будут нагреваться от теплоты рук, а горячие -&nbsp;не будут обжигать.</p>  <p>Граненый стакан с двойными стенками изготовлен из жаропрочного и стойкого к конденсации боросиликатного стекла, более прочного и долговечного, которое обеспечивает гладкую поверхность и кристально чистый вид.<br /><br />Объем 180 миллилитров.<br /></p>]]>
			</description>
			<param name="Объем, мл"><![CDATA[180]]></param>
			<param name="Материал"><![CDATA[Стекло]]></param>
			<param name="Тип поставки"><![CDATA[Один предмет]]></param>
			<param name="Особенности"><![CDATA[С двойным дном]]></param>
			<param name="Основной цвет"><![CDATA[Прозрачный]]></param>
			<param name="Страна регистрации бренда"><![CDATA[Украина]]></param>
			<param name="Гарантия"><![CDATA[14 дней]]></param>
			<param name="Наличие"><![CDATA[есть]]></param>
			<param name="вес в упаковке кг"><![CDATA[0.2]]></param>
			<param name="высота в упаковке см"><![CDATA[13]]></param>
			<param name="глубина в упаковке см"><![CDATA[10]]></param>
			<param name="ширина в упаковке см"><![CDATA[8]]></param>
			<param name="количество грузовых мест"><![CDATA[1]]></param>
			<param name="штрихкод"><![CDATA[4820176280534]]></param>
		</offer>
		<offer id="uftskullglass" available="true">
			<url>https://ukrpodarok.com.ua/stakan-dlya-viski-na-podarok-cherep-skull-glass-50-ml-s-dvoinimi-stenkami.html</url>
			<price>137</price>
			<price_old>199</price_old>
			<currencyId>UAH</currencyId>
			<categoryId>50900</categoryId>
			<picture>https://ukrpodarok.com.ua/images/150900_0.jpg</picture>
			<picture>https://ukrpodarok.com.ua/images/1057_69192.jpg</picture>
			<picture>https://ukrpodarok.com.ua/images/150900_100292.jpg</picture>
			<vendor>CG</vendor>
			<name>Стакан для виски на подарок череп skull glass 50 мл с двойными стенками</name>
			<barcode>4820176240109</barcode>
			<stock_quantity>50</stock_quantity>
			<description>
				<![CDATA[Рюмка Череп создана по технологии Double Glass, так же его называют стакан в стакане.    <p><br />Внешняя стенка имеет вид обычной рюмки, внутри которой находится еще одна рюмка в виде объемного черепа.<br /><br />Наливая какую-либо жидкость в стакан, начинает заполнятся 3D череп, и как бы зависая во внешнем стакане.<br /><br />Отличный подарок для трушных мужиков. Окунет Вас во времена викингов, которые после битв пили вино из черепов поверженных ими врагов.<br /><br />Так же станет уместной на веселой вечеринке или в компании с юмором и без предрассудков.<br /><br />Рекомендуем наливать жидкости имеющие яркий или насыщенный цвет, такие как виски, коньяк, вино, разноцветные шоты и так далее. Прозрачные напитки будут не так сочно смотреться.&nbsp;</p>  ]]>
			</description>
			<param name="Объем, мл"><![CDATA[50 - 75]]></param>
			<param name="Количество предметов, шт"><![CDATA[1]]></param>
			<param name="Тип поставки"><![CDATA[Один предмет]]></param>
			<param name="Напиток"><![CDATA[Бренди;Виски;Коктейли;Коньяк;]]></param>
			<param name="Дизайн"><![CDATA[Для негоДля неё]]></param>
			<param name="Особенности"><![CDATA[Креативный дизайн]]></param>
			<param name="Материал"><![CDATA[Стекло]]></param>
			<param name="Сегмент"><![CDATA[HoReCa;Для дома;]]></param>
			<param name="Тип"><![CDATA[Низкий]]></param>
			<param name="Цвет"><![CDATA[Прозрачный]]></param>
			<param name="Вид"><![CDATA[Один предмет]]></param>
			<param name="Гарантия"><![CDATA[6 месяцев]]></param>
			<param name="Наличие"><![CDATA[есть]]></param>
			<param name="вес в упаковке кг"><![CDATA[0.12]]></param>
			<param name="высота в упаковке см"><![CDATA[5]]></param>
			<param name="глубина в упаковке см"><![CDATA[5]]></param>
			<param name="ширина в упаковке см"><![CDATA[5]]></param>
			<param name="количество грузовых мест"><![CDATA[1]]></param>
			<param name="штрихкод"><![CDATA[4820176240109]]></param>
		</offer>
		<offer id="TDG05" available="true">
			<url>https://ukrpodarok.com.ua/stakan-s-dvoinim-steklom-350-ml-uft-dg05.html</url>
			<price>244</price>
			<price_old>299</price_old>
			<currencyId>UAH</currencyId>
			<categoryId>50900</categoryId>
			<picture>https://ukrpodarok.com.ua/images/152418_0.jpg</picture>
			<picture>https://ukrpodarok.com.ua/images/152418_101038.jpg</picture>
			<vendor>UFT</vendor>
			<name>Стакан с двойным стеклом 350 мл UFT DG05</name>
			<barcode>4820176272218</barcode>
			<stock_quantity>50</stock_quantity>
			<description>
				<![CDATA[<p>Стакан с двойными стенками сохраняет жидкость горячей, не обжигая ваши руки.<br />Холодные же напитки не будут нагреваться от теплоты рук.</p>  <p>Изготовлен из жаропрочного и стойкого к конденсации боросиликатного стекла, более прочного и долговечного, которое обеспечивает гладкую поверхность и кристально чистый вид.<br />Объем, мл- 350</p>]]>
			</description>
			<param name="Объем, мл"><![CDATA[350]]></param>
			<param name="Материал"><![CDATA[Закаленное стекло]]></param>
			<param name="Количество предметов, шт"><![CDATA[1]]></param>
			<param name="Вид"><![CDATA[Один предмет]]></param>
			<param name="Особенности"><![CDATA[С двойными стенками]]></param>
			<param name="Цвет"><![CDATA[Прозрачный]]></param>
			<param name="Дизайн"><![CDATA[Для неё,Для него]]></param>
			<param name="Гарантия"><![CDATA[14 дней]]></param>
			<param name="Наличие"><![CDATA[есть]]></param>
			<param name="вес в упаковке кг"><![CDATA[0.3]]></param>
			<param name="высота в упаковке см"><![CDATA[14]]></param>
			<param name="глубина в упаковке см"><![CDATA[12]]></param>
			<param name="ширина в упаковке см"><![CDATA[12]]></param>
			<param name="количество грузовых мест"><![CDATA[1]]></param>
			<param name="штрихкод"><![CDATA[4820176272218]]></param>
		</offer>
		<offer id="CGDG11" available="true">
			<url>https://ukrpodarok.com.ua/stakan-s-dvoinim-steklom-i-ograneniem-alento-160ml-uft-dg11.html</url>
			<price>244</price>
			<price_old>299</price_old>
			<currencyId>UAH</currencyId>
			<categoryId>50900</categoryId>
			<picture>https://ukrpodarok.com.ua/images/152259_0.jpg</picture>
			<picture>https://ukrpodarok.com.ua/images/152259_100115.jpg</picture>
			<picture>https://ukrpodarok.com.ua/images/152259_100117.jpg</picture>
			<picture>https://ukrpodarok.com.ua/images/152259_100118.jpg</picture>
			<vendor>UFT</vendor>
			<name>Стакан с двойным стеклом и огранением Alento 160мл UFT DG11</name>
			<barcode>4820176280541</barcode>
			<stock_quantity>100</stock_quantity>
			<description>
				<![CDATA[<p>Стакан&nbsp;UFT DG10 с двойными стенками подойдет для любых напитков, таких как вино, сок, виски.<br />Отлично сохраняет температуру жидкости, холодные напитки не будут нагреваться от теплоты рук, а горячие -&nbsp;не будут обжигать.</p>  <p>Граненый стакан с двойными стенками изготовлен из жаропрочного и стойкого к конденсации боросиликатного стекла, более прочного и долговечного, которое обеспечивает гладкую поверхность и кристально чистый вид.<br /><br />Объем 180 миллилитров.</p>]]>
			</description>
			<param name="Объем, мл"><![CDATA[180]]></param>
			<param name="Материал"><![CDATA[Стекло]]></param>
			<param name="Тип поставки"><![CDATA[Один предмет]]></param>
			<param name="Особенности"><![CDATA[С двойным дном]]></param>
			<param name="Основной цвет"><![CDATA[Прозрачный]]></param>
			<param name="Страна регистрации бренда"><![CDATA[Украина]]></param>
			<param name="Бренд"><![CDATA[UFT]]></param>
			<param name="Гарантия"><![CDATA[3 месяца]]></param>
			<param name="Наличие"><![CDATA[есть]]></param>
			<param name="вес в упаковке кг"><![CDATA[0.2]]></param>
			<param name="высота в упаковке см"><![CDATA[10]]></param>
			<param name="глубина в упаковке см"><![CDATA[9]]></param>
			<param name="ширина в упаковке см"><![CDATA[9]]></param>
			<param name="количество грузовых мест"><![CDATA[1]]></param>
			<param name="штрихкод"><![CDATA[4820176280541]]></param>
		</offer>
		<offer id="DG03" available="true">
			<url>https://ukrpodarok.com.ua/stakan-s-dvoinim-steklom-stenkoi-termostoikoe-steklo-300-ml-uft-dg03.html</url>
			<price>298</price>
			<price_old>375</price_old>
			<currencyId>UAH</currencyId>
			<categoryId>50900</categoryId>
			<picture>https://www.marketplus.com.ua/images/244/834223_0.jpg</picture>
			<picture>https://ukrpodarok.com.ua/images/152068_100221.jpg</picture>
			<vendor>UFT</vendor>
			<name>Стакан с двойным стеклом стенкой термостойкое стекло 300 ml UFT DG03</name>
			<barcode>4820176255525</barcode>
			<stock_quantity>50</stock_quantity>
			<description>
				<![CDATA[<p>Стакан с двойными стенками сохраняет жидкость горячей, не обжигая ваши руки. Холодные же напитки не будут нагреваться от теплоты рук.</p>  <p>Изготовлен из жаропрочного и стойкого к конденсации боросиликатного стекла, более прочного и долговечного, которое обеспечивает гладкую поверхность и кристально чистый вид.&nbsp;</p>  <br /><br />]]>
			</description>
			<param name="Объем, мл"><![CDATA[300]]></param>
			<param name="Материал"><![CDATA[Закаленное стекло]]></param>
			<param name="Количество предметов, шт"><![CDATA[1]]></param>
			<param name="Вид"><![CDATA[Один предмет]]></param>
			<param name="Особенности"><![CDATA[С двойными стенками]]></param>
			<param name="Цвет"><![CDATA[Прозрачный]]></param>
			<param name="Дизайн"><![CDATA[Для неё,  Для него]]></param>
			<param name="Гарантия"><![CDATA[14 дней]]></param>
			<param name="Наличие"><![CDATA[есть]]></param>
			<param name="вес в упаковке кг"><![CDATA[0.3]]></param>
			<param name="высота в упаковке см"><![CDATA[15]]></param>
			<param name="глубина в упаковке см"><![CDATA[10]]></param>
			<param name="ширина в упаковке см"><![CDATA[10]]></param>
			<param name="количество грузовых мест"><![CDATA[1]]></param>
			<param name="штрихкод"><![CDATA[4820176255525]]></param>
		</offer>
		<offer id="CGDG07" available="true">
			<url>https://ukrpodarok.com.ua/stakan-s-dvoinim-termostoikim-steklom-uft-450-ml-dg07.html</url>
			<price>285</price>
			<price_old>395</price_old>
			<currencyId>UAH</currencyId>
			<categoryId>50900</categoryId>
			<picture>https://ukrpodarok.com.ua/images/152255_0.jpg</picture>
			<picture>https://ukrpodarok.com.ua/images/152255_100112.jpg</picture>
			<picture>https://ukrpodarok.com.ua/images/152255_100111.jpg</picture>
			<vendor>UFT</vendor>
			<name>Стакан с двойным термостойким стеклом UFT 450 мл DG07</name>
			<barcode>4820176280517</barcode>
			<stock_quantity>50</stock_quantity>
			<description>
				<![CDATA[<p>Стакан с двойными стенками сохраняет жидкость горячей, не обжигая ваши руки. Холодные же напитки не будут нагреваться от теплоты рук.</p>  <p>Изготовлен из жаропрочного и стойкого к конденсации боросиликатного стекла, более прочного и долговечного, которое обеспечивает гладкую поверхность и кристально чистый вид.</p>]]>
			</description>
			<param name="Объем, мл"><![CDATA[450]]></param>
			<param name="Материал"><![CDATA[Стекло]]></param>
			<param name="Количество предметов"><![CDATA[1]]></param>
			<param name="Вид"><![CDATA[Один предмет]]></param>
			<param name="Особенности"><![CDATA[С двойными стенками]]></param>
			<param name="Цвет"><![CDATA[Прозрачный]]></param>
			<param name="Дизайн"><![CDATA[Для неё Для него]]></param>
			<param name="Страна регистрации бренда"><![CDATA[Украина]]></param>
			<param name="Гарантия"><![CDATA[14 дней]]></param>
			<param name="Наличие"><![CDATA[есть]]></param>
			<param name="вес в упаковке кг"><![CDATA[0.2]]></param>
			<param name="высота в упаковке см"><![CDATA[13]]></param>
			<param name="глубина в упаковке см"><![CDATA[10]]></param>
			<param name="ширина в упаковке см"><![CDATA[10]]></param>
			<param name="количество грузовых мест"><![CDATA[1]]></param>
			<param name="штрихкод"><![CDATA[4820176280517]]></param>
		</offer>
		<offer id="CGDG12" available="true">
			<url>https://ukrpodarok.com.ua/stakan-s-dvoinimi-stenkami-250ml-alento-dg12.html</url>
			<price>188</price>
			<price_old>264</price_old>
			<currencyId>UAH</currencyId>
			<categoryId>50900</categoryId>
			<picture>https://ukrpodarok.com.ua/images/152335_0.jpg</picture>
			<vendor>ALENTO</vendor>
			<name>Стакан с двойными стенками 250мл ALENTO DG12</name>
			<barcode>8000000030535</barcode>
			<stock_quantity>100</stock_quantity>
			<description>
				<![CDATA[<p>Стакан с двойными стенками сохраняет жидкость горячей, не обжигая ваши руки. Холодные же напитки не будут нагреваться от теплоты рук.</p>  Изготовлен из жаропрочного и стойкого к конденсации боросиликатного стекла, более прочного и долговечного, которое обеспечивает гладкую поверхность и кристально чистый вид.]]>
			</description>
			<param name="Объем, мл"><![CDATA[250]]></param>
			<param name="Материал"><![CDATA[Стекло]]></param>
			<param name="Количество предметов, шт"><![CDATA[1]]></param>
			<param name="Вид"><![CDATA[Один предмет]]></param>
			<param name="Особенности"><![CDATA[С двойными стенками]]></param>
			<param name="Цвет"><![CDATA[Прозрачный]]></param>
			<param name="Дизайн"><![CDATA[Для неёДля него]]></param>
			<param name="Гарантия"><![CDATA[14 дней]]></param>
			<param name="Наличие"><![CDATA[есть]]></param>
			<param name="вес в упаковке кг"><![CDATA[0.23]]></param>
			<param name="высота в упаковке см"><![CDATA[10]]></param>
			<param name="глубина в упаковке см"><![CDATA[10]]></param>
			<param name="ширина в упаковке см"><![CDATA[6]]></param>
			<param name="количество грузовых мест"><![CDATA[1]]></param>
			<param name="штрихкод"><![CDATA[8000000030535]]></param>
		</offer>
		<offer id="DG13" available="true">
			<url>https://ukrpodarok.com.ua/stakan-s-dvoinimi-stenkami-uft-dg13-350-ml.html</url>
			<price>399</price>
			<price_old>445</price_old>
			<currencyId>UAH</currencyId>
			<categoryId>50900</categoryId>
			<picture>https://ukrpodarok.com.ua/images/152448_0.jpg</picture>
			<picture>https://ukrpodarok.com.ua/images/152448_101208.jpg</picture>
			<vendor>UFT</vendor>
			<name>Стакан с двойными стенками UFT DG13 350 мл</name>
			<barcode>4820176280749</barcode>
			<stock_quantity>50</stock_quantity>
			<description>
				<![CDATA[<p>Склянка з подвійними стінками зберігає гарячу рідину, не обпалюючи ваші руки. Холодні ж напої не нагріватимуться від теплоти рук.</p>  <p>Виготовлений з жароміцного та стійкого до конденсації боросилікатного скла, більш міцного та довговічного, що забезпечує гладку поверхню та кристально чистий вигляд.</p>]]>
			</description>
			<param name="Объем, мл"><![CDATA[350]]></param>
			<param name="Материал"><![CDATA[Стекло]]></param>
			<param name="Количество предметов, шт"><![CDATA[1]]></param>
			<param name="Вид"><![CDATA[Один предмет]]></param>
			<param name="Особенности"><![CDATA[С двойными стенками]]></param>
			<param name="Цвет"><![CDATA[Прозрачный]]></param>
			<param name="Дизайн"><![CDATA[Для неёДля него]]></param>
			<param name="Гарантия"><![CDATA[14 дней]]></param>
			<param name="Наличие"><![CDATA[есть]]></param>
			<param name="вес в упаковке кг"><![CDATA[0.3]]></param>
			<param name="высота в упаковке см"><![CDATA[13]]></param>
			<param name="глубина в упаковке см"><![CDATA[7]]></param>
			<param name="ширина в упаковке см"><![CDATA[7]]></param>
			<param name="количество грузовых мест"><![CDATA[1]]></param>
			<param name="штрихкод"><![CDATA[4820176280749]]></param>
		</offer>
		<offer id="DG04C" available="true">
			<url>https://ukrpodarok.com.ua/stakan-s-dvoinimi-stenkami-termostoikoe-borosilikatnoe-steklo-250-ml-dg04.html</url>
			<price>225</price>
			<price_old>255</price_old>
			<currencyId>UAH</currencyId>
			<categoryId>50900</categoryId>
			<picture>https://ukrpodarok.com.ua/images/152362_0.jpg</picture>
			<vendor>CG</vendor>
			<name>Стакан с двойными стенками термостойкое боросиликатное стекло 250 ml DG04</name>
			<barcode>8000000024480</barcode>
			<stock_quantity>50</stock_quantity>
			<description>
				<![CDATA[<p>Стакан с двойными стенками сохраняет жидкость горячей, не обжигая ваши руки.<br />Холодные же напитки не будут нагреваться от теплоты рук.</p>  <p>Изготовлен из жаропрочного и стойкого к конденсации боросиликатного стекла, более прочного и долговечного, которое обеспечивает гладкую поверхность и кристально чистый вид.&nbsp;</p>]]>
			</description>
			<param name="Объем, мл"><![CDATA[250]]></param>
			<param name="Материал"><![CDATA[Стекло]]></param>
			<param name="Количество предметов, шт"><![CDATA[1]]></param>
			<param name="Вид"><![CDATA[Один предмет]]></param>
			<param name="Особенности"><![CDATA[С двойными стенками]]></param>
			<param name="Цвет"><![CDATA[Прозрачный]]></param>
			<param name="Дизайн"><![CDATA[Для неёДля него]]></param>
			<param name="Гарантия"><![CDATA[14 дней]]></param>
			<param name="Наличие"><![CDATA[есть]]></param>
			<param name="вес в упаковке кг"><![CDATA[0.23]]></param>
			<param name="высота в упаковке см"><![CDATA[10]]></param>
			<param name="глубина в упаковке см"><![CDATA[10]]></param>
			<param name="ширина в упаковке см"><![CDATA[5]]></param>
			<param name="количество грузовых мест"><![CDATA[1]]></param>
			<param name="штрихкод"><![CDATA[8000000024480]]></param>
		</offer>
		<offer id="PumpKF03L" available="true">
			<url>https://ukrpodarok.com.ua/starter-s-vozdushnim-kompressorom-2-v-1-akkumulyator-2500a-uft-kf03-l.html</url>
			<price>5760</price>
			<price_old>5890</price_old>
			<currencyId>UAH</currencyId>
			<categoryId>152291</categoryId>
			<picture>https://ukrpodarok.com.ua/images/152471_0.jpg</picture>
			<picture>https://ukrpodarok.com.ua/images/152471_101316.jpg</picture>
			<picture>https://ukrpodarok.com.ua/images/152471_101317.jpg</picture>
			<picture>https://ukrpodarok.com.ua/images/152471_101318.jpg</picture>
			<picture>https://ukrpodarok.com.ua/images/152471_101319.jpg</picture>
			<picture>https://ukrpodarok.com.ua/images/152471_101320.jpg</picture>
			<vendor>UFT</vendor>
			<name>Стартер с воздушным компрессором 2 в 1, аккумулятор 2500А UFT KF03-L</name>
			<barcode>4820176281722</barcode>
			<stock_quantity>50</stock_quantity>
			<description>
				<![CDATA[UFT KF03-L больше, чем автомобильный стартер.<br />Перемычки IILUEE KF03 2-в-1 созданы на основе новых технологий в нескольких областях.&nbsp;<br />Этот аккумуляторный стартер объединяет 7 функций:<br />Аварийный запуск автомобиля, накачивание шин, освещение,&nbsp;предупреждение SOS, зарядка мобильных устройств,&nbsp;технология накопления енергии&nbsp;и быстрая зарядка.<br /><br />Накачивание автомобильных шин и аварийный пускатель обычно являются двумя наиболее часто используемыми электрическими устройствами в автомобиле.&nbsp;IILUEE творчески сочетает в себе автомобильный усилитель аккумулятора 12 В с беспроводным воздушным компрессором, его можно использовать как для быстрого накачивания автомобильных шин, так и для запуска автомобильного аккумулятора в экстренной ситуации.&nbsp;Значительно помогает повысить эффективность и сэкономить деньги.<br /><br />Мощный пускатель на 2500 А<br />Мгновенно запустите батарею с пиковым током 2500 А!&nbsp;С помощью автомобильного аккумуляторного стартера IILUEE KF03 вы можете запустить все автомобили с напряжением 12 В (до 8,5 л бензиновых и 8,0 л дизельных двигателей) до 60 раз на одном заряде.&nbsp;Он универсально совместим с легковыми автомобилями, грузовиками, мотоциклами, газонокосилками, внедорожниками, снегоходами, лодками и т. д. Никогда больше не ждите часами с нетерпением, чтобы получить помощь на дороге.<br /><br />Сверхбыстрая накачка за 1 минуту<br />Стартер для автомобильного аккумулятора IILUEE, оснащенный БЕСПРОВОДНЫМ ВОЗДУШНЫМ КОМПРЕССОРОМ на 160 фунтов на квадратный дюйм, который может накачать автомобильную шину от 30 фунтов на квадратный дюйм до 35 фунтов на квадратный дюйм всего за 1 минуту, полностью достигая эффективности профессиональных воздушных компрессоров.<br /><br />Усовершенствованная защита<br />Безопастный&nbsp;и&nbsp;удобный&nbsp;в использовании аккумуляторный блок стартера, не беспокоясь о неправильных соединениях или искрах.&nbsp;Особо искробезопасный, защита от обратной полярности, защита от низких температур, защита от высоких температур и защита от перегрузки.&nbsp;Безопасное подключение к любому 12-вольтовому автомобильному аккумулятору.<br /><br />Уникальное сенсорное управление с большим экраном 5 дюймов<br />Автомобильный стартер и воздушный компрессор IILUEE 2-в-1 имеет большой 5-дюймовый цифровой экран, который позволяет легко читать информацию даже при воздействии сильного солнечного света на открытом воздухе.&nbsp;Более того, автомобильный прыжок IILUEE поддерживает управление с помощью сенсорного экрана, которым легче управлять и который имеет более длительный срок службы, чем другие пусковые устройства с кнопочным управлением.<br />]]>
			</description>
			<param name="Марки авто"><![CDATA[Все марки]]></param>
			<param name="Материал корпуса"><![CDATA[Пластик]]></param>
			<param name="Напряжение"><![CDATA[12 В]]></param>
			<param name="Максимальное давление"><![CDATA[160 Атм]]></param>
			<param name="Страна производитель"><![CDATA[Китай]]></param>
			<param name="Манометр"><![CDATA[Цифровой]]></param>
			<param name="Количество в упаковке,шт"><![CDATA[1]]></param>
			<param name="Размеры"><![CDATA[180 х 130 х 50 мм]]></param>
			<param name="Вес, кг"><![CDATA[1.1]]></param>
			<param name="Гарантия"><![CDATA[1 месяц]]></param>
			<param name="Наличие"><![CDATA[есть]]></param>
			<param name="вес в упаковке кг"><![CDATA[3]]></param>
			<param name="высота в упаковке см"><![CDATA[15]]></param>
			<param name="глубина в упаковке см"><![CDATA[20]]></param>
			<param name="ширина в упаковке см"><![CDATA[20]]></param>
			<param name="количество грузовых мест"><![CDATA[1]]></param>
			<param name="штрихкод"><![CDATA[4820176281722]]></param>
		</offer>
		<offer id="UVLEDbox" available="false">
			<url>https://ukrpodarok.com.ua/sterilizator-dezinfektor-ultrafioletovii-led-uv-s-zerkalom-security-knight-q3.html</url>
			<price>1049</price>
			<price_old>1199</price_old>
			<currencyId>UAH</currencyId>
			<categoryId>152151</categoryId>
			<picture>https://ukrpodarok.com.ua/images/152153_0.jpg</picture>
			<picture>https://ukrpodarok.com.ua/images/152153_99583.jpg</picture>
			<picture>https://ukrpodarok.com.ua/images/152153_99584.jpg</picture>
			<picture>https://ukrpodarok.com.ua/images/152153_99585.jpg</picture>
			<picture>https://ukrpodarok.com.ua/images/152153_99586.jpg</picture>
			<picture>https://ukrpodarok.com.ua/images/152153_99587.jpg</picture>
			<picture>https://ukrpodarok.com.ua/images/152153_99588.jpg</picture>
			<vendor>CG</vendor>
			<name>Стерилизатор дезинфектор ультрафиолетовый LED+UV с зеркалом Security Knight Q3</name>
			<barcode>8000000028389</barcode>
			<stock_quantity>0</stock_quantity>
			<description>
				<![CDATA[<p>UVC LED стерилизатор - уникален, потому что это первый стерилизатор c абсолютно новой технологией излучения. UVC LED диод имеет длину волны 280 nm, что позволяет ему уничтожить 99,9% бактерий всего за 3 минуты. Клинические исследования подтвердили, что данный вид излучение устраняет болезнетворные бактерии, микроорганизмы и инфекционные заболевания такие как: кишечная палочка, вирус гриппа, сальмонелла, инфекционный гепатит, туберкулезная палочка и др. Уничтожение болезнетворных бактерий происходит за счет прямого воздействия лучей на их ДНК.</p>    LED+UV стерилизатор - уникален, потому что это первый ультрафиолетовый LED стерилизатор. Мобильный, удобный и надежный ультрафиолетовый светодиодный прибор, предназначенный для дезинфекции, обработки и обеззараживания любых маникюрных, парикмахерских, косметологических инструментов и последующего их хранения стерильными в боксе вплоть до использования.  LED+UV оснащен встроенной батареей и звуковым информированием, которое поможет в работе с ним.  Аппарат способен всего за 3 минуты уничтожить 99,9% бактерий. Дно стерилизатора имеет зеркальную поверхность. Расположив инструмент на силиконовую подставку, которая идет в комплекте, вам не придётся его переворачивать, чтобы простерилизовать, с другой стороны. За один цикл обрабатывая поверхность инструментов на все 360&deg;. Этот идеальный помощник для практикующего nail-мастера выполнен в стильном дизайне, легко очищается, удобно транспортируется при необходимости оказания услуг на выезде    <p>КОМПЛЕКТАЦИЯ:</p>    LED+UV стерилизатор;  сетевой адаптер;  инструкция.      <p>ТЕХНИЧЕСКИЕ ХАРАКТЕРИСТИКИ:</p>    Кол-во светодиодов: 10 шт  Длина волны: 280 nm  Материал корпуса: ABS пластик  Размеры камеры: 24,5&times;10,8&times;7 см  Размеры камеры корпуса: 26&times;15&times;9&nbsp;см  ]]>
			</description>
			<param name="Тип"><![CDATA[Стерилизаторы]]></param>
			<param name="Назначение"><![CDATA[Универсальный;]]></param>
			<param name="Сфера применения"><![CDATA[Для салонов красоты]]></param>
			<param name="Цвет"><![CDATA[Белый]]></param>
			<param name="Особенности"><![CDATA[С дисплеем;С таймером;]]></param>
			<param name="Материал"><![CDATA[ABS пластик]]></param>
			<param name="Тип стерилизатора"><![CDATA[Ультрафиолетовые]]></param>
			<param name="Тип установки"><![CDATA[Горизонтальные]]></param>
			<param name="Размеры"><![CDATA[26&amp;times;15&amp;times;9 см]]></param>
			<param name="Страна регистрации бренда"><![CDATA[Украина]]></param>
			<param name="Страна производитель"><![CDATA[Китай]]></param>
			<param name="Гарантия"><![CDATA[1 месяц]]></param>
			<param name="Наличие"><![CDATA[нет]]></param>
			<param name="вес в упаковке кг"><![CDATA[0.38]]></param>
			<param name="высота в упаковке см"><![CDATA[10]]></param>
			<param name="глубина в упаковке см"><![CDATA[20]]></param>
			<param name="ширина в упаковке см"><![CDATA[20]]></param>
			<param name="количество грузовых мест"><![CDATA[1]]></param>
			<param name="штрихкод"><![CDATA[8000000028389]]></param>
		</offer>
		<offer id="UVStick" available="true">
			<url>https://ukrpodarok.com.ua/sterilizator-sanitaizer-dezenfektor-s-ultrafioletom-dlya-sterilizatsii-veschei-uv-stick.html</url>
			<price>799</price>
			<price_old>1299</price_old>
			<currencyId>UAH</currencyId>
			<categoryId>152156</categoryId>
			<picture>https://ukrpodarok.com.ua/images/152154_0.jpg</picture>
			<picture>https://ukrpodarok.com.ua/images/152154_99576.jpg</picture>
			<picture>https://ukrpodarok.com.ua/images/152154_99577.jpg</picture>
			<picture>https://ukrpodarok.com.ua/images/152154_99578.jpg</picture>
			<picture>https://ukrpodarok.com.ua/images/152154_99579.jpg</picture>
			<picture>https://ukrpodarok.com.ua/images/152154_99580.jpg</picture>
			<picture>https://ukrpodarok.com.ua/images/152154_99581.jpg</picture>
			<picture>https://ukrpodarok.com.ua/images/152154_99582.jpg</picture>
			<vendor>CG</vendor>
			<name>Стерилизатор санитайзер дезенфектор с ультрафиолетом для стерилизации вещей UV Stick</name>
			<barcode>8000000028396</barcode>
			<stock_quantity>50</stock_quantity>
			<description>
				<![CDATA[<p>Дезинфектор с ультрафиолетом для стерилизации, кварцевания и дезинфекции от бактерий, вирусов, микробов, плесени и грибков. 11 LED ламп с большой мощностью и настоящей UVC-технологией!</p>  <p>&nbsp;Тип: УФ излучения</p>  <p>Длина UVC-волны: 260-280 нм</p>  <p>Проведите 5 раз над предметом</p>  <p>Время действия: 10 &mdash; 30 секунд на расстоянии 3-15 см</p>  <p>Площадь действия: 50 см</p>  <p>Номинальная мощность: 7 Вт</p>  <p>Мощность LED: 4 Вт</p>  <p>Интенсивность излучения: 11 х 314 uw/м&sup2;</p>  <p>Безопасен для людей, животных, растений</p>  <p>Не производит озон</p>  <p>&nbsp;</p>  <p>Используется для дезинфекции и стерилизации:</p>  <p>Масок</p>  <p>Ключей</p>  <p>Мобильных телефонов</p>  <p>Ноутбуков</p>  <p>Кнопок лифта</p>  <p>Детских игрушек</p>  <p>Маникюрных инструментов</p>  <p>Продуктов и покупки из магазина</p>  <p>Косметических средств</p>  <p>Посуды в учреждениях и дома</p>  <p>Одежды</p>  <p>Ванных комнат и унитазов</p>  <p>Детской посуды</p>  <p>Постельного белья</p>  <p>Выключателей</p>  <p>Дверных ручек</p>  <p>Других поверхностей</p>  <p>&nbsp;</p>]]>
			</description>
			<param name="Вид"><![CDATA[Бактерицидные лампы]]></param>
			<param name="Тип лампы"><![CDATA[Безозоновые]]></param>
			<param name="Мощность"><![CDATA[7 Вт]]></param>
			<param name="Тип облучателя"><![CDATA[Открытый]]></param>
			<param name="Способ установки"><![CDATA[Переносные]]></param>
			<param name="Габариты ВхШхГ"><![CDATA[24 х 4 х 2,5 см]]></param>
			<param name="Цвет"><![CDATA[Белый]]></param>
			<param name="Страна регистрации бренда"><![CDATA[Украина]]></param>
			<param name="Страна производитель"><![CDATA[Китай]]></param>
			<param name="Гарантия"><![CDATA[1 месяц]]></param>
			<param name="Наличие"><![CDATA[есть]]></param>
			<param name="вес в упаковке кг"><![CDATA[0.3]]></param>
			<param name="высота в упаковке см"><![CDATA[20]]></param>
			<param name="глубина в упаковке см"><![CDATA[10]]></param>
			<param name="ширина в упаковке см"><![CDATA[5]]></param>
			<param name="количество грузовых мест"><![CDATA[1]]></param>
			<param name="штрихкод"><![CDATA[8000000028396]]></param>
		</offer>
		<offer id="ufts2white" available="true">
			<url>https://ukrpodarok.com.ua/stol-dlya-noutbuka-19-s2-white-na-gibkih-nozhkah.html</url>
			<price>1199</price>
			<price_old>1455</price_old>
			<currencyId>UAH</currencyId>
			<categoryId>1024</categoryId>
			<picture>https://ukrpodarok.com.ua/images/151133_0.jpg</picture>
			<picture>https://ukrpodarok.com.ua/images/52627_63675.jpg</picture>
			<vendor>M+</vendor>
			<name>Стол для ноутбука 19&quot; S2 white на гибких ножках</name>
			<barcode>4820176251749</barcode>
			<stock_quantity>100</stock_quantity>
			<description>
				<![CDATA[<p>Технологии никогда не стоят на месте, и в мире эргономичной мебели тоже есть новые открытия. Таким открытием стал многофункциональный стол S2. <br /><br />Особенностью этого столика являеться минималистичный дизайн и сверхфункциональность - ножки изготовлены из специального металла который можно с легкостью видоизменять и настраивать столик на такую высоту на какой планирует работать пользователь - буть то стоя, сидя или лежа в кровати.<br /><br /> Дополнительным плюсом S2 есть специальный держатель для смартфона, который позволит Вам пользоваться двумя гаджетами одновременно.<br /><br />Столешница изготовлина с высококачественного экологичного пластика с приятной текстурой.</p>  <p>Раpмеры столешницы&nbsp;67х40см</p>]]>
			</description>
			<param name="Материал"><![CDATA[Пластик;Металл;]]></param>
			<param name="Цвет"><![CDATA[Белый]]></param>
			<param name="Новый  бу"><![CDATA[Новый]]></param>
			<param name="Вид"><![CDATA[Столики]]></param>
			<param name="Вес, кг"><![CDATA[2.8]]></param>
			<param name="Гарантия"><![CDATA[6 месяцев]]></param>
			<param name="Наличие"><![CDATA[есть]]></param>
			<param name="штрихкод"><![CDATA[4820176251749]]></param>
		</offer>
		<offer id="CGT27" available="true">
			<url>https://ukrpodarok.com.ua/stolik-bambukovii-dlya-noutbuka-17-uft-t27.html</url>
			<price>1999</price>
			<price_old>2199</price_old>
			<currencyId>UAH</currencyId>
			<categoryId>1024</categoryId>
			<picture>https://ukrpodarok.com.ua/images/150882_0.jpg</picture>
			<picture>https://ukrpodarok.com.ua/images/150882_99630.jpg</picture>
			<picture>https://ukrpodarok.com.ua/images/150882_99629.jpg</picture>
			<picture>https://ukrpodarok.com.ua/images/150882_99631.jpg</picture>
			<vendor>UFT</vendor>
			<name>Столик бамбуковый для ноутбука 17&quot; UFT T27</name>
			<barcode>4820176240125</barcode>
			<stock_quantity>50</stock_quantity>
			<description>
				<![CDATA[Экологический складывающийся столик для ноутбука или планшетного компьютера принесет Вам массу комфорта и удовольствия от работы или отдыха.<br /><br />Отдельно от каркаса столешницы предусмотрена регулировка угла наклона столешницы для установки ноутбука или планшетного компьютера под разными углами для комфортного пользования.<br /><br />Также на площадке рядом с рабочей поверхностью столешницы предусмотрена подставка под чашечку c ароматным кофе или c тонизирующим чаем.<br /><br />Наша компания идет в ногу со временем - по-этому также на поверхности дополнительной площадки предусмотрено место для безопасного размещения Вашего смартфона при подзарядке от ноутбука или просто для фиксации.<br /><br />Также изменены элементы дизайна, все детали фиксации высоты столика выполнены из качественного хромированного металла, что в сочетании с теплыми оттенками натурального бамбука прекрасно и со вкусом дополняет интерьер.<br /><br />Дополнительные характеристики:<br /><br />Материал: Бамбук<br />Мобильность;<br />Возможность регулировать угол наклона столешницы;<br />Наличие площадки для мышки и углубления для чашки;<br /><br />Размеры:<br />560 х 360 х 330 мм<br />]]>
			</description>
			<param name="Материал"><![CDATA[Дерево]]></param>
			<param name="Вид"><![CDATA[Столики]]></param>
			<param name="Диагональ ноутбука"><![CDATA[17]]></param>
			<param name="Новый  бу"><![CDATA[Новый]]></param>
			<param name="Охлаждение"><![CDATA[Пассивное]]></param>
			<param name="Размеры"><![CDATA[560 х 360 х 330 мм]]></param>
			<param name="Вес, кг"><![CDATA[2,5]]></param>
			<param name="Цвет"><![CDATA[Коричневый]]></param>
			<param name="Страна регистрации бренда"><![CDATA[Украина]]></param>
			<param name="Гарантия"><![CDATA[1 месяц]]></param>
			<param name="Наличие"><![CDATA[есть]]></param>
			<param name="вес в упаковке кг"><![CDATA[2.5]]></param>
			<param name="высота в упаковке см"><![CDATA[57]]></param>
			<param name="глубина в упаковке см"><![CDATA[37]]></param>
			<param name="ширина в упаковке см"><![CDATA[8]]></param>
			<param name="количество грузовых мест"><![CDATA[1]]></param>
			<param name="штрихкод"><![CDATA[4820176240125]]></param>
		</offer>
		<offer id="TT27" available="true">
			<url>https://ukrpodarok.com.ua/stolik-bambukovii-dlya-noutbuka-17-diagonal-uft-t27.html</url>
			<price>1879</price>
			<price_old>3299</price_old>
			<currencyId>UAH</currencyId>
			<categoryId>1024</categoryId>
			<picture>https://ukrpodarok.com.ua/images/152383_0.jpg</picture>
			<picture>https://ukrpodarok.com.ua/images/152383_100717.jpg</picture>
			<picture>https://ukrpodarok.com.ua/images/152383_100718.jpg</picture>
			<picture>https://ukrpodarok.com.ua/images/152383_100719.jpg</picture>
			<vendor>UFT</vendor>
			<name>Столик бамбуковый для ноутбука 17&quot; диагональ UFT T27</name>
			<barcode></barcode>
			<stock_quantity>50</stock_quantity>
			<description>
				<![CDATA[Экологический складывающийся столик для ноутбука или планшетного компьютера принесет Вам массу комфорта и удовольствия от работы или отдыха.<br /><br />Отдельно от каркаса столешницы предусмотрена регулировка угла наклона столешницы для установки ноутбука или планшетного компьютера под разными углами для комфортного пользования.<br /><br />Также на площадке рядом с рабочей поверхностью столешницы предусмотрена подставка под чашечку c ароматным кофе или c тонизирующим чаем.<br /><br />Наша компания идет в ногу со временем - по-этому также на поверхности дополнительной площадки предусмотрено место для безопасного размещения Вашего смартфона при подзарядке от ноутбука или просто для фиксации.<br /><br />Также изменены элементы дизайна, все детали фиксации высоты столика выполнены из качественного хромированного металла, что в сочетании с теплыми оттенками натурального бамбука прекрасно и со вкусом дополняет интерьер.<br />Размеры:<br />В сложенном виде: 540 х 350 х 50 мм;<br />Столешница: 540 х 350 мм;<br />Рабочая поверхность: 365 х 335 мм;<br />Подставка под мышку: 180 х 350 мм;<br />Предельная высота: 370 мм;<br />Длина одной секции ножки: 290 + 80 мм;<br />]]>
			</description>
			<param name="Вид"><![CDATA[Столики]]></param>
			<param name="Диагональ ноутбука"><![CDATA[17]]></param>
			<param name="Материал"><![CDATA[Бамбук]]></param>
			<param name="Вес"><![CDATA[3.13 кг]]></param>
			<param name="Гарантия"><![CDATA[3 месяца]]></param>
			<param name="Бренд"><![CDATA[UFT]]></param>
			<param name="Страна регистрации бренда"><![CDATA[Украина]]></param>
			<param name="Наличие"><![CDATA[есть]]></param>
		</offer>
		<offer id="CGgrusha" available="false">
			<url>https://ukrpodarok.com.ua/stolik-dlya-zavtraka-cg-spelaya-grusha.html</url>
			<price>410</price>
			<price_old>450</price_old>
			<currencyId>UAH</currencyId>
			<categoryId>1564</categoryId>
			<picture>https://ukrpodarok.com.ua/images/52589_0.jpg</picture>
			<picture>https://ukrpodarok.com.ua/images/52589_0.jpg</picture>
			<picture>https://ukrpodarok.com.ua/images/52589_38678.jpg</picture>
			<picture>https://ukrpodarok.com.ua/images/52589_0.jpg</picture>
			<vendor>CG</vendor>
			<name>Столик для завтрака CG Спелая Груша</name>
			<barcode></barcode>
			<stock_quantity>0</stock_quantity>
			<description>
				<![CDATA[<strong>Столик для завтрака CG&nbsp;Eco-wood Ripe Pear</strong><br /><br />Столик для завтрака из натуральной древесины имеет аппетитный цвет Груши. С таким разносом ваш завтрак выйдет на новый уровень. <br /><br />Обеденный столик это хороший подарок заботливых родителей для ребенка, а также для любителей эко продуктов. <br /><br />Благодаря светлому лаку отчетливо видно структуру древесины, что делает вид столика еще более статусным и презентабельным. <br /><br />Кроме этого, его можно использовать как столик для ноутбука, он отлично подойдет любителям интернет серфинга, или при просмотре фильмов в кровати. Размер столешницы позволяет поставить ноутбук в плоть до 17 дюймов. Идеально для 15 дюймовых ноутов, нетбуков, а также планшетов. <br /><br />Столик имеет складывающиеся в середину ножки, что позволяет ставить его на кровать или на пол, или же положить на стол как разнос.]]>
			</description>
			<param name="Тип"><![CDATA[Столик]]></param>
			<param name="Материал"><![CDATA[Дерево]]></param>
			<param name="Форма"><![CDATA[Прямоугольная]]></param>
			<param name="Количество предметов, шт"><![CDATA[1]]></param>
			<param name="Размеры"><![CDATA[52х34х5 см]]></param>
			<param name="Размеры столешницы"><![CDATA[48х32 см]]></param>
			<param name="Материал ножек"><![CDATA[Дуб]]></param>
			<param name="Гарантия"><![CDATA[6 месяцев]]></param>
			<param name="Наличие"><![CDATA[нет]]></param>
		</offer>
		<offer id="freetable-1" available="true">
			<url>https://ukrpodarok.com.ua/stolik-dlya-noutbuka-15-6-uft-freetable-1-s-aktivnim-ohlazhdeniem.html</url>
			<price>1544</price>
			<price_old>1799</price_old>
			<currencyId>UAH</currencyId>
			<categoryId>1024</categoryId>
			<picture>https://ukrpodarok.com.ua/images/151123_0.jpg</picture>
			<picture>https://ukrpodarok.com.ua/images/1330_1197.jpg</picture>
			<picture>https://ukrpodarok.com.ua/images/151123_100437.jpg</picture>
			<picture>https://ukrpodarok.com.ua/images/151123_100438.jpg</picture>
			<picture>https://ukrpodarok.com.ua/images/151123_100440.jpg</picture>
			<picture>https://ukrpodarok.com.ua/images/151123_100441.jpg</picture>
			<vendor>UFT</vendor>
			<name>Столик для ноутбука 15.6&quot; UFT FreeTable-1 с активным охлаждением</name>
			<barcode>4820176240507</barcode>
			<stock_quantity>50</stock_quantity>
			<description>
				<![CDATA[<p>Столик для ноутбука портативный и удобный столик-трансформер, который делает достижения мира эргономичной техники доступными каждому пользователю. Столешница и ножки столика выполнены из термоемкого сплава алюминия. В столешнице предусмотрены отверстия для легкого доступа воздуха к ноутбуку.<br />Параметры:<br />В сложенном виде: 520 х 275 мм;<br />Размер столешницы: 420 х 270 мм;<br />Предельная высота: 480 мм;<br /></p>  <p></p>]]>
			</description>
			<param name="Охлаждение"><![CDATA[Активное]]></param>
			<param name="Материал"><![CDATA[Пластик;Металл;]]></param>
			<param name="Диагональ ноутбука"><![CDATA[15.6]]></param>
			<param name="Производитель"><![CDATA[UFT]]></param>
			<param name="Особенности"><![CDATA[Регулируемый угол наклона]]></param>
			<param name="Гарантия"><![CDATA[1 месяц]]></param>
			<param name="Цвет"><![CDATA[Черный]]></param>
			<param name="Бренд"><![CDATA[UFT]]></param>
			<param name="Наличие"><![CDATA[есть]]></param>
			<param name="вес в упаковке кг"><![CDATA[1.8]]></param>
			<param name="высота в упаковке см"><![CDATA[53]]></param>
			<param name="глубина в упаковке см"><![CDATA[24]]></param>
			<param name="ширина в упаковке см"><![CDATA[6]]></param>
			<param name="количество грузовых мест"><![CDATA[1]]></param>
			<param name="штрихкод"><![CDATA[4820176240507]]></param>
		</offer>
		<offer id="uftfreetable-2" available="true">
			<url>https://ukrpodarok.com.ua/stolik-dlya-noutbuka-15-6-uft-freetable-2-s-aktivnim-ohlazhdeniem.html</url>
			<price>1344</price>
			<price_old>1544</price_old>
			<price_promo>1105</price_promo>
			<currencyId>UAH</currencyId>
			<categoryId>1024</categoryId>
			<picture>https://ukrpodarok.com.ua/images/150894_0.jpg</picture>
			<picture>https://ukrpodarok.com.ua/images/150894_99623.jpg</picture>
			<picture>https://ukrpodarok.com.ua/images/150894_99622.jpg</picture>
			<picture>https://ukrpodarok.com.ua/images/150894_99625.jpg</picture>
			<picture>https://ukrpodarok.com.ua/images/150894_100426.jpg</picture>
			<picture>https://ukrpodarok.com.ua/images/150894_100427.jpg</picture>
			<picture>https://ukrpodarok.com.ua/images/150894_100428.jpg</picture>
			<vendor>UFT</vendor>
			<name>Столик для ноутбука 15.6&quot; UFT Freetable-2 с активным охлаждением</name>
			<barcode>4820176240019</barcode>
			<stock_quantity>50</stock_quantity>
			<description>
				<![CDATA[<b>FreeTable-2</b>&mdash; комфортный и&nbsp;эргономичный столик-трансформер действительно делает достижения мира эргономичной техники доступными. Огромнейшим преимуществом данной модели этого столика является специально продуманная система фиксации ноутбука не сплошным упором, а двумя элегантными небольшими фиксаторами на передней части столешницы, что дает свободный доступ ко всем разъемам расположенным на передней части ноутбука и позволяет без проблем подключать необходимые устройства именно сперереди ноутбука, где обычно большинство разъемов и базируется.Ножки столика выполнены из&nbsp;термоемкого сплава алюминия. В&nbsp;столешнице предусмотрены отверстия для вентиляции воздуха под ноутбуком. Отверстия выполнены в&nbsp;оригинальном технологичном дизайне, отображающем дух нашего времени. Снизу столешницы под вентиляционными отверстиями установлен&nbsp;<b>охлаждающий</b>&nbsp;ноутбук&nbsp;<b>вентилятор</b>, который подсоединяется к&nbsp;ноутбуку автономно при помощи USB кабеля.<b>Кабель USB</b>&nbsp;включен в&nbsp;комплектацию изделия. На ножку столика на любой высоте слева или справа крепится удобная подставка для мыши, что позволяет руке пользователя находиться в комфортном положении.<br />Параметры:<br />Размер в сложенном виде (ШхВхГ)- 480х260х50 мм;<br />Размер столешницы (ШхВ)- 375х260 мм;<br />Размеры рабочей поверхности (ШхВ)-&nbsp;375х260 мм;<br />Размер подставки под мышку(ШхВ)- 155х165 мм;<br />Предельная высотв- 480 мм;<br />Длина одной секции ножки- 220 мм;<br /><br /><br />]]>
			</description>
			<param name="Матариал"><![CDATA[Металл;Пластик;]]></param>
			<param name="Охлаждение"><![CDATA[Активное]]></param>
			<param name="Диагональ ноутбука"><![CDATA[15.6]]></param>
			<param name="Питание"><![CDATA[от порта USB]]></param>
			<param name="Вес,кг"><![CDATA[1.45]]></param>
			<param name="Материал столешницаножки"><![CDATA[ABC-пластик/сплав алюминия]]></param>
			<param name="Материал шарниры"><![CDATA[ABC-пластик]]></param>
			<param name="Особенности"><![CDATA[Регулируемый угол наклона]]></param>
			<param name="Максимальная нагрузка"><![CDATA[15 кг]]></param>
			<param name="Цвет"><![CDATA[Черный]]></param>
			<param name="Гарантия"><![CDATA[6 месяцев]]></param>
			<param name="Наличие"><![CDATA[есть]]></param>
			<param name="вес в упаковке кг"><![CDATA[1.2]]></param>
			<param name="высота в упаковке см"><![CDATA[50]]></param>
			<param name="глубина в упаковке см"><![CDATA[27]]></param>
			<param name="ширина в упаковке см"><![CDATA[5]]></param>
			<param name="количество грузовых мест"><![CDATA[1]]></param>
			<param name="штрихкод"><![CDATA[4820176240019]]></param>
		</offer>
		<offer id="T6Black" available="true">
			<url>https://ukrpodarok.com.ua/stolik-dlya-noutbuka-17-uft-sprinter-t6-black-s-aktivnim-ohlazhdeniem.html</url>
			<price>1999</price>
			<price_old>2144</price_old>
			<currencyId>UAH</currencyId>
			<categoryId>1024</categoryId>
			<picture>https://ukrpodarok.com.ua/images/150876_0.jpg</picture>
			<picture>https://ukrpodarok.com.ua/images/49867_0.jpg</picture>
			<picture>https://ukrpodarok.com.ua/images/150876_99723.jpg</picture>
			<picture>https://ukrpodarok.com.ua/images/150876_100401.jpg</picture>
			<picture>https://ukrpodarok.com.ua/images/150876_100402.jpg</picture>
			<picture>https://ukrpodarok.com.ua/images/150876_100403.jpg</picture>
			<picture>https://ukrpodarok.com.ua/images/150876_100404.jpg</picture>
			<picture>https://ukrpodarok.com.ua/images/150876_100405.jpg</picture>
			<picture>https://ukrpodarok.com.ua/images/150876_100622.jpg</picture>
			<vendor>UFT</vendor>
			<name>Столик для ноутбука 17&quot; UFT Sprinter T6 Black с активным охлаждением</name>
			<barcode>4820176240132</barcode>
			<stock_quantity>50</stock_quantity>
			<description>
				<![CDATA[Сделан из сплава алюминия.&nbsp;<br />Регулируемый угол наклона.<br />Вес: 1.7 кг  Дополнительные характеристики:<br /><br />Возможность фиксации любого угла наклона столешницы;<br />Максимальная нагрузка: до 15 кг;<br />Возможность фиксации подставки под мышку на ножке столика на любой высоте как слева, так и справа;<br />Питание&nbsp;охлажения - куллера - от порта USB (подключается к ноутбуку/Powerbank);<br /><br />  Размеры:<br />В&nbsp;сложенном виде 490 мм x 280 мм x 60 мм<br />рабочая поверхность 420 мм x 265 мм<br />максимальная высота 470 мм<br />длина одной секции ножки 255 мм.<br />ширина (расстояние между ножками) - 435 мм.<br /><br />      ]]>
			</description>
			<param name="Диагональ ноутбука"><![CDATA[17]]></param>
			<param name="Вид"><![CDATA[Столики]]></param>
			<param name="Охлаждение"><![CDATA[Активное]]></param>
			<param name="Материал"><![CDATA[Металл;Пластик;]]></param>
			<param name="Вентиляторы"><![CDATA[2, в комплекте USB кабель]]></param>
			<param name="Уровень шума"><![CDATA[5 дБА]]></param>
			<param name="Питание"><![CDATA[От порта USB]]></param>
			<param name="Особенности"><![CDATA[Регулируемый угол наклона;USB-хаб;]]></param>
			<param name="Бренд"><![CDATA[UFT]]></param>
			<param name="Цвет"><![CDATA[Черный]]></param>
			<param name="Вес"><![CDATA[1.7 кг]]></param>
			<param name="Гарантия"><![CDATA[1 месяц]]></param>
			<param name="Наличие"><![CDATA[есть]]></param>
			<param name="вес в упаковке кг"><![CDATA[1.7]]></param>
			<param name="высота в упаковке см"><![CDATA[40]]></param>
			<param name="глубина в упаковке см"><![CDATA[30]]></param>
			<param name="ширина в упаковке см"><![CDATA[7]]></param>
			<param name="количество грузовых мест"><![CDATA[1]]></param>
			<param name="штрихкод"><![CDATA[4820176240132]]></param>
		</offer>
		<offer id="T4" available="true">
			<url>https://ukrpodarok.com.ua/stolik-dlya-noutbuka-17-uft-t-4-red-s-aktivnim-ohlazhdeniem.html</url>
			<price>1779</price>
			<price_old>1999</price_old>
			<currencyId>UAH</currencyId>
			<categoryId>1024</categoryId>
			<picture>https://ukrpodarok.com.ua/images/152227_0.jpg</picture>
			<vendor>UFT</vendor>
			<name>Столик для ноутбука 17&quot; UFT T-4 RED с активным охлаждением</name>
			<barcode>4820176240422</barcode>
			<stock_quantity>100</stock_quantity>
			<description>
				<![CDATA[<p>Модель столик для ноутбука UFT T4 Red имеет оригинальный дизайн, это делает данную модель выбором № 1 для любителей эстетики.&nbsp;<strong></strong></p>  <p>Исполнен в красном цвете, что дает возможность вписать данную модель практически в любой интерьер.</p>  <p>Столик создан необычайно легким и компактным за счет материала - сплава алюминия.<br />В передней части столешницы имеется удобный бортик что бы ноутбук не падал, который при необходимости можно сложить.</p>  <p>Возможное использование:&nbsp;&nbsp; на полу при кресле, на диване сидя, на кровати лежа, подставка на стол.<br />Параметры:<br />В сложенном виде: 485 х 265 х40 мм;<br />Размер столешницы: 350 х 265 мм;<br />Предельная высота: 460 мм;<br /></p>]]>
			</description>
			<param name="Вид"><![CDATA[Столики]]></param>
			<param name="Охлаждение"><![CDATA[Активное]]></param>
			<param name="Материал"><![CDATA[Пластик;Металл;]]></param>
			<param name="Цвет"><![CDATA[Красный]]></param>
			<param name="Диагональ ноутбука"><![CDATA[17]]></param>
			<param name="Вентиляторы"><![CDATA[2, в комплекте USB кабель]]></param>
			<param name="Уровень шума"><![CDATA[5 дБА]]></param>
			<param name="Питание"><![CDATA[От порта USB]]></param>
			<param name="Вес"><![CDATA[1.1 кг]]></param>
			<param name="Особенности"><![CDATA[USB-хаб;Регулируемый угол наклона;]]></param>
			<param name="Гарантия"><![CDATA[1 месяц]]></param>
			<param name="Бренд"><![CDATA[UFT]]></param>
			<param name="Наличие"><![CDATA[есть]]></param>
			<param name="вес в упаковке кг"><![CDATA[1.1]]></param>
			<param name="высота в упаковке см"><![CDATA[49]]></param>
			<param name="глубина в упаковке см"><![CDATA[27]]></param>
			<param name="ширина в упаковке см"><![CDATA[42]]></param>
			<param name="количество грузовых мест"><![CDATA[1]]></param>
			<param name="штрихкод"><![CDATA[4820176240422]]></param>
		</offer>
		<offer id="TT4black" available="true">
			<url>https://ukrpodarok.com.ua/stolik-dlya-noutbuka-17-s-aktivnim-ohlazhdeniem-uft-t-4-black.html</url>
			<price>1779</price>
			<price_old>1999</price_old>
			<currencyId>UAH</currencyId>
			<categoryId>1024</categoryId>
			<picture>https://ukrpodarok.com.ua/images/152349_0.jpg</picture>
			<vendor>UFT</vendor>
			<name>Столик для ноутбука 17&quot; с активным охлаждением UFT T-4 black</name>
			<barcode>4820176240514</barcode>
			<stock_quantity>100</stock_quantity>
			<description>
				<![CDATA[<p>Модель столик для ноутбука&nbsp;UFT T4&nbsp;Black&nbsp;имеет оригинальный дизайн, это делает данную модель выбором № 1 для любителей эстетики.&nbsp;<strong></strong></p>  <p>Исполнен в красном цвете, что дает возможность вписать данную модель практически в любой интерьер.</p>  <p>Столик создан необычайно легким и компактным за счет материала - сплава алюминия.<br />В передней части столешницы имеется удобный бортик что бы ноутбук не падал, который при необходимости можно сложить.</p>  <p>Возможное использование:&nbsp;&nbsp; на полу при кресле, на диване сидя, на кровати лежа, подставка на стол/<br />Параметры:<br /><strong></strong>В сложенном виде: 485 х 265 х40 мм;<br />Размер столешницы: 350 х 265 мм;<br />Предельная высота: 460 мм;</p>]]>
			</description>
			<param name="Вид"><![CDATA[Столики]]></param>
			<param name="Охлаждение"><![CDATA[Активное]]></param>
			<param name="Материал"><![CDATA[Пластик;Металл;]]></param>
			<param name="Вентиляторы"><![CDATA[2, в комплекте USB кабель]]></param>
			<param name="Уровень шума"><![CDATA[5 дБА]]></param>
			<param name="Диагональ ноутбука"><![CDATA[17]]></param>
			<param name="Питание"><![CDATA[USB]]></param>
			<param name="Особенности"><![CDATA[USB-хаб;Регулируемый угол наклона;]]></param>
			<param name="Цвет"><![CDATA[Черный]]></param>
			<param name="Страна регистрации бренда"><![CDATA[Украина]]></param>
			<param name="Бренд"><![CDATA[UFT]]></param>
			<param name="Вес"><![CDATA[1.1 кг]]></param>
			<param name="Гарантия"><![CDATA[1 месяц]]></param>
			<param name="Наличие"><![CDATA[есть]]></param>
			<param name="вес в упаковке кг"><![CDATA[1.2]]></param>
			<param name="высота в упаковке см"><![CDATA[49]]></param>
			<param name="глубина в упаковке см"><![CDATA[28]]></param>
			<param name="ширина в упаковке см"><![CDATA[6]]></param>
			<param name="количество грузовых мест"><![CDATA[1]]></param>
			<param name="штрихкод"><![CDATA[4820176240514]]></param>
		</offer>
		<offer id="CGT50" available="true">
			<url>https://ukrpodarok.com.ua/stolik-dlya-noutbuka-17-s-podstavkoi-dlya-mishki-uft-t50.html</url>
			<price>1544</price>
			<price_old>1599</price_old>
			<currencyId>UAH</currencyId>
			<categoryId>1024</categoryId>
			<picture>https://ukrpodarok.com.ua/images/152282_0.jpg</picture>
			<picture>https://ukrpodarok.com.ua/images/152282_100188.jpg</picture>
			<picture>https://ukrpodarok.com.ua/images/152282_100189.jpg</picture>
			<picture>https://ukrpodarok.com.ua/images/152282_100190.jpg</picture>
			<picture>https://ukrpodarok.com.ua/images/152282_100191.jpg</picture>
			<picture>https://ukrpodarok.com.ua/images/152282_100746.jpg</picture>
			<picture>https://ukrpodarok.com.ua/images/152282_100745.jpg</picture>
			<picture>https://ukrpodarok.com.ua/images/152282_100744.jpg</picture>
			<picture>https://ukrpodarok.com.ua/images/152282_100436.jpg</picture>
			<picture>https://ukrpodarok.com.ua/images/152282_100614.jpg</picture>
			<vendor>UFT</vendor>
			<name>Столик для ноутбука 17&quot; с подставкой для мышки UFT T50</name>
			<barcode>4820176271617</barcode>
			<stock_quantity>50</stock_quantity>
			<description>
				<![CDATA[<strong>Столик для ноутбука UFT&nbsp;T50</strong>&nbsp;&ndash; уникальный в своем роде столик,&nbsp;сочетающий в себе максимум преимуществ.&nbsp;Компактные размеры и легкий вес.<br />Вы можете без сомнений взять с собой столик куда-угодно. Он даже поместится в рюкзак, подходит для любых моделей ноутбуков, потому станет настоящей находкой для тех людей, которые ломают себе голову над презентом человеку, работающему ежедневно с устройством, ноутбук больше никогда не соскользнет и не упадет, в результате чего появится множество поломок и ваши большие растраты, благодаря специальной поверхности столика-трансформера, работа сидя, лежа.&nbsp;Наверняка, вы знаете, как от долгой эксплуатации затекает шея и спина, потому нужно часть менять положение.&nbsp;<br />Приспособление позволит вам это делать, складывается всего за три движения, а высоту можно регулировать, ноутбук никогда не столкнется с коварным перегревом в знойное время года, благодаря отверстиям на поверхности столика.&nbsp;<br />Размеры:<br />420 х 260 x 20 мм<br />Максимальная нагрузка: до 15 кг<br />Максимальная высота: 45 см<br />]]>
			</description>
			<param name="Вид"><![CDATA[Столики]]></param>
			<param name="Охлаждение"><![CDATA[Пассивное]]></param>
			<param name="Материал"><![CDATA[Алюминиевый сплав]]></param>
			<param name="Цвет"><![CDATA[Черный]]></param>
			<param name="Особенности"><![CDATA[Регулируемый угол наклона]]></param>
			<param name="Вес"><![CDATA[1.1 кг]]></param>
			<param name="Страна регистрации бренда"><![CDATA[Украина]]></param>
			<param name="Гарантия"><![CDATA[1 месяц]]></param>
			<param name="Наличие"><![CDATA[есть]]></param>
			<param name="вес в упаковке кг"><![CDATA[1.7]]></param>
			<param name="высота в упаковке см"><![CDATA[45]]></param>
			<param name="глубина в упаковке см"><![CDATA[30]]></param>
			<param name="ширина в упаковке см"><![CDATA[4]]></param>
			<param name="количество грузовых мест"><![CDATA[1]]></param>
			<param name="штрихкод"><![CDATA[4820176271617]]></param>
		</offer>
		<offer id="T38Silver" available="true">
			<url>https://ukrpodarok.com.ua/stolik-dlya-noutbuka-19-uft-t38-silver.html</url>
			<price>2399</price>
			<price_old>2699</price_old>
			<currencyId>UAH</currencyId>
			<categoryId>1024</categoryId>
			<picture>https://ukrpodarok.com.ua/images/152384_0.jpg</picture>
			<picture>https://ukrpodarok.com.ua/images/152384_100720.jpg</picture>
			<picture>https://ukrpodarok.com.ua/images/152384_100721.jpg</picture>
			<picture>https://ukrpodarok.com.ua/images/152384_100722.jpg</picture>
			<picture>https://ukrpodarok.com.ua/images/152384_100723.jpg</picture>
			<picture>https://ukrpodarok.com.ua/images/152384_100724.jpg</picture>
			<picture>https://ukrpodarok.com.ua/images/152384_100725.jpg</picture>
			<picture>https://ukrpodarok.com.ua/images/152384_100726.jpg</picture>
			<vendor>UFT</vendor>
			<name>Столик для ноутбука 19&quot; UFT T38 Silver</name>
			<barcode>4820176242556</barcode>
			<stock_quantity>50</stock_quantity>
			<description>
				<![CDATA[<p>Удобный и многофункциональный&nbsp;<strong>Столик для ноутбука&nbsp;UFT&nbsp;T38&nbsp;Silver&nbsp;</strong>изготовлен&nbsp;из качественного&nbsp;металла. Благодаря стильному и лаконичному дизайну&nbsp;<strong>T38&nbsp;</strong>гармонично впишется в любой интерьер.&nbsp;</p>  <p>Подставка под мышку крепится в любой части ножки, рука находится внизу и не отекает от долгого держания её навесу. Полочка под мышку сделана из пластика с приятным покрытием и силиконовой подушечкой под запястье.&nbsp;Матовая поверхность.<br />Для изменения наклона столешницы необходимо зажать кнопку на шарнире, и крутить ножку до нужного положения.</p>  <p>Размеры столешницы позволят использовать ноутбуки любых габаритов.<br />Размеры:<br />В сложенном виде (ШхВхГ): 560 х 300 х 50 мм<br />Столешница (ШхВ): 455 x 300 мм<br />Рабочая поверхность (ШхВ): 456 x 285 мм<br />Подставка под мышку: 155 х 165 мм<br />Предельная высота: 560 мм<br />Длина одной секции ножки: 300 мм<br />Максимальная нагрузка - 15 кг<br />Шарниры - ABC-пластик.</p>]]>
			</description>
			<param name="Вид"><![CDATA[Столики]]></param>
			<param name="Диагональ ноутбука"><![CDATA[19&quot;]]></param>
			<param name="Охлаждение"><![CDATA[Пасивное]]></param>
			<param name="Материал"><![CDATA[Алюминий;Пластик;]]></param>
			<param name="Особенности"><![CDATA[Подставка под мышку]]></param>
			<param name="Цвет"><![CDATA[Серебристый]]></param>
			<param name="Назначение"><![CDATA[Ноутбук]]></param>
			<param name="Размещение"><![CDATA[В кроватьНастольные]]></param>
			<param name="Вес"><![CDATA[1.8 кг]]></param>
			<param name="Гарантия"><![CDATA[1 месяц]]></param>
			<param name="Страна регистрации бренда"><![CDATA[Украина]]></param>
			<param name="Наличие"><![CDATA[есть]]></param>
			<param name="вес в упаковке кг"><![CDATA[2]]></param>
			<param name="высота в упаковке см"><![CDATA[56]]></param>
			<param name="глубина в упаковке см"><![CDATA[5]]></param>
			<param name="ширина в упаковке см"><![CDATA[30]]></param>
			<param name="количество грузовых мест"><![CDATA[1]]></param>
			<param name="штрихкод"><![CDATA[4820176242556]]></param>
		</offer>
		<offer id="UFTYOKOBLACK" available="true">
			<url>https://ukrpodarok.com.ua/stolik-dlya-noutbuka-19-uft-yoko-vip-black-s-aktivnim-ohlazhdeniem.html</url>
			<price>3844</price>
			<price_old>4399</price_old>
			<currencyId>UAH</currencyId>
			<categoryId>1024</categoryId>
			<picture>https://ukrpodarok.com.ua/images/52400_0.jpg</picture>
			<picture>https://ukrpodarok.com.ua/images/1315_1194.jpg</picture>
			<picture>https://ukrpodarok.com.ua/images/52400_0.jpg</picture>
			<picture>https://ukrpodarok.com.ua/images/151830_101252.jpg</picture>
			<picture>https://ukrpodarok.com.ua/images/1315_1195.jpg</picture>
			<vendor>UFT</vendor>
			<name>Столик для ноутбука 19&quot; UFT YOKO VIP black с активным охлаждением</name>
			<barcode>4820176240439</barcode>
			<stock_quantity>100</stock_quantity>
			<description>
				<![CDATA[<p><b>Описание продукта:</b>&nbsp;Столик для ноутбука YOKO VIP black является столиком для ноутбука премиум класса и создан дарить комфорт.<br /> Столик выдерживает до 20 кг статичной нагрузки, что достигается невиданной ранее прочностью и принципиально новыми сверхпрочными шарнирами . <br />При нажатии на кнопку на шарнире&nbsp; YOKO VIP black&nbsp;&nbsp;&nbsp;Вы можете выбрать любое положение колена столика.<br />Столик имеет 3 дополнительных USB хаба. <br />Столик оснащен двумя охлаждающими вентиляторами, которые работают автономно от ноутбука при помощи USB кабеля (входит в комплектацию). <br />Также в комплектацию входит USB LED светильник на гибкой ножке, позволяющий зафиксировать необходимое направление фокуса света для подсветки клавиатуры ноутбука. <br />На ножку столика на любой высоте фиксируется съемная усовершенствованная подставка для мышки.&nbsp;</p>  Размер столешницы: 455 x 285 мм.<br />Рабочая поверхность 450 х 250 мм.<br />Предельная высота: 560 мм.<br />Длинна одной секции:&nbsp;300 м  ]]>
			</description>
			<param name="Вид"><![CDATA[Столики]]></param>
			<param name="Охладжение"><![CDATA[Активное]]></param>
			<param name="Цвет"><![CDATA[Черный]]></param>
			<param name="Материал"><![CDATA[Металл]]></param>
			<param name="Диагональ ноутбука"><![CDATA[19]]></param>
			<param name="Размещение"><![CDATA[В кроватьНастольные]]></param>
			<param name="Назначение"><![CDATA[Ноутбук]]></param>
			<param name="Особенности"><![CDATA[USB-хаб;Подставка под мышку;Подсветка;]]></param>
			<param name="Рекгулировка"><![CDATA[Регулируемый угол наклона;Высота ножек;]]></param>
			<param name="Вентиляторы"><![CDATA[2]]></param>
			<param name="Питание"><![CDATA[От порта USB]]></param>
			<param name="Гарантия"><![CDATA[1 месяц]]></param>
			<param name="Бренд"><![CDATA[UFT]]></param>
			<param name="Наличие"><![CDATA[есть]]></param>
			<param name="вес в упаковке кг"><![CDATA[1.8]]></param>
			<param name="высота в упаковке см"><![CDATA[50]]></param>
			<param name="глубина в упаковке см"><![CDATA[30]]></param>
			<param name="ширина в упаковке см"><![CDATA[8]]></param>
			<param name="количество грузовых мест"><![CDATA[1]]></param>
			<param name="штрихкод"><![CDATA[4820176240439]]></param>
		</offer>
		<offer id="CGYokoSil" available="true">
			<url>https://ukrpodarok.com.ua/stolik-dlya-noutbuka-19-uft-yoko-vip-silver-s-lampoi-usb-dlya-podsvetki-klaviaturi.html</url>
			<price>3844</price>
			<price_old>4245</price_old>
			<currencyId>UAH</currencyId>
			<categoryId>1024</categoryId>
			<picture>https://ukrpodarok.com.ua/images/150874_0.jpg</picture>
			<picture>https://ukrpodarok.com.ua/images/150874_100481.jpg</picture>
			<picture>https://ukrpodarok.com.ua/images/150874_100483.jpg</picture>
			<picture>https://ukrpodarok.com.ua/images/150874_100482.jpg</picture>
			<picture>https://ukrpodarok.com.ua/images/150874_100484.jpg</picture>
			<vendor>UFT</vendor>
			<name>Столик для ноутбука 19&quot; UFT YOKO VIP Silver с лампой USB для подсветки клавиатуры</name>
			<barcode>4820176240446</barcode>
			<stock_quantity>50</stock_quantity>
			<description>
				<![CDATA[<p>Столик для ноутбука YOKO является столиком для ноутбука премиум класса и создан дарить комфорт. Столик выдерживает до 20 кг статичной нагрузки, что достигается невиданной ранее прочностью и принципиально новыми сверхпрочными шарнирами MAXI Power. При нажатии на кнопку на шарнире&nbsp; MAXI Power Вы можете выбрать любое положение колена столика.<br />Столик имеет 3 дополнительных USB хаба,оснащен двумя охлаждающими вентиляторами, которые работают автономно от ноутбука при помощи USB кабеля (входит в комплектацию). Также в комплектацию входит USB LED светильник на гибкой ножке, позволяющий зафиксировать необходимое направление фокуса света для подсветки клавиатуры ноутбука. На ножку столика на любой высоте фиксируется съемная подставка для мышки. Возможное использование: на полу при кресле, на диване сидя, на кровати лежа, подставка на стол.</p>  Размеры:<br />В сложенном виде: 560 x 300 мм<br />Размер столешницы: 455 x 285 мм<br />Рабочая поверхность 450 х 250 мм<br />Предельная высота: 560 мм&nbsp;<br />Длина одной секции ножки 300 мм<br />Дополнительные характеристики:<br />USB LED подсветка для клавиатуры ноутбука<br />Максимальная нагрузка на стол: 20 кг<br />Технология UFT Maxi Power позволяет настраивать положение столика одновременно шестью шарнирами<br />Предельный угол наклона: 360&deg;<br />Подставка для мышки фиксируется на любой высоте, на ножке столика<br />3 дополнительные USB порта<br />  <p></p>]]>
			</description>
			<param name="Вид"><![CDATA[Столики]]></param>
			<param name="Охладжение"><![CDATA[Активное]]></param>
			<param name="Цвет"><![CDATA[Серебристый]]></param>
			<param name="Материал"><![CDATA[Металл]]></param>
			<param name="Диагональ ноутбука"><![CDATA[19]]></param>
			<param name="Размещение"><![CDATA[В кроватьНастольные]]></param>
			<param name="Назначение"><![CDATA[Ноутбук]]></param>
			<param name="Особенности"><![CDATA[USB-хаб;Подставка под мышку;Подсветка;]]></param>
			<param name="Рекгулировка"><![CDATA[Регулируемый угол наклона;Высота ножек;]]></param>
			<param name="Вентиляторы"><![CDATA[2]]></param>
			<param name="Питание"><![CDATA[От порта USB]]></param>
			<param name="Гарантия"><![CDATA[1 месяц]]></param>
			<param name="Бренд"><![CDATA[UFT]]></param>
			<param name="Наличие"><![CDATA[есть]]></param>
			<param name="вес в упаковке кг"><![CDATA[2.3]]></param>
			<param name="высота в упаковке см"><![CDATA[57]]></param>
			<param name="глубина в упаковке см"><![CDATA[32]]></param>
			<param name="ширина в упаковке см"><![CDATA[6]]></param>
			<param name="количество грузовых мест"><![CDATA[1]]></param>
			<param name="штрихкод"><![CDATA[4820176240446]]></param>
		</offer>
		<offer id="T34White" available="true">
			<url>https://ukrpodarok.com.ua/stolik-dlya-noutbuka-19-derevyannii-s-regulirovkoi-visoti-uft-t34-white.html</url>
			<price>1499</price>
			<price_old>1799</price_old>
			<price_promo>1335</price_promo>
			<currencyId>UAH</currencyId>
			<categoryId>1024</categoryId>
			<picture>https://ukrpodarok.com.ua/images/151912_0.jpg</picture>
			<picture>https://ukrpodarok.com.ua/images/151912_100371.jpg</picture>
			<picture>https://ukrpodarok.com.ua/images/151912_100370.jpg</picture>
			<picture>https://ukrpodarok.com.ua/images/151912_100369.jpg</picture>
			<vendor>UFT</vendor>
			<name>Столик для ноутбука 19&quot; деревянный с регулировкой высоты UFT T34 White</name>
			<barcode>4820176248411</barcode>
			<stock_quantity>50</stock_quantity>
			<description>
				<![CDATA[<p>Компактный и функциональный &ndash; так в нескольких словах можно охарактеризовать столик для ноутбука из коллекции. <br />Модель выполнена из качественной надежного материала, отличающейся высокой износостойкостью и долговечностью. <br />К тому же она полностью экологична и безопасна для здоровья. Изделие станет идеальным вариантом для спальни, гостиной и рабочего кабинета. <br />Благодаря компактным размерам, этот предмет мебели прекрасно разместится на небольшой площади, экономя свободное пространство.<br /> Универсальный цвет и современный дизайн позволят органично вписать стол в интерьер.<br />Размеры - столешница-600х400 мм;<br />Высота - 720-940мм;<br />Вес - 5.5 кг<br />Материал- Дерево<br /></p>]]>
			</description>
			<param name="Вид"><![CDATA[Столики]]></param>
			<param name="Охлаждение"><![CDATA[Пассивное]]></param>
			<param name="Вес"><![CDATA[5,5 кг]]></param>
			<param name="Диагональ ноутбука"><![CDATA[19&quot;]]></param>
			<param name="Размеры"><![CDATA[600х400 мм;720-940мм;]]></param>
			<param name="Минимальная высота"><![CDATA[720 мм]]></param>
			<param name="Максимальная высота"><![CDATA[940мм]]></param>
			<param name="Материал"><![CDATA[Дерево;Металл;]]></param>
			<param name="Особенности"><![CDATA[На выдвижных ножках]]></param>
			<param name="Цвет"><![CDATA[Бежевый]]></param>
			<param name="Производитель"><![CDATA[UFT]]></param>
			<param name="Страна регистрации бренда"><![CDATA[Украина]]></param>
			<param name="Странапроизводитель"><![CDATA[Китай]]></param>
			<param name="Гарантия"><![CDATA[1 месяц]]></param>
			<param name="Наличие"><![CDATA[есть]]></param>
			<param name="вес в упаковке кг"><![CDATA[5.5]]></param>
			<param name="высота в упаковке см"><![CDATA[8]]></param>
			<param name="глубина в упаковке см"><![CDATA[63]]></param>
			<param name="ширина в упаковке см"><![CDATA[45]]></param>
			<param name="количество грузовых мест"><![CDATA[1]]></param>
			<param name="штрихкод"><![CDATA[4820176248411]]></param>
		</offer>
		<offer id="CGT38black" available="true">
			<url>https://ukrpodarok.com.ua/stolik-dlya-noutbuka-19-s-podstavkoi-dlya-mishki-uft-t38-black.html</url>
			<price>2699</price>
			<price_old>2999</price_old>
			<currencyId>UAH</currencyId>
			<categoryId>1024</categoryId>
			<picture>https://ukrpodarok.com.ua/images/152252_0.jpg</picture>
			<picture>https://ukrpodarok.com.ua/images/152252_100107.jpg</picture>
			<picture>https://ukrpodarok.com.ua/images/152252_100108.jpg</picture>
			<vendor>UFT</vendor>
			<name>Столик для ноутбука 19&quot; с подставкой для мышки UFT T38  Black</name>
			<barcode>4820176242556</barcode>
			<stock_quantity>50</stock_quantity>
			<description>
				<![CDATA[<p>Удобный и многофункциональный&nbsp;<strong>Столик для ноутбука&nbsp;T38&nbsp;Black&nbsp;&nbsp;</strong>изготовлен с качественного&nbsp;металла.<br />Благодаря стильному и лаконичному дизайну&nbsp;<strong>&nbsp;T38&nbsp;Black&nbsp;</strong>гармонично впишется в любой интерьер.&nbsp;</p>  <p>На бортике столика размещены 2 резиновые накладки - чтобы Ваши руки не соприкасались с прохладным алюминием.&nbsp;<br />Подставка под мышку крепится в любой части ножки, рука находится внизу и не отекает от долгого держания её навесу.</p>  <p>Размеры столешницы позволят использовать ноутбуки любых габаритов.<br />Дополнительные характеристики:<br />Максимальная нагрузка: 15 кг<br />Тип столика: трансформер; накроватный, прикроватный, подставка<br />Возможное использование: на полу при кресле, на диване сидя, на кровати лежа, подставка на стол<br />Материал столещницы/ножек: нержавеющий сплав алюминия<br />Материал шарниров: ABC-пластик<br />Поверхность: матовая<br />Предельный угол наклона столешницы: 360&deg;<br />Подставка для мышки фиксируется на любой высоте на ножке столика как слева так и справа</p>]]>
			</description>
			<param name="Вид"><![CDATA[Столики]]></param>
			<param name="Диагональ ноутбука"><![CDATA[19&quot;]]></param>
			<param name="Охлаждение"><![CDATA[Пасивное]]></param>
			<param name="Материал"><![CDATA[Алюминий;Пластик;]]></param>
			<param name="Особенности"><![CDATA[Подставка под мышку]]></param>
			<param name="Цвет"><![CDATA[Черный]]></param>
			<param name="Назначение"><![CDATA[Ноутбук]]></param>
			<param name="Размещение"><![CDATA[В кроватьНастольные]]></param>
			<param name="Вес"><![CDATA[1.8 кг]]></param>
			<param name="Гарантия"><![CDATA[1 месяц]]></param>
			<param name="Страна регистрации бренда"><![CDATA[Украина]]></param>
			<param name="Наличие"><![CDATA[есть]]></param>
			<param name="вес в упаковке кг"><![CDATA[1.8]]></param>
			<param name="высота в упаковке см"><![CDATA[56]]></param>
			<param name="глубина в упаковке см"><![CDATA[30]]></param>
			<param name="ширина в упаковке см"><![CDATA[7]]></param>
			<param name="количество грузовых мест"><![CDATA[1]]></param>
			<param name="штрихкод"><![CDATA[4820176242556]]></param>
		</offer>
		<offer id="TableT8" available="false">
			<url>https://ukrpodarok.com.ua/stolik-dlya-noutbuka-c-aktivnim-ohlazhdeniem-cg-t8.html</url>
			<price>799</price>
			<price_old>849</price_old>
			<currencyId>UAH</currencyId>
			<categoryId>1024</categoryId>
			<picture>https://ukrpodarok.com.ua/images/152086_0.jpg</picture>
			<picture>https://ukrpodarok.com.ua/images/152086_100079.jpg</picture>
			<picture>https://ukrpodarok.com.ua/images/152086_100077.jpg</picture>
			<picture>https://ukrpodarok.com.ua/images/152086_100078.jpg</picture>
			<picture>https://ukrpodarok.com.ua/images/152086_100080.jpg</picture>
			<picture>https://ukrpodarok.com.ua/images/152086_100081.jpg</picture>
			<vendor>CG</vendor>
			<name>Столик для ноутбука c активным охлаждением CG T8</name>
			<barcode>4820176259301</barcode>
			<stock_quantity>0</stock_quantity>
			<description>
				<![CDATA[Универсальный Столик для ноутбука Laptop Table T8 с кулером предназначен для охлажденя ноутбука и более комфортной работы за ним.Во-первых разгружает вашу спину и шею когда вы работаете за столом, приподнимая ноутбук на уровень глаз и слегка наклоняя клавиатуру.Во-вторых с таким столиком можно расположиться в постели, на диване или в креслеНу и конечно же использовать как прикроватный столик, ведь высоты 50см вполне для этого достаточноСтолик имеет облегченный корпус, всего 1.7кг. Что очень важно для людей пожелого возраста, или для тех кто временно прикован к постели.Два кулера ратают от USB кабеля, котрый входит в комплект.В комплекте так же есть подставка под мышку, выполненая из пластика с приятным покрытием, крепится на ножку.]]>
			</description>
			<param name="Размер в сложенном виде"><![CDATA[49 х 27 х 6 см]]></param>
			<param name="Количество вентиляторов"><![CDATA[2]]></param>
			<param name="Подключение"><![CDATA[через USB]]></param>
			<param name="Предельная высота"><![CDATA[50 см]]></param>
			<param name="Максимальная нагрузка"><![CDATA[до 25 кг]]></param>
			<param name="Материал"><![CDATA[Метал]]></param>
			<param name="Особенности"><![CDATA[Регулируемый угол наклона]]></param>
			<param name="Вес"><![CDATA[1,75 кг]]></param>
			<param name="Странапроизводитель"><![CDATA[Китай]]></param>
			<param name="Страна регистрации бренда"><![CDATA[Украина]]></param>
			<param name="Гарантия"><![CDATA[6 месяцев]]></param>
			<param name="Наличие"><![CDATA[нет]]></param>
			<param name="штрихкод"><![CDATA[4820176259301]]></param>
		</offer>
		<offer id="CG36Black" available="false">
			<url>https://ukrpodarok.com.ua/stolik-dlya-noutbuka-cg36-black.html</url>
			<price>949</price>
			<currencyId>UAH</currencyId>
			<categoryId>1024</categoryId>
			<picture>https://ukrpodarok.com.ua/images/52526_0.jpg</picture>
			<picture>https://ukrpodarok.com.ua/images/52526_0.jpg</picture>
			<picture>https://ukrpodarok.com.ua/images/52526_0.jpg</picture>
			<picture>https://ukrpodarok.com.ua/images/52526_27241.jpg</picture>
			<picture>https://ukrpodarok.com.ua/images/52526_27242.jpg</picture>
			<picture>https://ukrpodarok.com.ua/images/52526_0.jpg</picture>
			<picture>https://ukrpodarok.com.ua/images/52526_27243.jpg</picture>
			<vendor>CG</vendor>
			<name>Столик для ноутбука CG36 Black</name>
			<barcode></barcode>
			<stock_quantity>0</stock_quantity>
			<description>
				<![CDATA[<p>Компактный и функциональный &ndash; так в нескольких словах можно охарактеризовать столик для ноутбука из коллекции. Модель выполнена из качественной надежного материала, отличающейся высокой износостойкостью и долговечностью. К тому же она полностью экологична и безопасна для здоровья. Изделие станет идеальным вариантом для спальни, гостиной и рабочего кабинета. Благодаря компактным размерам, этот предмет мебели прекрасно разместится на небольшой площади, экономя свободное пространство. Универсальный цвет и современный дизайн позволят органично вписать стол в интерьер.<strong><br /><br /><br /><br /><br /><br /><br /></strong></p>]]>
			</description>
			<param name="Материал"><![CDATA[ДеревоМеталл]]></param>
			<param name="Размеры"><![CDATA[490 x 300 x 290 мм]]></param>
			<param name="Вес"><![CDATA[2,5 кг]]></param>
			<param name="Гарантия"><![CDATA[6 месяцев]]></param>
			<param name="Наличие"><![CDATA[нет]]></param>
		</offer>
		<offer id="CG36Green" available="false">
			<url>https://ukrpodarok.com.ua/stolik-dlya-noutbuka-cg36-green.html</url>
			<price>949</price>
			<currencyId>UAH</currencyId>
			<categoryId>1024</categoryId>
			<picture>https://ukrpodarok.com.ua/images/52524_0.jpg</picture>
			<picture>https://ukrpodarok.com.ua/images/52524_0.jpg</picture>
			<picture>https://ukrpodarok.com.ua/images/52524_0.jpg</picture>
			<picture>https://ukrpodarok.com.ua/images/52524_27235.jpg</picture>
			<picture>https://ukrpodarok.com.ua/images/52524_27236.jpg</picture>
			<picture>https://ukrpodarok.com.ua/images/52524_0.jpg</picture>
			<picture>https://ukrpodarok.com.ua/images/52524_27237.jpg</picture>
			<vendor>CG</vendor>
			<name>Столик для ноутбука CG36 Green</name>
			<barcode></barcode>
			<stock_quantity>0</stock_quantity>
			<description>
				<![CDATA[<p>Компактный и функциональный &ndash; так в нескольких словах можно охарактеризовать столик для ноутбука из коллекции. Модель выполнена из качественной надежного материала, отличающейся высокой износостойкостью и долговечностью. К тому же она полностью экологична и безопасна для здоровья. Изделие станет идеальным вариантом для спальни, гостиной и рабочего кабинета. Благодаря компактным размерам, этот предмет мебели прекрасно разместится на небольшой площади, экономя свободное пространство. Универсальный цвет и современный дизайн позволят органично вписать стол в интерьер.<strong><br /><br /><br /><br /><br /><br /><br /></strong></p>]]>
			</description>
			<param name="Материал"><![CDATA[Дерево;Металл;]]></param>
			<param name="Цвет"><![CDATA[Зеленый]]></param>
			<param name="Размеры"><![CDATA[490 x 300 x 290 мм]]></param>
			<param name="Вес"><![CDATA[2,5 кг]]></param>
			<param name="Гарантия"><![CDATA[6 месяцев]]></param>
			<param name="Наличие"><![CDATA[нет]]></param>
		</offer>
		<offer id="CG36Pink" available="false">
			<url>https://ukrpodarok.com.ua/stolik-dlya-noutbuka-cg36-pink.html</url>
			<price>899</price>
			<currencyId>UAH</currencyId>
			<categoryId>1024</categoryId>
			<picture>https://ukrpodarok.com.ua/images/151921_0.jpg</picture>
			<picture>https://ukrpodarok.com.ua/images/52523_27232.jpg</picture>
			<picture>https://ukrpodarok.com.ua/images/52523_27233.jpg</picture>
			<picture>https://ukrpodarok.com.ua/images/52523_27234.jpg</picture>
			<vendor>CG</vendor>
			<name>Столик для ноутбука CG36 Pink</name>
			<barcode></barcode>
			<stock_quantity>0</stock_quantity>
			<description>
				<![CDATA[<p>Компактный и функциональный &ndash; так в нескольких словах можно охарактеризовать столик для ноутбука из коллекции. Модель выполнена из качественной надежного материала, отличающейся высокой износостойкостью и долговечностью. К тому же она полностью экологична и безопасна для здоровья. Изделие станет идеальным вариантом для спальни, гостиной и рабочего кабинета. Благодаря компактным размерам, этот предмет мебели прекрасно разместится на небольшой площади, экономя свободное пространство. Универсальный цвет и современный дизайн позволят органично вписать стол в интерьер.<strong><br /><br /><br /><br /><br /><br /><br /></strong></p>]]>
			</description>
			<param name="Материал"><![CDATA[ДеревоМеталл]]></param>
			<param name="Размеры"><![CDATA[490 x 300 x 290 мм]]></param>
			<param name="Вес"><![CDATA[2,5 кг]]></param>
			<param name="Гарантия"><![CDATA[6 месяцев]]></param>
			<param name="Наличие"><![CDATA[нет]]></param>
		</offer>
		<offer id="CG36Wood" available="false">
			<url>https://ukrpodarok.com.ua/stolik-dlya-noutbuka-cg36-wood.html</url>
			<price>949</price>
			<currencyId>UAH</currencyId>
			<categoryId>1024</categoryId>
			<picture>https://ukrpodarok.com.ua/images/52525_0.jpg</picture>
			<picture>https://ukrpodarok.com.ua/images/52525_0.jpg</picture>
			<picture>https://ukrpodarok.com.ua/images/52525_27238.jpg</picture>
			<picture>https://ukrpodarok.com.ua/images/52525_27239.jpg</picture>
			<picture>https://ukrpodarok.com.ua/images/52525_27240.jpg</picture>
			<vendor>CG</vendor>
			<name>Столик для ноутбука CG36 Wood</name>
			<barcode></barcode>
			<stock_quantity>0</stock_quantity>
			<description>
				<![CDATA[<p>Компактный и функциональный &ndash; так в нескольких словах можно охарактеризовать столик для ноутбука из коллекции. Модель выполнена из качественной надежного материала, отличающейся высокой износостойкостью и долговечностью. К тому же она полностью экологична и безопасна для здоровья. Изделие станет идеальным вариантом для спальни, гостиной и рабочего кабинета. Благодаря компактным размерам, этот предмет мебели прекрасно разместится на небольшой площади, экономя свободное пространство. Универсальный цвет и современный дизайн позволят органично вписать стол в интерьер.<strong><br /><br /><br /><br /><br /></strong></p>]]>
			</description>
			<param name="Материал"><![CDATA[ДеревоМеталл]]></param>
			<param name="Размеры"><![CDATA[490 x 300 x 290 мм]]></param>
			<param name="Вес"><![CDATA[2,5 кг]]></param>
			<param name="Гарантия"><![CDATA[6 месяцев]]></param>
			<param name="Наличие"><![CDATA[нет]]></param>
		</offer>
		<offer id="STARDREAMERBLACK" available="false">
			<url>https://ukrpodarok.com.ua/stolik-dlya-noutbuka-uft-stardreamer-black.html</url>
			<price>2999</price>
			<price_old>3299</price_old>
			<currencyId>UAH</currencyId>
			<categoryId>1024</categoryId>
			<picture>https://ukrpodarok.com.ua/images/152454_0.jpg</picture>
			<picture>https://ukrpodarok.com.ua/images/152454_101235.jpg</picture>
			<picture>https://ukrpodarok.com.ua/images/152454_101236.jpg</picture>
			<vendor>UFT</vendor>
			<name>Столик для ноутбука UFT STARDREAMER BLACK</name>
			<barcode>4820176247315</barcode>
			<stock_quantity>0</stock_quantity>
			<description>
				<![CDATA[]]>
			</description>
			<param name="Диагональ ноутбука"><![CDATA[17]]></param>
			<param name="Охлаждение"><![CDATA[Активное]]></param>
			<param name="Материал"><![CDATA[ПластикМетал]]></param>
			<param name="Особенности"><![CDATA[USB-хаб]]></param>
			<param name="Цвет"><![CDATA[Черный]]></param>
			<param name="Вентиляторы"><![CDATA[2, в комплекте USB кабель]]></param>
			<param name="Уровень шума"><![CDATA[5 дБА]]></param>
			<param name="Питание"><![CDATA[от порта USB]]></param>
			<param name="Вес"><![CDATA[1.8 кг]]></param>
			<param name="Гарантия"><![CDATA[6 месяцев]]></param>
			<param name="Наличие"><![CDATA[нет]]></param>
			<param name="вес в упаковке кг"><![CDATA[3]]></param>
			<param name="высота в упаковке см"><![CDATA[50]]></param>
			<param name="глубина в упаковке см"><![CDATA[5]]></param>
			<param name="ширина в упаковке см"><![CDATA[30]]></param>
			<param name="количество грузовых мест"><![CDATA[1]]></param>
			<param name="штрихкод"><![CDATA[4820176247315]]></param>
		</offer>
		<offer id="CGT38Pink" available="true">
			<url>https://ukrpodarok.com.ua/stolik-dlya-noutbuka-uft-t38-pink-19.html</url>
			<price>1944</price>
			<price_old>2344</price_old>
			<currencyId>UAH</currencyId>
			<categoryId>1024</categoryId>
			<picture>https://ukrpodarok.com.ua/images/152300_0.jpg</picture>
			<picture>https://ukrpodarok.com.ua/images/152300_100252.jpg</picture>
			<picture>https://ukrpodarok.com.ua/images/152300_100253.jpg</picture>
			<picture>https://ukrpodarok.com.ua/images/152300_100254.jpg</picture>
			<picture>https://ukrpodarok.com.ua/images/152300_100255.jpg</picture>
			<vendor>UFT</vendor>
			<name>Столик для ноутбука UFT T38 Pink 19&quot;</name>
			<barcode>4820176280305</barcode>
			<stock_quantity>100</stock_quantity>
			<description>
				<![CDATA[<p>Удобный и многофункциональный&nbsp;<strong>Столик для ноутбука&nbsp;UFT&nbsp;T38&nbsp;Pink&nbsp;</strong>изготовлен&nbsp;из качественного&nbsp;металла. Благодаря стильному и лаконичному дизайну&nbsp;<strong>T38&nbsp;</strong>гармонично впишется в любой интерьер.&nbsp;</p>  <p>Подставка под мышку крепится в любой части ножки, рука находится внизу и не отекает от долгого держания её навесу. Полочка под мышку сделана из пластика с приятным покрытием и силиконовой подушечкой под запястье.&nbsp;Матовая поверхность.<br />Для изменения наклона столешницы необходимо зажать кнопку на шарнире, и крутить ножку до нужного положения.</p>  <p>Размеры столешницы позволят использовать ноутбуки любых габаритов.<br />Размеры:<br />В сложенном виде (ШхВхГ): 560 х 300 х 50 мм<br />Столешница (ШхВ): 455 x 300 мм<br />Рабочая поверхность (ШхВ): 456 x 285 мм<br />Подставка под мышку: 155 х 165 мм<br />Предельная высота: 560 мм<br />Длина одной секции ножки: 300 мм<br />Максимальная нагрузка - 15 кг</p>]]>
			</description>
			<param name="Вид"><![CDATA[Столики]]></param>
			<param name="Диагональ ноутбука"><![CDATA[19]]></param>
			<param name="Охлаждение"><![CDATA[Пассивное]]></param>
			<param name="Материал"><![CDATA[Пластик;Металл;]]></param>
			<param name="Цвет"><![CDATA[Розовый]]></param>
			<param name="Вес"><![CDATA[1.8 кг]]></param>
			<param name="Особенности"><![CDATA[Регулируемый угол наклона]]></param>
			<param name="Страна регистрации бренда"><![CDATA[Украина]]></param>
			<param name="Гарантия"><![CDATA[6 месяцев]]></param>
			<param name="Наличие"><![CDATA[есть]]></param>
			<param name="вес в упаковке кг"><![CDATA[1.8]]></param>
			<param name="высота в упаковке см"><![CDATA[56]]></param>
			<param name="глубина в упаковке см"><![CDATA[30]]></param>
			<param name="ширина в упаковке см"><![CDATA[7]]></param>
			<param name="количество грузовых мест"><![CDATA[1]]></param>
			<param name="штрихкод"><![CDATA[4820176280305]]></param>
		</offer>
		<offer id="T36Black" available="true">
			<url>https://ukrpodarok.com.ua/stolik-dlya-noutbuka-v-krovat-plansheta-uft-t36-black-60-x-40-x-25-5-sm.html</url>
			<price>1199</price>
			<price_old>1299</price_old>
			<price_promo>1031</price_promo>
			<currencyId>UAH</currencyId>
			<categoryId>1024</categoryId>
			<picture>https://ukrpodarok.com.ua/images/152188_0.jpg</picture>
			<picture>https://ukrpodarok.com.ua/images/152188_99924.jpg</picture>
			<picture>https://ukrpodarok.com.ua/images/152188_99925.jpg</picture>
			<picture>https://ukrpodarok.com.ua/images/152188_99926.jpg</picture>
			<vendor>UFT</vendor>
			<name>Столик для ноутбука в кровать планшета UFT T36 Black 60 x 40 x 25.5 см</name>
			<barcode>4820176248213</barcode>
			<stock_quantity>50</stock_quantity>
			<description>
				<![CDATA[Компактний та функціональний &ndash; так у кількох словах можна охарактеризувати столик для ноутбука із колекції бренду UFT.<br /> Модель виконана з якісного надійного матеріалу, що відрізняється високою зносостійкістю та довговічністю. До того ж вона цілком екологічна та безпечна для здоров'я. Виріб стане ідеальним варіантом для спальні, вітальні та робочого кабінету. Завдяки компактним розмірам, цей предмет меблів чудово розміститься на невеликій площі, заощаджуючи вільний простір. <br />Універсальний колір та сучасний дизайн дозволять органічно вписати стіл в інтер'єр.<br />Особливості:<br />-Прогумовані ніжки;<br />- Проріз для планшету;<br />Розмір:<br />60х 40х 4 см<br />Максимальна висота:<br />25.5 см<br />Вага:<br />2.5 кг]]>
			</description>
			<param name="Вид"><![CDATA[Столики]]></param>
			<param name="Диагональ ноутбука"><![CDATA[17.4]]></param>
			<param name="Охлаждение"><![CDATA[Пассивное]]></param>
			<param name="Материал"><![CDATA[МДФМеталлПластик]]></param>
			<param name="Цвет"><![CDATA[Черный]]></param>
			<param name="Особенности"><![CDATA[Ячейка для планшета]]></param>
			<param name="Странапроизводитель"><![CDATA[Китай]]></param>
			<param name="Размеры,см"><![CDATA[60х 40х 4]]></param>
			<param name="Гарантия"><![CDATA[14 дней]]></param>
			<param name="Наличие"><![CDATA[есть]]></param>
			<param name="вес в упаковке кг"><![CDATA[3]]></param>
			<param name="высота в упаковке см"><![CDATA[60]]></param>
			<param name="глубина в упаковке см"><![CDATA[4]]></param>
			<param name="ширина в упаковке см"><![CDATA[40]]></param>
			<param name="количество грузовых мест"><![CDATA[1]]></param>
			<param name="штрихкод"><![CDATA[4820176248213]]></param>
		</offer>
		<offer id="UT35Wood" available="true">
			<url>https://ukrpodarok.com.ua/stolik-dlya-noutbuka-derevyannii-na-vidvizhnih-nozhkah-uft-t35-white.html</url>
			<price>1499</price>
			<price_old>1799</price_old>
			<currencyId>UAH</currencyId>
			<categoryId>1024</categoryId>
			<picture>https://ukrpodarok.com.ua/images/152451_0.jpg</picture>
			<picture>https://ukrpodarok.com.ua/images/152451_101215.jpg</picture>
			<picture>https://ukrpodarok.com.ua/images/152451_101216.jpg</picture>
			<picture>https://ukrpodarok.com.ua/images/152451_101217.jpg</picture>
			<picture>https://ukrpodarok.com.ua/images/152451_101218.jpg</picture>
			<vendor>UFT</vendor>
			<name>Столик для ноутбука деревянный на выдвижных ножках UFT T35 White</name>
			<barcode>4820176248404</barcode>
			<stock_quantity>50</stock_quantity>
			<description>
				<![CDATA[Компактный и функциональный&nbsp; столик для ноутбука. Модель выполнена из качественной надежного материала, отличающейся высокой износостойкостью и долговечностью. К тому же она полностью экологична и безопасна для здоровья. Изделие станет идеальным вариантом для спальни, гостиной и рабочего кабинета. Благодаря компактным размерам, этот предмет мебели прекрасно разместится на небольшой площади, экономя свободное пространство. Универсальный цвет и современный дизайн позволят органично вписать стол в интерьер.<br />Размеры:<br />Высота- 720-940 мм<br />Столешница: 600х400 мм]]>
			</description>
			<param name="Вид"><![CDATA[Столики]]></param>
			<param name="Охлаждение"><![CDATA[Пассивное]]></param>
			<param name="Вес"><![CDATA[5,5 кг]]></param>
			<param name="Диагональ ноутбука"><![CDATA[19&quot;]]></param>
			<param name="Размеры"><![CDATA[600х400 мм;720-940мм;]]></param>
			<param name="Минимальная высота"><![CDATA[720 мм]]></param>
			<param name="Максимальная высота"><![CDATA[940мм]]></param>
			<param name="Материал"><![CDATA[Дерево;Металл;]]></param>
			<param name="Особенности"><![CDATA[На выдвижных ножках]]></param>
			<param name="Цвет"><![CDATA[Белый]]></param>
			<param name="Производитель"><![CDATA[UFT]]></param>
			<param name="Страна регистрации бренда"><![CDATA[Украина]]></param>
			<param name="Странапроизводитель"><![CDATA[Китай]]></param>
			<param name="Гарантия"><![CDATA[1 месяц]]></param>
			<param name="Наличие"><![CDATA[есть]]></param>
			<param name="вес в упаковке кг"><![CDATA[5.5]]></param>
			<param name="высота в упаковке см"><![CDATA[60]]></param>
			<param name="глубина в упаковке см"><![CDATA[7]]></param>
			<param name="ширина в упаковке см"><![CDATA[40]]></param>
			<param name="количество грузовых мест"><![CDATA[1]]></param>
			<param name="штрихкод"><![CDATA[4820176248404]]></param>
		</offer>
		<offer id="T38White" available="true">
			<url>https://ukrpodarok.com.ua/stolik-dlya-noutbuka-diagonal-19-uft-t38-white.html</url>
			<price>2645</price>
			<price_old>2999</price_old>
			<currencyId>UAH</currencyId>
			<categoryId>1024</categoryId>
			<picture>https://ukrpodarok.com.ua/images/151934_0.jpg</picture>
			<picture>https://ukrpodarok.com.ua/images/151934_100165.jpg</picture>
			<picture>https://ukrpodarok.com.ua/images/151934_100166.jpg</picture>
			<picture>https://ukrpodarok.com.ua/images/151934_100167.jpg</picture>
			<picture>https://ukrpodarok.com.ua/images/151934_100168.jpg</picture>
			<vendor>UFT</vendor>
			<name>Столик для ноутбука диагональ 19&quot; UFT T38 White</name>
			<barcode>4820176242549</barcode>
			<stock_quantity>50</stock_quantity>
			<description>
				<![CDATA[<p>Удобный и многофункциональный&nbsp;Столик для ноутбука&nbsp;изготовлен с качественного&nbsp;металла. Благодаря стильному и лаконичному дизайну гармонично впишется в любой интерьер. На бортике столика размещены 2 резиновые накладки - чтобы Ваши руки не соприкасались с прохладным алюминием.&nbsp;Подставка под мышку крепится в любой части ножки, рука находится внизу и не отекает от долгого держания её навесу.</p>]]>
			</description>
			<param name="Вид"><![CDATA[Столики]]></param>
			<param name="Диагональ ноутбука"><![CDATA[19]]></param>
			<param name="Охлаждение"><![CDATA[Пасивное]]></param>
			<param name="Материал"><![CDATA[Алюминий;Пластик;]]></param>
			<param name="Особенности"><![CDATA[Подставка под мышку]]></param>
			<param name="Цвет"><![CDATA[Белый]]></param>
			<param name="Назначение"><![CDATA[Ноутбук]]></param>
			<param name="Размещение"><![CDATA[В кроватьНастольные]]></param>
			<param name="Вес"><![CDATA[1.8 кг]]></param>
			<param name="Гарантия"><![CDATA[1 месяц]]></param>
			<param name="Страна регистрации бренда"><![CDATA[Украина]]></param>
			<param name="Наличие"><![CDATA[есть]]></param>
			<param name="вес в упаковке кг"><![CDATA[3]]></param>
			<param name="высота в упаковке см"><![CDATA[55]]></param>
			<param name="глубина в упаковке см"><![CDATA[6]]></param>
			<param name="ширина в упаковке см"><![CDATA[25]]></param>
			<param name="количество грузовых мест"><![CDATA[1]]></param>
			<param name="штрихкод"><![CDATA[4820176242549]]></param>
		</offer>
		<offer id="CGT36Wood" available="true">
			<url>https://ukrpodarok.com.ua/stolik-dlya-noutbuka-krovatnii-uft-t36-wood-60-x-40-x-25-5-sm.html</url>
			<price>1199</price>
			<price_old>1299</price_old>
			<currencyId>UAH</currencyId>
			<categoryId>1024</categoryId>
			<picture>https://ukrpodarok.com.ua/images/152219_0.jpg</picture>
			<picture>https://ukrpodarok.com.ua/images/152219_100019.jpg</picture>
			<picture>https://ukrpodarok.com.ua/images/152219_100020.jpg</picture>
			<picture>https://ukrpodarok.com.ua/images/152219_100021.jpg</picture>
			<picture>https://ukrpodarok.com.ua/images/152219_100022.jpg</picture>
			<vendor>UFT</vendor>
			<name>Столик для ноутбука кроватный UFT T36 Wood 60 x 40 x 25.5 см</name>
			<barcode>4820176251312</barcode>
			<stock_quantity>50</stock_quantity>
			<description>
				<![CDATA[Компактний та функціональний – так у кількох словах можна охарактеризувати столик для ноутбука із колекції бренду UFT.<br />Модель виконана з якісного надійного матеріалу, що відрізняється високою зносостійкістю та довговічністю. До того ж вона цілком екологічна та безпечна для здоров'я. Виріб стане ідеальним варіантом для спальні, вітальні та робочого кабінету. Завдяки компактним розмірам, цей предмет меблів чудово розміститься на невеликій площі, заощаджуючи вільний простір.<br />Універсальний колір та сучасний дизайн дозволять органічно вписати стіл в інтер'єр.<br />Особливості:<br />-Прогумовані ніжки;<br />- Проріз для планшету;<br />Розмір:<br />60х 40х 4 см<br />Максимальна висота:<br />25.5 см<br />Вага:<br />2.5 кг]]>
			</description>
			<param name="Вид"><![CDATA[Столики]]></param>
			<param name="Диагональ ноутбука"><![CDATA[17.4]]></param>
			<param name="Охлаждение"><![CDATA[Пассивное]]></param>
			<param name="Материал"><![CDATA[МДФМеталлПластик]]></param>
			<param name="Особенности"><![CDATA[Ячейка для планшета]]></param>
			<param name="Цвет"><![CDATA[Коричневый]]></param>
			<param name="Размеры,см"><![CDATA[60х 40х 4]]></param>
			<param name="Гарантия"><![CDATA[14 дней]]></param>
			<param name="Наличие"><![CDATA[есть]]></param>
			<param name="вес в упаковке кг"><![CDATA[3]]></param>
			<param name="высота в упаковке см"><![CDATA[60]]></param>
			<param name="глубина в упаковке см"><![CDATA[4]]></param>
			<param name="ширина в упаковке см"><![CDATA[40]]></param>
			<param name="количество грузовых мест"><![CDATA[1]]></param>
			<param name="штрихкод"><![CDATA[4820176251312]]></param>
			<param name="гарантия"><![CDATA[14 дней]]></param>
		</offer>
		<offer id="STARDREAMERSILVER" available="false">
			<url>https://ukrpodarok.com.ua/stolik-dlya-noutbuka-s-aktivnim-ohlazhdeniem-uft-stardreamer-silver.html</url>
			<price>2980</price>
			<price_old>3299</price_old>
			<currencyId>UAH</currencyId>
			<categoryId>1024</categoryId>
			<picture>https://ukrpodarok.com.ua/images/152453_0.jpg</picture>
			<picture>https://ukrpodarok.com.ua/images/152453_101230.jpg</picture>
			<picture>https://ukrpodarok.com.ua/images/152453_101231.jpg</picture>
			<picture>https://ukrpodarok.com.ua/images/152453_101232.jpg</picture>
			<picture>https://ukrpodarok.com.ua/images/152453_101233.jpg</picture>
			<picture>https://ukrpodarok.com.ua/images/152453_101234.jpg</picture>
			<vendor>UFT</vendor>
			<name>Столик для ноутбука с активным охлаждением UFT STARDREAMER SILVER</name>
			<barcode>4820176247315</barcode>
			<stock_quantity>0</stock_quantity>
			<description>
				<![CDATA[<p>Stardreamer SILVER используется улучшенное качество металла, по сравнению с предыдущими моделями &mdash; столик стал прочнее.Столик стал выше &mdash; стало удобнее использовать его возле кровати.<br />Столешница его стала больше &mdash; уже можно использовать на нём ноутбуки больших размеров.<br />Новые усовершенствованные шарниры работают как часы.<br />Подставка под мышку крепится в любой части ножки, рука находится внизу и не отекает от долгого держания её навесу. А специальное покрытие и силиконовая подушечка для запястья зделают работу более комфортной.<br />Съемный вентилятор можно двигать по всей ширине столика, таким образом охлаждая именно ту часть ноутбука, которая нагревается больше всего.<br />В кулер встроен USB-хаб на 3 порта.<br />На бортике столика размещены 2 резиновые накладки &mdash; чтобы ваши руки не соприкасались с прохладным аллюминием.</p>  Возможное использование: На полу при кресле, на диване сидя, на кровати лежа, подставка на стол<br />Подходит ноутбук: 14' 15' 16' 17' 18' 19'<br />Охлаждение: Активное<br />Вентиляторы: 2<br />USB хаб: 3<br />от порта USB<br />Материал<br />Нержавеющий сплав алюминия.<br />Шарниры: ABC-пластик<br />Размеры<br />В сложенном виде (ШхВхГ): 560 x 300 х 50 мм<br />Столешница (ШхВ): 455 x 300 мм<br />Рабочая поверхность (ШхВ): 456 x 285 мм<br />Подставка под мышку: 155 х 165 мм<br />Предельная высота: 560 мм<br />Длина одной секции ножки: 300 мм.<br />Дополнительные характеристики:<br />Вес: 1,8 кг<br />Максимальная нагрузка: 15 кг<br />Поверхность: Матовая<br />Цвет: Серебристый<br />Подставка для мышки фиксируется на любой высоте на ножке столика как слева так и справа<br />Угол наклона столешницы: 360&deg;<br />Возможность передвинуть кулер в ту часть, где ноутбук греется.<br />Комплектация: Столик для ноутбука, подставка под мышку, резиновые накладки для рук, кабель питания USB, съемный кулер с встроенными USB хабами.]]>
			</description>
			<param name="Диагональ ноутбука"><![CDATA[17]]></param>
			<param name="Охлаждение"><![CDATA[Активное]]></param>
			<param name="Материал"><![CDATA[ПластикМетал]]></param>
			<param name="Особенности"><![CDATA[USB-хаб]]></param>
			<param name="Цвет"><![CDATA[Серебристый]]></param>
			<param name="Вентиляторы"><![CDATA[2, в комплекте USB кабель]]></param>
			<param name="Уровень шума"><![CDATA[5 дБА]]></param>
			<param name="Питание"><![CDATA[от порта USB]]></param>
			<param name="Вес"><![CDATA[1.8 кг]]></param>
			<param name="Гарантия"><![CDATA[6 месяцев]]></param>
			<param name="Наличие"><![CDATA[нет]]></param>
			<param name="вес в упаковке кг"><![CDATA[3]]></param>
			<param name="высота в упаковке см"><![CDATA[50]]></param>
			<param name="глубина в упаковке см"><![CDATA[6]]></param>
			<param name="ширина в упаковке см"><![CDATA[30]]></param>
			<param name="количество грузовых мест"><![CDATA[1]]></param>
			<param name="штрихкод"><![CDATA[4820176247315]]></param>
		</offer>
		<offer id="CGT37" available="true">
			<url>https://ukrpodarok.com.ua/stolik-dlya-noutbuku-v-l-zhko-dlya-sn-danku-derevyanii-uft-t37.html</url>
			<price>887</price>
			<price_old>1299</price_old>
			<currencyId>UAH</currencyId>
			<categoryId>1024</categoryId>
			<picture>https://ukrpodarok.com.ua/images/151914_0.jpg</picture>
			<picture>https://ukrpodarok.com.ua/images/52513_27211.jpg</picture>
			<picture>https://ukrpodarok.com.ua/images/52513_27210.jpg</picture>
			<vendor>UFT</vendor>
			<name>Столик для ноутбуку в ліжко для сніданку дерев&apos;яний UFT T37</name>
			<barcode>4820176251817</barcode>
			<stock_quantity>50</stock_quantity>
			<description>
				<![CDATA[<p>Компактный и функциональный &ndash; так в нескольких словах можно охарактеризовать столик для ноутбука из коллекции. Модель выполнена из качественной надежного материала, отличающейся высокой износостойкостью и долговечностью. К тому же она полностью экологична и безопасна для здоровья. Изделие станет идеальным вариантом для спальни, гостиной и рабочего кабинета. Благодаря компактным размерам, этот предмет мебели прекрасно разместится на небольшой площади, экономя свободное пространство. Универсальный цвет и современный дизайн позволят органично вписать стол в интерьер.<br /><strong><br /><br /></strong></p>]]>
			</description>
			<param name="Вид"><![CDATA[Столики]]></param>
			<param name="Охлаждение"><![CDATA[Пассивное]]></param>
			<param name="Материал"><![CDATA[Дерево;Металл;]]></param>
			<param name="Цвет"><![CDATA[Бежевый]]></param>
			<param name="Размеры"><![CDATA[54х42 см]]></param>
			<param name="Вес"><![CDATA[2.3 кг]]></param>
			<param name="Странапроизводитель"><![CDATA[Китай]]></param>
			<param name="Страна регистрации бренда"><![CDATA[Украина]]></param>
			<param name="Гарантия"><![CDATA[1 месяц]]></param>
			<param name="Бренд"><![CDATA[UFT]]></param>
			<param name="Наличие"><![CDATA[есть]]></param>
			<param name="вес в упаковке кг"><![CDATA[2.3]]></param>
			<param name="высота в упаковке см"><![CDATA[54]]></param>
			<param name="глубина в упаковке см"><![CDATA[42]]></param>
			<param name="ширина в упаковке см"><![CDATA[8]]></param>
			<param name="количество грузовых мест"><![CDATA[1]]></param>
			<param name="штрихкод"><![CDATA[4820176251817]]></param>
		</offer>
		<offer id="T36Green" available="true">
			<url>https://ukrpodarok.com.ua/stolik-krovatnii-dlya-noutbuka-plansheta-uft-t36-green-60-x-40-x-25-5-sm.html</url>
			<price>999</price>
			<price_old>1299</price_old>
			<currencyId>UAH</currencyId>
			<categoryId>1024</categoryId>
			<picture>https://ukrpodarok.com.ua/images/152187_0.jpg</picture>
			<picture>https://ukrpodarok.com.ua/images/152187_100033.jpg</picture>
			<picture>https://ukrpodarok.com.ua/images/152187_100034.jpg</picture>
			<picture>https://ukrpodarok.com.ua/images/152187_99921.jpg</picture>
			<picture>https://ukrpodarok.com.ua/images/152187_99920.jpg</picture>
			<vendor>UFT</vendor>
			<name>Столик кроватный для ноутбука планшета UFT T36 Green 60 x 40 x 25.5 см</name>
			<barcode>4820176250674</barcode>
			<stock_quantity>50</stock_quantity>
			<description>
				<![CDATA[Компактний та функціональний &ndash; так у кількох словах можна охарактеризувати столик для ноутбука із колекції бренду UFT.<br />Модель виконана з якісного надійного матеріалу, що відрізняється високою зносостійкістю та довговічністю. До того ж вона цілком екологічна та безпечна для здоров'я. Виріб стане ідеальним варіантом для спальні, вітальні та робочого кабінету. Завдяки компактним розмірам, цей предмет меблів чудово розміститься на невеликій площі, заощаджуючи вільний простір.<br />Універсальний колір та сучасний дизайн дозволять органічно вписати стіл в інтер'єр.<br />Особливості:<br />-Прогумовані ніжки;<br />- Проріз для планшету;<br />Розмір:<br />60х 40х 4 см<br />Максимальна висота:<br />25.5 см<br />Вага:<br />2.5 кг]]>
			</description>
			<param name="Вид"><![CDATA[Столики]]></param>
			<param name="Диагональ ноутбука"><![CDATA[17.4]]></param>
			<param name="Охлаждение"><![CDATA[Пассивное]]></param>
			<param name="Материал"><![CDATA[МДФМеталлПластик]]></param>
			<param name="Особенности"><![CDATA[Ячейка для планшета]]></param>
			<param name="Цвет"><![CDATA[Зеленый]]></param>
			<param name="Размеры,см"><![CDATA[60х 40х 4]]></param>
			<param name="Гарантия"><![CDATA[14 дней]]></param>
			<param name="Наличие"><![CDATA[есть]]></param>
			<param name="вес в упаковке кг"><![CDATA[3]]></param>
			<param name="высота в упаковке см"><![CDATA[60]]></param>
			<param name="глубина в упаковке см"><![CDATA[4]]></param>
			<param name="ширина в упаковке см"><![CDATA[40]]></param>
			<param name="количество грузовых мест"><![CDATA[1]]></param>
			<param name="штрихкод"><![CDATA[4820176250674]]></param>
		</offer>
		<offer id="T36White" available="true">
			<url>https://ukrpodarok.com.ua/stolik-krovatnii-dlya-noutbuka-plansheta-uft-t36-white-60-x-40-x-25-5-sm.html</url>
			<price>1199</price>
			<price_old>1299</price_old>
			<currencyId>UAH</currencyId>
			<categoryId>1024</categoryId>
			<picture>https://ukrpodarok.com.ua/images/151933_0.jpg</picture>
			<picture>https://ukrpodarok.com.ua/images/52614_63720.jpg</picture>
			<picture>https://ukrpodarok.com.ua/images/52614_63721.jpg</picture>
			<picture>https://ukrpodarok.com.ua/images/151933_101102.jpg</picture>
			<picture>https://ukrpodarok.com.ua/images/151933_101103.jpg</picture>
			<vendor>UFT</vendor>
			<name>Столик кроватный для ноутбука планшета UFT T36 White 60 x 40 x 25.5 см</name>
			<barcode>4820176248312</barcode>
			<stock_quantity>50</stock_quantity>
			<description>
				<![CDATA[<p>Компактний та функціональний &ndash; так у кількох словах можна охарактеризувати столик для ноутбука із колекції бренду UFT.<br />Модель виконана з якісного надійного матеріалу, що відрізняється високою зносостійкістю та довговічністю. До того ж вона цілком екологічна та безпечна для здоров'я. Виріб стане ідеальним варіантом для спальні, вітальні та робочого кабінету. Завдяки компактним розмірам, цей предмет меблів чудово розміститься на невеликій площі, заощаджуючи вільний простір.<br />Універсальний колір та сучасний дизайн дозволять органічно вписати стіл в інтер'єр.<br />Особливості:<br />-Прогумовані ніжки;<br />- Проріз для планшету;<br />Розмір:<br />60х 40х 4 см<br />Максимальна висота:<br />25.5 см<br />Вага:<br />2.5 кг</p>]]>
			</description>
			<param name="Вид"><![CDATA[Столики]]></param>
			<param name="Диагональ ноутбука"><![CDATA[17.4]]></param>
			<param name="Охлаждение"><![CDATA[Пассивное]]></param>
			<param name="Материал"><![CDATA[МДФМеталлПластик]]></param>
			<param name="Цвет"><![CDATA[Белый]]></param>
			<param name="Особенности"><![CDATA[Ячейка для планшета]]></param>
			<param name="Странапроизводитель"><![CDATA[Китай]]></param>
			<param name="Размеры,см"><![CDATA[60х 40х 4]]></param>
			<param name="Гарантия"><![CDATA[14 дней]]></param>
			<param name="Наличие"><![CDATA[есть]]></param>
			<param name="вес в упаковке кг"><![CDATA[3]]></param>
			<param name="высота в упаковке см"><![CDATA[60]]></param>
			<param name="глубина в упаковке см"><![CDATA[4]]></param>
			<param name="ширина в упаковке см"><![CDATA[40]]></param>
			<param name="количество грузовых мест"><![CDATA[1]]></param>
			<param name="штрихкод"><![CDATA[4820176248312]]></param>
		</offer>
		<offer id="Freetable-3" available="true">
			<url>https://ukrpodarok.com.ua/stolik-p-dstavka-dlya-noutbuka-15-6-uft-free-table-3.html</url>
			<price>944</price>
			<price_old>999</price_old>
			<currencyId>UAH</currencyId>
			<categoryId>1024</categoryId>
			<picture>https://ukrpodarok.com.ua/images/150976_0.jpg</picture>
			<picture>https://ukrpodarok.com.ua/images/150976_99807.jpg</picture>
			<picture>https://ukrpodarok.com.ua/images/150976_100429.jpg</picture>
			<picture>https://ukrpodarok.com.ua/images/150976_100430.jpg</picture>
			<picture>https://ukrpodarok.com.ua/images/150976_100431.jpg</picture>
			<picture>https://ukrpodarok.com.ua/images/150976_100432.jpg</picture>
			<vendor>UFT</vendor>
			<name>Столик підставка для ноутбука 15.6&quot; UFT Free Table 3</name>
			<barcode>4820176240200</barcode>
			<stock_quantity>100</stock_quantity>
			<description>
				<![CDATA[FreeTable-3 - портативний і зручний столик-трансформер, який робить досягнення світу ергономічної техніки доступними кожному користувачеві ноутбуком і планшетним комп'ютером. Відмінною особливістю даної моделі є продумана система фіксації ноутбука не суцільним упором, а двома невеликими фіксаторами на передній частині стільниці, які при необхідності можна скласти. Ніжки столика виготовлені з термостійкого&nbsp;сплаву алюмінію. У стільниці передбачені отвори для пасивної вентиляції повітря під ноутбуком. Отвори виконані в оригінальному технологічному дизайні, що відображає дух нашого часу. Цей столик для ноутбука можна використовувати не лише як підставка для ноутбука, а й як підставка під планшет.<br />Розміри:<br />У складеному вигляді (ШхВхГ): 480 х 260 х 40 мм;<br />Стільниця (ШхВ): 380 х 260 мм;<br />Робоча поверхня (ШхВ): 380 х 260 мм;<br />Гранична висота: 480 мм<br /><br />]]>
			</description>
			<param name="Вид"><![CDATA[Столики]]></param>
			<param name="Охлаждение"><![CDATA[Пассивное]]></param>
			<param name="Вентиляторы"><![CDATA[Нет]]></param>
			<param name="USB хаб"><![CDATA[Нет]]></param>
			<param name="Материал"><![CDATA[Металл;Пластик;]]></param>
			<param name="Диагональ ноутбука"><![CDATA[15.6]]></param>
			<param name="Вес"><![CDATA[1,2 кг]]></param>
			<param name="Максимальная нагрузка"><![CDATA[15 кг]]></param>
			<param name="Цвет"><![CDATA[Черный]]></param>
			<param name="Особенности"><![CDATA[Регулируемый угол наклона]]></param>
			<param name="Гарантия"><![CDATA[1 месяц]]></param>
			<param name="Производитель"><![CDATA[UFT]]></param>
			<param name="Наличие"><![CDATA[есть]]></param>
			<param name="вес в упаковке кг"><![CDATA[1.8]]></param>
			<param name="высота в упаковке см"><![CDATA[50]]></param>
			<param name="глубина в упаковке см"><![CDATA[27]]></param>
			<param name="ширина в упаковке см"><![CDATA[5]]></param>
			<param name="количество грузовых мест"><![CDATA[1]]></param>
			<param name="штрихкод"><![CDATA[4820176240200]]></param>
		</offer>
		<offer id="CGT51" available="true">
			<url>https://ukrpodarok.com.ua/stolik-podstavka-dlya-noutbuka-17-c-aktivnim-ohlazhdeniem-uft-t51.html</url>
			<price>1620</price>
			<price_old>1699</price_old>
			<currencyId>UAH</currencyId>
			<categoryId>1024</categoryId>
			<picture>https://ukrpodarok.com.ua/images/152280_0.jpg</picture>
			<picture>https://ukrpodarok.com.ua/images/152280_100174.jpg</picture>
			<picture>https://ukrpodarok.com.ua/images/152280_100175.jpg</picture>
			<picture>https://ukrpodarok.com.ua/images/152280_100176.jpg</picture>
			<picture>https://ukrpodarok.com.ua/images/152280_100177.jpg</picture>
			<picture>https://ukrpodarok.com.ua/images/152280_100178.jpg</picture>
			<picture>https://ukrpodarok.com.ua/images/152280_100179.jpg</picture>
			<picture>https://ukrpodarok.com.ua/images/152280_100180.jpg</picture>
			<vendor>UFT</vendor>
			<name>Столик подставка для ноутбука 17&quot; c активным охлаждением UFT T51</name>
			<barcode>4820176271624</barcode>
			<stock_quantity>50</stock_quantity>
			<description>
				<![CDATA[Универсальный Столик для ноутбука&nbsp;UFT<strong>&nbsp;T51</strong>&nbsp;с кулером предназначен для охлажденя ноутбука и более комфортной работы за ним.<br />Во-первых разгружает вашу спину и шею когда вы работаете за столом, приподнимая ноутбук на уровень глаз и слегка наклоняя клавиатуру.<br />Во-вторых с таким столиком можно расположиться в постели, на диване или в кресле<br />Ну и конечно же использовать как прикроватный столик, ведь высоты 50см вполне для этого достаточно<br />Столик имеет облегченный корпус, всего 1.7кг. Что очень важно для людей пожелого возраста, или для тех кто временно прикован к постели.<br />Два кулера ратают от USB кабеля, котрый входит в комплект.<br />В комплекте так же есть подставка под мышку, выполненая из пластика с приятным покрытием, крепится на ножку.<br />Размер в сложенном виде:<br />49х27х6 см<br />Столешница:<br />42х27 см<br />Подставка для мышки:<br />16х18 см<br /><br /><br />]]>
			</description>
			<param name="Вид"><![CDATA[Столики]]></param>
			<param name="Размеры"><![CDATA[490 х 270 х 60 мм]]></param>
			<param name="Размер в сложенном виде"><![CDATA[49 х 27 х 6 см]]></param>
			<param name="Охлаждение"><![CDATA[Активное]]></param>
			<param name="Цвет"><![CDATA[Черный]]></param>
			<param name="Вентиляторы"><![CDATA[2]]></param>
			<param name="Предельная высота"><![CDATA[50 см]]></param>
			<param name="Питание"><![CDATA[от порта USB]]></param>
			<param name="Максимальная нагрузка"><![CDATA[до 25 кг]]></param>
			<param name="Уровень шума"><![CDATA[5 дБА]]></param>
			<param name="Особенности"><![CDATA[Регулируемый угол наклона]]></param>
			<param name="Материал"><![CDATA[Алюминиевый сплав]]></param>
			<param name="Вес"><![CDATA[1,75 кг]]></param>
			<param name="Страна регистрации бренда"><![CDATA[Украина]]></param>
			<param name="Гарантия"><![CDATA[1 месяц]]></param>
			<param name="Наличие"><![CDATA[есть]]></param>
			<param name="вес в упаковке кг"><![CDATA[1.75]]></param>
			<param name="высота в упаковке см"><![CDATA[50]]></param>
			<param name="глубина в упаковке см"><![CDATA[7]]></param>
			<param name="ширина в упаковке см"><![CDATA[30]]></param>
			<param name="количество грузовых мест"><![CDATA[1]]></param>
			<param name="штрихкод"><![CDATA[4820176271624]]></param>
		</offer>
		<offer id="T60pink" available="true">
			<url>https://ukrpodarok.com.ua/stolik-podstavka-dlya-noutbuka-s-kulerom-uft-t60-pink.html</url>
			<price>977</price>
			<price_old>1299</price_old>
			<currencyId>UAH</currencyId>
			<categoryId>1024</categoryId>
			<picture>https://ukrpodarok.com.ua/images/152481_0.jpg</picture>
			<picture>https://ukrpodarok.com.ua/images/152481_101390.jpg</picture>
			<picture>https://ukrpodarok.com.ua/images/152481_101391.jpg</picture>
			<picture>https://ukrpodarok.com.ua/images/152481_101392.jpg</picture>
			<picture>https://ukrpodarok.com.ua/images/152481_101393.jpg</picture>
			<vendor>UFT</vendor>
			<name>Столик подставка для ноутбука с кулером UFT T60 Pink</name>
			<barcode>4820176282057</barcode>
			<stock_quantity>50</stock_quantity>
			<description>
				<![CDATA[Столик для ноутбука UFT T59 Pink - это столик трансформер, его можно использовать для различных ситуаций и потребностей.<br />Варианты использования - на диване, в кровати, на полу, на пуфике и т.д.<br /><br />T59 имеет кулер для охлаждения ноутбука, который подключается к ноутбуку по USB кабелю.<br />Особенностью данной подставки для ноутбука является встроеный в вентилятор ЮСБ Хаб на три порта, таким образом заняв всего один порт в вашем ноутбуке вы получите целых три для подключния ваших девайсов, таких как, мышка, флешка или зарядка других гаджетов.<br /><br />Кроме того данную модель среди прочих виделяет особый дизайн перфорации на столешнице в виде солнца с лучами.<br /><br /><br />Столик имеет множество вариацый положений, между каждой секцией ножек имеется шарнир, по нажатию на который вы можете вращать ножку для получения нужного положения.<br /><br />Столешница и ножки выполнены из легкого сплава аллюминия, а шарниры пластиковые.<br /><br /><br />]]>
			</description>
			<param name="Диагональ ноутбука"><![CDATA[16&quot;]]></param>
			<param name="Вид"><![CDATA[Подставки]]></param>
			<param name="Охлаждение"><![CDATA[Активное]]></param>
			<param name="Размещение"><![CDATA[Настольные; В кровать]]></param>
			<param name="Назначение"><![CDATA[Ноутбук]]></param>
			<param name="Цвет"><![CDATA[Розовый]]></param>
			<param name="Гарантия"><![CDATA[14 дней]]></param>
			<param name="Наличие"><![CDATA[есть]]></param>
			<param name="вес в упаковке кг"><![CDATA[3]]></param>
			<param name="высота в упаковке см"><![CDATA[53]]></param>
			<param name="глубина в упаковке см"><![CDATA[6]]></param>
			<param name="ширина в упаковке см"><![CDATA[28]]></param>
			<param name="количество грузовых мест"><![CDATA[1]]></param>
			<param name="штрихкод"><![CDATA[4820176282057]]></param>
		</offer>
		<offer id="CGT6 Silver" available="true">
			<url>https://ukrpodarok.com.ua/stolik-podstavka-pod-noutbuk-17-uft-sprinter-t6-silver-s-aktivnim-ohlazhdeniem.html</url>
			<price>1999</price>
			<price_old>2144</price_old>
			<currencyId>UAH</currencyId>
			<categoryId>1024</categoryId>
			<picture>https://ukrpodarok.com.ua/images/151822_0.jpg</picture>
			<picture>https://ukrpodarok.com.ua/images/151822_99628.jpg</picture>
			<picture>https://ukrpodarok.com.ua/images/151822_99672.jpg</picture>
			<picture>https://ukrpodarok.com.ua/images/151822_100406.jpg</picture>
			<picture>https://ukrpodarok.com.ua/images/151822_100407.jpg</picture>
			<picture>https://ukrpodarok.com.ua/images/151822_100408.jpg</picture>
			<picture>https://ukrpodarok.com.ua/images/151822_100409.jpg</picture>
			<vendor>UFT</vendor>
			<name>Столик подставка под ноутбук 17&quot; UFT Sprinter T6 Silver с активным охлаждением</name>
			<barcode>4820176240133</barcode>
			<stock_quantity>50</stock_quantity>
			<description>
				<![CDATA[Столик для ноутбука UFT T6 Silver серебристого цвета с алюминиевой&nbsp;подставкой под мышку - это самая популярная модель. Уже с уверенностью можна сказать - столик для ноутбука непременно, одна из самых удачных моделей в мире.&nbsp;  Вес: 1.7 кг<br />Дополнительные характеристики:<br />Возможность фиксации любого угла наклона столешницы;<br />Максимальная нагрузка: до 15 кг;<br />Возможность фиксации подставки под мышку на ножке столика на любой высоте как слева, так и справа;  Сделан из сплава алюминия.&nbsp;<br />Регулируемый угол наклона.  Размеры:<br />В&nbsp;сложенном виде 490 мм x 280 мм x 60 мм<br />рабочая поверхность 420 мм x 265 мм<br />максимальная высота 470 мм<br />длина одной секции ножки 255 мм.<br />ширина (расстояние между ножками) - 435 мм.<br />      <p></p>        <br /><br />  <p></p>]]>
			</description>
			<param name="Вид"><![CDATA[Столики]]></param>
			<param name="Охлаждение"><![CDATA[Активное]]></param>
			<param name="Материал"><![CDATA[Металл;Пластик;]]></param>
			<param name="Вентиляторы"><![CDATA[2, в комплекте USB кабель]]></param>
			<param name="Уровень шума"><![CDATA[5 дБА]]></param>
			<param name="Питание"><![CDATA[От порта USB]]></param>
			<param name="Особенности"><![CDATA[USB-хаб;Регулируемый угол наклона;]]></param>
			<param name="Бренд"><![CDATA[UFT]]></param>
			<param name="Цвет"><![CDATA[Серебристый]]></param>
			<param name="Вес"><![CDATA[1.7 кг]]></param>
			<param name="Гарантия"><![CDATA[1 месяц]]></param>
			<param name="Наличие"><![CDATA[есть]]></param>
			<param name="вес в упаковке кг"><![CDATA[1.7]]></param>
			<param name="высота в упаковке см"><![CDATA[50]]></param>
			<param name="глубина в упаковке см"><![CDATA[30]]></param>
			<param name="ширина в упаковке см"><![CDATA[7]]></param>
			<param name="количество грузовых мест"><![CDATA[1]]></param>
			<param name="штрихкод"><![CDATA[4820176240133]]></param>
		</offer>
		<offer id="CGYokoPink" available="true">
			<url>https://ukrpodarok.com.ua/stolik-transformer-uft-yoko-vip-pink-dlya-noutbuka-19-s-lampoi-usb-dlya-podsvetki-klaviaturi.html</url>
			<price>3699</price>
			<price_old>3999</price_old>
			<currencyId>UAH</currencyId>
			<categoryId>1024</categoryId>
			<picture>https://ukrpodarok.com.ua/images/151873_0.jpg</picture>
			<picture>https://ukrpodarok.com.ua/images/151873_100169.jpg</picture>
			<picture>https://ukrpodarok.com.ua/images/151873_100629.jpg</picture>
			<picture>https://ukrpodarok.com.ua/images/151873_100630.jpg</picture>
			<picture>https://ukrpodarok.com.ua/images/151873_100631.jpg</picture>
			<picture>https://ukrpodarok.com.ua/images/151873_100632.jpg</picture>
			<picture>https://ukrpodarok.com.ua/images/151873_100633.jpg</picture>
			<vendor>UFT</vendor>
			<name>Столик трансформер UFT YOKO VIP Pink для ноутбука 19&quot; с лампой USB для подсветки клавиатуры</name>
			<barcode>4820176247407</barcode>
			<stock_quantity>30</stock_quantity>
			<description>
				<![CDATA[<p>Столик для ноутбука YOKO является столиком для ноутбука премиум класса и создан дарить комфорт. Столик выдерживает до 60 кг статичной нагрузки, что достигается усиленной прочностью и принципиально новыми сверхпрочными шарнирами&nbsp;по технологии MAXI Power.<br /> При нажатии на кнопку на шарнире Вы можете выбрать любое положение колена столика.<br />Столик имеет 3 дополнительных USB хаба.&nbsp;<br />Он&nbsp;оснащен двумя охлаждающими вентиляторами, которые работают автономно от ноутбука при помощи USB кабеля (входит в комплектацию). Также в комплектацию входит USB LED светильник на гибкой ножке, позволяющий зафиксировать необходимое направление&nbsp;потока света для подсветки клавиатуры ноутбука. На ножку столика на любой высоте фиксируется съемная усовершенствованная подставка для мышки. С этим столиком для ноутбука Ваша работа и отдых за ноутбуком выйдут на качественно новый уровень комфорта.<br /> Возможное использование: на полу&nbsp;сидя на кресле, на диване, на кровати лежа, подставка на стол.<br /><br />В сложенном виде (ШхВхГ): 560 x 300 х 50 мм<br />Столешница (ШхВ): 455 x 300 мм<br />Рабочая поверхность (ШхВ): 456 x 285 мм<br />Подставка под мышку: 155 х 165 мм<br />Предельная высота: 560 мм<br />Длина одной секции ножки: 300 мм<br /><br />Столик для ноутбука YOKO є столиком для ноутбука преміум класу та створений дарувати комфорт. Столик витримує до 60 кг статичного навантаження, що досягається посиленою міцністю та принципово новими надміцними шарнірами за технологією MAXI Power.<br />При натисканні на кнопку на шарнірі Ви можете вибрати будь-яке положення коліна столика.<br />Столик має 3 додаткові USB хаби.<br />Він оснащений двома вентиляторами, що охолоджують, які працюють автономно від ноутбука за допомогою USB кабелю (входить в комплектацію). Також в комплектацію входить USB LED світильник на гнучкій ніжці, що дозволяє зафіксувати необхідний напрямок потоку світла для підсвічування ноутбука клавіатури. На ніжку столика на будь-якій висоті фіксується вдосконалена знімна підставка для мишки. З цим столиком для ноутбука Ваша робота та відпочинок за ноутбуком вийдуть на якісно новий рівень комфорту.<br />Можливе використання: на підлозі, сидячи на кріслі, на дивані, на ліжку лежачи, підставка на стіл.<br /><br />У складеному вигляді (ШхВхГ): 560 x 300 х 50 мм<br />Стільниця (ШхВ): 455 x 300 мм<br />Робоча поверхня (ШхВ): 456 х 285 мм<br />Підставка під мишку: 155 х 165 мм<br />Гранична висота: 560 мм<br />Довжина однієї секції ніжки: 300 мм</p>]]>
			</description>
			<param name="Вид"><![CDATA[Столики]]></param>
			<param name="Охладжение"><![CDATA[Активное]]></param>
			<param name="Цвет"><![CDATA[Розовый]]></param>
			<param name="Материал"><![CDATA[Металл]]></param>
			<param name="Диагональ ноутбука"><![CDATA[19]]></param>
			<param name="Размещение"><![CDATA[В кроватьНастольные]]></param>
			<param name="Назначение"><![CDATA[Ноутбук]]></param>
			<param name="Особенности"><![CDATA[USB-хаб;Подставка под мышку;Подсветка;]]></param>
			<param name="Рекгулировка"><![CDATA[Регулируемый угол наклона;Высота ножек;]]></param>
			<param name="Вентиляторы"><![CDATA[2]]></param>
			<param name="Питание"><![CDATA[От порта USB]]></param>
			<param name="Гарантия"><![CDATA[1 месяц]]></param>
			<param name="Бренд"><![CDATA[UFT]]></param>
			<param name="Наличие"><![CDATA[есть]]></param>
			<param name="вес в упаковке кг"><![CDATA[2.3]]></param>
			<param name="высота в упаковке см"><![CDATA[56]]></param>
			<param name="глубина в упаковке см"><![CDATA[30]]></param>
			<param name="ширина в упаковке см"><![CDATA[8]]></param>
			<param name="количество грузовых мест"><![CDATA[1]]></param>
			<param name="штрихкод"><![CDATA[4820176247407]]></param>
		</offer>
		<offer id="1213245" available="true">
			<url>https://ukrpodarok.com.ua/sumka-chehol-dlya-giroborda-giroskutera-sigveya-unic.html</url>
			<price>180</price>
			<price_old>244</price_old>
			<price_promo>146</price_promo>
			<currencyId>UAH</currencyId>
			<categoryId>52719</categoryId>
			<picture>https://ukrpodarok.com.ua/images/52594_0.jpg</picture>
			<picture>https://ukrpodarok.com.ua/images/52594_0.jpg</picture>
			<vendor>Unic</vendor>
			<name>Сумка чехол для гироборда гироскутера сигвея Unic</name>
			<barcode>8000000006288</barcode>
			<stock_quantity>100</stock_quantity>
			<description>
				<![CDATA[<p><b>Сумка для гироборда </b>&nbsp;&mdash; практичная и очень удобная сумка для транспортировки гироборда. Незаменимый аксессуар, который позволит комфортно переносить и безопасно хранить гироборд.</p>  <p>Сумка облегчит переноску, а также защитит устройство от дождя, резких перепадов температуры, мелких царапин и других внешних воздействий.<br />Сумка изготовлена из плотного износоустойчивого материала и предназначена для использования в любую погоду, внутри плотная прослойка, которую легко очищать. Для изготовления использовался влагоотталкивающий материал, поэтому даже в ливень она не будет пропускать воду. Также сумка отличается повышенной прочностью.</p>  <p><b>Совместима с гиробордами диаметром колес 10"-10.5<br /></b></p>  <br /><br /><br />]]>
			</description>
			<param name="Назначение"><![CDATA[Для гироборда]]></param>
			<param name="Вид"><![CDATA[Сумки]]></param>
			<param name="Размеры"><![CDATA[29 х 29 х 70 см]]></param>
			<param name="Веc"><![CDATA[350 г]]></param>
			<param name="Цвет"><![CDATA[Синий]]></param>
			<param name="Гарантия"><![CDATA[14 дней]]></param>
			<param name="Производитель"><![CDATA[Unic]]></param>
			<param name="Странапроизводитель"><![CDATA[Китай]]></param>
			<param name="Наличие"><![CDATA[есть]]></param>
			<param name="вес в упаковке кг"><![CDATA[0.3]]></param>
			<param name="высота в упаковке см"><![CDATA[10]]></param>
			<param name="глубина в упаковке см"><![CDATA[4]]></param>
			<param name="ширина в упаковке см"><![CDATA[10]]></param>
			<param name="количество грузовых мест"><![CDATA[1]]></param>
			<param name="штрихкод"><![CDATA[8000000006288]]></param>
		</offer>
		<offer id="UFTtf1" available="false">
			<url>https://ukrpodarok.com.ua/takticheskiy_fonar_-_elektroshoker_police_tf1.html</url>
			<price>289</price>
			<price_old>399</price_old>
			<currencyId>UAH</currencyId>
			<categoryId>152103</categoryId>
			<picture>http://uft.ua/images/3358_0.jpg</picture>
			<picture>https://ukrpodarok.com.ua/images/152023_99486.jpg</picture>
			<vendor>CG</vendor>
			<name>Тактический фонарь - электрошокер POLICE TF1</name>
			<barcode></barcode>
			<stock_quantity>0</stock_quantity>
			<description>
				<![CDATA[POLICE TF1 это фонарь с мощными, энергосберегающими светодиодными лампами со съемным аккумулятором.  Ударопрочный металлический корпус позволяет использовать фонарь для самообороны.<br />Имеется предохранитель для включения электрошокера.]]>
			</description>
			<param name="Тип"><![CDATA[Фонари]]></param>
			<param name="Вид"><![CDATA[Тактические]]></param>
			<param name="Элементы питания"><![CDATA[18650]]></param>
			<param name="Защищенность"><![CDATA[Противоударные]]></param>
			<param name="Cпособы зарядки"><![CDATA[От сети 12В;От сети 220В;]]></param>
			<param name="Материал корпуса"><![CDATA[Метал]]></param>
			<param name="Размеры"><![CDATA[189-36-31 мм]]></param>
			<param name="Цвет"><![CDATA[Черный]]></param>
			<param name="Гарантия"><![CDATA[6 месяцев]]></param>
			<param name="Наличие"><![CDATA[нет]]></param>
		</offer>
		<offer id="FB150PRO" available="true">
			<url>https://ukrpodarok.com.ua/takticheskii-fonar-akkumulyatornii-skladnoi-360-uft-worklight-bull-fb-150-pro-(fb150pro).html</url>
			<price>488</price>
			<price_old>599</price_old>
			<currencyId>UAH</currencyId>
			<categoryId>152253</categoryId>
			<picture>https://ukrpodarok.com.ua/images/152100_0.jpg</picture>
			<picture>https://ukrpodarok.com.ua/images/152100_100444.jpg</picture>
			<picture>https://ukrpodarok.com.ua/images/152100_100443.jpg</picture>
			<picture>https://ukrpodarok.com.ua/images/152100_100442.jpg</picture>
			<picture>https://ukrpodarok.com.ua/images/152100_100098.jpg</picture>
			<picture>https://ukrpodarok.com.ua/images/152100_100099.jpg</picture>
			<picture>https://ukrpodarok.com.ua/images/152100_100100.jpg</picture>
			<picture>https://ukrpodarok.com.ua/images/152100_100101.jpg</picture>
			<picture>https://ukrpodarok.com.ua/images/152100_100102.jpg</picture>
			<picture>https://ukrpodarok.com.ua/images/152100_100103.jpg</picture>
			<picture>https://ukrpodarok.com.ua/images/152100_101182.jpg</picture>
			<vendor>UFT</vendor>
			<name>Тактический фонарь аккумуляторный складной 360° UFT Worklight BULL FB 150 PRO (FB150PRO)</name>
			<barcode>8000000006301</barcode>
			<stock_quantity>50</stock_quantity>
			<description>
				<![CDATA[Складной фонарь имеет 2 шарнира, плавно вращается на 360&deg;&nbsp;и надежно фиксируется в каждом положении.<br />На рукоятке&nbsp;находится магнит, с помощью которого можно прикрепить фонарь&nbsp;на любую металлическую поверхность.<br />Портативный фонарик имеет крючок для крепления,что позволяет закрепить фонарь для удобного расположения(дерево,шнур,гвоздь и т.д.)<br />Кроме того, складной фонарик можно просто поставить на ровную поверхность, для того чтобы освободить руки во время работы.<br />Корпус фонарика сделан из мeтaллa и пластика, устойчив к падениям и не боится влаги.<br /> Плacтикoвaя ручка с софт тач покрытием (специальное эластичное резиноподобное матовое покрытие)&nbsp;иcключaeт cкoльжeниe фoнapя в pукe.<br /><br />Имеет 5 режимов подсветки:<br />1. Белый свет (яркость 100%);<br />2. Белый свет (яркость 50%);<br />3. Торцевой фонарик 1 LED;<br />4. Аварийный красный свет (длительное нажатие);<br />5..Аварийный, мигающий красный свет;<br /><br />Размеры:<br />B cлoжeннoм видe: 148 x 47х30 мм;<br />B paзлoжeннoм видe: 270 x 45 мм;<br /><br />Комплектация:<br />-Фонарь многофункциональный;<br />-Кабель microUSB (50 см);<br />-Упаковка;]]>
			</description>
			<param name="Количество светодиодов"><![CDATA[17]]></param>
			<param name="Вид"><![CDATA[Ручные]]></param>
			<param name="Защищенность"><![CDATA[Водонепроницаемые]]></param>
			<param name="Тип"><![CDATA[Фонари]]></param>
			<param name="Материал корпуса"><![CDATA[Металл]]></param>
			<param name="Количество в упаковке, шт"><![CDATA[1]]></param>
			<param name="Тип лампы"><![CDATA[Светодиоидная]]></param>
			<param name="Питание"><![CDATA[Аккумуляторные]]></param>
			<param name="Элементы питания"><![CDATA[Встроенный аккумулятор]]></param>
			<param name="Цвет"><![CDATA[Черный]]></param>
			<param name="Цвет светодиоида"><![CDATA[БелыйКрасный]]></param>
			<param name="Оснащение"><![CDATA[С магнитом]]></param>
			<param name="Емкость аккумулятора, мАч"><![CDATA[2200]]></param>
			<param name="Способы зарядки"><![CDATA[От USB]]></param>
			<param name="Вес"><![CDATA[145 г]]></param>
			<param name="Бренд"><![CDATA[UFT]]></param>
			<param name="Гарантия"><![CDATA[1 месяц]]></param>
			<param name="Наличие"><![CDATA[есть]]></param>
			<param name="вес в упаковке кг"><![CDATA[0.3]]></param>
			<param name="высота в упаковке см"><![CDATA[15]]></param>
			<param name="глубина в упаковке см"><![CDATA[5]]></param>
			<param name="ширина в упаковке см"><![CDATA[5]]></param>
			<param name="количество грузовых мест"><![CDATA[1]]></param>
			<param name="штрихкод"><![CDATA[8000000006301]]></param>
		</offer>
		<offer id="CGSC1" available="false">
			<url>https://ukrpodarok.com.ua/teleskopicheskii-usb-kabel-3-v-1-lightning-micro-usb-type-c-1-2m-cg-sc1.html</url>
			<price>399</price>
			<price_old>467</price_old>
			<currencyId>UAH</currencyId>
			<categoryId>52588</categoryId>
			<picture>https://ukrpodarok.com.ua/images/151819_0.jpg</picture>
			<picture>https://ukrpodarok.com.ua/images/151819_99634.jpg</picture>
			<picture>https://ukrpodarok.com.ua/images/151819_99633.jpg</picture>
			<picture>https://ukrpodarok.com.ua/images/52723_63820.jpg</picture>
			<picture>https://ukrpodarok.com.ua/images/52723_63819.jpg</picture>
			<picture>https://ukrpodarok.com.ua/images/151819_99632.jpg</picture>
			<vendor>CG</vendor>
			<name>Телескопический USB кабель 3 в 1 Lightning + Micro USB + Type-C 1,2м CG SC1</name>
			<barcode>4820176254511</barcode>
			<stock_quantity>0</stock_quantity>
			<description>
				<![CDATA[USB-кабель который никогда не спутается в кармане и не займет много места. Имеет разветвитель на три самых популярных типов разьемов. <br />Таким кабелем можно подключить практически любое устройство для зарядки или передачи данных.<br />Подходит для устройств с интерфейсом 8PIN, таких как Apple 5/6/7/8/X. <br />Для Samsung, Huawei, Xiaomi, OPPO, vivo и другие устройства Android с Micro USB <br />Для LG, Meitu, Meizu, и многих других с разьемом Type-C<br />Раздвижной кабель имеет длину 1.2 метра. Сворачивается в компактный блок<br /><br /><br /><br />]]>
			</description>
			<param name="Тип"><![CDATA[Кабели]]></param>
			<param name="Длина кабеля, м"><![CDATA[1.2 м]]></param>
			<param name="Выход"><![CDATA[5 В постоянного тока, до 2.0 А]]></param>
			<param name="Сердечник"><![CDATA[30 AWG (данные) + 21 AWG (питание)]]></param>
			<param name="Гарантия"><![CDATA[6 месяцев]]></param>
			<param name="Наличие"><![CDATA[нет]]></param>
			<param name="штрихкод"><![CDATA[4820176254511]]></param>
		</offer>
		<offer id="CGlenscup" available="true">
			<url>https://ukrpodarok.com.ua/termokuhol-obektiv-uft-lens-cup-350-ml-s-krishkoi.html</url>
			<price>395</price>
			<price_old>530</price_old>
			<price_promo>335</price_promo>
			<currencyId>UAH</currencyId>
			<categoryId>151063</categoryId>
			<picture>https://ukrpodarok.com.ua/images/151065_0.jpg</picture>
			<picture>https://ukrpodarok.com.ua/images/151065_99534.jpg</picture>
			<picture>https://ukrpodarok.com.ua/images/151065_99535.jpg</picture>
			<picture>https://ukrpodarok.com.ua/images/151065_99536.jpg</picture>
			<vendor>UFT</vendor>
			<name>Термокухоль объектив UFT Lens Cup 350 мл с крышкой</name>
			<barcode>4820176240286</barcode>
			<stock_quantity>50</stock_quantity>
			<description>
				<![CDATA[Кружка-термос Lens Cup у вигляді об'єктива. Її Ви ні з чим не спутаете.<br /><br />Налийте в кружку&nbsp;каву або чай і через кілька годин відкрийте кришку.<br />Ароматний&nbsp;напій залишиться таким же гарячим.<br /><br />Кружка-термос у вигляді об'єктива - це покращена версія попередніх версій.<br /><br />Об'єм кружки 350 мл при вазі 400 грам.<br /><br />Кружка укомплектована кришкою у вигляді бленди.<br /><br />Будь який&nbsp;професійний фотограф або фотограф-любитель буде радий придбати або отримати в подарунок цю чудову кружку.]]>
			</description>
			<param name="Тип"><![CDATA[Термостакан]]></param>
			<param name="Объем"><![CDATA[До 0.5 л]]></param>
			<param name="Тип поставки"><![CDATA[Один предмет]]></param>
			<param name="Дизайн"><![CDATA[Для негоДля неё]]></param>
			<param name="Особенности"><![CDATA[С крышкой]]></param>
			<param name="Материал корпуса"><![CDATA[Нержавеющая сталь]]></param>
			<param name="Цвет"><![CDATA[Черный]]></param>
			<param name="Высота, см"><![CDATA[18]]></param>
			<param name="Вес"><![CDATA[400 гр]]></param>
			<param name="Страна регистрации бренда"><![CDATA[Украина]]></param>
			<param name="Гарантия"><![CDATA[14 дней]]></param>
			<param name="Наличие"><![CDATA[есть]]></param>
			<param name="вес в упаковке кг"><![CDATA[0.3]]></param>
			<param name="высота в упаковке см"><![CDATA[18]]></param>
			<param name="глубина в упаковке см"><![CDATA[8]]></param>
			<param name="ширина в упаковке см"><![CDATA[8]]></param>
			<param name="количество грузовых мест"><![CDATA[1]]></param>
			<param name="штрихкод"><![CDATA[4820176240286]]></param>
		</offer>
		<offer id="640b536a59536xub0Jx5B" available="false">
			<url>https://ukrpodarok.com.ua/trimach-dlya-plansheta-uft-ip24-black-na-gibkoi-nozhke.html</url>
			<price>744</price>
			<price_old>776</price_old>
			<price_promo>596</price_promo>
			<currencyId>UAH</currencyId>
			<categoryId>960</categoryId>
			<picture>https://ukrpodarok.com.ua/images/152403_0.jpg</picture>
			<picture>https://ukrpodarok.com.ua/images/152403_100949.jpg</picture>
			<picture>https://ukrpodarok.com.ua/images/152403_100950.jpg</picture>
			<picture>https://ukrpodarok.com.ua/images/152403_100951.jpg</picture>
			<picture>https://ukrpodarok.com.ua/images/152403_100952.jpg</picture>
			<picture>https://ukrpodarok.com.ua/images/152403_100953.jpg</picture>
			<picture>https://ukrpodarok.com.ua/images/152403_100954.jpg</picture>
			<picture>https://ukrpodarok.com.ua/images/152403_100955.jpg</picture>
			<picture>https://ukrpodarok.com.ua/images/152403_100956.jpg</picture>
			<picture>https://ukrpodarok.com.ua/images/152403_100957.jpg</picture>
			<vendor>UFT</vendor>
			<name>Тримач для планшета UFT IP24 Black на гибкой ножке</name>
			<barcode></barcode>
			<stock_quantity>0</stock_quantity>
			<description>
				<![CDATA[Тримач для планшета UFT IP24 якісно відрізняється від існуючих аналогів у першій своїй простоті установки та якості зчеплення з поверхнею.<br /><br />Конструкція тримача складається з фіксатора, який кріпиться до столу, гнучкою прогумованої трубки і безпосередньо самого власника планшета.<br /><br />Відкрутіть пластикову шайбу біля основи тримача, щоб послабити дві лапки, потім прикріпіть до столу або іншого об'єкта ширина якого не перевищує 7,5 см. і закрутіть. Шайба оснащена спеціальним анти ковзним покриттям для того, щоб Ви з легкістю могли відкрутити її.<br /><br />Також модель IP24 виразна своєю підтримкою планшета. Універсальний тримач здатний вмістити планшет будь-якої діагоналі та товщини, ширина розкриття 23 см, а максимальна допустима товщина планшета 1,8см. Для більш тонких планшетів передбачені спеціальні болти, які підпирають планшет із зворотного боку, забезпечуючи максимальну фіксацію.<br /><br />Гнучка трубка формою нагадує шию лебедя легко гнеться і крутиться на всі боки. Даючи Вам повну свободу та безліч варіантів використання даного саппорту.<br /><br />Наприклад, його можна прикрутити на столі, тумбочці, спинці або бортику ліжка, дивана, софи, чудово кріпиться до шафи або шифоньеру і навіть у ванній.<br />]]>
			</description>
			<param name="Место установки"><![CDATA[Стол;Кровать;]]></param>
			<param name="Тип"><![CDATA[Держатели для дома]]></param>
			<param name="Тип крепления девайса"><![CDATA[Зажим]]></param>
			<param name="Назначение"><![CDATA[Для планшетов]]></param>
			<param name="Тип крепления дежателя"><![CDATA[Прищепка]]></param>
			<param name="Вид"><![CDATA[Держатели]]></param>
			<param name="Гарантия"><![CDATA[6 месяцев]]></param>
			<param name="Наличие"><![CDATA[нет]]></param>
		</offer>
		<offer id="UFTSS21t" available="false">
			<url>https://ukrpodarok.com.ua/tripod-monopod-s-bluetooth-pultom-ss21-paris-selfie-stick-black.html</url>
			<price>597</price>
			<price_old>699</price_old>
			<currencyId>UAH</currencyId>
			<categoryId>1088</categoryId>
			<picture>https://ukrpodarok.com.ua/images/152024_0.jpg</picture>
			<picture>https://ukrpodarok.com.ua/images/152024_99744.jpg</picture>
			<picture>https://ukrpodarok.com.ua/images/152024_99746.jpg</picture>
			<picture>https://ukrpodarok.com.ua/images/152024_99745.jpg</picture>
			<picture>https://ukrpodarok.com.ua/images/152024_99747.jpg</picture>
			<picture>https://ukrpodarok.com.ua/images/152024_99748.jpg</picture>
			<picture>https://ukrpodarok.com.ua/images/152024_99749.jpg</picture>
			<vendor>CG</vendor>
			<name>Трипод-монопод с Bluetooth пультом SS21 PARIS Selfie Stick Black</name>
			<barcode></barcode>
			<stock_quantity>0</stock_quantity>
			<description>
				<![CDATA[<p>SS21 гибридный трипод раскладывающийся в полноценный монопод. На ручке фиксируется пульт дистанционного управления, с радиусом действия 10м.<br />В сложенном виде всего 19см, а в разложенном 61см. Трипод одинаково устойчив как при минимальной так и при максимальной высоте съемки.<br /><br />Ручка раскрывается на три части, превращая селфи стик в трипод. Встроенные магниты, фиксируют ножки трипода, не позволяя произвольно раскрываться.<br /><br />Универсален в подключении всевозможных девайсов:<br />В комплекте стандартное крепление для смарфона, надежно фиксирует смартфон, а вращающаяся часть позволяет одним движением менять горизонтальную ориентацию на вертикальную.<br />Сняв стандартное крепление можно прикрепить екшн камеру.<br />Универсальный крепежный винт с резьбой 1/4 дюйма позволяет присоединять любую фототехнику с соответствующим разьемом.<br /><br />Варианты использования: трипод, штатив, селфи-стик.<br />Совместимость: смартфон, фотоаппарат, видеокамера, экшн камера.<br /><br /></p>  <br /><br />]]>
			</description>
			<param name="Тип"><![CDATA[Триподы]]></param>
			<param name="Тип подключения"><![CDATA[по Bluetooth]]></param>
			<param name="Минимальная высота съемки"><![CDATA[19 см]]></param>
			<param name="Колличество секций"><![CDATA[4]]></param>
			<param name="Тип головки"><![CDATA[Съемная]]></param>
			<param name="Цвет"><![CDATA[Черный]]></param>
			<param name="Гарантия"><![CDATA[6 месяцев]]></param>
			<param name="Наличие"><![CDATA[нет]]></param>
		</offer>
		<offer id="UFTSS22t" available="false">
			<url>https://ukrpodarok.com.ua/tripod-monopod-s-bluetooth-pultom-ss22-lapland-selfie-stick-black.html</url>
			<price>795</price>
			<price_old>999</price_old>
			<currencyId>UAH</currencyId>
			<categoryId>1088</categoryId>
			<picture>https://ukrpodarok.com.ua/images/152025_0.jpg</picture>
			<picture>https://ukrpodarok.com.ua/images/152025_99742.jpg</picture>
			<picture>https://ukrpodarok.com.ua/images/152025_99741.jpg</picture>
			<picture>https://ukrpodarok.com.ua/images/152025_99740.jpg</picture>
			<picture>https://ukrpodarok.com.ua/images/152025_99739.jpg</picture>
			<picture>https://ukrpodarok.com.ua/images/152025_99738.jpg</picture>
			<vendor>CG</vendor>
			<name>Трипод-монопод с Bluetooth пультом SS22 LAPLAND Selfie Stick Black</name>
			<barcode></barcode>
			<stock_quantity>0</stock_quantity>
			<description>
				<![CDATA[<p>SS22 гибридный монопод, ручка которого превращает его в штатив-трипод. На ручке фиксируется ДУ пульт, работает на расстоянии 10м, что позволяет захватить широчайший кадр.<br />В сложенном виде всего 24см, а в разложенном 80см.&nbsp;Штатив одинаково устойчив как при минимальной так и при максимальной высоте съемки.<br /><br />Ручка раскрывается на три части, превращая селфи стик в трипод. Встроенные магниты, фиксируют ножки трипода, не позволяя произвольно раскрываться.<br />Универсален в подключении всевозможных девайсов:<br />В комплекте стандартное крепление для смарфона, надежно фиксирует смартфон, а вращающаяся часть позволяет одним движением менять горизонтальную ориентацию на вертикальную.<br />Сняв стандартное крепление можно прикрепить екшн камеру.<br />Универсальный крепежный винт с резьбой 1/4 дюйма позволяет присоединять любую фототехнику с соответствующим разьемом.<br /><br />Варианты использования: трипод, штатив, селфи-стик.<br />Совместимость: смартфон, фотоаппарат, видеокамера, экшн камера.</p>]]>
			</description>
			<param name="Тип"><![CDATA[Триподы]]></param>
			<param name="Тип подключения"><![CDATA[по Bluetooth]]></param>
			<param name="Минимальная высота съемки"><![CDATA[24 см]]></param>
			<param name="Колличество секций"><![CDATA[6]]></param>
			<param name="Тип головки"><![CDATA[Съемная]]></param>
			<param name="Цвет"><![CDATA[Черный]]></param>
			<param name="Гарантия"><![CDATA[6 месяцев]]></param>
			<param name="Наличие"><![CDATA[нет]]></param>
		</offer>
		<offer id="CGSS27" available="true">
			<url>https://ukrpodarok.com.ua/tripod-monopod-shtativ-dlya-selfi-s-bluetooth-uft-ss27-black-s-podsvetkoi.html</url>
			<price>589</price>
			<price_old>599</price_old>
			<currencyId>UAH</currencyId>
			<categoryId>1088</categoryId>
			<picture>https://ukrpodarok.com.ua/images/151916_0.jpg</picture>
			<picture>https://ukrpodarok.com.ua/images/151916_99863.jpg</picture>
			<picture>https://ukrpodarok.com.ua/images/151916_99862.jpg</picture>
			<picture>https://ukrpodarok.com.ua/images/151916_99861.jpg</picture>
			<picture>https://ukrpodarok.com.ua/images/151916_100420.jpg</picture>
			<picture>https://ukrpodarok.com.ua/images/151916_100421.jpg</picture>
			<vendor>UFT</vendor>
			<name>Трипод-монопод штатив для селфи с Bluetooth UFT SS27 Black с подсветкой</name>
			<barcode>4820176248701</barcode>
			<stock_quantity>100</stock_quantity>
			<description>
				<![CDATA[<p>Монопод со встроенным триподом и пультом Bluetooth отлично подойдет для съемки селфи, для групповых фотографий и даже для качественной съемки видео обзоров.&nbsp;Устройство совместимо со всеми устройствами серии Mi и Redmi, а также смартфонами с версией Android 4.3 или выше, и с iPhone версии iOS 5.0 или выше.<br /><br /></p>  <p>]]>
			</description>
			<param name="Тип подключения"><![CDATA[Подключение по Bluetooth]]></param>
			<param name="Тип"><![CDATA[Триподы для телефонов]]></param>
			<param name="Совместимость"><![CDATA[Универсальный]]></param>
			<param name="Максимальная нагрузка, кг"><![CDATA[0.5]]></param>
			<param name="Рекомендуемая нагрузка"><![CDATA[0.2 кг]]></param>
			<param name="Тип головки"><![CDATA[3D]]></param>
			<param name="Вес"><![CDATA[0.2 кг]]></param>
			<param name="Цвет"><![CDATA[Черный]]></param>
			<param name="Количество секций"><![CDATA[5]]></param>
			<param name="Питание"><![CDATA[Батарейки]]></param>
			<param name="Комплектация"><![CDATA[Селфи-моноподПульт управления]]></param>
			<param name="Гарантия"><![CDATA[14 дней]]></param>
			<param name="Бренд"><![CDATA[UFT]]></param>
			<param name="Наличие"><![CDATA[есть]]></param>
			<param name="вес в упаковке кг"><![CDATA[0.27]]></param>
			<param name="высота в упаковке см"><![CDATA[15]]></param>
			<param name="глубина в упаковке см"><![CDATA[5]]></param>
			<param name="ширина в упаковке см"><![CDATA[5]]></param>
			<param name="количество грузовых мест"><![CDATA[1]]></param>
			<param name="штрихкод"><![CDATA[4820176248701]]></param>
		</offer>
		<offer id="UFTJC95" available="true">
			<url>https://ukrpodarok.com.ua/tryukovaya-inertsionnaya-mashinka-prigayuschaya-uft-jc95.html</url>
			<price>97</price>
			<price_old>125</price_old>
			<currencyId>UAH</currencyId>
			<categoryId>152367</categoryId>
			<picture>https://ukrpodarok.com.ua/images/152366_0.jpg</picture>
			<picture>https://ukrpodarok.com.ua/images/152366_100625.jpg</picture>
			<picture>https://ukrpodarok.com.ua/images/152366_100626.jpg</picture>
			<picture>https://ukrpodarok.com.ua/images/152366_100627.jpg</picture>
			<vendor>UFT</vendor>
			<name>Трюковая инерционная машинка прыгающая UFT JC95</name>
			<barcode></barcode>
			<stock_quantity>100</stock_quantity>
			<description>
				<![CDATA[Детская инерционная машинка подпрыгивает и вращается на 360&deg; при столкновении.<br /><br />Для начала необходимо перевернуть машинку и оттянуть пружинку.<br />Для запуска достаточно поставив колесами на пол, чуть-чуть протащить назад, после чего отпустить и машинка поедет вперед.<br />Встретившись с преградой, сработает механизм и авто подскочит вверх.<br />Имея несколько таких автомобилей, можно устраивать&nbsp;сногсшибательные&nbsp;столкновения и трюки.<br /><br />Детская машинка выполнена в дизайне спорткара и имеет на крыше порядковый номер 95.]]>
			</description>
			<param name="Вид игрушки"><![CDATA[Машинки]]></param>
			<param name="Особенности"><![CDATA[Инерционный привод]]></param>
			<param name="Тип"><![CDATA[Модельки]]></param>
			<param name="Размеры"><![CDATA[5 х 2 х 2 см]]></param>
			<param name="Комплект поставок"><![CDATA[Автомобиль]]></param>
			<param name="Масштаб"><![CDATA[1:80]]></param>
			<param name="Цвет"><![CDATA[Фиолетовый]]></param>
			<param name="Материал"><![CDATA[Металл, пластик;]]></param>
			<param name="Страна регистрации бренда"><![CDATA[Украина]]></param>
			<param name="Гарантия"><![CDATA[6 месяцев]]></param>
			<param name="Наличие"><![CDATA[есть]]></param>
		</offer>
		<offer id="UFTJC39" available="true">
			<url>https://ukrpodarok.com.ua/tryukovaya-inertsionnaya-mashinka-prigayuschaya-uft-jump-car-39-yellow.html</url>
			<price>97</price>
			<price_old>165</price_old>
			<currencyId>UAH</currencyId>
			<categoryId>152367</categoryId>
			<picture>https://ukrpodarok.com.ua/images/152368_0.jpg</picture>
			<picture>https://ukrpodarok.com.ua/images/152368_100635.jpg</picture>
			<picture>https://ukrpodarok.com.ua/images/152368_100636.jpg</picture>
			<picture>https://ukrpodarok.com.ua/images/152368_100637.jpg</picture>
			<picture>https://ukrpodarok.com.ua/images/152368_100638.jpg</picture>
			<picture>https://ukrpodarok.com.ua/images/152368_100639.jpg</picture>
			<picture>https://ukrpodarok.com.ua/images/152368_100640.jpg</picture>
			<vendor>UFT</vendor>
			<name>Трюковая инерционная машинка прыгающая UFT Jump Car 39 Yellow</name>
			<barcode></barcode>
			<stock_quantity>100</stock_quantity>
			<description>
				<![CDATA[Детская инерционная машинка подпрыгивает и вращается на 360&deg; при столкновении.<br /><br />Для начала необходимо перевернуть машинку и оттянуть пружинку.<br />Для запуска достаточно поставив колесами на пол, чуть-чуть протащить назад, после чего отпустить и машинка поедет вперед.<br />Встретившись с преградой, сработает механизм и авто подскочит вверх.<br />Имея несколько таких автомобилей, можно устраивать&nbsp;сногсшибательные&nbsp;столкновения и трюки.<br /><br />Детская машинка выполнена в дизайне спорткара и имеет на крыше порядковый номер 39.]]>
			</description>
			<param name="Вид игрушки"><![CDATA[Машинки]]></param>
			<param name="Особенности"><![CDATA[Инерционный привод]]></param>
			<param name="Тип"><![CDATA[Модельки]]></param>
			<param name="Размеры"><![CDATA[5 х 2 х 2 см]]></param>
			<param name="Комплект поставок"><![CDATA[Автомобиль]]></param>
			<param name="Масштаб"><![CDATA[1:80]]></param>
			<param name="Цвет"><![CDATA[Желтый]]></param>
			<param name="Материал"><![CDATA[Металл;Пластик;]]></param>
			<param name="Страна регистрации бренда"><![CDATA[Украина]]></param>
			<param name="Гарантия"><![CDATA[6 месяцев]]></param>
			<param name="Наличие"><![CDATA[есть]]></param>
		</offer>
		<offer id="UFTJC49" available="false">
			<url>https://ukrpodarok.com.ua/tryukovaya-inertsionnaya-mashinka-prigayuschaya-uft-jump-car-49-green.html</url>
			<price>97</price>
			<price_old>155</price_old>
			<currencyId>UAH</currencyId>
			<categoryId>152367</categoryId>
			<picture>https://ukrpodarok.com.ua/images/152371_0.jpg</picture>
			<picture>https://ukrpodarok.com.ua/images/152371_100653.jpg</picture>
			<picture>https://ukrpodarok.com.ua/images/152371_100654.jpg</picture>
			<picture>https://ukrpodarok.com.ua/images/152371_100655.jpg</picture>
			<picture>https://ukrpodarok.com.ua/images/152371_100656.jpg</picture>
			<picture>https://ukrpodarok.com.ua/images/152371_100657.jpg</picture>
			<vendor>UFT</vendor>
			<name>Трюковая инерционная машинка прыгающая UFT Jump Car 49 Green</name>
			<barcode></barcode>
			<stock_quantity>0</stock_quantity>
			<description>
				<![CDATA[Детская инерционная машинка подпрыгивает и вращается на 360&deg; при столкновении.<br /><br />Для начала необходимо перевернуть машинку и оттянуть пружинку.<br />Для запуска достаточно поставив колесами на пол, чуть-чуть протащить назад, после чего отпустить и машинка поедет вперед.<br />Встретившись с преградой, сработает механизм и авто подскочит вверх.<br />Имея несколько таких автомобилей, можно устраивать&nbsp;сногсшибательные&nbsp;столкновения и трюки.<br /><br />Детская машинка выполнена в дизайне спорткара и имеет на крыше порядковый номер 49.]]>
			</description>
			<param name="Вид игрушки"><![CDATA[Машинки]]></param>
			<param name="Особенности"><![CDATA[Инерционный привод]]></param>
			<param name="Тип"><![CDATA[Модельки]]></param>
			<param name="Размеры"><![CDATA[5 х 2 х 2 см]]></param>
			<param name="Комплект поставок"><![CDATA[Автомобиль]]></param>
			<param name="Масштаб"><![CDATA[1:80]]></param>
			<param name="Цвет"><![CDATA[Зеленый]]></param>
			<param name="Материал"><![CDATA[Металл;Пластик;]]></param>
			<param name="Страна регистрации бренда"><![CDATA[Украина]]></param>
			<param name="Гарантия"><![CDATA[6 месяцев]]></param>
			<param name="Наличие"><![CDATA[нет]]></param>
		</offer>
		<offer id="UFTJC67" available="true">
			<url>https://ukrpodarok.com.ua/tryukovaya-inertsionnaya-mashinka-prigayuschaya-uft-jump-car-67-purple.html</url>
			<price>95</price>
			<price_old>155</price_old>
			<currencyId>UAH</currencyId>
			<categoryId>152367</categoryId>
			<picture>https://ukrpodarok.com.ua/images/152369_0.jpg</picture>
			<picture>https://ukrpodarok.com.ua/images/152369_100641.jpg</picture>
			<picture>https://ukrpodarok.com.ua/images/152369_100642.jpg</picture>
			<picture>https://ukrpodarok.com.ua/images/152369_100643.jpg</picture>
			<picture>https://ukrpodarok.com.ua/images/152369_100644.jpg</picture>
			<picture>https://ukrpodarok.com.ua/images/152369_100645.jpg</picture>
			<picture>https://ukrpodarok.com.ua/images/152369_100646.jpg</picture>
			<vendor>UFT</vendor>
			<name>Трюковая инерционная машинка прыгающая UFT Jump Car 67 Purple</name>
			<barcode></barcode>
			<stock_quantity>100</stock_quantity>
			<description>
				<![CDATA[Детская инерционная машинка подпрыгивает и вращается на 360&deg; при столкновении.<br /><br />Для начала необходимо перевернуть машинку и оттянуть пружинку.<br />Для запуска достаточно поставив колесами на пол, чуть-чуть протащить назад, после чего отпустить и машинка поедет вперед.<br />Встретившись с преградой, сработает механизм и авто подскочит вверх.<br />Имея несколько таких автомобилей, можно устраивать&nbsp;сногсшибательные&nbsp;столкновения и трюки.<br /><br />Детская машинка выполнена в дизайне спорткара и имеет на крыше порядковый номер 67.]]>
			</description>
			<param name="Вид игрушки"><![CDATA[Машинки]]></param>
			<param name="Особенности"><![CDATA[Инерционный привод]]></param>
			<param name="Тип"><![CDATA[Модельки]]></param>
			<param name="Размеры"><![CDATA[5 х 2 х 2 см]]></param>
			<param name="Комплект поставок"><![CDATA[Автомобиль]]></param>
			<param name="Масштаб"><![CDATA[1:80]]></param>
			<param name="Цвет"><![CDATA[Фиолетовый;Черный;]]></param>
			<param name="Материал"><![CDATA[Металл;Пластик;]]></param>
			<param name="Страна регистрации бренда"><![CDATA[Украина]]></param>
			<param name="Гарантия"><![CDATA[6 месяцев]]></param>
			<param name="Наличие"><![CDATA[есть]]></param>
		</offer>
		<offer id="UFTJC89" available="true">
			<url>https://ukrpodarok.com.ua/tryukovaya-inertsionnaya-mashinka-prigayuschaya-uft-jump-car-89-orange.html</url>
			<price>95</price>
			<price_old>155</price_old>
			<currencyId>UAH</currencyId>
			<categoryId>152367</categoryId>
			<picture>https://ukrpodarok.com.ua/images/152370_0.jpg</picture>
			<picture>https://ukrpodarok.com.ua/images/152370_100647.jpg</picture>
			<picture>https://ukrpodarok.com.ua/images/152370_100648.jpg</picture>
			<picture>https://ukrpodarok.com.ua/images/152370_100649.jpg</picture>
			<picture>https://ukrpodarok.com.ua/images/152370_100650.jpg</picture>
			<picture>https://ukrpodarok.com.ua/images/152370_100651.jpg</picture>
			<picture>https://ukrpodarok.com.ua/images/152370_100652.jpg</picture>
			<vendor>UFT</vendor>
			<name>Трюковая инерционная машинка прыгающая UFT Jump Car 89 Orange</name>
			<barcode></barcode>
			<stock_quantity>100</stock_quantity>
			<description>
				<![CDATA[Детская инерционная машинка подпрыгивает и вращается на 360&deg; при столкновении.<br /><br />Для начала необходимо перевернуть машинку и оттянуть пружинку.<br />Для запуска достаточно поставив колесами на пол, чуть-чуть протащить назад, после чего отпустить и машинка поедет вперед.<br />Встретившись с преградой, сработает механизм и авто подскочит вверх.<br />Имея несколько таких автомобилей, можно устраивать&nbsp;сногсшибательные&nbsp;столкновения и трюки.<br /><br />Детская машинка выполнена в дизайне спорткара и имеет на крыше порядковый номер 89.]]>
			</description>
			<param name="Вид игрушки"><![CDATA[Машинки]]></param>
			<param name="Особенности"><![CDATA[Инерционный привод]]></param>
			<param name="Тип"><![CDATA[Модельки]]></param>
			<param name="Размеры"><![CDATA[5 х 2 х 2 см]]></param>
			<param name="Комплект поставок"><![CDATA[Автомобиль]]></param>
			<param name="Масштаб"><![CDATA[1:80]]></param>
			<param name="Цвет"><![CDATA[Оранжевый]]></param>
			<param name="Материал"><![CDATA[Металл;Пластик;]]></param>
			<param name="Страна регистрации бренда"><![CDATA[Украина]]></param>
			<param name="Гарантия"><![CDATA[6 месяцев]]></param>
			<param name="Наличие"><![CDATA[есть]]></param>
		</offer>
		<offer id="Shower02" available="true">
			<url>https://ukrpodarok.com.ua/turmalinovaya-nasadka-na-dush-leika-s-mineralami-s-podsvetkoi-za-temperaturoi-uft-shower-02.html</url>
			<price>445</price>
			<price_old>480</price_old>
			<price_promo>310</price_promo>
			<currencyId>UAH</currencyId>
			<categoryId>50075</categoryId>
			<picture>https://ukrpodarok.com.ua/images/152435_0.jpg</picture>
			<picture>https://ukrpodarok.com.ua/images/152435_101144.jpg</picture>
			<picture>https://ukrpodarok.com.ua/images/152435_101143.jpg</picture>
			<picture>https://ukrpodarok.com.ua/images/152435_101142.jpg</picture>
			<picture>https://ukrpodarok.com.ua/images/152435_101140.jpg</picture>
			<picture>https://ukrpodarok.com.ua/images/152435_101139.jpg</picture>
			<picture>https://ukrpodarok.com.ua/images/152435_101145.jpg</picture>
			<vendor>UFT</vendor>
			<name>Турмалиновая насадка на душ лейка с минералами с подсветкой за температурой UFT Shower 02</name>
			<barcode>4820176255341</barcode>
			<stock_quantity>50</stock_quantity>
			<description>
				<![CDATA[Насадка на душ имеет две функции - очистка воды от хлора и вредных примесей и подсветка за цветом температуры.<br />Отличительной особенностью насадки является наличие турмалиновых гранул, которые фильтруют воду и делают ее чистой и мягкой.<br />Вода проходит 3 стадии очистки. Первая с розовым турмалином, во втором &ndash; гранулы с черным турмалином и в третьем отделе находятся белые гранулы с германием.<br />Благодаря такой конструкции струи воды выходят под большим давлением. Такая подача экономит воду, делает прием душа более приятным и полезным для кожи.<br />Помимо очистки воды фильтр насадка на душ ионизирует воду, что способствует правильной циркуляции крови. Ионизатором воды являются гранулы турмалина.<br />Насадка для душа имеет стандартную резьбу, которая накручивается на шланг. <br />Так же хороший визуальный эффект делает подсветка по температуре воды. Есть три цвета подсветки, которые имеют свое значение:<br />Зеленый - холодная вода;<br />Синий - теплая вода;<br />Красный - горячая вода.&nbsp;]]>
			</description>
			<param name="Тип"><![CDATA[Ручная лейка]]></param>
			<param name="Комплектация"><![CDATA[Ручная лейка]]></param>
			<param name="Материал"><![CDATA[Пластик (ABS)]]></param>
			<param name="Термостат"><![CDATA[Нет]]></param>
			<param name="Цвет"><![CDATA[Прозрачный]]></param>
			<param name="Гарантия"><![CDATA[14 дней]]></param>
			<param name="Наличие"><![CDATA[есть]]></param>
			<param name="вес в упаковке кг"><![CDATA[0.5]]></param>
			<param name="высота в упаковке см"><![CDATA[20]]></param>
			<param name="глубина в упаковке см"><![CDATA[8]]></param>
			<param name="ширина в упаковке см"><![CDATA[8]]></param>
			<param name="количество грузовых мест"><![CDATA[1]]></param>
			<param name="штрихкод"><![CDATA[4820176255341]]></param>
		</offer>
		<offer id="uvphonebox" available="false">
			<url>https://ukrpodarok.com.ua/ultrafioletovii-sterilizator-dlya-telefonov-s-besprovodnoi-zaryadkoi-rosa-rugosa-uv-box.html</url>
			<price>850</price>
			<price_old>950</price_old>
			<currencyId>UAH</currencyId>
			<categoryId>152151</categoryId>
			<picture>https://ukrpodarok.com.ua/images/152155_0.jpg</picture>
			<picture>https://ukrpodarok.com.ua/images/152155_99595.jpg</picture>
			<picture>https://ukrpodarok.com.ua/images/152155_99596.jpg</picture>
			<picture>https://ukrpodarok.com.ua/images/152155_99597.jpg</picture>
			<picture>https://ukrpodarok.com.ua/images/152155_99598.jpg</picture>
			<picture>https://ukrpodarok.com.ua/images/152155_99599.jpg</picture>
			<picture>https://ukrpodarok.com.ua/images/152155_99600.jpg</picture>
			<vendor>CG</vendor>
			<name>Ультрафиолетовый стерилизатор для телефонов с беспроводной зарядкой Rosa Rugosa UV Box</name>
			<barcode>8000000028372</barcode>
			<stock_quantity>0</stock_quantity>
			<description>
				<![CDATA[<p><strong>Стерилизатор UV-sterilizer&nbsp;</strong>- это современный ультрафиолетовый медицинский санитайзер, предназначенный для дезинфекции телефона, ключей, часов, медицинских масок, денег, личных инструментов для маникюра и педикюра и много другой мелочи. Это просто незаменимая вещь в наше время, учитывая ситуацию с эпидемией и высокой вероятностью заразиться опасной инфекцией. В дополнение, есть функция беспроводной зарядки смартфонов.</p>  <p>Это портативный электрический стерилизатор, который можно использовать дома или на работе для обеззараживания личных вещей. Он убивает почти 100% бактерий, вирусов и грибков и при этом не испортит Ваши вещи. Это очень востребованный санитайзер для соблюдения личной гигиены каждый день, особенно в периоды эпидемии.</p>  <p><strong>Возможности УФ стерилизатора:</strong></p>    обеззараживание предметов ультрафиолетом;  дополнительная стерилизация озоном, который образовывается при УФ излучении;  ароматерапия;  беспроводная зарядка смартфона;  подходит для любых личных вещей небольшого размера.    <p><strong>До сих пор протираете телефон спиртом? Лучше купить ультрафиолетовый стерилизатор!</strong><br /><br />В нашем современном мире трудно себе представить человека или даже ребенка школьного возраста, у кого нету телефона. Мы всегда носим его с собой, пользуемся дома и на работе, в общественном транспорте и заведениях питания, в больнице, туалете и на улице. При этом мы переносим руками на телефон разные возбудители инфекций с окружающих предметов во время пользования. Мы часто моем руки но забываем, что перед этим держали телефон в руках и нем может быть любая зараза.</p>  <p>Многие это понимают и для обеззараживания смартфона протирают его спиртом. Это хорошая и нужная практика, но не следует забывать, что таким образом можно испортить телефон. Поэтому и был изобретен портативный ультрафиолетовый стерилизатор, способный легко и быстро провести дезинфекцию, без повреждения телефона и вещей. Исходя из этого, каждый должен купить медицинский ультрафиолетовый стерилизатор для обеспечения личной гигиены, особенно во время пандемии опасных инфекций.</p>  <p>УФ стерилизатор является своеобразным портативным санитайзером, позволяющим проводить дезинфекцию Вашего телефона и наушников, маски, ключей, часов, украшений, денег и даже таких мелких вещей, как носки и белье. Также он позволит Вам продезинфицировать ваши личные инструменты для маникюра и педикюра. Этот многофункциональный современный прибор станет отличным помощником в быту и на работе.</p>  <p><strong>Какие предметы можно дезинфицировать:</strong></p>    телефон или смартфон;  наушники;  часы;  украшения;  медицинские маски и перчатки;  ключи;  деньги;  очки;  зубные щетки;  предметы для макияжа;  носки и личное белье;  другую личную мелочь, которая помещается в бокс.    <p>В стерилизаторе можно обеззараживать практически все, что поместится внутрь бокса.</p>  <strong>Принцип работы электрического УФ стерилизатора</strong>  <p>Стерилизатор имеет ультрафиолетовые лампы, которые излучают ультрафиолет в С спектре с длиной волны 253,7 нм, они располагаются внутри бокса по обеим сторонам для более плотной обработки предметов. Этот спектр ультрафиолета пагубно влияет на разные вирусы и бактерии посредством разрушения их ДНК. Благодаря этому санитайзер способен убить 99, 9% заразы всего за 3 минуты.</p>  <p>Чтобы пользоваться ультрафиолетовым стерилизатором нужно сначала его подключить с помощью USB шнура к источнику питания, при этом загорятся кнопки на панели и прозвучит голосовая подсказка о включении.</p>  <p>Для обработки телефона и предметов нужно поставить их в бокс, закрыть крышку и нажать кнопку "стерилизация", после чего процесс обеззараживания начнется. При этом на лицевой панели с помощью индикаторов можно наблюдать процесс в процентах: 25%, 50%, 75% и 100%. Кроме того, голосовое оповещение подскажет о начале и завершении стерилизации. Для большей уверенности можно перевернуть предмет или поменять его положение и снова запустить обеззараживание.</p>  <p>Кроме того, прибор имеет функцию ароматерапии - можно капнуть несколько капель своего любимого ароматического масла (3 - 5 капель) в специальное отверстие в боксе и нажать специальную кнопку на панели справа. Но стоит помнить, что ароматерапия не работает в процессе стерилизации и подзарядки смартфона.</p>  <strong>Преимущества медицинского ультрафиолетового стерилизатора UV-sterilizer</strong>  <p>Основные преимущества:</p>    позволяет обеззараживать личные предметы и телефон на 99,9%;  устраняет необходимость протирать телефон и предметы спиртом, чтобы не повредить их;  наличие ароматерапии;  дополнительный USB порт для подзарядки телефона;  компактный и удобный;  простота в эксплуатации;  быстрая стерилизация;  универсальность - подходит для любых материалов;  антискользящие ножки для устойчивости на поверхности.    <p>Ультрафиолетовый медицинский стерилизатор UV-sterilizer W81 - отличный портативный санитайзер, который несомненно пригодится для поддержания Ваших личных вещей гигиенически чистыми для обеспечения Вашей безопасности. Каждому человеку просто необходимо купить стерилизатор для личного пользования.</p>  <strong>]]>
			</description>
			<param name="Тип"><![CDATA[Стерилизаторы]]></param>
			<param name="Сфера применения"><![CDATA[Универсальные]]></param>
			<param name="Материал"><![CDATA[ABC-пластик]]></param>
			<param name="Сфера использования"><![CDATA[Бытовой]]></param>
			<param name="Тип питания"><![CDATA[USB]]></param>
			<param name="Особенности"><![CDATA[С таймером]]></param>
			<param name="Способ стерилизации"><![CDATA[Ультрафиолетовая]]></param>
			<param name="Тип установки"><![CDATA[Горизонтальные]]></param>
			<param name="Размеры"><![CDATA[20,5х12,7х4 см]]></param>
			<param name="Вес"><![CDATA[420г]]></param>
			<param name="Страна регистрации бренда"><![CDATA[Китай]]></param>
			<param name="Страна производитель"><![CDATA[Китай]]></param>
			<param name="Гарантия"><![CDATA[6 месяцев]]></param>
			<param name="Наличие"><![CDATA[нет]]></param>
			<param name="вес в упаковке кг"><![CDATA[0.3]]></param>
			<param name="высота в упаковке см"><![CDATA[21]]></param>
			<param name="глубина в упаковке см"><![CDATA[13]]></param>
			<param name="ширина в упаковке см"><![CDATA[5]]></param>
			<param name="количество грузовых мест"><![CDATA[1]]></param>
			<param name="штрихкод"><![CDATA[8000000028372]]></param>
		</offer>
		<offer id="uvbag" available="false">
			<url>https://ukrpodarok.com.ua/ultrafioletovii-universalnii-sterilizator-sumka-rosa-rugosa-uv-bag.html</url>
			<price>1500</price>
			<price_old>1700</price_old>
			<currencyId>UAH</currencyId>
			<categoryId>152151</categoryId>
			<picture>https://ukrpodarok.com.ua/images/152152_0.jpg</picture>
			<picture>https://ukrpodarok.com.ua/images/152152_99589.jpg</picture>
			<picture>https://ukrpodarok.com.ua/images/152152_99591.jpg</picture>
			<picture>https://ukrpodarok.com.ua/images/152152_99592.jpg</picture>
			<picture>https://ukrpodarok.com.ua/images/152152_99593.jpg</picture>
			<picture>https://ukrpodarok.com.ua/images/152152_99594.jpg</picture>
			<vendor>Rosa Rugosa</vendor>
			<name>Ультрафиолетовый универсальный стерилизатор-сумка Rosa Rugosa UV Bag</name>
			<barcode>8000000028365</barcode>
			<stock_quantity>0</stock_quantity>
			<description>
				<![CDATA[<p>Портативный ультрафиолетовый универсальный стерилизатор-сумка&nbsp; &ndash; стильный и компактный стерилизатор, предназначенный для стерилизации детской посуды, бутылочек, сосок, пустышек, молокоотсосов и т.п. Сумка оснащена функцией пятисторонней стерилизации. В сумку встроено 17 светодиодов, излучающих электромагнитное излучение в диапазоне УФ-лучей с длиной волны 260-280 нм. Время стерилизации занимает 180 секунд.</p>  <p>Сумка имеет встроенный магнитный сенсорный выключатель, который автоматически останавливает стерилизацию при открытии крышки в режиме стерилизации. Стерилизатор-сумка укомплектован, USB-кабелем, ремешком и инструкцией.</p>    Комплектация: сумка-стерилизатор, USB-кабель, инструкция пользователя  Тип стерилизатора: ультрафиолетовый  Назначение: универсальный    <p>Сумка стерилизатора использует длину волны 260&ndash;280 нанометров, генерируемую 12 светодиодными лампами для эффективной стерилизации личных и бытовых предметов. Эту изящную и стильную легкую дорожную сумку можно использовать дома и в офисе, а также носить с собой в поездках.</p>  <p>? СТЕРИЛИЗАЦИЯ ЗА 3 МИНУТЫ - Ищете способы сократить время очистки и сделать ее более эффективной? Есть два типа методов, которые используются большинством стерилизаторов на рынке: коротковолновый свет и озон. Большинство пользователей предпочитают свет озону. Он использует свет, который занимает всего несколько минут без простоев, резкого запаха и остатков.</p>  <p>? УДОБНАЯ В ИСПОЛЬЗОВАНИИ СУМКА - Легкая сумка для стерилизации с возможностью управления в одно касание и автоматического отключения после каждого цикла очистки. Он рассеивает тепло вокруг камеры для сушки и стерилизации предметов на 360 &deg;. Синий свет, который виден через панель из стальной сетки, указывает на продолжающуюся стерилизацию, которая автоматически отключается при открытии для защиты глаз от радиации. Эта сумка работает от 8 Вт мощности через USB-порт, подключенный к адаптеру 5V / 2A.</p>  <p>? ЧИСТИТЕ ВСЕ, ЧТО СООТВЕТСТВУЕТ - Этот стерилизатор - удобный прибор для хранения предметов здоровья и бытовых принадлежностей. Людям с обструктивным апноэ во сне средней и тяжелой степени будет легко управлять своим состоянием с помощью легкого дезинфицирующего средства. Для занятых людей, особенно для мам, в коробку поместятся детские бутылочки и игрушки, украшения, косметические инструменты, нижнее белье, кухонная губка, зубная щетка, гаджеты, такие как планшет, и многое другое!</p>]]>
			</description>
			<param name="Тип"><![CDATA[Стерилизаторы]]></param>
			<param name="Назначение"><![CDATA[Универсальный; Для бутылочек; Для сосок]]></param>
			<param name="Цвет"><![CDATA[Серый]]></param>
			<param name="Тип стерилизатора"><![CDATA[Ультрафиолетовые]]></param>
			<param name="Тип установки"><![CDATA[Горизонтальные]]></param>
			<param name="Размеры"><![CDATA[20,5х12,7х4 см]]></param>
			<param name="Вес"><![CDATA[420г]]></param>
			<param name="Страна регистрации бренда"><![CDATA[Украина]]></param>
			<param name="Страна производитель"><![CDATA[Китай]]></param>
			<param name="Гарантия"><![CDATA[1 месяц]]></param>
			<param name="Наличие"><![CDATA[нет]]></param>
			<param name="вес в упаковке кг"><![CDATA[0.4]]></param>
			<param name="высота в упаковке см"><![CDATA[10]]></param>
			<param name="глубина в упаковке см"><![CDATA[20]]></param>
			<param name="ширина в упаковке см"><![CDATA[20]]></param>
			<param name="количество грузовых мест"><![CDATA[1]]></param>
			<param name="штрихкод"><![CDATA[8000000028365]]></param>
		</offer>
		<offer id="SP5000" available="true">
			<url>https://ukrpodarok.com.ua/umb-paverbank-powerbank-5000-mah-s-naborom-perehodnikov-micro-usb-lightning-type-c-fast-energy-uft-sp5000.html</url>
			<price>899</price>
			<price_old>1299</price_old>
			<currencyId>UAH</currencyId>
			<categoryId>52384</categoryId>
			<picture>https://ukrpodarok.com.ua/images/152364_0.jpg</picture>
			<picture>https://ukrpodarok.com.ua/images/152364_100680.jpg</picture>
			<picture>https://ukrpodarok.com.ua/images/152364_100679.jpg</picture>
			<picture>https://ukrpodarok.com.ua/images/152364_100678.jpg</picture>
			<picture>https://ukrpodarok.com.ua/images/152364_100677.jpg</picture>
			<picture>https://ukrpodarok.com.ua/images/152364_100676.jpg</picture>
			<vendor>UFT</vendor>
			<name>УМБ павербанк Powerbank 5000 mAh с набором переходников Micro USB / Lightning / Type-C Fast Energy UFT SP5000</name>
			<barcode></barcode>
			<stock_quantity>20</stock_quantity>
			<description>
				<![CDATA[Внешний аккумулятор&nbsp;<strong>Fast Energy</strong>&nbsp;это ваш пит стоп на пути к победе. Не дайте севшему гаджету помешать вашим планам.<br /><br />Power Bank емкостью 5000mAh имеет 3 встроенных кабеля Micro USB, Lightning, Type-C, и способен одновременно заряжать 3 разных устройства, такие как смартфон, планшет, iqos, наушники, смарт-часы и другое.<br />Заряжайтесь на ходу и не привязывайтесь к розеткам.<br /><br />Для включения повербанка нажмите кнопку "Power on", на боковой стороне устройства. Имеется LED индикатор заряда.<br /><br />УМБ заряжается кабелем Type-C (в комплекте не поставляется).<br />]]>
			</description>
			<param name="Вид"><![CDATA[Повербанк]]></param>
			<param name="Емкость батареи мАч"><![CDATA[5000-9999]]></param>
			<param name="Тип аккамуляторов"><![CDATA[Литий-полимерные (Li-pol)]]></param>
			<param name="Индикация"><![CDATA[С индикатором уровня заряда]]></param>
			<param name="Заряжается от"><![CDATA[USB, сети]]></param>
			<param name="Выходные интерфейсы"><![CDATA[Micro-USB;Lightning;USB Type C;]]></param>
			<param name="Переходники в комплекте"><![CDATA[Micro-USB;Lightning;USB Type C;]]></param>
			<param name="Входные интерфейсы"><![CDATA[USB Type C]]></param>
			<param name="Входное напряжение, В"><![CDATA[5]]></param>
			<param name="Выходное напряжение, В"><![CDATA[2.1A]]></param>
			<param name="Размеры"><![CDATA[145х70х9мм]]></param>
			<param name="Цвет"><![CDATA[Белый]]></param>
			<param name="Вес"><![CDATA[180г]]></param>
			<param name="Комплектация"><![CDATA[УМБ]]></param>
			<param name="Страна регистрации бренда"><![CDATA[Украина]]></param>
			<param name="Гарантия"><![CDATA[12 месяцев]]></param>
			<param name="Наличие"><![CDATA[есть]]></param>
		</offer>
		<offer id="CGVC2" available="true">
			<url>https://ukrpodarok.com.ua/universalnaya-ovoscherezka-uft-vc2-vegetable-cutter-5-v-1-s-konteinerom-i-durshlagom.html</url>
			<price>445</price>
			<price_old>599</price_old>
			<price_promo>359</price_promo>
			<currencyId>UAH</currencyId>
			<categoryId>1519</categoryId>
			<picture>https://ukrpodarok.com.ua/images/152077_0.jpg</picture>
			<picture>https://ukrpodarok.com.ua/images/152077_100541.jpg</picture>
			<picture>https://ukrpodarok.com.ua/images/152077_100542.jpg</picture>
			<picture>https://ukrpodarok.com.ua/images/152077_100543.jpg</picture>
			<picture>https://ukrpodarok.com.ua/images/152077_100544.jpg</picture>
			<picture>https://ukrpodarok.com.ua/images/152077_100540.jpg</picture>
			<picture>https://ukrpodarok.com.ua/images/152077_100545.jpg</picture>
			<picture>https://ukrpodarok.com.ua/images/152077_100546.jpg</picture>
			<vendor>UFT</vendor>
			<name>Универсальная овощерезка UFT VC2 Vegetable cutter 5 в 1 с контейнером и дуршлагом</name>
			<barcode>4820176254702</barcode>
			<stock_quantity>100</stock_quantity>
			<description>
				<![CDATA[    <p><strong>UFT VC2</strong>&nbsp;это многофункциональная овощерезка с помощью которой можно нарезать, нашинковать и измельчить любые овощи в специальную корзину-дуршлаг в которой удобно мыть и сушить нарезку. Специальный держатель для овощей убережет ваши руки от порезов во время шинковки.<br />В комплекте имеются сменные насадки для различных видов нарезки.<br />Два ножа для шинковки, три типа терок, фигурный нож. Кроме того в наборе нож для чистки овощей.<br /><br />Vegetable cutter VC2 это ваш новый помощник для создания салатов, гарниров, супов и многого другого.<br /><br />Овощерезка легко моется. Удобная рукоятка надежно фиксирует овощерезку.<br /><br /><strong>Преимущества:</strong><br />-&nbsp;Набор кухонных гаджетов: в этом наборе имеется 5 сменных лезвий из нержавеющей стали, пищевой контейнер, дуршлаг с ручкой, защита от порезов, нож для чистки.<br />Терка с контейнером позволяют делать ломтики фруктов и овощей удобнее и легче.<br />- Овощерезка "5 в 1":&nbsp; 2-ух литровая большая емкость, крошка, фигурноая нарезка, ломтик, измельчение и другие функции, используйте ту функцию, которую Вы хотите, почувствуйте себя волшебником на кухне.&nbsp; В комплекте есть лезвия разных форм, размеров и толщины.<br />-&nbsp;Простота использования: верхняя крышка разделочной доски легко разбирается.<br />-&nbsp;Многофункциональный измельчитель, нарезка овощей и сливание можно делать одним движением.<br />Вращающаяся внутренняя емкость.&nbsp;Дренажная корзина всегда стабильно находится в горизонтальном положении, легко моется и сливается.<br /><br /><br /><strong>]]>
			</description>
			<param name="Тип"><![CDATA[Терка многофункциональная]]></param>
			<param name="Материал"><![CDATA[Пластик;]]></param>
			<param name="Особенности"><![CDATA[Сменные лезвия]]></param>
			<param name="Тип поставки"><![CDATA[Набор]]></param>
			<param name="Вес, г"><![CDATA[600]]></param>
			<param name="Размеры"><![CDATA[22 х 11 х 15 см]]></param>
			<param name="Гарантия"><![CDATA[14 дней]]></param>
			<param name="Страна регистрации бренда"><![CDATA[Украина]]></param>
			<param name="Наличие"><![CDATA[есть]]></param>
			<param name="вес в упаковке кг"><![CDATA[0.34]]></param>
			<param name="высота в упаковке см"><![CDATA[23]]></param>
			<param name="глубина в упаковке см"><![CDATA[23]]></param>
			<param name="ширина в упаковке см"><![CDATA[14]]></param>
			<param name="количество грузовых мест"><![CDATA[1]]></param>
			<param name="штрихкод"><![CDATA[4820176254702]]></param>
		</offer>
		<offer id="Holder02" available="true">
			<url>https://ukrpodarok.com.ua/universalnoe-kreplenie-na-shtativ-dlya-telefona-s-urovnem-uft-holder02.html</url>
			<price>399</price>
			<price_old>445</price_old>
			<currencyId>UAH</currencyId>
			<categoryId>1088</categoryId>
			<picture>https://ukrpodarok.com.ua/images/152028_0.jpg</picture>
			<picture>https://ukrpodarok.com.ua/images/52708_63713.jpg</picture>
			<vendor>UFT</vendor>
			<name>Универсальное крепление на штатив для телефона с уровнем UFT Holder02</name>
			<barcode>4820176253064</barcode>
			<stock_quantity>50</stock_quantity>
			<description>
				<![CDATA[<p>Holder02 это универсальное крепление для всех моделей смартфонов с шириной от 56мм до 98мм. Лапки зажима прорезинены, предотвращая выскальзывания и механические повреждения в месте соприкасания с устройством.</p>  <p>Универсальный держатель крепиться к штативу, триподу или моноподу на стандартную резьбу 1/4&Prime;.</p>  <p>На верхней части крепления расположен уровень, для комфортного выравнивая положения камеры. А также специальная скоба (горячий башмак) для быстрой установки дополнительных принадлежностей, например вспышки, LED подсветки или микрофона.</p>  <p>&nbsp;</p>  <p>&nbsp;</p>]]>
			</description>
			<param name="Тип"><![CDATA[Головки-держатели для штативов]]></param>
			<param name="Расстояние между зажимами"><![CDATA[5.6 - 9.8 см]]></param>
			<param name="Материал"><![CDATA[Пластик]]></param>
			<param name="Цвет"><![CDATA[Черный]]></param>
			<param name="Бренд"><![CDATA[UFT]]></param>
			<param name="Гарантия"><![CDATA[14 дней]]></param>
			<param name="Наличие"><![CDATA[есть]]></param>
			<param name="вес в упаковке кг"><![CDATA[0.2]]></param>
			<param name="высота в упаковке см"><![CDATA[2]]></param>
			<param name="глубина в упаковке см"><![CDATA[5]]></param>
			<param name="ширина в упаковке см"><![CDATA[5]]></param>
			<param name="количество грузовых мест"><![CDATA[1]]></param>
			<param name="штрихкод"><![CDATA[4820176253064]]></param>
		</offer>
		<offer id="UFThuglight" available="true">
			<url>https://ukrpodarok.com.ua/universalnii-gibkii-svetilnik-dlya-chteniya-na-sheyu-uft-huglight-3-rezhima-osvescheniya.html</url>
			<price>277</price>
			<price_old>299</price_old>
			<currencyId>UAH</currencyId>
			<categoryId>152174</categoryId>
			<picture>https://ukrpodarok.com.ua/images/152428_0.jpg</picture>
			<picture>https://ukrpodarok.com.ua/images/152428_101104.jpg</picture>
			<picture>https://ukrpodarok.com.ua/images/152428_101105.jpg</picture>
			<picture>https://ukrpodarok.com.ua/images/152428_101106.jpg</picture>
			<picture>https://ukrpodarok.com.ua/images/152428_101107.jpg</picture>
			<vendor>UFT</vendor>
			<name>Универсальный гибкий светильник для чтения на шею UFT Huglight 3 режима освещения</name>
			<barcode>4820176243447</barcode>
			<stock_quantity>50</stock_quantity>
			<description>
				<![CDATA[Чудовий універсальний світильник для&nbsp;читання, універсальний у спектрі свого використання. Завдяки&nbsp;гнучкому корпусу&nbsp;Ви можете використовувати цей світильник для читання, для роботи за ноутбуком, на природі ввечері, в будь якому потрібному випадку. Легко кріпиться на&nbsp;гілку дерева або на шию. Світло дає фокусоване, що дуже зручно&nbsp;буде освітлювати саме той предмет, на який світильник спрямований, а не навколо.<br /><br />Можна використовувати як світильник для електронних книг.<br />Живлення - 2 батарейки ААА,&nbsp;<br />Має 3 режими&nbsp;світіння.]]>
			</description>
			<param name="Тип"><![CDATA[Ночники-фонарики]]></param>
			<param name="Тип используемой лампы"><![CDATA[LED-модуль]]></param>
			<param name="Питание"><![CDATA[Батарейки]]></param>
			<param name="Цвет основы"><![CDATA[Черный]]></param>
			<param name="Гарантия"><![CDATA[14 дней]]></param>
			<param name="Наличие"><![CDATA[есть]]></param>
			<param name="вес в упаковке кг"><![CDATA[0.3]]></param>
			<param name="высота в упаковке см"><![CDATA[12]]></param>
			<param name="глубина в упаковке см"><![CDATA[6]]></param>
			<param name="ширина в упаковке см"><![CDATA[10]]></param>
			<param name="количество грузовых мест"><![CDATA[1]]></param>
			<param name="штрихкод"><![CDATA[4820176243447]]></param>
		</offer>
		<offer id="CGFD64" available="false">
			<url>https://ukrpodarok.com.ua/flesh-nakopitel-64gb-usb-type-a-type-c-lightning-cg-fd64.html</url>
			<price>635</price>
			<price_old>799</price_old>
			<currencyId>UAH</currencyId>
			<categoryId>52802</categoryId>
			<picture>https://ukrpodarok.com.ua/images/151746_0.jpg</picture>
			<picture>https://ukrpodarok.com.ua/images/52831_63835.jpg</picture>
			<picture>https://ukrpodarok.com.ua/images/52831_63836.jpg</picture>
			<vendor>CG</vendor>
			<name>Флеш накопитель 64Gb USB Type A + Type C + Lightning CG FD64</name>
			<barcode></barcode>
			<stock_quantity>0</stock_quantity>
			<description>
				<![CDATA[<p>Flash накопитель&nbsp;<strong>CG FD64</strong>&nbsp;предназначен для быстрой передачи данных, благодаря USB 3.0<br /><br />Наличие двустороннего разъема USB Type-С и традиционного разъема USB флеш-накопитель<strong>&nbsp;</strong>дает возможность быстро и удобно перемещать файлы между смартфонами, планшетами и компьютерами.&nbsp;<br /><br />Кроме того USB трансформируется в&nbsp;Lightning<br /><br />USB-флеш-накопитель&nbsp;<strong>&nbsp;</strong>&mdash;&nbsp;универсальное&nbsp;решение для новых устройств с портами USB Type-c&nbsp;и для устройств с традиционными портами USB.</p>  <p>С такой двухсторонней флешкой у вас решится вопрос что посмотреть в самолете, или послушать в долгом путешествии, просто закачайте вашу любимую музыку, фильмы или фото с компьютера и просматривайте уже со смартфона, планшета или ноутбука.</p>  <p></p>]]>
			</description>
			<param name="Назначение"><![CDATA[Мобильный телефон]]></param>
			<param name="Разъем 1"><![CDATA[Lightning]]></param>
			<param name="Разъем 2"><![CDATA[Type-C]]></param>
			<param name="Разъем 3"><![CDATA[USB 3.0 Type A]]></param>
			<param name="Интерфейс"><![CDATA[USB 3.0 / Type-C / Lightning]]></param>
			<param name="Объем памяти"><![CDATA[64 GB]]></param>
			<param name="Цвет"><![CDATA[Серебристый]]></param>
			<param name="Материал корпуса"><![CDATA[Аллюминий]]></param>
			<param name="Гарантия"><![CDATA[6 месяцев]]></param>
			<param name="Наличие"><![CDATA[нет]]></param>
		</offer>
		<offer id="CGFD16" available="false">
			<url>https://ukrpodarok.com.ua/flesh-pamyat-nakopitel-16gb-usb-type-a-type-c-lightning-uft-fd16.html</url>
			<price>599</price>
			<price_old>799</price_old>
			<price_promo>467</price_promo>
			<currencyId>UAH</currencyId>
			<categoryId>52802</categoryId>
			<picture>https://ukrpodarok.com.ua/images/151269_0.jpg</picture>
			<picture>https://ukrpodarok.com.ua/images/52829_63842.jpg</picture>
			<picture>https://ukrpodarok.com.ua/images/52829_63841.jpg</picture>
			<vendor>UFT</vendor>
			<name>Флеш память накопитель 16Gb USB Type A /Type C/Lightning UFT FD16</name>
			<barcode>4820176257321</barcode>
			<stock_quantity>0</stock_quantity>
			<description>
				<![CDATA[<p>Flash накопитель UFT<strong>&nbsp;FD16</strong>&nbsp;предназначен для быстрой передачи данных, благодаря USB 3.0<br /><br />Наличие двустороннего разъема USB Type-С и традиционного разъема USB флеш-накопитель<strong>&nbsp;</strong>дает возможность быстро и удобно перемещать файлы между смартфонами, планшетами и компьютерами.&nbsp;<br /><br />Кроме того USB трансформируется в&nbsp;Lightning<br /><br />USB-флеш-накопитель&nbsp;<strong>&nbsp;</strong>&mdash; универсальное решение для новых устройств с портами USB Type-c&nbsp;и для устройств с традиционными портами USB.</p>  <p>С такой двухсторонней флешкой у вас решится вопрос что посмотреть в самолете, или послушать в долгом путешествии, просто закачайте вашу любимую музыку, фильмы или фото с компьютера и просматривайте уже со смартфона, планшета или ноутбука.</p>  <p></p>]]>
			</description>
			<param name="Объём памяти"><![CDATA[16 ГБ]]></param>
			<param name="Странапроизводитель"><![CDATA[Китай]]></param>
			<param name="Интерфейс"><![CDATA[USB 3.0 / Type-C / Lightning]]></param>
			<param name="Материал корпуса"><![CDATA[Алюминий]]></param>
			<param name="Тип корпуса"><![CDATA[Слайдер]]></param>
			<param name="Размеры"><![CDATA[6 х 2,5 х 0,6 см мм]]></param>
			<param name="Вес"><![CDATA[11 г]]></param>
			<param name="Страна регистрации бренда"><![CDATA[Украина]]></param>
			<param name="Бренд"><![CDATA[UFT]]></param>
			<param name="Гарантия"><![CDATA[3 месяца]]></param>
			<param name="Наличие"><![CDATA[нет]]></param>
			<param name="вес в упаковке кг"><![CDATA[0.1]]></param>
			<param name="высота в упаковке см"><![CDATA[5]]></param>
			<param name="глубина в упаковке см"><![CDATA[5]]></param>
			<param name="ширина в упаковке см"><![CDATA[7]]></param>
			<param name="количество грузовых мест"><![CDATA[1]]></param>
			<param name="штрихкод"><![CDATA[4820176257321]]></param>
		</offer>
		<offer id="CGFD32" available="false">
			<url>https://ukrpodarok.com.ua/flesh-pamyat-nakopitel-32gb-3-v-1-usb-3-0-type-c-lightning-uft-fd32.html</url>
			<price>644</price>
			<price_old>849</price_old>
			<price_promo>499</price_promo>
			<currencyId>UAH</currencyId>
			<categoryId>52802</categoryId>
			<picture>https://ukrpodarok.com.ua/images/151745_0.jpg</picture>
			<picture>https://ukrpodarok.com.ua/images/52830_63840.jpg</picture>
			<picture>https://ukrpodarok.com.ua/images/52830_63839.jpg</picture>
			<vendor>UFT</vendor>
			<name>Флеш память накопитель 32Gb 3 в 1 USB 3.0 + Type C + Lightning UFT FD32</name>
			<barcode>4820176257406</barcode>
			<stock_quantity>0</stock_quantity>
			<description>
				<![CDATA[<p>Flash накопитель&nbsp;UFT<strong>&nbsp;FD32</strong>&nbsp;предназначен для быстрой передачи данных, благодаря USB 3.0<br />Наличие двустороннего разъема USB Type-С и традиционного разъема USB флеш-накопитель<strong>&nbsp;</strong>дает возможность быстро и удобно перемещать файлы между смартфонами, планшетами и компьютерами.&nbsp;<br />Кроме того USB трансформируется в&nbsp;Lightning<br />USB-флеш-накопитель&nbsp;<strong>&nbsp;</strong>&mdash;&nbsp;универсальное&nbsp;решение для новых устройств с портами USB Type-c&nbsp;и для устройств с традиционными портами USB.<br />С такой двухсторонней флешкой у вас решится вопрос что посмотреть в самолете, или послушать в долгом путешествии, просто закачайте вашу любимую музыку, фильмы или фото с компьютера и просматривайте уже со смартфона, планшета или ноутбука.</p>]]>
			</description>
			<param name="Назначение"><![CDATA[Мобильный телефон; Планшет;]]></param>
			<param name="Разъем 1"><![CDATA[Lightning]]></param>
			<param name="Разъем 2"><![CDATA[Type-C]]></param>
			<param name="Разъем 3"><![CDATA[USB 3.0 Type A]]></param>
			<param name="Интерфейс"><![CDATA[USB 3.0 / Type-C / Lightning]]></param>
			<param name="Объем памяти"><![CDATA[32 GB]]></param>
			<param name="Цвет"><![CDATA[Серебристый]]></param>
			<param name="Материал корпуса"><![CDATA[Аллюминий]]></param>
			<param name="Странапроизводитель"><![CDATA[Китай]]></param>
			<param name="Бренд"><![CDATA[UFT]]></param>
			<param name="Гарантия"><![CDATA[14 дней]]></param>
			<param name="Наличие"><![CDATA[нет]]></param>
			<param name="вес в упаковке кг"><![CDATA[0.1]]></param>
			<param name="высота в упаковке см"><![CDATA[13]]></param>
			<param name="глубина в упаковке см"><![CDATA[9]]></param>
			<param name="ширина в упаковке см"><![CDATA[2.5]]></param>
			<param name="количество грузовых мест"><![CDATA[1]]></param>
			<param name="штрихкод"><![CDATA[4820176257406]]></param>
		</offer>
		<offer id="CGFDT32" available="false">
			<url>https://ukrpodarok.com.ua/flesh-nakopitel-4-v-1-usb-2-0-type-c-micro-usb-lightning-cg-fdt32.html</url>
			<price>569</price>
			<price_old>699</price_old>
			<currencyId>UAH</currencyId>
			<categoryId>52802</categoryId>
			<picture>https://ukrpodarok.com.ua/images/52832_0.jpg</picture>
			<picture>https://ukrpodarok.com.ua/images/52832_63838.jpg</picture>
			<picture>https://ukrpodarok.com.ua/images/52832_0.jpg</picture>
			<picture>https://ukrpodarok.com.ua/images/52832_63837.jpg</picture>
			<vendor>CG</vendor>
			<name>Флэш-накопитель 4 в 1 USB 2.0 / Type-C / Micro USB / Lightning CG FDT32</name>
			<barcode></barcode>
			<stock_quantity>0</stock_quantity>
			<description>
				<![CDATA[<strong>CG FDT32</strong>&nbsp;флэш-накопитель с четырьмя&nbsp;самыми популярными&nbsp;USB разьемами: Type-C, Lightning, Micro USB&nbsp;и классический USB 2.0<br />При маленьких габаритах имеет большую емкость - 32Гб памяти.<br /><br />С такой&nbsp;четырехсторонней флешкой у вас решится вопрос что посмотреть в самолете, или послушать в долгом путешествии, просто закачайте вашу любимую музыку, фильмы или фото с компьютера и просматривайте уже со смартфона, планшета или ноутбука.<br /><br />Особенности:<br />Быстрая и стабильная передача, сохранение фотографий, музыки или видео на флешку.<br />Компактный дизайн и легкий металлический корпус.<br /><br />Для работы отсканируйте QR-код на флешке и скачайте приложение (iOS, Android)]]>
			</description>
			<param name="Назначение"><![CDATA[Мобильный телефон]]></param>
			<param name="Совместимость"><![CDATA[iOS, Android]]></param>
			<param name="Разъем 1"><![CDATA[USB 3.0 Type A]]></param>
			<param name="Разъем 2"><![CDATA[Type-C]]></param>
			<param name="Разъем 3"><![CDATA[Lightning]]></param>
			<param name="Разъем 4"><![CDATA[Micro USB]]></param>
			<param name="Интерфейс"><![CDATA[USB 3.0 / Type-C / Lightning / Micro USB]]></param>
			<param name="Объем памяти"><![CDATA[32 GB]]></param>
			<param name="Цвет"><![CDATA[Серебристый]]></param>
			<param name="Материал корпуса"><![CDATA[Аллюминий]]></param>
			<param name="Вес"><![CDATA[34г]]></param>
			<param name="Гарантия"><![CDATA[6 месяцев]]></param>
			<param name="Наличие"><![CDATA[нет]]></param>
		</offer>
		<offer id="uftcupboy" available="false">
			<url>https://ukrpodarok.com.ua/fuzher-bokal-na-podarok-malchiku-muzhchine-uft-cupboy-100-ml.html</url>
			<price>50</price>
			<price_old>77</price_old>
			<currencyId>UAH</currencyId>
			<categoryId>50279</categoryId>
			<picture>https://ukrpodarok.com.ua/images/150830_0.jpg</picture>
			<picture>https://ukrpodarok.com.ua/images/932_476.jpg</picture>
			<picture>https://ukrpodarok.com.ua/images/932_469.jpg</picture>
			<picture>https://ukrpodarok.com.ua/images/932_460.jpg</picture>
			<vendor>UFT</vendor>
			<name>Фужер бокал на подарок мальчику мужчине UFT Cupboy 100 мл</name>
			<barcode>8000000020703</barcode>
			<stock_quantity>0</stock_quantity>
			<description>
				<![CDATA[Элегантный фужер из прочного стекла выполнена в оригинальной форме и с вкраплением символа мужского начала.<br /> Очень оригинальный и символичный подарок сильной половине человечества. <br />Можно в комплекте с женским бокалом использовать как бокалы для влюбленных или свадебные бокалы.<br />Размер<br />16х7,5х 7.5 см<br />Объем - 120 мл<br /><br /><br /><strong><br /><br /></strong>]]>
			</description>
			<param name="Тип"><![CDATA[Фужеры]]></param>
			<param name="Объем, мл"><![CDATA[100]]></param>
			<param name="Назначение"><![CDATA[Коктейль]]></param>
			<param name="Декорирование"><![CDATA[С принтом]]></param>
			<param name="Тип поставки"><![CDATA[Один предмет]]></param>
			<param name="Дизайн"><![CDATA[Для него;Свадебный;]]></param>
			<param name="Материал"><![CDATA[Стекло]]></param>
			<param name="Вид"><![CDATA[Один предмет;]]></param>
			<param name="Размер"><![CDATA[16 х 7,5 х 7,5 см]]></param>
			<param name="Гарантия"><![CDATA[6 месяцев]]></param>
			<param name="Наличие"><![CDATA[нет]]></param>
			<param name="вес в упаковке кг"><![CDATA[0.23]]></param>
			<param name="высота в упаковке см"><![CDATA[7.5]]></param>
			<param name="глубина в упаковке см"><![CDATA[16]]></param>
			<param name="ширина в упаковке см"><![CDATA[7.5]]></param>
			<param name="количество грузовых мест"><![CDATA[1]]></param>
			<param name="штрихкод"><![CDATA[8000000020703]]></param>
		</offer>
		<offer id="CTP2" available="true">
			<url>https://ukrpodarok.com.ua/chainik-(zavarnik-dlya-chaya)-170ml-iz-krasnoi-glini-dlya-chainoi-tseremonii-uft-tp1.html</url>
			<price>1999</price>
			<price_old>2599</price_old>
			<currencyId>UAH</currencyId>
			<categoryId>152314</categoryId>
			<picture>https://ukrpodarok.com.ua/images/152344_0.jpg</picture>
			<picture>https://ukrpodarok.com.ua/images/152344_100508.jpg</picture>
			<picture>https://ukrpodarok.com.ua/images/152344_100507.jpg</picture>
			<picture>https://ukrpodarok.com.ua/images/152344_100506.jpg</picture>
			<picture>https://ukrpodarok.com.ua/images/152344_100505.jpg</picture>
			<picture>https://ukrpodarok.com.ua/images/152344_100504.jpg</picture>
			<vendor>UFT</vendor>
			<name>Чайник (заварник для чая) 170мл из красной глины для чайной церемонии UFT TP1</name>
			<barcode></barcode>
			<stock_quantity>3</stock_quantity>
			<description>
				<![CDATA[Миниатюрный китайский чайник из красной глины ручной работы. Форма этого чайничка словно повторяет изысканность, кротость, и даже какую-то девичью кокетливость.<br /><br />Чайник с коротеньким, курносым носиком, округлыми стенками, и довольно широким ушком (ручкой) пользуется едва ли не наибольшим спросом среди чаеманов.<br /><br />Это достаточно хороший вариант в своей группе для ежедневных чаепитий. Выполняет свою основную функцию - позволяет насладиться хорошим чаем в традиционном заваривании.<br /><br />Чайник имеет миниатюрный размер, позволяющий брать его с собой на отдых, пикник или в дальнюю дорогу.<br /><br /><br /><br />Чайник подходит для заваривания разных чаев, таких как пуэр чай, белый чай, черный чай, зеленый чай.<br /><br />При первом использовании сначала промойте его чистой водой, затем залейте внутреннюю и наружную стороны горячей водой, чтобы открыть горшок.<br />После этого можно начинать заваривать чай.]]>
			</description>
			<param name="Объем, мл"><![CDATA[240]]></param>
			<param name="Материал"><![CDATA[Красная глина]]></param>
			<param name="Материал ручки"><![CDATA[Красная глина]]></param>
			<param name="Цвет"><![CDATA[Коричневый]]></param>
			<param name="Количество порций"><![CDATA[2]]></param>
			<param name="Длина корпуса заварника"><![CDATA[14,8 см]]></param>
			<param name="Декорирование"><![CDATA[Восточная тематика]]></param>
			<param name="Высота"><![CDATA[6 см]]></param>
			<param name="Особенности"><![CDATA[Без фильтра]]></param>
			<param name="Страна регистрации бренда"><![CDATA[Украина]]></param>
			<param name="Гарантия"><![CDATA[6 месяцев]]></param>
			<param name="Наличие"><![CDATA[есть]]></param>
		</offer>
		<offer id="CGTP2" available="true">
			<url>https://ukrpodarok.com.ua/chainik-zavarnik-dlya-chaya-uft-tp2-170-ml-iz-glini-dlya-chainoi-tseremonii-v-traditsionnom-stile.html</url>
			<price>2399</price>
			<price_old>2999</price_old>
			<currencyId>UAH</currencyId>
			<categoryId>152314</categoryId>
			<picture>https://ukrpodarok.com.ua/images/152222_0.jpg</picture>
			<picture>https://ukrpodarok.com.ua/images/152222_100027.jpg</picture>
			<picture>https://ukrpodarok.com.ua/images/152222_100509.jpg</picture>
			<vendor>UFT</vendor>
			<name>Чайник заварник для чая UFT TP2 170 мл из глины для чайной церемонии в традиционном стиле</name>
			<barcode>8000000028792</barcode>
			<stock_quantity>10</stock_quantity>
			<description>
				<![CDATA[Глиняный чайник&nbsp;<strong>TP2</strong>&nbsp;превосходно сохраняют тепло, и чай в них раскрывается наилучшим образом. Этот чайник изготовлен из аналога исинской глины, не имеющей запаха. Глиняные чайники предназначены для заваривания одного вида чая, или чаёв, близких по ферментации и аромату, поскольку пористая поверхность глины имеет свойство вбирать чайный характер. Тоесть, если вы завариваете в этом чайнике шу пуэр, для заваривания слабоферментированного чая стоит использовать другой чайник.<br /><br />Чайные гурманы утверждают, что "наработанный" чайник, используемый долгое время, способен даже воду, налитую в него, превратить в чай.<br /><br />Не мойте глиняные чайники с использованием моющих средств с сильным ароматом. Глиняные чайники после чаепития просто ополаскивают горячей водой, этого достаточно. Новый чайник нужно подготовить к завариванию, ополоснув кипятком. А лучше заварить в нём ординарный чай и оставить на сутки, потом вылить - так вы подготовите чайник к завариванию настоящего чая.]]>
			</description>
			<param name="Декорирование"><![CDATA[Восточная тематика]]></param>
			<param name="Дизайн"><![CDATA[Для него;Для нее;]]></param>
			<param name="Состав сервиза"><![CDATA[Чайник]]></param>
			<param name="Объем, мл"><![CDATA[170]]></param>
			<param name="Тип"><![CDATA[Чайный]]></param>
			<param name="Материал"><![CDATA[Глина]]></param>
			<param name="Материал ручки"><![CDATA[Глина]]></param>
			<param name="Цвет"><![CDATA[Черный]]></param>
			<param name="Количество порций"><![CDATA[2]]></param>
			<param name="Особенности"><![CDATA[Без фильтра]]></param>
			<param name="Страна регистрации бренда"><![CDATA[Украина]]></param>
			<param name="Гарантия"><![CDATA[6 месяцев]]></param>
			<param name="Наличие"><![CDATA[есть]]></param>
			<param name="вес в упаковке кг"><![CDATA[0.34]]></param>
			<param name="высота в упаковке см"><![CDATA[20]]></param>
			<param name="глубина в упаковке см"><![CDATA[15]]></param>
			<param name="ширина в упаковке см"><![CDATA[15]]></param>
			<param name="количество грузовых мест"><![CDATA[1]]></param>
			<param name="штрихкод"><![CDATA[8000000028792]]></param>
		</offer>
		<offer id="clockkub" available="true">
			<url>https://ukrpodarok.com.ua/chasi-budilnik-clock-kub-s-termometrom-menyayuschie-tsvet-hameleon.html</url>
			<price>250</price>
			<price_old>325</price_old>
			<currencyId>UAH</currencyId>
			<categoryId>829</categoryId>
			<picture>https://ukrpodarok.com.ua/images/150766_0.jpg</picture>
			<picture>https://ukrpodarok.com.ua/images/847_713.jpg</picture>
			<picture>https://ukrpodarok.com.ua/images/150766_101034.jpg</picture>
			<picture>https://ukrpodarok.com.ua/images/150766_101036.jpg</picture>
			<vendor>UFT</vendor>
			<name>Часы будильник Clock kub с термометром меняющие цвет хамелеон</name>
			<barcode>4820176240118</barcode>
			<stock_quantity>50</stock_quantity>
			<description>
				<![CDATA[<p>Светящиеся часы-будильник. Оригинальные сенсорные часы, которые включаются и начинаются касиво светиться приглушенным светом при Вашем прикосновении.<br />Функции: часы, дата, термометр, будильник (имеет 8 мелодий для будильника), меняет цвет (7 цветов).</p>  <p>Если дотронутся до часов, то они начнут светится разными цветами, и в зависимости от режима они будут так светится от нескольких секунд до нескольких часов.</p>  <p><b>&nbsp;</b></p>  <b><br /></b>  <p></p>  <p></p>]]>
			</description>
			<param name="Питание"><![CDATA[4 АА батареек]]></param>
			<param name="Размер"><![CDATA[10 х 10 см]]></param>
			<param name="Цвет циферблата"><![CDATA[Серый]]></param>
			<param name="Тип циферблата"><![CDATA[Цифрофой (электронный)]]></param>
			<param name="Цвет корпуса"><![CDATA[Белый]]></param>
			<param name="Тип механизма"><![CDATA[Электронный]]></param>
			<param name="Формат времени"><![CDATA[12/24 ч]]></param>
			<param name="Вид индикации"><![CDATA[Арабские часы]]></param>
			<param name="Гарантия"><![CDATA[14 дней]]></param>
			<param name="Наличие"><![CDATA[есть]]></param>
			<param name="вес в упаковке кг"><![CDATA[0.3]]></param>
			<param name="высота в упаковке см"><![CDATA[10]]></param>
			<param name="глубина в упаковке см"><![CDATA[10]]></param>
			<param name="ширина в упаковке см"><![CDATA[10]]></param>
			<param name="количество грузовых мест"><![CDATA[1]]></param>
			<param name="штрихкод"><![CDATA[4820176240118]]></param>
		</offer>
		<offer id="uftwoodclock" available="true">
			<url>https://ukrpodarok.com.ua/chasi-budilnik-derevyanii-kub-s-pokazaniyami-temperaturi-dati-vremeni-uft-wood-clock-green.html</url>
			<price>585</price>
			<price_old>799</price_old>
			<currencyId>UAH</currencyId>
			<categoryId>829</categoryId>
			<picture>https://ukrpodarok.com.ua/images/1056_0.jpg</picture>
			<picture>https://ukrpodarok.com.ua/images/1056_777.jpg</picture>
			<picture>https://ukrpodarok.com.ua/images/1056_775.jpg</picture>
			<picture>https://ukrpodarok.com.ua/images/1056_776.jpg</picture>
			<vendor>UFT</vendor>
			<name>Часы будильник деревяный куб с показаниями температуры даты времени UFT wood clock green</name>
			<barcode>4820176240105</barcode>
			<stock_quantity>50</stock_quantity>
			<description>
				<![CDATA[<p>Годинник Куб з дерева не залишить байдужим жодного любителя еко-товарів.<br /><br />Добре вписуються в інтер'єр. Гармонує із будь-якими меблями. У неактивному стан,і в буквальному значенні, зливаються з дизайном, але варто&nbsp;плеснути в долоні, як на одній зі сторін годинника проявиться&nbsp;час (потім дата і температура)<br /><br />Також годинник можна налаштувати таким чином, щоб час, температура і дата чергувалися між собою кожні 10 секунд. Або налаштувати сплячий режим&nbsp;- після звичайного циклу буде&nbsp;20-ти секундний сплячий режим, потім знову відобразиться циферблат з годинами.<br /><br />Так і батарейки довше прослужать і Дерев'яний кубик не зайвий раз виділятиметься.<br />]]>
			</description>
			<param name="Тип циферблата"><![CDATA[Цифровой (электронный)]]></param>
			<param name="Индикация"><![CDATA[МинутыЧасы]]></param>
			<param name="Тип механизма"><![CDATA[Электронный]]></param>
			<param name="Материал корпуса"><![CDATA[Пластик]]></param>
			<param name="Формат времени"><![CDATA[12/24 ч]]></param>
			<param name="Вид индикации"><![CDATA[Арабские цифры]]></param>
			<param name="Источник питания"><![CDATA[Батарейки]]></param>
			<param name="Функции"><![CDATA[БудильникПодсветкаТемпература]]></param>
			<param name="Габариты корпуса ВхШхГ"><![CDATA[6,3х6,3х6,3 см]]></param>
			<param name="Цвет циферблата"><![CDATA[Зеленый]]></param>
			<param name="Гарантия"><![CDATA[14 дней]]></param>
			<param name="Наличие"><![CDATA[есть]]></param>
			<param name="вес в упаковке кг"><![CDATA[0.2]]></param>
			<param name="высота в упаковке см"><![CDATA[10]]></param>
			<param name="глубина в упаковке см"><![CDATA[10]]></param>
			<param name="ширина в упаковке см"><![CDATA[10]]></param>
			<param name="количество грузовых мест"><![CDATA[1]]></param>
			<param name="штрихкод"><![CDATA[4820176240105]]></param>
		</offer>
		<offer id="uftalarmfly" available="true">
			<url>https://ukrpodarok.com.ua/chasi-budilnik-s-letayuschim-propellerom-uft-alarm-fly.html</url>
			<price>765</price>
			<price_old>899</price_old>
			<currencyId>UAH</currencyId>
			<categoryId>829</categoryId>
			<picture>https://ukrpodarok.com.ua/images/150797_0.jpg</picture>
			<picture>https://ukrpodarok.com.ua/images/150797_99647.jpg</picture>
			<picture>https://ukrpodarok.com.ua/images/150797_99646.jpg</picture>
			<picture>https://ukrpodarok.com.ua/images/150797_99648.jpg</picture>
			<vendor>UFT</vendor>
			<name>Часы будильник с летающим пропеллером UFT Alarm Fly</name>
			<barcode>8000000023339</barcode>
			<stock_quantity>100</stock_quantity>
			<description>
				<![CDATA[  <p>С этим будильником Вы уж точно не проспите на работу, учебу или важную встречу!</p>  <p>Будильник состоит из двух частей: базы и пропеллера. Когда наступает время просыпаться, включается громкая сирена и раскручивается пропеллер. Через 15 секунд пропеллер взлетает, и выключить сигнал, можно только найдя пропеллер и установив его на место. Ну, а после такой утренней зарядки, Вам уж точно больше не захочется спать.</p>  <p>Будильник оснащен всеми необходимыми функциями: часы, будильник, функция повтора, подсветка и сигнал.</p>  <p>Летающий будильник послужит отличным подарком для ваших близких и друзей, которые наверняка оценят оригинальность подарка и ваше чувство юмора.</p>  <p>Питание: 5 батареек 2 АА (в комплект не входят)<br />Размеры: 14 х 12 х 14 см</p>  <b><b><br /><br /></b></b>  ]]>
			</description>
			<param name="Индикация"><![CDATA[Электронные]]></param>
			<param name="Тип циферблата"><![CDATA[Цифровой(электронный)]]></param>
			<param name="Источник питания"><![CDATA[Батарея]]></param>
			<param name="Материал корпуса"><![CDATA[Пластик]]></param>
			<param name="Цвет корпуса"><![CDATA[Черный]]></param>
			<param name="Элементы питания"><![CDATA[5 батареек 2 АА (в комплект не входят)]]></param>
			<param name="Тип механизма"><![CDATA[Электронный]]></param>
			<param name="Гарантия"><![CDATA[1 месяц]]></param>
			<param name="Бренд"><![CDATA[UFT]]></param>
			<param name="Упаковка"><![CDATA[красочная демо-коробка]]></param>
			<param name="Наличие"><![CDATA[есть]]></param>
			<param name="вес в упаковке кг"><![CDATA[0.36]]></param>
			<param name="высота в упаковке см"><![CDATA[10]]></param>
			<param name="глубина в упаковке см"><![CDATA[10]]></param>
			<param name="ширина в упаковке см"><![CDATA[8]]></param>
			<param name="количество грузовых мест"><![CDATA[1]]></param>
			<param name="штрихкод"><![CDATA[8000000023339]]></param>
		</offer>
		<offer id="DG01" available="true">
			<url>https://ukrpodarok.com.ua/chashka-uft-s-dvoinim-dnom-i-steklyannoi-krishkoi-475-ml-uft-dg01-termostoikoe-steklo.html</url>
			<price>485</price>
			<price_old>577</price_old>
			<currencyId>UAH</currencyId>
			<categoryId>836</categoryId>
			<picture>https://ukrpodarok.com.ua/images/152067_0.jpg</picture>
			<picture>https://ukrpodarok.com.ua/images/152067_101222.jpg</picture>
			<picture>https://ukrpodarok.com.ua/images/152067_101224.jpg</picture>
			<vendor>UFT</vendor>
			<name>Чашка UFT с двойным дном и стеклянной крышкой 475 мл UFT DG01 термостойкое стекло</name>
			<barcode>4820176255532</barcode>
			<stock_quantity>50</stock_quantity>
			<description>
				<![CDATA[<p>Чашка с двойными стенками сохраняет жидкость горячей, не обжигая ваши руки.<br /> Холодные же напитки не будут нагреваться от теплоты рук.</p>  <p>Изготовлена из жаропрочного и стойкого к конденсации боросиликатного стекла, более прочного и долговечного, которое обеспечивает гладкую поверхность и кристально чистый вид.</p>]]>
			</description>
			<param name="Объем, мл"><![CDATA[450]]></param>
			<param name="Вид"><![CDATA[Кофейная]]></param>
			<param name="Материал"><![CDATA[Боросиликатное стекло]]></param>
			<param name="Тип поставки"><![CDATA[Один предмет]]></param>
			<param name="Особенности"><![CDATA[С двойным дномКрышка]]></param>
			<param name="Основной цвет"><![CDATA[Прозрачный]]></param>
			<param name="Вес, г"><![CDATA[285]]></param>
			<param name="Гарантия"><![CDATA[14 дней]]></param>
			<param name="Страна регистрации бренда"><![CDATA[Украина]]></param>
			<param name="Наличие"><![CDATA[есть]]></param>
			<param name="вес в упаковке кг"><![CDATA[0.3]]></param>
			<param name="высота в упаковке см"><![CDATA[12]]></param>
			<param name="глубина в упаковке см"><![CDATA[10]]></param>
			<param name="ширина в упаковке см"><![CDATA[10]]></param>
			<param name="количество грузовых мест"><![CDATA[1]]></param>
			<param name="штрихкод"><![CDATA[4820176255532]]></param>
		</offer>
		<offer id="UFTFUNCUPgreen" available="true">
			<url>https://ukrpodarok.com.ua/chashka-meshalka-s-ventilyatorom-zelenaya-uft-fancup-green.html</url>
			<price>277</price>
			<price_old>299</price_old>
			<currencyId>UAH</currencyId>
			<categoryId>836</categoryId>
			<picture>https://ukrpodarok.com.ua/images/150773_0.jpg</picture>
			<picture>https://ukrpodarok.com.ua/images/838_0.jpg</picture>
			<picture>https://ukrpodarok.com.ua/images/838_696.jpg</picture>
			<picture>https://ukrpodarok.com.ua/images/838_695.jpg</picture>
			<picture>https://ukrpodarok.com.ua/images/838_697.jpg</picture>
			<vendor>UFT</vendor>
			<name>Чашка мешалка с вентилятором зеленая UFT FANCUP green</name>
			<barcode>4820176241818</barcode>
			<stock_quantity>100</stock_quantity>
			<description>
				<![CDATA[Чашка-мешалка с вентилятором работает на 2-х батарейках.&nbsp;Чашка-мешалка с вентилятором станет замечательным подарком Вашему дорогому человеку, другу, коллеге по работе, начальнику. Внутри чашки на донышке расположен смешивающий вентилятор, а на ручке чашки кнопочка, которая приводит вентилятор в действие и размешивает сахар или любое содержимое чашки. Кнопка герметична. Работает от пальчиковых батареек.&nbsp;  &nbsp;    <b>]]>
			</description>
			<param name="Объем, мл"><![CDATA[350]]></param>
			<param name="Декорирование"><![CDATA[Однотонные модели]]></param>
			<param name="Материал"><![CDATA[Металл;Пластик;]]></param>
			<param name="Вид"><![CDATA[Кружка]]></param>
			<param name="Тип поставки"><![CDATA[Один предмет]]></param>
			<param name="Особенности"><![CDATA[С мешалкой]]></param>
			<param name="Питание"><![CDATA[2 батарейки ААА]]></param>
			<param name="Цвет"><![CDATA[Серебристый]]></param>
			<param name="Упаковка"><![CDATA[цветная демо-коробка]]></param>
			<param name="Бренд"><![CDATA[UFT]]></param>
			<param name="Гарантия"><![CDATA[14 дней]]></param>
			<param name="Наличие"><![CDATA[есть]]></param>
			<param name="вес в упаковке кг"><![CDATA[0.23]]></param>
			<param name="высота в упаковке см"><![CDATA[14]]></param>
			<param name="глубина в упаковке см"><![CDATA[10]]></param>
			<param name="ширина в упаковке см"><![CDATA[12]]></param>
			<param name="количество грузовых мест"><![CDATA[1]]></param>
			<param name="штрихкод"><![CDATA[4820176241818]]></param>
		</offer>
		<offer id="CGDG08" available="true">
			<url>https://ukrpodarok.com.ua/chashka-s-dvoinim-dnom-zakalennoe-steklo-alento-250ml-uft-dg08.html</url>
			<price>199</price>
			<price_old>244</price_old>
			<currencyId>UAH</currencyId>
			<categoryId>836</categoryId>
			<picture>https://ukrpodarok.com.ua/images/152256_0.jpg</picture>
			<picture>https://ukrpodarok.com.ua/images/152256_100113.jpg</picture>
			<vendor>UFT</vendor>
			<name>Чашка с двойным дном закаленное стекло ALENTO 250мл UFT DG08</name>
			<barcode>4820176280404</barcode>
			<stock_quantity>50</stock_quantity>
			<description>
				<![CDATA[<p>Чашка&nbsp;ALENTO с двойными стенками сохраняет жидкость горячей, не обжигая ваши руки. <br />Холодные же напитки не будут нагреваться от теплоты рук.</p>  <p>Изготовлена из жаропрочного и стойкого к конденсации боросиликатного стекла, более прочного и долговечного, которое обеспечивает гладкую поверхность и кристально чистый вид.<br /><br />Объем&nbsp;250 миллилитров.<br /></p>]]>
			</description>
			<param name="Объем, мл"><![CDATA[250]]></param>
			<param name="Вид"><![CDATA[Кофейная]]></param>
			<param name="Материал"><![CDATA[Боросиликатное стекло]]></param>
			<param name="Тип поставки"><![CDATA[Один предмет]]></param>
			<param name="Особенности"><![CDATA[С двойным дном]]></param>
			<param name="Основной цвет"><![CDATA[Прозрачный]]></param>
			<param name="Вес, г"><![CDATA[185]]></param>
			<param name="Гарантия"><![CDATA[3 месяца]]></param>
			<param name="Страна регистрации бренда"><![CDATA[Украина]]></param>
			<param name="Наличие"><![CDATA[есть]]></param>
			<param name="вес в упаковке кг"><![CDATA[0.27]]></param>
			<param name="высота в упаковке см"><![CDATA[10]]></param>
			<param name="глубина в упаковке см"><![CDATA[8]]></param>
			<param name="ширина в упаковке см"><![CDATA[8]]></param>
			<param name="количество грузовых мест"><![CDATA[1]]></param>
			<param name="штрихкод"><![CDATA[4820176280404]]></param>
		</offer>
		<offer id="CGDG09" available="true">
			<url>https://ukrpodarok.com.ua/chashka-s-dvoinim-steklom-alento-350ml-uft-dg09.html</url>
			<price>350</price>
			<price_old>399</price_old>
			<currencyId>UAH</currencyId>
			<categoryId>836</categoryId>
			<picture>https://ukrpodarok.com.ua/images/152257_0.jpg</picture>
			<picture>https://ukrpodarok.com.ua/images/152257_100114.jpg</picture>
			<vendor>UFT</vendor>
			<name>Чашка с двойным стеклом ALENTO 350мл UFT DG09</name>
			<barcode>8000000030566</barcode>
			<stock_quantity>100</stock_quantity>
			<description>
				<![CDATA[<p>Чашка ALENTO с двойными стенками сохраняет жидкость горячей, не обжигая ваши руки. Холодные же напитки не будут нагреваться от теплоты рук.</p>  <p>Изготовлена из жаропрочного и стойкого к конденсации боросиликатного стекла, более прочного и долговечного, которое обеспечивает гладкую поверхность и кристально чистый вид.<br /><br />Объем 350 миллилитров.</p>]]>
			</description>
			<param name="Объем, мл"><![CDATA[350]]></param>
			<param name="Материал"><![CDATA[Боросиликатное стекло]]></param>
			<param name="Тип поставки"><![CDATA[Один предмет]]></param>
			<param name="Особенности"><![CDATA[С двойным дном]]></param>
			<param name="Основной цвет"><![CDATA[Прозрачный]]></param>
			<param name="Вес, г"><![CDATA[270]]></param>
			<param name="Страна регистрации бренда"><![CDATA[Украина]]></param>
			<param name="Гарантия"><![CDATA[3 месяца]]></param>
			<param name="Наличие"><![CDATA[есть]]></param>
			<param name="вес в упаковке кг"><![CDATA[0.27]]></param>
			<param name="высота в упаковке см"><![CDATA[12]]></param>
			<param name="глубина в упаковке см"><![CDATA[12]]></param>
			<param name="ширина в упаковке см"><![CDATA[7]]></param>
			<param name="количество грузовых мест"><![CDATA[1]]></param>
			<param name="штрихкод"><![CDATA[8000000030566]]></param>
		</offer>
		<offer id="CGDG06" available="false">
			<url>https://ukrpodarok.com.ua/chashka-s-dvoinimi-stenkami-i-steklyannoi-krishkoi-475ml.html</url>
			<price>315</price>
			<price_old>359</price_old>
			<currencyId>UAH</currencyId>
			<categoryId>836</categoryId>
			<picture>https://ukrpodarok.com.ua/images/152149_0.jpg</picture>
			<picture>https://ukrpodarok.com.ua/images/152149_99776.jpg</picture>
			<picture>https://ukrpodarok.com.ua/images/152149_99775.jpg</picture>
			<picture>https://ukrpodarok.com.ua/images/152149_99574.jpg</picture>
			<vendor>CG</vendor>
			<name>Чашка с двойными стенками и стеклянной крышкой 475мл</name>
			<barcode></barcode>
			<stock_quantity>0</stock_quantity>
			<description>
				<![CDATA[<p>Чашка с двойными стенками сохраняет жидкость горячей, не обжигая ваши руки. Холодные же напитки не будут нагреваться от теплоты рук.</p>  <p>Изготовлена из жаропрочного и стойкого к конденсации боросиликатного стекла, более прочного и долговечного, которое обеспечивает гладкую поверхность и кристально чистый вид.<br />Стеклянная крышка - отлично подходит для заваривания чая и сохранения напитков теплыми.<br />Объем 475 миллилитров.</p>]]>
			</description>
			<param name="Объем, мл"><![CDATA[450]]></param>
			<param name="Материал"><![CDATA[Закаленное стекло]]></param>
			<param name="Вид"><![CDATA[Чайная, Кофейная]]></param>
			<param name="Количество предметов, шт"><![CDATA[1]]></param>
			<param name="Тип"><![CDATA[Один предмет]]></param>
			<param name="Комплектация"><![CDATA[Чашка -1 штКрішка -1 шт]]></param>
			<param name="Гарантия"><![CDATA[6 месяцев]]></param>
			<param name="Наличие"><![CDATA[нет]]></param>
		</offer>
		<offer id="ufttankup" available="true">
			<url>https://ukrpodarok.com.ua/chashka-hameleon-zapravka-tankup-uft-350-ml.html</url>
			<price>179</price>
			<price_old>255</price_old>
			<currencyId>UAH</currencyId>
			<categoryId>836</categoryId>
			<picture>https://ukrpodarok.com.ua/images/150789_0.jpg</picture>
			<picture>https://ukrpodarok.com.ua/images/936_493.jpg</picture>
			<picture>https://ukrpodarok.com.ua/images/150789_100869.jpg</picture>
			<vendor>UFT</vendor>
			<name>Чашка Хамелеон &quot;Заправка&quot; TankUp UFT 350 мл</name>
			<barcode>4820176240651</barcode>
			<stock_quantity>100</stock_quantity>
			<description>
				<![CDATA[Необычная и оригинальная чашка прийдется по душе любителям необычных и оригинальных вещей. <br />Чашка показывает на своей наружной стенке наполненность и красным цветом показывает температуру содержимого.<br /> Выполнена из качественной керамики. <br />Очень необычно, так как не нужно смотреть, сколько осталось на дне любимого напитка. <br />Чем больше в кружке горячего напитка, тем выше показатель на топливной шкале. Емкость 250 мл.]]>
			</description>
			<param name="Вид"><![CDATA[Кружка]]></param>
			<param name="Тип поставки"><![CDATA[Один предмет]]></param>
			<param name="Особенности"><![CDATA[Меняет цвет от температуры]]></param>
			<param name="Основной цвет"><![CDATA[Значение]]></param>
			<param name="Объем, мл"><![CDATA[350]]></param>
			<param name="Страна регистрации бренда"><![CDATA[Украина]]></param>
			<param name="Гарантия"><![CDATA[14 дней]]></param>
			<param name="Бренд"><![CDATA[UFT]]></param>
			<param name="Наличие"><![CDATA[есть]]></param>
			<param name="вес в упаковке кг"><![CDATA[0.3]]></param>
			<param name="высота в упаковке см"><![CDATA[10]]></param>
			<param name="глубина в упаковке см"><![CDATA[7]]></param>
			<param name="ширина в упаковке см"><![CDATA[5]]></param>
			<param name="количество грузовых мест"><![CDATA[1]]></param>
			<param name="штрихкод"><![CDATA[4820176240651]]></param>
		</offer>
		<offer id="uftfisticupgold" available="true">
			<url>https://ukrpodarok.com.ua/chashka-kastet-uft-gold-fistycup-400-ml-podarochnaya.html</url>
			<price>399</price>
			<price_old>499</price_old>
			<currencyId>UAH</currencyId>
			<categoryId>836</categoryId>
			<picture>https://ukrpodarok.com.ua/images/150838_0.jpg</picture>
			<picture>https://ukrpodarok.com.ua/images/924_458.jpg</picture>
			<picture>https://ukrpodarok.com.ua/images/924_457.jpg</picture>
			<picture>https://ukrpodarok.com.ua/images/924_0.jpg</picture>
			<vendor>UFT</vendor>
			<name>Чашка-кастет UFT Gold FistyCup 400 мл подарочная</name>
			<barcode>4820176242471</barcode>
			<stock_quantity>50</stock_quantity>
			<description>
				<![CDATA[<p>Оригинальный подарок людям с твердым характером. <br />Чашка выполнена с оригинальной ручкой в форме кастета. <br />Чашка имеет дорогой презентабельный вид.<br /> Материал : керамика с золотым напылением на ручке.</p>]]>
			</description>
			<param name="Вид"><![CDATA[Кружка]]></param>
			<param name="Материал"><![CDATA[Керамика с золотым напылением на ручке.]]></param>
			<param name="Основной цвет"><![CDATA[Белый]]></param>
			<param name="Тип поставки"><![CDATA[Один предмет]]></param>
			<param name="Размер"><![CDATA[10 х 8 х 13 см]]></param>
			<param name="Объем"><![CDATA[0,4 л]]></param>
			<param name="Дизайн"><![CDATA[Для него]]></param>
			<param name="Страна регистрации бренда"><![CDATA[Украина]]></param>
			<param name="Бренд"><![CDATA[UFT]]></param>
			<param name="Гарантия"><![CDATA[1 месяц]]></param>
			<param name="Наличие"><![CDATA[есть]]></param>
			<param name="вес в упаковке кг"><![CDATA[0.25]]></param>
			<param name="высота в упаковке см"><![CDATA[10]]></param>
			<param name="глубина в упаковке см"><![CDATA[7]]></param>
			<param name="ширина в упаковке см"><![CDATA[5]]></param>
			<param name="количество грузовых мест"><![CDATA[1]]></param>
			<param name="штрихкод"><![CDATA[4820176242471]]></param>
		</offer>
		<offer id="FUNCUPBlack" available="true">
			<url>https://ukrpodarok.com.ua/chashka-meshalka-s-ventilyatorom-uft-fancup-serebristaya-350-ml.html</url>
			<price>277</price>
			<price_old>315</price_old>
			<currencyId>UAH</currencyId>
			<categoryId>836</categoryId>
			<picture>https://ukrpodarok.com.ua/images/152421_0.jpg</picture>
			<picture>https://ukrpodarok.com.ua/images/152421_101049.jpg</picture>
			<picture>https://ukrpodarok.com.ua/images/152421_101050.jpg</picture>
			<picture>https://ukrpodarok.com.ua/images/152421_101051.jpg</picture>
			<picture>https://ukrpodarok.com.ua/images/152421_101052.jpg</picture>
			<vendor>UFT</vendor>
			<name>Чашка-мешалка с вентилятором UFT Fancup Серебристая 350 мл</name>
			<barcode>4820176240124</barcode>
			<stock_quantity>50</stock_quantity>
			<description>
				<![CDATA[Чашка-мешалка с вентилятором станет замечательным подарком Вашему дорогому человеку, другу, коллеге по работе, начальнику. Внутри чашки на донышке расположен смешивающий вентилятор, а на ручке чашки кнопка, которая приводит вентилятор в действие и размешивает сахар или любое содержимое чашки. Кнопка герметична. Работает от пальчиковых батареек. При размешивании вода не проливается за края чашки.  &nbsp;    <b>]]>
			</description>
			<param name="Объем, мл"><![CDATA[350]]></param>
			<param name="Материал"><![CDATA[Пластик /Металл]]></param>
			<param name="Вид"><![CDATA[Кружка]]></param>
			<param name="Основной цвет"><![CDATA[Черный]]></param>
			<param name="Бренд"><![CDATA[UFT]]></param>
			<param name="Гарантия"><![CDATA[14 дней]]></param>
			<param name="Наличие"><![CDATA[есть]]></param>
			<param name="вес в упаковке кг"><![CDATA[0.4]]></param>
			<param name="высота в упаковке см"><![CDATA[15]]></param>
			<param name="глубина в упаковке см"><![CDATA[10]]></param>
			<param name="ширина в упаковке см"><![CDATA[10]]></param>
			<param name="количество грузовых мест"><![CDATA[1]]></param>
			<param name="штрихкод"><![CDATA[4820176240124]]></param>
		</offer>
		<offer id="UFTFUNCUPyellow" available="true">
			<url>https://ukrpodarok.com.ua/chashka-meshalka-s-ventilyatorom-i-krishkoi-zheltaya-uft-funcup-yellow.html</url>
			<price>277</price>
			<price_old>299</price_old>
			<currencyId>UAH</currencyId>
			<categoryId>836</categoryId>
			<picture>https://ukrpodarok.com.ua/images/150769_0.jpg</picture>
			<picture>https://ukrpodarok.com.ua/images/844_708.jpg</picture>
			<picture>https://ukrpodarok.com.ua/images/844_706.jpg</picture>
			<picture>https://ukrpodarok.com.ua/images/844_707.jpg</picture>
			<picture>https://ukrpodarok.com.ua/images/150769_101288.jpg</picture>
			<picture>https://ukrpodarok.com.ua/images/150769_101289.jpg</picture>
			<vendor>UFT</vendor>
			<name>Чашка-мешалка с вентилятором и крышкой желтая UFT FUNCUP yellow</name>
			<barcode>4820176241801</barcode>
			<stock_quantity>50</stock_quantity>
			<description>
				<![CDATA[Чашка-мешалка с вентилятором станетзамечательным подарком Вашему дорогому человеку, другу, коллеге по работе, начальнику. Внутри чашки на донышке расположен смешивающий вентилятор, а на ручке чашки кнопочка, которая приводит вентилятор в действие и размешивает сахар или любое содержимое чашки. Кнопка герметична. Работает от пальчиковых батареек.&nbsp;  &nbsp;    <b>]]>
			</description>
			<param name="Объем, мл"><![CDATA[350]]></param>
			<param name="Материал"><![CDATA[Металл]]></param>
			<param name="Вид"><![CDATA[Кружка]]></param>
			<param name="Основной цвет"><![CDATA[Желтый]]></param>
			<param name="Гарантия"><![CDATA[14 дне]]></param>
			<param name="Бренд"><![CDATA[UFT]]></param>
			<param name="Странапроизводитель"><![CDATA[Китай]]></param>
			<param name="Наличие"><![CDATA[есть]]></param>
			<param name="вес в упаковке кг"><![CDATA[0.27]]></param>
			<param name="высота в упаковке см"><![CDATA[14]]></param>
			<param name="глубина в упаковке см"><![CDATA[10]]></param>
			<param name="ширина в упаковке см"><![CDATA[12]]></param>
			<param name="количество грузовых мест"><![CDATA[1]]></param>
			<param name="штрихкод"><![CDATA[4820176241801]]></param>
		</offer>
		<offer id="UFTFUNCUPred" available="true">
			<url>https://ukrpodarok.com.ua/chashka-meshalka-s-krishkoi-krasnaya-350-ml-uft-funcup-red.html</url>
			<price>277</price>
			<price_old>289</price_old>
			<currencyId>UAH</currencyId>
			<categoryId>836</categoryId>
			<picture>https://ukrpodarok.com.ua/images/150771_0.jpg</picture>
			<picture>https://ukrpodarok.com.ua/images/840_711.jpg</picture>
			<picture>https://ukrpodarok.com.ua/images/840_709.jpg</picture>
			<picture>https://ukrpodarok.com.ua/images/150771_99667.jpg</picture>
			<vendor>UFT</vendor>
			<name>Чашка-мешалка с крышкой красная 350 мл UFT FUNCUP red</name>
			<barcode>4820176241771</barcode>
			<stock_quantity>100</stock_quantity>
			<description>
				<![CDATA[Чашка-мешалка с вентилятором станет замечательным подарком Вашему дорогому человеку, другу, коллеге по работе, начальнику. Внутри чашки на донышке расположен смешивающий вентилятор, а на ручке чашки кнопочка, которая приводит вентилятор в действие и размешивает сахар или любое содержимое чашки. Кнопка герметична. Работает от пальчиковых батареек. При размешивании вода не проливается за края чашки.  &nbsp;    <b>]]>
			</description>
			<param name="Объем, мл"><![CDATA[350]]></param>
			<param name="Материал"><![CDATA[Пластик]]></param>
			<param name="Вид"><![CDATA[Кружка]]></param>
			<param name="Основной цвет"><![CDATA[Красный]]></param>
			<param name="Бренд"><![CDATA[UFT]]></param>
			<param name="Гарантия"><![CDATA[14 дней]]></param>
			<param name="Наличие"><![CDATA[есть]]></param>
			<param name="вес в упаковке кг"><![CDATA[0.3]]></param>
			<param name="высота в упаковке см"><![CDATA[14]]></param>
			<param name="глубина в упаковке см"><![CDATA[10]]></param>
			<param name="ширина в упаковке см"><![CDATA[13]]></param>
			<param name="количество грузовых мест"><![CDATA[1]]></param>
			<param name="штрихкод"><![CDATA[4820176241771]]></param>
		</offer>
		<offer id="M+ZL1" available="false">
			<url>https://ukrpodarok.com.ua/chemodan-dlya-malchika-mashinka-s-ruchkoi-na-kolesah-uft-chevrolet-camaro-zl1.html</url>
			<price>1399</price>
			<price_old>1899</price_old>
			<currencyId>UAH</currencyId>
			<categoryId>1523</categoryId>
			<picture>https://ukrpodarok.com.ua/images/151941_0.jpg</picture>
			<picture>https://ukrpodarok.com.ua/images/151941_100562.jpg</picture>
			<picture>https://ukrpodarok.com.ua/images/151941_100561.jpg</picture>
			<picture>https://ukrpodarok.com.ua/images/151941_100560.jpg</picture>
			<picture>https://ukrpodarok.com.ua/images/151941_100559.jpg</picture>
			<vendor>UFT</vendor>
			<name>Чемодан  для мальчика машинка с ручкой на колесах UFT Chevrolet Camaro ZL1</name>
			<barcode>4820176253361</barcode>
			<stock_quantity>0</stock_quantity>
			<description>
				<![CDATA[<p>Чемодвн детский&nbsp;UFT Chevrolet Camaro ZL1 красный, выполнен в виде автомобиля Chevrole. <br />Производится из высококачественного крепкого пластика, разработан для максимальной безопасности. <br />Чемодан разработан в размере ручной клади в самолет, износостойкий и водоотталкивающий.<br /> Две регулируемые вытяжные ручки чемодана, позволяют возить его за собой. <br />Внутри есть один просторнй отсек, где Ваш ребенок сможет хранить свои вещи, одежду, игрушки и т.д. <br />Очень практичный и удобный для путешествий.<br />Размеры:<br />49 х 30 х 21 см.</p>]]>
			</description>
			<param name="Пол"><![CDATA[МальчикДевочка]]></param>
			<param name="Вид"><![CDATA[Детские]]></param>
			<param name="Материал верха"><![CDATA[Пластик]]></param>
			<param name="Размер"><![CDATA[Ручная кладь (до 50л)]]></param>
			<param name="Обьем, л"><![CDATA[18 л]]></param>
			<param name="Цвет"><![CDATA[Красный]]></param>
			<param name="Назначение"><![CDATA[Для одежды]]></param>
			<param name="Размеры"><![CDATA[49 х 30 х 21 см]]></param>
			<param name="Категория"><![CDATA[Детские]]></param>
			<param name="Тип"><![CDATA[Чемоданы]]></param>
			<param name="Страна регистрации бренда"><![CDATA[Украина]]></param>
			<param name="Гарантия"><![CDATA[14 дней]]></param>
			<param name="Бренд"><![CDATA[UFT]]></param>
			<param name="Сегмент"><![CDATA[Top Brands]]></param>
			<param name="Наличие"><![CDATA[нет]]></param>
			<param name="вес в упаковке кг"><![CDATA[1.2]]></param>
			<param name="высота в упаковке см"><![CDATA[62]]></param>
			<param name="глубина в упаковке см"><![CDATA[18]]></param>
			<param name="ширина в упаковке см"><![CDATA[25]]></param>
			<param name="количество грузовых мест"><![CDATA[1]]></param>
			<param name="штрихкод"><![CDATA[4820176253361]]></param>
		</offer>
		<offer id="NVK010800" available="true">
			<url>https://ukrpodarok.com.ua/chehol-dlya-iphone-15-plus-s-magnitom-magsafe-vokamo-glacier-chernii-matovii.html</url>
			<price>999</price>
			<price_old>1277</price_old>
			<currencyId>UAH</currencyId>
			<categoryId>50993</categoryId>
			<picture>https://ukrpodarok.com.ua/images/152506_0.jpg</picture>
			<picture>https://ukrpodarok.com.ua/images/152506_101520.jpg</picture>
			<picture>https://ukrpodarok.com.ua/images/152506_101521.jpg</picture>
			<picture>https://ukrpodarok.com.ua/images/152506_101522.jpg</picture>
			<picture>https://ukrpodarok.com.ua/images/152506_101523.jpg</picture>
			<picture>https://ukrpodarok.com.ua/images/152506_101524.jpg</picture>
			<picture>https://ukrpodarok.com.ua/images/152506_101525.jpg</picture>
			<vendor>VOKAMO</vendor>
			<name>Чехол для iPhone 15 Plus с магнитом MagSafe VOKAMO Glacier Черный Матовый</name>
			<barcode></barcode>
			<stock_quantity>50</stock_quantity>
			<description>
				<![CDATA[Применен микроматовый материал IML и первоклассная матовая поверхность, приятная на ощупь, и прекрасно лежащая в руке.<br />Особенностью данной модели является то, что в отличие от других матовых чехлов &ndash; не оставляет отпечатков пальцев.<br />Идеально подходит для iPhone 15 Plus, точно повторяет форму и вырезы для свободного управления всеми кнопками на телефоне.<br /><br />Встроенный мощный магнит, точно подключающий беспроводную зарядку на место и также совместим с другими аксессуарами, которые могут примагничиваться, такие как повербанки, подставки и держатели в авто.<br /><br />]]>
			</description>
			<param name="Формфактор"><![CDATA[Панель]]></param>
			<param name="Материал"><![CDATA[TPU+PET]]></param>
			<param name="Цвет"><![CDATA[Черный матовый полупрозрачный]]></param>
			<param name="Совместимость"><![CDATA[iPhone 15 Plus]]></param>
			<param name="Странапроизводитель"><![CDATA[Китай]]></param>
			<param name="Гарантия"><![CDATA[14 дней]]></param>
			<param name="Наличие"><![CDATA[есть]]></param>
		</offer>
		<offer id="NVK010847" available="true">
			<url>https://ukrpodarok.com.ua/chehol-dlya-iphone-15-plus-s-magnitom-magsafe-vokamo-smult-black.html</url>
			<price>1999</price>
			<price_old>2199</price_old>
			<currencyId>UAH</currencyId>
			<categoryId>50993</categoryId>
			<picture>https://ukrpodarok.com.ua/images/152505_0.jpg</picture>
			<picture>https://ukrpodarok.com.ua/images/152505_101512.jpg</picture>
			<picture>https://ukrpodarok.com.ua/images/152505_101513.jpg</picture>
			<picture>https://ukrpodarok.com.ua/images/152505_101514.jpg</picture>
			<picture>https://ukrpodarok.com.ua/images/152505_101515.jpg</picture>
			<picture>https://ukrpodarok.com.ua/images/152505_101516.jpg</picture>
			<picture>https://ukrpodarok.com.ua/images/152505_101517.jpg</picture>
			<picture>https://ukrpodarok.com.ua/images/152505_101518.jpg</picture>
			<picture>https://ukrpodarok.com.ua/images/152505_101519.jpg</picture>
			<vendor>VOKAMO</vendor>
			<name>Чехол для iPhone 15 Plus с магнитом MagSafe VOKAMO Smult Black</name>
			<barcode></barcode>
			<stock_quantity>50</stock_quantity>
			<description>
				<![CDATA[В даной модели спользовано неньютоновский жидкостный амортизирующего материал, который обеспечивает полную защиту от ежедневных падений.<br /><br />Прозрачная, жесткая задняя панель из PC, обработанная УФ-излучением, и гибкий бампер защищают телефон от царапин и износа.<br /><br />Идеально подходит под iPhone 15 Plus, точно повторяющий все вырезы и кнопки.<br />Встроенный мощный магнит, точно подключающий беспроводную зарядку на место и также совместим с другими аксессуарами, которые могут примагничиваться, такие как повербанки, подставки и держатели в авто.<br /><br />]]>
			</description>
			<param name="Формфактор"><![CDATA[Панель]]></param>
			<param name="Материал"><![CDATA[PC+TPU+TPE]]></param>
			<param name="Цвет"><![CDATA[Черный полупрозрачный]]></param>
			<param name="Совместимость"><![CDATA[iPhone 15 Plus]]></param>
			<param name="Странапроизводитель"><![CDATA[Китай]]></param>
			<param name="Гарантия"><![CDATA[14 дней]]></param>
			<param name="Наличие"><![CDATA[есть]]></param>
		</offer>
		<offer id="NVK010859" available="true">
			<url>https://ukrpodarok.com.ua/chehol-dlya-iphone-15-plus-s-magnitom-magsafe-vokamo-smult-blue.html</url>
			<price>1999</price>
			<price_old>2199</price_old>
			<currencyId>UAH</currencyId>
			<categoryId>50993</categoryId>
			<picture>https://ukrpodarok.com.ua/images/152504_0.jpg</picture>
			<picture>https://ukrpodarok.com.ua/images/152504_101507.jpg</picture>
			<picture>https://ukrpodarok.com.ua/images/152504_101508.jpg</picture>
			<picture>https://ukrpodarok.com.ua/images/152504_101509.jpg</picture>
			<picture>https://ukrpodarok.com.ua/images/152504_101510.jpg</picture>
			<picture>https://ukrpodarok.com.ua/images/152504_101511.jpg</picture>
			<vendor>VOKAMO</vendor>
			<name>Чехол для iPhone 15 Plus с магнитом MagSafe VOKAMO Smult Blue</name>
			<barcode></barcode>
			<stock_quantity>50</stock_quantity>
			<description>
				<![CDATA[В даной модели спользовано неньютоновский жидкостный амортизирующего материал, который обеспечивает полную защиту от ежедневных падений.<br /><br />Прозрачная, жесткая задняя панель из PC, обработанная УФ-излучением, и гибкий бампер защищают телефон от царапин и износа.<br /><br />Идеально подходит под iPhone 15 Plus, точно повторяющий все вырезы и кнопки.<br />Встроенный мощный магнит, точно подключающий беспроводную зарядку на место и также совместим с другими аксессуарами, которые могут примагничиваться, такие как повербанки, подставки и держатели в авто.<br /><br />]]>
			</description>
			<param name="Формфактор"><![CDATA[Панель]]></param>
			<param name="Материал"><![CDATA[PC+TPU+TPE]]></param>
			<param name="Цвет"><![CDATA[Синий полупрозрачный]]></param>
			<param name="Совместимость"><![CDATA[iPhone 15 Plus]]></param>
			<param name="Странапроизводитель"><![CDATA[Китай]]></param>
			<param name="Гарантия"><![CDATA[14 дней]]></param>
			<param name="Наличие"><![CDATA[есть]]></param>
		</offer>
		<offer id="NVK010848" available="true">
			<url>https://ukrpodarok.com.ua/chehol-dlya-iphone-15-plus-s-magnitom-magsafe-vokamo-smult-white.html</url>
			<price>1999</price>
			<price_old>2199</price_old>
			<currencyId>UAH</currencyId>
			<categoryId>50993</categoryId>
			<picture>https://ukrpodarok.com.ua/images/152503_0.jpg</picture>
			<picture>https://ukrpodarok.com.ua/images/152503_101502.jpg</picture>
			<picture>https://ukrpodarok.com.ua/images/152503_101503.jpg</picture>
			<picture>https://ukrpodarok.com.ua/images/152503_101504.jpg</picture>
			<picture>https://ukrpodarok.com.ua/images/152503_101505.jpg</picture>
			<picture>https://ukrpodarok.com.ua/images/152503_101506.jpg</picture>
			<vendor>VOKAMO</vendor>
			<name>Чехол для iPhone 15 Plus с магнитом MagSafe VOKAMO Smult White</name>
			<barcode></barcode>
			<stock_quantity>50</stock_quantity>
			<description>
				<![CDATA[В даной модели спользовано неньютоновский жидкостный амортизирующего материал, который обеспечивает полную защиту от ежедневных падений.<br /><br />Прозрачная, жесткая задняя панель из PC, обработанная УФ-излучением, и гибкий бампер защищают телефон от царапин и износа.<br /><br />Идеально подходит под iPhone 15 Plus, точно повторяющий все вырезы и кнопки.<br />Встроенный мощный магнит, точно подключающий беспроводную зарядку на место и также совместим с другими аксессуарами, которые могут примагничиваться, такие как повербанки, подставки и держатели в авто.<br /><br />]]>
			</description>
			<param name="Формфактор"><![CDATA[Панель]]></param>
			<param name="Материал"><![CDATA[PC+TPU+TPE]]></param>
			<param name="Цвет"><![CDATA[Белый полупрозрачный]]></param>
			<param name="Совместимость"><![CDATA[iPhone 15 Plus]]></param>
			<param name="Странапроизводитель"><![CDATA[Китай]]></param>
			<param name="Гарантия"><![CDATA[14 дней]]></param>
			<param name="Наличие"><![CDATA[есть]]></param>
		</offer>
		<offer id="NVK010801" available="true">
			<url>https://ukrpodarok.com.ua/chehol-dlya-iphone-15-pro-max-s-magnitom-magsafe-vokamo-glacier-belii-matovii.html</url>
			<price>999</price>
			<price_old>1199</price_old>
			<currencyId>UAH</currencyId>
			<categoryId>50993</categoryId>
			<picture>https://ukrpodarok.com.ua/images/152502_0.jpg</picture>
			<picture>https://ukrpodarok.com.ua/images/152502_101491.jpg</picture>
			<picture>https://ukrpodarok.com.ua/images/152502_101492.jpg</picture>
			<picture>https://ukrpodarok.com.ua/images/152502_101493.jpg</picture>
			<picture>https://ukrpodarok.com.ua/images/152502_101494.jpg</picture>
			<picture>https://ukrpodarok.com.ua/images/152502_101495.jpg</picture>
			<picture>https://ukrpodarok.com.ua/images/152502_101496.jpg</picture>
			<picture>https://ukrpodarok.com.ua/images/152502_101497.jpg</picture>
			<picture>https://ukrpodarok.com.ua/images/152502_101498.jpg</picture>
			<picture>https://ukrpodarok.com.ua/images/152502_101499.jpg</picture>
			<picture>https://ukrpodarok.com.ua/images/152502_101500.jpg</picture>
			<picture>https://ukrpodarok.com.ua/images/152502_101501.jpg</picture>
			<vendor>VOKAMO</vendor>
			<name>Чехол для iPhone 15 Pro Max с магнитом MagSafe VOKAMO Glacier Белый Матовый</name>
			<barcode></barcode>
			<stock_quantity>50</stock_quantity>
			<description>
				<![CDATA[Применен микроматовый материал IML и первоклассная матовая поверхность, приятная на ощупь, и прекрасно лежащая в руке.<br />Особенностью данной модели является то, что в отличие от других матовых чехлов &ndash; не оставляет отпечатков пальцев.<br />Идеально подходит для iPhone 15 Pro Max, точно повторяет форму и вырезы для свободного управления всеми кнопками на телефоне.<br /><br />Встроенный мощный магнит, точно подключающий беспроводную зарядку на место и также совместим с другими аксессуарами, которые могут примагничиваться, такие как повербанки, подставки и держатели в авто.<br /><br />]]>
			</description>
			<param name="Формфактор"><![CDATA[Панель]]></param>
			<param name="Материал"><![CDATA[TPU+PET]]></param>
			<param name="Цвет"><![CDATA[Белый матовый полупрозрачный]]></param>
			<param name="Совместимость"><![CDATA[iPhone 15 Pro Max]]></param>
			<param name="Странапроизводитель"><![CDATA[Китай]]></param>
			<param name="Гарантия"><![CDATA[14 дней]]></param>
			<param name="Наличие"><![CDATA[есть]]></param>
		</offer>
		<offer id="NVK010802" available="true">
			<url>https://ukrpodarok.com.ua/chehol-dlya-iphone-15-pro-max-s-magnitom-magsafe-vokamo-glacier-chernii-matovii.html</url>
			<price>999</price>
			<price_old>1199</price_old>
			<currencyId>UAH</currencyId>
			<categoryId>50993</categoryId>
			<picture>https://ukrpodarok.com.ua/images/152501_0.jpg</picture>
			<picture>https://ukrpodarok.com.ua/images/152501_101479.jpg</picture>
			<picture>https://ukrpodarok.com.ua/images/152501_101480.jpg</picture>
			<picture>https://ukrpodarok.com.ua/images/152501_101481.jpg</picture>
			<picture>https://ukrpodarok.com.ua/images/152501_101482.jpg</picture>
			<picture>https://ukrpodarok.com.ua/images/152501_101483.jpg</picture>
			<picture>https://ukrpodarok.com.ua/images/152501_101484.jpg</picture>
			<picture>https://ukrpodarok.com.ua/images/152501_101485.jpg</picture>
			<picture>https://ukrpodarok.com.ua/images/152501_101486.jpg</picture>
			<picture>https://ukrpodarok.com.ua/images/152501_101487.jpg</picture>
			<picture>https://ukrpodarok.com.ua/images/152501_101488.jpg</picture>
			<picture>https://ukrpodarok.com.ua/images/152501_101489.jpg</picture>
			<picture>https://ukrpodarok.com.ua/images/152501_101490.jpg</picture>
			<vendor>VOKAMO</vendor>
			<name>Чехол для iPhone 15 Pro Max с магнитом MagSafe VOKAMO Glacier Черный Матовый</name>
			<barcode></barcode>
			<stock_quantity>50</stock_quantity>
			<description>
				<![CDATA[  <p>Применен микроматовый материал IML и первоклассная матовая поверхность, приятная на ощупь, и прекрасно лежащая в руке.<br />Особенностью данной модели является то, что в отличие от других матовых чехлов &ndash; не оставляет отпечатков пальцев.<br />Идеально подходит для iPhone 15 Pro Max, точно повторяет форму и вырезы для свободного управления всеми кнопками на телефоне.<br /><br />Встроенный мощный магнит, точно подключающий беспроводную зарядку на место и также совместим с другими аксессуарами, которые могут примагничиваться, такие как повербанки, подставки и держатели в авто.<br /><br />]]>
			</description>
			<param name="Формфактор"><![CDATA[Панель]]></param>
			<param name="Материал"><![CDATA[TPU+PET]]></param>
			<param name="Цвет"><![CDATA[Черный матовый полупрозрачный]]></param>
			<param name="Совместимость"><![CDATA[iPhone 15 Pro Max]]></param>
			<param name="Странапроизводитель"><![CDATA[Китай]]></param>
			<param name="Гарантия"><![CDATA[14 дней]]></param>
			<param name="Наличие"><![CDATA[есть]]></param>
		</offer>
		<offer id="NVK010841" available="true">
			<url>https://ukrpodarok.com.ua/chehol-dlya-iphone-15-pro-max-s-magnitom-magsafe-vokamo-ice-glass-black.html</url>
			<price>1799</price>
			<price_old>1999</price_old>
			<currencyId>UAH</currencyId>
			<categoryId>50993</categoryId>
			<picture>https://ukrpodarok.com.ua/images/152500_0.jpg</picture>
			<picture>https://ukrpodarok.com.ua/images/152500_101469.jpg</picture>
			<picture>https://ukrpodarok.com.ua/images/152500_101470.jpg</picture>
			<picture>https://ukrpodarok.com.ua/images/152500_101471.jpg</picture>
			<picture>https://ukrpodarok.com.ua/images/152500_101472.jpg</picture>
			<picture>https://ukrpodarok.com.ua/images/152500_101473.jpg</picture>
			<picture>https://ukrpodarok.com.ua/images/152500_101474.jpg</picture>
			<picture>https://ukrpodarok.com.ua/images/152500_101475.jpg</picture>
			<picture>https://ukrpodarok.com.ua/images/152500_101476.jpg</picture>
			<picture>https://ukrpodarok.com.ua/images/152500_101477.jpg</picture>
			<picture>https://ukrpodarok.com.ua/images/152500_101478.jpg</picture>
			<vendor>VOKAMO</vendor>
			<name>Чехол для iPhone 15 Pro Max с магнитом MagSafe VOKAMO Ice Glass Black</name>
			<barcode></barcode>
			<stock_quantity>50</stock_quantity>
			<description>
				<![CDATA[Задняя панель из композитного, закаленного стекла обеспечивает гладкое прикосновение, устойчивое к царапинам, имеет прозрачную текстуру. Класс жесткости 9H.<br /><br />Защитный чехол имеет амортизирующую конструкцию подушки безопасности на углах, а также тонко проработанные края с обеих сторон, что обеспечивает удобный захват и эффективную защиту от ударов.<br /><br />Идеально подходит для iPhone 15 Pro Max, точно повторяет форму и вырезы для свободного управления всеми кнопками на телефоне.<br /><br />Встроенный мощный магнит, точно подключающий телефон, совместим с беспроводной зарядкой и другими аксессуарами, которые могут примагничиваться, такие как повербанки, подставки держатели в авто.<br /><br /> <br /><br />]]>
			</description>
			<param name="Формфактор"><![CDATA[Панель]]></param>
			<param name="Материал"><![CDATA[PC + TPU + закаленное стекло]]></param>
			<param name="Цвет"><![CDATA[Черный]]></param>
			<param name="Совместимость"><![CDATA[iPhone 15 Pro Max]]></param>
			<param name="Странапроизводитель"><![CDATA[Китай]]></param>
			<param name="Гарантия"><![CDATA[14 дней]]></param>
			<param name="Наличие"><![CDATA[есть]]></param>
		</offer>
		<offer id="NVK010845" available="true">
			<url>https://ukrpodarok.com.ua/chehol-dlya-iphone-15-pro-s-magnitom-magsafe-vokamo-smult-black.html</url>
			<price>1999</price>
			<price_old>2199</price_old>
			<currencyId>UAH</currencyId>
			<categoryId>50993</categoryId>
			<picture>https://ukrpodarok.com.ua/images/152499_0.jpg</picture>
			<picture>https://ukrpodarok.com.ua/images/152499_101462.jpg</picture>
			<picture>https://ukrpodarok.com.ua/images/152499_101463.jpg</picture>
			<picture>https://ukrpodarok.com.ua/images/152499_101464.jpg</picture>
			<picture>https://ukrpodarok.com.ua/images/152499_101465.jpg</picture>
			<picture>https://ukrpodarok.com.ua/images/152499_101466.jpg</picture>
			<picture>https://ukrpodarok.com.ua/images/152499_101467.jpg</picture>
			<picture>https://ukrpodarok.com.ua/images/152499_101468.jpg</picture>
			<vendor>VOKAMO</vendor>
			<name>Чехол для iPhone 15 Pro с магнитом MagSafe VOKAMO Smult Black</name>
			<barcode></barcode>
			<stock_quantity>50</stock_quantity>
			<description>
				<![CDATA[В даной модели спользовано неньютоновский жидкостный амортизирующего материал, который обеспечивает полную защиту от ежедневных падений.<br /><br />Прозрачная, жесткая задняя панель из PC, обработанная УФ-излучением, и гибкий бампер защищают телефон от царапин и износа.<br /><br />Идеально подходит под iPhone 15 Pro, точно повторяющий все вырезы и кнопки.<br />Встроенный мощный магнит, точно подключающий беспроводную зарядку на место и также совместим с другими аксессуарами, которые могут примагничиваться, такие как повербанки, подставки и держатели в авто.<br /><br />]]>
			</description>
			<param name="Формфактор"><![CDATA[Панель]]></param>
			<param name="Материал"><![CDATA[PC+TPU+TPE]]></param>
			<param name="Цвет"><![CDATA[Черный полупрозрачный]]></param>
			<param name="Совместимость"><![CDATA[iPhone 15 Pro]]></param>
			<param name="Странапроизводитель"><![CDATA[Китай]]></param>
			<param name="Гарантия"><![CDATA[14 дней]]></param>
			<param name="Наличие"><![CDATA[есть]]></param>
		</offer>
		<offer id="NVK010856" available="true">
			<url>https://ukrpodarok.com.ua/chehol-dlya-iphone-15-pro-s-magnitom-magsafe-vokamo-smult-blue.html</url>
			<price>1999</price>
			<price_old>2199</price_old>
			<currencyId>UAH</currencyId>
			<categoryId>50993</categoryId>
			<picture>https://ukrpodarok.com.ua/images/152498_0.jpg</picture>
			<picture>https://ukrpodarok.com.ua/images/152498_101458.jpg</picture>
			<picture>https://ukrpodarok.com.ua/images/152498_101459.jpg</picture>
			<picture>https://ukrpodarok.com.ua/images/152498_101460.jpg</picture>
			<picture>https://ukrpodarok.com.ua/images/152498_101461.jpg</picture>
			<vendor>VOKAMO</vendor>
			<name>Чехол для iPhone 15 Pro с магнитом MagSafe VOKAMO Smult Blue</name>
			<barcode></barcode>
			<stock_quantity>50</stock_quantity>
			<description>
				<![CDATA[В даной модели спользовано неньютоновский жидкостный амортизирующего материал, который обеспечивает полную защиту от ежедневных падений.<br /><br />Прозрачная, жесткая задняя панель из PC, обработанная УФ-излучением, и гибкий бампер защищают телефон от царапин и износа.<br /><br />Идеально подходит под iPhone 15 Pro, точно повторяющий все вырезы и кнопки.<br />Встроенный мощный магнит, точно подключающий беспроводную зарядку на место и также совместим с другими аксессуарами, которые могут примагничиваться, такие как повербанки, подставки и держатели в авто.<br /><br />]]>
			</description>
			<param name="Формфактор"><![CDATA[Панель]]></param>
			<param name="Материал"><![CDATA[PC+TPU+TPE]]></param>
			<param name="Цвет"><![CDATA[Синий полупрозрачный]]></param>
			<param name="Совместимость"><![CDATA[iPhone 15 Pro]]></param>
			<param name="Странапроизводитель"><![CDATA[Китай]]></param>
			<param name="Гарантия"><![CDATA[14 дней]]></param>
			<param name="Наличие"><![CDATA[есть]]></param>
		</offer>
		<offer id="NVK010846" available="true">
			<url>https://ukrpodarok.com.ua/chehol-dlya-iphone-15-pro-s-magnitom-magsafe-vokamo-smult-white.html</url>
			<price>1999</price>
			<price_old>2199</price_old>
			<currencyId>UAH</currencyId>
			<categoryId>50993</categoryId>
			<picture>https://ukrpodarok.com.ua/images/152497_0.jpg</picture>
			<picture>https://ukrpodarok.com.ua/images/152497_101454.jpg</picture>
			<picture>https://ukrpodarok.com.ua/images/152497_101455.jpg</picture>
			<picture>https://ukrpodarok.com.ua/images/152497_101456.jpg</picture>
			<picture>https://ukrpodarok.com.ua/images/152497_101457.jpg</picture>
			<vendor>VOKAMO</vendor>
			<name>Чехол для iPhone 15 Pro с магнитом MagSafe VOKAMO Smult White</name>
			<barcode></barcode>
			<stock_quantity>50</stock_quantity>
			<description>
				<![CDATA[В даной модели спользовано неньютоновский жидкостный амортизирующего материал, который обеспечивает полную защиту от ежедневных падений.<br /><br />Прозрачная, жесткая задняя панель из PC, обработанная УФ-излучением, и гибкий бампер защищают телефон от царапин и износа.<br /><br />Идеально подходит под iPhone 15 Pro, точно повторяющий все вырезы и кнопки.<br />Встроенный мощный магнит, точно подключающий беспроводную зарядку на место и также совместим с другими аксессуарами, которые могут примагничиваться, такие как повербанки, подставки и держатели в авто.<br /><br />]]>
			</description>
			<param name="Формфактор"><![CDATA[Панель]]></param>
			<param name="Материал"><![CDATA[PC+TPU+TPE]]></param>
			<param name="Цвет"><![CDATA[Белый полупрозрачный]]></param>
			<param name="Совместимость"><![CDATA[iPhone 15 Pro]]></param>
			<param name="Странапроизводитель"><![CDATA[Китай]]></param>
			<param name="Гарантия"><![CDATA[14 дней]]></param>
			<param name="Наличие"><![CDATA[есть]]></param>
		</offer>
		<offer id="NVK010795" available="true">
			<url>https://ukrpodarok.com.ua/chehol-dlya-iphone-15-s-magnitom-magsafe-vokamo-glacier-belii-matovii.html</url>
			<price>999</price>
			<price_old>1299</price_old>
			<currencyId>UAH</currencyId>
			<categoryId>50993</categoryId>
			<picture>https://ukrpodarok.com.ua/images/152496_0.jpg</picture>
			<picture>https://ukrpodarok.com.ua/images/152496_101444.jpg</picture>
			<picture>https://ukrpodarok.com.ua/images/152496_101445.jpg</picture>
			<picture>https://ukrpodarok.com.ua/images/152496_101446.jpg</picture>
			<picture>https://ukrpodarok.com.ua/images/152496_101447.jpg</picture>
			<picture>https://ukrpodarok.com.ua/images/152496_101448.jpg</picture>
			<picture>https://ukrpodarok.com.ua/images/152496_101449.jpg</picture>
			<picture>https://ukrpodarok.com.ua/images/152496_101450.jpg</picture>
			<picture>https://ukrpodarok.com.ua/images/152496_101451.jpg</picture>
			<picture>https://ukrpodarok.com.ua/images/152496_101452.jpg</picture>
			<picture>https://ukrpodarok.com.ua/images/152496_101453.jpg</picture>
			<vendor>VOKAMO</vendor>
			<name>Чехол для iPhone 15 с магнитом MagSafe VOKAMO Glacier Белый Матовый</name>
			<barcode></barcode>
			<stock_quantity>50</stock_quantity>
			<description>
				<![CDATA[Применен микроматовый материал IML и первоклассная матовая поверхность, приятная на ощупь, и прекрасно лежащая в руке.<br />Особенностью данной модели является то, что в отличие от других матовых чехлов &ndash; не оставляет отпечатков пальцев.<br />Идеально подходит для iPhone 15, точно повторяет форму и вырезы для свободного управления всеми кнопками на телефоне.<br /><br />Встроенный мощный магнит, точно подключающий беспроводную зарядку на место и также совместим с другими аксессуарами, которые могут примагничиваться, такие как повербанки, подставки и держатели в авто.<br /><br />]]>
			</description>
			<param name="Формфактор"><![CDATA[Панель]]></param>
			<param name="Материал"><![CDATA[TPU+PET]]></param>
			<param name="Цвет"><![CDATA[Белый матовый полупрозрачный]]></param>
			<param name="Совместимость"><![CDATA[iPhone 15]]></param>
			<param name="Странапроизводитель"><![CDATA[Китай]]></param>
			<param name="Гарантия"><![CDATA[14 дней]]></param>
			<param name="Наличие"><![CDATA[есть]]></param>
		</offer>
		<offer id="NVK010796" available="true">
			<url>https://ukrpodarok.com.ua/chehol-dlya-iphone-15-s-magnitom-magsafe-vokamo-glacier-chernii-matovii.html</url>
			<price>999</price>
			<price_old>1299</price_old>
			<currencyId>UAH</currencyId>
			<categoryId>50993</categoryId>
			<picture>https://ukrpodarok.com.ua/images/152495_0.jpg</picture>
			<picture>https://ukrpodarok.com.ua/images/152495_101432.jpg</picture>
			<picture>https://ukrpodarok.com.ua/images/152495_101433.jpg</picture>
			<picture>https://ukrpodarok.com.ua/images/152495_101434.jpg</picture>
			<picture>https://ukrpodarok.com.ua/images/152495_101435.jpg</picture>
			<picture>https://ukrpodarok.com.ua/images/152495_101436.jpg</picture>
			<picture>https://ukrpodarok.com.ua/images/152495_101437.jpg</picture>
			<picture>https://ukrpodarok.com.ua/images/152495_101438.jpg</picture>
			<picture>https://ukrpodarok.com.ua/images/152495_101439.jpg</picture>
			<picture>https://ukrpodarok.com.ua/images/152495_101440.jpg</picture>
			<picture>https://ukrpodarok.com.ua/images/152495_101441.jpg</picture>
			<picture>https://ukrpodarok.com.ua/images/152495_101442.jpg</picture>
			<picture>https://ukrpodarok.com.ua/images/152495_101443.jpg</picture>
			<vendor>VOKAMO</vendor>
			<name>Чехол для iPhone 15 с магнитом MagSafe VOKAMO Glacier Черный Матовый</name>
			<barcode></barcode>
			<stock_quantity>50</stock_quantity>
			<description>
				<![CDATA[Применен микроматовый материал IML и первоклассная матовая поверхность, приятная на ощупь, и прекрасно лежащая в руке.<br />Особенностью данной модели является то, что в отличие от других матовых чехлов &ndash; не оставляет отпечатков пальцев.<br />Идеально подходит для iPhone 15, точно повторяет форму и вырезы для свободного управления всеми кнопками на телефоне.<br /><br />Встроенный мощный магнит, точно подключающий беспроводную зарядку на место и также совместим с другими аксессуарами, которые могут примагничиваться, такие как повербанки, подставки и держатели в авто.<br /><br />]]>
			</description>
			<param name="Формфактор"><![CDATA[Панель]]></param>
			<param name="Материал"><![CDATA[TPU+PET]]></param>
			<param name="Цвет"><![CDATA[Черный матовый полупрозрачный]]></param>
			<param name="Совместимость"><![CDATA[iPhone 15]]></param>
			<param name="Странапроизводитель"><![CDATA[Китай]]></param>
			<param name="Гарантия"><![CDATA[14 дней]]></param>
			<param name="Наличие"><![CDATA[есть]]></param>
		</offer>
		<offer id="NVK010843" available="true">
			<url>https://ukrpodarok.com.ua/chehol-dlya-iphone-15-s-magnitom-magsafe-vokamo-smult-black.html</url>
			<price>1999</price>
			<price_old>2199</price_old>
			<currencyId>UAH</currencyId>
			<categoryId>50993</categoryId>
			<picture>https://ukrpodarok.com.ua/images/152494_0.jpg</picture>
			<picture>https://ukrpodarok.com.ua/images/152494_101426.jpg</picture>
			<picture>https://ukrpodarok.com.ua/images/152494_101427.jpg</picture>
			<picture>https://ukrpodarok.com.ua/images/152494_101428.jpg</picture>
			<picture>https://ukrpodarok.com.ua/images/152494_101429.jpg</picture>
			<picture>https://ukrpodarok.com.ua/images/152494_101430.jpg</picture>
			<picture>https://ukrpodarok.com.ua/images/152494_101431.jpg</picture>
			<vendor>VOKAMO</vendor>
			<name>Чехол для iPhone 15 с магнитом MagSafe VOKAMO Smult Black</name>
			<barcode></barcode>
			<stock_quantity>50</stock_quantity>
			<description>
				<![CDATA[В даной модели спользовано неньютоновский жидкостный амортизирующего материал, который обеспечивает полную защиту от ежедневных падений.<br /><br />Прозрачная, жесткая задняя панель из PC, обработанная УФ-излучением, и гибкий бампер защищают телефон от царапин и износа.<br /><br />Идеально подходит под iPhone 15, точно повторяющий все вырезы и кнопки.<br />Встроенный мощный магнит, точно подключающий беспроводную зарядку на место и также совместим с другими аксессуарами, которые могут примагничиваться, такие как повербанки, подставки и держатели в авто.<br /><br />]]>
			</description>
			<param name="Формфактор"><![CDATA[Панель]]></param>
			<param name="Материал"><![CDATA[PC+TPU+TPE]]></param>
			<param name="Цвет"><![CDATA[Черный полупрозрачный]]></param>
			<param name="Совместимость"><![CDATA[iPhone 15]]></param>
			<param name="Странапроизводитель"><![CDATA[Китай]]></param>
			<param name="Гарантия"><![CDATA[14 дней]]></param>
			<param name="Наличие"><![CDATA[есть]]></param>
		</offer>
		<offer id="NVK010853" available="true">
			<url>https://ukrpodarok.com.ua/chehol-dlya-iphone-15-s-magnitom-magsafe-vokamo-smult-blue.html</url>
			<price>1999</price>
			<price_old>2199</price_old>
			<currencyId>UAH</currencyId>
			<categoryId>50993</categoryId>
			<picture>https://ukrpodarok.com.ua/images/152493_0.jpg</picture>
			<picture>https://ukrpodarok.com.ua/images/152493_101421.jpg</picture>
			<picture>https://ukrpodarok.com.ua/images/152493_101422.jpg</picture>
			<picture>https://ukrpodarok.com.ua/images/152493_101423.jpg</picture>
			<picture>https://ukrpodarok.com.ua/images/152493_101424.jpg</picture>
			<picture>https://ukrpodarok.com.ua/images/152493_101425.jpg</picture>
			<vendor>VOKAMO</vendor>
			<name>Чехол для iPhone 15 с магнитом MagSafe VOKAMO Smult Blue</name>
			<barcode></barcode>
			<stock_quantity>50</stock_quantity>
			<description>
				<![CDATA[В даной модели спользовано неньютоновский жидкостный амортизирующего материал, который обеспечивает полную защиту от ежедневных падений.<br /><br />Прозрачная, жесткая задняя панель из PC, обработанная УФ-излучением, и гибкий бампер защищают телефон от царапин и износа.<br /><br />Идеально подходит под iPhone 15, точно повторяющий все вырезы и кнопки.<br />Встроенный мощный магнит, точно подключающий беспроводную зарядку на место и также совместим с другими аксессуарами, которые могут примагничиваться, такие как повербанки, подставки и держатели в авто.<br /><br />]]>
			</description>
			<param name="Формфактор"><![CDATA[Панель]]></param>
			<param name="Материал"><![CDATA[PC+TPU+TPE]]></param>
			<param name="Цвет"><![CDATA[Синий полупрозрачный]]></param>
			<param name="Совместимость"><![CDATA[iPhone 15]]></param>
			<param name="Странапроизводитель"><![CDATA[Китай]]></param>
			<param name="Гарантия"><![CDATA[14 дней]]></param>
			<param name="Наличие"><![CDATA[есть]]></param>
		</offer>
		<offer id="NVK010844" available="true">
			<url>https://ukrpodarok.com.ua/chehol-dlya-iphone-15-s-magnitom-magsafe-vokamo-smult-white.html</url>
			<price>1999</price>
			<price_old>2199</price_old>
			<currencyId>UAH</currencyId>
			<categoryId>50993</categoryId>
			<picture>https://ukrpodarok.com.ua/images/152492_0.jpg</picture>
			<picture>https://ukrpodarok.com.ua/images/152492_101416.jpg</picture>
			<picture>https://ukrpodarok.com.ua/images/152492_101417.jpg</picture>
			<picture>https://ukrpodarok.com.ua/images/152492_101418.jpg</picture>
			<picture>https://ukrpodarok.com.ua/images/152492_101419.jpg</picture>
			<picture>https://ukrpodarok.com.ua/images/152492_101420.jpg</picture>
			<vendor>VOKAMO</vendor>
			<name>Чехол для iPhone 15 с магнитом MagSafe VOKAMO Smult White</name>
			<barcode></barcode>
			<stock_quantity>50</stock_quantity>
			<description>
				<![CDATA[В даной модели спользовано неньютоновский жидкостный амортизирующего материал, который обеспечивает полную защиту от ежедневных падений.<br /><br />Прозрачная, жесткая задняя панель из PC, обработанная УФ-излучением, и гибкий бампер защищают телефон от царапин и износа.<br /><br />Идеально подходит под iPhone 15, точно повторяющий все вырезы и кнопки.<br />Встроенный мощный магнит, точно подключающий беспроводную зарядку на место и также совместим с другими аксессуарами, которые могут примагничиваться, такие как повербанки, подставки и держатели в авто.<br /><br />]]>
			</description>
			<param name="Формфактор"><![CDATA[Панель]]></param>
			<param name="Материал"><![CDATA[PC+TPU+TPE]]></param>
			<param name="Цвет"><![CDATA[Белый полупрозрачный]]></param>
			<param name="Совместимость"><![CDATA[iPhone 15]]></param>
			<param name="Странапроизводитель"><![CDATA[Китай]]></param>
			<param name="Гарантия"><![CDATA[14 дней]]></param>
			<param name="Наличие"><![CDATA[есть]]></param>
		</offer>
		<offer id="CGMagic" available="false">
			<url>https://ukrpodarok.com.ua/shapka-so-vstroennimi-blyutus-naushnikami-i-mikrofonom-cg-magic-hat.html</url>
			<price>298</price>
			<price_old>399</price_old>
			<price_promo>197</price_promo>
			<currencyId>UAH</currencyId>
			<categoryId>52520</categoryId>
			<picture>https://ukrpodarok.com.ua/images/151919_0.jpg</picture>
			<picture>https://ukrpodarok.com.ua/images/52521_27226.jpg</picture>
			<picture>https://ukrpodarok.com.ua/images/52521_27227.jpg</picture>
			<picture>https://ukrpodarok.com.ua/images/52521_27228.jpg</picture>
			<picture>https://ukrpodarok.com.ua/images/52521_27229.jpg</picture>
			<vendor>CG</vendor>
			<name>Шапка со встроенными блютус наушниками и микрофоном CG Magic Hat</name>
			<barcode></barcode>
			<stock_quantity>0</stock_quantity>
			<description>
				<![CDATA[<p>Беспроводные гарнитуры стали очень популярными. Они не мешают свободе движений, даже во время работы можно наслаждаться любимой музыкой в любом месте.&nbsp;Шапка с блютуз наушниками &ndash; отличное решение для меломанов в холодное время года.<br /><strong><br /><br /></strong></p>]]>
			</description>
			<param name="Интерфейсы"><![CDATA[Bluetooth]]></param>
			<param name="Тип"><![CDATA[Портативные]]></param>
			<param name="Разъем"><![CDATA[microUSB]]></param>
			<param name="Время работы от батареи"><![CDATA[Время работы: до 5 часов]]></param>
			<param name="Цвет"><![CDATA[Черный]]></param>
			<param name="Питание"><![CDATA[от USB;от Аккумулятора;]]></param>
			<param name="Размеры"><![CDATA[56-62 см]]></param>
			<param name="Гарантия"><![CDATA[6 месяцев]]></param>
			<param name="Наличие"><![CDATA[нет]]></param>
		</offer>
		<offer id="MH1" available="false">
			<url>https://ukrpodarok.com.ua/shapka-so-vstroennimi-blyutus-naushnikami-i-mikrofonom-magic-hat-mh1.html</url>
			<price>345</price>
			<price_old>399</price_old>
			<currencyId>UAH</currencyId>
			<categoryId>52520</categoryId>
			<picture>https://ukrpodarok.com.ua/images/151059_0.jpg</picture>
			<picture>https://ukrpodarok.com.ua/images/151059_99663.jpg</picture>
			<picture>https://ukrpodarok.com.ua/images/151059_99662.jpg</picture>
			<picture>https://ukrpodarok.com.ua/images/151059_99661.jpg</picture>
			<picture>https://ukrpodarok.com.ua/images/151059_99660.jpg</picture>
			<vendor>CG</vendor>
			<name>Шапка со встроенными блютус наушниками и микрофоном Magic Hat MH1</name>
			<barcode>4820176250964</barcode>
			<stock_quantity>0</stock_quantity>
			<description>
				<![CDATA[<p>Беспроводные гарнитуры стали очень популярными. Они не мешают свободе движений, даже во время работы можно наслаждаться любимой музыкой в любом месте.&nbsp;<br /><br />Для синхронизации головного убора с телефоном выполняют такие операции: &nbsp;<br /><br /> 1.&nbsp; Нажимаем среднюю кнопку на шапке и ждем 5 секунд. В течение этого времени начнут мигать лампочки на устройстве красным и синим цветами. &nbsp;<br /><br /> 2. &nbsp;На телефоне в меню &laquo;блютуз&raquo;&nbsp;находим название &laquo;Magic&nbsp;Hat&raquo; и при необходимости вводим пароль &laquo;0000&raquo;. &nbsp; <br /><br />3. &nbsp;После удачной синхронизации на шапке загорится красная лампочка. &nbsp; &nbsp; <br /><br />Шапка с блютуз наушниками &ndash; отличное решение для меломанов в холодное время года.<br /><strong><br /></strong></p>]]>
			</description>
			<param name="Интерфейсы"><![CDATA[Bluetooth]]></param>
			<param name="Тип"><![CDATA[Портативные]]></param>
			<param name="Разъем"><![CDATA[microUSB]]></param>
			<param name="Время работы от батареи"><![CDATA[Время работы: до 5 часов]]></param>
			<param name="Цвет"><![CDATA[Черный]]></param>
			<param name="Питание"><![CDATA[от USBот Аккумулятора]]></param>
			<param name="Размеры"><![CDATA[56-62 см]]></param>
			<param name="Странапроизводитель"><![CDATA[Китай]]></param>
			<param name="Гарантия"><![CDATA[6 месяцев]]></param>
			<param name="Наличие"><![CDATA[нет]]></param>
			<param name="вес в упаковке кг"><![CDATA[0.3]]></param>
			<param name="высота в упаковке см"><![CDATA[10]]></param>
			<param name="глубина в упаковке см"><![CDATA[3]]></param>
			<param name="ширина в упаковке см"><![CDATA[10]]></param>
			<param name="количество грузовых мест"><![CDATA[1]]></param>
			<param name="штрихкод"><![CDATA[4820176250964]]></param>
		</offer>
		<offer id="MagicBall8100" available="true">
			<url>https://ukrpodarok.com.ua/shar-predskazatel-uft-magic-ball-8-magicheskii-shar-10-sm-chernii.html</url>
			<price>244</price>
			<price_old>325</price_old>
			<currencyId>UAH</currencyId>
			<categoryId>1399</categoryId>
			<picture>https://ukrpodarok.com.ua/images/150767_0.jpg</picture>
			<picture>https://ukrpodarok.com.ua/images/150767_99716.jpg</picture>
			<picture>https://ukrpodarok.com.ua/images/150767_99717.jpg</picture>
			<vendor>UFT</vendor>
			<name>Шар предсказатель UFT Magic Ball 8 магический шар 10 см черный</name>
			<barcode>4820176240127</barcode>
			<stock_quantity>50</stock_quantity>
			<description>
				<![CDATA[<p>Шар предсказаний&nbsp;представляет собой фигуру, которую необходимо потрясти, и в окошке появится ответ &mdash; один из двадцати возможных. Многогранник с ответами плавает в синей жидкости, что делает процедуру принятия решения в некоторой степени волшебной.&nbsp;Магический шар&nbsp;не раз помогал круто изменить судьбу героям различных популярных фильмов, также он является обязательным атрибутом у гадалок. Но предсказательниц очень многие люди побаиваются, да кстати и их услуги стоят очень дорого, лучше всегда под рукой иметь бесплатного советчика &mdash; шар предсказаний. &laquo;Да&raquo;, &laquo;Возможно&raquo;, &laquo;Быть может&raquo;, &laquo;Не сейчас&raquo;, &laquo;Спроси позже&raquo; и другие варианты ответов будут появляться в окне в зависимости от поставленного вопроса.</p>  <p>Можно задать вопрос, касающиеся личной жизни, погоды, карьеры и не только. Конечно, чтобы получить корректное предсказание, нужно правильно сформулировать проблему. Шар работает автономно, и как нужно Вам поступить сообщает незамедлительно.</p>  <p>Суть работы шара предсказателя предельно проста &nbsp;- внутри шара ответов налиты чернила. В них плавает многогранная фигура на сторонах которой нанесены ответы, вроде &ldquo;Звезды говорят да&rdquo;, &ldquo;Безусловно&rdquo; и т.д.<br />Всего 20 вариантов ответов. Вы задаете шару вопрос, переворачиваете его и вам всплывает ответ.Шар предсказатель принятия решений работает без единой батарейки и доп. питания!!!</p>  <p><b>Варианты &nbsp;ответов:</b>&nbsp;1 &mdash; много сомнений, 2 &mdash; так и будет, 3 &mdash; спросите позже, 4 &mdash; да, 5 &mdash; не могу ответить сейчас, 6 &mdash; нет, 7 &mdash; шансы хорошие, 8 &mdash; задайте вопрос точнее, 9 &mdash; бесспорно, 10 &mdash; сейчас неизве стно, 11 &mdash; без сомнений &nbsp;много сомнений, 12 &mdash; определенно да, 13 &mdash; хорошие шансы, 14 &mdash; повторите вопрос, 15 &mdash; возможно, 16 &mdash; спросите позже, 17 &mdash; сбудется, 18 &mdash; плохая перспектива, 19 &mdash; звезды говорят нет, 20- дожно быть так.</p>  <p></p>]]>
			</description>
			<param name="Тип"><![CDATA[Приниматели решений]]></param>
			<param name="Цвет"><![CDATA[Черный]]></param>
			<param name="Размер"><![CDATA[19]]></param>
			<param name="Материал"><![CDATA[Пластик]]></param>
			<param name="Количество ответов"><![CDATA[20]]></param>
			<param name="Страна регистрации бренда"><![CDATA[Украина]]></param>
			<param name="Гарантия"><![CDATA[14 дней]]></param>
			<param name="Наличие"><![CDATA[есть]]></param>
			<param name="вес в упаковке кг"><![CDATA[0.23]]></param>
			<param name="высота в упаковке см"><![CDATA[11]]></param>
			<param name="глубина в упаковке см"><![CDATA[10]]></param>
			<param name="ширина в упаковке см"><![CDATA[10]]></param>
			<param name="количество грузовых мест"><![CDATA[1]]></param>
			<param name="штрихкод"><![CDATA[4820176240127]]></param>
		</offer>
		<offer id="MagicBall81" available="false">
			<url>https://ukrpodarok.com.ua/shar-predskazatel-magicheskii-shar-cg-magic-ball-8-(mp050010).html</url>
			<price>229</price>
			<price_old>299</price_old>
			<currencyId>UAH</currencyId>
			<categoryId>1399</categoryId>
			<picture>https://ukrpodarok.com.ua/images/151398_0.jpg</picture>
			<picture>https://ukrpodarok.com.ua/images/49022_20554.jpg</picture>
			<picture>https://ukrpodarok.com.ua/images/151398_99688.jpg</picture>
			<vendor>CG</vendor>
			<name>Шар предсказатель магический шар CG Magic Ball 8 (MP050010)</name>
			<barcode>8000000022776</barcode>
			<stock_quantity>0</stock_quantity>
			<description>
				<![CDATA[<p>Шар предсказаний&nbsp;представляет собой фигуру, которую необходимо потрясти, и в окошке появится ответ &mdash; один из двадцати возможных. Многогранник с ответами плавает в синей жидкости, что делает процедуру принятия решения в некоторой степени волшебной.&nbsp;Магический шар&nbsp;не раз помогал круто изменить судьбу героям различных популярных фильмов, также он является обязательным атрибутом у гадалок. Но предсказательниц очень многие люди побаиваются, да кстати и их услуги стоят очень дорого, лучше всегда под рукой иметь бесплатного советчика &mdash; шар предсказаний. &laquo;Да&raquo;, &laquo;Возможно&raquo;, &laquo;Быть может&raquo;, &laquo;Не сейчас&raquo;, &laquo;Спроси позже&raquo; и другие варианты ответов будут появляться в окне в зависимости от поставленного вопроса.</p>  <p>Можно задать вопрос, касающиеся личной жизни, погоды, карьеры и не только. Конечно, чтобы получить корректное предсказание, нужно правильно сформулировать проблему. Шар работает автономно, и как нужно Вам поступить сообщает незамедлительно.</p>  <p>Суть работы шара предсказателя предельно проста &nbsp;- внутри шара ответов налиты чернила. В них плавает многогранная фигура на сторонах которой нанесены ответы, вроде &ldquo;Звезды говорят да&rdquo;, &ldquo;Безусловно&rdquo; и т.д.<br />Всего 20 вариантов ответов. Вы задаете шару вопрос, переворачиваете его и вам всплывает ответ.Шар предсказатель принятия решений работает без единой батарейки и доп. питания!!!</p>  <p><b>Варианты &nbsp;ответов:</b>&nbsp;1 &mdash; много сомнений, 2 &mdash; так и будет, 3 &mdash; спросите позже, 4 &mdash; да, 5 &mdash; не могу ответить сейчас, 6 &mdash; нет, 7 &mdash; шансы хорошие, 8 &mdash; задайте вопрос точнее, 9 &mdash; бесспорно, 10 &mdash; сейчас неизве стно, 11 &mdash; без сомнений &nbsp;много сомнений, 12 &mdash; определенно да, 13 &mdash; хорошие шансы, 14 &mdash; повторите вопрос, 15 &mdash; возможно, 16 &mdash; спросите позже, 17 &mdash; сбудется, 18 &mdash; плохая перспектива, 19 &mdash; звезды говорят нет, 20- дожно быть так.</p>  <p></p>  <p></p>]]>
			</description>
			<param name="Тип"><![CDATA[Приниматели решений]]></param>
			<param name="Цвет"><![CDATA[Черный]]></param>
			<param name="Количество ответов"><![CDATA[20]]></param>
			<param name="Страна регистрации бренда"><![CDATA[Украина]]></param>
			<param name="Гарантия"><![CDATA[1 месяц]]></param>
			<param name="Наличие"><![CDATA[нет]]></param>
			<param name="вес в упаковке кг"><![CDATA[0.23]]></param>
			<param name="высота в упаковке см"><![CDATA[11]]></param>
			<param name="глубина в упаковке см"><![CDATA[10]]></param>
			<param name="ширина в упаковке см"><![CDATA[10]]></param>
			<param name="количество грузовых мест"><![CDATA[1]]></param>
			<param name="штрихкод"><![CDATA[8000000022776]]></param>
		</offer>
		<offer id="serdceshar" available="true">
			<url>https://ukrpodarok.com.ua/shar-predskazatel-reshenii-uft-heart-serdtse.html</url>
			<price>277</price>
			<price_old>325</price_old>
			<currencyId>UAH</currencyId>
			<categoryId>1399</categoryId>
			<picture>https://ukrpodarok.com.ua/images/150765_0.jpg</picture>
			<picture>https://ukrpodarok.com.ua/images/150765_99488.jpg</picture>
			<vendor>CG</vendor>
			<name>Шар предсказатель решений UFT Heart Сердце</name>
			<barcode>4820176272256</barcode>
			<stock_quantity>50</stock_quantity>
			<description>
				<![CDATA[Шар предсказатель в форме сердца продолжает линейку оригинальных шаров-предсказателей. Этот шар выполненный в форме сердца станет замечательным подарком любимому человеку да и просто оригинальной вещью на полке! Шар не замерзает при температуре до минус 20 градусов!]]>
			</description>
			<param name="Тип"><![CDATA[Приниматели решений]]></param>
			<param name="Материал"><![CDATA[Пластик]]></param>
			<param name="Количество предметов, шт"><![CDATA[1]]></param>
			<param name="Цвет"><![CDATA[Розовый]]></param>
			<param name="Размеры"><![CDATA[15 х 15 см]]></param>
			<param name="Страна регистрации бренда"><![CDATA[Украина]]></param>
			<param name="Гарантия"><![CDATA[14 дней]]></param>
			<param name="Наличие"><![CDATA[есть]]></param>
			<param name="вес в упаковке кг"><![CDATA[0.3]]></param>
			<param name="высота в упаковке см"><![CDATA[10]]></param>
			<param name="глубина в упаковке см"><![CDATA[10]]></param>
			<param name="ширина в упаковке см"><![CDATA[10]]></param>
			<param name="количество грузовых мест"><![CDATA[1]]></param>
			<param name="штрихкод"><![CDATA[4820176272256]]></param>
		</offer>
		<offer id="Depressor" available="false">
			<url>https://ukrpodarok.com.ua/yshpatelya-derevyannyie-dlya-voskovoyy-depilyaytsii-100ysht.html</url>
			<price>85</price>
			<price_old>115</price_old>
			<currencyId>UAH</currencyId>
			<categoryId>152162</categoryId>
			<picture>https://ukrpodarok.com.ua/images/152143_0.jpg</picture>
			<picture>https://ukrpodarok.com.ua/images/152143_99548.jpg</picture>
			<vendor>М+</vendor>
			<name>Шпателя деревянные для восковой депиляции 100шт</name>
			<barcode></barcode>
			<stock_quantity>0</stock_quantity>
			<description>
				<![CDATA[<p>Одноразовые деревянные шпатели (широкие палочки) для нанесения горячего либо теплого воска.<br /><strong>Шпатель&nbsp;</strong>&ndash; это практичный одноразовый инструмент, который необходим для выполнения процедуры восковой депиляции. С его помощью можно быстро нанести прогретый воск на самые труднодоступные области тела, равномерно распределить его и соблюсти при этом все требования гигиеничности и безопасности.</p>  <p>Упаковка состоит из 100 одноразовых шпателей и оптимальна для салонного и домашнего применения.</p>  <p>Шпатели выполнены из натурального дерева, размер&nbsp;<strong>150*18*1.6 мм</strong></p>]]>
			</description>
			<param name="Тип"><![CDATA[Шпатель]]></param>
			<param name="Материал"><![CDATA[Дерево]]></param>
			<param name="Количество в упаковке"><![CDATA[100шт]]></param>
			<param name="Страна производитель"><![CDATA[Китай]]></param>
			<param name="Гарантия"><![CDATA[14 дней]]></param>
			<param name="Наличие"><![CDATA[нет]]></param>
		</offer>
		<offer id="PPDBlack" available="true">
			<url>https://ukrpodarok.com.ua/elektricheskaya-pompa-uft-pump-dispenser-black-dlya-vodi-na-butl-s-akkumulyatorom.html</url>
			<price>299</price>
			<price_old>344</price_old>
			<currencyId>UAH</currencyId>
			<categoryId>152271</categoryId>
			<picture>https://ukrpodarok.com.ua/images/152459_0.jpg</picture>
			<picture>https://ukrpodarok.com.ua/images/152459_101262.jpg</picture>
			<vendor>UFT</vendor>
			<name>Электрическая помпа UFT Pump Dispenser Black для воды на бутль с аккумулятором</name>
			<barcode>4820176255822</barcode>
			<stock_quantity>50</stock_quantity>
			<description>
				<![CDATA[<p>Автоматическая помпа для воды с аккумулятором - эргономичный насос-помпа для бутыля с водой. удобный в использовании дома и в офисе</p>  <p>Заряжается через USB-кабель (кабель есть в комплекте), также подходит любое зарядное устройство с микроUSB разъемом. Блок питания не входит в комплект. Заряжается помпа 1-2 часа.</p>  <p>Подходит для любого мобильного телефона или планшета. Помпа настолько проста в использовании, всего одно нажатие на кнопку и можно набрать ровно столько воды, сколько нужно.</p>  <p>Одного заряда хватает на 10- 15 бутылей по 18,9 л.</p>  <p>Подходит для холодной воды.</p>  <p>&nbsp;]]>
			</description>
			<param name="Тип"><![CDATA[Помпы для воды]]></param>
			<param name="Вид помпы"><![CDATA[Электрическая]]></param>
			<param name="Материал"><![CDATA[Пластик]]></param>
			<param name="Назначение"><![CDATA[К кулерам для воды]]></param>
			<param name="Цвет"><![CDATA[Зеленый]]></param>
			<param name="Страна регистрации бренда"><![CDATA[Украина]]></param>
			<param name="Гарантия"><![CDATA[14 дней]]></param>
			<param name="Наличие"><![CDATA[есть]]></param>
			<param name="вес в упаковке кг"><![CDATA[0.3]]></param>
			<param name="высота в упаковке см"><![CDATA[13]]></param>
			<param name="глубина в упаковке см"><![CDATA[7]]></param>
			<param name="ширина в упаковке см"><![CDATA[7]]></param>
			<param name="количество грузовых мест"><![CDATA[1]]></param>
			<param name="штрихкод"><![CDATA[4820176255822]]></param>
		</offer>
		<offer id="UFTPDBlue" available="false">
			<url>https://ukrpodarok.com.ua/elektricheskaya-pompa-uft-pump-dispenser-blue-dlya-vodi-na-butl-s-akkumulyatorom.html</url>
			<price>299</price>
			<price_old>344</price_old>
			<currencyId>UAH</currencyId>
			<categoryId>152271</categoryId>
			<picture>https://ukrpodarok.com.ua/images/152436_0.jpg</picture>
			<picture>https://ukrpodarok.com.ua/images/152436_101135.jpg</picture>
			<picture>https://ukrpodarok.com.ua/images/152436_101134.jpg</picture>
			<vendor>UFT</vendor>
			<name>Электрическая помпа UFT Pump Dispenser Blue для воды на бутль с аккумулятором</name>
			<barcode>4820176255907</barcode>
			<stock_quantity>0</stock_quantity>
			<description>
				<![CDATA[Автоматична помпа для води з акумулятором - ергономічний насос-помпа для бутиля з водою. Зручний у використанні вдома та в офісі.<br /><br />Заряжається через USB-кабель (кабель є в комплекті), також підходить будь-який зарядний пристрій з роз'ємом microUSB. Блок живлення не входить в комплект. Заряжается помпа 1-2 години.<br /><br />Помпа проста у використанні,потрібно натиснути на кнопку і можна набрати рівно стільки води, скільки потрібно.<br /><br />Одного заряду вистачає на 10- 15 бутлів по 18,9 л.<br /><br />Підходить для холодної води.<br /><br /><br /><br />]]>
			</description>
			<param name="Тип"><![CDATA[Помпы для воды]]></param>
			<param name="Вид помпы"><![CDATA[Электрическая]]></param>
			<param name="Материал"><![CDATA[Пластик]]></param>
			<param name="Назначение"><![CDATA[К кулерам для воды]]></param>
			<param name="Цвет"><![CDATA[Голубой]]></param>
			<param name="Страна регистрации бренда"><![CDATA[Украина]]></param>
			<param name="Гарантия"><![CDATA[14 дней]]></param>
			<param name="Наличие"><![CDATA[нет]]></param>
			<param name="вес в упаковке кг"><![CDATA[0.3]]></param>
			<param name="высота в упаковке см"><![CDATA[15]]></param>
			<param name="глубина в упаковке см"><![CDATA[10]]></param>
			<param name="ширина в упаковке см"><![CDATA[10]]></param>
			<param name="количество грузовых мест"><![CDATA[1]]></param>
			<param name="штрихкод"><![CDATA[4820176255907]]></param>
		</offer>
		<offer id="UFTPDGreen" available="true">
			<url>https://ukrpodarok.com.ua/elektricheskaya-pompa-uft-pump-dispenser-green-dlya-vodi-na-butl-s-akkumulyatorom.html</url>
			<price>299</price>
			<price_old>369</price_old>
			<price_promo>259</price_promo>
			<currencyId>UAH</currencyId>
			<categoryId>152271</categoryId>
			<picture>https://ukrpodarok.com.ua/images/152423_0.jpg</picture>
			<picture>https://ukrpodarok.com.ua/images/152423_101066.jpg</picture>
			<picture>https://ukrpodarok.com.ua/images/152423_101068.jpg</picture>
			<vendor>UFT</vendor>
			<name>Электрическая помпа UFT Pump Dispenser Green для воды на бутль с аккумулятором</name>
			<barcode>4820176255907</barcode>
			<stock_quantity>50</stock_quantity>
			<description>
				<![CDATA[Автоматична помпа для води з акумулятором - ергономічний насос-помпа для бутиля з водою. Зручний у використанні вдома та в офісі.<br /><br />Заряжається через USB-кабель (кабель є в комплекті), також підходить будь-який зарядний пристрій з роз'ємом microUSB. Блок живлення не входить в комплект. Заряжается помпа 1-2 години.<br /><br />Помпа проста у використанні,потрібно натиснути на кнопку і можна набрати рівно стільки води, скільки потрібно.<br /><br />Одного заряду вистачає на 10- 15 бутлів по 18,9 л.<br /><br />Підходить для холодної води.<br /><br /> <br /><br />]]>
			</description>
			<param name="Тип"><![CDATA[Помпы для воды]]></param>
			<param name="Вид помпы"><![CDATA[Электрическая]]></param>
			<param name="Материал"><![CDATA[Пластик]]></param>
			<param name="Назначение"><![CDATA[К кулерам для воды]]></param>
			<param name="Цвет"><![CDATA[Зеленый]]></param>
			<param name="Страна регистрации бренда"><![CDATA[Украина]]></param>
			<param name="Гарантия"><![CDATA[14 дней]]></param>
			<param name="Наличие"><![CDATA[есть]]></param>
			<param name="вес в упаковке кг"><![CDATA[0.3]]></param>
			<param name="высота в упаковке см"><![CDATA[15]]></param>
			<param name="глубина в упаковке см"><![CDATA[10]]></param>
			<param name="ширина в упаковке см"><![CDATA[10]]></param>
			<param name="количество грузовых мест"><![CDATA[1]]></param>
			<param name="штрихкод"><![CDATA[4820176255907]]></param>
		</offer>
		<offer id="UFTPDPink" available="false">
			<url>https://ukrpodarok.com.ua/elektricheskaya-pompa-na-butl-dlya-vodi-s-akkumulyatorom-pump-dispenser-pink.html</url>
			<price>277</price>
			<price_old>366</price_old>
			<currencyId>UAH</currencyId>
			<categoryId>152271</categoryId>
			<picture>https://ukrpodarok.com.ua/images/152424_0.jpg</picture>
			<picture>https://ukrpodarok.com.ua/images/152424_101069.jpg</picture>
			<vendor>UFT</vendor>
			<name>Электрическая помпа на бутль для воды с аккумулятором Pump Dispenser Pink</name>
			<barcode>4820176255914</barcode>
			<stock_quantity>0</stock_quantity>
			<description>
				<![CDATA[Автоматична помпа для води з акумулятором - ергономічний насос-помпа для бутиля з водою. Зручний у використанні вдома та в офісі.<br /><br />Заряжається через USB-кабель (кабель є в комплекті), також підходить будь-який зарядний пристрій з роз'ємом microUSB. Блок живлення не входить в комплект. Заряжается помпа 1-2 години.<br /><br />Помпа проста у використанні,потрібно натиснути на кнопку і можна набрати рівно стільки води, скільки потрібно.<br /><br />Одного заряду вистачає на 10- 15 бутлів по 18,9 л.<br /><br />Підходить для холодної води.<br /><br /><br /><br />]]>
			</description>
			<param name="Тип"><![CDATA[Помпы для воды]]></param>
			<param name="Вид помпы"><![CDATA[Электрическая]]></param>
			<param name="Материал"><![CDATA[Пластик]]></param>
			<param name="Назначение"><![CDATA[К кулерам для воды]]></param>
			<param name="Цвет"><![CDATA[Розовый]]></param>
			<param name="Страна регистрации бренда"><![CDATA[Украина]]></param>
			<param name="Гарантия"><![CDATA[14 дней]]></param>
			<param name="Наличие"><![CDATA[нет]]></param>
			<param name="вес в упаковке кг"><![CDATA[0.3]]></param>
			<param name="высота в упаковке см"><![CDATA[15]]></param>
			<param name="глубина в упаковке см"><![CDATA[10]]></param>
			<param name="ширина в упаковке см"><![CDATA[10]]></param>
			<param name="количество грузовых мест"><![CDATA[1]]></param>
			<param name="штрихкод"><![CDATA[4820176255914]]></param>
		</offer>
		<offer id="UFTVM1" available="false">
			<url>https://ukrpodarok.com.ua/elektricheskii-vakuumator-dlya-produktov-v-komplekte-s-paketami-5-sht-uft-freshpackpro-vm1.html</url>
			<price>1199</price>
			<price_old>1299</price_old>
			<currencyId>UAH</currencyId>
			<categoryId>152124</categoryId>
			<picture>https://ukrpodarok.com.ua/images/152125_0.jpg</picture>
			<picture>https://ukrpodarok.com.ua/images/152125_99516.jpg</picture>
			<picture>https://ukrpodarok.com.ua/images/152125_99517.jpg</picture>
			<vendor>Freshpack</vendor>
			<name>Электрический вакууматор для продуктов в комплекте с пакетами 5 шт UFT FreshpackPro VM1</name>
			<barcode>8000000024381</barcode>
			<stock_quantity>0</stock_quantity>
			<description>
				<![CDATA[Вакуумная упаковочная машина предназначена для&nbsp;сохранения и защиты пищевых продуктов от воздушной и водной эрозии.<br />Для снижения вероятности порчи продуктов и&nbsp;продления свежести продуктов более чем в 2&ndash;3 раза.<br />Помогает сохраненности&nbsp;цвета, вкуса, запаха и питательной ценности&nbsp;пищевых продуктов<br />Упрощение пищевых продуктов для транспортировки и хранения<br />Доступны как упаковка&nbsp;одного, так и нескольких пакетов.<br /><br />Комплектация:<br />Вакуумная упаковочная машина - 1шт<br />Вакуумный шланг - 1шт<br />Вакуумные пакеты - 5 шт<br />Инструкция на английском - 1шт<br /><br />]]>
			</description>
			<param name="Тип управления"><![CDATA[Автоматический]]></param>
			<param name="Функции м особенности"><![CDATA[Дисплей]]></param>
			<param name="Тип пакетов для упаковки"><![CDATA[Гофрированные]]></param>
			<param name="Тип насоса"><![CDATA[Камерный]]></param>
			<param name="Напряжение"><![CDATA[AC 100-240 В]]></param>
			<param name="Частота"><![CDATA[50-60 Гц]]></param>
			<param name="Мощность"><![CDATA[110 Вт]]></param>
			<param name="Размер"><![CDATA[375 х 145 х 60 мм]]></param>
			<param name="Цвет"><![CDATA[белый, оранжевый]]></param>
			<param name="Гарантия"><![CDATA[14 дней]]></param>
			<param name="Материал"><![CDATA[Пластик, метал]]></param>
			<param name="Бренд"><![CDATA[UFT]]></param>
			<param name="Вес"><![CDATA[0.45 кг]]></param>
			<param name="Наличие"><![CDATA[нет]]></param>
			<param name="вес в упаковке кг"><![CDATA[0.33]]></param>
			<param name="высота в упаковке см"><![CDATA[39]]></param>
			<param name="глубина в упаковке см"><![CDATA[11]]></param>
			<param name="ширина в упаковке см"><![CDATA[10]]></param>
			<param name="количество грузовых мест"><![CDATA[1]]></param>
			<param name="штрихкод"><![CDATA[8000000024381]]></param>
		</offer>
		<offer id="BW01Donuts" available="false">
			<url>https://ukrpodarok.com.ua/elektricheskii-nagrevatel-butilok-s-usb-cg-bw01-donuts.html</url>
			<price>250</price>
			<currencyId>UAH</currencyId>
			<categoryId>52801</categoryId>
			<picture>https://ukrpodarok.com.ua/images/52728_0.jpg</picture>
			<picture>https://ukrpodarok.com.ua/images/52728_0.jpg</picture>
			<vendor>СG</vendor>
			<name>Электрический нагреватель бутылок с USB CG BW01 Donuts</name>
			<barcode></barcode>
			<stock_quantity>0</stock_quantity>
			<description>
				<![CDATA[Классная и удобная штука для любого родителя. Если вы взяли ребенка на прогулку то молоко, сок или вода всегда будут тёплыми.<br />Нагревает до комфортной температуры, что бы ребенок не пил холодную жидкость.<br />Работает от USB, в комплекте повербанк.<br />Подходит для любых бутылочек.]]>
			</description>
			<param name="Тип"><![CDATA[Подогреватели]]></param>
			<param name="Материал"><![CDATA[Хлопок]]></param>
			<param name="Гарантия"><![CDATA[6 месяцев]]></param>
			<param name="Наличие"><![CDATA[нет]]></param>
		</offer>
		<offer id="CGBW01Dragon" available="false">
			<url>https://ukrpodarok.com.ua/elektricheskii-nagrevatel-dlya-detskih-butilochek-s-usb-cg-bw01-dragon.html</url>
			<price>250</price>
			<currencyId>UAH</currencyId>
			<categoryId>52801</categoryId>
			<picture>https://ukrpodarok.com.ua/images/52808_0.jpg</picture>
			<picture>https://ukrpodarok.com.ua/images/52808_0.jpg</picture>
			<vendor>СG</vendor>
			<name>Электрический нагреватель для детских бутылочек с USB CG BW01 Dragon</name>
			<barcode></barcode>
			<stock_quantity>0</stock_quantity>
			<description>
				<![CDATA[Классная и удобная штука для любого родителя. Если вы взяли ребенка на прогулку то молоко, сок или вода всегда будут тёплыми.<br />Нагревает до комфортной температуры, что бы ребенок не пил холодную жидкость.<br />Работает от USB, можно подключить к любому устройству с USB (повербанк, ноутбук или от сети через адаптер)<br />Подходит для любых бутылочек.]]>
			</description>
			<param name="Тип"><![CDATA[Подогреватели]]></param>
			<param name="Материал"><![CDATA[Хлопок]]></param>
			<param name="Гарантия"><![CDATA[6 месяцев]]></param>
			<param name="Наличие"><![CDATA[нет]]></param>
		</offer>
		<offer id="CGBW01Space" available="false">
			<url>https://ukrpodarok.com.ua/elektricheskii-nagrevatel-dlya-detskih-butilochek-s-usb-cg-bw01-space.html</url>
			<price>250</price>
			<currencyId>UAH</currencyId>
			<categoryId>52801</categoryId>
			<picture>https://ukrpodarok.com.ua/images/52859_0.jpg</picture>
			<picture>https://ukrpodarok.com.ua/images/52859_0.jpg</picture>
			<vendor>СG</vendor>
			<name>Электрический нагреватель для детских бутылочек с USB CG BW01 Space</name>
			<barcode></barcode>
			<stock_quantity>0</stock_quantity>
			<description>
				<![CDATA[Классная и удобная штука для любого родителя. Если вы взяли ребенка на прогулку то молоко, сок или вода всегда будут тёплыми.<br />Нагревает до комфортной температуры, что бы ребенок не пил холодную жидкость.<br />Работает от USB, можно подключить к любому устройству с USB (повербанк, ноутбук или от сети через адаптер)<br />Подходит для любых бутылочек.<br /><br />]]>
			</description>
			<param name="Тип"><![CDATA[Подогреватели]]></param>
			<param name="Материал"><![CDATA[Хлопок]]></param>
			<param name="Гарантия"><![CDATA[6 месяцев]]></param>
			<param name="Наличие"><![CDATA[нет]]></param>
		</offer>
		<offer id="CGBW01Rainbow" available="false">
			<url>https://ukrpodarok.com.ua/elektricheskii-nagrevatel-dlya-detskih-butilochek-s-usb-uft-bw01-rainbow.html</url>
			<price>169</price>
			<price_old>267</price_old>
			<price_promo>152</price_promo>
			<currencyId>UAH</currencyId>
			<categoryId>52801</categoryId>
			<picture>https://ukrpodarok.com.ua/images/52809_0.jpg</picture>
			<picture>https://ukrpodarok.com.ua/images/52809_0.jpg</picture>
			<vendor>UFT</vendor>
			<name>Электрический нагреватель для детских бутылочек с USB UFT BW01 Rainbow</name>
			<barcode>8000000021465</barcode>
			<stock_quantity>0</stock_quantity>
			<description>
				<![CDATA[Необходимая вещь для любого родителя. Если вы взяли ребенка на прогулку то молоко, сок или вода всегда будут тёплыми.<br />Нагревает до комфортной температуры, что бы ребенок не пил холодную жидкость.<br />Работает от USB, можно подключить к любому устройству с USB (повербанк, ноутбук или от сети через адаптер)<br />Подходит для любых бутылочек.<br /><br />]]>
			</description>
			<param name="Тип"><![CDATA[Подогреватели;Стерелизаторы;]]></param>
			<param name="Материал"><![CDATA[Хлопок;]]></param>
			<param name="Назначение"><![CDATA[Для бутылочек;]]></param>
			<param name="Гарантия"><![CDATA[14 дней]]></param>
			<param name="Странапроизводитель"><![CDATA[Китай]]></param>
			<param name="Наличие"><![CDATA[нет]]></param>
			<param name="вес в упаковке кг"><![CDATA[0.2]]></param>
			<param name="высота в упаковке см"><![CDATA[5]]></param>
			<param name="глубина в упаковке см"><![CDATA[5]]></param>
			<param name="ширина в упаковке см"><![CDATA[10]]></param>
			<param name="количество грузовых мест"><![CDATA[1]]></param>
			<param name="штрихкод"><![CDATA[8000000021465]]></param>
		</offer>
		<offer id="PumpBP188" available="true">
			<url>https://ukrpodarok.com.ua/elektricheskii-nosos-s-akkumulyatorom-dlya-nakachivaniya-shin-uft-bp188.html</url>
			<price>3599</price>
			<price_old>3760</price_old>
			<currencyId>UAH</currencyId>
			<categoryId>152291</categoryId>
			<picture>https://ukrpodarok.com.ua/images/152470_0.jpg</picture>
			<picture>https://ukrpodarok.com.ua/images/152470_101311.jpg</picture>
			<picture>https://ukrpodarok.com.ua/images/152470_101312.jpg</picture>
			<picture>https://ukrpodarok.com.ua/images/152470_101313.jpg</picture>
			<picture>https://ukrpodarok.com.ua/images/152470_101314.jpg</picture>
			<picture>https://ukrpodarok.com.ua/images/152470_101315.jpg</picture>
			<vendor>UFT</vendor>
			<name>Электрический носос с аккумулятором для накачивания шин UFT BP188</name>
			<barcode></barcode>
			<stock_quantity>50</stock_quantity>
			<description>
				<![CDATA[<p>Профессиональный портативный воздушный насос&nbsp;может использоваться для накачки шин для автомобиля, мотоциклов, шин для скутеров, дорожных велосипедов, горных велосипедов, грязных велосипедов, кругов для плавания и мячей.</p>  <p>В комплект поставки входят клапаны велосипедных насосов Presta и Schrader.</p>  <p>Большой экран с дисплеем двойного давления показывает заданное давление воздуха и давление воздуха в реальном времени, поэтому этот велосипедный насос можно использовать в качестве цифрового манометра.</p>  <p>Автоматическое отключение при достижении целевого давления с функцией светодиодной подсветки для работы в ночное время.<br /><br /><br /></p>  <p>Комплектация<br />Мини-насос х1, гибкий шлангх1, адаптер клапана Presta и Schraderх1, насадка для плавательного кольцах1, шариковая иглах1, сумка для хранениях1, USB-кабель для зарядких1, инструкция пользователях&nbsp;<strong></strong>х1</p>]]>
			</description>
			<param name="Производитель"><![CDATA[UFT]]></param>
			<param name="Тип"><![CDATA[Однопоршневые;Портативные]]></param>
			<param name="Материал корпуса"><![CDATA[Пластик]]></param>
			<param name="Цвет"><![CDATA[Черный]]></param>
			<param name="Размеры"><![CDATA[170 х 40 х 40 мм]]></param>
			<param name="Вес"><![CDATA[0.2 кг]]></param>
			<param name="Особенности"><![CDATA[Автоматическая защита от перегрева]]></param>
			<param name="Максимальное давление"><![CDATA[120 Атм]]></param>
			<param name="Гарантия"><![CDATA[14 дней]]></param>
			<param name="Наличие"><![CDATA[есть]]></param>
		</offer>
		<offer id="CGVD01Red" available="false">
			<url>https://ukrpodarok.com.ua/elektronnii-aerator-i-dispenser-dlya-vina-uft-vd01-laus-red-(vd01red).html</url>
			<price>1499</price>
			<price_old>2145</price_old>
			<price_promo>1426</price_promo>
			<currencyId>UAH</currencyId>
			<categoryId>152397</categoryId>
			<picture>https://ukrpodarok.com.ua/images/152049_0.jpg</picture>
			<picture>https://ukrpodarok.com.ua/images/152049_99824.jpg</picture>
			<picture>https://ukrpodarok.com.ua/images/152049_99651.jpg</picture>
			<picture>https://ukrpodarok.com.ua/images/52750_63754.jpg</picture>
			<picture>https://ukrpodarok.com.ua/images/152049_99827.jpg</picture>
			<picture>https://ukrpodarok.com.ua/images/152049_99826.jpg</picture>
			<vendor>UFT</vendor>
			<name>Электронный аэратор и диспенсер для вина UFT VD01 Laus Red (VD01Red)</name>
			<barcode>4820176255426</barcode>
			<stock_quantity>0</stock_quantity>
			<description>
				<![CDATA[Правильное употребление вина предполагает предварительное насыщение его воздухом. Этот процесс получил название аэрации. C помощью электрического аэратора и диспенсера можно не только легко и аккуратно разлить вино по бокалам, но и обогатить его воздухом для наиболее полного раскрытия вкуса.<br />Рекомендации по уходу<br />Не оставлять во влажных местах, при попадании влаги необходимо тчательно вытереть прибор<br /><br />]]>
			</description>
			<param name="Назначение"><![CDATA[Набор для вина]]></param>
			<param name="Материал"><![CDATA[ABC-пластик;Нержавеющая сталь;]]></param>
			<param name="Вес"><![CDATA[420 г]]></param>
			<param name="Для приготовления"><![CDATA[Алкогольных напитков]]></param>
			<param name="Цвет"><![CDATA[Красный]]></param>
			<param name="Питание"><![CDATA[Аккумулятор; 2400 мАч.]]></param>
			<param name="Зарядка"><![CDATA[от USB]]></param>
			<param name="Гарантия"><![CDATA[1 месяц]]></param>
			<param name="Бренд"><![CDATA[UFT]]></param>
			<param name="Наличие"><![CDATA[нет]]></param>
			<param name="вес в упаковке кг"><![CDATA[0.34]]></param>
			<param name="высота в упаковке см"><![CDATA[20]]></param>
			<param name="глубина в упаковке см"><![CDATA[14]]></param>
			<param name="ширина в упаковке см"><![CDATA[8]]></param>
			<param name="количество грузовых мест"><![CDATA[1]]></param>
			<param name="штрихкод"><![CDATA[4820176255426]]></param>
		</offer>
		<offer id="CGEX02RED" available="true">
			<url>https://ukrpodarok.com.ua/espander-petlya-dlya-podtyagivanii-fitnesa-lentochnii-4-16-kg-uft-ex02-red.html</url>
			<price>644</price>
			<price_old>699</price_old>
			<currencyId>UAH</currencyId>
			<categoryId>152205</categoryId>
			<picture>https://ukrpodarok.com.ua/images/152209_0.jpg</picture>
			<picture>https://ukrpodarok.com.ua/images/152209_100855.jpg</picture>
			<picture>https://ukrpodarok.com.ua/images/152209_100856.jpg</picture>
			<picture>https://ukrpodarok.com.ua/images/152209_100857.jpg</picture>
			<vendor>UFT</vendor>
			<name>Эспандер-петля для подтягиваний фитнеса ленточный 4-16 кг UFT EX02 Red</name>
			<barcode>8000000028891</barcode>
			<stock_quantity>200</stock_quantity>
			<description>
				<![CDATA[Фитнес-ленту&nbsp;UFT EX02&nbsp;можно использовать для подтягиваний на турниках&nbsp;или брусьях что бы уменьшить свой собственный вес, или же наоборот как утяжелитель.<br />Петли сопротивления изготовлены из высококачественного безопасного латекса и TPR (термопластичной резины), материала который является наиболее износостойким и не прихотлив в использовании.<br />Длина окружности составляет &ndash; 2,08 м. Может растягиваться в более чем 2 раза!<br />Лента для подтягивания имеет толщину &ndash; 4,5 мм, ширина -&nbsp;13 мм.]]>
			</description>
			<param name="Тип"><![CDATA[Ленточные]]></param>
			<param name="Вид"><![CDATA[Жгут]]></param>
			<param name="Тип нагрузки"><![CDATA[Растяжение]]></param>
			<param name="Материал"><![CDATA[Латекс]]></param>
			<param name="Цвет"><![CDATA[Красный]]></param>
			<param name="Комплектация"><![CDATA[1 резинка]]></param>
			<param name="Страна регистрации бренда"><![CDATA[Украина]]></param>
			<param name="Страна производитель"><![CDATA[Китай]]></param>
			<param name="Бренд"><![CDATA[UFT]]></param>
			<param name="Гарантия"><![CDATA[1 месяц]]></param>
			<param name="Наличие"><![CDATA[есть]]></param>
			<param name="вес в упаковке кг"><![CDATA[0.23]]></param>
			<param name="высота в упаковке см"><![CDATA[10]]></param>
			<param name="глубина в упаковке см"><![CDATA[10]]></param>
			<param name="ширина в упаковке см"><![CDATA[10]]></param>
			<param name="количество грузовых мест"><![CDATA[1]]></param>
			<param name="штрихкод"><![CDATA[8000000028891]]></param>
		</offer>
		<offer id="CGEX02BLACK" available="true">
			<url>https://ukrpodarok.com.ua/espander-petlya-dlya-podtyagivanii-fitnesa-lentochnii-9-28-kg-uft-ex02-black.html</url>
			<price>644</price>
			<price_old>699</price_old>
			<price_promo>460</price_promo>
			<currencyId>UAH</currencyId>
			<categoryId>152205</categoryId>
			<picture>https://ukrpodarok.com.ua/images/152210_0.jpg</picture>
			<picture>https://ukrpodarok.com.ua/images/152210_99989.jpg</picture>
			<picture>https://ukrpodarok.com.ua/images/152210_99988.jpg</picture>
			<picture>https://ukrpodarok.com.ua/images/152210_99975.jpg</picture>
			<picture>https://ukrpodarok.com.ua/images/152210_99976.jpg</picture>
			<vendor>UFT</vendor>
			<name>Эспандер-петля для подтягиваний фитнеса ленточный 9-28 кг UFT EX02 Black</name>
			<barcode>8000000028884</barcode>
			<stock_quantity>10</stock_quantity>
			<description>
				<![CDATA[Фитнес-ленту UFT&nbsp;EX02&nbsp;можно использовать для подтягиваний на турниках&nbsp;или брусьях что бы уменьшить свой собственный вес, или же наоборот как утяжелитель.<br />Петли сопротивления изготовлены из высококачественного безопасного латекса и TPR (термопластичной резины), материала который является наиболее износостойким и не прихотлив в использовании.<br />Длина окружности составляет &ndash; 2,08 м. Может растягиваться в более чем 2 раза!<br />Лента для подтягивания имеет толщину &ndash; 4,5 мм, ширина - 22 мм.<br /><br /><strong>Ширина, подходящий вес&nbsp;и назначение ленты:</strong><br />Черная - 22мм - 9-28кг - трицепс, бицепс, подтягивания, отжимания, брусья]]>
			</description>
			<param name="Тип"><![CDATA[Ленточные]]></param>
			<param name="Вид"><![CDATA[Жгут]]></param>
			<param name="Тип нагрузки"><![CDATA[Растяжение]]></param>
			<param name="Материал"><![CDATA[Латекс]]></param>
			<param name="Цвет"><![CDATA[Черный]]></param>
			<param name="Комплектация"><![CDATA[1 резинка]]></param>
			<param name="Бренд"><![CDATA[UFT]]></param>
			<param name="Страна регистрации бренда"><![CDATA[Украина]]></param>
			<param name="Страна производитель"><![CDATA[Китай]]></param>
			<param name="Гарантия"><![CDATA[1 месяц]]></param>
			<param name="Наличие"><![CDATA[есть]]></param>
			<param name="вес в упаковке кг"><![CDATA[0.23]]></param>
			<param name="высота в упаковке см"><![CDATA[10]]></param>
			<param name="глубина в упаковке см"><![CDATA[10]]></param>
			<param name="ширина в упаковке см"><![CDATA[10]]></param>
			<param name="количество грузовых мест"><![CDATA[1]]></param>
			<param name="штрихкод"><![CDATA[8000000028884]]></param>
		</offer>
	</offers>
</shop>
</yml_catalog>