<yml_catalog date="2023-09-09 15:00">
  <shop>
    <name>Test</name>
    <company>Test company</company>
    <url>https://test.com.ua/</url>
    <currencies>
      <currency id="USD" rate="CB"/>
      <currency id="UAH" rate="1"/>
      <currency id="BYN" rate="CB"/>
      <currency id="KZT" rate="CB"/>
      <currency id="EUR" rate="CB"/>
    </currencies>
    <categories>
      <category id="4310" parentId="4367">Куклы, наборы для кукол</category>
    </categories>
    <offers>
       <offer id="test-10537-active3" available="false" group_id="374150248">
        <url>https://test.ua/p1506216864-remeshok-apple-watch.html</url>
        <salePrice>250</salePrice>
        <price>500</price>
        <currencyId>UAH</currencyId>
        <categoryId>4310</categoryId>
        <picture>https://i.ebayimg.com/images/g/ix0AAOSwoS5dZhCd/s-l500.jpg</picture>        
        <pickup>false</pickup>
        <delivery>true</delivery>
        <name>Кукла Барби</name>
        <name_ua>Лялька барбі</name_ua>
        <vendor>Solis</vendor>
        <vendorCode>1506216864</vendorCode>
        <country_of_origin>Китай</country_of_origin>
        <description>Ремешок гипоаллергенный из нержавеющей стали подходит для моделей Apple Watch 38mm, Apple Watch 40mm, Apple Watch 41mm. Магнитная застежка позволяет легко регулировать длину браслета в зависимости от размера руки обладателя. Ремешок представлен в популярном переплете миланская петля. Дизайн браслета отлично подходит под классический и деловой стиль, а так же кэжуал и даже спортивный. Разнообразие палитры поможет вам подобрать цвет на любой вкус. Материал: Нержавеющая сталь </description>
        <description_ua>Ремінець гіпоалергенний з нержавіючої сталі підходить для моделей Apple Watch 38mm, Apple Watch 40mm, Apple Watch 41mm. Магнітна застібка дозволяє легко регулювати довжину браслета в залежності від розміру руки власника. Ремінець представлений у популярному плетіння міланська петля. Дизайн браслета відмінно підходить під класичний і діловий стиль, а також кежуал і навіть спортивний. Різноманітність палітри допоможе вам підібрати колір на будь-який смак. Матеріал: Нержавіюча сталь </description_ua>
        <param name="Тип" active="0">Для детей</param>     
        <param name="Гарантия" unit="" active="0">12 месяцев</param>
        <param name="Возрастная группа" unit="" active="0">От 3 лет</param>
        <param name="Высота куклы" unit="" active="0">От 20 до 30 см</param>
        <param name="Высота куклы_RU" unit="" active="0">25 см</param>
        <param name="Высота куклы_UA" unit="" active="0">25 см</param>
        <param name="Габариты упаковки_RU" unit="" active="0">30 x 40 x 25 см</param>
        <param name="Габариты упаковки_UA" unit="" active="0">30 x 40 x 25 см</param>
        <param name="Материал" unit="" active="0">Дерево</param>
        <param name="Особенности" unit="" active="0">Кукла, которая плачет</param>
        <param name="Цвет (для связки)" unit="" active="0">Розовый</param>
        <param name="Цвет" unit="" active="0">Розовый</param>
        <param name="Дополнительно (блок)_RU" unit="" active="0">тест</param>
        <param name="Дополнительно (блок)_UA" unit="" active="0">тест</param>
        <param name="Серия" unit="" active="0">Barbie On the Go</param>
        <param name="Тема мультфильма / фильма" unit="" active="0">Дамбо</param>
        <param name="Комплектация (блок)_RU" unit="" active="0">тест</param>
        <param name="Комплектация (блок)_UA" unit="" active="0">тест</param>
        <param name="Дополнительно_RU" unit="" active="0">тест ру</param>
        <param name="Дополнительно_UA" unit="" active="0">тест юа</param>
        <param name="Персонаж" unit="" active="0">Ариэль</param>
        <param name="Гарантийный срок" unit="" active="0">12 месяцев</param>
      </offer>
    </offers>
  </shop>
</yml_catalog>
