<?xml version="1.0" encoding="UTF-8"?>
<yml_catalog date="2023-10-19 12:30">
	<shop>
		<name>welcome-mobi.com.ua</name>
		<company>welcome-mobi.com.ua</company>
		<url>welcome-mobi.com.ua</url>
		<currencies>
			<currency id="UAH" rate="1"/>
		</currencies>
		<categories>
			<category Id="4777">Запчасти к MacBook</category>
			<category Id="2392">Удаленные</category>
			<category Id="19166">Электротранспорт</category>
			<category Id="22595" parentId="19166">Электромоторы для электротранспорта</category>
			<category Id="22596" parentId="19166">Запчасти для электротранспорта</category>
			<category Id="22597" parentId="19166">Аккумуляторы для электротранспорта и компоненты для них</category>
			<category Id="22612" parentId="19166">Аксессуары и экипировка</category>
			<category Id="3244" parentId="17">Дисплеи Huawei</category>
			<category Id="25" parentId="17">Дисплеи Samsung</category>
			<category Id="3323" parentId="17">Дисплеи Xiaomi</category>
			<category Id="22603" parentId="22596">Запчасти для самокатов</category>
			<category Id="22616" parentId="22596">Контроллеры для электродвигателей</category>
			<category Id="22617" parentId="22596">Органы управления и приборы для электротранспорта</category>
			<category Id="22618" parentId="22596">Боксы для контроллеров</category>
			<category Id="22619" parentId="22597">BMS (платы защиты аккумулятора)</category>
			<category Id="22613" parentId="22597">Готовые аккумуляторы и элементы</category>
			<category Id="22614" parentId="22597">Зарядные устройствa</category>
			<category Id="22615" parentId="22597">Разъемы, холдеры и другое</category>
			<category Id="22605" parentId="22603">Запчасти</category>
			<category Id="22606" parentId="22603">Покрышки и камеры</category>
			<category Id="22608" parentId="22603">Рули и складывающиеся механизмы</category>
			<category Id="22610" parentId="22603">Тормозные системы</category>
			<category Id="22611" parentId="22603">Контроллеры</category>
		</categories>
		<offers>
			<offer available="true" id="26174">
				<url>https://welcome-mobi.com.ua/shop/product/akkumulyator-Apple-MacBook-12-Retina-A1534--Early-2015-</url>
				<price>2743</price>
				<currencyId>UAH</currencyId>
				<categoryId>4777</categoryId>
				<picture>https://welcome-mobi.com.ua/uploads/shop/origin/118835_main_origin.jpg</picture>
				<picture>https://welcome-mobi.com.ua/uploads/shop/origin/118835_0.jpg</picture>
				<delivery>true</delivery>
				<name_ua>Акумулятор A1527 Apple MacBook 12" Retina A1534 (Early 2015) оригінал 1:1</name_ua>
				<name>Аккумулятор A1527 Apple MacBook 12" Retina A1534 (Early 2015) оригинал 1:1</name>
				<vendor>Apple</vendor>
				<stock_quantity>3</stock_quantity>
			</offer>
			<offer available="true" id="26185">
				<url>https://welcome-mobi.com.ua/shop/product/akkumulyator-Apple-MacBook-Pro-13-Retina-A1502--Late-2013---Mid-2014-</url>
				<price>2377</price>
				<currencyId>UAH</currencyId>
				<categoryId>4777</categoryId>
				<picture>https://welcome-mobi.com.ua/uploads/shop/origin/118836_main_origin.jpg</picture>
				<picture>https://welcome-mobi.com.ua/uploads/shop/origin/118836_0.jpg</picture>
				<picture>https://welcome-mobi.com.ua/uploads/shop/origin/118836_1.jpg</picture>
				<delivery>true</delivery>
				<name_ua>Акумулятор A1493 Apple MacBook Pro 13" Retina A1502 (Late 2013 - Mid 2014) оригінал 1:1</name_ua>
				<name>Аккумулятор A1493 Apple MacBook Pro 13" Retina A1502 (Late 2013 - Mid 2014) оригинал 1:1</name>
				<vendor>Apple</vendor>
				<stock_quantity>5</stock_quantity>
			</offer>
			<offer available="true" id="26191">
				<url>https://welcome-mobi.com.ua/shop/product/akkumulyator-Apple-MacBook-Pro-15-Retina-A1398--Late-2013---Mid-2014-</url>
				<price>2670</price>
				<currencyId>UAH</currencyId>
				<categoryId>4777</categoryId>
				<picture>https://welcome-mobi.com.ua/uploads/shop/origin/118837_main_origin.jpg</picture>
				<delivery>true</delivery>
				<name_ua>Акумулятор A1494 Apple MacBook Pro 15" Retina A1398 (Late 2013 - Mid 2014) оригінал 1:1</name_ua>
				<name>Аккумулятор A1494 Apple MacBook Pro 15" Retina A1398 (Late 2013 - Mid 2014) оригинал 1:1</name>
				<vendor>Apple</vendor>
				<stock_quantity>3</stock_quantity>
			</offer>
			<offer available="true" id="26198">
				<url>https://welcome-mobi.com.ua/shop/product/akkumulyator-Apple-MacBook-Pro-13-Retina-A1706--Late-2016---Mid-2017--original</url>
				<price>3035</price>
				<currencyId>UAH</currencyId>
				<categoryId>4777</categoryId>
				<picture>https://welcome-mobi.com.ua/uploads/shop/origin/118838_main_origin.jpg</picture>
				<delivery>true</delivery>
				<name_ua>Акумулятор A1819 Apple MacBook Pro 13" Retina A1706 (Late 2016 - Mid 2017) оригінал 100%</name_ua>
				<name>Аккумулятор A1819 Apple MacBook Pro 13" Retina A1706 (Late 2016 - Mid 2017) оригинал 100%</name>
				<vendor>Apple</vendor>
				<stock_quantity>3</stock_quantity>
			</offer>
			<offer available="true" id="26182">
				<url>https://welcome-mobi.com.ua/shop/product/akkumulyator-Apple-MacBook-Pro-13-A1278--Late-2008-</url>
				<price>1573</price>
				<currencyId>UAH</currencyId>
				<categoryId>4777</categoryId>
				<picture>https://welcome-mobi.com.ua/uploads/shop/origin/118827_main_origin.jpg</picture>
				<delivery>true</delivery>
				<name_ua>Акумулятор A1280 Apple MacBook Pro 13" A1278 (Late 2008) оригінал 1:1</name_ua>
				<name>Аккумулятор A1280 Apple MacBook Pro 13" A1278 (Late 2008) оригинал 1:1</name>
				<vendor>Apple</vendor>
				<stock_quantity>2</stock_quantity>
			</offer>
			<offer available="true" id="26189">
				<url>https://welcome-mobi.com.ua/shop/product/akkumulyator-Apple-MacBook-Pro-15-A1382--Early-2011---Mid-2012-</url>
				<price>2011</price>
				<currencyId>UAH</currencyId>
				<categoryId>4777</categoryId>
				<picture>https://welcome-mobi.com.ua/uploads/shop/origin/118841_main_origin.jpg</picture>
				<picture>https://welcome-mobi.com.ua/uploads/shop/origin/118841_0.jpg</picture>
				<delivery>true</delivery>
				<name_ua>Акумулятор A1382 Apple MacBook Pro 15" A1286 (Early 2011 - Mid 2012) оригінал 1:1</name_ua>
				<name>Аккумулятор A1382 Apple MacBook Pro 15" A1286 (Early 2011 - Mid 2012) оригинал 1:1</name>
				<vendor>Apple</vendor>
				<stock_quantity>1</stock_quantity>
			</offer>
			<offer available="true" id="27267">
				<url>https://welcome-mobi.com.ua/shop/product/akkumulyator-A1965-Apple-MacBook-Air-13-A1932,MRE82,MREE2--2018---2019--original-11</url>
				<price>2853</price>
				<currencyId>UAH</currencyId>
				<categoryId>4777</categoryId>
				<picture>https://welcome-mobi.com.ua/uploads/shop/origin/119821_main_origin.jpg</picture>
				<picture>https://welcome-mobi.com.ua/uploads/shop/origin/118839_0.jpg</picture>
				<delivery>true</delivery>
				<name_ua>Акумулятор A1965 Apple MacBook Air 13" A1932/MRE82/MREE2 (2018 - 2019) оригінал 1:1</name_ua>
				<name>Аккумулятор A1965 Apple MacBook Air 13" A1932/MRE82/MREE2 (2018 - 2019) оригинал 1:1</name>
				<vendor>Apple</vendor>
				<stock_quantity>1</stock_quantity>
			</offer>
			<offer available="true" id="26192">
				<url>https://welcome-mobi.com.ua/shop/product/akkumulyator-Apple-MacBook-Pro-15-Retina-A1398--Mid-2015-</url>
				<price>2487</price>
				<currencyId>UAH</currencyId>
				<categoryId>4777</categoryId>
				<picture>https://welcome-mobi.com.ua/uploads/shop/origin/118842_main_origin.jpg</picture>
				<picture>https://welcome-mobi.com.ua/uploads/shop/origin/118842_0.jpg</picture>
				<delivery>true</delivery>
				<name_ua>Акумулятор A1618 Apple MacBook Pro 15" Retina A1398 (Mid 2015) оригінал 1:1</name_ua>
				<name>Аккумулятор A1618 Apple MacBook Pro 15" Retina A1398 (Mid 2015) оригинал 1:1</name>
				<vendor>Apple</vendor>
				<stock_quantity>2</stock_quantity>
			</offer>
			<offer available="true" id="26176">
				<url>https://welcome-mobi.com.ua/shop/product/akkumulyator-Apple-MacBook-Air-13-A1377--Late-2010---Mid-2011-</url>
				<price>2267</price>
				<currencyId>UAH</currencyId>
				<categoryId>4777</categoryId>
				<picture>https://welcome-mobi.com.ua/uploads/shop/origin/118831_main_origin.jpg</picture>
				<picture>https://welcome-mobi.com.ua/uploads/shop/origin/118831_0.jpg</picture>
				<picture>https://welcome-mobi.com.ua/uploads/shop/origin/118831_1.jpg</picture>
				<delivery>true</delivery>
				<name_ua>Акумулятор A1369 Apple MacBook Air 13" A1377 (Late 2010 - Mid 2011) оригінал 1:1</name_ua>
				<name>Аккумулятор A1369 Apple MacBook Air 13" A1377 (Late 2010 - Mid 2011) оригинал 1:1</name>
				<vendor>Apple</vendor>
				<stock_quantity>3</stock_quantity>
			</offer>
			<offer available="true" id="27259">
				<url>https://welcome-mobi.com.ua/shop/product/akkumulyator-A1185-Apple-MacBook-Pro-13-A1181,MA561,MA566,MA254,MA255,MA472--2006---2009--Black-original-11</url>
				<price>1609</price>
				<currencyId>UAH</currencyId>
				<categoryId>4777</categoryId>
				<picture>https://welcome-mobi.com.ua/uploads/shop/origin/119830_main_origin.jpg</picture>
				<delivery>true</delivery>
				<name_ua>Акумулятор A1185 Apple MacBook Pro 13" A1181/MA561/MA566/MA254/MA255/MA472 (2006 - 2009) Black оригінал 1:1</name_ua>
				<name>Аккумулятор A1185 Apple MacBook Pro 13" A1181/MA561/MA566/MA254/MA255/MA472 (2006 - 2009) Black оригинал 1:1</name>
				<vendor>Apple</vendor>
				<stock_quantity>2</stock_quantity>
			</offer>
			<offer available="true" id="26194">
				<url>https://welcome-mobi.com.ua/shop/product/akkumulyator-Apple-MacBook-Pro-15-Retina-A1990--Mid-2018-</url>
				<price>3547</price>
				<currencyId>UAH</currencyId>
				<categoryId>4777</categoryId>
				<picture>https://welcome-mobi.com.ua/uploads/shop/origin/118843_main_origin.jpg</picture>
				<picture>https://welcome-mobi.com.ua/uploads/shop/origin/118843_0.jpg</picture>
				<picture>https://welcome-mobi.com.ua/uploads/shop/origin/118843_1.jpg</picture>
				<delivery>true</delivery>
				<name_ua>Акумулятор A1953 Apple MacBook Pro 15" Retina A1990 (Mid 2018) оригінал 1:1</name_ua>
				<name>Аккумулятор A1953 Apple MacBook Pro 15" Retina A1990 (Mid 2018) оригинал 1:1</name>
				<vendor>Apple</vendor>
				<stock_quantity>3</stock_quantity>
			</offer>
			<offer available="true" id="27271">
				<url>https://welcome-mobi.com.ua/shop/product/akkumulyator-A2519-Apple-MacBook-Pro-14-A2442,A2779,MKGP3,MKGQ3,MKGR3,MKGT3--2021--original-11</url>
				<price>3474</price>
				<currencyId>UAH</currencyId>
				<categoryId>4777</categoryId>
				<picture>https://welcome-mobi.com.ua/uploads/shop/origin/119828_main_origin.jpg</picture>
				<delivery>true</delivery>
				<name_ua>Акумулятор A2519 Apple MacBook Pro 14" A2442/A2779/MKGP3/MKGQ3/MKGR3/MKGT3 (2021) оригінал 1:1</name_ua>
				<name>Аккумулятор A2519 Apple MacBook Pro 14" A2442/A2779/MKGP3/MKGQ3/MKGR3/MKGT3 (2021) оригинал 1:1</name>
				<vendor>Apple</vendor>
				<stock_quantity>2</stock_quantity>
			</offer>
			<offer available="true" id="27261">
				<url>https://welcome-mobi.com.ua/shop/product/akkumulyator-A1189-Apple-MacBook-Pro-17-A1189,A1151,A1229,A1212,A1261--Mid-2006---Late-2008--original-11</url>
				<price>2304</price>
				<currencyId>UAH</currencyId>
				<categoryId>4777</categoryId>
				<picture>https://welcome-mobi.com.ua/uploads/shop/origin/119823_main_origin.jpg</picture>
				<delivery>true</delivery>
				<name_ua>Акумулятор A1189 Apple MacBook Pro 17" A1189/A1151/A1229/A1212/A1261 (Mid 2006 - Late 2008) оригінал 1:1</name_ua>
				<name>Аккумулятор A1189 Apple MacBook Pro 17" A1189/A1151/A1229/A1212/A1261 (Mid 2006 - Late 2008) оригинал 1:1</name>
				<vendor>Apple</vendor>
				<stock_quantity>2</stock_quantity>
			</offer>
			<offer available="true" id="27265">
				<url>https://welcome-mobi.com.ua/shop/product/akkumulyator-A1383-Apple-MacBook-Pro-17-A1297,MC725LL,MD311LL,MB604LL,MC226LL--2011--original-11</url>
				<price>2030</price>
				<currencyId>UAH</currencyId>
				<categoryId>4777</categoryId>
				<picture>https://welcome-mobi.com.ua/uploads/shop/origin/119835_main_origin.jpg</picture>
				<picture>https://welcome-mobi.com.ua/uploads/shop/origin/118841_0.jpg</picture>
				<delivery>true</delivery>
				<name_ua>Акумулятор A1383 Apple MacBook Pro 17" A1297/MC725LL/MD311LL/MB604LL/MC226LL (2011) оригінал 1:1</name_ua>
				<name>Аккумулятор A1383 Apple MacBook Pro 17" A1297/MC725LL/MD311LL/MB604LL/MC226LL (2011) оригинал 1:1</name>
				<vendor>Apple</vendor>
				<stock_quantity>2</stock_quantity>
			</offer>
			<offer available="true" id="27270">
				<url>https://welcome-mobi.com.ua/shop/product/akkumulyator-A2389-Apple-MacBook-Air-13-M1-A2337,A2289,MXK32,MXK72--2020--original-11</url>
				<price>3218</price>
				<currencyId>UAH</currencyId>
				<categoryId>4777</categoryId>
				<picture>https://welcome-mobi.com.ua/uploads/shop/origin/119836_main_origin.jpg</picture>
				<delivery>true</delivery>
				<name_ua>Акумулятор A2389 Apple MacBook Air 13" M1 A2337/A2289/MXK32/MXK72 (2020) оригінал 1:1</name_ua>
				<name>Аккумулятор A2389 Apple MacBook Air 13" M1 A2337/A2289/MXK32/MXK72 (2020) оригинал 1:1</name>
				<vendor>Apple</vendor>
				<stock_quantity>2</stock_quantity>
			</offer>
			<offer available="true" id="26180">
				<url>https://welcome-mobi.com.ua/shop/product/akkumulyator-Apple-MacBook-Air-13-A1466--Mid-2013---Mid-2017-</url>
				<price>1719</price>
				<currencyId>UAH</currencyId>
				<categoryId>4777</categoryId>
				<picture>https://welcome-mobi.com.ua/uploads/shop/origin/118824_main_origin.jpg</picture>
				<picture>https://welcome-mobi.com.ua/uploads/shop/origin/118824_0.jpg</picture>
				<delivery>true</delivery>
				<name_ua>Акумулятор A1496 Apple MacBook Air 13" A1466 (Mid 2013 - Mid 2017) оригінал 1:1</name_ua>
				<name>Аккумулятор A1496 Apple MacBook Air 13" A1466 (Mid 2013 - Mid 2017) оригинал 1:1</name>
				<vendor>Apple</vendor>
				<stock_quantity>6</stock_quantity>
			</offer>
			<offer available="true" id="26188">
				<url>https://welcome-mobi.com.ua/shop/product/akkumulyator-Apple-MacBook-Pro-13-Retina-A1708--Late-2016---Mid-2017-</url>
				<price>2450</price>
				<currencyId>UAH</currencyId>
				<categoryId>4777</categoryId>
				<picture>https://welcome-mobi.com.ua/uploads/shop/origin/118825_main_origin.jpg</picture>
				<picture>https://welcome-mobi.com.ua/uploads/shop/origin/118825_0.jpg</picture>
				<picture>https://welcome-mobi.com.ua/uploads/shop/origin/118825_1.jpg</picture>
				<delivery>true</delivery>
				<name_ua>Акумулятор A1713 Apple MacBook Pro 13" Retina A1708 (Late 2016 - Mid 2017) оригінал 1:1</name_ua>
				<name>Аккумулятор A1713 Apple MacBook Pro 13" Retina A1708 (Late 2016 - Mid 2017) оригинал 1:1</name>
				<vendor>Apple</vendor>
				<stock_quantity>3</stock_quantity>
			</offer>
			<offer available="true" id="26195">
				<url>https://welcome-mobi.com.ua/shop/product/akkumulyator-Apple-MacBook-12-Retina-A1534--Early-2015--original</url>
				<price>3255</price>
				<currencyId>UAH</currencyId>
				<categoryId>4777</categoryId>
				<picture>https://welcome-mobi.com.ua/uploads/shop/origin/118826_main_origin.jpg</picture>
				<delivery>true</delivery>
				<name_ua>Акумулятор A1527 Apple MacBook 12" Retina A1534 (Early 2015) оригінал 100%</name_ua>
				<name>Аккумулятор A1527 Apple MacBook 12" Retina A1534 (Early 2015) оригинал 100%</name>
				<vendor>Apple</vendor>
				<stock_quantity>1</stock_quantity>
			</offer>
			<offer available="true" id="27263">
				<url>https://welcome-mobi.com.ua/shop/product/akkumulyator-A1331-Apple-MacBook-Pro-A1342,MC207,MC233,MC234,MC516--2009---2010--original-11</url>
				<price>1536</price>
				<currencyId>UAH</currencyId>
				<categoryId>4777</categoryId>
				<picture>https://welcome-mobi.com.ua/uploads/shop/origin/119824_main_origin.jpg</picture>
				<picture>https://welcome-mobi.com.ua/uploads/shop/origin/118841_0.jpg</picture>
				<delivery>true</delivery>
				<name_ua>Акумулятор A1331 Apple MacBook Pro A1342/MC207/MC233/MC234/MC516 (2009 - 2010) оригінал 1:1</name_ua>
				<name>Аккумулятор A1331 Apple MacBook Pro A1342/MC207/MC233/MC234/MC516 (2009 - 2010) оригинал 1:1</name>
				<vendor>Apple</vendor>
				<stock_quantity>2</stock_quantity>
			</offer>
			<offer available="true" id="27272">
				<url>https://welcome-mobi.com.ua/shop/product/akkumulyator-A2527-Apple-MacBook-Pro-16-A2485,MK183,MK193,MK1A3,MK1E3,MK1F3,MK1H3--2021--original-11</url>
				<price>3840</price>
				<currencyId>UAH</currencyId>
				<categoryId>4777</categoryId>
				<picture>https://welcome-mobi.com.ua/uploads/shop/origin/119825_main_origin.jpg</picture>
				<delivery>true</delivery>
				<name_ua>Акумулятор A2527 Apple MacBook Pro 16" A2485/MK183/MK193/MK1A3/MK1E3/MK1F3/MK1H3 (2021) оригінал 1:1</name_ua>
				<name>Аккумулятор A2527 Apple MacBook Pro 16" A2485/MK183/MK193/MK1A3/MK1E3/MK1F3/MK1H3 (2021) оригинал 1:1</name>
				<vendor>Apple</vendor>
				<stock_quantity>2</stock_quantity>
			</offer>
			<offer available="true" id="26187">
				<url>https://welcome-mobi.com.ua/shop/product/akkumulyator-Apple-MacBook-Pro-13-Retina-A1706--Late-2016---Mid-2017-</url>
				<price>2597</price>
				<currencyId>UAH</currencyId>
				<categoryId>4777</categoryId>
				<picture>https://welcome-mobi.com.ua/uploads/shop/origin/118828_main_origin.jpg</picture>
				<picture>https://welcome-mobi.com.ua/uploads/shop/origin/118828_0.jpg</picture>
				<picture>https://welcome-mobi.com.ua/uploads/shop/origin/118828_1.jpg</picture>
				<delivery>true</delivery>
				<name_ua>Акумулятор A1819 Apple MacBook Pro 13" Retina A1706 (Late 2016 - Mid 2017) оригінал 1:1</name_ua>
				<name>Аккумулятор A1819 Apple MacBook Pro 13" Retina A1706 (Late 2016 - Mid 2017) оригинал 1:1</name>
				<vendor>Apple</vendor>
				<stock_quantity>9</stock_quantity>
			</offer>
			<offer available="true" id="27266">
				<url>https://welcome-mobi.com.ua/shop/product/akkumulyator-A1964-Apple-MacBook-Pro-13-A1989,MR9R2,MV992,MR9Q2--2018--original-11</url>
				<price>3547</price>
				<currencyId>UAH</currencyId>
				<categoryId>4777</categoryId>
				<picture>https://welcome-mobi.com.ua/uploads/shop/origin/119827_main_origin.jpg</picture>
				<picture>https://welcome-mobi.com.ua/uploads/shop/origin/118839_0.jpg</picture>
				<delivery>true</delivery>
				<name_ua>Акумулятор A1964 Apple MacBook Pro 13" A1989/MR9R2/MV992/MR9Q2 (2018) оригінал 1:1</name_ua>
				<name>Аккумулятор A1964 Apple MacBook Pro 13" A1989/MR9R2/MV992/MR9Q2 (2018) оригинал 1:1</name>
				<vendor>Apple</vendor>
				<stock_quantity>2</stock_quantity>
			</offer>
			<offer available="true" id="27273">
				<url>https://welcome-mobi.com.ua/shop/product/akkumulyator-A1465-Apple-MacBook-Air-11-A1370--Mid-2011---Mid-2012--original-11</url>
				<price>2341</price>
				<currencyId>UAH</currencyId>
				<categoryId>4777</categoryId>
				<picture>https://welcome-mobi.com.ua/uploads/shop/origin/119829_main_origin.jpg</picture>
				<picture>https://welcome-mobi.com.ua/uploads/shop/origin/118830_0.jpg</picture>
				<picture>https://welcome-mobi.com.ua/uploads/shop/origin/118830_1.jpg</picture>
				<delivery>true</delivery>
				<name_ua>Акумулятор A1465 Apple MacBook Air 11" A1370 (Mid 2011 - Mid 2012) оригінал 1:1</name_ua>
				<name>Аккумулятор A1465 Apple MacBook Air 11" A1370 (Mid 2011 - Mid 2012) оригинал 1:1</name>
				<vendor>Apple</vendor>
				<stock_quantity>1</stock_quantity>
			</offer>
			<offer available="true" id="27260">
				<url>https://welcome-mobi.com.ua/shop/product/akkumulyator-A1185-Apple-MacBook-Pro-13-A1181,MA561,MA566,MA254,MA255,MA472--2006---2009--Silver-original-11</url>
				<price>1609</price>
				<currencyId>UAH</currencyId>
				<categoryId>4777</categoryId>
				<picture>https://welcome-mobi.com.ua/uploads/shop/origin/119831_main_origin.jpg</picture>
				<delivery>true</delivery>
				<name_ua>Акумулятор A1185 Apple MacBook Pro 13" A1181/MA561/MA566/MA254/MA255/MA472 (2006 - 2009) Silver оригінал 1:1</name_ua>
				<name>Аккумулятор A1185 Apple MacBook Pro 13" A1181/MA561/MA566/MA254/MA255/MA472 (2006 - 2009) Silver оригинал 1:1</name>
				<vendor>Apple</vendor>
				<stock_quantity>2</stock_quantity>
			</offer>
			<offer available="true" id="27264">
				<url>https://welcome-mobi.com.ua/shop/product/akkumulyator-A1370-Apple-MacBook-Air-11-A1375--Late-2010--original-11</url>
				<price>1902</price>
				<currencyId>UAH</currencyId>
				<categoryId>4777</categoryId>
				<picture>https://welcome-mobi.com.ua/uploads/shop/origin/119822_main_origin.jpg</picture>
				<picture>https://welcome-mobi.com.ua/uploads/shop/origin/118831_0.jpg</picture>
				<picture>https://welcome-mobi.com.ua/uploads/shop/origin/118831_1.jpg</picture>
				<delivery>true</delivery>
				<name_ua>Акумулятор A1370 Apple MacBook Air 11" A1375 (Late 2010) оригінал 1:1</name_ua>
				<name>Аккумулятор A1370 Apple MacBook Air 11" A1375 (Late 2010) оригинал 1:1</name>
				<vendor>Apple</vendor>
				<stock_quantity>1</stock_quantity>
			</offer>
			<offer available="true" id="26179">
				<url>https://welcome-mobi.com.ua/shop/product/akkumulyator-Apple-MacBook-Air-13-A1466--Mid-2011---Mid-2012-</url>
				<price>1719</price>
				<currencyId>UAH</currencyId>
				<categoryId>4777</categoryId>
				<picture>https://welcome-mobi.com.ua/uploads/shop/origin/118832_main_origin.jpg</picture>
				<picture>https://welcome-mobi.com.ua/uploads/shop/origin/118832_0.jpg</picture>
				<picture>https://welcome-mobi.com.ua/uploads/shop/origin/118832_1.jpg</picture>
				<delivery>true</delivery>
				<name_ua>Акумулятор A1405 Apple MacBook Air 13" A1466 (Mid 2011 - Mid 2012) оригінал 1:1</name_ua>
				<name>Аккумулятор A1405 Apple MacBook Air 13" A1466 (Mid 2011 - Mid 2012) оригинал 1:1</name>
				<vendor>Apple</vendor>
				<stock_quantity>1</stock_quantity>
			</offer>
			<offer available="true" id="26186">
				<url>https://welcome-mobi.com.ua/shop/product/akkumulyator-Apple-MacBook-Pro-13-Retina-A1502--Early-2015-</url>
				<price>2450</price>
				<currencyId>UAH</currencyId>
				<categoryId>4777</categoryId>
				<picture>https://welcome-mobi.com.ua/uploads/shop/origin/118839_main_origin.jpg</picture>
				<picture>https://welcome-mobi.com.ua/uploads/shop/origin/118839_0.jpg</picture>
				<delivery>true</delivery>
				<name_ua>Акумулятор A1582 Apple MacBook Pro 13" Retina A1502 (Early 2015) оригінал 1:1</name_ua>
				<name>Аккумулятор A1582 Apple MacBook Pro 13" Retina A1502 (Early 2015) оригинал 1:1</name>
				<vendor>Apple</vendor>
				<stock_quantity>5</stock_quantity>
			</offer>
			<offer available="true" id="26184">
				<url>https://welcome-mobi.com.ua/shop/product/akkumulyator-Apple-MacBook-Pro-13-Retina-A1425--Late-2012---Early-2013-</url>
				<price>2597</price>
				<currencyId>UAH</currencyId>
				<categoryId>4777</categoryId>
				<picture>https://welcome-mobi.com.ua/uploads/shop/origin/118822_main_origin.jpg</picture>
				<delivery>true</delivery>
				<name_ua>Акумулятор A1437 Apple MacBook Pro 13" Retina A1425 (Late 2012 - Early 2013) оригінал 1:1</name_ua>
				<name>Аккумулятор A1437 Apple MacBook Pro 13" Retina A1425 (Late 2012 - Early 2013) оригинал 1:1</name>
				<vendor>Apple</vendor>
				<stock_quantity>3</stock_quantity>
			</offer>
			<offer available="true" id="26190">
				<url>https://welcome-mobi.com.ua/shop/product/akkumulyator-Apple-MacBook-Pro-15-Retina-A1398--Mid-2012---Early-2013-</url>
				<price>2597</price>
				<currencyId>UAH</currencyId>
				<categoryId>4777</categoryId>
				<picture>https://welcome-mobi.com.ua/uploads/shop/origin/118823_main_origin.jpg</picture>
				<picture>https://welcome-mobi.com.ua/uploads/shop/origin/118823_0.jpg</picture>
				<delivery>true</delivery>
				<name_ua>Акумулятор A1417 Apple MacBook Pro 15" Retina A1398 (Mid 2012 - Early 2013) оригінал 1:1</name_ua>
				<name>Аккумулятор A1417 Apple MacBook Pro 15" Retina A1398 (Mid 2012 - Early 2013) оригинал 1:1</name>
				<vendor>Apple</vendor>
				<stock_quantity>5</stock_quantity>
			</offer>
			<offer available="true" id="26197">
				<url>https://welcome-mobi.com.ua/shop/product/akkumulyator-Apple-MacBook-Pro-13-Retina-A1502--Late-2013---Mid-2014--original</url>
				<price>2853</price>
				<currencyId>UAH</currencyId>
				<categoryId>4777</categoryId>
				<picture>https://welcome-mobi.com.ua/uploads/shop/origin/118833_main_origin.jpg</picture>
				<delivery>true</delivery>
				<name_ua>Акумулятор A1493 Apple MacBook Pro 13" Retina A1502 (Late 2013 - Mid 2014) оригінал 100%</name_ua>
				<name>Аккумулятор A1493 Apple MacBook Pro 13" Retina A1502 (Late 2013 - Mid 2014) оригинал 100%</name>
				<vendor>Apple</vendor>
				<stock_quantity>2</stock_quantity>
			</offer>
			<offer available="true" id="26183">
				<url>https://welcome-mobi.com.ua/shop/product/akkumulyator-Apple-MacBook-Pro-13-A1278--Mid-2009---Mid-2012-</url>
				<price>1755</price>
				<currencyId>UAH</currencyId>
				<categoryId>4777</categoryId>
				<picture>https://welcome-mobi.com.ua/uploads/shop/origin/118829_main_origin.jpg</picture>
				<picture>https://welcome-mobi.com.ua/uploads/shop/origin/118829_0.jpg</picture>
				<picture>https://welcome-mobi.com.ua/uploads/shop/origin/118829_1.jpg</picture>
				<delivery>true</delivery>
				<name_ua>Акумулятор A1322 Apple MacBook Pro 13" A1278 (Mid 2009 - Mid 2012) оригінал 1:1</name_ua>
				<name>Аккумулятор A1322 Apple MacBook Pro 13" A1278 (Mid 2009 - Mid 2012) оригинал 1:1</name>
				<vendor>Apple</vendor>
				<stock_quantity>3</stock_quantity>
			</offer>
			<offer available="true" id="26175">
				<url>https://welcome-mobi.com.ua/shop/product/akkumulyator-Apple-MacBook-Air-11-A1465--Mid-2013---Ealry-2015-</url>
				<price>1975</price>
				<currencyId>UAH</currencyId>
				<categoryId>4777</categoryId>
				<picture>https://welcome-mobi.com.ua/uploads/shop/origin/118830_main_origin.jpg</picture>
				<picture>https://welcome-mobi.com.ua/uploads/shop/origin/118830_0.jpg</picture>
				<picture>https://welcome-mobi.com.ua/uploads/shop/origin/118830_1.jpg</picture>
				<delivery>true</delivery>
				<name_ua>Акумулятор A1495 Apple MacBook Air 11" A1465 (Mid 2013 - Ealry 2015) оригінал 1:1</name_ua>
				<name>Аккумулятор A1495 Apple MacBook Air 11" A1465 (Mid 2013 - Ealry 2015) оригинал 1:1</name>
				<vendor>Apple</vendor>
				<stock_quantity>4</stock_quantity>
			</offer>
			<offer available="true" id="27258">
				<url>https://welcome-mobi.com.ua/shop/product/akkumulyator-A1175-Apple-MacBook-Pro-15-A1150,A1211,A1226,A1260--2006--2008--Silver-original-11</url>
				<price>1865</price>
				<currencyId>UAH</currencyId>
				<categoryId>4777</categoryId>
				<picture>https://welcome-mobi.com.ua/uploads/shop/origin/119834_main_origin.jpg</picture>
				<delivery>true</delivery>
				<name_ua>Акумулятор A1175 Apple MacBook Pro 15" A1150/A1211/A1226/A1260 (2006 - 2008) Silver оригінал 1:1</name_ua>
				<name>Аккумулятор A1175 Apple MacBook Pro 15" A1150/A1211/A1226/A1260 (2006 - 2008) Silver оригинал 1:1</name>
				<vendor>Apple</vendor>
				<stock_quantity>2</stock_quantity>
			</offer>
			<offer available="true" id="27262">
				<url>https://welcome-mobi.com.ua/shop/product/akkumulyator-A1309-Apple-MacBook-Pro-17-A1297,MC226,MB04--2009---2010--original-11</url>
				<price>1975</price>
				<currencyId>UAH</currencyId>
				<categoryId>4777</categoryId>
				<picture>https://welcome-mobi.com.ua/uploads/shop/origin/119832_main_origin.jpg</picture>
				<delivery>true</delivery>
				<name_ua>Акумулятор A1309 Apple MacBook Pro 17" A1297/MC226/MB04 (2009 - 2010) оригінал 1:1</name_ua>
				<name>Аккумулятор A1309 Apple MacBook Pro 17" A1297/MC226/MB04 (2009 - 2010) оригинал 1:1</name>
				<vendor>Apple</vendor>
				<stock_quantity>2</stock_quantity>
			</offer>
			<offer available="true" id="27268">
				<url>https://welcome-mobi.com.ua/shop/product/akkumulyator-A2113-Apple-MacBook-Pro-16-A2141,MVVK2UA,MVVJ2UA--2019--original-11</url>
				<price>4206</price>
				<currencyId>UAH</currencyId>
				<categoryId>4777</categoryId>
				<picture>https://welcome-mobi.com.ua/uploads/shop/origin/119833_main_origin.jpg</picture>
				<picture>https://welcome-mobi.com.ua/uploads/shop/origin/118843_0.jpg</picture>
				<picture>https://welcome-mobi.com.ua/uploads/shop/origin/118843_1.jpg</picture>
				<delivery>true</delivery>
				<name_ua>Акумулятор A2113 Apple MacBook Pro 16" A2141/MVVK2UA/MVVJ2UA (2019) оригінал 1:1</name_ua>
				<name>Аккумулятор A2113 Apple MacBook Pro 16" A2141/MVVK2UA/MVVJ2UA (2019) оригинал 1:1</name>
				<vendor>Apple</vendor>
				<stock_quantity>2</stock_quantity>
			</offer>
			<offer available="true" id="27269">
				<url>https://welcome-mobi.com.ua/shop/product/akkumulyator-A2171-Apple-MacBook-Pro-13-A2159,MUHQ2,MUHP2--2019--original-11</url>
				<price>3145</price>
				<currencyId>UAH</currencyId>
				<categoryId>4777</categoryId>
				<picture>https://welcome-mobi.com.ua/uploads/shop/origin/119826_main_origin.jpg</picture>
				<picture>https://welcome-mobi.com.ua/uploads/shop/origin/118843_0.jpg</picture>
				<picture>https://welcome-mobi.com.ua/uploads/shop/origin/118843_1.jpg</picture>
				<delivery>true</delivery>
				<name_ua>Акумулятор A2171 Apple MacBook Pro 13" A2159/MUHQ2/MUHP2 (2019) оригінал 1:1</name_ua>
				<name>Аккумулятор A2171 Apple MacBook Pro 13" A2159/MUHQ2/MUHP2 (2019) оригинал 1:1</name>
				<vendor>Apple</vendor>
				<stock_quantity>2</stock_quantity>
			</offer>
			<offer available="true" id="14326">
				<url>https://welcome-mobi.com.ua/shop/product/displey-Huawei-Honor-10-Lite,Honor-10i-with-touchscreen-black-FULL-orig</url>
				<price>1402</price>
				<currencyId>UAH</currencyId>
				<categoryId>3244</categoryId>
				<picture>https://welcome-mobi.com.ua/uploads/shop/origin/103483_main_origin.jpg</picture>
				<delivery>true</delivery>
				<name_ua>Дисплей Huawei Honor 10 Lite/Honor 10i/Honor 20 Lite/Honor 20i в зборі з сенсором black FULL orig</name_ua>
				<name>Дисплей Huawei Honor 10 Lite/Honor 10i/Honor 20 Lite/Honor 20i в сборе с сенсором black FULL orig</name>
				<vendor>Huawei</vendor>
				<stock_quantity>7</stock_quantity>
				<param name="Совместимые модели">Huawei</param>
				<param name="Сумісність">Huawei</param>
				<param name="Клас якості">Original</param>
				<param name="Країна-виробник товару">Китай</param>
				<param name="Страна регистрации бренда">Китай</param>
				<param name="Гарантія">14 дней</param>
			</offer>
			<offer available="true" id="14753">
				<url>https://welcome-mobi.com.ua/shop/product/displey-Huawei-Y6-2019--MRD-LX1F,MRD-LX1,MRD-LX3-,Honor-8A-with-touchscreen-black-FULL-orig</url>
				<price>1024</price>
				<currencyId>UAH</currencyId>
				<categoryId>3244</categoryId>
				<picture>https://welcome-mobi.com.ua/uploads/shop/origin/104233_main_origin.jpg</picture>
				<delivery>true</delivery>
				<name_ua>Дисплей Huawei Y6 2019/Y6s 2019/Y6 Pro 2019/Honor 8A в зборі з сенсором black FULL orig</name_ua>
				<name>Дисплей Huawei Y6 2019/Y6s 2019/Y6 Pro 2019/Honor 8A в сборе с сенсором black FULL orig</name>
				<vendor>Huawei</vendor>
				<stock_quantity>7</stock_quantity>
				<param name="Совместимые модели">Huawei</param>
				<param name="Сумісність">Huawei</param>
				<param name="Клас якості">Original</param>
				<param name="Країна-виробник товару">Китай</param>
				<param name="Страна регистрации бренда">Китай</param>
				<param name="Гарантія">14 дней</param>
			</offer>
			<offer available="true" id="13871">
				<url>https://welcome-mobi.com.ua/shop/product/displey-Huawei-P-Smart-2019,Honor-10-Lite-with-touchscreen-black-FULL-orig</url>
				<price>1242</price>
				<currencyId>UAH</currencyId>
				<categoryId>3244</categoryId>
				<picture>https://welcome-mobi.com.ua/uploads/shop/origin/102985_main_origin.jpg</picture>
				<picture>https://welcome-mobi.com.ua/uploads/shop/origin/102985_0.jpg</picture>
				<delivery>true</delivery>
				<name_ua>Дисплей Huawei P Smart 2019/Enjoy 9s/P Smart Plus 2019 в зборі з сенсором black FULL orig</name_ua>
				<name>Дисплей Huawei P Smart 2019/Enjoy 9s/P Smart Plus 2019 в сборе с сенсором black FULL orig</name>
				<vendor>Huawei</vendor>
				<stock_quantity>3</stock_quantity>
				<param name="Совместимые модели">Huawei</param>
				<param name="Сумісність">Huawei</param>
				<param name="Клас якості">Original</param>
				<param name="Країна-виробник товару">Китай</param>
				<param name="Страна регистрации бренда">Китай</param>
				<param name="Гарантія">14 дней</param>
			</offer>
			<offer available="true" id="25811">
				<url>https://welcome-mobi.com.ua/shop/product/displey-Huawei-Honor-9A-2020,Y6p-v-sbore-s-sensorom,-ramkoy-i-akb-black-service-orig</url>
				<price>2448</price>
				<currencyId>UAH</currencyId>
				<categoryId>3244</categoryId>
				<picture>https://welcome-mobi.com.ua/uploads/shop/origin/118434_main_origin.jpg</picture>
				<picture>https://welcome-mobi.com.ua/uploads/shop/origin/118434_0.jpg</picture>
				<picture>https://welcome-mobi.com.ua/uploads/shop/origin/118434_1.jpg</picture>
				<picture>https://welcome-mobi.com.ua/uploads/shop/origin/118434_2.jpg</picture>
				<picture>https://welcome-mobi.com.ua/uploads/shop/origin/118434_3.jpg</picture>
				<picture>https://welcome-mobi.com.ua/uploads/shop/origin/118434_4.jpg</picture>
				<picture>https://welcome-mobi.com.ua/uploads/shop/origin/118434_5.jpg</picture>
				<delivery>true</delivery>
				<name_ua>Дисплей Huawei Honor 9A 2020/Y6p в зборі з сенсором, рамкою та АКБ black service orig</name_ua>
				<name>Дисплей Huawei Honor 9A 2020/Y6p в сборе с сенсором, рамкой и АКБ black service orig</name>
				<vendor>Huawei</vendor>
				<stock_quantity>1</stock_quantity>
				<param name="Совместимые модели">Huawei</param>
				<param name="Сумісність">Huawei</param>
				<param name="Клас якості">Original</param>
				<param name="Країна-виробник товару">Китай</param>
				<param name="Страна регистрации бренда">Китай</param>
				<param name="Гарантія">14 дней</param>
			</offer>
			<offer available="true" id="14038">
				<url>https://welcome-mobi.com.ua/shop/product/displey-Huawei-Honor-8X,Honor-View-10-Lite-with-touchscreen-black-FULL-orig</url>
				<price>1322</price>
				<currencyId>UAH</currencyId>
				<categoryId>3244</categoryId>
				<picture>https://welcome-mobi.com.ua/uploads/shop/origin/103139_main_origin.jpg</picture>
				<delivery>true</delivery>
				<name_ua>Дисплей Huawei Honor 8X/Honor View 10 Lite в зборі з сенсором black FULL orig</name_ua>
				<name>Дисплей Huawei Honor 8X/Honor View 10 Lite в сборе с сенсором black FULL orig</name>
				<vendor>Huawei</vendor>
				<stock_quantity>2</stock_quantity>
				<param name="Совместимые модели">Huawei</param>
				<param name="Сумісність">Huawei</param>
				<param name="Клас якості">Original</param>
				<param name="Країна-виробник товару">Китай</param>
				<param name="Страна регистрации бренда">Китай</param>
				<param name="Гарантія">14 дней</param>
			</offer>
			<offer available="true" id="14981">
				<url>https://welcome-mobi.com.ua/shop/product/displey-Huawei-P-Smart-Z,Honor-9X,Honor-9X-Premium,Y9s-with-touchscreen-black-FULL-orig</url>
				<price>1402</price>
				<currencyId>UAH</currencyId>
				<categoryId>3244</categoryId>
				<picture>https://welcome-mobi.com.ua/uploads/shop/origin/104411_main_origin.jpg</picture>
				<delivery>true</delivery>
				<name_ua>Дисплей Huawei P Smart Z/Honor 9X/Y9s/Y9 Prime 2019 в зборі з сенсором black FULL orig</name_ua>
				<name>Дисплей Huawei P Smart Z/Honor 9X/Y9s/Y9 Prime 2019 в сборе с сенсором black FULL orig</name>
				<vendor>Huawei</vendor>
				<stock_quantity>3</stock_quantity>
				<param name="Совместимые модели">Huawei</param>
				<param name="Сумісність">Huawei</param>
				<param name="Клас якості">Original</param>
				<param name="Країна-виробник товару">Китай</param>
				<param name="Страна регистрации бренда">Китай</param>
				<param name="Гарантія">14 дней</param>
			</offer>
			<offer available="true" id="19354">
				<url>https://welcome-mobi.com.ua/shop/product/displey-Huawei-P30-Pro-v-sbore-s-sensorom-black-FULL-orig</url>
				<price>5608</price>
				<currencyId>UAH</currencyId>
				<categoryId>3244</categoryId>
				<picture>https://welcome-mobi.com.ua/uploads/shop/origin/108997_main_origin.jpg</picture>
				<delivery>true</delivery>
				<name_ua>Дисплей Huawei P30 Pro в зборі з сенсором black FULL orig</name_ua>
				<name>Дисплей Huawei P30 Pro в сборе с сенсором black FULL orig</name>
				<vendor>Huawei</vendor>
				<stock_quantity>2</stock_quantity>
				<param name="Совместимые модели">Huawei</param>
				<param name="Сумісність">Huawei</param>
				<param name="Клас якості">Original</param>
				<param name="Країна-виробник товару">Китай</param>
				<param name="Страна регистрации бренда">Китай</param>
				<param name="Гарантія">14 дней</param>
			</offer>
			<offer available="true" id="13404">
				<url>https://welcome-mobi.com.ua/shop/product/displey-Huawei-Y5-2018,Y5-Prime-2018,Honor-7A-with-touchscreen-white-SERVICE-orig</url>
				<price>668</price>
				<currencyId>UAH</currencyId>
				<categoryId>3244</categoryId>
				<picture>https://welcome-mobi.com.ua/uploads/shop/origin/102536_main_origin.jpg</picture>
				<delivery>true</delivery>
				<name_ua>Дисплей Huawei Y5 2018/Honor 7A/Honor 7S в зборі з сенсором white FULL orig</name_ua>
				<name>Дисплей Huawei Y5 2018/Honor 7A/Honor 7S в сборе с сенсором white FULL orig</name>
				<vendor>Huawei</vendor>
				<stock_quantity>1</stock_quantity>
				<param name="Совместимые модели">Huawei</param>
				<param name="Сумісність">Huawei</param>
				<param name="Клас якості">Original</param>
				<param name="Країна-виробник товару">Китай</param>
				<param name="Страна регистрации бренда">Китай</param>
				<param name="Гарантія">14 дней</param>
			</offer>
			<offer available="true" id="13518">
				<url>https://welcome-mobi.com.ua/shop/product/displey-Huawei-Y9-2019-with-touchscreen-black-SERVICE-orig</url>
				<price>1162</price>
				<currencyId>UAH</currencyId>
				<categoryId>3244</categoryId>
				<picture>https://welcome-mobi.com.ua/uploads/shop/origin/102624_main_origin.jpg</picture>
				<delivery>true</delivery>
				<name_ua>Дисплей Huawei Y9 2019/Enjoy 9 Plus в зборі з сенсором black FULL orig</name_ua>
				<name>Дисплей Huawei Y9 2019/Enjoy 9 Plus в сборе с сенсором black FULL orig</name>
				<vendor>Huawei</vendor>
				<stock_quantity>2</stock_quantity>
				<param name="Совместимые модели">Huawei</param>
				<param name="Сумісність">Huawei</param>
				<param name="Клас якості">Original</param>
				<param name="Країна-виробник товару">Китай</param>
				<param name="Страна регистрации бренда">Китай</param>
				<param name="Гарантія">14 дней</param>
			</offer>
			<offer available="true" id="14086">
				<url>https://welcome-mobi.com.ua/shop/product/displey-Huawei-Honor-8C-with-touchscreen-black-FULL-orig</url>
				<price>1202</price>
				<currencyId>UAH</currencyId>
				<categoryId>3244</categoryId>
				<picture>https://welcome-mobi.com.ua/uploads/shop/origin/103189_main_origin.jpg</picture>
				<delivery>true</delivery>
				<name_ua>Дисплей Huawei Honor 8C в зборі з сенсором black FULL orig</name_ua>
				<name>Дисплей Huawei Honor 8C в сборе с сенсором black FULL orig</name>
				<vendor>Huawei</vendor>
				<stock_quantity>1</stock_quantity>
				<param name="Совместимые модели">Huawei</param>
				<param name="Сумісність">Huawei</param>
				<param name="Клас якості">Original</param>
				<param name="Країна-виробник товару">Китай</param>
				<param name="Страна регистрации бренда">Китай</param>
				<param name="Гарантія">14 дней</param>
			</offer>
			<offer available="true" id="26783">
				<url>https://welcome-mobi.com.ua/shop/product/displey-Huawei-Nova-Y90,Enjoy-50-Pro-v-sbore-s-sensorom-black-FULL-orig</url>
				<price>1402</price>
				<currencyId>UAH</currencyId>
				<categoryId>3244</categoryId>
				<picture>https://welcome-mobi.com.ua/uploads/shop/origin/119372_main_origin.jpg</picture>
				<delivery>true</delivery>
				<name_ua>Дисплей Huawei Nova Y90/Enjoy 50 Pro в зборі з сенсором black FULL orig</name_ua>
				<name>Дисплей Huawei Nova Y90/Enjoy 50 Pro в сборе с сенсором black FULL orig</name>
				<vendor>Huawei</vendor>
				<stock_quantity>2</stock_quantity>
				<param name="Совместимые модели">Huawei</param>
				<param name="Сумісність">Huawei</param>
				<param name="Клас якості">Original</param>
				<param name="Країна-виробник товару">Китай</param>
				<param name="Страна регистрации бренда">Китай</param>
				<param name="Гарантія">14 дней</param>
			</offer>
			<offer available="true" id="18214">
				<url>https://welcome-mobi.com.ua/shop/product/displey-Huawei-P40--2020--with-touchscreen-and-frame-black-service-orig</url>
				<price>7121</price>
				<currencyId>UAH</currencyId>
				<categoryId>3244</categoryId>
				<picture>https://welcome-mobi.com.ua/uploads/shop/origin/107997_main_origin.jpg</picture>
				<delivery>true</delivery>
				<name_ua>Дисплей Huawei P40 2020 в зборі з сенсором, рамкою та АКБ black service orig</name_ua>
				<name>Дисплей Huawei P40 2020 в сборе с сенсором, рамкой и АКБ black service orig</name>
				<vendor>Huawei</vendor>
				<stock_quantity>1</stock_quantity>
				<param name="Совместимые модели">Huawei</param>
				<param name="Сумісність">Huawei</param>
				<param name="Клас якості">Original</param>
				<param name="Країна-виробник товару">Китай</param>
				<param name="Страна регистрации бренда">Китай</param>
				<param name="Гарантія">14 дней</param>
			</offer>
			<offer available="true" id="17549">
				<url>https://welcome-mobi.com.ua/shop/product/displey-Huawei-P-Smart-2021--PPA-LX2-,Honor-10X-Lite--DNN-LX9--with-touchscreen-black-FULL-orig</url>
				<price>1402</price>
				<currencyId>UAH</currencyId>
				<categoryId>3244</categoryId>
				<picture>https://welcome-mobi.com.ua/uploads/shop/origin/107340_main_origin.jpg</picture>
				<delivery>true</delivery>
				<name_ua>Дисплей Huawei P Smart 2021/Honor 10X Lite/Y7a в зборі з сенсором black FULL orig</name_ua>
				<name>Дисплей Huawei P Smart 2021/Honor 10X Lite/Y7a в сборе с сенсором black FULL orig</name>
				<vendor>Huawei</vendor>
				<stock_quantity>7</stock_quantity>
				<param name="Совместимые модели">Huawei</param>
				<param name="Сумісність">Huawei</param>
				<param name="Клас якості">Original</param>
				<param name="Країна-виробник товару">Китай</param>
				<param name="Страна регистрации бренда">Китай</param>
				<param name="Гарантія">14 дней</param>
			</offer>
			<offer available="true" id="17586">
				<url>https://welcome-mobi.com.ua/shop/product/displey-Huawei-Y5-2018-DRA-L21,Honor-7A-with-touchscreen,-frame-and-battery-black-service-orig</url>
				<price>2225</price>
				<currencyId>UAH</currencyId>
				<categoryId>3244</categoryId>
				<picture>https://welcome-mobi.com.ua/uploads/shop/origin/107398_main_origin.jpg</picture>
				<delivery>true</delivery>
				<name_ua>Дисплей Huawei Y5 2018/Honor 7A/Honor 7S в зборі з сенсором, рамкою та АКБ black service orig</name_ua>
				<name>Дисплей Huawei Y5 2018/Honor 7A/Honor 7S в сборе с сенсором, рамкой и АКБ black service orig</name>
				<vendor>Huawei</vendor>
				<stock_quantity>1</stock_quantity>
				<param name="Совместимые модели">Huawei</param>
				<param name="Сумісність">Huawei</param>
				<param name="Клас якості">Original</param>
				<param name="Країна-виробник товару">Китай</param>
				<param name="Страна регистрации бренда">Китай</param>
				<param name="Гарантія">14 дней</param>
			</offer>
			<offer available="true" id="14780">
				<url>https://welcome-mobi.com.ua/shop/product/displey-Samsung-SM-A307F-Galaxy-A30s--2019--black-with-touchscreen-and-frame-service-orig</url>
				<price>2885</price>
				<currencyId>UAH</currencyId>
				<categoryId>25</categoryId>
				<picture>https://welcome-mobi.com.ua/uploads/shop/origin/104266_main_origin.jpg</picture>
				<delivery>true</delivery>
				<name_ua>Дисплей Samsung SM-A307F Galaxy A30s (2019) в зборі з сенсором та рамкою black service orig</name_ua>
				<name>Дисплей Samsung SM-A307F Galaxy A30s (2019) в сборе с сенсором и рамкой black service orig</name>
				<vendor>Samsung</vendor>
				<stock_quantity>14</stock_quantity>
				<param name="Совместимые модели">Samsung</param>
				<param name="Сумісність">Samsung</param>
				<param name="Клас якості">Original</param>
				<param name="Країна-виробник товару">Китай</param>
				<param name="Страна регистрации бренда">Китай</param>
				<param name="Гарантія">14 дней</param>
			</offer>
			<offer available="true" id="15191">
				<url>https://welcome-mobi.com.ua/shop/product/displey-Samsung-SM-M315F-Galaxy-M31--2020--black-with-touchscreen-and-frame-service-orig</url>
				<price>2569</price>
				<currencyId>UAH</currencyId>
				<categoryId>25</categoryId>
				<picture>https://welcome-mobi.com.ua/uploads/shop/origin/104583_main_origin.jpg</picture>
				<delivery>true</delivery>
				<name_ua>Дисплей Samsung SM-M315/M217 Galaxy M31/M21s в зборі з сенсором та рамкою black service orig</name_ua>
				<name>Дисплей Samsung SM-M315/M217 Galaxy M31/M21s в сборе с сенсором и рамкой black service orig</name>
				<vendor>Samsung</vendor>
				<stock_quantity>3</stock_quantity>
				<param name="Совместимые модели">Samsung</param>
				<param name="Сумісність">Samsung</param>
				<param name="Клас якості">Original</param>
				<param name="Країна-виробник товару">Китай</param>
				<param name="Страна регистрации бренда">Китай</param>
				<param name="Гарантія">14 дней</param>
			</offer>
			<offer available="true" id="20784">
				<url>https://welcome-mobi.com.ua/shop/product/displey-Samsung-SM-A226-Galaxy-A22-5G-2021-v-sbore-s-sensorom-black-service-orig</url>
				<price>857</price>
				<currencyId>UAH</currencyId>
				<categoryId>25</categoryId>
				<picture>https://welcome-mobi.com.ua/uploads/shop/origin/111087_main_origin.jpg</picture>
				<delivery>true</delivery>
				<name_ua>Дисплей Samsung SM-A226 Galaxy A22 5G (2021) в зборі з сенсором black service orig</name_ua>
				<name>Дисплей Samsung SM-A226 Galaxy A22 5G (2021) в сборе с сенсором black service orig</name>
				<vendor>Samsung</vendor>
				<stock_quantity>6</stock_quantity>
				<param name="Совместимые модели">Samsung</param>
				<param name="Сумісність">Samsung</param>
				<param name="Клас якості">Original</param>
				<param name="Країна-виробник товару">Китай</param>
				<param name="Страна регистрации бренда">Китай</param>
				<param name="Гарантія">14 дней</param>
			</offer>
			<offer available="true" id="26501">
				<url>https://welcome-mobi.com.ua/shop/product/displey-Samsung-SM-S911-Galaxy-S23-5G--2023--v-sbore-s-sensorom-i-ramkoy-Phantom-Black-service-orig</url>
				<price>7279</price>
				<currencyId>UAH</currencyId>
				<categoryId>25</categoryId>
				<picture>https://welcome-mobi.com.ua/uploads/shop/origin/119091_main_origin.jpg</picture>
				<delivery>true</delivery>
				<name_ua>Дисплей Samsung SM-S911 Galaxy S23 5G (2023) в зборі з сенсором та рамкою Phantom Black service orig</name_ua>
				<name>Дисплей Samsung SM-S911 Galaxy S23 5G (2023) в сборе с сенсором и рамкой Phantom Black service orig</name>
				<vendor>Samsung</vendor>
				<stock_quantity>5</stock_quantity>
				<param name="Совместимые модели">Samsung</param>
				<param name="Сумісність">Samsung</param>
				<param name="Клас якості">Original</param>
				<param name="Країна-виробник товару">Китай</param>
				<param name="Страна регистрации бренда">Китай</param>
				<param name="Гарантія">14 дней</param>
			</offer>
			<offer available="true" id="26916">
				<url>https://welcome-mobi.com.ua/shop/product/displey-Samsung-SM-S918-Galaxy-S23-Ultra-5G--2023--v-sbore-s-sensorom-i-ramkoy-Lavender-Light-service-orig</url>
				<price>12260</price>
				<currencyId>UAH</currencyId>
				<categoryId>25</categoryId>
				<picture>https://welcome-mobi.com.ua/uploads/shop/origin/119491_main_origin.jpg</picture>
				<delivery>true</delivery>
				<name_ua>Дисплей Samsung SM-S918 Galaxy S23 Ultra 5G (2023) в зборі з сенсором та рамкою Lavender Light service orig</name_ua>
				<name>Дисплей Samsung SM-S918 Galaxy S23 Ultra 5G (2023) в сборе с сенсором и рамкой Lavender Light service orig</name>
				<vendor>Samsung</vendor>
				<stock_quantity>2</stock_quantity>
				<param name="Совместимые модели">Samsung</param>
				<param name="Сумісність">Samsung</param>
				<param name="Клас якості">Original</param>
				<param name="Країна-виробник товару">Китай</param>
				<param name="Страна регистрации бренда">Китай</param>
				<param name="Гарантія">14 дней</param>
			</offer>
			<offer available="true" id="20236">
				<url>https://welcome-mobi.com.ua/shop/product/displey-Samsung-SM-A013-Galaxy-A01-Core--2020--v-sbore-s-sensoromi-ramkoy-black-service-orig</url>
				<price>1379</price>
				<currencyId>UAH</currencyId>
				<categoryId>25</categoryId>
				<picture>https://welcome-mobi.com.ua/uploads/shop/origin/109895_main_origin.jpg</picture>
				<delivery>true</delivery>
				<name_ua>Дисплей Samsung SM-A013/SM-M013 Galaxy A01/M01 Core (2020) в зборі з сенсором та рамкою black service orig</name_ua>
				<name>Дисплей Samsung SM-A013/SM-M013 Galaxy A01/M01 Core (2020) в сборе с сенсором и рамкой black service orig</name>
				<vendor>Samsung</vendor>
				<stock_quantity>2</stock_quantity>
				<param name="Совместимые модели">Samsung</param>
				<param name="Сумісність">Samsung</param>
				<param name="Клас якості">Original</param>
				<param name="Країна-виробник товару">Китай</param>
				<param name="Страна регистрации бренда">Китай</param>
				<param name="Гарантія">14 дней</param>
			</offer>
			<offer available="true" id="20240">
				<url>https://welcome-mobi.com.ua/shop/product/displey-Samsung-SM-G780-Galaxy-S20-FE-4G-2020-v-sbore-s-sensorom-i-ramkoy-Cloud-Orange-service-orig</url>
				<price>4751</price>
				<currencyId>UAH</currencyId>
				<categoryId>25</categoryId>
				<picture>https://welcome-mobi.com.ua/uploads/shop/origin/109893_main_origin.jpg</picture>
				<delivery>true</delivery>
				<name_ua>Дисплей Samsung SM-G780 Galaxy S20 FE 4G (2020) в зборі з сенсором та рамкою Cloud Orange service orig</name_ua>
				<name>Дисплей Samsung SM-G780 Galaxy S20 FE 4G (2020) в сборе с сенсором и рамкой Cloud Orange service orig</name>
				<vendor>Samsung</vendor>
				<stock_quantity>2</stock_quantity>
				<param name="Совместимые модели">Samsung</param>
				<param name="Сумісність">Samsung</param>
				<param name="Клас якості">Original</param>
				<param name="Країна-виробник товару">Китай</param>
				<param name="Страна регистрации бренда">Китай</param>
				<param name="Гарантія">14 дней</param>
			</offer>
			<offer available="true" id="25960">
				<url>https://welcome-mobi.com.ua/shop/product/displey-Samsung-SM-A045-Galaxy-A04--2022--v-sbore-s-sensorom-i-ramkoy-black-service-orig</url>
				<price>2189</price>
				<currencyId>UAH</currencyId>
				<categoryId>25</categoryId>
				<picture>https://welcome-mobi.com.ua/uploads/shop/origin/118622_main_origin.jpg</picture>
				<picture>https://welcome-mobi.com.ua/uploads/shop/origin/118622_0.jpg</picture>
				<delivery>true</delivery>
				<name_ua>Дисплей Samsung SM-A045 Galaxy A04 (2022) в зборі з сенсором та рамкою black service orig</name_ua>
				<name>Дисплей Samsung SM-A045 Galaxy A04 (2022) в сборе с сенсором и рамкой black service orig</name>
				<vendor>Samsung</vendor>
				<stock_quantity>1</stock_quantity>
				<param name="Совместимые модели">Samsung</param>
				<param name="Сумісність">Samsung</param>
				<param name="Клас якості">Original</param>
				<param name="Країна-виробник товару">Китай</param>
				<param name="Страна регистрации бренда">Китай</param>
				<param name="Гарантія">14 дней</param>
			</offer>
			<offer available="true" id="21887">
				<url>https://welcome-mobi.com.ua/shop/product/displey-Samsung-SM-M526-Galaxy-M52-5G--2021--v-sbore-s-sensorom-i-ramkoy-black-service-orig</url>
				<price>4521</price>
				<currencyId>UAH</currencyId>
				<categoryId>25</categoryId>
				<picture>https://welcome-mobi.com.ua/uploads/shop/origin/113796_main_origin.jpg</picture>
				<delivery>true</delivery>
				<name_ua>Дисплей Samsung SM-M526 Galaxy M52 5G (2021) в зборі з сенсором та рамкою black service orig</name_ua>
				<name>Дисплей Samsung SM-M526 Galaxy M52 5G (2021) в сборе с сенсором и рамкой black service orig</name>
				<vendor>Samsung</vendor>
				<stock_quantity>2</stock_quantity>
				<param name="Совместимые модели">Samsung</param>
				<param name="Сумісність">Samsung</param>
				<param name="Клас якості">Original</param>
				<param name="Країна-виробник товару">Китай</param>
				<param name="Страна регистрации бренда">Китай</param>
				<param name="Гарантія">14 дней</param>
			</offer>
			<offer available="true" id="8863">
				<url>https://welcome-mobi.com.ua/shop/product/displey-Samsung-SM-A320F-Galaxy-A3--2017--black-with-touchscreen-service-orig</url>
				<price>2299</price>
				<currencyId>UAH</currencyId>
				<categoryId>25</categoryId>
				<picture>https://welcome-mobi.com.ua/uploads/shop/origin/29100_main_origin.jpg</picture>
				<delivery>true</delivery>
				<name_ua>Дисплей Samsung SM-A320F Galaxy A3 (2017) в зборі з сенсором black service orig</name_ua>
				<name>Дисплей Samsung SM-A320F Galaxy A3 (2017) в сборе с сенсором black service orig</name>
				<vendor>Samsung</vendor>
				<stock_quantity>2</stock_quantity>
				<description>&lt;![CDATA[Дисплейный модуль (LCD+touchscreen, экран, LCD) для Samsung SM-A320F Galaxy A3 (2017) – одна из основных комплектующих, благодаря которой, отображается цифровая, цифробуквенная или графическая информация на телефоне. Данная запчасть является одновременно дисплеем, сенсором и защитным стеклом, которые проклеены между собой прозрачным герметиком.  Простыми словами - монитор, на котором мы видим красочное изображение. Из-за хрупкости, данная деталь наиболее подвержена механическим повреждениям, в следствие чего экран приходиться менять. 
Дисплей Samsung SM-A320F Galaxy A3 (2017) поступает к нам из официальных авторизированных сервис-центров, поэтому модуль имеет Super Amoled матрицу, которая исключает возможность использования в копиях и даже в хай-копиях. Компания Welcome mobi гарантирует высокий предпродажный сервис и удобные условия сотрудничества.]]&gt;</description>
				<description_ua>&lt;![CDATA[]]&gt;</description_ua>
				<param name="Совместимые модели">Samsung</param>
				<param name="Сумісність">Samsung</param>
				<param name="Клас якості">Original</param>
				<param name="Країна-виробник товару">Китай</param>
				<param name="Страна регистрации бренда">Китай</param>
				<param name="Гарантія">14 дней</param>
			</offer>
			<offer available="true" id="14379">
				<url>https://welcome-mobi.com.ua/shop/product/displey-Samsung-SM-A405F-Galaxy-A40-black-with-touchscreen-service-orig</url>
				<price>3525</price>
				<currencyId>UAH</currencyId>
				<categoryId>25</categoryId>
				<picture>https://welcome-mobi.com.ua/uploads/shop/origin/103532_main_origin.jpg</picture>
				<delivery>true</delivery>
				<name_ua>Дисплей Samsung SM-A405F Galaxy A40 (2019) в зборі з сенсором та рамкою black service orig</name_ua>
				<name>Дисплей Samsung SM-A405F Galaxy A40 (2019) в сборе с сенсором и рамкой black service orig</name>
				<vendor>Samsung</vendor>
				<stock_quantity>3</stock_quantity>
				<param name="Совместимые модели">Samsung</param>
				<param name="Сумісність">Samsung</param>
				<param name="Клас якості">Original</param>
				<param name="Країна-виробник товару">Китай</param>
				<param name="Страна регистрации бренда">Китай</param>
				<param name="Гарантія">14 дней</param>
			</offer>
			<offer available="true" id="15273">
				<url>https://welcome-mobi.com.ua/shop/product/displey-Samsung-SM-A415F-Galaxy-A41--2020--black-with-touchscreen-service-orig</url>
				<price>3516</price>
				<currencyId>UAH</currencyId>
				<categoryId>25</categoryId>
				<picture>https://welcome-mobi.com.ua/uploads/shop/origin/104764_main_origin.jpg</picture>
				<delivery>true</delivery>
				<name_ua>Дисплей Samsung SM-A415F Galaxy A41 (2020) в зборі з сенсором та рамкою black service orig</name_ua>
				<name>Дисплей Samsung SM-A415F Galaxy A41 (2020) в сборе с сенсором и рамкой black service orig</name>
				<vendor>Samsung</vendor>
				<stock_quantity>4</stock_quantity>
				<param name="Совместимые модели">Samsung</param>
				<param name="Сумісність">Samsung</param>
				<param name="Клас якості">Original</param>
				<param name="Країна-виробник товару">Китай</param>
				<param name="Страна регистрации бренда">Китай</param>
				<param name="Гарантія">14 дней</param>
			</offer>
			<offer available="true" id="17314">
				<url>https://welcome-mobi.com.ua/shop/product/displey-Samsung-SM-A107-Galaxy-A10s--2019--black-with-touchscreen-and-frame-service-orig</url>
				<price>1992</price>
				<currencyId>UAH</currencyId>
				<categoryId>25</categoryId>
				<picture>https://welcome-mobi.com.ua/uploads/shop/origin/106967_main_origin.jpg</picture>
				<delivery>true</delivery>
				<name_ua>Дисплей Samsung SM-A107 Galaxy A10s (2019) в зборі з сенсором та рамкою black service orig</name_ua>
				<name>Дисплей Samsung SM-A107 Galaxy A10s (2019) в сборе с сенсором и рамкой black service orig</name>
				<vendor>Samsung</vendor>
				<stock_quantity>1</stock_quantity>
				<param name="Совместимые модели">Samsung</param>
				<param name="Сумісність">Samsung</param>
				<param name="Клас якості">Original</param>
				<param name="Країна-виробник товару">Китай</param>
				<param name="Страна регистрации бренда">Китай</param>
				<param name="Гарантія">14 дней</param>
			</offer>
			<offer available="true" id="17480">
				<url>https://welcome-mobi.com.ua/shop/product/displey-Samsung-SM-G991-Galaxy-S21-Phantom-White-with-touchscreen-and-frame-service-orig</url>
				<price>7088</price>
				<currencyId>UAH</currencyId>
				<categoryId>25</categoryId>
				<picture>https://welcome-mobi.com.ua/uploads/shop/origin/107114_main_origin.jpg</picture>
				<delivery>true</delivery>
				<name_ua>Дисплей Samsung SM-G991 Galaxy S21 в зборі з сенсором та рамкою Phantom White service orig</name_ua>
				<name>Дисплей Samsung SM-G991 Galaxy S21 в сборе с сенсором и рамкой Phantom White service orig</name>
				<vendor>Samsung</vendor>
				<stock_quantity>1</stock_quantity>
				<param name="Совместимые модели">Samsung</param>
				<param name="Сумісність">Samsung</param>
				<param name="Клас якості">Original</param>
				<param name="Країна-виробник товару">Китай</param>
				<param name="Страна регистрации бренда">Китай</param>
				<param name="Гарантія">14 дней</param>
			</offer>
			<offer available="true" id="26494">
				<url>https://welcome-mobi.com.ua/shop/product/displey-Samsung-SM-A145-Galaxy-A14-4G-2023-v-sbore-s-sensorom-black-service-orig</url>
				<price>1034</price>
				<currencyId>UAH</currencyId>
				<categoryId>25</categoryId>
				<picture>https://welcome-mobi.com.ua/uploads/shop/origin/119095_main_origin.jpg</picture>
				<picture>https://welcome-mobi.com.ua/uploads/shop/origin/119095_0.jpg</picture>
				<delivery>true</delivery>
				<name_ua>Дисплей Samsung SM-A145P/A145R Galaxy A14 4G 2023 в зборі з сенсором black service orig</name_ua>
				<name>Дисплей Samsung SM-A145P/A145R Galaxy A14 4G 2023 в сборе с сенсором black service orig</name>
				<vendor>Samsung</vendor>
				<stock_quantity>11</stock_quantity>
				<param name="Совместимые модели">Samsung</param>
				<param name="Сумісність">Samsung</param>
				<param name="Клас якості">Original</param>
				<param name="Країна-виробник товару">Китай</param>
				<param name="Страна регистрации бренда">Китай</param>
				<param name="Гарантія">14 дней</param>
			</offer>
			<offer available="true" id="13329">
				<url>https://welcome-mobi.com.ua/shop/product/displey-Samsung-SM-G570F,DS-J5-Prime-white-with-touchscreen-service-orig</url>
				<price>1379</price>
				<currencyId>UAH</currencyId>
				<categoryId>25</categoryId>
				<picture>https://welcome-mobi.com.ua/uploads/shop/origin/102464_main_origin.jpg</picture>
				<delivery>true</delivery>
				<name_ua>Дисплей Samsung SM-G570F Galaxy J5 Prime (2016) в зборі з сенсором white service orig</name_ua>
				<name>Дисплей Samsung SM-G570F Galaxy J5 Prime (2016) в сборе с сенсором white service orig</name>
				<vendor>Samsung</vendor>
				<stock_quantity>1</stock_quantity>
				<param name="Совместимые модели">Samsung</param>
				<param name="Сумісність">Samsung</param>
				<param name="Клас якості">Original</param>
				<param name="Країна-виробник товару">Китай</param>
				<param name="Страна регистрации бренда">Китай</param>
				<param name="Гарантія">14 дней</param>
			</offer>
			<offer available="true" id="14388">
				<url>https://welcome-mobi.com.ua/shop/product/displey-Samsung-SM-G973FD-Galaxy-S10-black-with-touchscreen-and-frame-service-orig</url>
				<price>9578</price>
				<currencyId>UAH</currencyId>
				<categoryId>25</categoryId>
				<picture>https://welcome-mobi.com.ua/uploads/shop/origin/103540_main_origin.jpg</picture>
				<delivery>true</delivery>
				<name_ua>Дисплей Samsung SM-G973FD Galaxy S10 в зборі з сенсором та рамкою Prism Black service orig</name_ua>
				<name>Дисплей Samsung SM-G973FD Galaxy S10 в сборе с сенсором и рамкой Prism Black service orig</name>
				<vendor>Samsung</vendor>
				<stock_quantity>3</stock_quantity>
				<param name="Совместимые модели">Samsung</param>
				<param name="Сумісність">Samsung</param>
				<param name="Клас якості">Original</param>
				<param name="Країна-виробник товару">Китай</param>
				<param name="Страна регистрации бренда">Китай</param>
				<param name="Гарантія">14 дней</param>
			</offer>
			<offer available="true" id="15215">
				<url>https://welcome-mobi.com.ua/shop/product/displey-Samsung-SM-M307F-Galaxy-M30s--2019--black-with-touchscreen-service-orig</url>
				<price>7279</price>
				<currencyId>UAH</currencyId>
				<categoryId>25</categoryId>
				<picture>https://welcome-mobi.com.ua/uploads/shop/origin/104701_main_origin.jpg</picture>
				<delivery>true</delivery>
				<name_ua>Дисплей Samsung SM-N770 Galaxy Note 10 Lite в зборі з сенсором та рамкою Aura Black service orig</name_ua>
				<name>Дисплей Samsung SM-N770 Galaxy Note 10 Lite в сборе с сенсором и рамкой Aura Black service orig</name>
				<vendor>Samsung</vendor>
				<stock_quantity>2</stock_quantity>
				<param name="Совместимые модели">Samsung</param>
				<param name="Сумісність">Samsung</param>
				<param name="Клас якості">Original</param>
				<param name="Країна-виробник товару">Китай</param>
				<param name="Страна регистрации бренда">Китай</param>
				<param name="Гарантія">14 дней</param>
			</offer>
			<offer available="true" id="17477">
				<url>https://welcome-mobi.com.ua/shop/product/displey-Samsung-SM-G991-Galaxy-S21-Phantom-Grey-with-touchscreen-and-frame-service-orig</url>
				<price>7663</price>
				<currencyId>UAH</currencyId>
				<categoryId>25</categoryId>
				<picture>https://welcome-mobi.com.ua/uploads/shop/origin/107117_main_origin.jpg</picture>
				<delivery>true</delivery>
				<name_ua>Дисплей Samsung SM-G991 Galaxy S21 в зборі з сенсором та рамкою Phantom Grey service orig</name_ua>
				<name>Дисплей Samsung SM-G991 Galaxy S21 в сборе с сенсором и рамкой Phantom Grey service orig</name>
				<vendor>Samsung</vendor>
				<stock_quantity>4</stock_quantity>
				<param name="Совместимые модели">Samsung</param>
				<param name="Сумісність">Samsung</param>
				<param name="Клас якості">Original</param>
				<param name="Країна-виробник товару">Китай</param>
				<param name="Страна регистрации бренда">Китай</param>
				<param name="Гарантія">14 дней</param>
			</offer>
			<offer available="true" id="20066">
				<url>https://welcome-mobi.com.ua/shop/product/displey-Samsung-SM-G970F-Galaxy-S10e-v-sbore-s-sensorom-i-ramkoy-Prism-Green-service-orig</url>
				<price>7279</price>
				<currencyId>UAH</currencyId>
				<categoryId>25</categoryId>
				<picture>https://welcome-mobi.com.ua/uploads/shop/origin/109795_main_origin.jpg</picture>
				<delivery>true</delivery>
				<name_ua>Дисплей Samsung SM-G970F Galaxy S10e в зборі з сенсором та рамкою Prism Green service orig</name_ua>
				<name>Дисплей Samsung SM-G970F Galaxy S10e в сборе с сенсором и рамкой Prism Green service orig</name>
				<vendor>Samsung</vendor>
				<stock_quantity>1</stock_quantity>
				<param name="Совместимые модели">Samsung</param>
				<param name="Сумісність">Samsung</param>
				<param name="Клас якості">Original</param>
				<param name="Країна-виробник товару">Китай</param>
				<param name="Страна регистрации бренда">Китай</param>
				<param name="Гарантія">14 дней</param>
			</offer>
			<offer available="true" id="19609">
				<url>https://welcome-mobi.com.ua/shop/product/displey-Samsung-SM-A015-Galaxy-A01-v-sbore-s-sensorom-i-ramkoy-black-service-orig--uzkiy-konnektor-</url>
				<price>1264</price>
				<currencyId>UAH</currencyId>
				<categoryId>25</categoryId>
				<picture>https://welcome-mobi.com.ua/uploads/shop/origin/109360_main_origin.jpg</picture>
				<delivery>true</delivery>
				<name_ua>Дисплей Samsung SM-A015 Galaxy A01 (2020) в зборі з сенсором та рамкою black service orig (вузький конектор)</name_ua>
				<name>Дисплей Samsung SM-A015 Galaxy A01 (2020) в сборе с сенсором и рамкой black service orig (узкий коннектор)</name>
				<vendor>Samsung</vendor>
				<stock_quantity>2</stock_quantity>
				<param name="Совместимые модели">Samsung</param>
				<param name="Сумісність">Samsung</param>
				<param name="Клас якості">Original</param>
				<param name="Країна-виробник товару">Китай</param>
				<param name="Страна регистрации бренда">Китай</param>
				<param name="Гарантія">14 дней</param>
			</offer>
			<offer available="true" id="23510">
				<url>https://welcome-mobi.com.ua/shop/product/displey-Samsung-SM-A336-Galaxy-A33-5G--2022--v-sbore-s-sensorom-i-ramkoy-blue-service-orig</url>
				<price>3831</price>
				<currencyId>UAH</currencyId>
				<categoryId>25</categoryId>
				<picture>https://welcome-mobi.com.ua/uploads/shop/origin/115928_main_origin.jpg</picture>
				<delivery>true</delivery>
				<name_ua>Дисплей Samsung SM-A336 Galaxy A33 5G (2022) в зборі з сенсором та рамкою blue service orig</name_ua>
				<name>Дисплей Samsung SM-A336 Galaxy A33 5G (2022) в сборе с сенсором и рамкой blue service orig</name>
				<vendor>Samsung</vendor>
				<stock_quantity>2</stock_quantity>
				<param name="Совместимые модели">Samsung</param>
				<param name="Сумісність">Samsung</param>
				<param name="Клас якості">Original</param>
				<param name="Країна-виробник товару">Китай</param>
				<param name="Страна регистрации бренда">Китай</param>
				<param name="Гарантія">14 дней</param>
			</offer>
			<offer available="true" id="25959">
				<url>https://welcome-mobi.com.ua/shop/product/displey-Samsung-SM-A042-Galaxy-A04e--2022--v-sbore-s-sensorom-black-service-orig</url>
				<price>766</price>
				<currencyId>UAH</currencyId>
				<categoryId>25</categoryId>
				<picture>https://welcome-mobi.com.ua/uploads/shop/origin/118624_main_origin.jpg</picture>
				<delivery>true</delivery>
				<name_ua>Дисплей Samsung SM-A042/M045 Galaxy A04e/M04 2022 в зборі з сенсором black service orig</name_ua>
				<name>Дисплей Samsung SM-A042/M045 Galaxy A04e/M04 2022 в сборе с сенсором black service orig</name>
				<vendor>Samsung</vendor>
				<stock_quantity>3</stock_quantity>
				<param name="Совместимые модели">Samsung</param>
				<param name="Сумісність">Samsung</param>
				<param name="Клас якості">Original</param>
				<param name="Країна-виробник товару">Китай</param>
				<param name="Страна регистрации бренда">Китай</param>
				<param name="Гарантія">14 дней</param>
			</offer>
			<offer available="true" id="26901">
				<url>https://welcome-mobi.com.ua/shop/product/displey-Samsung-SM-A346-Galaxy-A34-5G--2023--v-sbore-s-sensorom-i-ramkoy-black-service-orig</url>
				<price>3946</price>
				<currencyId>UAH</currencyId>
				<categoryId>25</categoryId>
				<picture>https://welcome-mobi.com.ua/uploads/shop/origin/119501_main_origin.jpg</picture>
				<delivery>true</delivery>
				<name_ua>Дисплей Samsung SM-A346 Galaxy A34 5G (2023) в зборі з сенсором та рамкою Awesome Graphite service orig</name_ua>
				<name>Дисплей Samsung SM-A346 Galaxy A34 5G (2023) в сборе с сенсором и рамкой Awesome Graphite service orig</name>
				<vendor>Samsung</vendor>
				<stock_quantity>2</stock_quantity>
				<param name="Совместимые модели">Samsung</param>
				<param name="Сумісність">Samsung</param>
				<param name="Клас якості">Original</param>
				<param name="Країна-виробник товару">Китай</param>
				<param name="Страна регистрации бренда">Китай</param>
				<param name="Гарантія">14 дней</param>
			</offer>
			<offer available="true" id="20849">
				<url>https://welcome-mobi.com.ua/shop/product/displey-Samsung-SM-A127-Galaxy-A12--2021--v-sbore-s-sensorom-i-ramkoy-black-service-orig</url>
				<price>2028</price>
				<currencyId>UAH</currencyId>
				<categoryId>25</categoryId>
				<picture>https://welcome-mobi.com.ua/uploads/shop/origin/111200_main_origin.jpg</picture>
				<delivery>true</delivery>
				<name_ua>Дисплей Samsung SM-A127 Galaxy A12 (2021) в зборі з сенсором та рамкою black service orig</name_ua>
				<name>Дисплей Samsung SM-A127 Galaxy A12 (2021) в сборе с сенсором и рамкой black service orig</name>
				<vendor>Samsung</vendor>
				<stock_quantity>3</stock_quantity>
				<param name="Совместимые модели">Samsung</param>
				<param name="Сумісність">Samsung</param>
				<param name="Клас якості">Original</param>
				<param name="Країна-виробник товару">Китай</param>
				<param name="Страна регистрации бренда">Китай</param>
				<param name="Гарантія">14 дней</param>
			</offer>
			<offer available="true" id="24554">
				<url>https://welcome-mobi.com.ua/shop/product/displey-Samsung-SM-A137-Galaxy-A13--2022--v-sbore-s-sensorom-i-ramkoy-black-service-orig</url>
				<price>2184</price>
				<currencyId>UAH</currencyId>
				<categoryId>25</categoryId>
				<picture>https://welcome-mobi.com.ua/uploads/shop/origin/117239_main_origin.jpg</picture>
				<delivery>true</delivery>
				<name_ua>Дисплей Samsung SM-A137 Galaxy A13 (2022) в зборі з сенсором та рамкою black service orig</name_ua>
				<name>Дисплей Samsung SM-A137 Galaxy A13 (2022) в сборе с сенсором и рамкой black service orig</name>
				<vendor>Samsung</vendor>
				<stock_quantity>1</stock_quantity>
				<param name="Совместимые модели">Samsung</param>
				<param name="Сумісність">Samsung</param>
				<param name="Клас якості">Original</param>
				<param name="Країна-виробник товару">Китай</param>
				<param name="Страна регистрации бренда">Китай</param>
				<param name="Гарантія">14 дней</param>
			</offer>
			<offer available="true" id="24296">
				<url>https://welcome-mobi.com.ua/shop/product/displey-Samsung-SM-A336-Galaxy-A33-5G--2022--v-sbore-s-sensorom-i-ramkoy-Peach-Gold-service-orig</url>
				<price>3781</price>
				<currencyId>UAH</currencyId>
				<categoryId>25</categoryId>
				<picture>https://welcome-mobi.com.ua/uploads/shop/origin/116719_main_origin.jpg</picture>
				<delivery>true</delivery>
				<name_ua>Дисплей Samsung SM-A336 Galaxy A33 5G (2022) в зборі з сенсором та рамкою Peach Gold service orig</name_ua>
				<name>Дисплей Samsung SM-A336 Galaxy A33 5G (2022) в сборе с сенсором и рамкой Peach Gold service orig</name>
				<vendor>Samsung</vendor>
				<stock_quantity>4</stock_quantity>
				<param name="Совместимые модели">Samsung</param>
				<param name="Сумісність">Samsung</param>
				<param name="Клас якості">Original</param>
				<param name="Країна-виробник товару">Китай</param>
				<param name="Страна регистрации бренда">Китай</param>
				<param name="Гарантія">14 дней</param>
			</offer>
			<offer available="true" id="26495">
				<url>https://welcome-mobi.com.ua/shop/product/displey-Samsung-SM-A736-Galaxy-A73-5G--2022--v-sbore-s-sensorom-Awesome-Gray-service-orig</url>
				<price>4214</price>
				<currencyId>UAH</currencyId>
				<categoryId>25</categoryId>
				<picture>https://welcome-mobi.com.ua/uploads/shop/origin/119092_main_origin.jpg</picture>
				<delivery>true</delivery>
				<name_ua>Дисплей Samsung SM-A736 Galaxy A73 5G (2022) в зборі з сенсором Awesome Gray service orig</name_ua>
				<name>Дисплей Samsung SM-A736 Galaxy A73 5G (2022) в сборе с сенсором Awesome Gray service orig</name>
				<vendor>Samsung</vendor>
				<stock_quantity>1</stock_quantity>
				<param name="Совместимые модели">Samsung</param>
				<param name="Сумісність">Samsung</param>
				<param name="Клас якості">Original</param>
				<param name="Країна-виробник товару">Китай</param>
				<param name="Страна регистрации бренда">Китай</param>
				<param name="Гарантія">14 дней</param>
			</offer>
			<offer available="true" id="26917">
				<url>https://welcome-mobi.com.ua/shop/product/displey-Samsung-SM-S918-Galaxy-S23-Ultra-5G--2023--v-sbore-s-sensorom-i-ramkoy-Light-Blue-service-orig</url>
				<price>12260</price>
				<currencyId>UAH</currencyId>
				<categoryId>25</categoryId>
				<picture>https://welcome-mobi.com.ua/uploads/shop/origin/119489_main_origin.jpg</picture>
				<delivery>true</delivery>
				<name_ua>Дисплей Samsung SM-S918 Galaxy S23 Ultra 5G (2023) в зборі з сенсором та рамкою Light Blue/Light Green service orig</name_ua>
				<name>Дисплей Samsung SM-S918 Galaxy S23 Ultra 5G (2023) в сборе с сенсором и рамкой Light Blue/Light Green service orig</name>
				<vendor>Samsung</vendor>
				<stock_quantity>1</stock_quantity>
				<param name="Совместимые модели">Samsung</param>
				<param name="Сумісність">Samsung</param>
				<param name="Клас якості">Original</param>
				<param name="Країна-виробник товару">Китай</param>
				<param name="Страна регистрации бренда">Китай</param>
				<param name="Гарантія">14 дней</param>
			</offer>
			<offer available="true" id="10082">
				<url>https://welcome-mobi.com.ua/shop/product/displey-Samsung-SM-G950FD-Galaxy-S8-gold-with-touchscreen-service-orig</url>
				<price>7471</price>
				<currencyId>UAH</currencyId>
				<categoryId>25</categoryId>
				<picture>https://welcome-mobi.com.ua/uploads/shop/origin/64979_main_origin.jpg</picture>
				<delivery>true</delivery>
				<name_ua>Дисплей Samsung SM-G950FD Galaxy S8 в зборі з сенсором та рамкою Maple Gold service orig</name_ua>
				<name>Дисплей Samsung SM-G950FD Galaxy S8 в сборе с сенсором и рамкой Maple Gold service orig</name>
				<vendor>Samsung</vendor>
				<stock_quantity>2</stock_quantity>
				<description>&lt;![CDATA[Дисплейный модуль (LCD+touchscreen, экран, LCD) для Samsung SM-G950FD Galaxy S8 – одна из основных комплектующих, благодаря которой, отображается цифровая, цифробуквенная или графическая информация на телефоне. Данная запчасть является одновременно дисплеем, сенсором и защитным стеклом, которые проклеены между собой прозрачным герметиком.  Простыми словами - монитор, на котором мы видим красочное изображение. Из-за хрупкости, данная деталь наиболее подвержена механическим повреждениям, в следствие чего экран приходиться менять. 
Дисплей Samsung SM-G950FD Galaxy S8 поступает к нам из официальных авторизированных сервис-центров, поэтому модуль имеет Super Amoled матрицу, которая исключает возможность использования в копиях и даже в хай-копиях. Компания Welcome mobi гарантирует высокий предпродажный сервис и удобные условия сотрудничества.]]&gt;</description>
				<description_ua>&lt;![CDATA[]]&gt;</description_ua>
				<param name="Совместимые модели">Samsung</param>
				<param name="Сумісність">Samsung</param>
				<param name="Клас якості">Original</param>
				<param name="Країна-виробник товару">Китай</param>
				<param name="Страна регистрации бренда">Китай</param>
				<param name="Гарантія">14 дней</param>
			</offer>
			<offer available="true" id="12868">
				<url>https://welcome-mobi.com.ua/shop/product/displey-Samsung-SM-G965FD-Galaxy-S9+-lilac-purple-with-touchscreen-and-frame-service-orig</url>
				<price>8774</price>
				<currencyId>UAH</currencyId>
				<categoryId>25</categoryId>
				<picture>https://welcome-mobi.com.ua/uploads/shop/origin/101926_main_origin.jpg</picture>
				<delivery>true</delivery>
				<name_ua>Дисплей Samsung SM-G965FD Galaxy S9 Plus в зборі з сенсором та рамкою Lilac Purple service orig</name_ua>
				<name>Дисплей Samsung SM-G965FD Galaxy S9 Plus в сборе с сенсором и рамкой Lilac Purple service orig</name>
				<vendor>Samsung</vendor>
				<stock_quantity>1</stock_quantity>
				<param name="Совместимые модели">Samsung</param>
				<param name="Сумісність">Samsung</param>
				<param name="Клас якості">Original</param>
				<param name="Країна-виробник товару">Китай</param>
				<param name="Страна регистрации бренда">Китай</param>
				<param name="Гарантія">14 дней</param>
			</offer>
			<offer available="true" id="14648">
				<url>https://welcome-mobi.com.ua/shop/product/displey-Samsung-SM-G960FD-Galaxy-S9-Sunrise-Gold-with-touchscreen-and-frame-service-orig</url>
				<price>7873</price>
				<currencyId>UAH</currencyId>
				<categoryId>25</categoryId>
				<picture>https://welcome-mobi.com.ua/uploads/shop/origin/104130_main_origin.jpg</picture>
				<delivery>true</delivery>
				<name_ua>Дисплей Samsung SM-G960FD Galaxy S9 в зборі з сенсором та рамкою Sunrise Gold service orig</name_ua>
				<name>Дисплей Samsung SM-G960FD Galaxy S9 в сборе с сенсором и рамкой Sunrise Gold service orig</name>
				<vendor>Samsung</vendor>
				<stock_quantity>1</stock_quantity>
				<param name="Совместимые модели">Samsung</param>
				<param name="Сумісність">Samsung</param>
				<param name="Клас якості">Original</param>
				<param name="Країна-виробник товару">Китай</param>
				<param name="Страна регистрации бренда">Китай</param>
				<param name="Гарантія">14 дней</param>
			</offer>
			<offer available="true" id="25772">
				<url>https://welcome-mobi.com.ua/shop/product/displey-Samsung-SM-A022,M022,M127-Galaxy-A02,M02,M12--2021--v-sbore-s-sensorom-black-service-orig--M127F-Rev0.1-</url>
				<price>766</price>
				<currencyId>UAH</currencyId>
				<categoryId>25</categoryId>
				<picture>https://welcome-mobi.com.ua/uploads/shop/origin/118409_main_origin.jpg</picture>
				<delivery>true</delivery>
				<name_ua>Дисплей Samsung SM-A022/M022/M127 Galaxy A02/M02/M12 (2021) в зборі з сенсором black service orig (M127F Rev0.1)</name_ua>
				<name>Дисплей Samsung SM-A022/M022/M127 Galaxy A02/M02/M12 (2021) в сборе с сенсором black service orig (M127F Rev0.1)</name>
				<vendor>Samsung</vendor>
				<stock_quantity>3</stock_quantity>
				<param name="Совместимые модели">Samsung</param>
				<param name="Сумісність">Samsung</param>
				<param name="Клас якості">Original</param>
				<param name="Країна-виробник товару">Китай</param>
				<param name="Страна регистрации бренда">Китай</param>
				<param name="Гарантія">14 дней</param>
			</offer>
			<offer available="true" id="26490">
				<url>https://welcome-mobi.com.ua/shop/product/displey-Samsung-SM-A042-Galaxy-A04e--2022--v-sbore-s-sensorom-i-ramkoy-black-service-orig</url>
				<price>2682</price>
				<currencyId>UAH</currencyId>
				<categoryId>25</categoryId>
				<picture>https://welcome-mobi.com.ua/uploads/shop/origin/119098_main_origin.jpg</picture>
				<picture>https://welcome-mobi.com.ua/uploads/shop/origin/119098_0.jpg</picture>
				<delivery>true</delivery>
				<name_ua>Дисплей Samsung SM-A042 Galaxy A04e (2022) в зборі з сенсором та рамкою black service orig</name_ua>
				<name>Дисплей Samsung SM-A042 Galaxy A04e (2022) в сборе с сенсором и рамкой black service orig</name>
				<vendor>Samsung</vendor>
				<stock_quantity>3</stock_quantity>
				<param name="Совместимые модели">Samsung</param>
				<param name="Сумісність">Samsung</param>
				<param name="Клас якості">Original</param>
				<param name="Країна-виробник товару">Китай</param>
				<param name="Страна регистрации бренда">Китай</param>
				<param name="Гарантія">14 дней</param>
			</offer>
			<offer available="true" id="10672">
				<url>https://welcome-mobi.com.ua/shop/product/displey-Samsung-SM-J730F-Galaxy-J7--2017--black-with-touchscreen-service-orig</url>
				<price>3946</price>
				<currencyId>UAH</currencyId>
				<categoryId>25</categoryId>
				<picture>https://welcome-mobi.com.ua/uploads/shop/origin/74866_main_origin.jpg</picture>
				<delivery>true</delivery>
				<name_ua>Дисплей Samsung SM-J730F Galaxy J7 (2017) в зборі з сенсором black service orig</name_ua>
				<name>Дисплей Samsung SM-J730F Galaxy J7 (2017) в сборе с сенсором black service orig</name>
				<vendor>Samsung</vendor>
				<stock_quantity>2</stock_quantity>
				<description>&lt;![CDATA[Дисплейный модуль (LCD+touchscreen, экран, LCD) для Samsung SM-J730H Galaxy J7 (2017) – одна из основных комплектующих, благодаря которой, отображается цифровая, цифробуквенная или графическая информация на телефоне. Данная запчасть является одновременно дисплеем, сенсором и защитным стеклом, которые проклеены между собой прозрачным герметиком.  Простыми словами - монитор, на котором мы видим красочное изображение. Из-за хрупкости, данная деталь наиболее подвержена механическим повреждениям, в следствие чего экран приходиться менять. 
Дисплей Samsung SM-J730H Galaxy J7 (2017) поступает к нам из официальных авторизированных сервис-центров, поэтому модуль имеет Super Amoled матрицу, которая исключает возможность использования в копиях и даже в хай-копиях. Компания Welcome mobi гарантирует высокий предпродажный сервис и удобные условия сотрудничества.]]&gt;</description>
				<description_ua>&lt;![CDATA[]]&gt;</description_ua>
				<param name="Совместимые модели">Samsung</param>
				<param name="Сумісність">Samsung</param>
				<param name="Клас якості">Original</param>
				<param name="Країна-виробник товару">Китай</param>
				<param name="Страна регистрации бренда">Китай</param>
				<param name="Гарантія">14 дней</param>
			</offer>
			<offer available="true" id="15793">
				<url>https://welcome-mobi.com.ua/shop/product/displey-Samsung-SM-G985F,G986-Galaxy-S20+-4G,5G-Cosmic-Grey-with-touchscreen-and-frame-service-orig</url>
				<price>9961</price>
				<currencyId>UAH</currencyId>
				<categoryId>25</categoryId>
				<picture>https://welcome-mobi.com.ua/uploads/shop/origin/105282_main_origin.jpg</picture>
				<delivery>true</delivery>
				<name_ua>Дисплей Samsung SM-G985/G986 Galaxy S20+ 4G/5G в зборі з сенсором та рамкою Cosmic Gray service orig</name_ua>
				<name>Дисплей Samsung SM-G985/G986 Galaxy S20+ 4G/5G в сборе с сенсором и рамкой Cosmic Gray service orig</name>
				<vendor>Samsung</vendor>
				<stock_quantity>5</stock_quantity>
				<param name="Совместимые модели">Samsung</param>
				<param name="Сумісність">Samsung</param>
				<param name="Клас якості">Original</param>
				<param name="Країна-виробник товару">Китай</param>
				<param name="Страна регистрации бренда">Китай</param>
				<param name="Гарантія">14 дней</param>
			</offer>
			<offer available="true" id="20526">
				<url>https://welcome-mobi.com.ua/shop/product/displey-Samsung-SM-M105-Galaxy-M10-2019-v-sbore-s-sensorom-i-ramkoy-black-service-orig</url>
				<price>2184</price>
				<currencyId>UAH</currencyId>
				<categoryId>25</categoryId>
				<picture>https://welcome-mobi.com.ua/uploads/shop/origin/110238_main_origin.jpg</picture>
				<delivery>true</delivery>
				<name_ua>Дисплей Samsung SM-M105 Galaxy M10 2019 в зборі з сенсором та рамкою black service orig</name_ua>
				<name>Дисплей Samsung SM-M105 Galaxy M10 2019 в сборе с сенсором и рамкой black service orig</name>
				<vendor>Samsung</vendor>
				<stock_quantity>3</stock_quantity>
				<param name="Совместимые модели">Samsung</param>
				<param name="Сумісність">Samsung</param>
				<param name="Клас якості">Original</param>
				<param name="Країна-виробник товару">Китай</param>
				<param name="Страна регистрации бренда">Китай</param>
				<param name="Гарантія">14 дней</param>
			</offer>
			<offer available="true" id="20530">
				<url>https://welcome-mobi.com.ua/shop/product/displey-Samsung-SM-A125-Galaxy-A12-2020-v-sbore-s-sensorom-i-ramkoy-black-service-orig</url>
				<price>1947</price>
				<currencyId>UAH</currencyId>
				<categoryId>25</categoryId>
				<picture>https://welcome-mobi.com.ua/uploads/shop/origin/110175_main_origin.jpg</picture>
				<delivery>true</delivery>
				<name_ua>Дисплей Samsung SM-A125/M125 Galaxy A12/M12 (2020) в зборі з сенсором та рамкою black service orig</name_ua>
				<name>Дисплей Samsung SM-A125/M125 Galaxy A12/M12 (2020) в сборе с сенсором и рамкой black service orig</name>
				<vendor>Samsung</vendor>
				<stock_quantity>6</stock_quantity>
				<param name="Совместимые модели">Samsung</param>
				<param name="Сумісність">Samsung</param>
				<param name="Клас якості">Original</param>
				<param name="Країна-виробник товару">Китай</param>
				<param name="Страна регистрации бренда">Китай</param>
				<param name="Гарантія">14 дней</param>
			</offer>
			<offer available="true" id="20533">
				<url>https://welcome-mobi.com.ua/shop/product/displey-Samsung-SM-A725-Galaxy-A72-4G--2021--v-sbore-s-sensorom-i-ramkoy-white-service-orig</url>
				<price>3696</price>
				<currencyId>UAH</currencyId>
				<categoryId>25</categoryId>
				<picture>https://welcome-mobi.com.ua/uploads/shop/origin/110177_main_origin.jpg</picture>
				<delivery>true</delivery>
				<name_ua>Дисплей Samsung SM-A725 Galaxy A72 4G (2021) в зборі з сенсором та рамкою white service orig</name_ua>
				<name>Дисплей Samsung SM-A725 Galaxy A72 4G (2021) в сборе с сенсором и рамкой white service orig</name>
				<vendor>Samsung</vendor>
				<stock_quantity>4</stock_quantity>
				<param name="Совместимые модели">Samsung</param>
				<param name="Сумісність">Samsung</param>
				<param name="Клас якості">Original</param>
				<param name="Країна-виробник товару">Китай</param>
				<param name="Страна регистрации бренда">Китай</param>
				<param name="Гарантія">14 дней</param>
			</offer>
			<offer available="true" id="23514">
				<url>https://welcome-mobi.com.ua/shop/product/displey-Samsung-SM-A736-Galaxy-A73-5G--2022--v-sbore-s-sensorom-i-ramkoy-black-service-orig</url>
				<price>5440</price>
				<currencyId>UAH</currencyId>
				<categoryId>25</categoryId>
				<picture>https://welcome-mobi.com.ua/uploads/shop/origin/115932_main_origin.jpg</picture>
				<delivery>true</delivery>
				<name_ua>Дисплей Samsung SM-A736 Galaxy A73 5G (2022) в зборі з сенсором та рамкою Awesome Gray service orig</name_ua>
				<name>Дисплей Samsung SM-A736 Galaxy A73 5G (2022) в сборе с сенсором и рамкой Awesome Gray service orig</name>
				<vendor>Samsung</vendor>
				<stock_quantity>2</stock_quantity>
				<param name="Совместимые модели">Samsung</param>
				<param name="Сумісність">Samsung</param>
				<param name="Клас якості">Original</param>
				<param name="Країна-виробник товару">Китай</param>
				<param name="Страна регистрации бренда">Китай</param>
				<param name="Гарантія">14 дней</param>
			</offer>
			<offer available="true" id="26496">
				<url>https://welcome-mobi.com.ua/shop/product/displey-Samsung-SM-G980,G981-Galaxy-S20-4G,5G-v-sbore-s-sensorom-Cosmic-Gray--service-orig</url>
				<price>8812</price>
				<currencyId>UAH</currencyId>
				<categoryId>25</categoryId>
				<picture>https://welcome-mobi.com.ua/uploads/shop/origin/119097_main_origin.jpg</picture>
				<picture>https://welcome-mobi.com.ua/uploads/shop/origin/119097_0.jpg</picture>
				<delivery>true</delivery>
				<name_ua>Дисплей Samsung SM-G980/G981 Galaxy S20 4G/5G в зборі з сенсором Cosmic Gray service orig</name_ua>
				<name>Дисплей Samsung SM-G980/G981 Galaxy S20 4G/5G в сборе с сенсором Cosmic Gray service orig</name>
				<vendor>Samsung</vendor>
				<stock_quantity>5</stock_quantity>
				<param name="Совместимые модели">Samsung</param>
				<param name="Сумісність">Samsung</param>
				<param name="Клас якості">Original</param>
				<param name="Країна-виробник товару">Китай</param>
				<param name="Страна регистрации бренда">Китай</param>
				<param name="Гарантія">14 дней</param>
			</offer>
			<offer available="true" id="22747">
				<url>https://welcome-mobi.com.ua/shop/product/displey-Samsung-SM-G770-Galaxy-S10-Lite--2020--v-sbore-s-sensorom-i-ramkoy-black-service-orig</url>
				<price>6130</price>
				<currencyId>UAH</currencyId>
				<categoryId>25</categoryId>
				<picture>https://welcome-mobi.com.ua/uploads/shop/origin/115190_main_origin.jpg</picture>
				<delivery>true</delivery>
				<name_ua>Дисплей Samsung SM-G770 Galaxy S10 Lite (2020) в зборі з сенсором та рамкою black service orig</name_ua>
				<name>Дисплей Samsung SM-G770 Galaxy S10 Lite (2020) в сборе с сенсором и рамкой black service orig</name>
				<vendor>Samsung</vendor>
				<stock_quantity>2</stock_quantity>
				<param name="Совместимые модели">Samsung</param>
				<param name="Сумісність">Samsung</param>
				<param name="Клас якості">Original</param>
				<param name="Країна-виробник товару">Китай</param>
				<param name="Страна регистрации бренда">Китай</param>
				<param name="Гарантія">14 дней</param>
			</offer>
			<offer available="true" id="24306">
				<url>https://welcome-mobi.com.ua/shop/product/displey-Samsung-SM-S901-Galaxy-S22--2022--v-sbore-s-sensorom-i-ramkoy-Phantom-White-service-orig</url>
				<price>7279</price>
				<currencyId>UAH</currencyId>
				<categoryId>25</categoryId>
				<picture>https://welcome-mobi.com.ua/uploads/shop/origin/116728_main_origin.jpg</picture>
				<delivery>true</delivery>
				<name_ua>Дисплей Samsung SM-S901 Galaxy S22 (2022) в зборі з сенсором та рамкою Phantom White service orig</name_ua>
				<name>Дисплей Samsung SM-S901 Galaxy S22 (2022) в сборе с сенсором и рамкой Phantom White service orig</name>
				<vendor>Samsung</vendor>
				<stock_quantity>1</stock_quantity>
				<param name="Совместимые модели">Samsung</param>
				<param name="Сумісність">Samsung</param>
				<param name="Клас якості">Original</param>
				<param name="Країна-виробник товару">Китай</param>
				<param name="Страна регистрации бренда">Китай</param>
				<param name="Гарантія">14 дней</param>
			</offer>
			<offer available="true" id="24796">
				<url>https://welcome-mobi.com.ua/shop/product/displey-Samsung-SM-A045-Galaxy-A04--2022--v-sbore-s-sensorom-black-service-orig</url>
				<price>766</price>
				<currencyId>UAH</currencyId>
				<categoryId>25</categoryId>
				<picture>https://welcome-mobi.com.ua/uploads/shop/origin/117496_main_origin.jpg</picture>
				<delivery>true</delivery>
				<name_ua>Дисплей Samsung SM-A045 Galaxy A04 (2022) в зборі з сенсором black service orig</name_ua>
				<name>Дисплей Samsung SM-A045 Galaxy A04 (2022) в сборе с сенсором black service orig</name>
				<vendor>Samsung</vendor>
				<stock_quantity>4</stock_quantity>
				<param name="Совместимые модели">Samsung</param>
				<param name="Сумісність">Samsung</param>
				<param name="Клас якості">Original</param>
				<param name="Країна-виробник товару">Китай</param>
				<param name="Страна регистрации бренда">Китай</param>
				<param name="Гарантія">14 дней</param>
			</offer>
			<offer available="true" id="14646">
				<url>https://welcome-mobi.com.ua/shop/product/displey-Samsung-SM-G950FD-Galaxy-S8-Coral-Blue-with-touchscreen-and-frame-service-orig</url>
				<price>7279</price>
				<currencyId>UAH</currencyId>
				<categoryId>25</categoryId>
				<picture>https://welcome-mobi.com.ua/uploads/shop/origin/104128_main_origin.jpg</picture>
				<delivery>true</delivery>
				<name_ua>Дисплей Samsung SM-G950FD Galaxy S8 в зборі з сенсором та рамкою Coral Blue service orig</name_ua>
				<name>Дисплей Samsung SM-G950FD Galaxy S8 в сборе с сенсором и рамкой Coral Blue service orig</name>
				<vendor>Samsung</vendor>
				<stock_quantity>1</stock_quantity>
				<param name="Совместимые модели">Samsung</param>
				<param name="Сумісність">Samsung</param>
				<param name="Клас якості">Original</param>
				<param name="Країна-виробник товару">Китай</param>
				<param name="Страна регистрации бренда">Китай</param>
				<param name="Гарантія">14 дней</param>
			</offer>
			<offer available="true" id="17479">
				<url>https://welcome-mobi.com.ua/shop/product/displey-Samsung-SM-G991-Galaxy-S21-Phantom-Violet-with-touchscreen-and-frame-service-orig</url>
				<price>9578</price>
				<currencyId>UAH</currencyId>
				<categoryId>25</categoryId>
				<picture>https://welcome-mobi.com.ua/uploads/shop/origin/107112_main_origin.jpg</picture>
				<delivery>true</delivery>
				<name_ua>Дисплей Samsung SM-G991 Galaxy S21 в зборі з сенсоромб рамкою та АКБ Phantom Violet service orig</name_ua>
				<name>Дисплей Samsung SM-G991 Galaxy S21 в сборе с сенсором, рамкой и АКБ Phantom Violet service orig</name>
				<vendor>Samsung</vendor>
				<stock_quantity>3</stock_quantity>
				<param name="Совместимые модели">Samsung</param>
				<param name="Сумісність">Samsung</param>
				<param name="Клас якості">Original</param>
				<param name="Країна-виробник товару">Китай</param>
				<param name="Страна регистрации бренда">Китай</param>
				<param name="Гарантія">14 дней</param>
			</offer>
			<offer available="true" id="23083">
				<url>https://welcome-mobi.com.ua/shop/product/displey-Samsung-SM-A032-Galaxy-A03-Core--2021--v-sbore-s-sensorom-black-service-orig</url>
				<price>766</price>
				<currencyId>UAH</currencyId>
				<categoryId>25</categoryId>
				<picture>https://welcome-mobi.com.ua/uploads/shop/origin/115637_main_origin.jpg</picture>
				<delivery>true</delivery>
				<name_ua>Дисплей Samsung SM-A032 Galaxy A03 Core (2021) в зборі з сенсором black service orig</name_ua>
				<name>Дисплей Samsung SM-A032 Galaxy A03 Core (2021) в сборе с сенсором black service orig</name>
				<vendor>Samsung</vendor>
				<stock_quantity>12</stock_quantity>
				<param name="Совместимые модели">Samsung</param>
				<param name="Сумісність">Samsung</param>
				<param name="Клас якості">Original</param>
				<param name="Країна-виробник товару">Китай</param>
				<param name="Страна регистрации бренда">Китай</param>
				<param name="Гарантія">14 дней</param>
			</offer>
			<offer available="true" id="14757">
				<url>https://welcome-mobi.com.ua/shop/product/displey-Samsung-SM-A705H-Galaxy-A70--2019--black-with-touchscreen-service-orig</url>
				<price>3989</price>
				<currencyId>UAH</currencyId>
				<categoryId>25</categoryId>
				<picture>https://welcome-mobi.com.ua/uploads/shop/origin/104239_main_origin.jpg</picture>
				<delivery>true</delivery>
				<name_ua>Дисплей Samsung SM-A705 Galaxy A70 (2019) в зборі з сенсором та рамкою black service orig</name_ua>
				<name>Дисплей Samsung SM-A705 Galaxy A70 (2019) в сборе с сенсором и рамкой black service orig</name>
				<vendor>Samsung</vendor>
				<stock_quantity>4</stock_quantity>
				<param name="Совместимые модели">Samsung</param>
				<param name="Сумісність">Samsung</param>
				<param name="Клас якості">Original</param>
				<param name="Країна-виробник товару">Китай</param>
				<param name="Страна регистрации бренда">Китай</param>
				<param name="Гарантія">14 дней</param>
			</offer>
			<offer available="true" id="15850">
				<url>https://welcome-mobi.com.ua/shop/product/displey-Samsung-SM-G980F-Galaxy-S20-Cloud-Blue-with-touchscreen-and-frame-service-orig</url>
				<price>9961</price>
				<currencyId>UAH</currencyId>
				<categoryId>25</categoryId>
				<picture>https://welcome-mobi.com.ua/uploads/shop/origin/105335_main_origin.jpg</picture>
				<delivery>true</delivery>
				<name_ua>Дисплей Samsung SM-G980/G981 Galaxy S20 4G/5G в зборі з сенсором та рамкою Cloud Blue service orig</name_ua>
				<name>Дисплей Samsung SM-G980/G981 Galaxy S20 4G/5G в сборе с сенсором и рамкой Cloud Blue service orig</name>
				<vendor>Samsung</vendor>
				<stock_quantity>4</stock_quantity>
				<param name="Совместимые модели">Samsung</param>
				<param name="Сумісність">Samsung</param>
				<param name="Клас якості">Original</param>
				<param name="Країна-виробник товару">Китай</param>
				<param name="Страна регистрации бренда">Китай</param>
				<param name="Гарантія">14 дней</param>
			</offer>
			<offer available="true" id="18394">
				<url>https://welcome-mobi.com.ua/shop/product/displey-Samsung-SM-A725-Galaxy-A72--2021--black-with-touchscreen-service-orig</url>
				<price>3696</price>
				<currencyId>UAH</currencyId>
				<categoryId>25</categoryId>
				<picture>https://welcome-mobi.com.ua/uploads/shop/origin/108066_main_origin.jpg</picture>
				<delivery>true</delivery>
				<name_ua>Дисплей Samsung SM-A725 Galaxy A72 4G (2021) в зборі з сенсором та рамкою black service orig</name_ua>
				<name>Дисплей Samsung SM-A725 Galaxy A72 4G (2021) в сборе с сенсором и рамкой black service orig</name>
				<vendor>Samsung</vendor>
				<stock_quantity>3</stock_quantity>
				<param name="Совместимые модели">Samsung</param>
				<param name="Сумісність">Samsung</param>
				<param name="Клас якості">Original</param>
				<param name="Країна-виробник товару">Китай</param>
				<param name="Страна регистрации бренда">Китай</param>
				<param name="Гарантія">14 дней</param>
			</offer>
			<offer available="true" id="18761">
				<url>https://welcome-mobi.com.ua/shop/product/displey-Samsung-SM-A525-Galaxy-A52--2021--v-sbore-s-sensorom-i-ramkoy-lavender-service-orig</url>
				<price>4125</price>
				<currencyId>UAH</currencyId>
				<categoryId>25</categoryId>
				<picture>https://welcome-mobi.com.ua/uploads/shop/origin/108521_main_origin.jpg</picture>
				<delivery>true</delivery>
				<name_ua>Дисплей Samsung SM-A525/A528 Galaxy A52/A52s (2021) в зборі з сенсором та рамкою lavender service orig</name_ua>
				<name>Дисплей Samsung SM-A525/A528 Galaxy A52/A52s (2021) в сборе с сенсором и рамкой lavender service orig</name>
				<vendor>Samsung</vendor>
				<stock_quantity>5</stock_quantity>
				<param name="Совместимые модели">Samsung</param>
				<param name="Сумісність">Samsung</param>
				<param name="Клас якості">Original</param>
				<param name="Країна-виробник товару">Китай</param>
				<param name="Страна регистрации бренда">Китай</param>
				<param name="Гарантія">14 дней</param>
			</offer>
			<offer available="true" id="23792">
				<url>https://welcome-mobi.com.ua/shop/product/displey-Samsung-SM-S906-Galaxy-S22-Plus--2022--v-sbore-s-sensorom-i-ramkoy-Phantom-White-service-orig</url>
				<price>7854</price>
				<currencyId>UAH</currencyId>
				<categoryId>25</categoryId>
				<picture>https://welcome-mobi.com.ua/uploads/shop/origin/116166_main_origin.jpg</picture>
				<delivery>true</delivery>
				<name_ua>Дисплей Samsung SM-S906 Galaxy S22 Plus (2022) в зборі з сенсором та рамкою Phantom White service orig</name_ua>
				<name>Дисплей Samsung SM-S906 Galaxy S22 Plus (2022) в сборе с сенсором и рамкой Phantom White service orig</name>
				<vendor>Samsung</vendor>
				<stock_quantity>1</stock_quantity>
				<param name="Совместимые модели">Samsung</param>
				<param name="Сумісність">Samsung</param>
				<param name="Клас якості">Original</param>
				<param name="Країна-виробник товару">Китай</param>
				<param name="Страна регистрации бренда">Китай</param>
				<param name="Гарантія">14 дней</param>
			</offer>
			<offer available="true" id="26898">
				<url>https://welcome-mobi.com.ua/shop/product/displey-Samsung-SM-A145F,A146B-Galaxy-A14-4G,A14-5G-2023-v-sbore-s-sensorom-black-service-orig</url>
				<price>1037</price>
				<currencyId>UAH</currencyId>
				<categoryId>25</categoryId>
				<picture>https://welcome-mobi.com.ua/uploads/shop/origin/119505_main_origin.jpg</picture>
				<delivery>true</delivery>
				<name_ua>Дисплей Samsung SM-A145F/A146B Galaxy A14 4G/A14 5G 2023 в зборі з сенсором black service orig (широкий конектор) (A146B V0.4)</name_ua>
				<name>Дисплей Samsung SM-A145F/A146B Galaxy A14 4G/A14 5G 2023 в сборе с сенсором black service orig (широкий коннектор) (A146B V0.4)</name>
				<vendor>Samsung</vendor>
				<stock_quantity>9</stock_quantity>
				<param name="Совместимые модели">Samsung</param>
				<param name="Сумісність">Samsung</param>
				<param name="Клас якості">Original</param>
				<param name="Країна-виробник товару">Китай</param>
				<param name="Страна регистрации бренда">Китай</param>
				<param name="Гарантія">14 дней</param>
			</offer>
			<offer available="true" id="26904">
				<url>https://welcome-mobi.com.ua/shop/product/displey-Samsung-SM-A346-Galaxy-A34-5G--2023--v-sbore-s-sensorom-i-ramkoy-silver-service-orig</url>
				<price>3946</price>
				<currencyId>UAH</currencyId>
				<categoryId>25</categoryId>
				<picture>https://welcome-mobi.com.ua/uploads/shop/origin/119506_main_origin.jpg</picture>
				<delivery>true</delivery>
				<name_ua>Дисплей Samsung SM-A346 Galaxy A34 5G (2023) в зборі з сенсором та рамкою Awesome Silver service orig</name_ua>
				<name>Дисплей Samsung SM-A346 Galaxy A34 5G (2023) в сборе с сенсором и рамкой Awesome Silver service orig</name>
				<vendor>Samsung</vendor>
				<stock_quantity>1</stock_quantity>
				<param name="Совместимые модели">Samsung</param>
				<param name="Сумісність">Samsung</param>
				<param name="Клас якості">Original</param>
				<param name="Країна-виробник товару">Китай</param>
				<param name="Страна регистрации бренда">Китай</param>
				<param name="Гарантія">14 дней</param>
			</offer>
			<offer available="true" id="26911">
				<url>https://welcome-mobi.com.ua/shop/product/displey-Samsung-SM-S916-Galaxy-S23-Plus-5G--2023--v-sbore-s-sensorom-i-ramkoy-Cream-Beige-service-orig</url>
				<price>8122</price>
				<currencyId>UAH</currencyId>
				<categoryId>25</categoryId>
				<picture>https://welcome-mobi.com.ua/uploads/shop/origin/119507_main_origin.jpg</picture>
				<delivery>true</delivery>
				<name_ua>Дисплей Samsung SM-S916 Galaxy S23 Plus 5G (2023) в зборі з сенсором та рамкою Cream Beige service orig</name_ua>
				<name>Дисплей Samsung SM-S916 Galaxy S23 Plus 5G (2023) в сборе с сенсором и рамкой Cream Beige service orig</name>
				<vendor>Samsung</vendor>
				<stock_quantity>1</stock_quantity>
				<param name="Совместимые модели">Samsung</param>
				<param name="Сумісність">Samsung</param>
				<param name="Клас якості">Original</param>
				<param name="Країна-виробник товару">Китай</param>
				<param name="Страна регистрации бренда">Китай</param>
				<param name="Гарантія">14 дней</param>
			</offer>
			<offer available="true" id="14640">
				<url>https://welcome-mobi.com.ua/shop/product/displey-Samsung-SM-A805F-Galaxy-A8--2019--gold-with-touchscreen-service-orig</url>
				<price>4470</price>
				<currencyId>UAH</currencyId>
				<categoryId>25</categoryId>
				<picture>https://welcome-mobi.com.ua/uploads/shop/origin/104122_main_origin.jpg</picture>
				<delivery>true</delivery>
				<name_ua>Дисплей Samsung SM-A805F Galaxy A80 (2019) в зборі з сенсором та рамкою gold service orig</name_ua>
				<name>Дисплей Samsung SM-A805F Galaxy A80 (2019) в сборе с сенсором и рамкой gold service orig</name>
				<vendor>Samsung</vendor>
				<stock_quantity>1</stock_quantity>
				<param name="Совместимые модели">Samsung</param>
				<param name="Сумісність">Samsung</param>
				<param name="Клас якості">Original</param>
				<param name="Країна-виробник товару">Китай</param>
				<param name="Страна регистрации бренда">Китай</param>
				<param name="Гарантія">14 дней</param>
			</offer>
			<offer available="true" id="18783">
				<url>https://welcome-mobi.com.ua/shop/product/displey-Samsung-SM-A325-Galaxy-A32--2021--v-sbore-s-sensorom-i-ramkoy-black-service-orig</url>
				<price>3741</price>
				<currencyId>UAH</currencyId>
				<categoryId>25</categoryId>
				<picture>https://welcome-mobi.com.ua/uploads/shop/origin/108540_main_origin.jpg</picture>
				<delivery>true</delivery>
				<name_ua>Дисплей Samsung SM-A325 Galaxy A32 (2021) в зборі з сенсором та рамкою black service orig</name_ua>
				<name>Дисплей Samsung SM-A325 Galaxy A32 (2021) в сборе с сенсором и рамкой black service orig</name>
				<vendor>Samsung</vendor>
				<stock_quantity>18</stock_quantity>
				<param name="Совместимые модели">Samsung</param>
				<param name="Сумісність">Samsung</param>
				<param name="Клас якості">Original</param>
				<param name="Країна-виробник товару">Китай</param>
				<param name="Страна регистрации бренда">Китай</param>
				<param name="Гарантія">14 дней</param>
			</offer>
			<offer available="true" id="26908">
				<url>https://welcome-mobi.com.ua/shop/product/displey-Samsung-SM-A546-Galaxy-A54-5G--2023--v-sbore-s-sensorom-i-ramkoy-White-service-orig</url>
				<price>3870</price>
				<currencyId>UAH</currencyId>
				<categoryId>25</categoryId>
				<picture>https://welcome-mobi.com.ua/uploads/shop/origin/119503_main_origin.jpg</picture>
				<delivery>true</delivery>
				<name_ua>Дисплей Samsung SM-A546 Galaxy A54 5G (2023) в зборі з сенсором та рамкою Awesome White service orig</name_ua>
				<name>Дисплей Samsung SM-A546 Galaxy A54 5G (2023) в сборе с сенсором и рамкой Awesome White service orig</name>
				<vendor>Samsung</vendor>
				<stock_quantity>1</stock_quantity>
				<param name="Совместимые модели">Samsung</param>
				<param name="Сумісність">Samsung</param>
				<param name="Клас якості">Original</param>
				<param name="Країна-виробник товару">Китай</param>
				<param name="Страна регистрации бренда">Китай</param>
				<param name="Гарантія">14 дней</param>
			</offer>
			<offer available="true" id="17571">
				<url>https://welcome-mobi.com.ua/shop/product/displey-Samsung-SM-A015-Galaxy-A01,M015-Galaxy-M01--2020--black-with-touchscreen-service-orig</url>
				<price>766</price>
				<currencyId>UAH</currencyId>
				<categoryId>25</categoryId>
				<picture>https://welcome-mobi.com.ua/uploads/shop/origin/107378_main_origin.jpg</picture>
				<delivery>true</delivery>
				<name_ua>Дисплей Samsung SM-A015/M015 Galaxy A01/M01 (2020) в зборі з сенсором black service orig (широкий конектор)</name_ua>
				<name>Дисплей Samsung SM-A015/M015 Galaxy A01/M01 (2020) в сборе с сенсором black service orig (широкий коннектор)</name>
				<vendor>Samsung</vendor>
				<stock_quantity>3</stock_quantity>
				<param name="Совместимые модели">Samsung</param>
				<param name="Сумісність">Samsung</param>
				<param name="Клас якості">Original</param>
				<param name="Країна-виробник товару">Китай</param>
				<param name="Страна регистрации бренда">Китай</param>
				<param name="Гарантія">14 дней</param>
			</offer>
			<offer available="true" id="15206">
				<url>https://welcome-mobi.com.ua/shop/product/displey-Samsung-SM-A217F-Galaxy-A21s--2020--black-with-touchscreen-service-orig</url>
				<price>2276</price>
				<currencyId>UAH</currencyId>
				<categoryId>25</categoryId>
				<picture>https://welcome-mobi.com.ua/uploads/shop/origin/104697_main_origin.jpg</picture>
				<delivery>true</delivery>
				<name_ua>Дисплей Samsung SM-A217F Galaxy A21s (2020) в зборі з сенсором та рамкою black service orig</name_ua>
				<name>Дисплей Samsung SM-A217F Galaxy A21s (2020) в сборе с сенсором и рамкой black service orig</name>
				<vendor>Samsung</vendor>
				<stock_quantity>5</stock_quantity>
				<param name="Совместимые модели">Samsung</param>
				<param name="Сумісність">Samsung</param>
				<param name="Клас якості">Original</param>
				<param name="Країна-виробник товару">Китай</param>
				<param name="Страна регистрации бренда">Китай</param>
				<param name="Гарантія">14 дней</param>
			</offer>
			<offer available="true" id="17481">
				<url>https://welcome-mobi.com.ua/shop/product/displey-Samsung-SM-G998-Galaxy-S21-Ultra-Phantom-Silver-with-touchscreen-and-frame-service-orig</url>
				<price>13333</price>
				<currencyId>UAH</currencyId>
				<categoryId>25</categoryId>
				<picture>https://welcome-mobi.com.ua/uploads/shop/origin/107118_main_origin.jpg</picture>
				<delivery>true</delivery>
				<name_ua>Дисплей Samsung SM-G998 Galaxy S21 Ultra в зборі з сенсором та рамкою Phantom Silver service orig</name_ua>
				<name>Дисплей Samsung SM-G998 Galaxy S21 Ultra в сборе с сенсором и рамкой Phantom Silver service orig</name>
				<vendor>Samsung</vendor>
				<stock_quantity>2</stock_quantity>
				<param name="Совместимые модели">Samsung</param>
				<param name="Сумісність">Samsung</param>
				<param name="Клас якості">Original</param>
				<param name="Країна-виробник товару">Китай</param>
				<param name="Страна регистрации бренда">Китай</param>
				<param name="Гарантія">14 дней</param>
			</offer>
			<offer available="true" id="18760">
				<url>https://welcome-mobi.com.ua/shop/product/displey-Samsung-SM-A525-Galaxy-A52--2021--v-sbore-s-sensorom-i-ramkoy-blue-service-orig</url>
				<price>4214</price>
				<currencyId>UAH</currencyId>
				<categoryId>25</categoryId>
				<picture>https://welcome-mobi.com.ua/uploads/shop/origin/108520_main_origin.jpg</picture>
				<delivery>true</delivery>
				<name_ua>Дисплей Samsung SM-A525/A528 Galaxy A52/A52s (2021) в зборі з сенсором та рамкою blue service orig</name_ua>
				<name>Дисплей Samsung SM-A525/A528 Galaxy A52/A52s (2021) в сборе с сенсором и рамкой blue service orig</name>
				<vendor>Samsung</vendor>
				<stock_quantity>13</stock_quantity>
				<param name="Совместимые модели">Samsung</param>
				<param name="Сумісність">Samsung</param>
				<param name="Клас якості">Original</param>
				<param name="Країна-виробник товару">Китай</param>
				<param name="Страна регистрации бренда">Китай</param>
				<param name="Гарантія">14 дней</param>
			</offer>
			<offer available="true" id="17639">
				<url>https://welcome-mobi.com.ua/shop/product/displey-Samsung-SM-G780F-Galaxy-S20-FE-2020-Cloud-White-with-touchscreen-and-frame-service-orig</url>
				<price>4751</price>
				<currencyId>UAH</currencyId>
				<categoryId>25</categoryId>
				<picture>https://welcome-mobi.com.ua/uploads/shop/origin/107416_main_origin.jpg</picture>
				<delivery>true</delivery>
				<name_ua>Дисплей Samsung SM-G780 Galaxy S20 FE 4G (2020) в зборі з сенсором та рамкою Cloud White service orig</name_ua>
				<name>Дисплей Samsung SM-G780 Galaxy S20 FE 4G (2020) в сборе с сенсором и рамкой Cloud White service orig</name>
				<vendor>Samsung</vendor>
				<stock_quantity>3</stock_quantity>
				<param name="Совместимые модели">Samsung</param>
				<param name="Сумісність">Samsung</param>
				<param name="Клас якості">Original</param>
				<param name="Країна-виробник товару">Китай</param>
				<param name="Страна регистрации бренда">Китай</param>
				<param name="Гарантія">14 дней</param>
			</offer>
			<offer available="true" id="27059">
				<url>https://welcome-mobi.com.ua/shop/product/displey-Samsung-SM-A716-Galaxy-A71-5G--2020--v-sbore-s-sensorom-i-ramkoy-white-service-orig</url>
				<price>4598</price>
				<currencyId>UAH</currencyId>
				<categoryId>25</categoryId>
				<picture>https://welcome-mobi.com.ua/uploads/shop/origin/119630_main_origin.jpg</picture>
				<delivery>true</delivery>
				<name_ua>Дисплей Samsung SM-A716 Galaxy A71 5G (2020) в зборі з сенсором та рамкою white service orig</name_ua>
				<name>Дисплей Samsung SM-A716 Galaxy A71 5G (2020) в сборе с сенсором и рамкой white service orig</name>
				<vendor>Xiaomi</vendor>
				<stock_quantity>1</stock_quantity>
				<param name="Совместимые модели">Samsung</param>
				<param name="Сумісність">Samsung</param>
				<param name="Клас якості">Original</param>
				<param name="Країна-виробник товару">Китай</param>
				<param name="Страна регистрации бренда">Китай</param>
				<param name="Гарантія">14 дней</param>
			</offer>
			<offer available="true" id="13365">
				<url>https://welcome-mobi.com.ua/shop/product/displey-Samsung-SM-J415F-Galaxy-J4+-2018,J610F-Galaxy-J6+-2018-black-with-touchscreen-service-orig</url>
				<price>721</price>
				<currencyId>UAH</currencyId>
				<categoryId>25</categoryId>
				<picture>https://welcome-mobi.com.ua/uploads/shop/origin/102496_main_origin.jpg</picture>
				<delivery>true</delivery>
				<name_ua>Дисплей Samsung SM-J415/J610 Galaxy J4 Plus/J6 Plus в зборі з сенсором black service orig</name_ua>
				<name>Дисплей Samsung SM-J415/J610 Galaxy J4 Plus/J6 Plus в сборе с сенсором black service orig</name>
				<vendor>Samsung</vendor>
				<stock_quantity>5</stock_quantity>
				<param name="Совместимые модели">Samsung</param>
				<param name="Сумісність">Samsung</param>
				<param name="Клас якості">Original</param>
				<param name="Країна-виробник товару">Китай</param>
				<param name="Страна регистрации бренда">Китай</param>
				<param name="Гарантія">14 дней</param>
			</offer>
			<offer available="true" id="16609">
				<url>https://welcome-mobi.com.ua/shop/product/displey-Samsung-SM-N980,N981-Galaxy-Note-20,Note-20-5G-Green-with-touchscreen-+-frame-service-orig</url>
				<price>8429</price>
				<currencyId>UAH</currencyId>
				<categoryId>25</categoryId>
				<picture>https://welcome-mobi.com.ua/uploads/shop/origin/106099_main_origin.jpg</picture>
				<delivery>true</delivery>
				<name_ua>Дисплей Samsung SM-N980/N981 Galaxy Note 20 4G/20 5G в зборі з сенсором та рамкою Green service orig</name_ua>
				<name>Дисплей Samsung SM-N980/N981 Galaxy Note 20 4G/20 5G в сборе с сенсором и рамкой Green service orig</name>
				<vendor>Samsung</vendor>
				<stock_quantity>1</stock_quantity>
				<param name="Совместимые модели">Samsung</param>
				<param name="Сумісність">Samsung</param>
				<param name="Клас якості">Original</param>
				<param name="Країна-виробник товару">Китай</param>
				<param name="Страна регистрации бренда">Китай</param>
				<param name="Гарантія">14 дней</param>
			</offer>
			<offer available="true" id="17140">
				<url>https://welcome-mobi.com.ua/shop/product/displey-Samsung-SM-M317F-Galaxy-M31s--2020--black-with-touchscreen-and-frame-service-orig</url>
				<price>3651</price>
				<currencyId>UAH</currencyId>
				<categoryId>25</categoryId>
				<picture>https://welcome-mobi.com.ua/uploads/shop/origin/106778_main_origin.jpg</picture>
				<delivery>true</delivery>
				<name_ua>Дисплей Samsung SM-M317F Galaxy M31s (2020) в зборі з сенсором та рамкою black service orig</name_ua>
				<name>Дисплей Samsung SM-M317F Galaxy M31s (2020) в сборе с сенсором и рамкой black service orig</name>
				<vendor>Samsung</vendor>
				<stock_quantity>10</stock_quantity>
				<param name="Совместимые модели">Samsung</param>
				<param name="Сумісність">Samsung</param>
				<param name="Клас якості">Original</param>
				<param name="Країна-виробник товару">Китай</param>
				<param name="Страна регистрации бренда">Китай</param>
				<param name="Гарантія">14 дней</param>
			</offer>
			<offer available="true" id="18763">
				<url>https://welcome-mobi.com.ua/shop/product/displey-Samsung-SM-A725-Galaxy-A72--2021--v-sbore-s-sensorom-i-ramkoy-lavender-service-orig</url>
				<price>3696</price>
				<currencyId>UAH</currencyId>
				<categoryId>25</categoryId>
				<picture>https://welcome-mobi.com.ua/uploads/shop/origin/108518_main_origin.jpg</picture>
				<delivery>true</delivery>
				<name_ua>Дисплей Samsung SM-A725 Galaxy A72 4G (2021) в зборі з сенсором та рамкою lavender service orig</name_ua>
				<name>Дисплей Samsung SM-A725 Galaxy A72 4G (2021) в сборе с сенсором и рамкой lavender service orig</name>
				<vendor>Samsung</vendor>
				<stock_quantity>5</stock_quantity>
				<param name="Совместимые модели">Samsung</param>
				<param name="Сумісність">Samsung</param>
				<param name="Клас якості">Original</param>
				<param name="Країна-виробник товару">Китай</param>
				<param name="Страна регистрации бренда">Китай</param>
				<param name="Гарантія">14 дней</param>
			</offer>
			<offer available="true" id="25893">
				<url>https://welcome-mobi.com.ua/shop/product/displey-Samsung-SM-A047-Galaxy-A04s--2022--v-sbore-s-sensorom-black-service-orig</url>
				<price>766</price>
				<currencyId>UAH</currencyId>
				<categoryId>25</categoryId>
				<picture>https://welcome-mobi.com.ua/uploads/shop/origin/118518_main_origin.jpg</picture>
				<delivery>true</delivery>
				<name_ua>Дисплей Samsung SM-A047/A136 Galaxy A04s 2022/A13 5G в зборі з сенсором black service orig</name_ua>
				<name>Дисплей Samsung SM-A047/A136 Galaxy A04s 2022/A13 5G в сборе с сенсором black service orig</name>
				<vendor>Samsung</vendor>
				<stock_quantity>3</stock_quantity>
				<param name="Совместимые модели">Samsung</param>
				<param name="Сумісність">Samsung</param>
				<param name="Клас якості">Original</param>
				<param name="Країна-виробник товару">Китай</param>
				<param name="Страна регистрации бренда">Китай</param>
				<param name="Гарантія">14 дней</param>
			</offer>
			<offer available="true" id="26897">
				<url>https://welcome-mobi.com.ua/shop/product/displey-Samsung-SM-A145P,A145R-Galaxy-A14-4G-2023-v-sbore-s-sensorom-i-ramkoy-black-service-orig</url>
				<price>2222</price>
				<currencyId>UAH</currencyId>
				<categoryId>25</categoryId>
				<picture>https://welcome-mobi.com.ua/uploads/shop/origin/119493_main_origin.jpg</picture>
				<delivery>true</delivery>
				<name_ua>Дисплей Samsung SM-A145P/A145R Galaxy A14 4G 2023 в зборі з сенсором та рамкою black service orig</name_ua>
				<name>Дисплей Samsung SM-A145P/A145R Galaxy A14 4G 2023 в сборе с сенсором и рамкой black service orig</name>
				<vendor>Samsung</vendor>
				<stock_quantity>2</stock_quantity>
				<param name="Совместимые модели">Samsung</param>
				<param name="Сумісність">Samsung</param>
				<param name="Клас якості">Original</param>
				<param name="Країна-виробник товару">Китай</param>
				<param name="Страна регистрации бренда">Китай</param>
				<param name="Гарантія">14 дней</param>
			</offer>
			<offer available="true" id="14096">
				<url>https://welcome-mobi.com.ua/shop/product/displey-Samsung-SM-A105H-Galaxy-A3-black-with-touchscreen-service-orig</url>
				<price>766</price>
				<currencyId>UAH</currencyId>
				<categoryId>25</categoryId>
				<picture>https://welcome-mobi.com.ua/uploads/shop/origin/103197_main_origin.jpg</picture>
				<delivery>true</delivery>
				<name_ua>Дисплей Samsung SM-A105/M105 Galaxy A10/M10 (2019) в зборі з сенсором black service orig</name_ua>
				<name>Дисплей Samsung SM-A105/M105 Galaxy A10/M10 (2019) в сборе с сенсором black service orig</name>
				<vendor>Samsung</vendor>
				<stock_quantity>23</stock_quantity>
				<param name="Совместимые модели">Samsung</param>
				<param name="Сумісність">Samsung</param>
				<param name="Клас якості">Original</param>
				<param name="Країна-виробник товару">Китай</param>
				<param name="Страна регистрации бренда">Китай</param>
				<param name="Гарантія">14 дней</param>
			</offer>
			<offer available="true" id="16492">
				<url>https://welcome-mobi.com.ua/shop/product/displey-Samsung-SM-A013,SM-M013-Galaxy-A01,M01-Core--2020--black-with-touchscreen-service-orig</url>
				<price>881</price>
				<currencyId>UAH</currencyId>
				<categoryId>25</categoryId>
				<picture>https://welcome-mobi.com.ua/uploads/shop/origin/105993_main_origin.jpg</picture>
				<delivery>true</delivery>
				<name_ua>Дисплей Samsung SM-A013/SM-M013 Galaxy A01/M01 Core (2020) в зборі з сенсором black service orig</name_ua>
				<name>Дисплей Samsung SM-A013/SM-M013 Galaxy A01/M01 Core (2020) в сборе с сенсором black service orig</name>
				<vendor>Samsung</vendor>
				<stock_quantity>5</stock_quantity>
				<param name="Совместимые модели">Samsung</param>
				<param name="Сумісність">Samsung</param>
				<param name="Клас якості">Original</param>
				<param name="Країна-виробник товару">Китай</param>
				<param name="Страна регистрации бренда">Китай</param>
				<param name="Гарантія">14 дней</param>
			</offer>
			<offer available="true" id="20215">
				<url>https://welcome-mobi.com.ua/shop/product/displey-Samsung-SM-A225-Galaxy-A22-2021-v-sbore-s-sensorom-i-ramkoy-black-service-orig</url>
				<price>2547</price>
				<currencyId>UAH</currencyId>
				<categoryId>25</categoryId>
				<picture>https://welcome-mobi.com.ua/uploads/shop/origin/109875_main_origin.jpg</picture>
				<delivery>true</delivery>
				<name_ua>Дисплей Samsung SM-A225 Galaxy A22 4G (2021) в зборі з сенсором та рамкою black service orig</name_ua>
				<name>Дисплей Samsung SM-A225 Galaxy A22 4G (2021) в сборе с сенсором и рамкой black service orig</name>
				<vendor>Samsung</vendor>
				<stock_quantity>15</stock_quantity>
				<param name="Совместимые модели">Samsung</param>
				<param name="Сумісність">Samsung</param>
				<param name="Клас якості">Original</param>
				<param name="Країна-виробник товару">Китай</param>
				<param name="Страна регистрации бренда">Китай</param>
				<param name="Гарантія">14 дней</param>
			</offer>
			<offer available="true" id="14639">
				<url>https://welcome-mobi.com.ua/shop/product/displey-Samsung-SM-A207F-Galaxy-A20s--2019--black-with-touchscreen-service-orig</url>
				<price>766</price>
				<currencyId>UAH</currencyId>
				<categoryId>25</categoryId>
				<picture>https://welcome-mobi.com.ua/uploads/shop/origin/104123_main_origin.jpg</picture>
				<delivery>true</delivery>
				<name_ua>Дисплей Samsung SM-A207F Galaxy A20s (2019) в зборі з сенсором black service orig</name_ua>
				<name>Дисплей Samsung SM-A207F Galaxy A20s (2019) в сборе с сенсором black service orig</name>
				<vendor>Samsung</vendor>
				<stock_quantity>16</stock_quantity>
				<param name="Совместимые модели">Samsung</param>
				<param name="Сумісність">Samsung</param>
				<param name="Клас якості">Original</param>
				<param name="Країна-виробник товару">Китай</param>
				<param name="Страна регистрации бренда">Китай</param>
				<param name="Гарантія">14 дней</param>
			</offer>
			<offer available="true" id="25967">
				<url>https://welcome-mobi.com.ua/shop/product/displey-Samsung-SM-A236-Galaxy-A23-5G--2022--v-sbore-s-sensorom-black-i-ramkoy-service-orig</url>
				<price>2414</price>
				<currencyId>UAH</currencyId>
				<categoryId>25</categoryId>
				<picture>https://welcome-mobi.com.ua/uploads/shop/origin/118626_main_origin.jpg</picture>
				<delivery>true</delivery>
				<name_ua>Дисплей Samsung SM-A236 Galaxy A23 5G (2022) в зборі з сенсором та рамкою black service orig</name_ua>
				<name>Дисплей Samsung SM-A236 Galaxy A23 5G (2022) в сборе с сенсором и рамкой black service orig</name>
				<vendor>Samsung</vendor>
				<stock_quantity>2</stock_quantity>
				<param name="Совместимые модели">Samsung</param>
				<param name="Сумісність">Samsung</param>
				<param name="Клас якості">Original</param>
				<param name="Країна-виробник товару">Китай</param>
				<param name="Страна регистрации бренда">Китай</param>
				<param name="Гарантія">14 дней</param>
			</offer>
			<offer available="true" id="26900">
				<url>https://welcome-mobi.com.ua/shop/product/displey-Samsung-SM-A146P-Galaxy-A14-5G-2023-v-sbore-s-sensorom-black-service-orig--uzkiy-konnektor-</url>
				<price>1034</price>
				<currencyId>UAH</currencyId>
				<categoryId>25</categoryId>
				<picture>https://welcome-mobi.com.ua/uploads/shop/origin/119492_main_origin.jpg</picture>
				<delivery>true</delivery>
				<name_ua>Дисплей Samsung SM-A146P Galaxy A14 5G 2023 в зборі з сенсором black service orig (вузький конектор)</name_ua>
				<name>Дисплей Samsung SM-A146P Galaxy A14 5G 2023 в сборе с сенсором black service orig (узкий коннектор)</name>
				<vendor>Samsung</vendor>
				<stock_quantity>16</stock_quantity>
				<param name="Совместимые модели">Samsung</param>
				<param name="Сумісність">Samsung</param>
				<param name="Клас якості">Original</param>
				<param name="Країна-виробник товару">Китай</param>
				<param name="Страна регистрации бренда">Китай</param>
				<param name="Гарантія">14 дней</param>
			</offer>
			<offer available="true" id="10460">
				<url>https://welcome-mobi.com.ua/shop/product/displey-Samsung-SM-J530F-Galaxy-J5--2017--silver-with-touchscreen-service-orig</url>
				<price>2831</price>
				<currencyId>UAH</currencyId>
				<categoryId>25</categoryId>
				<picture>https://welcome-mobi.com.ua/uploads/shop/origin/68243_main_origin.jpg</picture>
				<delivery>true</delivery>
				<name_ua>Дисплей Samsung SM-J530F Galaxy J5 (2017) в зборі з сенсором silver service orig</name_ua>
				<name>Дисплей Samsung SM-J530F Galaxy J5 (2017) в сборе с сенсором silver service orig</name>
				<vendor>Samsung</vendor>
				<stock_quantity>1</stock_quantity>
				<description>&lt;![CDATA[Дисплейный модуль (LCD+touchscreen, экран, LCD) для Samsung SM-J530F Galaxy J5 (2017) – одна из основных комплектующих, благодаря которой, отображается цифровая, цифробуквенная или графическая информация на телефоне. Данная запчасть является одновременно дисплеем, сенсором и защитным стеклом, которые проклеены между собой прозрачным герметиком.  Простыми словами - монитор, на котором мы видим красочное изображение. Из-за хрупкости, данная деталь наиболее подвержена механическим повреждениям, в следствие чего экран приходиться менять. 
Дисплей Samsung SM-J530F Galaxy J5 (2017) поступает к нам из официальных авторизированных сервис-центров, поэтому модуль имеет Super Amoled матрицу, которая исключает возможность использования в копиях и даже в хай-копиях. Компания Welcome mobi гарантирует высокий предпродажный сервис и удобные условия сотрудничества.]]&gt;</description>
				<description_ua>&lt;![CDATA[]]&gt;</description_ua>
				<param name="Совместимые модели">Samsung</param>
				<param name="Сумісність">Samsung</param>
				<param name="Клас якості">Original</param>
				<param name="Країна-виробник товару">Китай</param>
				<param name="Страна регистрации бренда">Китай</param>
				<param name="Гарантія">14 дней</param>
			</offer>
			<offer available="true" id="19938">
				<url>https://welcome-mobi.com.ua/shop/product/displey-Samsung-SM-G780-Galaxy-S20-FE-2020-v-sbore-s-sensorom-i-ramkoy-Cloud-Mint-Green-service-orig</url>
				<price>4904</price>
				<currencyId>UAH</currencyId>
				<categoryId>25</categoryId>
				<picture>https://welcome-mobi.com.ua/uploads/shop/origin/109631_main_origin.jpg</picture>
				<delivery>true</delivery>
				<name_ua>Дисплей Samsung SM-G780 Galaxy S20 FE 4G (2020) в зборі з сенсором та рамкою Cloud Green service orig</name_ua>
				<name>Дисплей Samsung SM-G780 Galaxy S20 FE 4G (2020) в сборе с сенсором и рамкой Cloud Green service orig</name>
				<vendor>Samsung</vendor>
				<stock_quantity>5</stock_quantity>
				<param name="Совместимые модели">Samsung</param>
				<param name="Сумісність">Samsung</param>
				<param name="Клас якості">Original</param>
				<param name="Країна-виробник товару">Китай</param>
				<param name="Страна регистрации бренда">Китай</param>
				<param name="Гарантія">14 дней</param>
			</offer>
			<offer available="true" id="23521">
				<url>https://welcome-mobi.com.ua/shop/product/displey-Samsung-SM-S908-Galaxy-S22-Ultra--2022--v-sbore-s-sensorom-i-ramkoy-Phantom-Green-service-orig</url>
				<price>12873</price>
				<currencyId>UAH</currencyId>
				<categoryId>25</categoryId>
				<picture>https://welcome-mobi.com.ua/uploads/shop/origin/115939_main_origin.jpg</picture>
				<delivery>true</delivery>
				<name_ua>Дисплей Samsung SM-S908 Galaxy S22 Ultra (2022) в зборі з сенсором та рамкою Phantom Green service orig</name_ua>
				<name>Дисплей Samsung SM-S908 Galaxy S22 Ultra (2022) в сборе с сенсором и рамкой Phantom Green service orig</name>
				<vendor>Samsung</vendor>
				<stock_quantity>2</stock_quantity>
				<param name="Совместимые модели">Samsung</param>
				<param name="Сумісність">Samsung</param>
				<param name="Клас якості">Original</param>
				<param name="Країна-виробник товару">Китай</param>
				<param name="Страна регистрации бренда">Китай</param>
				<param name="Гарантія">14 дней</param>
			</offer>
			<offer available="true" id="24299">
				<url>https://welcome-mobi.com.ua/shop/product/displey-Samsung-SM-A536-Galaxy-A53-5G--2022--v-sbore-s-sensorom-i-ramkoy-Awesome-White-service-orig</url>
				<price>4282</price>
				<currencyId>UAH</currencyId>
				<categoryId>25</categoryId>
				<picture>https://welcome-mobi.com.ua/uploads/shop/origin/116722_main_origin.jpg</picture>
				<delivery>true</delivery>
				<name_ua>Дисплей Samsung SM-A536 Galaxy A53 5G (2022) в зборі з сенсором та рамкою Awesome White service orig</name_ua>
				<name>Дисплей Samsung SM-A536 Galaxy A53 5G (2022) в сборе с сенсором и рамкой Awesome White service orig</name>
				<vendor>Samsung</vendor>
				<stock_quantity>5</stock_quantity>
				<param name="Совместимые модели">Samsung</param>
				<param name="Сумісність">Samsung</param>
				<param name="Клас якості">Original</param>
				<param name="Країна-виробник товару">Китай</param>
				<param name="Страна регистрации бренда">Китай</param>
				<param name="Гарантія">14 дней</param>
			</offer>
			<offer available="true" id="17214">
				<url>https://welcome-mobi.com.ua/shop/product/displey-Samsung-SM-G780F-Galaxy-S20-FE-2020-Cloud-Lavander-with-touchscreen-and-frame-service-orig</url>
				<price>4751</price>
				<currencyId>UAH</currencyId>
				<categoryId>25</categoryId>
				<picture>https://welcome-mobi.com.ua/uploads/shop/origin/106851_main_origin.jpg</picture>
				<delivery>true</delivery>
				<name_ua>Дисплей Samsung SM-G780 Galaxy S20 FE 4G (2020) в зборі з сенсором та рамкою Lavander service orig</name_ua>
				<name>Дисплей Samsung SM-G780 Galaxy S20 FE 4G (2020) в сборе с сенсором и рамкой Lavander service orig</name>
				<vendor>Samsung</vendor>
				<stock_quantity>5</stock_quantity>
				<param name="Совместимые модели">Samsung</param>
				<param name="Сумісність">Samsung</param>
				<param name="Клас якості">Original</param>
				<param name="Країна-виробник товару">Китай</param>
				<param name="Страна регистрации бренда">Китай</param>
				<param name="Гарантія">14 дней</param>
			</offer>
			<offer available="true" id="17313">
				<url>https://welcome-mobi.com.ua/shop/product/displey-Samsung-SM-A105-Galaxy-A10-2019-black-with-touchscreen-and-frame-service-orig</url>
				<price>2069</price>
				<currencyId>UAH</currencyId>
				<categoryId>25</categoryId>
				<picture>https://welcome-mobi.com.ua/uploads/shop/origin/106969_main_origin.jpg</picture>
				<delivery>true</delivery>
				<name_ua>Дисплей Samsung SM-A105 Galaxy A10 (2019) в зборі з сенсором та рамкою black service orig</name_ua>
				<name>Дисплей Samsung SM-A105 Galaxy A10 (2019) в сборе с сенсором и рамкой black service orig</name>
				<vendor>Samsung</vendor>
				<stock_quantity>3</stock_quantity>
				<param name="Совместимые модели">Samsung</param>
				<param name="Сумісність">Samsung</param>
				<param name="Клас якості">Original</param>
				<param name="Країна-виробник товару">Китай</param>
				<param name="Страна регистрации бренда">Китай</param>
				<param name="Гарантія">14 дней</param>
			</offer>
			<offer available="true" id="18395">
				<url>https://welcome-mobi.com.ua/shop/product/displey-Samsung-SM-A525-Galaxy-A52--2021--black-with-touchscreen-service-orig</url>
				<price>4214</price>
				<currencyId>UAH</currencyId>
				<categoryId>25</categoryId>
				<picture>https://welcome-mobi.com.ua/uploads/shop/origin/108065_main_origin.jpg</picture>
				<delivery>true</delivery>
				<name_ua>Дисплей Samsung SM-A525/A528 Galaxy A52/A52s (2021) в зборі з сенсором та рамкою black service orig</name_ua>
				<name>Дисплей Samsung SM-A525/A528 Galaxy A52/A52s (2021) в сборе с сенсором и рамкой black service orig</name>
				<vendor>Samsung</vendor>
				<stock_quantity>6</stock_quantity>
				<param name="Совместимые модели">Samsung</param>
				<param name="Сумісність">Samsung</param>
				<param name="Клас якості">Original</param>
				<param name="Країна-виробник товару">Китай</param>
				<param name="Страна регистрации бренда">Китай</param>
				<param name="Гарантія">14 дней</param>
			</offer>
			<offer available="true" id="18762">
				<url>https://welcome-mobi.com.ua/shop/product/displey-Samsung-SM-A725-Galaxy-A72--2021--v-sbore-s-sensorom-i-ramkoy-blue-service-orig</url>
				<price>3696</price>
				<currencyId>UAH</currencyId>
				<categoryId>25</categoryId>
				<picture>https://welcome-mobi.com.ua/uploads/shop/origin/108519_main_origin.jpg</picture>
				<delivery>true</delivery>
				<name_ua>Дисплей Samsung SM-A725 Galaxy A72 4G (2021) в зборі з сенсором та рамкою blue service orig</name_ua>
				<name>Дисплей Samsung SM-A725 Galaxy A72 4G (2021) в сборе с сенсором и рамкой blue service orig</name>
				<vendor>Samsung</vendor>
				<stock_quantity>1</stock_quantity>
				<param name="Совместимые модели">Samsung</param>
				<param name="Сумісність">Samsung</param>
				<param name="Клас якості">Original</param>
				<param name="Країна-виробник товару">Китай</param>
				<param name="Страна регистрации бренда">Китай</param>
				<param name="Гарантія">14 дней</param>
			</offer>
			<offer available="true" id="24300">
				<url>https://welcome-mobi.com.ua/shop/product/displey-Samsung-SM-A536-Galaxy-A53-5G--2022--v-sbore-s-sensorom-i-ramkoy-Awesome-Blue-service-orig</url>
				<price>4372</price>
				<currencyId>UAH</currencyId>
				<categoryId>25</categoryId>
				<picture>https://welcome-mobi.com.ua/uploads/shop/origin/116723_main_origin.jpg</picture>
				<delivery>true</delivery>
				<name_ua>Дисплей Samsung SM-A536 Galaxy A53 5G (2022) в зборі з сенсором та рамкою Awesome Blue service orig</name_ua>
				<name>Дисплей Samsung SM-A536 Galaxy A53 5G (2022) в сборе с сенсором и рамкой Awesome Blue service orig</name>
				<vendor>Samsung</vendor>
				<stock_quantity>2</stock_quantity>
				<param name="Совместимые модели">Samsung</param>
				<param name="Сумісність">Samsung</param>
				<param name="Клас якості">Original</param>
				<param name="Країна-виробник товару">Китай</param>
				<param name="Страна регистрации бренда">Китай</param>
				<param name="Гарантія">14 дней</param>
			</offer>
			<offer available="true" id="24798">
				<url>https://welcome-mobi.com.ua/shop/product/displey-Samsung-SM-S908-Galaxy-S22-Ultra--2022--v-sbore-s-sensorom-i-ramkoy-Phantom-White-service-orig</url>
				<price>12873</price>
				<currencyId>UAH</currencyId>
				<categoryId>25</categoryId>
				<picture>https://welcome-mobi.com.ua/uploads/shop/origin/117497_main_origin.jpg</picture>
				<delivery>true</delivery>
				<name_ua>Дисплей Samsung SM-S908 Galaxy S22 Ultra (2022) в зборі з сенсором та рамкою Phantom White service orig</name_ua>
				<name>Дисплей Samsung SM-S908 Galaxy S22 Ultra (2022) в сборе с сенсором и рамкой Phantom White service orig</name>
				<vendor>Samsung</vendor>
				<stock_quantity>2</stock_quantity>
				<param name="Совместимые модели">Samsung</param>
				<param name="Сумісність">Samsung</param>
				<param name="Клас якості">Original</param>
				<param name="Країна-виробник товару">Китай</param>
				<param name="Страна регистрации бренда">Китай</param>
				<param name="Гарантія">14 дней</param>
			</offer>
			<offer available="true" id="26526">
				<url>https://welcome-mobi.com.ua/shop/product/displey-Samsung-SM-M236,M336-Galaxy-M23-5G,M33-5G--2022--v-sbore-s-sensorom-i-ramkoy-black-service-orig--M236-V06-</url>
				<price>2163</price>
				<currencyId>UAH</currencyId>
				<categoryId>25</categoryId>
				<picture>https://welcome-mobi.com.ua/uploads/shop/origin/119122_main_origin.jpg</picture>
				<delivery>true</delivery>
				<name_ua>Дисплей Samsung SM-M236/M336 Galaxy M23 5G/M33 5G (2022) в зборі з сенсором та рамкою black service orig (M236 V06)</name_ua>
				<name>Дисплей Samsung SM-M236/M336 Galaxy M23 5G/M33 5G (2022) в сборе с сенсором и рамкой black service orig (M236 V06)</name>
				<vendor>Samsung</vendor>
				<stock_quantity>1</stock_quantity>
				<param name="Совместимые модели">Samsung</param>
				<param name="Сумісність">Samsung</param>
				<param name="Клас якості">Original</param>
				<param name="Країна-виробник товару">Китай</param>
				<param name="Страна регистрации бренда">Китай</param>
				<param name="Гарантія">14 дней</param>
			</offer>
			<offer available="true" id="26914">
				<url>https://welcome-mobi.com.ua/shop/product/displey-Samsung-SM-S918-Galaxy-S23-Ultra-5G--2023--v-sbore-s-sensorom-i-ramkoy-Graphite-Grey-service-orig</url>
				<price>12643</price>
				<currencyId>UAH</currencyId>
				<categoryId>25</categoryId>
				<picture>https://welcome-mobi.com.ua/uploads/shop/origin/119500_main_origin.jpg</picture>
				<delivery>true</delivery>
				<name_ua>Дисплей Samsung SM-S918 Galaxy S23 Ultra 5G (2023) в зборі з сенсором та рамкою Graphite Grey/Red service orig</name_ua>
				<name>Дисплей Samsung SM-S918 Galaxy S23 Ultra 5G (2023) в сборе с сенсором и рамкой Graphite Grey/Red service orig</name>
				<vendor>Samsung</vendor>
				<stock_quantity>1</stock_quantity>
				<param name="Совместимые модели">Samsung</param>
				<param name="Сумісність">Samsung</param>
				<param name="Клас якості">Original</param>
				<param name="Країна-виробник товару">Китай</param>
				<param name="Страна регистрации бренда">Китай</param>
				<param name="Гарантія">14 дней</param>
			</offer>
			<offer available="true" id="10084">
				<url>https://welcome-mobi.com.ua/shop/product/displey-Samsung-SM-G950FD-Galaxy-S8-purple-with-touchscreen-service-orig</url>
				<price>7471</price>
				<currencyId>UAH</currencyId>
				<categoryId>25</categoryId>
				<picture>https://welcome-mobi.com.ua/uploads/shop/origin/64983_main_origin.jpg</picture>
				<delivery>true</delivery>
				<name_ua>Дисплей Samsung SM-G950FD Galaxy S8 в зборі з сенсором та рамкою Orchid Gray service orig</name_ua>
				<name>Дисплей Samsung SM-G950FD Galaxy S8 в сборе с сенсором и рамкой Orchid Gray service orig</name>
				<vendor>Samsung</vendor>
				<stock_quantity>1</stock_quantity>
				<description>&lt;![CDATA[Дисплейный модуль (LCD+touchscreen, экран, LCD) для Samsung SM-G950FD Galaxy S8 – одна из основных комплектующих, благодаря которой, отображается цифровая, цифробуквенная или графическая информация на телефоне. Данная запчасть является одновременно дисплеем, сенсором и защитным стеклом, которые проклеены между собой прозрачным герметиком.  Простыми словами - монитор, на котором мы видим красочное изображение. Из-за хрупкости, данная деталь наиболее подвержена механическим повреждениям, в следствие чего экран приходиться менять. 
Дисплей Samsung SM-G950FD Galaxy S8 поступает к нам из официальных авторизированных сервис-центров, поэтому модуль имеет Super Amoled матрицу, которая исключает возможность использования в копиях и даже в хай-копиях. Компания Welcome mobi гарантирует высокий предпродажный сервис и удобные условия сотрудничества.]]&gt;</description>
				<description_ua>&lt;![CDATA[]]&gt;</description_ua>
				<param name="Совместимые модели">Samsung</param>
				<param name="Сумісність">Samsung</param>
				<param name="Клас якості">Original</param>
				<param name="Країна-виробник товару">Китай</param>
				<param name="Страна регистрации бренда">Китай</param>
				<param name="Гарантія">14 дней</param>
			</offer>
			<offer available="true" id="10459">
				<url>https://welcome-mobi.com.ua/shop/product/displey-Samsung-SM-J530F-Galaxy-J5--2017--black-with-touchscreen-service-orig</url>
				<price>3103</price>
				<currencyId>UAH</currencyId>
				<categoryId>25</categoryId>
				<picture>https://welcome-mobi.com.ua/uploads/shop/origin/68247_main_origin.jpg</picture>
				<delivery>true</delivery>
				<name_ua>Дисплей Samsung SM-J530F Galaxy J5 (2017) в зборі з сенсором black service orig</name_ua>
				<name>Дисплей Samsung SM-J530F Galaxy J5 (2017) в сборе с сенсором black service orig</name>
				<vendor>Samsung</vendor>
				<stock_quantity>1</stock_quantity>
				<description>&lt;![CDATA[Дисплейный модуль (LCD+touchscreen, экран, LCD) для Samsung SM-J530F Galaxy J5 (2017) – одна из основных комплектующих, благодаря которой, отображается цифровая, цифробуквенная или графическая информация на телефоне. Данная запчасть является одновременно дисплеем, сенсором и защитным стеклом, которые проклеены между собой прозрачным герметиком.  Простыми словами - монитор, на котором мы видим красочное изображение. Из-за хрупкости, данная деталь наиболее подвержена механическим повреждениям, в следствие чего экран приходиться менять. 
Дисплей Samsung SM-J530F Galaxy J5 (2017) поступает к нам из официальных авторизированных сервис-центров, поэтому модуль имеет Super Amoled матрицу, которая исключает возможность использования в копиях и даже в хай-копиях. Компания Welcome mobi гарантирует высокий предпродажный сервис и удобные условия сотрудничества.]]&gt;</description>
				<description_ua>&lt;![CDATA[]]&gt;</description_ua>
				<param name="Совместимые модели">Samsung</param>
				<param name="Сумісність">Samsung</param>
				<param name="Клас якості">Original</param>
				<param name="Країна-виробник товару">Китай</param>
				<param name="Страна регистрации бренда">Китай</param>
				<param name="Гарантія">14 дней</param>
			</offer>
			<offer available="true" id="13618">
				<url>https://welcome-mobi.com.ua/shop/product/displey-Samsung-SM-A605F-Galaxy-A6+--2018--black-with-touchscreen-service-orig</url>
				<price>3172</price>
				<currencyId>UAH</currencyId>
				<categoryId>25</categoryId>
				<picture>https://welcome-mobi.com.ua/uploads/shop/origin/102717_main_origin.jpg</picture>
				<delivery>true</delivery>
				<name_ua>Дисплей Samsung SM-A605F Galaxy A6+ (2018) в зборі з сенсором black service orig</name_ua>
				<name>Дисплей Samsung SM-A605F Galaxy A6+ (2018) в сборе с сенсором black service orig</name>
				<vendor>Samsung</vendor>
				<stock_quantity>2</stock_quantity>
				<param name="Совместимые модели">Samsung</param>
				<param name="Сумісність">Samsung</param>
				<param name="Клас якості">Original</param>
				<param name="Країна-виробник товару">Китай</param>
				<param name="Страна регистрации бренда">Китай</param>
				<param name="Гарантія">14 дней</param>
			</offer>
			<offer available="true" id="14774">
				<url>https://welcome-mobi.com.ua/shop/product/displey-Samsung-SM-A515F-Galaxy-A51--2020--black-with-touchscreen-service-orig</url>
				<price>3660</price>
				<currencyId>UAH</currencyId>
				<categoryId>25</categoryId>
				<picture>https://welcome-mobi.com.ua/uploads/shop/origin/104251_main_origin.jpg</picture>
				<delivery>true</delivery>
				<name_ua>Дисплей Samsung SM-A515 Galaxy A51 (2020) в зборі з сенсором та рамкою black service orig</name_ua>
				<name>Дисплей Samsung SM-A515 Galaxy A51 (2020) в сборе с сенсором и рамкой black service orig</name>
				<vendor>Samsung</vendor>
				<stock_quantity>12</stock_quantity>
				<param name="Совместимые модели">Samsung</param>
				<param name="Сумісність">Samsung</param>
				<param name="Клас якості">Original</param>
				<param name="Країна-виробник товару">Китай</param>
				<param name="Страна регистрации бренда">Китай</param>
				<param name="Гарантія">14 дней</param>
			</offer>
			<offer available="true" id="26855">
				<url>https://welcome-mobi.com.ua/shop/product/displey-Samsung-SM-A235,M236,M336-Galaxy-A23-4G,M23,M33--2022--v-sbore-s-sensorom-black-service-orig--A235-rev1.1-</url>
				<price>857</price>
				<currencyId>UAH</currencyId>
				<categoryId>25</categoryId>
				<picture>https://welcome-mobi.com.ua/uploads/shop/origin/119440_main_origin.jpg</picture>
				<delivery>true</delivery>
				<name_ua>Дисплей Samsung SM-A235/M236/M336 Galaxy A23 4G/M23/M33 (2022) в зборі з сенсором black service orig (A235 rev1.1)</name_ua>
				<name>Дисплей Samsung SM-A235/M236/M336 Galaxy A23 4G/M23/M33 (2022) в сборе с сенсором black service orig (A235 rev1.1)</name>
				<vendor>Samsung</vendor>
				<stock_quantity>29</stock_quantity>
				<param name="Совместимые модели">Samsung</param>
				<param name="Сумісність">Samsung</param>
				<param name="Клас якості">Original</param>
				<param name="Країна-виробник товару">Китай</param>
				<param name="Страна регистрации бренда">Китай</param>
				<param name="Гарантія">14 дней</param>
			</offer>
			<offer available="true" id="12866">
				<url>https://welcome-mobi.com.ua/shop/product/displey-Samsung-SM-G960FD-Galaxy-S9-lilac-purple-with-touchscreen-and-frame-service-orig</url>
				<price>7854</price>
				<currencyId>UAH</currencyId>
				<categoryId>25</categoryId>
				<picture>https://welcome-mobi.com.ua/uploads/shop/origin/101927_main_origin.jpg</picture>
				<delivery>true</delivery>
				<name_ua>Дисплей Samsung SM-G960FD Galaxy S9 в зборі з сенсором та рамкою Lilac Purple service orig</name_ua>
				<name>Дисплей Samsung SM-G960FD Galaxy S9 в сборе с сенсором и рамкой Lilac Purple service orig</name>
				<vendor>Samsung</vendor>
				<stock_quantity>2</stock_quantity>
				<param name="Совместимые модели">Samsung</param>
				<param name="Сумісність">Samsung</param>
				<param name="Клас якості">Original</param>
				<param name="Країна-виробник товару">Китай</param>
				<param name="Страна регистрации бренда">Китай</param>
				<param name="Гарантія">14 дней</param>
			</offer>
			<offer available="true" id="20148">
				<url>https://welcome-mobi.com.ua/shop/product/displey-Samsung-SM-M325-Galaxy-M32--2021--v-sbore-s-sensorom-i-ramkoy-black-service-orig</url>
				<price>3471</price>
				<currencyId>UAH</currencyId>
				<categoryId>25</categoryId>
				<picture>https://welcome-mobi.com.ua/uploads/shop/origin/109809_main_origin.jpg</picture>
				<delivery>true</delivery>
				<name_ua>Дисплей Samsung SM-M325 Galaxy M32 (2021) в зборі з сенсором та рамкою black service orig</name_ua>
				<name>Дисплей Samsung SM-M325 Galaxy M32 (2021) в сборе с сенсором и рамкой black service orig</name>
				<vendor>Samsung</vendor>
				<stock_quantity>3</stock_quantity>
				<param name="Совместимые модели">Samsung</param>
				<param name="Сумісність">Samsung</param>
				<param name="Клас якості">Original</param>
				<param name="Країна-виробник товару">Китай</param>
				<param name="Страна регистрации бренда">Китай</param>
				<param name="Гарантія">14 дней</param>
			</offer>
			<offer available="true" id="23519">
				<url>https://welcome-mobi.com.ua/shop/product/displey-Samsung-SM-S906-Galaxy-S22-Plus--2022--v-sbore-s-sensorom-i-ramkoy-Phantom-Violet-service-orig</url>
				<price>8046</price>
				<currencyId>UAH</currencyId>
				<categoryId>25</categoryId>
				<picture>https://welcome-mobi.com.ua/uploads/shop/origin/115937_main_origin.jpg</picture>
				<delivery>true</delivery>
				<name_ua>Дисплей Samsung SM-S906 Galaxy S22 Plus (2022) в зборі з сенсором та рамкою Phantom Violet service orig</name_ua>
				<name>Дисплей Samsung SM-S906 Galaxy S22 Plus (2022) в сборе с сенсором и рамкой Phantom Violet service orig</name>
				<vendor>Samsung</vendor>
				<stock_quantity>1</stock_quantity>
				<param name="Совместимые модели">Samsung</param>
				<param name="Сумісність">Samsung</param>
				<param name="Клас якості">Original</param>
				<param name="Країна-виробник товару">Китай</param>
				<param name="Страна регистрации бренда">Китай</param>
				<param name="Гарантія">14 дней</param>
			</offer>
			<offer available="true" id="24555">
				<url>https://welcome-mobi.com.ua/shop/product/displey-Samsung-SM-A137,M236,M336-Galaxy-A13,M23-5G,M33-5G--2022--v-sbore-s-sensorom-black-service-orig</url>
				<price>857</price>
				<currencyId>UAH</currencyId>
				<categoryId>25</categoryId>
				<picture>https://welcome-mobi.com.ua/uploads/shop/origin/117241_main_origin.jpg</picture>
				<delivery>true</delivery>
				<name_ua>Дисплей Samsung SM-A135/A137/A235/A236/M236/M336 Galaxy A13 4G/A23 4G/A23 5G/M23 5G/M33 5G в зборі з сенсором black service orig (M336 REV0.3)</name_ua>
				<name>Дисплей Samsung SM-A135/A137/A235/A236/M236/M336 Galaxy A13 4G/A23 4G/A23 5G/M23 5G/M33 5G в сборе с сенсором black service orig (M336 REV0.3)</name>
				<vendor>Samsung</vendor>
				<stock_quantity>10</stock_quantity>
				<param name="Совместимые модели">Samsung</param>
				<param name="Сумісність">Samsung</param>
				<param name="Клас якості">Original</param>
				<param name="Країна-виробник товару">Китай</param>
				<param name="Страна регистрации бренда">Китай</param>
				<param name="Гарантія">14 дней</param>
			</offer>
			<offer available="true" id="26502">
				<url>https://welcome-mobi.com.ua/shop/product/displey-Samsung-SM-S916-Galaxy-S23-Plus-5G--2023--v-sbore-s-sensorom-i-ramkoy-Phantom-Black-service-orig</url>
				<price>8429</price>
				<currencyId>UAH</currencyId>
				<categoryId>25</categoryId>
				<picture>https://welcome-mobi.com.ua/uploads/shop/origin/119099_main_origin.jpg</picture>
				<picture>https://welcome-mobi.com.ua/uploads/shop/origin/119099_0.jpg</picture>
				<delivery>true</delivery>
				<name_ua>Дисплей Samsung SM-S916 Galaxy S23 Plus 5G (2023) в зборі з сенсором та рамкою Phantom Black service orig</name_ua>
				<name>Дисплей Samsung SM-S916 Galaxy S23 Plus 5G (2023) в сборе с сенсором и рамкой Phantom Black service orig</name>
				<vendor>Samsung</vendor>
				<stock_quantity>2</stock_quantity>
				<param name="Совместимые модели">Samsung</param>
				<param name="Сумісність">Samsung</param>
				<param name="Клас якості">Original</param>
				<param name="Країна-виробник товару">Китай</param>
				<param name="Страна регистрации бренда">Китай</param>
				<param name="Гарантія">14 дней</param>
			</offer>
			<offer available="true" id="16610">
				<url>https://welcome-mobi.com.ua/shop/product/displey-Samsung-SM-N980,N981-Galaxy-Note-20,Note-20-5G-Grey-with-touchscreen-+-frame-service-orig</url>
				<price>8812</price>
				<currencyId>UAH</currencyId>
				<categoryId>25</categoryId>
				<picture>https://welcome-mobi.com.ua/uploads/shop/origin/106104_main_origin.jpg</picture>
				<delivery>true</delivery>
				<name_ua>Дисплей Samsung SM-N980/N981 Galaxy Note 20 4G/20 5G в зборі з сенсором та рамкою Grey service orig</name_ua>
				<name>Дисплей Samsung SM-N980/N981 Galaxy Note 20 4G/20 5G в сборе с сенсором и рамкой Grey service orig</name>
				<vendor>Samsung</vendor>
				<stock_quantity>1</stock_quantity>
				<param name="Совместимые модели">Samsung</param>
				<param name="Сумісність">Samsung</param>
				<param name="Клас якості">Original</param>
				<param name="Країна-виробник товару">Китай</param>
				<param name="Страна регистрации бренда">Китай</param>
				<param name="Гарантія">14 дней</param>
			</offer>
			<offer available="true" id="19616">
				<url>https://welcome-mobi.com.ua/shop/product/displey-Samsung-SM-G985,G986-Galaxy-S20+-4G,5G-v-sbore-s-sensorom-i-ramkoy-Cloud-White-service-orig</url>
				<price>9923</price>
				<currencyId>UAH</currencyId>
				<categoryId>25</categoryId>
				<picture>https://welcome-mobi.com.ua/uploads/shop/origin/109363_main_origin.jpg</picture>
				<delivery>true</delivery>
				<name_ua>Дисплей Samsung SM-G985/G986 Galaxy S20+ 4G/5G в зборі з сенсором та рамкою Cloud White service orig</name_ua>
				<name>Дисплей Samsung SM-G985/G986 Galaxy S20+ 4G/5G в сборе с сенсором и рамкой Cloud White service orig</name>
				<vendor>Samsung</vendor>
				<stock_quantity>1</stock_quantity>
				<param name="Совместимые модели">Samsung</param>
				<param name="Сумісність">Samsung</param>
				<param name="Клас якості">Original</param>
				<param name="Країна-виробник товару">Китай</param>
				<param name="Страна регистрации бренда">Китай</param>
				<param name="Гарантія">14 дней</param>
			</offer>
			<offer available="true" id="22752">
				<url>https://welcome-mobi.com.ua/shop/product/displey-Samsung-SM-G990-Galaxy-S21-FE-2021-v-sbore-s-sensorom-i-ramkoy-Olive-service-orig</url>
				<price>6092</price>
				<currencyId>UAH</currencyId>
				<categoryId>25</categoryId>
				<picture>https://welcome-mobi.com.ua/uploads/shop/origin/115209_main_origin.jpg</picture>
				<delivery>true</delivery>
				<name_ua>Дисплей Samsung SM-G990 Galaxy S21 FE 2021 в зборі з сенсором та рамкою Olive service orig</name_ua>
				<name>Дисплей Samsung SM-G990 Galaxy S21 FE 2021 в сборе с сенсором и рамкой Olive service orig</name>
				<vendor>Samsung</vendor>
				<stock_quantity>1</stock_quantity>
				<param name="Совместимые модели">Samsung</param>
				<param name="Сумісність">Samsung</param>
				<param name="Клас якості">Original</param>
				<param name="Країна-виробник товару">Китай</param>
				<param name="Страна регистрации бренда">Китай</param>
				<param name="Гарантія">14 дней</param>
			</offer>
			<offer available="true" id="20532">
				<url>https://welcome-mobi.com.ua/shop/product/displey-Samsung-SM-A326-Galaxy-A32-5G--2021--v-sbore-s-sensorom-i-ramkoy-black-service-orig</url>
				<price>2260</price>
				<currencyId>UAH</currencyId>
				<categoryId>25</categoryId>
				<picture>https://welcome-mobi.com.ua/uploads/shop/origin/110179_main_origin.jpg</picture>
				<delivery>true</delivery>
				<name_ua>Дисплей Samsung SM-A326 Galaxy A32 5G (2021) в зборі з сенсором та рамкою black service orig</name_ua>
				<name>Дисплей Samsung SM-A326 Galaxy A32 5G (2021) в сборе с сенсором и рамкой black service orig</name>
				<vendor>Samsung</vendor>
				<stock_quantity>1</stock_quantity>
				<param name="Совместимые модели">Samsung</param>
				<param name="Сумісність">Samsung</param>
				<param name="Клас якості">Original</param>
				<param name="Країна-виробник товару">Китай</param>
				<param name="Страна регистрации бренда">Китай</param>
				<param name="Гарантія">14 дней</param>
			</offer>
			<offer available="true" id="23069">
				<url>https://welcome-mobi.com.ua/shop/product/displey-Samsung-SM-A035-Galaxy-A03--2021--v-sbore-s-sensorom-black-service-orig</url>
				<price>766</price>
				<currencyId>UAH</currencyId>
				<categoryId>25</categoryId>
				<picture>https://welcome-mobi.com.ua/uploads/shop/origin/115550_main_origin.jpg</picture>
				<delivery>true</delivery>
				<name_ua>Дисплей Samsung SM-A035F Galaxy A03 (2021) в зборі з сенсором black service orig</name_ua>
				<name>Дисплей Samsung SM-A035F Galaxy A03 (2021) в сборе с сенсором black service orig</name>
				<vendor>Samsung</vendor>
				<stock_quantity>11</stock_quantity>
				<param name="Совместимые модели">Samsung</param>
				<param name="Сумісність">Samsung</param>
				<param name="Клас якості">Original</param>
				<param name="Країна-виробник товару">Китай</param>
				<param name="Страна регистрации бренда">Китай</param>
				<param name="Гарантія">14 дней</param>
			</offer>
			<offer available="true" id="23520">
				<url>https://welcome-mobi.com.ua/shop/product/displey-Samsung-SM-S908-Galaxy-S22-Ultra--2022--v-sbore-s-sensorom-i-ramkoy-Phantom-Black-service-orig</url>
				<price>13410</price>
				<currencyId>UAH</currencyId>
				<categoryId>25</categoryId>
				<picture>https://welcome-mobi.com.ua/uploads/shop/origin/115938_main_origin.jpg</picture>
				<delivery>true</delivery>
				<name_ua>Дисплей Samsung SM-S908 Galaxy S22 Ultra (2022) в зборі з сенсором та рамкою Phantom Black service orig</name_ua>
				<name>Дисплей Samsung SM-S908 Galaxy S22 Ultra (2022) в сборе с сенсором и рамкой Phantom Black service orig</name>
				<vendor>Samsung</vendor>
				<stock_quantity>2</stock_quantity>
				<param name="Совместимые модели">Samsung</param>
				<param name="Сумісність">Samsung</param>
				<param name="Клас якості">Original</param>
				<param name="Країна-виробник товару">Китай</param>
				<param name="Страна регистрации бренда">Китай</param>
				<param name="Гарантія">14 дней</param>
			</offer>
			<offer available="true" id="13811">
				<url>https://welcome-mobi.com.ua/shop/product/displey-Samsung-SM-A505F-Galaxy-A50-black-with-touchscreen-service-orig</url>
				<price>2885</price>
				<currencyId>UAH</currencyId>
				<categoryId>25</categoryId>
				<picture>https://welcome-mobi.com.ua/uploads/shop/origin/102897_main_origin.jpg</picture>
				<delivery>true</delivery>
				<name_ua>Дисплей Samsung SM-A505 Galaxy A50 (2019) в зборі з сенсором та рамкою black service orig</name_ua>
				<name>Дисплей Samsung SM-A505 Galaxy A50 (2019) в сборе с сенсором и рамкой black service orig</name>
				<vendor>Samsung</vendor>
				<stock_quantity>4</stock_quantity>
				<param name="Совместимые модели">Samsung</param>
				<param name="Сумісність">Samsung</param>
				<param name="Клас якості">Original</param>
				<param name="Країна-виробник товару">Китай</param>
				<param name="Страна регистрации бренда">Китай</param>
				<param name="Гарантія">14 дней</param>
			</offer>
			<offer available="true" id="15272">
				<url>https://welcome-mobi.com.ua/shop/product/displey-Samsung-SM-M115F-Galaxy-M11--2020--black-with-touchscreen-and-frame-service-orig</url>
				<price>857</price>
				<currencyId>UAH</currencyId>
				<categoryId>25</categoryId>
				<picture>https://welcome-mobi.com.ua/uploads/shop/origin/104762_main_origin.jpg</picture>
				<delivery>true</delivery>
				<name_ua>Дисплей Samsung SM-A115/M115 Galaxy A11/M11 (2020) в зборі з сенсором black service orig (157,5 мм)</name_ua>
				<name>Дисплей Samsung SM-A115/M115 Galaxy A11/M11 (2020) в сборе с сенсором black service orig (157,5 мм)</name>
				<vendor>Samsung</vendor>
				<stock_quantity>6</stock_quantity>
				<param name="Совместимые модели">Samsung</param>
				<param name="Сумісність">Samsung</param>
				<param name="Клас якості">Original</param>
				<param name="Країна-виробник товару">Китай</param>
				<param name="Страна регистрации бренда">Китай</param>
				<param name="Гарантія">14 дней</param>
			</offer>
			<offer available="true" id="17213">
				<url>https://welcome-mobi.com.ua/shop/product/displey-Samsung-SM-G780F-Galaxy-S20-FE-2020-Cloud-Red-with-touchscreen-and-frame-service-orig</url>
				<price>5211</price>
				<currencyId>UAH</currencyId>
				<categoryId>25</categoryId>
				<picture>https://welcome-mobi.com.ua/uploads/shop/origin/106850_main_origin.jpg</picture>
				<delivery>true</delivery>
				<name_ua>Дисплей Samsung SM-G780 Galaxy S20 FE 4G (2020) в зборі з сенсором та рамкою Cloud Red service orig</name_ua>
				<name>Дисплей Samsung SM-G780 Galaxy S20 FE 4G (2020) в сборе с сенсором и рамкой Cloud Red service orig</name>
				<vendor>Samsung</vendor>
				<stock_quantity>2</stock_quantity>
				<param name="Совместимые модели">Samsung</param>
				<param name="Сумісність">Samsung</param>
				<param name="Клас якості">Original</param>
				<param name="Країна-виробник товару">Китай</param>
				<param name="Страна регистрации бренда">Китай</param>
				<param name="Гарантія">14 дней</param>
			</offer>
			<offer available="true" id="15188">
				<url>https://welcome-mobi.com.ua/shop/product/displey-Samsung-SM-G973FD-Galaxy-S10-Prism-White-with-touchscreen-and-frame-service-orig</url>
				<price>9195</price>
				<currencyId>UAH</currencyId>
				<categoryId>25</categoryId>
				<picture>https://welcome-mobi.com.ua/uploads/shop/origin/104577_main_origin.jpg</picture>
				<delivery>true</delivery>
				<name_ua>Дисплей Samsung SM-G973FD Galaxy S10 в зборі з сенсором та рамкою Prism White service orig</name_ua>
				<name>Дисплей Samsung SM-G973FD Galaxy S10 в сборе с сенсором и рамкой Prism White service orig</name>
				<vendor>Samsung</vendor>
				<stock_quantity>1</stock_quantity>
				<param name="Совместимые модели">Samsung</param>
				<param name="Сумісність">Samsung</param>
				<param name="Клас якості">Original</param>
				<param name="Країна-виробник товару">Китай</param>
				<param name="Страна регистрации бренда">Китай</param>
				<param name="Гарантія">14 дней</param>
			</offer>
			<offer available="true" id="15190">
				<url>https://welcome-mobi.com.ua/shop/product/displey-Samsung-SM-M307F-Galaxy-M30s--2019--black-with-touchscreen-and-frame-service-orig</url>
				<price>3020</price>
				<currencyId>UAH</currencyId>
				<categoryId>25</categoryId>
				<picture>https://welcome-mobi.com.ua/uploads/shop/origin/104580_main_origin.jpg</picture>
				<delivery>true</delivery>
				<name_ua>Дисплей Samsung SM-M307/M215 Galaxy M30s/M21 в зборі з сенсором та рамкою black service orig</name_ua>
				<name>Дисплей Samsung SM-M307/M215 Galaxy M30s/M21 в сборе с сенсором и рамкой black service orig</name>
				<vendor>Samsung</vendor>
				<stock_quantity>11</stock_quantity>
				<param name="Совместимые модели">Samsung</param>
				<param name="Сумісність">Samsung</param>
				<param name="Клас якості">Original</param>
				<param name="Країна-виробник товару">Китай</param>
				<param name="Страна регистрации бренда">Китай</param>
				<param name="Гарантія">14 дней</param>
			</offer>
			<offer available="true" id="15848">
				<url>https://welcome-mobi.com.ua/shop/product/displey-Samsung-SM-G975FD-Galaxy-S10+-Prism-Green-with-touchscreen-and-frame-service-orig</url>
				<price>9578</price>
				<currencyId>UAH</currencyId>
				<categoryId>25</categoryId>
				<picture>https://welcome-mobi.com.ua/uploads/shop/origin/105329_main_origin.jpg</picture>
				<delivery>true</delivery>
				<name_ua>Дисплей Samsung SM-G975FD Galaxy S10 Plus в зборі з сенсором та рамкою Prism Green service orig</name_ua>
				<name>Дисплей Samsung SM-G975FD Galaxy S10 Plus в сборе с сенсором и рамкой Prism Green service orig</name>
				<vendor>Samsung</vendor>
				<stock_quantity>2</stock_quantity>
				<param name="Совместимые модели">Samsung</param>
				<param name="Сумісність">Samsung</param>
				<param name="Клас якості">Original</param>
				<param name="Країна-виробник товару">Китай</param>
				<param name="Страна регистрации бренда">Китай</param>
				<param name="Гарантія">14 дней</param>
			</offer>
			<offer available="true" id="17551">
				<url>https://welcome-mobi.com.ua/shop/product/displey-Samsung-SM-A025-Galaxy-A02s--2021--black-with-touchscreen-and-frame-service-orig</url>
				<price>766</price>
				<currencyId>UAH</currencyId>
				<categoryId>25</categoryId>
				<picture>https://welcome-mobi.com.ua/uploads/shop/origin/107341_main_origin.jpg</picture>
				<delivery>true</delivery>
				<name_ua>Дисплей Samsung SM-A025F/M025 Galaxy A02s/M02s (2021) в зборі з сенсором black service orig (160,5x72мм)</name_ua>
				<name>Дисплей Samsung SM-A025F/M025 Galaxy A02s/M02s (2021) в сборе с сенсором black service orig (160,5x72мм)</name>
				<vendor>Samsung</vendor>
				<stock_quantity>7</stock_quantity>
				<param name="Совместимые модели">Samsung</param>
				<param name="Сумісність">Samsung</param>
				<param name="Клас якості">Original</param>
				<param name="Країна-виробник товару">Китай</param>
				<param name="Страна регистрации бренда">Китай</param>
				<param name="Гарантія">14 дней</param>
			</offer>
			<offer available="true" id="17708">
				<url>https://welcome-mobi.com.ua/shop/product/displey-Samsung-SM-A025-Galaxy-A02s-2021-black-with-touchscreen-and-frame-service-orig</url>
				<price>1992</price>
				<currencyId>UAH</currencyId>
				<categoryId>25</categoryId>
				<picture>https://welcome-mobi.com.ua/uploads/shop/origin/107511_main_origin.jpg</picture>
				<delivery>true</delivery>
				<name_ua>Дисплей Samsung SM-A025F Galaxy A02s (2021) в зборі з сенсором та рамкою black service orig (160,5x72мм)</name_ua>
				<name>Дисплей Samsung SM-A025F Galaxy A02s (2021) в сборе с сенсором и рамкой black service orig (160,5x72мм)</name>
				<vendor>Samsung</vendor>
				<stock_quantity>2</stock_quantity>
				<param name="Совместимые модели">Samsung</param>
				<param name="Сумісність">Samsung</param>
				<param name="Клас якості">Original</param>
				<param name="Країна-виробник товару">Китай</param>
				<param name="Страна регистрации бренда">Китай</param>
				<param name="Гарантія">14 дней</param>
			</offer>
			<offer available="true" id="22754">
				<url>https://welcome-mobi.com.ua/shop/product/displey-Samsung-SM-G990-Galaxy-S21-FE-2021-v-sbore-s-sensorom-i-ramkoy-Lavender-service-orig</url>
				<price>6092</price>
				<currencyId>UAH</currencyId>
				<categoryId>25</categoryId>
				<picture>https://welcome-mobi.com.ua/uploads/shop/origin/115203_main_origin.jpg</picture>
				<delivery>true</delivery>
				<name_ua>Дисплей Samsung SM-G990 Galaxy S21 FE 2021 в зборі з сенсором та рамкою Lavender service orig</name_ua>
				<name>Дисплей Samsung SM-G990 Galaxy S21 FE 2021 в сборе с сенсором и рамкой Lavender service orig</name>
				<vendor>Samsung</vendor>
				<stock_quantity>1</stock_quantity>
				<param name="Совместимые модели">Samsung</param>
				<param name="Сумісність">Samsung</param>
				<param name="Клас якості">Original</param>
				<param name="Країна-виробник товару">Китай</param>
				<param name="Страна регистрации бренда">Китай</param>
				<param name="Гарантія">14 дней</param>
			</offer>
			<offer available="true" id="23515">
				<url>https://welcome-mobi.com.ua/shop/product/displey-Samsung-SM-S901-Galaxy-S22--2022--v-sbore-s-sensorom-i-ramkoy-Graphite-Grey-service-orig</url>
				<price>7279</price>
				<currencyId>UAH</currencyId>
				<categoryId>25</categoryId>
				<picture>https://welcome-mobi.com.ua/uploads/shop/origin/115933_main_origin.jpg</picture>
				<delivery>true</delivery>
				<name_ua>Дисплей Samsung SM-S901 Galaxy S22 (2022) в зборі з сенсором та рамкою Graphite Grey service orig</name_ua>
				<name>Дисплей Samsung SM-S901 Galaxy S22 (2022) в сборе с сенсором и рамкой Graphite Grey service orig</name>
				<vendor>Samsung</vendor>
				<stock_quantity>1</stock_quantity>
				<param name="Совместимые модели">Samsung</param>
				<param name="Сумісність">Samsung</param>
				<param name="Клас якості">Original</param>
				<param name="Країна-виробник товару">Китай</param>
				<param name="Страна регистрации бренда">Китай</param>
				<param name="Гарантія">14 дней</param>
			</offer>
			<offer available="true" id="24302">
				<url>https://welcome-mobi.com.ua/shop/product/displey-Samsung-SM-A716-Galaxy-A71-5G--2020--v-sbore-s-sensorom-i-ramkoy-black-service-orig</url>
				<price>4789</price>
				<currencyId>UAH</currencyId>
				<categoryId>25</categoryId>
				<picture>https://welcome-mobi.com.ua/uploads/shop/origin/116725_main_origin.jpg</picture>
				<delivery>true</delivery>
				<name_ua>Дисплей Samsung SM-A716 Galaxy A71 5G (2020) в зборі з сенсором та рамкою black service orig</name_ua>
				<name>Дисплей Samsung SM-A716 Galaxy A71 5G (2020) в сборе с сенсором и рамкой black service orig</name>
				<vendor>Samsung</vendor>
				<stock_quantity>2</stock_quantity>
				<param name="Совместимые модели">Samsung</param>
				<param name="Сумісність">Samsung</param>
				<param name="Клас якості">Original</param>
				<param name="Країна-виробник товару">Китай</param>
				<param name="Страна регистрации бренда">Китай</param>
				<param name="Гарантія">14 дней</param>
			</offer>
			<offer available="true" id="26503">
				<url>https://welcome-mobi.com.ua/shop/product/displey-Samsung-SM-S918-Galaxy-S23-Ultra-5G--2023--v-sbore-s-sensorom-i-ramkoy-Phantom-Black-service-orig</url>
				<price>12643</price>
				<currencyId>UAH</currencyId>
				<categoryId>25</categoryId>
				<picture>https://welcome-mobi.com.ua/uploads/shop/origin/119090_main_origin.jpg</picture>
				<delivery>true</delivery>
				<name_ua>Дисплей Samsung SM-S918 Galaxy S23 Ultra 5G (2023) в зборі з сенсором та рамкою Phantom Black service orig</name_ua>
				<name>Дисплей Samsung SM-S918 Galaxy S23 Ultra 5G (2023) в сборе с сенсором и рамкой Phantom Black service orig</name>
				<vendor>Samsung</vendor>
				<stock_quantity>1</stock_quantity>
				<param name="Совместимые модели">Samsung</param>
				<param name="Сумісність">Samsung</param>
				<param name="Клас якості">Original</param>
				<param name="Країна-виробник товару">Китай</param>
				<param name="Страна регистрации бренда">Китай</param>
				<param name="Гарантія">14 дней</param>
			</offer>
			<offer available="true" id="23091">
				<url>https://welcome-mobi.com.ua/shop/product/displey-Samsung-SM-S906-Galaxy-S22-Plus--2022--v-sbore-s-sensorom-i-ramkoy-Phantom-Black-service-orig</url>
				<price>7854</price>
				<currencyId>UAH</currencyId>
				<categoryId>25</categoryId>
				<picture>https://welcome-mobi.com.ua/uploads/shop/origin/115645_main_origin.jpg</picture>
				<delivery>true</delivery>
				<name_ua>Дисплей Samsung SM-S906 Galaxy S22 Plus (2022) в зборі з сенсором та рамкою Phantom Black service orig</name_ua>
				<name>Дисплей Samsung SM-S906 Galaxy S22 Plus (2022) в сборе с сенсором и рамкой Phantom Black service orig</name>
				<vendor>Samsung</vendor>
				<stock_quantity>3</stock_quantity>
				<param name="Совместимые модели">Samsung</param>
				<param name="Сумісність">Samsung</param>
				<param name="Клас якості">Original</param>
				<param name="Країна-виробник товару">Китай</param>
				<param name="Страна регистрации бренда">Китай</param>
				<param name="Гарантія">14 дней</param>
			</offer>
			<offer available="true" id="15948">
				<url>https://welcome-mobi.com.ua/shop/product/displey-Samsung-SM-A217F-Galaxy-A21s--2020--black-with-touchscreen-and-frame-service-orig</url>
				<price>857</price>
				<currencyId>UAH</currencyId>
				<categoryId>25</categoryId>
				<picture>https://welcome-mobi.com.ua/uploads/shop/origin/105474_main_origin.jpg</picture>
				<delivery>true</delivery>
				<name_ua>Дисплей Samsung SM-A217F Galaxy A21s (2020) в зборі з сенсором black service orig</name_ua>
				<name>Дисплей Samsung SM-A217F Galaxy A21s (2020) в сборе с сенсором black service orig</name>
				<vendor>Samsung</vendor>
				<stock_quantity>19</stock_quantity>
				<param name="Совместимые модели">Samsung</param>
				<param name="Сумісність">Samsung</param>
				<param name="Клас якості">Original</param>
				<param name="Країна-виробник товару">Китай</param>
				<param name="Страна регистрации бренда">Китай</param>
				<param name="Гарантія">14 дней</param>
			</offer>
			<offer available="true" id="16611">
				<url>https://welcome-mobi.com.ua/shop/product/displey-Samsung-SM-N985-Galaxy-Note-20-Ultra-black-with-touchscreen-and-frame-service-orig</url>
				<price>12643</price>
				<currencyId>UAH</currencyId>
				<categoryId>25</categoryId>
				<picture>https://welcome-mobi.com.ua/uploads/shop/origin/106101_main_origin.jpg</picture>
				<delivery>true</delivery>
				<name_ua>Дисплей Samsung SM-N985 Galaxy Note 20 Ultra в зборі з сенсором та рамкою Black service orig</name_ua>
				<name>Дисплей Samsung SM-N985 Galaxy Note 20 Ultra в сборе с сенсором и рамкой Black service orig</name>
				<vendor>Samsung</vendor>
				<stock_quantity>1</stock_quantity>
				<param name="Совместимые модели">Samsung</param>
				<param name="Сумісність">Samsung</param>
				<param name="Клас якості">Original</param>
				<param name="Країна-виробник товару">Китай</param>
				<param name="Страна регистрации бренда">Китай</param>
				<param name="Гарантія">14 дней</param>
			</offer>
			<offer available="true" id="17345">
				<url>https://welcome-mobi.com.ua/shop/product/displey-Samsung-SM-N770-Galaxy-Note-10-Lite-Aura-Silver-with-touchscreen-and-frame-service-orig</url>
				<price>7279</price>
				<currencyId>UAH</currencyId>
				<categoryId>25</categoryId>
				<picture>https://welcome-mobi.com.ua/uploads/shop/origin/106997_main_origin.jpg</picture>
				<delivery>true</delivery>
				<name_ua>Дисплей Samsung SM-N770 Galaxy Note 10 Lite в зборі з сенсором та рамкою Aura Silver service orig</name_ua>
				<name>Дисплей Samsung SM-N770 Galaxy Note 10 Lite в сборе с сенсором и рамкой Aura Silver service orig</name>
				<vendor>Samsung</vendor>
				<stock_quantity>1</stock_quantity>
				<param name="Совместимые модели">Samsung</param>
				<param name="Сумісність">Samsung</param>
				<param name="Клас якості">Original</param>
				<param name="Країна-виробник товару">Китай</param>
				<param name="Страна регистрации бренда">Китай</param>
				<param name="Гарантія">14 дней</param>
			</offer>
			<offer available="true" id="20220">
				<url>https://welcome-mobi.com.ua/shop/product/displey-Samsung-SM-A025-Galaxy-A02s-2021-v-sbore-s-sensorom-i-ramkoy-black-service-orig--163x72,5mm-</url>
				<price>1571</price>
				<currencyId>UAH</currencyId>
				<categoryId>25</categoryId>
				<picture>https://welcome-mobi.com.ua/uploads/shop/origin/109876_main_origin.jpg</picture>
				<delivery>true</delivery>
				<name_ua>Дисплей Samsung SM-A025G Galaxy A02s (2021) в зборі з сенсором та рамкою black service orig (163x72,5мм)</name_ua>
				<name>Дисплей Samsung SM-A025G Galaxy A02s (2021) в сборе с сенсором и рамкой black service orig (163x72,5мм)</name>
				<vendor>Samsung</vendor>
				<stock_quantity>1</stock_quantity>
				<param name="Совместимые модели">Samsung</param>
				<param name="Сумісність">Samsung</param>
				<param name="Клас якості">Original</param>
				<param name="Країна-виробник товару">Китай</param>
				<param name="Страна регистрации бренда">Китай</param>
				<param name="Гарантія">14 дней</param>
			</offer>
			<offer available="true" id="10086">
				<url>https://welcome-mobi.com.ua/shop/product/displey-Samsung-SM-G955FD-Galaxy-S8+-gold-with-touchscreen-service-orig</url>
				<price>7279</price>
				<currencyId>UAH</currencyId>
				<categoryId>25</categoryId>
				<picture>https://welcome-mobi.com.ua/uploads/shop/origin/64989_main_origin.jpg</picture>
				<delivery>true</delivery>
				<name_ua>Дисплей Samsung SM-G955FD Galaxy S8 Plus в зборі з сенсором та рамкою Maple Gold service orig</name_ua>
				<name>Дисплей Samsung SM-G955FD Galaxy S8 Plus в сборе с сенсором и рамкой Maple Gold service orig</name>
				<vendor>Samsung</vendor>
				<stock_quantity>1</stock_quantity>
				<description>&lt;![CDATA[Дисплейный модуль (LCD+touchscreen, экран, LCD) для Samsung SM-G955FD Galaxy S8+ – одна из основных комплектующих, благодаря которой, отображается цифровая, цифробуквенная или графическая информация на телефоне. Данная запчасть является одновременно дисплеем, сенсором и защитным стеклом, которые проклеены между собой прозрачным герметиком.  Простыми словами - монитор, на котором мы видим красочное изображение. Из-за хрупкости, данная деталь наиболее подвержена механическим повреждениям, в следствие чего экран приходиться менять. 
Дисплей Samsung SM-G955FD Galaxy S8+ поступает к нам из официальных авторизированных сервис-центров, поэтому модуль имеет Super Amoled матрицу, которая исключает возможность использования в копиях и даже в хай-копиях. Компания Welcome mobi гарантирует высокий предпродажный сервис и удобные условия сотрудничества.]]&gt;</description>
				<description_ua>&lt;![CDATA[]]&gt;</description_ua>
				<param name="Совместимые модели">Samsung</param>
				<param name="Сумісність">Samsung</param>
				<param name="Клас якості">Original</param>
				<param name="Країна-виробник товару">Китай</param>
				<param name="Страна регистрации бренда">Китай</param>
				<param name="Гарантія">14 дней</param>
			</offer>
			<offer available="true" id="17139">
				<url>https://welcome-mobi.com.ua/shop/product/displey-Samsung-SM-A215F-Galaxy-A21--2020--black-with-touchscreen-service-orig</url>
				<price>1405</price>
				<currencyId>UAH</currencyId>
				<categoryId>25</categoryId>
				<picture>https://welcome-mobi.com.ua/uploads/shop/origin/106779_main_origin.jpg</picture>
				<delivery>true</delivery>
				<name_ua>Дисплей Samsung SM-A215F Galaxy A21 (2020) в зборі з сенсором black service orig</name_ua>
				<name>Дисплей Samsung SM-A215F Galaxy A21 (2020) в сборе с сенсором black service orig</name>
				<vendor>Samsung</vendor>
				<stock_quantity>1</stock_quantity>
				<param name="Совместимые модели">Samsung</param>
				<param name="Сумісність">Samsung</param>
				<param name="Клас якості">Original</param>
				<param name="Країна-виробник товару">Китай</param>
				<param name="Страна регистрации бренда">Китай</param>
				<param name="Гарантія">14 дней</param>
			</offer>
			<offer available="true" id="19610">
				<url>https://welcome-mobi.com.ua/shop/product/displey-Samsung-SM-A115-Galaxy-A11--2020--v-sbore-s-sensorom-i-ramkoy-black-service-orig</url>
				<price>2107</price>
				<currencyId>UAH</currencyId>
				<categoryId>25</categoryId>
				<picture>https://welcome-mobi.com.ua/uploads/shop/origin/109348_main_origin.jpg</picture>
				<delivery>true</delivery>
				<name_ua>Дисплей Samsung SM-A115/M115 Galaxy A11/M11 (2020) в зборі з сенсором та рамкою black service orig (157,5 мм)</name_ua>
				<name>Дисплей Samsung SM-A115/M115 Galaxy A11/M11 (2020) в сборе с сенсором и рамкой black service orig (157,5 мм)</name>
				<vendor>Samsung</vendor>
				<stock_quantity>2</stock_quantity>
				<param name="Совместимые модели">Samsung</param>
				<param name="Сумісність">Samsung</param>
				<param name="Клас якості">Original</param>
				<param name="Країна-виробник товару">Китай</param>
				<param name="Страна регистрации бренда">Китай</param>
				<param name="Гарантія">14 дней</param>
			</offer>
			<offer available="true" id="20787">
				<url>https://welcome-mobi.com.ua/shop/product/displey-Samsung-SM-M225-Galaxy-M22--2021--v-sbore-s-sensorom-i-ramkoy-black-service-orig</url>
				<price>2614</price>
				<currencyId>UAH</currencyId>
				<categoryId>25</categoryId>
				<picture>https://welcome-mobi.com.ua/uploads/shop/origin/111079_main_origin.jpg</picture>
				<delivery>true</delivery>
				<name_ua>Дисплей Samsung SM-M225 Galaxy M22 (2021) в зборі з сенсором та рамкою black service orig</name_ua>
				<name>Дисплей Samsung SM-M225 Galaxy M22 (2021) в сборе с сенсором и рамкой black service orig</name>
				<vendor>Samsung</vendor>
				<stock_quantity>3</stock_quantity>
				<param name="Совместимые модели">Samsung</param>
				<param name="Сумісність">Samsung</param>
				<param name="Клас якості">Original</param>
				<param name="Країна-виробник товару">Китай</param>
				<param name="Страна регистрации бренда">Китай</param>
				<param name="Гарантія">14 дней</param>
			</offer>
			<offer available="true" id="15845">
				<url>https://welcome-mobi.com.ua/shop/product/displey-Samsung-SM-G975FD-Galaxy-S10+-Prism-White-with-touchscreen-and-frame-service-orig</url>
				<price>9578</price>
				<currencyId>UAH</currencyId>
				<categoryId>25</categoryId>
				<picture>https://welcome-mobi.com.ua/uploads/shop/origin/105332_main_origin.jpg</picture>
				<delivery>true</delivery>
				<name_ua>Дисплей Samsung SM-G975FD Galaxy S10 Plus в зборі з сенсором та рамкою Prism White service orig</name_ua>
				<name>Дисплей Samsung SM-G975FD Galaxy S10 Plus в сборе с сенсором и рамкой Prism White service orig</name>
				<vendor>Samsung</vendor>
				<stock_quantity>1</stock_quantity>
				<param name="Совместимые модели">Samsung</param>
				<param name="Сумісність">Samsung</param>
				<param name="Клас якості">Original</param>
				<param name="Країна-виробник товару">Китай</param>
				<param name="Страна регистрации бренда">Китай</param>
				<param name="Гарантія">14 дней</param>
			</offer>
			<offer available="true" id="17485">
				<url>https://welcome-mobi.com.ua/shop/product/displey-Samsung-SM-G996-Galaxy-S21-Plus-Phantom-Silver-with-touchscreen-and-frame-service-orig</url>
				<price>7356</price>
				<currencyId>UAH</currencyId>
				<categoryId>25</categoryId>
				<picture>https://welcome-mobi.com.ua/uploads/shop/origin/107113_main_origin.jpg</picture>
				<delivery>true</delivery>
				<name_ua>Дисплей Samsung SM-G996 Galaxy S21 Plus в зборі з сенсором та рамкою Phantom Silver service orig</name_ua>
				<name>Дисплей Samsung SM-G996 Galaxy S21 Plus в сборе с сенсором и рамкой Phantom Silver service orig</name>
				<vendor>Samsung</vendor>
				<stock_quantity>2</stock_quantity>
				<param name="Совместимые модели">Samsung</param>
				<param name="Сумісність">Samsung</param>
				<param name="Клас якості">Original</param>
				<param name="Країна-виробник товару">Китай</param>
				<param name="Страна регистрации бренда">Китай</param>
				<param name="Гарантія">14 дней</param>
			</offer>
			<offer available="true" id="23089">
				<url>https://welcome-mobi.com.ua/shop/product/displey-Samsung-SM-M536-Galaxy-M53-5G--2022--v-sbore-s-sensorom-i-ramkoy-black-service-orig</url>
				<price>4061</price>
				<currencyId>UAH</currencyId>
				<categoryId>25</categoryId>
				<picture>https://welcome-mobi.com.ua/uploads/shop/origin/115643_main_origin.jpg</picture>
				<delivery>true</delivery>
				<name_ua>Дисплей Samsung SM-M536 Galaxy M53 5G (2022) в зборі з сенсором та рамкою black service orig</name_ua>
				<name>Дисплей Samsung SM-M536 Galaxy M53 5G (2022) в сборе с сенсором и рамкой black service orig</name>
				<vendor>Samsung</vendor>
				<stock_quantity>2</stock_quantity>
				<param name="Совместимые модели">Samsung</param>
				<param name="Сумісність">Samsung</param>
				<param name="Клас якості">Original</param>
				<param name="Країна-виробник товару">Китай</param>
				<param name="Страна регистрации бренда">Китай</param>
				<param name="Гарантія">14 дней</param>
			</offer>
			<offer available="true" id="18657">
				<url>https://welcome-mobi.com.ua/shop/product/displey-Samsung-SM-A426-Galaxy-A42-5G--2021--black-with-touchscreen-service-orig</url>
				<price>2720</price>
				<currencyId>UAH</currencyId>
				<categoryId>25</categoryId>
				<picture>https://welcome-mobi.com.ua/uploads/shop/origin/108422_main_origin.jpg</picture>
				<delivery>true</delivery>
				<name_ua>Дисплей Samsung SM-A426/M426 Galaxy A42/M42 5G (2021) в зборі з сенсором та рамкою black service orig</name_ua>
				<name>Дисплей Samsung SM-A426/M426 Galaxy A42/M42 5G (2021) в сборе с сенсором и рамкой black service orig</name>
				<vendor>Samsung</vendor>
				<stock_quantity>2</stock_quantity>
				<param name="Совместимые модели">Samsung</param>
				<param name="Сумісність">Samsung</param>
				<param name="Клас якості">Original</param>
				<param name="Країна-виробник товару">Китай</param>
				<param name="Страна регистрации бренда">Китай</param>
				<param name="Гарантія">14 дней</param>
			</offer>
			<offer available="true" id="20529">
				<url>https://welcome-mobi.com.ua/shop/product/displey-Samsung-SM-A022-Galaxy-A02--2021--v-sbore-s-sensorom-i-ramkoy-black-service-orig</url>
				<price>1724</price>
				<currencyId>UAH</currencyId>
				<categoryId>25</categoryId>
				<picture>https://welcome-mobi.com.ua/uploads/shop/origin/110176_main_origin.jpg</picture>
				<delivery>true</delivery>
				<name_ua>Дисплей Samsung SM-A022 Galaxy A02 (2021) в зборі з сенсором та рамкою black service orig</name_ua>
				<name>Дисплей Samsung SM-A022 Galaxy A02 (2021) в сборе с сенсором и рамкой black service orig</name>
				<vendor>Samsung</vendor>
				<stock_quantity>4</stock_quantity>
				<param name="Совместимые модели">Samsung</param>
				<param name="Сумісність">Samsung</param>
				<param name="Клас якості">Original</param>
				<param name="Країна-виробник товару">Китай</param>
				<param name="Страна регистрации бренда">Китай</param>
				<param name="Гарантія">14 дней</param>
			</offer>
			<offer available="true" id="22755">
				<url>https://welcome-mobi.com.ua/shop/product/displey-Samsung-SM-G990-Galaxy-S21-FE-2021-v-sbore-s-sensorom-i-ramkoy-White-service-orig</url>
				<price>6015</price>
				<currencyId>UAH</currencyId>
				<categoryId>25</categoryId>
				<picture>https://welcome-mobi.com.ua/uploads/shop/origin/115196_main_origin.jpg</picture>
				<delivery>true</delivery>
				<name_ua>Дисплей Samsung SM-G990 Galaxy S21 FE 2021 в зборі з сенсором та рамкою White service orig</name_ua>
				<name>Дисплей Samsung SM-G990 Galaxy S21 FE 2021 в сборе с сенсором и рамкой White service orig</name>
				<vendor>Samsung</vendor>
				<stock_quantity>2</stock_quantity>
				<param name="Совместимые модели">Samsung</param>
				<param name="Сумісність">Samsung</param>
				<param name="Клас якості">Original</param>
				<param name="Країна-виробник товару">Китай</param>
				<param name="Страна регистрации бренда">Китай</param>
				<param name="Гарантія">14 дней</param>
			</offer>
			<offer available="true" id="24295">
				<url>https://welcome-mobi.com.ua/shop/product/displey-Samsung-SM-A236-Galaxy-A23-5G--2022--v-sbore-s-sensorom-black-service-orig</url>
				<price>1379</price>
				<currencyId>UAH</currencyId>
				<categoryId>25</categoryId>
				<picture>https://welcome-mobi.com.ua/uploads/shop/origin/116718_main_origin.jpg</picture>
				<delivery>true</delivery>
				<name_ua>Дисплей Samsung SM-A236 Galaxy A23 5G (2022) в зборі з сенсором black service orig</name_ua>
				<name>Дисплей Samsung SM-A236 Galaxy A23 5G (2022) в сборе с сенсором black service orig</name>
				<vendor>Samsung</vendor>
				<stock_quantity>4</stock_quantity>
				<param name="Совместимые модели">Samsung</param>
				<param name="Сумісність">Samsung</param>
				<param name="Клас якості">Original</param>
				<param name="Країна-виробник товару">Китай</param>
				<param name="Страна регистрации бренда">Китай</param>
				<param name="Гарантія">14 дней</param>
			</offer>
			<offer available="true" id="6957">
				<url>https://welcome-mobi.com.ua/shop/product/displey-Samsung-SM-J700H-Galaxy-J7-black-with-touchscreen-service-orig</url>
				<price>2895</price>
				<currencyId>UAH</currencyId>
				<categoryId>25</categoryId>
				<picture>https://welcome-mobi.com.ua/uploads/shop/origin/7127_main_origin.jpg</picture>
				<delivery>true</delivery>
				<name_ua>Дисплей Samsung SM-J700H Galaxy J7 в зборі з сенсором black service orig</name_ua>
				<name>Дисплей Samsung SM-J700H Galaxy J7 в сборе с сенсором black service orig</name>
				<vendor>Samsung</vendor>
				<stock_quantity>2</stock_quantity>
				<description>&lt;![CDATA[Дисплейный модуль (LCD+touchscreen, экран, LCD) для Samsung SM-J700H Galaxy J7 – одна из основных комплектующих, благодаря которой, отображается цифровая, цифробуквенная или графическая информация на телефоне. Данная запчасть является одновременно дисплеем, сенсором и защитным стеклом, которые проклеены между собой прозрачным герметиком.  Простыми словами - монитор, на котором мы видим красочное изображение. Из-за хрупкости, данная деталь наиболее подвержена механическим повреждениям, в следствие чего экран приходиться менять. 
Дисплей Samsung SM-J700H Galaxy J7 поступает к нам из официальных авторизированных сервис-центров, поэтому модуль имеет Super Amoled матрицу, которая исключает возможность использования в копиях и даже в хай-копиях. Компания Welcome mobi гарантирует высокий предпродажный сервис и удобные условия сотрудничества.]]&gt;</description>
				<description_ua>&lt;![CDATA[]]&gt;</description_ua>
				<param name="Совместимые модели">Samsung</param>
				<param name="Сумісність">Samsung</param>
				<param name="Клас якості">Original</param>
				<param name="Країна-виробник товару">Китай</param>
				<param name="Страна регистрации бренда">Китай</param>
				<param name="Гарантія">14 дней</param>
			</offer>
			<offer available="true" id="16008">
				<url>https://welcome-mobi.com.ua/shop/product/displey-Samsung-SM-J720H-Galaxy-J7-Duo--2018--black-with-touchscreen-service-orig</url>
				<price>3576</price>
				<currencyId>UAH</currencyId>
				<categoryId>25</categoryId>
				<picture>https://welcome-mobi.com.ua/uploads/shop/origin/105532_main_origin.jpg</picture>
				<delivery>true</delivery>
				<name_ua>Дисплей Samsung SM-J720H Galaxy J7 Duo (2018) в зборі з сенсором black service orig</name_ua>
				<name>Дисплей Samsung SM-J720H Galaxy J7 Duo (2018) в сборе с сенсором black service orig</name>
				<vendor>Samsung</vendor>
				<stock_quantity>1</stock_quantity>
				<param name="Совместимые модели">Samsung</param>
				<param name="Сумісність">Samsung</param>
				<param name="Клас якості">Original</param>
				<param name="Країна-виробник товару">Китай</param>
				<param name="Страна регистрации бренда">Китай</param>
				<param name="Гарантія">14 дней</param>
			</offer>
			<offer available="true" id="25774">
				<url>https://welcome-mobi.com.ua/shop/product/displey-Samsung-SM-A022,A125,A127,M022-Galaxy-A02,A12,A12,M02-v-sbore-s-sensorom-black-service-orig--A125F-Rev0.1-</url>
				<price>766</price>
				<currencyId>UAH</currencyId>
				<categoryId>25</categoryId>
				<picture>https://welcome-mobi.com.ua/uploads/shop/origin/118410_main_origin.jpg</picture>
				<delivery>true</delivery>
				<name_ua>Дисплей Samsung SM-A022/A125/A127/M022 Galaxy A02/A12/M02 в зборі з сенсором black service orig (A125F Rev0.1)</name_ua>
				<name>Дисплей Samsung SM-A022/A125/A127/M022 Galaxy A02/A12/M02 в сборе с сенсором black service orig (A125F Rev0.1)</name>
				<vendor>Samsung</vendor>
				<stock_quantity>19</stock_quantity>
				<param name="Совместимые модели">Samsung</param>
				<param name="Сумісність">Samsung</param>
				<param name="Клас якості">Original</param>
				<param name="Країна-виробник товару">Китай</param>
				<param name="Страна регистрации бренда">Китай</param>
				<param name="Гарантія">14 дней</param>
			</offer>
			<offer available="true" id="26907">
				<url>https://welcome-mobi.com.ua/shop/product/displey-Samsung-SM-A546-Galaxy-A54-5G--2023--v-sbore-s-sensorom-i-ramkoy-Light-Green-service-orig</url>
				<price>3870</price>
				<currencyId>UAH</currencyId>
				<categoryId>25</categoryId>
				<picture>https://welcome-mobi.com.ua/uploads/shop/origin/119494_main_origin.jpg</picture>
				<delivery>true</delivery>
				<name_ua>Дисплей Samsung SM-A546 Galaxy A54 5G (2023) в зборі з сенсором та рамкою Light Green service orig</name_ua>
				<name>Дисплей Samsung SM-A546 Galaxy A54 5G (2023) в сборе с сенсором и рамкой Light Green service orig</name>
				<vendor>Samsung</vendor>
				<stock_quantity>3</stock_quantity>
				<param name="Совместимые модели">Samsung</param>
				<param name="Сумісність">Samsung</param>
				<param name="Клас якості">Original</param>
				<param name="Країна-виробник товару">Китай</param>
				<param name="Страна регистрации бренда">Китай</param>
				<param name="Гарантія">14 дней</param>
			</offer>
			<offer available="true" id="13366">
				<url>https://welcome-mobi.com.ua/shop/product/displey-Samsung-SM-G610F-Galaxy-J5-Prime-gold-with-touchscreen-service-orig</url>
				<price>1226</price>
				<currencyId>UAH</currencyId>
				<categoryId>25</categoryId>
				<picture>https://welcome-mobi.com.ua/uploads/shop/origin/102495_main_origin.jpg</picture>
				<delivery>true</delivery>
				<name_ua>Дисплей Samsung SM-G610F Galaxy J7 Prime (2016) в зборі з сенсором gold service orig</name_ua>
				<name>Дисплей Samsung SM-G610F Galaxy J7 Prime (2016) в сборе с сенсором gold service orig</name>
				<vendor>Samsung</vendor>
				<stock_quantity>1</stock_quantity>
				<param name="Совместимые модели">Samsung</param>
				<param name="Сумісність">Samsung</param>
				<param name="Клас якості">Original</param>
				<param name="Країна-виробник товару">Китай</param>
				<param name="Страна регистрации бренда">Китай</param>
				<param name="Гарантія">14 дней</param>
			</offer>
			<offer available="true" id="15922">
				<url>https://welcome-mobi.com.ua/shop/product/displey-Samsung-SM-N960-Galaxy-Note-9-metallic-copper--gold--with-touchscreen-service-orig</url>
				<price>10643</price>
				<currencyId>UAH</currencyId>
				<categoryId>25</categoryId>
				<picture>https://welcome-mobi.com.ua/uploads/shop/origin/105422_main_origin.jpg</picture>
				<delivery>true</delivery>
				<name_ua>Дисплей Samsung SM-N960 Galaxy Note 9 в зборі з сенсором та рамкою gold service orig</name_ua>
				<name>Дисплей Samsung SM-N960 Galaxy Note 9 в сборе с сенсором и рамкой gold service orig</name>
				<vendor>Samsung</vendor>
				<stock_quantity>1</stock_quantity>
				<param name="Совместимые модели">Samsung</param>
				<param name="Сумісність">Samsung</param>
				<param name="Клас якості">Original</param>
				<param name="Країна-виробник товару">Китай</param>
				<param name="Страна регистрации бренда">Китай</param>
				<param name="Гарантія">14 дней</param>
			</offer>
			<offer available="true" id="17081">
				<url>https://welcome-mobi.com.ua/shop/product/displey-Samsung-SM-A507F-Galaxy-A50s--2019--black-with-touchscreen-and-frame-service-orig</url>
				<price>4044</price>
				<currencyId>UAH</currencyId>
				<categoryId>25</categoryId>
				<picture>https://welcome-mobi.com.ua/uploads/shop/origin/106718_main_origin.jpg</picture>
				<delivery>true</delivery>
				<name_ua>Дисплей Samsung SM-A507 Galaxy A50s (2019) в зборі з сенсором та рамкою black service orig</name_ua>
				<name>Дисплей Samsung SM-A507 Galaxy A50s (2019) в сборе с сенсором и рамкой black service orig</name>
				<vendor>Samsung</vendor>
				<stock_quantity>2</stock_quantity>
				<param name="Совместимые модели">Samsung</param>
				<param name="Сумісність">Samsung</param>
				<param name="Клас якості">Original</param>
				<param name="Країна-виробник товару">Китай</param>
				<param name="Страна регистрации бренда">Китай</param>
				<param name="Гарантія">14 дней</param>
			</offer>
			<offer available="true" id="17802">
				<url>https://welcome-mobi.com.ua/shop/product/displey-Samsung-SM-A022-Galaxy-A02--2021--black-with-touchscreen-service-orig</url>
				<price>766</price>
				<currencyId>UAH</currencyId>
				<categoryId>25</categoryId>
				<picture>https://welcome-mobi.com.ua/uploads/shop/origin/108388_main_origin.jpg</picture>
				<delivery>true</delivery>
				<name_ua>Дисплей Samsung SM-A022/M127 Galaxy A02/M12 (2021) в зборі з сенсором black service orig (A022F V01)</name_ua>
				<name>Дисплей Samsung SM-A022/M127 Galaxy A02/M12 (2021) в сборе с сенсором black service orig (A022F V01)</name>
				<vendor>Samsung</vendor>
				<stock_quantity>15</stock_quantity>
				<param name="Совместимые модели">Samsung</param>
				<param name="Сумісність">Samsung</param>
				<param name="Клас якості">Original</param>
				<param name="Країна-виробник товару">Китай</param>
				<param name="Страна регистрации бренда">Китай</param>
				<param name="Гарантія">14 дней</param>
			</offer>
			<offer available="true" id="14093">
				<url>https://welcome-mobi.com.ua/shop/product/displey-Samsung-SM-A305H-Galaxy-A30-black-with-touchscreen-service-orig</url>
				<price>3448</price>
				<currencyId>UAH</currencyId>
				<categoryId>25</categoryId>
				<picture>https://welcome-mobi.com.ua/uploads/shop/origin/103194_main_origin.jpg</picture>
				<delivery>true</delivery>
				<name_ua>Дисплей Samsung SM-A305H Galaxy A30 (2019) в зборі з сенсором та рамкою black service orig</name_ua>
				<name>Дисплей Samsung SM-A305H Galaxy A30 (2019) в сборе с сенсором и рамкой black service orig</name>
				<vendor>Samsung</vendor>
				<stock_quantity>4</stock_quantity>
				<param name="Совместимые модели">Samsung</param>
				<param name="Сумісність">Samsung</param>
				<param name="Клас якості">Original</param>
				<param name="Країна-виробник товару">Китай</param>
				<param name="Страна регистрации бренда">Китай</param>
				<param name="Гарантія">14 дней</param>
			</offer>
			<offer available="true" id="14748">
				<url>https://welcome-mobi.com.ua/shop/product/displey-Samsung-SM-A107F-Galaxy-A10s--2019--black-with-touchscreen-service-orig</url>
				<price>766</price>
				<currencyId>UAH</currencyId>
				<categoryId>25</categoryId>
				<picture>https://welcome-mobi.com.ua/uploads/shop/origin/104229_main_origin.jpg</picture>
				<delivery>true</delivery>
				<name_ua>Дисплей Samsung SM-A107 Galaxy A10s (2019) в зборі з сенсором black service orig</name_ua>
				<name>Дисплей Samsung SM-A107 Galaxy A10s (2019) в сборе с сенсором black service orig</name>
				<vendor>Samsung</vendor>
				<stock_quantity>35</stock_quantity>
				<param name="Совместимые модели">Samsung</param>
				<param name="Сумісність">Samsung</param>
				<param name="Клас якості">Original</param>
				<param name="Країна-виробник товару">Китай</param>
				<param name="Страна регистрации бренда">Китай</param>
				<param name="Гарантія">14 дней</param>
			</offer>
			<offer available="true" id="14815">
				<url>https://welcome-mobi.com.ua/shop/product/displey-Samsung-SM-A015-Galaxy-A01--2020--black-with-touchscreen-service-orig</url>
				<price>766</price>
				<currencyId>UAH</currencyId>
				<categoryId>25</categoryId>
				<picture>https://welcome-mobi.com.ua/uploads/shop/origin/104293_main_origin.jpg</picture>
				<delivery>true</delivery>
				<name_ua>Дисплей Samsung SM-A015/M015 Galaxy A01/M01 (2020) в зборі з сенсором black service orig (вузький конектор)</name_ua>
				<name>Дисплей Samsung SM-A015/M015 Galaxy A01/M01 (2020) в сборе с сенсором black service orig (узкий коннектор)</name>
				<vendor>Samsung</vendor>
				<stock_quantity>5</stock_quantity>
				<param name="Совместимые модели">Samsung</param>
				<param name="Сумісність">Samsung</param>
				<param name="Клас якості">Original</param>
				<param name="Країна-виробник товару">Китай</param>
				<param name="Страна регистрации бренда">Китай</param>
				<param name="Гарантія">14 дней</param>
			</offer>
			<offer available="true" id="15854">
				<url>https://welcome-mobi.com.ua/shop/product/displey-Samsung-SM-G988F-Galaxy-S20-Ultra-Cosmic-Gray-with-touchscreen-and-frame-service-orig</url>
				<price>10728</price>
				<currencyId>UAH</currencyId>
				<categoryId>25</categoryId>
				<picture>https://welcome-mobi.com.ua/uploads/shop/origin/105341_main_origin.jpg</picture>
				<delivery>true</delivery>
				<name_ua>Дисплей Samsung SM-G988F Galaxy S20 Ultra в зборі з сенсором та рамкою Cosmic Gray service orig</name_ua>
				<name>Дисплей Samsung SM-G988F Galaxy S20 Ultra в сборе с сенсором и рамкой Cosmic Gray service orig</name>
				<vendor>Samsung</vendor>
				<stock_quantity>2</stock_quantity>
				<param name="Совместимые модели">Samsung</param>
				<param name="Сумісність">Samsung</param>
				<param name="Клас якості">Original</param>
				<param name="Країна-виробник товару">Китай</param>
				<param name="Страна регистрации бренда">Китай</param>
				<param name="Гарантія">14 дней</param>
			</offer>
			<offer available="true" id="17211">
				<url>https://welcome-mobi.com.ua/shop/product/displey-Samsung-SM-N985-Galaxy-Note-20-Ultra-Mystic-White-with-touchscreen-and-frame-service-orig</url>
				<price>11877</price>
				<currencyId>UAH</currencyId>
				<categoryId>25</categoryId>
				<picture>https://welcome-mobi.com.ua/uploads/shop/origin/106848_main_origin.jpg</picture>
				<delivery>true</delivery>
				<name_ua>Дисплей Samsung SM-N985 Galaxy Note 20 Ultra в зборі з сенсором та рамкою White service orig</name_ua>
				<name>Дисплей Samsung SM-N985 Galaxy Note 20 Ultra в сборе с сенсором и рамкой White service orig</name>
				<vendor>Samsung</vendor>
				<stock_quantity>1</stock_quantity>
				<param name="Совместимые модели">Samsung</param>
				<param name="Сумісність">Samsung</param>
				<param name="Клас якості">Original</param>
				<param name="Країна-виробник товару">Китай</param>
				<param name="Страна регистрации бренда">Китай</param>
				<param name="Гарантія">14 дней</param>
			</offer>
			<offer available="true" id="19617">
				<url>https://welcome-mobi.com.ua/shop/product/displey-Samsung-SM-M127-Galaxy-M12-2021-v-sbore-s-sensorom-i-ramkoy-black-service-orig</url>
				<price>1983</price>
				<currencyId>UAH</currencyId>
				<categoryId>25</categoryId>
				<picture>https://welcome-mobi.com.ua/uploads/shop/origin/109350_main_origin.jpg</picture>
				<delivery>true</delivery>
				<name_ua>Дисплей Samsung SM-M127 Galaxy M12 2021 в зборі з сенсором та рамкою black service orig</name_ua>
				<name>Дисплей Samsung SM-M127 Galaxy M12 2021 в сборе с сенсором и рамкой black service orig</name>
				<vendor>Samsung</vendor>
				<stock_quantity>5</stock_quantity>
				<param name="Совместимые модели">Samsung</param>
				<param name="Сумісність">Samsung</param>
				<param name="Клас якості">Original</param>
				<param name="Країна-виробник товару">Китай</param>
				<param name="Страна регистрации бренда">Китай</param>
				<param name="Гарантія">14 дней</param>
			</offer>
			<offer available="true" id="17346">
				<url>https://welcome-mobi.com.ua/shop/product/displey-Samsung-SM-N770-Galaxy-Note-10-Lite-Aura-Red-with-touchscreen-and-frame-service-orig</url>
				<price>7279</price>
				<currencyId>UAH</currencyId>
				<categoryId>25</categoryId>
				<picture>https://welcome-mobi.com.ua/uploads/shop/origin/106998_main_origin.jpg</picture>
				<delivery>true</delivery>
				<name_ua>Дисплей Samsung SM-N770 Galaxy Note 10 Lite в зборі з сенсором та рамкою Aura Red service orig</name_ua>
				<name>Дисплей Samsung SM-N770 Galaxy Note 10 Lite в сборе с сенсором и рамкой Aura Red service orig</name>
				<vendor>Samsung</vendor>
				<stock_quantity>1</stock_quantity>
				<param name="Совместимые модели">Samsung</param>
				<param name="Сумісність">Samsung</param>
				<param name="Клас якості">Original</param>
				<param name="Країна-виробник товару">Китай</param>
				<param name="Страна регистрации бренда">Китай</param>
				<param name="Гарантія">14 дней</param>
			</offer>
			<offer available="true" id="16461">
				<url>https://welcome-mobi.com.ua/shop/product/displey-Samsung-SM-A202F-Galaxy-A20e--2019--black-with-touchscreen-service-orig</url>
				<price>805</price>
				<currencyId>UAH</currencyId>
				<categoryId>25</categoryId>
				<picture>https://welcome-mobi.com.ua/uploads/shop/origin/105962_main_origin.jpg</picture>
				<delivery>true</delivery>
				<name_ua>Дисплей Samsung SM-A202F Galaxy A20e (2019) в зборі з сенсором black service orig</name_ua>
				<name>Дисплей Samsung SM-A202F Galaxy A20e (2019) в сборе с сенсором black service orig</name>
				<vendor>Samsung</vendor>
				<stock_quantity>3</stock_quantity>
				<param name="Совместимые модели">Samsung</param>
				<param name="Сумісність">Samsung</param>
				<param name="Клас якості">Original</param>
				<param name="Країна-виробник товару">Китай</param>
				<param name="Страна регистрации бренда">Китай</param>
				<param name="Гарантія">14 дней</param>
			</offer>
			<offer available="true" id="22750">
				<url>https://welcome-mobi.com.ua/shop/product/displey-Samsung-SM-G970F-Galaxy-S10e-v-sbore-s-sensorom-i-ramkoy-Prism-Blue-service-orig</url>
				<price>7471</price>
				<currencyId>UAH</currencyId>
				<categoryId>25</categoryId>
				<picture>https://welcome-mobi.com.ua/uploads/shop/origin/115197_main_origin.jpg</picture>
				<delivery>true</delivery>
				<name_ua>Дисплей Samsung SM-G970F Galaxy S10e в зборі з сенсором та рамкою Prism Blue service orig</name_ua>
				<name>Дисплей Samsung SM-G970F Galaxy S10e в сборе с сенсором и рамкой Prism Blue service orig</name>
				<vendor>Samsung</vendor>
				<stock_quantity>1</stock_quantity>
				<param name="Совместимые модели">Samsung</param>
				<param name="Сумісність">Samsung</param>
				<param name="Клас якості">Original</param>
				<param name="Країна-виробник товару">Китай</param>
				<param name="Страна регистрации бренда">Китай</param>
				<param name="Гарантія">14 дней</param>
			</offer>
			<offer available="true" id="23090">
				<url>https://welcome-mobi.com.ua/shop/product/displey-Samsung-SM-S901-Galaxy-S22--2022--v-sbore-s-sensorom-i-ramkoy-Phantom-Black-service-orig</url>
				<price>7279</price>
				<currencyId>UAH</currencyId>
				<categoryId>25</categoryId>
				<picture>https://welcome-mobi.com.ua/uploads/shop/origin/115644_main_origin.jpg</picture>
				<delivery>true</delivery>
				<name_ua>Дисплей Samsung SM-S901 Galaxy S22 (2022) в зборі з сенсором та рамкою Phantom Black service orig</name_ua>
				<name>Дисплей Samsung SM-S901 Galaxy S22 (2022) в сборе с сенсором и рамкой Phantom Black service orig</name>
				<vendor>Samsung</vendor>
				<stock_quantity>3</stock_quantity>
				<param name="Совместимые модели">Samsung</param>
				<param name="Сумісність">Samsung</param>
				<param name="Клас якості">Original</param>
				<param name="Країна-виробник товару">Китай</param>
				<param name="Страна регистрации бренда">Китай</param>
				<param name="Гарантія">14 дней</param>
			</offer>
			<offer available="true" id="23518">
				<url>https://welcome-mobi.com.ua/shop/product/displey-Samsung-SM-S906-Galaxy-S22-Plus--2022--v-sbore-s-sensorom-i-ramkoy-Graphite-Green-service-orig</url>
				<price>8046</price>
				<currencyId>UAH</currencyId>
				<categoryId>25</categoryId>
				<picture>https://welcome-mobi.com.ua/uploads/shop/origin/115936_main_origin.jpg</picture>
				<delivery>true</delivery>
				<name_ua>Дисплей Samsung SM-S906 Galaxy S22 Plus (2022) в зборі з сенсором та рамкою Graphite Green service orig</name_ua>
				<name>Дисплей Samsung SM-S906 Galaxy S22 Plus (2022) в сборе с сенсором и рамкой Graphite Green service orig</name>
				<vendor>Samsung</vendor>
				<stock_quantity>1</stock_quantity>
				<param name="Совместимые модели">Samsung</param>
				<param name="Сумісність">Samsung</param>
				<param name="Клас якості">Original</param>
				<param name="Країна-виробник товару">Китай</param>
				<param name="Страна регистрации бренда">Китай</param>
				<param name="Гарантія">14 дней</param>
			</offer>
			<offer available="true" id="24556">
				<url>https://welcome-mobi.com.ua/shop/product/displey-Samsung-SM-A736-Galaxy-A73-5G--2022--v-sbore-s-sensorom-i-ramkoy-Awesome-White-service-orig</url>
				<price>5440</price>
				<currencyId>UAH</currencyId>
				<categoryId>25</categoryId>
				<picture>https://welcome-mobi.com.ua/uploads/shop/origin/117238_main_origin.jpg</picture>
				<picture>https://welcome-mobi.com.ua/uploads/shop/origin/117238_0.jpg</picture>
				<delivery>true</delivery>
				<name_ua>Дисплей Samsung SM-A736 Galaxy A73 5G (2022) в зборі з сенсором та рамкою Awesome White service orig</name_ua>
				<name>Дисплей Samsung SM-A736 Galaxy A73 5G (2022) в сборе с сенсором и рамкой Awesome White service orig</name>
				<vendor>Samsung</vendor>
				<stock_quantity>1</stock_quantity>
				<param name="Совместимые модели">Samsung</param>
				<param name="Сумісність">Samsung</param>
				<param name="Клас якості">Original</param>
				<param name="Країна-виробник товару">Китай</param>
				<param name="Страна регистрации бренда">Китай</param>
				<param name="Гарантія">14 дней</param>
			</offer>
			<offer available="true" id="23516">
				<url>https://welcome-mobi.com.ua/shop/product/displey-Samsung-SM-S901-Galaxy-S22--2022--v-sbore-s-sensorom-i-ramkoy-Graphite-Green-service-orig</url>
				<price>7279</price>
				<currencyId>UAH</currencyId>
				<categoryId>25</categoryId>
				<picture>https://welcome-mobi.com.ua/uploads/shop/origin/115934_main_origin.jpg</picture>
				<delivery>true</delivery>
				<name_ua>Дисплей Samsung SM-S901 Galaxy S22 (2022) в зборі з сенсором та рамкою Graphite Green service orig</name_ua>
				<name>Дисплей Samsung SM-S901 Galaxy S22 (2022) в сборе с сенсором и рамкой Graphite Green service orig</name>
				<vendor>Samsung</vendor>
				<stock_quantity>1</stock_quantity>
				<param name="Совместимые модели">Samsung</param>
				<param name="Сумісність">Samsung</param>
				<param name="Клас якості">Original</param>
				<param name="Країна-виробник товару">Китай</param>
				<param name="Страна регистрации бренда">Китай</param>
				<param name="Гарантія">14 дней</param>
			</offer>
			<offer available="true" id="23517">
				<url>https://welcome-mobi.com.ua/shop/product/displey-Samsung-SM-S906-Galaxy-S22-Plus--2022--v-sbore-s-sensorom-i-ramkoy-Graphite-Grey-service-orig</url>
				<price>8046</price>
				<currencyId>UAH</currencyId>
				<categoryId>25</categoryId>
				<picture>https://welcome-mobi.com.ua/uploads/shop/origin/115935_main_origin.jpg</picture>
				<delivery>true</delivery>
				<name_ua>Дисплей Samsung SM-S906 Galaxy S22 Plus (2022) в зборі з сенсором та рамкою Graphite Grey service orig</name_ua>
				<name>Дисплей Samsung SM-S906 Galaxy S22 Plus (2022) в сборе с сенсором и рамкой Graphite Grey service orig</name>
				<vendor>Samsung</vendor>
				<stock_quantity>1</stock_quantity>
				<param name="Совместимые модели">Samsung</param>
				<param name="Сумісність">Samsung</param>
				<param name="Клас якості">Original</param>
				<param name="Країна-виробник товару">Китай</param>
				<param name="Страна регистрации бренда">Китай</param>
				<param name="Гарантія">14 дней</param>
			</offer>
			<offer available="true" id="24023">
				<url>https://welcome-mobi.com.ua/shop/product/displey-Samsung-SM-S908-Galaxy-S22-Ultra--2022--v-sbore-s-sensorom-i-ramkoy-Graphite-Grey-service-orig</url>
				<price>12873</price>
				<currencyId>UAH</currencyId>
				<categoryId>25</categoryId>
				<picture>https://welcome-mobi.com.ua/uploads/shop/origin/116448_main_origin.jpg</picture>
				<delivery>true</delivery>
				<name_ua>Дисплей Samsung SM-S908 Galaxy S22 Ultra (2022) в зборі з сенсором та рамкою Graphite Grey service orig</name_ua>
				<name>Дисплей Samsung SM-S908 Galaxy S22 Ultra (2022) в сборе с сенсором и рамкой Graphite Grey service orig</name>
				<vendor>Samsung</vendor>
				<stock_quantity>2</stock_quantity>
				<param name="Совместимые модели">Samsung</param>
				<param name="Сумісність">Samsung</param>
				<param name="Клас якості">Original</param>
				<param name="Країна-виробник товару">Китай</param>
				<param name="Страна регистрации бренда">Китай</param>
				<param name="Гарантія">14 дней</param>
			</offer>
			<offer available="true" id="26499">
				<url>https://welcome-mobi.com.ua/shop/product/displey-Samsung-SM-S901-Galaxy-S22--2022--v-sbore-s-sensorom-Phantom-Black-service-orig</url>
				<price>6513</price>
				<currencyId>UAH</currencyId>
				<categoryId>25</categoryId>
				<picture>https://welcome-mobi.com.ua/uploads/shop/origin/119100_main_origin.jpg</picture>
				<delivery>true</delivery>
				<name_ua>Дисплей Samsung SM-S901 Galaxy S22 (2022) в зборі з сенсором Phantom Black service orig</name_ua>
				<name>Дисплей Samsung SM-S901 Galaxy S22 (2022) в сборе с сенсором Phantom Black service orig</name>
				<vendor>Samsung</vendor>
				<stock_quantity>2</stock_quantity>
				<param name="Совместимые модели">Samsung</param>
				<param name="Сумісність">Samsung</param>
				<param name="Клас якості">Original</param>
				<param name="Країна-виробник товару">Китай</param>
				<param name="Страна регистрации бренда">Китай</param>
				<param name="Гарантія">14 дней</param>
			</offer>
			<offer available="true" id="26906">
				<url>https://welcome-mobi.com.ua/shop/product/displey-Samsung-SM-A546-Galaxy-A54-5G--2023--v-sbore-s-sensorom-i-ramkoy-Light-Violet-service-orig</url>
				<price>3870</price>
				<currencyId>UAH</currencyId>
				<categoryId>25</categoryId>
				<picture>https://welcome-mobi.com.ua/uploads/shop/origin/119498_main_origin.jpg</picture>
				<delivery>true</delivery>
				<name_ua>Дисплей Samsung SM-A546 Galaxy A54 5G (2023) в зборі з сенсором та рамкою Awesome Violet service orig</name_ua>
				<name>Дисплей Samsung SM-A546 Galaxy A54 5G (2023) в сборе с сенсором и рамкой Awesome Violet service orig</name>
				<vendor>Samsung</vendor>
				<stock_quantity>2</stock_quantity>
				<param name="Совместимые модели">Samsung</param>
				<param name="Сумісність">Samsung</param>
				<param name="Клас якості">Original</param>
				<param name="Країна-виробник товару">Китай</param>
				<param name="Страна регистрации бренда">Китай</param>
				<param name="Гарантія">14 дней</param>
			</offer>
			<offer available="true" id="15929">
				<url>https://welcome-mobi.com.ua/shop/product/displey-Samsung-SM-N975-Galaxy-Note-10-Plus-aura-white-with-touchscreen-service-orig</url>
				<price>12643</price>
				<currencyId>UAH</currencyId>
				<categoryId>25</categoryId>
				<picture>https://welcome-mobi.com.ua/uploads/shop/origin/105429_main_origin.jpg</picture>
				<delivery>true</delivery>
				<name_ua>Дисплей Samsung SM-N975 Galaxy Note 10 Plus 4G в зборі з сенсором та рамкою aura white service orig</name_ua>
				<name>Дисплей Samsung SM-N975 Galaxy Note 10 Plus 4G в сборе с сенсором и рамкой aura white service orig</name>
				<vendor>Samsung</vendor>
				<stock_quantity>1</stock_quantity>
				<param name="Совместимые модели">Samsung</param>
				<param name="Сумісність">Samsung</param>
				<param name="Клас якості">Original</param>
				<param name="Країна-виробник товару">Китай</param>
				<param name="Страна регистрации бренда">Китай</param>
				<param name="Гарантія">14 дней</param>
			</offer>
			<offer available="true" id="13619">
				<url>https://welcome-mobi.com.ua/shop/product/displey-Samsung-SM-A750FN,DS-Galaxy-A7--2018--black-with-touchscreen-service-orig</url>
				<price>1983</price>
				<currencyId>UAH</currencyId>
				<categoryId>25</categoryId>
				<picture>https://welcome-mobi.com.ua/uploads/shop/origin/102718_main_origin.jpg</picture>
				<delivery>true</delivery>
				<name_ua>Дисплей Samsung SM-A750F Galaxy A7 (2018) в зборі з сенсором black service orig</name_ua>
				<name>Дисплей Samsung SM-A750F Galaxy A7 (2018) в сборе с сенсором black service orig</name>
				<vendor>Samsung</vendor>
				<stock_quantity>6</stock_quantity>
				<param name="Совместимые модели">Samsung</param>
				<param name="Сумісність">Samsung</param>
				<param name="Клас якості">Original</param>
				<param name="Країна-виробник товару">Китай</param>
				<param name="Страна регистрации бренда">Китай</param>
				<param name="Гарантія">14 дней</param>
			</offer>
			<offer available="true" id="13622">
				<url>https://welcome-mobi.com.ua/shop/product/displey-Samsung-SM-J260F,DS-Galaxy-J2-Core-2018-black-with-touchscreen-service-orig</url>
				<price>1226</price>
				<currencyId>UAH</currencyId>
				<categoryId>25</categoryId>
				<picture>https://welcome-mobi.com.ua/uploads/shop/origin/102719_main_origin.jpg</picture>
				<delivery>true</delivery>
				<name_ua>Дисплей Samsung SM-J260F Galaxy J2 Core 2018 в зборі з сенсором black service orig</name_ua>
				<name>Дисплей Samsung SM-J260F Galaxy J2 Core 2018 в сборе с сенсором black service orig</name>
				<vendor>Samsung</vendor>
				<stock_quantity>3</stock_quantity>
				<param name="Совместимые модели">Samsung</param>
				<param name="Сумісність">Samsung</param>
				<param name="Клас якості">Original</param>
				<param name="Країна-виробник товару">Китай</param>
				<param name="Страна регистрации бренда">Китай</param>
				<param name="Гарантія">14 дней</param>
			</offer>
			<offer available="true" id="14777">
				<url>https://welcome-mobi.com.ua/shop/product/displey-Samsung-SM-G970F-Galaxy-S10e-Prism-White-with-touchscreen-and-frame-service-orig</url>
				<price>7471</price>
				<currencyId>UAH</currencyId>
				<categoryId>25</categoryId>
				<picture>https://welcome-mobi.com.ua/uploads/shop/origin/104254_main_origin.jpg</picture>
				<delivery>true</delivery>
				<name_ua>Дисплей Samsung SM-G970F Galaxy S10e в зборі з сенсором та рамкою Prism White service orig</name_ua>
				<name>Дисплей Samsung SM-G970F Galaxy S10e в сборе с сенсором и рамкой Prism White service orig</name>
				<vendor>Samsung</vendor>
				<stock_quantity>1</stock_quantity>
				<param name="Совместимые модели">Samsung</param>
				<param name="Сумісність">Samsung</param>
				<param name="Клас якості">Original</param>
				<param name="Країна-виробник товару">Китай</param>
				<param name="Страна регистрации бренда">Китай</param>
				<param name="Гарантія">14 дней</param>
			</offer>
			<offer available="true" id="15352">
				<url>https://welcome-mobi.com.ua/shop/product/displey-Samsung-SM-A315F-Galaxy-A31--2020--black-with-touchscreen-service-orig</url>
				<price>2885</price>
				<currencyId>UAH</currencyId>
				<categoryId>25</categoryId>
				<picture>https://welcome-mobi.com.ua/uploads/shop/origin/104845_main_origin.jpg</picture>
				<delivery>true</delivery>
				<name_ua>Дисплей Samsung SM-A315F Galaxy A31 (2020) в зборі з сенсором та рамкою black service orig</name_ua>
				<name>Дисплей Samsung SM-A315F Galaxy A31 (2020) в сборе с сенсором и рамкой black service orig</name>
				<vendor>Samsung</vendor>
				<stock_quantity>8</stock_quantity>
				<param name="Совместимые модели">Samsung</param>
				<param name="Сумісність">Samsung</param>
				<param name="Клас якості">Original</param>
				<param name="Країна-виробник товару">Китай</param>
				<param name="Страна регистрации бренда">Китай</param>
				<param name="Гарантія">14 дней</param>
			</offer>
			<offer available="true" id="20514">
				<url>https://welcome-mobi.com.ua/shop/product/displey-Samsung-SM-G970F-Galaxy-S10e-v-sbore-s-sensorom-i-ramkoy-Canary-Yellow-service-orig</url>
				<price>7471</price>
				<currencyId>UAH</currencyId>
				<categoryId>25</categoryId>
				<picture>https://welcome-mobi.com.ua/uploads/shop/origin/110163_main_origin.jpg</picture>
				<delivery>true</delivery>
				<name_ua>Дисплей Samsung SM-G970F Galaxy S10e в зборі з сенсором та рамкою Canary Yellow service orig</name_ua>
				<name>Дисплей Samsung SM-G970F Galaxy S10e в сборе с сенсором и рамкой Canary Yellow service orig</name>
				<vendor>Samsung</vendor>
				<stock_quantity>1</stock_quantity>
				<param name="Совместимые модели">Samsung</param>
				<param name="Сумісність">Samsung</param>
				<param name="Клас якості">Original</param>
				<param name="Країна-виробник товару">Китай</param>
				<param name="Страна регистрации бренда">Китай</param>
				<param name="Гарантія">14 дней</param>
			</offer>
			<offer available="true" id="23087">
				<url>https://welcome-mobi.com.ua/shop/product/displey-Samsung-SM-A336-Galaxy-A33-5G--2022--v-sbore-s-sensorom-i-ramkoy-black-service-orig</url>
				<price>3831</price>
				<currencyId>UAH</currencyId>
				<categoryId>25</categoryId>
				<picture>https://welcome-mobi.com.ua/uploads/shop/origin/115641_main_origin.jpg</picture>
				<delivery>true</delivery>
				<name_ua>Дисплей Samsung SM-A336 Galaxy A33 5G (2022) в зборі з сенсором та рамкою black service orig</name_ua>
				<name>Дисплей Samsung SM-A336 Galaxy A33 5G (2022) в сборе с сенсором и рамкой black service orig</name>
				<vendor>Samsung</vendor>
				<stock_quantity>8</stock_quantity>
				<param name="Совместимые модели">Samsung</param>
				<param name="Сумісність">Samsung</param>
				<param name="Клас якості">Original</param>
				<param name="Країна-виробник товару">Китай</param>
				<param name="Страна регистрации бренда">Китай</param>
				<param name="Гарантія">14 дней</param>
			</offer>
			<offer available="true" id="10691">
				<url>https://welcome-mobi.com.ua/shop/product/displey-Samsung-SM-J730F-Galaxy-J7--2017--gold-with-touchscreen-service-orig</url>
				<price>3103</price>
				<currencyId>UAH</currencyId>
				<categoryId>25</categoryId>
				<picture>https://welcome-mobi.com.ua/uploads/shop/origin/75471_main_origin.jpg</picture>
				<delivery>true</delivery>
				<name_ua>Дисплей Samsung SM-J730F Galaxy J7 (2017) в зборі з сенсором gold service orig</name_ua>
				<name>Дисплей Samsung SM-J730F Galaxy J7 (2017) в сборе с сенсором gold service orig</name>
				<vendor>Samsung</vendor>
				<stock_quantity>3</stock_quantity>
				<description>&lt;![CDATA[Дисплейный модуль (LCD+touchscreen, экран, LCD) для Samsung SM-J730H Galaxy J7 (2017) – одна из основных комплектующих, благодаря которой, отображается цифровая, цифробуквенная или графическая информация на телефоне. Данная запчасть является одновременно дисплеем, сенсором и защитным стеклом, которые проклеены между собой прозрачным герметиком.  Простыми словами - монитор, на котором мы видим красочное изображение. Из-за хрупкости, данная деталь наиболее подвержена механическим повреждениям, в следствие чего экран приходиться менять. 
Дисплей Samsung SM-J730H Galaxy J7 (2017) поступает к нам из официальных авторизированных сервис-центров, поэтому модуль имеет Super Amoled матрицу, которая исключает возможность использования в копиях и даже в хай-копиях. Компания Welcome mobi гарантирует высокий предпродажный сервис и удобные условия сотрудничества.]]&gt;</description>
				<description_ua>&lt;![CDATA[]]&gt;</description_ua>
				<param name="Совместимые модели">Samsung</param>
				<param name="Сумісність">Samsung</param>
				<param name="Клас якості">Original</param>
				<param name="Країна-виробник товару">Китай</param>
				<param name="Страна регистрации бренда">Китай</param>
				<param name="Гарантія">14 дней</param>
			</offer>
			<offer available="true" id="17143">
				<url>https://welcome-mobi.com.ua/shop/product/displey-Samsung-SM-G780F-Galaxy-S20-FE-2020-Cloud-Navy-with-touchscreen-and-frame-service-orig</url>
				<price>5499</price>
				<currencyId>UAH</currencyId>
				<categoryId>25</categoryId>
				<picture>https://welcome-mobi.com.ua/uploads/shop/origin/106781_main_origin.jpg</picture>
				<delivery>true</delivery>
				<name_ua>Дисплей Samsung SM-G780 Galaxy S20 FE 4G (2020) в зборі з сенсором та рамкою Cloud Navy service orig</name_ua>
				<name>Дисплей Samsung SM-G780 Galaxy S20 FE 4G (2020) в сборе с сенсором и рамкой Cloud Navy service orig</name>
				<vendor>Samsung</vendor>
				<stock_quantity>4</stock_quantity>
				<param name="Совместимые модели">Samsung</param>
				<param name="Сумісність">Samsung</param>
				<param name="Клас якості">Original</param>
				<param name="Країна-виробник товару">Китай</param>
				<param name="Страна регистрации бренда">Китай</param>
				<param name="Гарантія">14 дней</param>
			</offer>
			<offer available="true" id="20523">
				<url>https://welcome-mobi.com.ua/shop/product/displey-Samsung-SM-A037-Galaxy-A03s--2021--v-sbore-s-sensorom-black-service-orig</url>
				<price>766</price>
				<currencyId>UAH</currencyId>
				<categoryId>25</categoryId>
				<picture>https://welcome-mobi.com.ua/uploads/shop/origin/110245_main_origin.jpg</picture>
				<delivery>true</delivery>
				<name_ua>Дисплей Samsung SM-A037F Galaxy A03s (2021) в зборі з сенсором black service orig (жовтий шлейф) (160,5x72мм)</name_ua>
				<name>Дисплей Samsung SM-A037F Galaxy A03s (2021) в сборе с сенсором black service orig (жёлтый шлейф) (160,5x72мм)</name>
				<vendor>Samsung</vendor>
				<stock_quantity>13</stock_quantity>
				<param name="Совместимые модели">Samsung</param>
				<param name="Сумісність">Samsung</param>
				<param name="Клас якості">Original</param>
				<param name="Країна-виробник товару">Китай</param>
				<param name="Страна регистрации бренда">Китай</param>
				<param name="Гарантія">14 дней</param>
			</offer>
			<offer available="true" id="21425">
				<url>https://welcome-mobi.com.ua/shop/product/displey-Samsung-SM-A127-Galaxy-A12--2021--v-sbore-s-sensorom-black-service-orig</url>
				<price>857</price>
				<currencyId>UAH</currencyId>
				<categoryId>25</categoryId>
				<picture>https://welcome-mobi.com.ua/uploads/shop/origin/113612_main_origin.jpg</picture>
				<delivery>true</delivery>
				<name_ua>Дисплей Samsung SM-A127 Galaxy A12 (2021) в зборі з сенсором black service orig (A127F R0.0)</name_ua>
				<name>Дисплей Samsung SM-A127 Galaxy A12 (2021) в сборе с сенсором black service orig (A127F R0.0)</name>
				<vendor>Samsung</vendor>
				<stock_quantity>8</stock_quantity>
				<param name="Совместимые модели">Samsung</param>
				<param name="Сумісність">Samsung</param>
				<param name="Клас якості">Original</param>
				<param name="Країна-виробник товару">Китай</param>
				<param name="Страна регистрации бренда">Китай</param>
				<param name="Гарантія">14 дней</param>
			</offer>
			<offer available="true" id="26498">
				<url>https://welcome-mobi.com.ua/shop/product/displey-Samsung-SM-M515-Galaxy-M51--2020--v-sbore-s-sensorom-black-service-orig</url>
				<price>3257</price>
				<currencyId>UAH</currencyId>
				<categoryId>25</categoryId>
				<picture>https://welcome-mobi.com.ua/uploads/shop/origin/119093_main_origin.jpg</picture>
				<delivery>true</delivery>
				<name_ua>Дисплей Samsung SM-M515 Galaxy M51 (2020) в зборі з сенсором black service orig</name_ua>
				<name>Дисплей Samsung SM-M515 Galaxy M51 (2020) в сборе с сенсором black service orig</name>
				<vendor>Samsung</vendor>
				<stock_quantity>4</stock_quantity>
				<param name="Совместимые модели">Samsung</param>
				<param name="Сумісність">Samsung</param>
				<param name="Клас якості">Original</param>
				<param name="Країна-виробник товару">Китай</param>
				<param name="Страна регистрации бренда">Китай</param>
				<param name="Гарантія">14 дней</param>
			</offer>
			<offer available="true" id="26500">
				<url>https://welcome-mobi.com.ua/shop/product/displey-Samsung-SM-S906-Galaxy-S22-Plus--2022--v-sbore-s-sensorom-Phantom-Black-service-orig</url>
				<price>7279</price>
				<currencyId>UAH</currencyId>
				<categoryId>25</categoryId>
				<picture>https://welcome-mobi.com.ua/uploads/shop/origin/119094_main_origin.jpg</picture>
				<picture>https://welcome-mobi.com.ua/uploads/shop/origin/119094_0.jpg</picture>
				<delivery>true</delivery>
				<name_ua>Дисплей Samsung SM-S906 Galaxy S22 Plus (2022) в зборі з сенсором Phantom Black service orig</name_ua>
				<name>Дисплей Samsung SM-S906 Galaxy S22 Plus (2022) в сборе с сенсором Phantom Black service orig</name>
				<vendor>Samsung</vendor>
				<stock_quantity>2</stock_quantity>
				<param name="Совместимые модели">Samsung</param>
				<param name="Сумісність">Samsung</param>
				<param name="Клас якості">Original</param>
				<param name="Країна-виробник товару">Китай</param>
				<param name="Страна регистрации бренда">Китай</param>
				<param name="Гарантія">14 дней</param>
			</offer>
			<offer available="true" id="24162">
				<url>https://welcome-mobi.com.ua/shop/product/displey-Samsung-SM-S901-Galaxy-S22--2022--v-sbore-s-sensorom-i-ramkoy-Bora-Purple-service-orig</url>
				<price>7279</price>
				<currencyId>UAH</currencyId>
				<categoryId>25</categoryId>
				<picture>https://welcome-mobi.com.ua/uploads/shop/origin/116591_main_origin.jpg</picture>
				<delivery>true</delivery>
				<name_ua>Дисплей Samsung SM-S901 Galaxy S22 (2022) в зборі з сенсором та рамкою Bora Purple service orig</name_ua>
				<name>Дисплей Samsung SM-S901 Galaxy S22 (2022) в сборе с сенсором и рамкой Bora Purple service orig</name>
				<vendor>Samsung</vendor>
				<stock_quantity>2</stock_quantity>
				<param name="Совместимые модели">Samsung</param>
				<param name="Сумісність">Samsung</param>
				<param name="Клас якості">Original</param>
				<param name="Країна-виробник товару">Китай</param>
				<param name="Страна регистрации бренда">Китай</param>
				<param name="Гарантія">14 дней</param>
			</offer>
			<offer available="true" id="24301">
				<url>https://welcome-mobi.com.ua/shop/product/displey-Samsung-SM-A536-Galaxy-A53-5G--2022--v-sbore-s-sensorom-i-ramkoy-Peach-Gold-service-orig</url>
				<price>4327</price>
				<currencyId>UAH</currencyId>
				<categoryId>25</categoryId>
				<picture>https://welcome-mobi.com.ua/uploads/shop/origin/116724_main_origin.jpg</picture>
				<delivery>true</delivery>
				<name_ua>Дисплей Samsung SM-A536 Galaxy A53 5G (2022) в зборі з сенсором та рамкою Peach Gold service orig</name_ua>
				<name>Дисплей Samsung SM-A536 Galaxy A53 5G (2022) в сборе с сенсором и рамкой Peach Gold service orig</name>
				<vendor>Samsung</vendor>
				<stock_quantity>4</stock_quantity>
				<param name="Совместимые модели">Samsung</param>
				<param name="Сумісність">Samsung</param>
				<param name="Клас якості">Original</param>
				<param name="Країна-виробник товару">Китай</param>
				<param name="Страна регистрации бренда">Китай</param>
				<param name="Гарантія">14 дней</param>
			</offer>
			<offer available="true" id="24303">
				<url>https://welcome-mobi.com.ua/shop/product/displey-Samsung-SM-A736-Galaxy-A73-5G--2022--v-sbore-s-sensorom-i-ramkoy-Awesome-Mint-service-orig</url>
				<price>5440</price>
				<currencyId>UAH</currencyId>
				<categoryId>25</categoryId>
				<picture>https://welcome-mobi.com.ua/uploads/shop/origin/116726_main_origin.jpg</picture>
				<delivery>true</delivery>
				<name_ua>Дисплей Samsung SM-A736 Galaxy A73 5G (2022) в зборі з сенсором та рамкою Awesome Mint service orig</name_ua>
				<name>Дисплей Samsung SM-A736 Galaxy A73 5G (2022) в сборе с сенсором и рамкой Awesome Mint service orig</name>
				<vendor>Samsung</vendor>
				<stock_quantity>2</stock_quantity>
				<param name="Совместимые модели">Samsung</param>
				<param name="Сумісність">Samsung</param>
				<param name="Клас якості">Original</param>
				<param name="Країна-виробник товару">Китай</param>
				<param name="Страна регистрации бренда">Китай</param>
				<param name="Гарантія">14 дней</param>
			</offer>
			<offer available="true" id="26497">
				<url>https://welcome-mobi.com.ua/shop/product/displey-Samsung-SM-G985,G986-Galaxy-S20+-4G,5G-v-sbore-s-sensorom-Cosmic-Black-service-orig</url>
				<price>8812</price>
				<currencyId>UAH</currencyId>
				<categoryId>25</categoryId>
				<picture>https://welcome-mobi.com.ua/uploads/shop/origin/119096_main_origin.jpg</picture>
				<picture>https://welcome-mobi.com.ua/uploads/shop/origin/119096_0.jpg</picture>
				<delivery>true</delivery>
				<name_ua>Дисплей Samsung SM-G985/G986 Galaxy S20+ 4G/5G в зборі з сенсором Cosmic Black service orig</name_ua>
				<name>Дисплей Samsung SM-G985/G986 Galaxy S20+ 4G/5G в сборе с сенсором Cosmic Black service orig</name>
				<vendor>Samsung</vendor>
				<stock_quantity>1</stock_quantity>
				<param name="Совместимые модели">Samsung</param>
				<param name="Сумісність">Samsung</param>
				<param name="Клас якості">Original</param>
				<param name="Країна-виробник товару">Китай</param>
				<param name="Страна регистрации бренда">Китай</param>
				<param name="Гарантія">14 дней</param>
			</offer>
			<offer available="true" id="26902">
				<url>https://welcome-mobi.com.ua/shop/product/displey-Samsung-SM-A346-Galaxy-A34-5G--2023--v-sbore-s-sensorom-i-ramkoy-Light-Green-service-orig</url>
				<price>3946</price>
				<currencyId>UAH</currencyId>
				<categoryId>25</categoryId>
				<picture>https://welcome-mobi.com.ua/uploads/shop/origin/119488_main_origin.jpg</picture>
				<delivery>true</delivery>
				<name_ua>Дисплей Samsung SM-A346 Galaxy A34 5G (2023) в зборі з сенсором та рамкою Awesome Lime service orig</name_ua>
				<name>Дисплей Samsung SM-A346 Galaxy A34 5G (2023) в сборе с сенсором и рамкой Awesome Lime service orig</name>
				<vendor>Samsung</vendor>
				<stock_quantity>1</stock_quantity>
				<param name="Совместимые модели">Samsung</param>
				<param name="Сумісність">Samsung</param>
				<param name="Клас якості">Original</param>
				<param name="Країна-виробник товару">Китай</param>
				<param name="Страна регистрации бренда">Китай</param>
				<param name="Гарантія">14 дней</param>
			</offer>
			<offer available="true" id="9048">
				<url>https://welcome-mobi.com.ua/shop/product/displey-Samsung-SM-J510H-Galaxy-J5--2016--white-with-touchscreen-service-orig</url>
				<price>2299</price>
				<currencyId>UAH</currencyId>
				<categoryId>25</categoryId>
				<picture>https://welcome-mobi.com.ua/uploads/shop/origin/33560_main_origin.jpg</picture>
				<delivery>true</delivery>
				<name_ua>Дисплей Samsung SM-J510H Galaxy J5 (2016) в зборі з сенсором white service orig</name_ua>
				<name>Дисплей Samsung SM-J510H Galaxy J5 (2016) в сборе с сенсором white service orig</name>
				<vendor>Samsung</vendor>
				<stock_quantity>1</stock_quantity>
				<description>&lt;![CDATA[Дисплейный модуль (LCD+touchscreen, экран, LCD) для Samsung SM-J510H Galaxy J5 (2016) – одна из основных комплектующих, благодаря которой, отображается цифровая, цифробуквенная или графическая информация на телефоне. Данная запчасть является одновременно дисплеем, сенсором и защитным стеклом, которые проклеены между собой прозрачным герметиком.  Простыми словами - монитор, на котором мы видим красочное изображение. Из-за хрупкости, данная деталь наиболее подвержена механическим повреждениям, в следствие чего экран приходиться менять. 
Дисплей Samsung SM-J510H Galaxy J5 (2016) поступает к нам из официальных авторизированных сервис-центров, поэтому модуль имеет Super Amoled матрицу, которая исключает возможность использования в копиях и даже в хай-копиях. Компания Welcome mobi гарантирует высокий предпродажный сервис и удобные условия сотрудничества.]]&gt;</description>
				<description_ua>&lt;![CDATA[]]&gt;</description_ua>
				<param name="Совместимые модели">Samsung</param>
				<param name="Сумісність">Samsung</param>
				<param name="Клас якості">Original</param>
				<param name="Країна-виробник товару">Китай</param>
				<param name="Страна регистрации бренда">Китай</param>
				<param name="Гарантія">14 дней</param>
			</offer>
			<offer available="true" id="10085">
				<url>https://welcome-mobi.com.ua/shop/product/displey-Samsung-SM-G950FD-Galaxy-S8-black-with-touchscreen-service-orig</url>
				<price>7471</price>
				<currencyId>UAH</currencyId>
				<categoryId>25</categoryId>
				<picture>https://welcome-mobi.com.ua/uploads/shop/origin/64993_main_origin.jpg</picture>
				<delivery>true</delivery>
				<name_ua>Дисплей Samsung SM-G950FD Galaxy S8 в зборі з сенсором та рамкою Midnight Black service orig</name_ua>
				<name>Дисплей Samsung SM-G950FD Galaxy S8 в сборе с сенсором и рамкой Midnight Black service orig</name>
				<vendor>Samsung</vendor>
				<stock_quantity>2</stock_quantity>
				<description>&lt;![CDATA[Дисплейный модуль (LCD+touchscreen, экран, LCD) для Samsung SM-G950FD Galaxy S8 – одна из основных комплектующих, благодаря которой, отображается цифровая, цифробуквенная или графическая информация на телефоне. Данная запчасть является одновременно дисплеем, сенсором и защитным стеклом, которые проклеены между собой прозрачным герметиком.  Простыми словами - монитор, на котором мы видим красочное изображение. Из-за хрупкости, данная деталь наиболее подвержена механическим повреждениям, в следствие чего экран приходиться менять. 
Дисплей Samsung SM-G950FD Galaxy S8 поступает к нам из официальных авторизированных сервис-центров, поэтому модуль имеет Super Amoled матрицу, которая исключает возможность использования в копиях и даже в хай-копиях. Компания Welcome mobi гарантирует высокий предпродажный сервис и удобные условия сотрудничества.]]&gt;</description>
				<description_ua>&lt;![CDATA[]]&gt;</description_ua>
				<param name="Совместимые модели">Samsung</param>
				<param name="Сумісність">Samsung</param>
				<param name="Клас якості">Original</param>
				<param name="Країна-виробник товару">Китай</param>
				<param name="Страна регистрации бренда">Китай</param>
				<param name="Гарантія">14 дней</param>
			</offer>
			<offer available="true" id="14642">
				<url>https://welcome-mobi.com.ua/shop/product/displey-Samsung-SM-A805F-Galaxy-A8--2019--black-with-touchscreen-service-orig</url>
				<price>4555</price>
				<currencyId>UAH</currencyId>
				<categoryId>25</categoryId>
				<picture>https://welcome-mobi.com.ua/uploads/shop/origin/104121_main_origin.jpg</picture>
				<delivery>true</delivery>
				<name_ua>Дисплей Samsung SM-A805F Galaxy A80 (2019) в зборі з сенсором та рамкою black service orig</name_ua>
				<name>Дисплей Samsung SM-A805F Galaxy A80 (2019) в сборе с сенсором и рамкой black service orig</name>
				<vendor>Samsung</vendor>
				<stock_quantity>1</stock_quantity>
				<param name="Совместимые модели">Samsung</param>
				<param name="Сумісність">Samsung</param>
				<param name="Клас якості">Original</param>
				<param name="Країна-виробник товару">Китай</param>
				<param name="Страна регистрации бренда">Китай</param>
				<param name="Гарантія">14 дней</param>
			</offer>
			<offer available="true" id="15843">
				<url>https://welcome-mobi.com.ua/shop/product/displey-Samsung-SM-G973FD-Galaxy-S10-Prism-Green-with-touchscreen-and-frame-service-orig</url>
				<price>9195</price>
				<currencyId>UAH</currencyId>
				<categoryId>25</categoryId>
				<picture>https://welcome-mobi.com.ua/uploads/shop/origin/105333_main_origin.jpg</picture>
				<delivery>true</delivery>
				<name_ua>Дисплей Samsung SM-G973FD Galaxy S10 в зборі з сенсором та рамкою Prism Green service orig</name_ua>
				<name>Дисплей Samsung SM-G973FD Galaxy S10 в сборе с сенсором и рамкой Prism Green service orig</name>
				<vendor>Samsung</vendor>
				<stock_quantity>3</stock_quantity>
				<param name="Совместимые модели">Samsung</param>
				<param name="Сумісність">Samsung</param>
				<param name="Клас якості">Original</param>
				<param name="Країна-виробник товару">Китай</param>
				<param name="Страна регистрации бренда">Китай</param>
				<param name="Гарантія">14 дней</param>
			</offer>
			<offer available="true" id="15844">
				<url>https://welcome-mobi.com.ua/shop/product/displey-Samsung-SM-G973FD-Galaxy-S10-Prism-Blue-with-touchscreen-and-frame-service-orig</url>
				<price>9195</price>
				<currencyId>UAH</currencyId>
				<categoryId>25</categoryId>
				<picture>https://welcome-mobi.com.ua/uploads/shop/origin/105334_main_origin.jpg</picture>
				<delivery>true</delivery>
				<name_ua>Дисплей Samsung SM-G973FD Galaxy S10 в зборі з сенсором та рамкою Prism Blue service orig</name_ua>
				<name>Дисплей Samsung SM-G973FD Galaxy S10 в сборе с сенсором и рамкой Prism Blue service orig</name>
				<vendor>Samsung</vendor>
				<stock_quantity>2</stock_quantity>
				<param name="Совместимые модели">Samsung</param>
				<param name="Сумісність">Samsung</param>
				<param name="Клас якості">Original</param>
				<param name="Країна-виробник товару">Китай</param>
				<param name="Страна регистрации бренда">Китай</param>
				<param name="Гарантія">14 дней</param>
			</offer>
			<offer available="true" id="16608">
				<url>https://welcome-mobi.com.ua/shop/product/displey-Samsung-SM-N980,N981-Galaxy-Note-20,Note-20-5G-Bronze-with-touchscreen-+-frame-service-orig</url>
				<price>9004</price>
				<currencyId>UAH</currencyId>
				<categoryId>25</categoryId>
				<picture>https://welcome-mobi.com.ua/uploads/shop/origin/106100_main_origin.jpg</picture>
				<delivery>true</delivery>
				<name_ua>Дисплей Samsung SM-N980/N981 Galaxy Note 20 4G/20 5G в зборі з сенсором та рамкою Bronze service orig</name_ua>
				<name>Дисплей Samsung SM-N980/N981 Galaxy Note 20 4G/20 5G в сборе с сенсором и рамкой Bronze service orig</name>
				<vendor>Samsung</vendor>
				<stock_quantity>1</stock_quantity>
				<param name="Совместимые модели">Samsung</param>
				<param name="Сумісність">Samsung</param>
				<param name="Клас якості">Original</param>
				<param name="Країна-виробник товару">Китай</param>
				<param name="Страна регистрации бренда">Китай</param>
				<param name="Гарантія">14 дней</param>
			</offer>
			<offer available="true" id="20524">
				<url>https://welcome-mobi.com.ua/shop/product/displey-Samsung-SM-A525-Galaxy-A52--2021--v-sbore-s-sensorom-i-ramkoy-white-service-orig</url>
				<price>4125</price>
				<currencyId>UAH</currencyId>
				<categoryId>25</categoryId>
				<picture>https://welcome-mobi.com.ua/uploads/shop/origin/110180_main_origin.jpg</picture>
				<delivery>true</delivery>
				<name_ua>Дисплей Samsung SM-A525/A528 Galaxy A52/A52s (2021) в зборі з сенсором та рамкою white service orig</name_ua>
				<name>Дисплей Samsung SM-A525/A528 Galaxy A52/A52s (2021) в сборе с сенсором и рамкой white service orig</name>
				<vendor>Samsung</vendor>
				<stock_quantity>6</stock_quantity>
				<param name="Совместимые модели">Samsung</param>
				<param name="Сумісність">Samsung</param>
				<param name="Клас якості">Original</param>
				<param name="Країна-виробник товару">Китай</param>
				<param name="Страна регистрации бренда">Китай</param>
				<param name="Гарантія">14 дней</param>
			</offer>
			<offer available="true" id="22753">
				<url>https://welcome-mobi.com.ua/shop/product/displey-Samsung-SM-G990-Galaxy-S21-FE-2021-v-sbore-s-sensorom-i-ramkoy-Graphite-service-orig</url>
				<price>6092</price>
				<currencyId>UAH</currencyId>
				<categoryId>25</categoryId>
				<picture>https://welcome-mobi.com.ua/uploads/shop/origin/115195_main_origin.jpg</picture>
				<delivery>true</delivery>
				<name_ua>Дисплей Samsung SM-G990 Galaxy S21 FE 2021 в зборі з сенсором та рамкою Graphite service orig</name_ua>
				<name>Дисплей Samsung SM-G990 Galaxy S21 FE 2021 в сборе с сенсором и рамкой Graphite service orig</name>
				<vendor>Samsung</vendor>
				<stock_quantity>3</stock_quantity>
				<param name="Совместимые модели">Samsung</param>
				<param name="Сумісність">Samsung</param>
				<param name="Клас якості">Original</param>
				<param name="Країна-виробник товару">Китай</param>
				<param name="Страна регистрации бренда">Китай</param>
				<param name="Гарантія">14 дней</param>
			</offer>
			<offer available="true" id="23086">
				<url>https://welcome-mobi.com.ua/shop/product/displey-Samsung-SM-A235-Galaxy-A23-4G--2022--v-sbore-s-sensorom-i-ramkoy-black-service-orig</url>
				<price>2569</price>
				<currencyId>UAH</currencyId>
				<categoryId>25</categoryId>
				<picture>https://welcome-mobi.com.ua/uploads/shop/origin/115640_main_origin.jpg</picture>
				<delivery>true</delivery>
				<name_ua>Дисплей Samsung SM-A235 Galaxy A23 4G (2022) в зборі з сенсором та рамкою black service orig</name_ua>
				<name>Дисплей Samsung SM-A235 Galaxy A23 4G (2022) в сборе с сенсором и рамкой black service orig</name>
				<vendor>Samsung</vendor>
				<stock_quantity>4</stock_quantity>
				<param name="Совместимые модели">Samsung</param>
				<param name="Сумісність">Samsung</param>
				<param name="Клас якості">Original</param>
				<param name="Країна-виробник товару">Китай</param>
				<param name="Страна регистрации бренда">Китай</param>
				<param name="Гарантія">14 дней</param>
			</offer>
			<offer available="true" id="23791">
				<url>https://welcome-mobi.com.ua/shop/product/displey-Samsung-SM-S901-Galaxy-S22--2022--v-sbore-s-sensorom-i-ramkoy-Pink-Gold-service-orig</url>
				<price>7279</price>
				<currencyId>UAH</currencyId>
				<categoryId>25</categoryId>
				<picture>https://welcome-mobi.com.ua/uploads/shop/origin/116165_main_origin.jpg</picture>
				<delivery>true</delivery>
				<name_ua>Дисплей Samsung SM-S901 Galaxy S22 (2022) в зборі з сенсором та рамкою Pink Gold service orig</name_ua>
				<name>Дисплей Samsung SM-S901 Galaxy S22 (2022) в сборе с сенсором и рамкой Pink Gold service orig</name>
				<vendor>Samsung</vendor>
				<stock_quantity>1</stock_quantity>
				<param name="Совместимые модели">Samsung</param>
				<param name="Сумісність">Samsung</param>
				<param name="Клас якості">Original</param>
				<param name="Країна-виробник товару">Китай</param>
				<param name="Страна регистрации бренда">Китай</param>
				<param name="Гарантія">14 дней</param>
			</offer>
			<offer available="true" id="24297">
				<url>https://welcome-mobi.com.ua/shop/product/displey-Samsung-SM-A336-Galaxy-A33-5G--2022--v-sbore-s-sensorom-i-ramkoy-white-service-orig</url>
				<price>3831</price>
				<currencyId>UAH</currencyId>
				<categoryId>25</categoryId>
				<picture>https://welcome-mobi.com.ua/uploads/shop/origin/116720_main_origin.jpg</picture>
				<delivery>true</delivery>
				<name_ua>Дисплей Samsung SM-A336 Galaxy A33 5G (2022) в зборі з сенсором та рамкою white service orig</name_ua>
				<name>Дисплей Samsung SM-A336 Galaxy A33 5G (2022) в сборе с сенсором и рамкой white service orig</name>
				<vendor>Samsung</vendor>
				<stock_quantity>2</stock_quantity>
				<param name="Совместимые модели">Samsung</param>
				<param name="Сумісність">Samsung</param>
				<param name="Клас якості">Original</param>
				<param name="Країна-виробник товару">Китай</param>
				<param name="Страна регистрации бренда">Китай</param>
				<param name="Гарантія">14 дней</param>
			</offer>
			<offer available="true" id="26905">
				<url>https://welcome-mobi.com.ua/shop/product/displey-Samsung-SM-A546-Galaxy-A54-5G--2023--v-sbore-s-sensorom-i-ramkoy-black-service-orig</url>
				<price>3870</price>
				<currencyId>UAH</currencyId>
				<categoryId>25</categoryId>
				<picture>https://welcome-mobi.com.ua/uploads/shop/origin/119496_main_origin.jpg</picture>
				<delivery>true</delivery>
				<name_ua>Дисплей Samsung SM-A546 Galaxy A54 5G (2023) в зборі з сенсором та рамкою Awesome Black service orig</name_ua>
				<name>Дисплей Samsung SM-A546 Galaxy A54 5G (2023) в сборе с сенсором и рамкой Awesome Black service orig</name>
				<vendor>Samsung</vendor>
				<stock_quantity>2</stock_quantity>
				<param name="Совместимые модели">Samsung</param>
				<param name="Сумісність">Samsung</param>
				<param name="Клас якості">Original</param>
				<param name="Країна-виробник товару">Китай</param>
				<param name="Страна регистрации бренда">Китай</param>
				<param name="Гарантія">14 дней</param>
			</offer>
			<offer available="true" id="26910">
				<url>https://welcome-mobi.com.ua/shop/product/displey-Samsung-SM-S916-Galaxy-S23-Plus-5G--2023--v-sbore-s-sensorom-service-orig</url>
				<price>6896</price>
				<currencyId>UAH</currencyId>
				<categoryId>25</categoryId>
				<picture>https://welcome-mobi.com.ua/uploads/shop/origin/119497_main_origin.jpg</picture>
				<delivery>true</delivery>
				<name_ua>Дисплей Samsung SM-S916 Galaxy S23 Plus 5G (2023) в зборі з сенсором service orig</name_ua>
				<name>Дисплей Samsung SM-S916 Galaxy S23 Plus 5G (2023) в сборе с сенсором service orig</name>
				<vendor>Samsung</vendor>
				<stock_quantity>2</stock_quantity>
				<param name="Совместимые модели">Samsung</param>
				<param name="Сумісність">Samsung</param>
				<param name="Клас якості">Original</param>
				<param name="Країна-виробник товару">Китай</param>
				<param name="Страна регистрации бренда">Китай</param>
				<param name="Гарантія">14 дней</param>
			</offer>
			<offer available="true" id="22388">
				<url>https://welcome-mobi.com.ua/shop/product/displey-Xiaomi-11T-v-sbore-s-sensorom-i-ramkoy-Meteorite-Gray-service-orig</url>
				<price>6208</price>
				<currencyId>UAH</currencyId>
				<categoryId>3323</categoryId>
				<picture>https://welcome-mobi.com.ua/uploads/shop/origin/114855_main_origin.jpg</picture>
				<delivery>true</delivery>
				<name_ua>Дисплей Xiaomi Poco F4 GT 2022 в зборі з сенсором та рамкою Stealth Black service orig</name_ua>
				<name>Дисплей Xiaomi Poco F4 GT 2022 в сборе с сенсором и рамкой Stealth Black service orig</name>
				<vendor>Xiaomi</vendor>
				<stock_quantity>2</stock_quantity>
				<param name="Совместимые модели">Xiaomi</param>
				<param name="Сумісність">Xiaomi</param>
				<param name="Клас якості">Original</param>
				<param name="Країна-виробник товару">Китай</param>
				<param name="Страна регистрации бренда">Китай</param>
				<param name="Гарантія">14 дней</param>
			</offer>
			<offer available="true" id="23795">
				<url>https://welcome-mobi.com.ua/shop/product/displey-Xiaomi-Poco-X4-Pro-5G-v-sbore-s-sensorom-i-ramkoy-Laser-Black-service-orig</url>
				<price>6409</price>
				<currencyId>UAH</currencyId>
				<categoryId>3323</categoryId>
				<picture>https://welcome-mobi.com.ua/uploads/shop/origin/116169_main_origin.jpg</picture>
				<delivery>true</delivery>
				<name_ua>Дисплей Xiaomi Redmi Note 11 Pro 4G/Redmi Note 11 Pro 5G Global/Poco X4 Pro 5G в зборі з сенсором та рамкою Laser Black service orig</name_ua>
				<name>Дисплей Xiaomi Redmi Note 11 Pro 4G/Redmi Note 11 Pro 5G Global/Poco X4 Pro 5G в сборе с сенсором и рамкой Laser Black service orig</name>
				<vendor>Xiaomi</vendor>
				<stock_quantity>2</stock_quantity>
				<param name="Совместимые модели">Xiaomi</param>
				<param name="Сумісність">Xiaomi</param>
				<param name="Клас якості">Original</param>
				<param name="Країна-виробник товару">Китай</param>
				<param name="Страна регистрации бренда">Китай</param>
				<param name="Гарантія">14 дней</param>
			</offer>
			<offer available="true" id="23798">
				<url>https://welcome-mobi.com.ua/shop/product/displey-Xiaomi-12X--2022--v-sbore-s-sensorom-i-ramkoy-blue-service-orig</url>
				<price>6898</price>
				<currencyId>UAH</currencyId>
				<categoryId>3323</categoryId>
				<picture>https://welcome-mobi.com.ua/uploads/shop/origin/116172_main_origin.jpg</picture>
				<delivery>true</delivery>
				<name_ua>Дисплей Xiaomi 12/12S/12X (2022) в зборі з сенсором та рамкою Blue service orig</name_ua>
				<name>Дисплей Xiaomi 12/12S/12X (2022) в сборе с сенсором и рамкой Blue service orig</name>
				<vendor>Xiaomi</vendor>
				<stock_quantity>1</stock_quantity>
				<param name="Совместимые модели">Xiaomi</param>
				<param name="Сумісність">Xiaomi</param>
				<param name="Клас якості">Original</param>
				<param name="Країна-виробник товару">Китай</param>
				<param name="Страна регистрации бренда">Китай</param>
				<param name="Гарантія">14 дней</param>
			</offer>
			<offer available="true" id="17476">
				<url>https://welcome-mobi.com.ua/shop/product/displey-Xiaomi-Redmi-9-black-with-touchscreen-and-frame-service-orig</url>
				<price>2443</price>
				<currencyId>UAH</currencyId>
				<categoryId>3323</categoryId>
				<picture>https://welcome-mobi.com.ua/uploads/shop/origin/107108_main_origin.jpg</picture>
				<delivery>true</delivery>
				<name_ua>Дисплей Xiaomi Redmi 9 в зборі з сенсором та рамкою Carbon Grey service orig</name_ua>
				<name>Дисплей Xiaomi Redmi 9 в сборе с сенсором и рамкой Carbon Grey service orig</name>
				<vendor>Xiaomi</vendor>
				<stock_quantity>2</stock_quantity>
				<param name="Совместимые модели">Xiaomi</param>
				<param name="Сумісність">Xiaomi</param>
				<param name="Клас якості">Original</param>
				<param name="Країна-виробник товару">Китай</param>
				<param name="Страна регистрации бренда">Китай</param>
				<param name="Гарантія">14 дней</param>
			</offer>
			<offer available="true" id="17609">
				<url>https://welcome-mobi.com.ua/shop/product/displey-Xiaomi-Mi9-SE-Piano-Black-with-touchscreen-and-frame-service-orig</url>
				<price>5118</price>
				<currencyId>UAH</currencyId>
				<categoryId>3323</categoryId>
				<picture>https://welcome-mobi.com.ua/uploads/shop/origin/107414_main_origin.jpg</picture>
				<delivery>true</delivery>
				<name_ua>Дисплей Xiaomi Mi 9 SE в зборі з сенсором та рамкою Piano Black service orig</name_ua>
				<name>Дисплей Xiaomi Mi 9 SE в сборе с сенсором и рамкой Piano Black service orig</name>
				<vendor>Xiaomi</vendor>
				<stock_quantity>1</stock_quantity>
				<param name="Совместимые модели">Xiaomi</param>
				<param name="Сумісність">Xiaomi</param>
				<param name="Клас якості">Original</param>
				<param name="Країна-виробник товару">Китай</param>
				<param name="Страна регистрации бренда">Китай</param>
				<param name="Гарантія">14 дней</param>
			</offer>
			<offer available="true" id="19258">
				<url>https://welcome-mobi.com.ua/shop/product/displey-Xiaomi-Mi9-v-sbore-s-sensorom-i-ramkoy-Piano-Black-service-orig</url>
				<price>5207</price>
				<currencyId>UAH</currencyId>
				<categoryId>3323</categoryId>
				<picture>https://welcome-mobi.com.ua/uploads/shop/origin/108930_main_origin.jpg</picture>
				<delivery>true</delivery>
				<name_ua>Дисплей Xiaomi Mi 9 в зборі з сенсором та рамкою Piano Black service orig</name_ua>
				<name>Дисплей Xiaomi Mi 9 в сборе с сенсором и рамкой Piano Black service orig</name>
				<vendor>Xiaomi</vendor>
				<stock_quantity>1</stock_quantity>
				<param name="Совместимые модели">Xiaomi</param>
				<param name="Сумісність">Xiaomi</param>
				<param name="Клас якості">Original</param>
				<param name="Країна-виробник товару">Китай</param>
				<param name="Страна регистрации бренда">Китай</param>
				<param name="Гарантія">14 дней</param>
			</offer>
			<offer available="true" id="25952">
				<url>https://welcome-mobi.com.ua/shop/product/displey-Xiaomi-Poco-F4-2022-v-sbore-s-sensorom-i-ramkoy-Nebula-Green-service-orig</url>
				<price>6008</price>
				<currencyId>UAH</currencyId>
				<categoryId>3323</categoryId>
				<picture>https://welcome-mobi.com.ua/uploads/shop/origin/118580_main_origin.jpg</picture>
				<delivery>true</delivery>
				<name_ua>Дисплей Xiaomi Poco F4 2022 в зборі з сенсором та рамкою Nebula Green service orig</name_ua>
				<name>Дисплей Xiaomi Poco F4 2022 в сборе с сенсором и рамкой Nebula Green service orig</name>
				<vendor>Xiaomi</vendor>
				<stock_quantity>1</stock_quantity>
				<param name="Совместимые модели">Xiaomi</param>
				<param name="Сумісність">Xiaomi</param>
				<param name="Клас якості">Original</param>
				<param name="Країна-виробник товару">Китай</param>
				<param name="Страна регистрации бренда">Китай</param>
				<param name="Гарантія">14 дней</param>
			</offer>
			<offer available="true" id="15838">
				<url>https://welcome-mobi.com.ua/shop/product/displey-Xiaomi-Redmi-Note-9-Pro,Note-9S-black-with-touchscreen-FULL-orig</url>
				<price>1790</price>
				<currencyId>UAH</currencyId>
				<categoryId>3323</categoryId>
				<picture>https://welcome-mobi.com.ua/uploads/shop/origin/105321_main_origin.jpg</picture>
				<delivery>true</delivery>
				<name_ua>Дисплей Xiaomi Redmi Note 9 Pro/Note 9S в зборі з сенсором Interstellar Grey FULL orig</name_ua>
				<name>Дисплей Xiaomi Redmi Note 9 Pro/Note 9S в сборе с сенсором Interstellar Grey FULL orig</name>
				<vendor>Xiaomi</vendor>
				<stock_quantity>6</stock_quantity>
				<param name="Совместимые модели">Xiaomi</param>
				<param name="Сумісність">Xiaomi</param>
				<param name="Клас якості">Original</param>
				<param name="Країна-виробник товару">Китай</param>
				<param name="Страна регистрации бренда">Китай</param>
				<param name="Гарантія">14 дней</param>
			</offer>
			<offer available="true" id="21889">
				<url>https://welcome-mobi.com.ua/shop/product/displey-Xiaomi-Poco-X3-Pro-v-sbore-s-sensorom-i-ramkoy-Metal-Bronze-service-orig</url>
				<price>3427</price>
				<currencyId>UAH</currencyId>
				<categoryId>3323</categoryId>
				<picture>https://welcome-mobi.com.ua/uploads/shop/origin/113798_main_origin.jpg</picture>
				<delivery>true</delivery>
				<name_ua>Дисплей Xiaomi Poco X3 Pro в зборі з сенсором та рамкою Metal Bronze service orig</name_ua>
				<name>Дисплей Xiaomi Poco X3 Pro в сборе с сенсором и рамкой Metal Bronze service orig</name>
				<vendor>Xiaomi</vendor>
				<stock_quantity>3</stock_quantity>
				<param name="Совместимые модели">Xiaomi</param>
				<param name="Сумісність">Xiaomi</param>
				<param name="Клас якості">Original</param>
				<param name="Країна-виробник товару">Китай</param>
				<param name="Страна регистрации бренда">Китай</param>
				<param name="Гарантія">14 дней</param>
			</offer>
			<offer available="true" id="25966">
				<url>https://welcome-mobi.com.ua/shop/product/displey-Xiaomi-Redmi-10C-v-sbore-s-sensorom-i-ramkoy-Graphite-Gray-service-orig</url>
				<price>2463</price>
				<currencyId>UAH</currencyId>
				<categoryId>3323</categoryId>
				<picture>https://welcome-mobi.com.ua/uploads/shop/origin/118619_main_origin.jpg</picture>
				<delivery>true</delivery>
				<name_ua>Дисплей Xiaomi Redmi 10C/Poco C40 в зборі з сенсором та рамкою Graphite Gray service orig</name_ua>
				<name>Дисплей Xiaomi Redmi 10C/Poco C40 в сборе с сенсором и рамкой Graphite Gray service orig</name>
				<vendor>Xiaomi</vendor>
				<stock_quantity>2</stock_quantity>
				<param name="Совместимые модели">Xiaomi</param>
				<param name="Сумісність">Xiaomi</param>
				<param name="Клас якості">Original</param>
				<param name="Країна-виробник товару">Китай</param>
				<param name="Страна регистрации бренда">Китай</param>
				<param name="Гарантія">14 дней</param>
			</offer>
			<offer available="true" id="20226">
				<url>https://welcome-mobi.com.ua/shop/product/displey-Xiaomi-Redmi-Note-10-5G-v-sbore-s-sensorom-i-ramkoy-Graphite-Gray-service-orig</url>
				<price>2604</price>
				<currencyId>UAH</currencyId>
				<categoryId>3323</categoryId>
				<picture>https://welcome-mobi.com.ua/uploads/shop/origin/109882_main_origin.jpg</picture>
				<delivery>true</delivery>
				<name_ua>Дисплей Xiaomi Redmi Note 10 5G/Poco M3 Pro 5G в зборі з сенсором та рамкою Graphite Gray service orig</name_ua>
				<name>Дисплей Xiaomi Redmi Note 10 5G/Poco M3 Pro 5G в сборе с сенсором и рамкой Graphite Gray service orig</name>
				<vendor>Xiaomi</vendor>
				<stock_quantity>4</stock_quantity>
				<param name="Совместимые модели">Xiaomi</param>
				<param name="Сумісність">Xiaomi</param>
				<param name="Клас якості">Original</param>
				<param name="Країна-виробник товару">Китай</param>
				<param name="Страна регистрации бренда">Китай</param>
				<param name="Гарантія">14 дней</param>
			</offer>
			<offer available="true" id="20254">
				<url>https://welcome-mobi.com.ua/shop/product/displey-Xiaomi-Poco-F3-v-sbore-s-sensorom-i-ramkoy-Night-Black-service-orig</url>
				<price>5207</price>
				<currencyId>UAH</currencyId>
				<categoryId>3323</categoryId>
				<picture>https://welcome-mobi.com.ua/uploads/shop/origin/109891_main_origin.jpg</picture>
				<delivery>true</delivery>
				<name_ua>Дисплей Xiaomi Poco F3/Mi 11X/Mi 11i 2021/Redmi K40 в зборі з сенсором та рамкою Night Black service orig</name_ua>
				<name>Дисплей Xiaomi Poco F3/Mi 11X/Mi 11i 2021/Redmi K40 в сборе с сенсором и рамкой Night Black service orig</name>
				<vendor>Xiaomi</vendor>
				<stock_quantity>1</stock_quantity>
				<param name="Совместимые модели">Xiaomi</param>
				<param name="Сумісність">Xiaomi</param>
				<param name="Клас якості">Original</param>
				<param name="Країна-виробник товару">Китай</param>
				<param name="Страна регистрации бренда">Китай</param>
				<param name="Гарантія">14 дней</param>
			</offer>
			<offer available="true" id="15837">
				<url>https://welcome-mobi.com.ua/shop/product/displey-Xiaomi-Redmi-Note-9-black-with-touchscreen-FULL-orig</url>
				<price>1474</price>
				<currencyId>UAH</currencyId>
				<categoryId>3323</categoryId>
				<picture>https://welcome-mobi.com.ua/uploads/shop/origin/105322_main_origin.jpg</picture>
				<delivery>true</delivery>
				<name_ua>Дисплей Xiaomi Redmi Note 9/Redmi 10X 4G в зборі з сенсором Onyx Black FULL orig</name_ua>
				<name>Дисплей Xiaomi Redmi Note 9/Redmi 10X 4G в сборе с сенсором Onyx Black FULL orig</name>
				<vendor>Xiaomi</vendor>
				<stock_quantity>5</stock_quantity>
				<param name="Совместимые модели">Xiaomi</param>
				<param name="Сумісність">Xiaomi</param>
				<param name="Клас якості">Original</param>
				<param name="Країна-виробник товару">Китай</param>
				<param name="Страна регистрации бренда">Китай</param>
				<param name="Гарантія">14 дней</param>
			</offer>
			<offer available="true" id="20785">
				<url>https://welcome-mobi.com.ua/shop/product/displey-Xiaomi-Mi-11-Lite-4G-v-sbore-s-sensorom-i-ramkoy-Peach-Pink-service-orig</url>
				<price>4005</price>
				<currencyId>UAH</currencyId>
				<categoryId>3323</categoryId>
				<picture>https://welcome-mobi.com.ua/uploads/shop/origin/111088_main_origin.jpg</picture>
				<delivery>true</delivery>
				<name_ua>Дисплей Xiaomi Mi 11 Lite 4G/Mi 11 Lite 5G в зборі з сенсором та рамкою Peach Pink service orig</name_ua>
				<name>Дисплей Xiaomi Mi 11 Lite 4G/Mi 11 Lite 5G в сборе с сенсором и рамкой Peach Pink service orig</name>
				<vendor>Xiaomi</vendor>
				<stock_quantity>1</stock_quantity>
				<param name="Совместимые модели">Xiaomi</param>
				<param name="Сумісність">Xiaomi</param>
				<param name="Клас якості">Original</param>
				<param name="Країна-виробник товару">Китай</param>
				<param name="Страна регистрации бренда">Китай</param>
				<param name="Гарантія">14 дней</param>
			</offer>
			<offer available="true" id="17908">
				<url>https://welcome-mobi.com.ua/shop/product/displey-Xiaomi-Pocophone-M3-black-with-touchscreen-FULL-orig</url>
				<price>1722</price>
				<currencyId>UAH</currencyId>
				<categoryId>3323</categoryId>
				<picture>https://welcome-mobi.com.ua/uploads/shop/origin/107695_main_origin.jpg</picture>
				<delivery>true</delivery>
				<name_ua>Дисплей Xiaomi Poco M3/Redmi 9T в зборі з сенсором Power Black FULL orig</name_ua>
				<name>Дисплей Xiaomi Poco M3/Redmi 9T в сборе с сенсором Power Black FULL orig</name>
				<vendor>Xiaomi</vendor>
				<stock_quantity>8</stock_quantity>
				<param name="Совместимые модели">Xiaomi</param>
				<param name="Сумісність">Xiaomi</param>
				<param name="Клас якості">Original</param>
				<param name="Країна-виробник товару">Китай</param>
				<param name="Страна регистрации бренда">Китай</param>
				<param name="Гарантія">14 дней</param>
			</offer>
			<offer available="true" id="22762">
				<url>https://welcome-mobi.com.ua/shop/product/displey-Xiaomi-Mi-11-Lite-4G,Mi-11-Lite-5G-v-sbore-s-sensorom-i-ramkoy-Citrus-Yellow-service-orig</url>
				<price>4005</price>
				<currencyId>UAH</currencyId>
				<categoryId>3323</categoryId>
				<picture>https://welcome-mobi.com.ua/uploads/shop/origin/115215_main_origin.jpg</picture>
				<delivery>true</delivery>
				<name_ua>Дисплей Xiaomi Mi 11 Lite 4G/Mi 11 Lite 5G в зборі з сенсором та рамкою Citrus Yellow service orig</name_ua>
				<name>Дисплей Xiaomi Mi 11 Lite 4G/Mi 11 Lite 5G в сборе с сенсором и рамкой Citrus Yellow service orig</name>
				<vendor>Xiaomi</vendor>
				<stock_quantity>1</stock_quantity>
				<param name="Совместимые модели">Xiaomi</param>
				<param name="Сумісність">Xiaomi</param>
				<param name="Клас якості">Original</param>
				<param name="Країна-виробник товару">Китай</param>
				<param name="Страна регистрации бренда">Китай</param>
				<param name="Гарантія">14 дней</param>
			</offer>
			<offer available="true" id="25798">
				<url>https://welcome-mobi.com.ua/shop/product/displey-Xiaomi-Poco-M5-v-sbore-s-sensorom-i-ramkoy-Black-service-orig</url>
				<price>2323</price>
				<currencyId>UAH</currencyId>
				<categoryId>3323</categoryId>
				<picture>https://welcome-mobi.com.ua/uploads/shop/origin/118424_main_origin.jpg</picture>
				<picture>https://welcome-mobi.com.ua/uploads/shop/origin/118424_0.jpg</picture>
				<picture>https://welcome-mobi.com.ua/uploads/shop/origin/118424_1.jpg</picture>
				<delivery>true</delivery>
				<name_ua>Дисплей Xiaomi Poco M4 5G/Redmi 10 5G/Redmi Note 11E в зборі з сенсором та рамкою Black service orig</name_ua>
				<name>Дисплей Xiaomi Poco M4 5G/Redmi 10 5G/Redmi Note 11E в сборе с сенсором и рамкой Black service orig</name>
				<vendor>Xiaomi</vendor>
				<stock_quantity>9</stock_quantity>
				<param name="Совместимые модели">Xiaomi</param>
				<param name="Сумісність">Xiaomi</param>
				<param name="Клас якості">Original</param>
				<param name="Країна-виробник товару">Китай</param>
				<param name="Страна регистрации бренда">Китай</param>
				<param name="Гарантія">14 дней</param>
			</offer>
			<offer available="true" id="19971">
				<url>https://welcome-mobi.com.ua/shop/product/displey-Xiaomi-Redmi-Note-9T-5G-v-sbore-s-sensorom-Nightfall-Black-service-orig</url>
				<price>1291</price>
				<currencyId>UAH</currencyId>
				<categoryId>3323</categoryId>
				<picture>https://welcome-mobi.com.ua/uploads/shop/origin/109737_main_origin.jpg</picture>
				<delivery>true</delivery>
				<name_ua>Дисплей Xiaomi Redmi Note 9 5G/Redmi Note 9T 5G в зборі з сенсором Nightfall Black FULL orig</name_ua>
				<name>Дисплей Xiaomi Redmi Note 9 5G/Redmi Note 9T 5G в сборе с сенсором Nightfall Black FULL orig</name>
				<vendor>Xiaomi</vendor>
				<stock_quantity>5</stock_quantity>
				<param name="Совместимые модели">Xiaomi</param>
				<param name="Сумісність">Xiaomi</param>
				<param name="Клас якості">Original</param>
				<param name="Країна-виробник товару">Китай</param>
				<param name="Страна регистрации бренда">Китай</param>
				<param name="Гарантія">14 дней</param>
			</offer>
			<offer available="true" id="23451">
				<url>https://welcome-mobi.com.ua/shop/product/displey-Xiaomi-Mi-5s-Plus-v-sbore-s-sensorom-white-FULL-orig</url>
				<price>1632</price>
				<currencyId>UAH</currencyId>
				<categoryId>3323</categoryId>
				<picture>https://welcome-mobi.com.ua/uploads/shop/origin/115894_main_origin.jpg</picture>
				<delivery>true</delivery>
				<name_ua>Дисплей Xiaomi Mi 5s Plus в зборі з сенсором white FULL orig</name_ua>
				<name>Дисплей Xiaomi Mi 5s Plus в сборе с сенсором white FULL orig</name>
				<vendor>Xiaomi</vendor>
				<stock_quantity>1</stock_quantity>
				<param name="Совместимые модели">Xiaomi</param>
				<param name="Сумісність">Xiaomi</param>
				<param name="Клас якості">Original</param>
				<param name="Країна-виробник товару">Китай</param>
				<param name="Страна регистрации бренда">Китай</param>
				<param name="Гарантія">14 дней</param>
			</offer>
			<offer available="true" id="19885">
				<url>https://welcome-mobi.com.ua/shop/product/displey-Xiaomi-Redmi-Note-10-4G,Redmi-Note-10s-v-sbore-s-sensorom-Onyx-Gray</url>
				<price>3485</price>
				<currencyId>UAH</currencyId>
				<categoryId>3323</categoryId>
				<picture>https://welcome-mobi.com.ua/uploads/shop/origin/109599_main_origin.jpg</picture>
				<delivery>true</delivery>
				<name_ua>Дисплей Xiaomi Redmi Note 10 4G/Redmi Note 10s/Poco M5s в зборі з сенсором Onyx Gray FULL orig</name_ua>
				<name>Дисплей Xiaomi Redmi Note 10 4G/Redmi Note 10s/Poco M5s в сборе с сенсором Onyx Gray FULL orig</name>
				<vendor>Xiaomi</vendor>
				<stock_quantity>6</stock_quantity>
				<param name="Совместимые модели">Xiaomi</param>
				<param name="Сумісність">Xiaomi</param>
				<param name="Клас якості">Original</param>
				<param name="Країна-виробник товару">Китай</param>
				<param name="Страна регистрации бренда">Китай</param>
				<param name="Гарантія">14 дней</param>
			</offer>
			<offer available="true" id="20639">
				<url>https://welcome-mobi.com.ua/shop/product/displey-Xiaomi-Mi-8-SE-v-sbore-s-sensorom-i-ramkoy-gold-service-orig</url>
				<price>2804</price>
				<currencyId>UAH</currencyId>
				<categoryId>3323</categoryId>
				<picture>https://welcome-mobi.com.ua/uploads/shop/origin/110278_main_origin.jpg</picture>
				<delivery>true</delivery>
				<name_ua>Дисплей Xiaomi Mi 8 SE в зборі з сенсором та рамкою gold service orig</name_ua>
				<name>Дисплей Xiaomi Mi 8 SE в сборе с сенсором и рамкой gold service orig</name>
				<vendor>Xiaomi</vendor>
				<stock_quantity>1</stock_quantity>
				<param name="Совместимые модели">Xiaomi</param>
				<param name="Сумісність">Xiaomi</param>
				<param name="Клас якості">Original</param>
				<param name="Країна-виробник товару">Китай</param>
				<param name="Страна регистрации бренда">Китай</param>
				<param name="Гарантія">14 дней</param>
			</offer>
			<offer available="true" id="20224">
				<url>https://welcome-mobi.com.ua/shop/product/displey-Xiaomi-Mi-11-Lite-4G-v-sbore-s-sensorom-i-ramkoy-Bubblegum-Blue-service-orig</url>
				<price>4451</price>
				<currencyId>UAH</currencyId>
				<categoryId>3323</categoryId>
				<picture>https://welcome-mobi.com.ua/uploads/shop/origin/109881_main_origin.jpg</picture>
				<delivery>true</delivery>
				<name_ua>Дисплей Xiaomi Mi 11 Lite 4G/Mi 11 Lite 5G в зборі з сенсором та рамкою Bubblegum Blue service orig</name_ua>
				<name>Дисплей Xiaomi Mi 11 Lite 4G/Mi 11 Lite 5G в сборе с сенсором и рамкой Bubblegum Blue service orig</name>
				<vendor>Xiaomi</vendor>
				<stock_quantity>1</stock_quantity>
				<param name="Совместимые модели">Xiaomi</param>
				<param name="Сумісність">Xiaomi</param>
				<param name="Клас якості">Original</param>
				<param name="Країна-виробник товару">Китай</param>
				<param name="Страна регистрации бренда">Китай</param>
				<param name="Гарантія">14 дней</param>
			</offer>
			<offer available="true" id="25953">
				<url>https://welcome-mobi.com.ua/shop/product/displey-Xiaomi-Poco-F4-2022-v-sbore-s-sensorom-i-ramkoy-Moonlight-Silver-service-orig</url>
				<price>6008</price>
				<currencyId>UAH</currencyId>
				<categoryId>3323</categoryId>
				<picture>https://welcome-mobi.com.ua/uploads/shop/origin/118582_main_origin.jpg</picture>
				<picture>https://welcome-mobi.com.ua/uploads/shop/origin/118582_0.jpg</picture>
				<picture>https://welcome-mobi.com.ua/uploads/shop/origin/118582_1.jpg</picture>
				<picture>https://welcome-mobi.com.ua/uploads/shop/origin/118582_2.jpg</picture>
				<delivery>true</delivery>
				<name_ua>Дисплей Xiaomi Poco F4 2022 в зборі з сенсором та рамкою Moonlight Silver service orig</name_ua>
				<name>Дисплей Xiaomi Poco F4 2022 в сборе с сенсором и рамкой Moonlight Silver service orig</name>
				<vendor>Xiaomi</vendor>
				<stock_quantity>1</stock_quantity>
				<param name="Совместимые модели">Xiaomi</param>
				<param name="Сумісність">Xiaomi</param>
				<param name="Клас якості">Original</param>
				<param name="Країна-виробник товару">Китай</param>
				<param name="Страна регистрации бренда">Китай</param>
				<param name="Гарантія">14 дней</param>
			</offer>
			<offer available="true" id="26173">
				<url>https://welcome-mobi.com.ua/shop/product/displey-Xiaomi-Redmi-A1,Redmi-A1-Plus-v-sbore-s-sensorom-i-ramkoy-Black-service-orig</url>
				<price>2203</price>
				<currencyId>UAH</currencyId>
				<categoryId>3323</categoryId>
				<picture>https://welcome-mobi.com.ua/uploads/shop/origin/118793_main_origin.jpg</picture>
				<picture>https://welcome-mobi.com.ua/uploads/shop/origin/118793_0.jpg</picture>
				<picture>https://welcome-mobi.com.ua/uploads/shop/origin/118793_1.jpg</picture>
				<delivery>true</delivery>
				<name_ua>Дисплей Xiaomi Redmi A1/Redmi A1 Plus/Redmi A2/A2 Plus в зборі з сенсором та рамкою Black service orig</name_ua>
				<name>Дисплей Xiaomi Redmi A1/Redmi A1 Plus/Redmi A2/A2 Plus в сборе с сенсором и рамкой Black service orig</name>
				<vendor>Xiaomi</vendor>
				<stock_quantity>5</stock_quantity>
				<param name="Совместимые модели">Xiaomi</param>
				<param name="Сумісність">Xiaomi</param>
				<param name="Клас якості">Original</param>
				<param name="Країна-виробник товару">Китай</param>
				<param name="Страна регистрации бренда">Китай</param>
				<param name="Гарантія">14 дней</param>
			</offer>
			<offer available="true" id="17221">
				<url>https://welcome-mobi.com.ua/shop/product/displey-Xiaomi-Mi8-SE-black-with-touchscreen-and-frame-FULL-orig</url>
				<price>4005</price>
				<currencyId>UAH</currencyId>
				<categoryId>3323</categoryId>
				<picture>https://welcome-mobi.com.ua/uploads/shop/origin/106890_main_origin.jpg</picture>
				<delivery>true</delivery>
				<name_ua>Дисплей Xiaomi Mi 8 SE в зборі з сенсором та рамкою black service orig</name_ua>
				<name>Дисплей Xiaomi Mi 8 SE в сборе с сенсором и рамкой black service orig</name>
				<vendor>Xiaomi</vendor>
				<stock_quantity>1</stock_quantity>
				<param name="Совместимые модели">Xiaomi</param>
				<param name="Сумісність">Xiaomi</param>
				<param name="Клас якості">Original</param>
				<param name="Країна-виробник товару">Китай</param>
				<param name="Страна регистрации бренда">Китай</param>
				<param name="Гарантія">14 дней</param>
			</offer>
			<offer available="true" id="14807">
				<url>https://welcome-mobi.com.ua/shop/product/displey-Xiaomi-Redmi-8A-black-with-touchscreen-FULL-orig</url>
				<price>1522</price>
				<currencyId>UAH</currencyId>
				<categoryId>3323</categoryId>
				<picture>https://welcome-mobi.com.ua/uploads/shop/origin/104271_main_origin.jpg</picture>
				<delivery>true</delivery>
				<name_ua>Дисплей Xiaomi Redmi 8/Redmi 8A в зборі з сенсором black FULL orig</name_ua>
				<name>Дисплей Xiaomi Redmi 8/Redmi 8A в сборе с сенсором black FULL orig</name>
				<vendor>Xiaomi</vendor>
				<stock_quantity>3</stock_quantity>
				<param name="Совместимые модели">Xiaomi</param>
				<param name="Сумісність">Xiaomi</param>
				<param name="Клас якості">Original</param>
				<param name="Країна-виробник товару">Китай</param>
				<param name="Страна регистрации бренда">Китай</param>
				<param name="Гарантія">14 дней</param>
			</offer>
			<offer available="true" id="17853">
				<url>https://welcome-mobi.com.ua/shop/product/displey-Xiaomi-Redmi-Note-8T-blue-with-touchscreen-and-frame-service-orig</url>
				<price>2626</price>
				<currencyId>UAH</currencyId>
				<categoryId>3323</categoryId>
				<picture>https://welcome-mobi.com.ua/uploads/shop/origin/107671_main_origin.jpg</picture>
				<delivery>true</delivery>
				<name_ua>Дисплей Xiaomi Redmi Note 8T в зборі з сенсором та рамкою Starscape Blue service orig</name_ua>
				<name>Дисплей Xiaomi Redmi Note 8T в сборе с сенсором и рамкой Starscape Blue service orig</name>
				<vendor>Xiaomi</vendor>
				<stock_quantity>2</stock_quantity>
				<param name="Совместимые модели">Xiaomi</param>
				<param name="Сумісність">Xiaomi</param>
				<param name="Клас якості">Original</param>
				<param name="Країна-виробник товару">Китай</param>
				<param name="Страна регистрации бренда">Китай</param>
				<param name="Гарантія">14 дней</param>
			</offer>
			<offer available="true" id="17854">
				<url>https://welcome-mobi.com.ua/shop/product/displey-Xiaomi-Redmi-Note-8T-black-with-touchscreen-and-frame-service-orig</url>
				<price>2626</price>
				<currencyId>UAH</currencyId>
				<categoryId>3323</categoryId>
				<picture>https://welcome-mobi.com.ua/uploads/shop/origin/107672_main_origin.jpg</picture>
				<delivery>true</delivery>
				<name_ua>Дисплей Xiaomi Redmi Note 8T в зборі з сенсором та рамкою Moonshadow Grey service orig</name_ua>
				<name>Дисплей Xiaomi Redmi Note 8T в сборе с сенсором и рамкой Moonshadow Grey service orig</name>
				<vendor>Xiaomi</vendor>
				<stock_quantity>2</stock_quantity>
				<param name="Совместимые модели">Xiaomi</param>
				<param name="Сумісність">Xiaomi</param>
				<param name="Клас якості">Original</param>
				<param name="Країна-виробник товару">Китай</param>
				<param name="Страна регистрации бренда">Китай</param>
				<param name="Гарантія">14 дней</param>
			</offer>
			<offer available="true" id="19214">
				<url>https://welcome-mobi.com.ua/shop/product/displey-Xiaomi-Pocophone-F2-Pro-v-sbore-s-sensorom-i-ramkoy-Cyber-Grey-service-orig</url>
				<price>6676</price>
				<currencyId>UAH</currencyId>
				<categoryId>3323</categoryId>
				<picture>https://welcome-mobi.com.ua/uploads/shop/origin/108925_main_origin.jpg</picture>
				<delivery>true</delivery>
				<name_ua>Дисплей Xiaomi Poco F2 Pro в зборі з сенсором та рамкою Cyber Grey service orig</name_ua>
				<name>Дисплей Xiaomi Poco F2 Pro в сборе с сенсором и рамкой Cyber Grey service orig</name>
				<vendor>Xiaomi</vendor>
				<stock_quantity>1</stock_quantity>
				<param name="Совместимые модели">Xiaomi</param>
				<param name="Сумісність">Xiaomi</param>
				<param name="Клас якості">Original</param>
				<param name="Країна-виробник товару">Китай</param>
				<param name="Страна регистрации бренда">Китай</param>
				<param name="Гарантія">14 дней</param>
			</offer>
			<offer available="true" id="19268">
				<url>https://welcome-mobi.com.ua/shop/product/displey-Xiaomi-Mi9-SE-v-sbore-s-sensorom-i-ramkoy-Lavender-Violet-service-orig</url>
				<price>4807</price>
				<currencyId>UAH</currencyId>
				<categoryId>3323</categoryId>
				<picture>https://welcome-mobi.com.ua/uploads/shop/origin/108946_main_origin.jpg</picture>
				<delivery>true</delivery>
				<name_ua>Дисплей Xiaomi Mi 9 SE в зборі з сенсором та рамкою Lavender Violet service orig</name_ua>
				<name>Дисплей Xiaomi Mi 9 SE в сборе с сенсором и рамкой Lavender Violet service orig</name>
				<vendor>Xiaomi</vendor>
				<stock_quantity>1</stock_quantity>
				<param name="Совместимые модели">Xiaomi</param>
				<param name="Сумісність">Xiaomi</param>
				<param name="Клас якості">Original</param>
				<param name="Країна-виробник товару">Китай</param>
				<param name="Страна регистрации бренда">Китай</param>
				<param name="Гарантія">14 дней</param>
			</offer>
			<offer available="true" id="19520">
				<url>https://welcome-mobi.com.ua/shop/product/displey-Xiaomi-Redmi-Note-10-Pro-v-sbore-s-sensorom-i-ramkoy-Onyx-Gray-service-orig</url>
				<price>6453</price>
				<currencyId>UAH</currencyId>
				<categoryId>3323</categoryId>
				<picture>https://welcome-mobi.com.ua/uploads/shop/origin/109255_main_origin.jpg</picture>
				<delivery>true</delivery>
				<name_ua>Дисплей Xiaomi Redmi Note 10 Pro/Redmi Note 10 Pro Max в зборі з сенсором та рамкою Onyx Gray service orig</name_ua>
				<name>Дисплей Xiaomi Redmi Note 10 Pro/Redmi Note 10 Pro Max в сборе с сенсором и рамкой Onyx Gray service orig</name>
				<vendor>Xiaomi</vendor>
				<stock_quantity>3</stock_quantity>
				<param name="Совместимые модели">Xiaomi</param>
				<param name="Сумісність">Xiaomi</param>
				<param name="Клас якості">Original</param>
				<param name="Країна-виробник товару">Китай</param>
				<param name="Страна регистрации бренда">Китай</param>
				<param name="Гарантія">14 дней</param>
			</offer>
			<offer available="true" id="24807">
				<url>https://welcome-mobi.com.ua/shop/product/displey-Xiaomi-11T,Poco-F4-GT-2022-v-sbore-s-sensorom-i-ramkoy-Moonlight-White-service-orig</url>
				<price>5407</price>
				<currencyId>UAH</currencyId>
				<categoryId>3323</categoryId>
				<picture>https://welcome-mobi.com.ua/uploads/shop/origin/117481_main_origin.jpg</picture>
				<delivery>true</delivery>
				<name_ua>Дисплей Xiaomi 11T в зборі з сенсором та рамкою Moonlight White service orig</name_ua>
				<name>Дисплей Xiaomi 11T в сборе с сенсором и рамкой Moonlight White service orig</name>
				<vendor>Xiaomi</vendor>
				<stock_quantity>2</stock_quantity>
				<param name="Совместимые модели">Xiaomi</param>
				<param name="Сумісність">Xiaomi</param>
				<param name="Клас якості">Original</param>
				<param name="Країна-виробник товару">Китай</param>
				<param name="Страна регистрации бренда">Китай</param>
				<param name="Гарантія">14 дней</param>
			</offer>
			<offer available="true" id="17868">
				<url>https://welcome-mobi.com.ua/shop/product/displey-Xiaomi-Mi9T,Mi9T-Pro-Red-Flame-with-touchscreen-and-frame-service-orig</url>
				<price>5047</price>
				<currencyId>UAH</currencyId>
				<categoryId>3323</categoryId>
				<picture>https://welcome-mobi.com.ua/uploads/shop/origin/107629_main_origin.jpg</picture>
				<delivery>true</delivery>
				<name_ua>Дисплей Xiaomi Mi 9T/Mi 9T Pro в зборі з сенсором та рамкою Flame Red service orig</name_ua>
				<name>Дисплей Xiaomi Mi 9T/Mi 9T Pro в сборе с сенсором и рамкой Flame Red service orig</name>
				<vendor>Xiaomi</vendor>
				<stock_quantity>2</stock_quantity>
				<param name="Совместимые модели">Xiaomi</param>
				<param name="Сумісність">Xiaomi</param>
				<param name="Клас якості">Original</param>
				<param name="Країна-виробник товару">Китай</param>
				<param name="Страна регистрации бренда">Китай</param>
				<param name="Гарантія">14 дней</param>
			</offer>
			<offer available="true" id="18759">
				<url>https://welcome-mobi.com.ua/shop/product/displey-Xiaomi-Pocophone-M3-v-sbore-s-sensorom-i-ramkoy-Power-Black-service-orig</url>
				<price>2363</price>
				<currencyId>UAH</currencyId>
				<categoryId>3323</categoryId>
				<picture>https://welcome-mobi.com.ua/uploads/shop/origin/108517_main_origin.jpg</picture>
				<delivery>true</delivery>
				<name_ua>Дисплей Xiaomi Poco M3/Redmi 9T в зборі з сенсором та рамкою Power Black service orig</name_ua>
				<name>Дисплей Xiaomi Poco M3/Redmi 9T в сборе с сенсором и рамкой Power Black service orig</name>
				<vendor>Xiaomi</vendor>
				<stock_quantity>4</stock_quantity>
				<param name="Совместимые модели">Xiaomi</param>
				<param name="Сумісність">Xiaomi</param>
				<param name="Клас якості">Original</param>
				<param name="Країна-виробник товару">Китай</param>
				<param name="Страна регистрации бренда">Китай</param>
				<param name="Гарантія">14 дней</param>
			</offer>
			<offer available="true" id="19257">
				<url>https://welcome-mobi.com.ua/shop/product/displey-Xiaomi-Mi9-v-sbore-s-sensorom-i-ramkoy-Ocean-Blue-service-orig</url>
				<price>5563</price>
				<currencyId>UAH</currencyId>
				<categoryId>3323</categoryId>
				<picture>https://welcome-mobi.com.ua/uploads/shop/origin/108959_main_origin.jpg</picture>
				<delivery>true</delivery>
				<name_ua>Дисплей Xiaomi Mi 9 в зборі з сенсором та рамкою Ocean Blue service orig</name_ua>
				<name>Дисплей Xiaomi Mi 9 в сборе с сенсором и рамкой Ocean Blue service orig</name>
				<vendor>Xiaomi</vendor>
				<stock_quantity>1</stock_quantity>
				<param name="Совместимые модели">Xiaomi</param>
				<param name="Сумісність">Xiaomi</param>
				<param name="Клас якості">Original</param>
				<param name="Країна-виробник товару">Китай</param>
				<param name="Страна регистрации бренда">Китай</param>
				<param name="Гарантія">14 дней</param>
			</offer>
			<offer available="true" id="20288">
				<url>https://welcome-mobi.com.ua/shop/product/displey-Xiaomi-Mi-A3-v-sbore-s-sensorom-i-ramkoy-More-Than-White-service-orig</url>
				<price>3925</price>
				<currencyId>UAH</currencyId>
				<categoryId>3323</categoryId>
				<picture>https://welcome-mobi.com.ua/uploads/shop/origin/109947_main_origin.jpg</picture>
				<delivery>true</delivery>
				<name_ua>Дисплей Xiaomi Mi A3/Mi CC9e в зборі з сенсором та рамкою More Than White service orig</name_ua>
				<name>Дисплей Xiaomi Mi A3/Mi CC9e в сборе с сенсором и рамкой More Than White service orig</name>
				<vendor>Xiaomi</vendor>
				<stock_quantity>2</stock_quantity>
				<param name="Совместимые модели">Xiaomi</param>
				<param name="Сумісність">Xiaomi</param>
				<param name="Клас якості">Original</param>
				<param name="Країна-виробник товару">Китай</param>
				<param name="Страна регистрации бренда">Китай</param>
				<param name="Гарантія">14 дней</param>
			</offer>
			<offer available="true" id="24772">
				<url>https://welcome-mobi.com.ua/shop/product/displey-Xiaomi-Redmi-10C-v-sbore-s-sensorom-Graphite-Gray-FULL-orig</url>
				<price>1522</price>
				<currencyId>UAH</currencyId>
				<categoryId>3323</categoryId>
				<picture>https://welcome-mobi.com.ua/uploads/shop/origin/117453_main_origin.jpg</picture>
				<delivery>true</delivery>
				<name_ua>Дисплей Xiaomi Redmi 10C/Poco C40 в зборі з сенсором Graphite Gray FULL orig</name_ua>
				<name>Дисплей Xiaomi Redmi 10C/Poco C40 в сборе с сенсором Graphite Gray FULL orig</name>
				<vendor>Xiaomi</vendor>
				<stock_quantity>4</stock_quantity>
				<param name="Совместимые модели">Xiaomi</param>
				<param name="Сумісність">Xiaomi</param>
				<param name="Клас якості">Original</param>
				<param name="Країна-виробник товару">Китай</param>
				<param name="Страна регистрации бренда">Китай</param>
				<param name="Гарантія">14 дней</param>
			</offer>
			<offer available="true" id="20336">
				<url>https://welcome-mobi.com.ua/shop/product/displey-Xiaomi-Mi-10-Ultra-v-sbore-s-sensorom-Obsidian-Black-FULL-orig</url>
				<price>5487</price>
				<currencyId>UAH</currencyId>
				<categoryId>3323</categoryId>
				<picture>https://welcome-mobi.com.ua/uploads/shop/origin/110032_main_origin.jpg</picture>
				<delivery>true</delivery>
				<name_ua>Дисплей Xiaomi Mi 10 Ultra в зборі з сенсором Obsidian Black FULL orig</name_ua>
				<name>Дисплей Xiaomi Mi 10 Ultra в сборе с сенсором Obsidian Black FULL orig</name>
				<vendor>Xiaomi</vendor>
				<stock_quantity>1</stock_quantity>
				<param name="Совместимые модели">Xiaomi</param>
				<param name="Сумісність">Xiaomi</param>
				<param name="Клас якості">Original</param>
				<param name="Країна-виробник товару">Китай</param>
				<param name="Страна регистрации бренда">Китай</param>
				<param name="Гарантія">14 дней</param>
			</offer>
			<offer available="true" id="20629">
				<url>https://welcome-mobi.com.ua/shop/product/displey-Xiaomi-Mi-10T-Lite-v-sbore-s-sensorom-i-ramkoy-Rose-Gold-Beach-service-orig</url>
				<price>3783</price>
				<currencyId>UAH</currencyId>
				<categoryId>3323</categoryId>
				<picture>https://welcome-mobi.com.ua/uploads/shop/origin/110270_main_origin.jpg</picture>
				<delivery>true</delivery>
				<name_ua>Дисплей Xiaomi Mi 10T Lite в зборі з сенсором та рамкою Rose Gold Beach service orig</name_ua>
				<name>Дисплей Xiaomi Mi 10T Lite в сборе с сенсором и рамкой Rose Gold Beach service orig</name>
				<vendor>Xiaomi</vendor>
				<stock_quantity>1</stock_quantity>
				<param name="Совместимые модели">Xiaomi</param>
				<param name="Сумісність">Xiaomi</param>
				<param name="Клас якості">Original</param>
				<param name="Країна-виробник товару">Китай</param>
				<param name="Страна регистрации бренда">Китай</param>
				<param name="Гарантія">14 дней</param>
			</offer>
			<offer available="true" id="26852">
				<url>https://welcome-mobi.com.ua/shop/product/displey-Xiaomi-Redmi-12C,Redmi-11A-v-sbore-s-sensorom-black-FULL-orig</url>
				<price>1562</price>
				<currencyId>UAH</currencyId>
				<categoryId>3323</categoryId>
				<picture>https://welcome-mobi.com.ua/uploads/shop/origin/119438_main_origin.jpg</picture>
				<delivery>true</delivery>
				<name_ua>Дисплей Xiaomi Redmi 12C/Redmi 11A в зборі з сенсором black FULL orig</name_ua>
				<name>Дисплей Xiaomi Redmi 12C/Redmi 11A в сборе с сенсором black FULL orig</name>
				<vendor>Xiaomi</vendor>
				<stock_quantity>4</stock_quantity>
				<param name="Совместимые модели">Xiaomi</param>
				<param name="Сумісність">Xiaomi</param>
				<param name="Клас якості">Original</param>
				<param name="Країна-виробник товару">Китай</param>
				<param name="Страна регистрации бренда">Китай</param>
				<param name="Гарантія">14 дней</param>
			</offer>
			<offer available="true" id="17851">
				<url>https://welcome-mobi.com.ua/shop/product/displey-Xiaomi-Redmi-8-black-with-touchscreen-and-frame-service-orig</url>
				<price>1602</price>
				<currencyId>UAH</currencyId>
				<categoryId>3323</categoryId>
				<picture>https://welcome-mobi.com.ua/uploads/shop/origin/107658_main_origin.jpg</picture>
				<delivery>true</delivery>
				<name_ua>Дисплей Xiaomi Redmi 8/Redmi 8A в зборі з сенсором та рамкою Onyx Black service orig</name_ua>
				<name>Дисплей Xiaomi Redmi 8/Redmi 8A в сборе с сенсором и рамкой Onyx Black service orig</name>
				<vendor>Xiaomi</vendor>
				<stock_quantity>4</stock_quantity>
				<param name="Совместимые модели">Xiaomi</param>
				<param name="Сумісність">Xiaomi</param>
				<param name="Клас якості">Original</param>
				<param name="Країна-виробник товару">Китай</param>
				<param name="Страна регистрации бренда">Китай</param>
				<param name="Гарантія">14 дней</param>
			</offer>
			<offer available="true" id="18247">
				<url>https://welcome-mobi.com.ua/shop/product/displey-Xiaomi-Redmi-Note-7-Nebula-Red-with-touchscreen-and-frame-service-orig</url>
				<price>2363</price>
				<currencyId>UAH</currencyId>
				<categoryId>3323</categoryId>
				<picture>https://welcome-mobi.com.ua/uploads/shop/origin/108025_main_origin.jpg</picture>
				<delivery>true</delivery>
				<name_ua>Дисплей Xiaomi Redmi Note 7/Redmi Note 7 Pro в зборі з сенсором та рамкою Ruby Red service orig</name_ua>
				<name>Дисплей Xiaomi Redmi Note 7/Redmi Note 7 Pro в сборе с сенсором и рамкой Ruby Red service orig</name>
				<vendor>Xiaomi</vendor>
				<stock_quantity>1</stock_quantity>
				<param name="Совместимые модели">Xiaomi</param>
				<param name="Сумісність">Xiaomi</param>
				<param name="Клас якості">Original</param>
				<param name="Країна-виробник товару">Китай</param>
				<param name="Страна регистрации бренда">Китай</param>
				<param name="Гарантія">14 дней</param>
			</offer>
			<offer available="true" id="18249">
				<url>https://welcome-mobi.com.ua/shop/product/displey-Xiaomi-Redmi-Note-8-Space-Black-with-touchscreen-and-frame-service-orig</url>
				<price>2363</price>
				<currencyId>UAH</currencyId>
				<categoryId>3323</categoryId>
				<picture>https://welcome-mobi.com.ua/uploads/shop/origin/108026_main_origin.jpg</picture>
				<delivery>true</delivery>
				<name_ua>Дисплей Xiaomi Redmi Note 8 в зборі з сенсором та рамкою Space Black service orig</name_ua>
				<name>Дисплей Xiaomi Redmi Note 8 в сборе с сенсором и рамкой Space Black service orig</name>
				<vendor>Xiaomi</vendor>
				<stock_quantity>1</stock_quantity>
				<param name="Совместимые модели">Xiaomi</param>
				<param name="Сумісність">Xiaomi</param>
				<param name="Клас якості">Original</param>
				<param name="Країна-виробник товару">Китай</param>
				<param name="Страна регистрации бренда">Китай</param>
				<param name="Гарантія">14 дней</param>
			</offer>
			<offer available="true" id="25518">
				<url>https://welcome-mobi.com.ua/shop/product/displey-Xiaomi-Redmi-A1,A1-Plus-v-sbore-s-sensorom-Black-FULL-orig</url>
				<price>1522</price>
				<currencyId>UAH</currencyId>
				<categoryId>3323</categoryId>
				<picture>https://welcome-mobi.com.ua/uploads/shop/origin/118193_main_origin.jpg</picture>
				<delivery>true</delivery>
				<name_ua>Дисплей Xiaomi Redmi A1/Redmi A1 Plus/Redmi A2/A2 Plus в зборі з сенсором Black FULL orig</name_ua>
				<name>Дисплей Xiaomi Redmi A1/Redmi A1 Plus/Redmi A2/A2 Plus в сборе с сенсором Black FULL orig</name>
				<vendor>Xiaomi</vendor>
				<stock_quantity>2</stock_quantity>
				<param name="Совместимые модели">Xiaomi</param>
				<param name="Сумісність">Xiaomi</param>
				<param name="Клас якості">Original</param>
				<param name="Країна-виробник товару">Китай</param>
				<param name="Страна регистрации бренда">Китай</param>
				<param name="Гарантія">14 дней</param>
			</offer>
			<offer available="true" id="15813">
				<url>https://welcome-mobi.com.ua/shop/product/displey-Xiaomi-Redmi-9A-black-with-touchscreen-FULL-orig</url>
				<price>1320</price>
				<currencyId>UAH</currencyId>
				<categoryId>3323</categoryId>
				<picture>https://welcome-mobi.com.ua/uploads/shop/origin/105305_main_origin.jpg</picture>
				<delivery>true</delivery>
				<name_ua>Дисплей Xiaomi Redmi 9A/Redmi 9C/Redmi 10A 2022 в зборі з сенсором Midnight Black FULL orig</name_ua>
				<name>Дисплей Xiaomi Redmi 9A/Redmi 9C/Redmi 10A 2022 в сборе с сенсором Midnight Black FULL orig</name>
				<vendor>Xiaomi</vendor>
				<stock_quantity>18</stock_quantity>
				<param name="Совместимые модели">Xiaomi</param>
				<param name="Сумісність">Xiaomi</param>
				<param name="Клас якості">Original</param>
				<param name="Країна-виробник товару">Китай</param>
				<param name="Страна регистрации бренда">Китай</param>
				<param name="Гарантія">14 дней</param>
			</offer>
			<offer available="true" id="17569">
				<url>https://welcome-mobi.com.ua/shop/product/displey-Xiaomi-Redmi-9A,Redmi-9C-black-with-touchscreen-and-frame-service-orig</url>
				<price>1838</price>
				<currencyId>UAH</currencyId>
				<categoryId>3323</categoryId>
				<picture>https://welcome-mobi.com.ua/uploads/shop/origin/107375_main_origin.jpg</picture>
				<delivery>true</delivery>
				<name_ua>Дисплей Xiaomi Redmi 9A/Redmi 9C/Redmi 10A 2022 в зборі з сенсором та рамкою Midnight Black service orig</name_ua>
				<name>Дисплей Xiaomi Redmi 9A/Redmi 9C/Redmi 10A 2022 в сборе с сенсором и рамкой Midnight Black service orig</name>
				<vendor>Xiaomi</vendor>
				<stock_quantity>6</stock_quantity>
				<param name="Совместимые модели">Xiaomi</param>
				<param name="Сумісність">Xiaomi</param>
				<param name="Клас якості">Original</param>
				<param name="Країна-виробник товару">Китай</param>
				<param name="Страна регистрации бренда">Китай</param>
				<param name="Гарантія">14 дней</param>
			</offer>
			<offer available="true" id="23796">
				<url>https://welcome-mobi.com.ua/shop/product/displey-Xiaomi-Redmi-Note-11-5G,Poco-M4-Pro-5G-v-sbore-s-sensorom-Graphite-Gray-service-orig</url>
				<price>2884</price>
				<currencyId>UAH</currencyId>
				<categoryId>3323</categoryId>
				<picture>https://welcome-mobi.com.ua/uploads/shop/origin/116170_main_origin.jpg</picture>
				<delivery>true</delivery>
				<name_ua>Дисплей Xiaomi Redmi Note 11 5G/Poco M4 Pro 5G в зборі з сенсором та рамкою black service orig</name_ua>
				<name>Дисплей Xiaomi Redmi Note 11 5G/Poco M4 Pro 5G в сборе с сенсором и рамкой black service orig</name>
				<vendor>Xiaomi</vendor>
				<stock_quantity>2</stock_quantity>
				<param name="Совместимые модели">Xiaomi</param>
				<param name="Сумісність">Xiaomi</param>
				<param name="Клас якості">Original</param>
				<param name="Країна-виробник товару">Китай</param>
				<param name="Страна регистрации бренда">Китай</param>
				<param name="Гарантія">14 дней</param>
			</offer>
			<offer available="true" id="24811">
				<url>https://welcome-mobi.com.ua/shop/product/displey-Xiaomi-11T-Pro-v-sbore-s-sensorom-i-ramkoy-Meteorite-Gray-service-original </url>
				<price>5007</price>
				<currencyId>UAH</currencyId>
				<categoryId>3323</categoryId>
				<picture>https://welcome-mobi.com.ua/uploads/shop/origin/117482_main_origin.jpg</picture>
				<delivery>true</delivery>
				<name_ua>Дисплей Xiaomi 11T Pro в зборі з сенсором та рамкою Meteorite Gray service orig</name_ua>
				<name>Дисплей Xiaomi 11T Pro в сборе с сенсором и рамкой Meteorite Gray service orig</name>
				<vendor>Xiaomi</vendor>
				<stock_quantity>3</stock_quantity>
				<param name="Совместимые модели">Xiaomi</param>
				<param name="Сумісність">Xiaomi</param>
				<param name="Клас якості">Original</param>
				<param name="Країна-виробник товару">Китай</param>
				<param name="Страна регистрации бренда">Китай</param>
				<param name="Гарантія">14 дней</param>
			</offer>
			<offer available="true" id="15836">
				<url>https://welcome-mobi.com.ua/shop/product/displey-Xiaomi-Mi-Note-10,Mi-Note-10-Pro,Note-10-Lite,CC9-Pro-black-with-touchscreen-FULL-orig</url>
				<price>2483</price>
				<currencyId>UAH</currencyId>
				<categoryId>3323</categoryId>
				<picture>https://welcome-mobi.com.ua/uploads/shop/origin/105323_main_origin.jpg</picture>
				<delivery>true</delivery>
				<name_ua>Дисплей Xiaomi Mi Note 10/Mi Note 10 Lite в зборі з сенсором Midnight Black FULL orig</name_ua>
				<name>Дисплей Xiaomi Mi Note 10/Mi Note 10 Lite в сборе с сенсором Midnight Black FULL orig</name>
				<vendor>Xiaomi</vendor>
				<stock_quantity>2</stock_quantity>
				<param name="Совместимые модели">Xiaomi</param>
				<param name="Сумісність">Xiaomi</param>
				<param name="Клас якості">Original</param>
				<param name="Країна-виробник товару">Китай</param>
				<param name="Страна регистрации бренда">Китай</param>
				<param name="Гарантія">14 дней</param>
			</offer>
			<offer available="true" id="20806">
				<url>https://welcome-mobi.com.ua/shop/product/displey-Xiaomi-Black-Shark-Helo-v-sbore-s-sensorom-black-FULL-orig</url>
				<price>3783</price>
				<currencyId>UAH</currencyId>
				<categoryId>3323</categoryId>
				<picture>https://welcome-mobi.com.ua/uploads/shop/origin/111016_main_origin.jpg</picture>
				<delivery>true</delivery>
				<name_ua>Дисплей Xiaomi Black Shark Helo в зборі з сенсором black FULL orig</name_ua>
				<name>Дисплей Xiaomi Black Shark Helo в сборе с сенсором black FULL orig</name>
				<vendor>Xiaomi</vendor>
				<stock_quantity>1</stock_quantity>
				<param name="Совместимые модели">Xiaomi</param>
				<param name="Сумісність">Xiaomi</param>
				<param name="Клас якості">Original</param>
				<param name="Країна-виробник товару">Китай</param>
				<param name="Страна регистрации бренда">Китай</param>
				<param name="Гарантія">14 дней</param>
			</offer>
			<offer available="true" id="23436">
				<url>https://welcome-mobi.com.ua/shop/product/displey-Xiaomi-Redmi-Note-11-5G,Poco-M4-Pro-5G-v-sbore-s-sensorom-black-FULL-orig</url>
				<price>1843</price>
				<currencyId>UAH</currencyId>
				<categoryId>3323</categoryId>
				<picture>https://welcome-mobi.com.ua/uploads/shop/origin/115988_main_origin.jpg</picture>
				<delivery>true</delivery>
				<name_ua>Дисплей Xiaomi Redmi Note 11 5G/Poco M4 Pro 5G в зборі з сенсором black FULL orig</name_ua>
				<name>Дисплей Xiaomi Redmi Note 11 5G/Poco M4 Pro 5G в сборе с сенсором black FULL orig</name>
				<vendor>Xiaomi</vendor>
				<stock_quantity>9</stock_quantity>
				<param name="Совместимые модели">Xiaomi</param>
				<param name="Сумісність">Xiaomi</param>
				<param name="Клас якості">Original</param>
				<param name="Країна-виробник товару">Китай</param>
				<param name="Страна регистрации бренда">Китай</param>
				<param name="Гарантія">14 дней</param>
			</offer>
			<offer available="true" id="24314">
				<url>https://welcome-mobi.com.ua/shop/product/displey-Xiaomi-Redmi-Note-8T-v-sbore-s-sensorom-Moonshadow-Grey-FULL-orig</url>
				<price>1602</price>
				<currencyId>UAH</currencyId>
				<categoryId>3323</categoryId>
				<picture>https://welcome-mobi.com.ua/uploads/shop/origin/116736_main_origin.jpg</picture>
				<delivery>true</delivery>
				<name_ua>Дисплей Xiaomi Redmi Note 8T в зборі з сенсором Moonshadow Grey FULL orig</name_ua>
				<name>Дисплей Xiaomi Redmi Note 8T в сборе с сенсором Moonshadow Grey FULL orig</name>
				<vendor>Xiaomi</vendor>
				<stock_quantity>9</stock_quantity>
				<param name="Совместимые модели">Xiaomi</param>
				<param name="Сумісність">Xiaomi</param>
				<param name="Клас якості">Original</param>
				<param name="Країна-виробник товару">Китай</param>
				<param name="Страна регистрации бренда">Китай</param>
				<param name="Гарантія">14 дней</param>
			</offer>
			<offer available="true" id="17855">
				<url>https://welcome-mobi.com.ua/shop/product/displey-Xiaomi-Redmi-Note-9,Redmi-10X-4G-black-with-touchscreen-and-frame-service-orig</url>
				<price>2604</price>
				<currencyId>UAH</currencyId>
				<categoryId>3323</categoryId>
				<picture>https://welcome-mobi.com.ua/uploads/shop/origin/107661_main_origin.jpg</picture>
				<delivery>true</delivery>
				<name_ua>Дисплей Xiaomi Redmi Note 9/Redmi 10X 4G в зборі з сенсором та рамкою Onyx Black service orig</name_ua>
				<name>Дисплей Xiaomi Redmi Note 9/Redmi 10X 4G в сборе с сенсором и рамкой Onyx Black service orig</name>
				<vendor>Xiaomi</vendor>
				<stock_quantity>1</stock_quantity>
				<param name="Совместимые модели">Xiaomi</param>
				<param name="Сумісність">Xiaomi</param>
				<param name="Клас якості">Original</param>
				<param name="Країна-виробник товару">Китай</param>
				<param name="Страна регистрации бренда">Китай</param>
				<param name="Гарантія">14 дней</param>
			</offer>
			<offer available="true" id="21366">
				<url>https://welcome-mobi.com.ua/shop/product/displey-Xiaomi-Poco-F3-v-sbore-s-sensorom-i-ramkoy-Deep-Ocean-Blue-service-orig</url>
				<price>5207</price>
				<currencyId>UAH</currencyId>
				<categoryId>3323</categoryId>
				<picture>https://welcome-mobi.com.ua/uploads/shop/origin/112873_main_origin.jpg</picture>
				<delivery>true</delivery>
				<name_ua>Дисплей Xiaomi Poco F3/Mi 11X/Mi 11i 2021/Redmi K40 в зборі з сенсором та рамкою Deep Ocean Blue service orig</name_ua>
				<name>Дисплей Xiaomi Poco F3/Mi 11X/Mi 11i 2021/Redmi K40 в сборе с сенсором и рамкой Deep Ocean Blue service orig</name>
				<vendor>Xiaomi</vendor>
				<stock_quantity>1</stock_quantity>
				<param name="Совместимые модели">Xiaomi</param>
				<param name="Сумісність">Xiaomi</param>
				<param name="Клас якості">Original</param>
				<param name="Країна-виробник товару">Китай</param>
				<param name="Страна регистрации бренда">Китай</param>
				<param name="Гарантія">14 дней</param>
			</offer>
			<offer available="true" id="23799">
				<url>https://welcome-mobi.com.ua/shop/product/displey-Xiaomi-12X--2022--v-sbore-s-sensorom-i-ramkoy-purple-service-orig</url>
				<price>6898</price>
				<currencyId>UAH</currencyId>
				<categoryId>3323</categoryId>
				<picture>https://welcome-mobi.com.ua/uploads/shop/origin/116173_main_origin.jpg</picture>
				<delivery>true</delivery>
				<name_ua>Дисплей Xiaomi 12/12S/12X (2022) в зборі з сенсором та рамкою Purple service orig</name_ua>
				<name>Дисплей Xiaomi 12/12S/12X (2022) в сборе с сенсором и рамкой Purple service orig</name>
				<vendor>Xiaomi</vendor>
				<stock_quantity>2</stock_quantity>
				<param name="Совместимые модели">Xiaomi</param>
				<param name="Сумісність">Xiaomi</param>
				<param name="Клас якості">Original</param>
				<param name="Країна-виробник товару">Китай</param>
				<param name="Страна регистрации бренда">Китай</param>
				<param name="Гарантія">14 дней</param>
			</offer>
			<offer available="true" id="23797">
				<url>https://welcome-mobi.com.ua/shop/product/displey-Xiaomi-Mi-10T-Lite-v-sbore-s-sensorom-i-ramkoy-Atlantic-Blue-service-orig</url>
				<price>4094</price>
				<currencyId>UAH</currencyId>
				<categoryId>3323</categoryId>
				<picture>https://welcome-mobi.com.ua/uploads/shop/origin/116171_main_origin.jpg</picture>
				<delivery>true</delivery>
				<name_ua>Дисплей Xiaomi Mi 10T Lite в зборі з сенсором та рамкою Atlantic Blue service orig</name_ua>
				<name>Дисплей Xiaomi Mi 10T Lite в сборе с сенсором и рамкой Atlantic Blue service orig</name>
				<vendor>Xiaomi</vendor>
				<stock_quantity>1</stock_quantity>
				<param name="Совместимые модели">Xiaomi</param>
				<param name="Сумісність">Xiaomi</param>
				<param name="Клас якості">Original</param>
				<param name="Країна-виробник товару">Китай</param>
				<param name="Страна регистрации бренда">Китай</param>
				<param name="Гарантія">14 дней</param>
			</offer>
			<offer available="true" id="24308">
				<url>https://welcome-mobi.com.ua/shop/product/displey-Xiaomi-11-Lite-5G-NE,11T-Lite--2021--v-sbore-s-sensorom-i-ramkoy-Truffle-Black-service-orig</url>
				<price>6008</price>
				<currencyId>UAH</currencyId>
				<categoryId>3323</categoryId>
				<picture>https://welcome-mobi.com.ua/uploads/shop/origin/116730_main_origin.jpg</picture>
				<delivery>true</delivery>
				<name_ua>Дисплей Xiaomi 11 Lite 5G NE/11T Lite (2021) в зборі з сенсором та рамкою Truffle Black service orig</name_ua>
				<name>Дисплей Xiaomi 11 Lite 5G NE/11T Lite (2021) в сборе с сенсором и рамкой Truffle Black service orig</name>
				<vendor>Xiaomi</vendor>
				<stock_quantity>2</stock_quantity>
				<param name="Совместимые модели">Xiaomi</param>
				<param name="Сумісність">Xiaomi</param>
				<param name="Клас якості">Original</param>
				<param name="Країна-виробник товару">Китай</param>
				<param name="Страна регистрации бренда">Китай</param>
				<param name="Гарантія">14 дней</param>
			</offer>
			<offer available="true" id="20804">
				<url>https://welcome-mobi.com.ua/shop/product/displey-Xiaomi-Black-Shark-3-v-sbore-s-sensorom-black-FULL-orig</url>
				<price>6128</price>
				<currencyId>UAH</currencyId>
				<categoryId>3323</categoryId>
				<picture>https://welcome-mobi.com.ua/uploads/shop/origin/111007_main_origin.jpg</picture>
				<delivery>true</delivery>
				<name_ua>Дисплей Xiaomi Black Shark 3 в зборі з сенсором black FULL orig</name_ua>
				<name>Дисплей Xiaomi Black Shark 3 в сборе с сенсором black FULL orig</name>
				<vendor>Xiaomi</vendor>
				<stock_quantity>1</stock_quantity>
				<param name="Совместимые модели">Xiaomi</param>
				<param name="Сумісність">Xiaomi</param>
				<param name="Клас якості">Original</param>
				<param name="Країна-виробник товару">Китай</param>
				<param name="Страна регистрации бренда">Китай</param>
				<param name="Гарантія">14 дней</param>
			</offer>
			<offer available="true" id="14814">
				<url>https://welcome-mobi.com.ua/shop/product/displey-Xiaomi-Redmi-6,6A-black-with-touchscreen-and-frame-FULL-orig</url>
				<price>1322</price>
				<currencyId>UAH</currencyId>
				<categoryId>3323</categoryId>
				<picture>https://welcome-mobi.com.ua/uploads/shop/origin/104292_main_origin.jpg</picture>
				<delivery>true</delivery>
				<name_ua>Дисплей Xiaomi Redmi 6/Redmi 6A в зборі з сенсором та рамкою black service orig</name_ua>
				<name>Дисплей Xiaomi Redmi 6/Redmi 6A в сборе с сенсором и рамкой black service orig</name>
				<vendor>Xiaomi</vendor>
				<stock_quantity>2</stock_quantity>
				<param name="Совместимые модели">Xiaomi</param>
				<param name="Сумісність">Xiaomi</param>
				<param name="Клас якості">Original</param>
				<param name="Країна-виробник товару">Китай</param>
				<param name="Страна регистрации бренда">Китай</param>
				<param name="Гарантія">14 дней</param>
			</offer>
			<offer available="true" id="24309">
				<url>https://welcome-mobi.com.ua/shop/product/displey-Xiaomi-11-Lite-5G-NE,11T-Lite--2021--v-sbore-s-sensorom-i-ramkoy-Snowflake-White-service-orig</url>
				<price>5888</price>
				<currencyId>UAH</currencyId>
				<categoryId>3323</categoryId>
				<picture>https://welcome-mobi.com.ua/uploads/shop/origin/116731_main_origin.jpg</picture>
				<delivery>true</delivery>
				<name_ua>Дисплей Xiaomi 11 Lite 5G NE/11T Lite (2021) в зборі з сенсором та рамкою Snowflake White service orig</name_ua>
				<name>Дисплей Xiaomi 11 Lite 5G NE/11T Lite (2021) в сборе с сенсором и рамкой Snowflake White service orig</name>
				<vendor>Xiaomi</vendor>
				<stock_quantity>2</stock_quantity>
				<param name="Совместимые модели">Xiaomi</param>
				<param name="Сумісність">Xiaomi</param>
				<param name="Клас якості">Original</param>
				<param name="Країна-виробник товару">Китай</param>
				<param name="Страна регистрации бренда">Китай</param>
				<param name="Гарантія">14 дней</param>
			</offer>
			<offer available="true" id="17475">
				<url>https://welcome-mobi.com.ua/shop/product/displey-Xiaomi-Mi9T,Mi9T-Pro-black-with-touchscreen-and-frame-service-orig</url>
				<price>5047</price>
				<currencyId>UAH</currencyId>
				<categoryId>3323</categoryId>
				<picture>https://welcome-mobi.com.ua/uploads/shop/origin/107115_main_origin.jpg</picture>
				<delivery>true</delivery>
				<name_ua>Дисплей Xiaomi Mi 9T/Mi 9T Pro в зборі з сенсором та рамкою Carbon Black service orig</name_ua>
				<name>Дисплей Xiaomi Mi 9T/Mi 9T Pro в сборе с сенсором и рамкой Carbon Black service orig</name>
				<vendor>Xiaomi</vendor>
				<stock_quantity>3</stock_quantity>
				<param name="Совместимые модели">Xiaomi</param>
				<param name="Сумісність">Xiaomi</param>
				<param name="Клас якості">Original</param>
				<param name="Країна-виробник товару">Китай</param>
				<param name="Страна регистрации бренда">Китай</param>
				<param name="Гарантія">14 дней</param>
			</offer>
			<offer available="true" id="20227">
				<url>https://welcome-mobi.com.ua/shop/product/displey-Xiaomi-Redmi-Note-9T-5G-v-sbore-s-sensorom-i-ramkoy-Nightfall-Black-service-orig</url>
				<price>2092</price>
				<currencyId>UAH</currencyId>
				<categoryId>3323</categoryId>
				<picture>https://welcome-mobi.com.ua/uploads/shop/origin/109884_main_origin.jpg</picture>
				<delivery>true</delivery>
				<name_ua>Дисплей Xiaomi Redmi Note 9T 5G в зборі з сенсором та рамкою Nightfall Black service orig</name_ua>
				<name>Дисплей Xiaomi Redmi Note 9T 5G в сборе с сенсором и рамкой Nightfall Black service orig</name>
				<vendor>Xiaomi</vendor>
				<stock_quantity>5</stock_quantity>
				<param name="Совместимые модели">Xiaomi</param>
				<param name="Сумісність">Xiaomi</param>
				<param name="Клас якості">Original</param>
				<param name="Країна-виробник товару">Китай</param>
				<param name="Страна регистрации бренда">Китай</param>
				<param name="Гарантія">14 дней</param>
			</offer>
			<offer available="true" id="22764">
				<url>https://welcome-mobi.com.ua/shop/product/displey-Xiaomi-Mi-11X-Pro,Mi-11i--2021--v-sbore-s-sensorom-i-ramkoy-Celestial-Silver-service-orig</url>
				<price>5341</price>
				<currencyId>UAH</currencyId>
				<categoryId>3323</categoryId>
				<picture>https://welcome-mobi.com.ua/uploads/shop/origin/115202_main_origin.jpg</picture>
				<delivery>true</delivery>
				<name_ua>Дисплей Xiaomi Poco F3/Mi 11X/Mi 11i 2021/Redmi K40 в зборі з сенсором та рамкою Celestial Silver service orig</name_ua>
				<name>Дисплей Xiaomi Poco F3/Mi 11X/Mi 11i 2021/Redmi K40 в сборе с сенсором и рамкой Celestial Silver service orig</name>
				<vendor>Xiaomi</vendor>
				<stock_quantity>1</stock_quantity>
				<param name="Совместимые модели">Xiaomi</param>
				<param name="Сумісність">Xiaomi</param>
				<param name="Клас якості">Original</param>
				<param name="Країна-виробник товару">Китай</param>
				<param name="Страна регистрации бренда">Китай</param>
				<param name="Гарантія">14 дней</param>
			</offer>
			<offer available="true" id="17832">
				<url>https://welcome-mobi.com.ua/shop/product/displey-Xiaomi-Mi-A3-black-with-touchscreen-and-frame-service-orig</url>
				<price>4094</price>
				<currencyId>UAH</currencyId>
				<categoryId>3323</categoryId>
				<picture>https://welcome-mobi.com.ua/uploads/shop/origin/107611_main_origin.jpg</picture>
				<delivery>true</delivery>
				<name_ua>Дисплей Xiaomi Mi A3/Mi CC9e в зборі з сенсором та рамкою Kind of Grey service orig</name_ua>
				<name>Дисплей Xiaomi Mi A3/Mi CC9e в сборе с сенсором и рамкой Kind of Grey service orig</name>
				<vendor>Xiaomi</vendor>
				<stock_quantity>1</stock_quantity>
				<param name="Совместимые модели">Xiaomi</param>
				<param name="Сумісність">Xiaomi</param>
				<param name="Клас якості">Original</param>
				<param name="Країна-виробник товару">Китай</param>
				<param name="Страна регистрации бренда">Китай</param>
				<param name="Гарантія">14 дней</param>
			</offer>
			<offer available="true" id="20771">
				<url>https://welcome-mobi.com.ua/shop/product/displey-Xiaomi-Poco-F3-v-sbore-s-sensorom-i-ramkoy-Arctic-White-service-orig</url>
				<price>5207</price>
				<currencyId>UAH</currencyId>
				<categoryId>3323</categoryId>
				<picture>https://welcome-mobi.com.ua/uploads/shop/origin/111080_main_origin.jpg</picture>
				<delivery>true</delivery>
				<name_ua>Дисплей Xiaomi Poco F3/Mi 11X/Mi 11i 2021/Redmi K40 в зборі з сенсором та рамкою Arctic White service orig</name_ua>
				<name>Дисплей Xiaomi Poco F3/Mi 11X/Mi 11i 2021/Redmi K40 в сборе с сенсором и рамкой Arctic White service orig</name>
				<vendor>Xiaomi</vendor>
				<stock_quantity>5</stock_quantity>
				<param name="Совместимые модели">Xiaomi</param>
				<param name="Сумісність">Xiaomi</param>
				<param name="Клас якості">Original</param>
				<param name="Країна-виробник товару">Китай</param>
				<param name="Страна регистрации бренда">Китай</param>
				<param name="Гарантія">14 дней</param>
			</offer>
			<offer available="true" id="24313">
				<url>https://welcome-mobi.com.ua/shop/product/displey-Xiaomi-Redmi-Note-7,Redmi-Note-7-Pro,Redmi-Note-7S-v-sbore-s-sensorom-black-FULL-orig</url>
				<price>1362</price>
				<currencyId>UAH</currencyId>
				<categoryId>3323</categoryId>
				<picture>https://welcome-mobi.com.ua/uploads/shop/origin/116735_main_origin.jpg</picture>
				<delivery>true</delivery>
				<name_ua>Дисплей Xiaomi Redmi Note 7/Redmi Note 7 Pro/Redmi Note 7S в зборі з сенсором black FULL orig</name_ua>
				<name>Дисплей Xiaomi Redmi Note 7/Redmi Note 7 Pro/Redmi Note 7S в сборе с сенсором black FULL orig</name>
				<vendor>Xiaomi</vendor>
				<stock_quantity>27</stock_quantity>
				<param name="Совместимые модели">Xiaomi</param>
				<param name="Сумісність">Xiaomi</param>
				<param name="Клас якості">Original</param>
				<param name="Країна-виробник товару">Китай</param>
				<param name="Страна регистрации бренда">Китай</param>
				<param name="Гарантія">14 дней</param>
			</offer>
			<offer available="true" id="27199">
				<url>https://welcome-mobi.com.ua/shop/product/displey-Xiaomi-Redmi-Note-12,Poco-X5-v-sbore-s-sensorom-i-ramkoy-black-service-orig</url>
				<price>6369</price>
				<currencyId>UAH</currencyId>
				<categoryId>3323</categoryId>
				<picture>https://welcome-mobi.com.ua/uploads/shop/origin/119693_main_origin.jpg</picture>
				<delivery>true</delivery>
				<name_ua>Дисплей Xiaomi Redmi Note 12/Poco X5 в зборі з сенсором та рамкою black service orig</name_ua>
				<name>Дисплей Xiaomi Redmi Note 12/Poco X5 в сборе с сенсором и рамкой black service orig</name>
				<vendor>Xiaomi</vendor>
				<stock_quantity>1</stock_quantity>
				<param name="Совместимые модели">Xiaomi</param>
				<param name="Сумісність">Xiaomi</param>
				<param name="Клас якості">Original</param>
				<param name="Країна-виробник товару">Китай</param>
				<param name="Страна регистрации бренда">Китай</param>
				<param name="Гарантія">14 дней</param>
			</offer>
			<offer available="true" id="20590">
				<url>https://welcome-mobi.com.ua/shop/product/displey-Xiaomi-Mi-9-Lite,Mi-CC9-v-sbore-s-sensorom-i-ramkoy-Onyx-Grey-service-orig</url>
				<price>3485</price>
				<currencyId>UAH</currencyId>
				<categoryId>3323</categoryId>
				<picture>https://welcome-mobi.com.ua/uploads/shop/origin/110231_main_origin.jpg</picture>
				<delivery>true</delivery>
				<name_ua>Дисплей Xiaomi Mi 9 Lite/Mi CC9 в зборі з сенсором та рамкою Onyx Grey service orig</name_ua>
				<name>Дисплей Xiaomi Mi 9 Lite/Mi CC9 в сборе с сенсором и рамкой Onyx Grey service orig</name>
				<vendor>Xiaomi</vendor>
				<stock_quantity>2</stock_quantity>
				<param name="Совместимые модели">Xiaomi</param>
				<param name="Сумісність">Xiaomi</param>
				<param name="Клас якості">Original</param>
				<param name="Країна-виробник товару">Китай</param>
				<param name="Страна регистрации бренда">Китай</param>
				<param name="Гарантія">14 дней</param>
			</offer>
			<offer available="true" id="20638">
				<url>https://welcome-mobi.com.ua/shop/product/displey-Xiaomi-Mi-8-SE-v-sbore-s-sensorom-i-ramkoy-red-service-orig</url>
				<price>2804</price>
				<currencyId>UAH</currencyId>
				<categoryId>3323</categoryId>
				<picture>https://welcome-mobi.com.ua/uploads/shop/origin/110274_main_origin.jpg</picture>
				<delivery>true</delivery>
				<name_ua>Дисплей Xiaomi Mi 8 SE в зборі з сенсором та рамкою red service orig</name_ua>
				<name>Дисплей Xiaomi Mi 8 SE в сборе с сенсором и рамкой red service orig</name>
				<vendor>Xiaomi</vendor>
				<stock_quantity>1</stock_quantity>
				<param name="Совместимые модели">Xiaomi</param>
				<param name="Сумісність">Xiaomi</param>
				<param name="Клас якості">Original</param>
				<param name="Країна-виробник товару">Китай</param>
				<param name="Страна регистрации бренда">Китай</param>
				<param name="Гарантія">14 дней</param>
			</offer>
			<offer available="true" id="24311">
				<url>https://welcome-mobi.com.ua/shop/product/displey-Xiaomi-11-Lite-5G-NE,11T-Lite--2021--v-sbore-s-sensorom-i-ramkoy-Peach-Pink-service-orig</url>
				<price>5888</price>
				<currencyId>UAH</currencyId>
				<categoryId>3323</categoryId>
				<picture>https://welcome-mobi.com.ua/uploads/shop/origin/116733_main_origin.jpg</picture>
				<delivery>true</delivery>
				<name_ua>Дисплей Xiaomi 11 Lite 5G NE/11T Lite (2021) в зборі з сенсором та рамкою Peach Pink service orig</name_ua>
				<name>Дисплей Xiaomi 11 Lite 5G NE/11T Lite (2021) в сборе с сенсором и рамкой Peach Pink service orig</name>
				<vendor>Xiaomi</vendor>
				<stock_quantity>1</stock_quantity>
				<param name="Совместимые модели">Xiaomi</param>
				<param name="Сумісність">Xiaomi</param>
				<param name="Клас якості">Original</param>
				<param name="Країна-виробник товару">Китай</param>
				<param name="Страна регистрации бренда">Китай</param>
				<param name="Гарантія">14 дней</param>
			</offer>
			<offer available="true" id="26717">
				<url>https://welcome-mobi.com.ua/shop/product/motor-koleso-zadnee-dlya-elektrovelosipeda-FARAD-36V-350W-reduktornoe</url>
				<price>4228</price>
				<currencyId>UAH</currencyId>
				<categoryId>22595</categoryId>
				<picture>https://welcome-mobi.com.ua/uploads/shop/origin/119302_main_origin.jpg</picture>
				<picture>https://welcome-mobi.com.ua/uploads/shop/origin/119302_0.jpg</picture>
				<picture>https://welcome-mobi.com.ua/uploads/shop/origin/119302_1.jpg</picture>
				<picture>https://welcome-mobi.com.ua/uploads/shop/origin/119302_2.jpg</picture>
				<picture>https://welcome-mobi.com.ua/uploads/shop/origin/119302_3.jpg</picture>
				<picture>https://welcome-mobi.com.ua/uploads/shop/origin/119302_4.jpg</picture>
				<delivery>true</delivery>
				<name_ua>Мотор-колесо заднє для електровелосипеда FARAD 36V 350W редукторне</name_ua>
				<name>Мотор-колесо заднее для электровелосипеда FARAD 36V 350W редукторное</name>
				<vendor>Без бренду</vendor>
				<stock_quantity>2</stock_quantity>
				<description>&lt;![CDATA[Используется для переоборудования велосипеда в электровелосипед. Подключается с контроллером 36-48В на 350Вт. Широкий спектор ободов от 16 до 29 дюймов. Имеет низкий вес в сравнении с мотор-колесами прямого привода, плавный старт. Равномерное движение по прямой дороге. Требуется помощь педалями при преодолении крутых подьемов.
Возможность заспицовки: 16, 20, 24, 26, 27.5, 28, 29 дюймов.
Тип механизма: бесщёточный, с планетарным механизмом.
Посадочное место: задний привод с вольнобегом  5-7 звезд.
Установка: кабель подключения справа.
Ширина посадочного места: 135мм.
Тип тормоза: V-brake/Disc.
Напряжение: 36V.
Мощность: 350W.
Мамсимальная скорость до 30-35 км/час.
]]&gt;</description>
				<description_ua>&lt;![CDATA[Використовується для переобладнання велосипеда на електровелосипед. Підключається із контролером 36-48В на 350Вт. Широкий спектор ободів від 16 до 29 дюймів. Має низьку вагу в порівнянні з мотор-колесами прямого приводу, плавний старт. Рівномірний рух прямою дорогою. Потрібна допомога педалями при подоланні крутих підйомів.
Можливість заспіцювання: 16, 20, 24, 26, 27.5, 28, 29 дюймів.
Тип механізму: безщітковий, з планетарним механізмом.
Посадкове місце: задній привід із вільнобігом 5-7 зірок.
Встановлення: кабель підключення праворуч.
Ширина посадкового місця: 135мм.
Тип гальма: V-brake/Disc.
Напруга: 36V.
Потужність: 350W.
Максимальна швидкість до 30-35 км/год.]]&gt;</description_ua>
				<param name="Країна-виробник товару">Китай</param>
				<param name="Гарантія">14 дней</param>
				<param name="Категорія товару">Електромотори для електротранспорту</param>
			</offer>
			<offer available="true" id="26718">
				<url>https://welcome-mobi.com.ua/shop/product/motor-koleso-dlya-elektrovelosipeda-BAFANG-BFSWX02-48V-350W-reduktornoe</url>
				<price>6409</price>
				<currencyId>UAH</currencyId>
				<categoryId>22595</categoryId>
				<picture>https://welcome-mobi.com.ua/uploads/shop/origin/119301_main_origin.jpg</picture>
				<picture>https://welcome-mobi.com.ua/uploads/shop/origin/119301_0.jpg</picture>
				<picture>https://welcome-mobi.com.ua/uploads/shop/origin/119301_1.jpg</picture>
				<picture>https://welcome-mobi.com.ua/uploads/shop/origin/119301_2.jpg</picture>
				<delivery>true</delivery>
				<name_ua>Мотор-колесо для електровелосипеда BAFANG BFSWX02 48V 350W редукторне</name_ua>
				<name>Мотор-колесо для электровелосипеда BAFANG BFSWX02 48V 350W редукторное</name>
				<vendor>Без бренду</vendor>
				<stock_quantity>3</stock_quantity>
				<description>&lt;![CDATA[Двигатель с задним приводом с номинальной мощностью 350 Вт, передаточным числом 1:5 и максимальным крутящим моментом 45 Нм.
Провод в комплекте.
ХАРАКТЕРИСТИКИ:
Задний мотор
Диаметр колеса (дюймы): от 20 до 29
Номинальное напряжение (DCV): 48V
Номинальная мощность (Вт): 350
Макс крутящий момент:45 Нм
КПД (%):≥ 80
Цвет: черный
Вес (кг): 3.3.
]]&gt;</description>
				<description_ua>&lt;![CDATA[Двигун із заднім приводом з номінальною потужністю 350 Вт, передавальним числом 1:5 і максимальним крутним моментом  45 Нм. 
Дріт в комплекті.
ХАРАКТЕРИСТИКИ:
Задній мотор
Діаметр колеса (дюйми): від 20 до 29
Номінальна напруга (DCV): 48V
Номінальна потужність (Вт): 350
Макс крутний момент: 45 Нм
ККД (%):≥ 80
Колір чорний
Вага (кг): 3.3.]]&gt;</description_ua>
				<param name="Країна-виробник товару">Китай</param>
				<param name="Гарантія">14 дней</param>
				<param name="Категорія товару">Електромотори для електротранспорту</param>
			</offer>
			<offer available="true" id="22717">
				<url>https://welcome-mobi.com.ua/shop/product/QS-260-12-v3-3000W</url>
				<price>18915</price>
				<currencyId>UAH</currencyId>
				<categoryId>22595</categoryId>
				<picture>https://welcome-mobi.com.ua/uploads/shop/origin/115165_main_origin.jpg</picture>
				<picture>https://welcome-mobi.com.ua/uploads/shop/origin/115165_0.jpg</picture>
				<picture>https://welcome-mobi.com.ua/uploads/shop/origin/115165_1.jpg</picture>
				<picture>https://welcome-mobi.com.ua/uploads/shop/origin/115165_2.jpg</picture>
				<delivery>true</delivery>
				<name_ua>Мотор-колесо для електроскутера в зборі QS 260 12" v4 3000W</name_ua>
				<name>Мотор-колесо для электроскутера в сборе QS 260 12" v4 3000W</name>
				<vendor>Без бренду</vendor>
				<stock_quantity>3</stock_quantity>
				<description>&lt;![CDATA[&lt;div&gt;Скутерное мотор колесо прямого привода от QS Motors&amp;nbsp; для электроскутера.&amp;nbsp;&amp;nbsp;&lt;/div&gt;&lt;div&gt;&lt;strong&gt;Мощность - 3000W&lt;/strong&gt;&lt;/div&gt;&lt;div&gt; Радиус - 12" (под бескамерную\камерную покрышку). &lt;/div&gt;]]&gt;</description>
				<description_ua>&lt;![CDATA[&lt;div&gt;Скутерне колесо прямого приводу від QS Motors для електроскутера.&amp;nbsp;&lt;/div&gt;&lt;div&gt;&lt;strong&gt;Потужність - 3000W&lt;/strong&gt;&lt;/div&gt;&lt;div&gt; Радіус - 12" (під безкамерну\камерну покришку) &lt;/div&gt;]]&gt;</description_ua>
				<param name="Країна-виробник товару">Китай</param>
				<param name="Гарантія">14 дней</param>
				<param name="Категорія товару">Електромотори для електротранспорту</param>
			</offer>
			<offer available="true" id="20126">
				<url>https://welcome-mobi.com.ua/shop/product/motor-koleso-zadnee-350W-Ninebot-G30-Max</url>
				<price>3591</price>
				<currencyId>UAH</currencyId>
				<categoryId>22595</categoryId>
				<picture>https://welcome-mobi.com.ua/uploads/shop/origin/112579_main_origin.jpg</picture>
				<picture>https://welcome-mobi.com.ua/uploads/shop/origin/112579_0.jpg</picture>
				<delivery>true</delivery>
				<name_ua>Мотор-колесо заднє для електросамоката 350W Ninebot G30 Max</name_ua>
				<name>Мотор-колесо заднее для электросамоката 350W Ninebot G30 Max</name>
				<vendor>Ninebot</vendor>
				<stock_quantity>27</stock_quantity>
				<description>&lt;![CDATA[&lt;div&gt;Мотор-колесо для Ninebot с магнитами 35мм.&lt;/div&gt;&lt;div&gt;&lt;strong&gt;Мощность - 350W&lt;/strong&gt; &lt;br&gt;&lt;/div&gt;]]&gt;</description>
				<description_ua>&lt;![CDATA[&lt;div&gt;Мотор-колесо для Ninebot з магнітами 35мм. &lt;/div&gt;&lt;div&gt;&lt;strong&gt;Потужність - 350W&lt;/strong&gt; &lt;/div&gt;]]&gt;</description_ua>
				<param name="Країна-виробник товару">Китай</param>
				<param name="Гарантія">14 дней</param>
				<param name="Категорія товару">Електромотори для електротранспорту</param>
			</offer>
			<offer available="true" id="22672">
				<url>https://welcome-mobi.com.ua/shop/product/kabel-udlinitel-dlya-motor-kolesa-9-pin-750-1000w</url>
				<price>441</price>
				<currencyId>UAH</currencyId>
				<categoryId>22595</categoryId>
				<picture>https://welcome-mobi.com.ua/uploads/shop/origin/115111_main_origin.jpg</picture>
				<delivery>true</delivery>
				<name_ua>Кабель подовжувач для двигуна колеса 9 pin 750-1000w 70см</name_ua>
				<name>Кабель удлинитель для мотор колеса 9 pin 750-1000w 70см</name>
				<vendor>Без бренду</vendor>
				<stock_quantity>15</stock_quantity>
				<description>&lt;![CDATA[Кабель провод удлинитель для колеса двигателя 9 pin. Характеристики: Подключение: 9 pin; Длина: 700см; Мощность двигателя: 750-1000Вт.]]&gt;</description>
				<description_ua>&lt;![CDATA[Кабель провід подовжувач для двигуна колеса 9 pin. Характеристики: Підключення: 9 pin; Довжина: 700см; Потужність двигуна: 750-1000Вт.]]&gt;</description_ua>
				<param name="Країна-виробник товару">Китай</param>
				<param name="Гарантія">14 дней</param>
				<param name="Категорія товару">Електромотори для електротранспорту</param>
			</offer>
			<offer available="true" id="22671">
				<url>https://welcome-mobi.com.ua/shop/product/kabel-udlinitel-dlya-motor-kolesa-9-pin-350-500w-1300mm</url>
				<price>360</price>
				<currencyId>UAH</currencyId>
				<categoryId>22595</categoryId>
				<picture>https://welcome-mobi.com.ua/uploads/shop/origin/115112_main_origin.jpg</picture>
				<delivery>true</delivery>
				<name_ua>Кабель подовжувач для двигуна колеса 9 pin 350-500w 130см</name_ua>
				<name>Кабель удлинитель для мотор колеса 9 pin 350-500w 130см</name>
				<vendor>Без бренду</vendor>
				<stock_quantity>46</stock_quantity>
				<description>&lt;![CDATA[Кабель провод удлинитель для колеса двигателя 9 pin. Подходит для переднего или заднего мотора. Три силовых выхода и 6 выходов на датчики холла, также возможен выход на датчик температуры. Характеристики: Подключение: 9 pin; Длина: 130см; Мощность двигателя: 350-500Вт.]]&gt;</description>
				<description_ua>&lt;![CDATA[Кабель провід подовжувач для двигуна колеса 9 pin. Підходить для переднього чи заднього мотора. Три силові виходи та 6 виходів на датчики холу, також можливий вихід на датчик температури. Характеристики: Підключення: 9 pin; Довжина: 130см; Потужність двигуна: 350-500Вт.]]&gt;</description_ua>
				<param name="Країна-виробник товару">Китай</param>
				<param name="Гарантія">14 дней</param>
				<param name="Категорія товару">Електромотори для електротранспорту</param>
			</offer>
			<offer available="true" id="26719">
				<url>https://welcome-mobi.com.ua/shop/product/motor-koleso-dlya-elektrovelosipeda-MXUS-XF15R-48V-500W-reduktornoe</url>
				<price>6369</price>
				<currencyId>UAH</currencyId>
				<categoryId>22595</categoryId>
				<picture>https://welcome-mobi.com.ua/uploads/shop/origin/119303_main_origin.jpg</picture>
				<picture>https://welcome-mobi.com.ua/uploads/shop/origin/119303_0.jpg</picture>
				<picture>https://welcome-mobi.com.ua/uploads/shop/origin/119303_1.jpg</picture>
				<picture>https://welcome-mobi.com.ua/uploads/shop/origin/119303_2.jpg</picture>
				<delivery>true</delivery>
				<name_ua>Мотор-колесо для електровелосипеда MXUS XF15R 48V 500W редукторне</name_ua>
				<name>Мотор-колесо для электровелосипеда MXUS XF15R 48V 500W редукторное</name>
				<vendor>Без бренду</vendor>
				<stock_quantity>3</stock_quantity>
				<description>&lt;![CDATA[Тип мотора: редукторный
Место установки: заднее колесо (под трещетку)
Напряжение: 48 V
Мощность мотор-колеса: 500W
Максимальная скорость до 45 км/ч
Ширина посадочного места: 135 мм
Ось 10х12 мм
Кол-во отверстий под спицы: 36
Вес мотор-колеса 3.5 кг
Крепление под дисковый тормоз: да
Максимальный допустимый ток: 25 A
Пиковая мощность: 1300W]]&gt;</description>
				<description_ua>&lt;![CDATA[Тип двигуна: редукторний
Місце встановлення: заднє колесо (під тріщатку)
Напруга: 48 V
Потужність мотор-колеса: 500W
Максимальна швидкість до 45 км/год
Ширина посадкового місця: 135 мм.
Вісь 10х12 мм
Кількість отворів під спиці: 36
Вага мотор-колеса 3.5 кг
Кріплення під дискове гальмо: так
Максимальний допустимий струм: 25 A
Пікова потужність: 1300W]]&gt;</description_ua>
				<param name="Країна-виробник товару">Китай</param>
				<param name="Гарантія">14 дней</param>
				<param name="Категорія товару">Електромотори для електротранспорту</param>
			</offer>
			<offer available="true" id="20102">
				<url>https://welcome-mobi.com.ua/shop/product/motor-koleso-v-sbore-dlya-elektrosamokata-350W-Xiaomi-m365,Pro,Pro-2</url>
				<price>3004</price>
				<currencyId>UAH</currencyId>
				<categoryId>22595</categoryId>
				<picture>https://welcome-mobi.com.ua/uploads/shop/origin/112594_main_origin.jpg</picture>
				<delivery>true</delivery>
				<name_ua>Мотор-колесо в зборі для електросамоката 350W Xiaomi M365/1S/Essential</name_ua>
				<name>Мотор-колесо в сборе для электросамоката 350W Xiaomi M365/1S/Essential</name>
				<vendor>Xiaomi</vendor>
				<stock_quantity>30</stock_quantity>
				<description>&lt;![CDATA[&lt;div&gt;Мотор-колесо для Xiaomi.&amp;nbsp;&lt;/div&gt;&lt;div&gt;&lt;strong&gt;Мощность - 350W&lt;/strong&gt; &lt;/div&gt;]]&gt;</description>
				<description_ua>&lt;![CDATA[&lt;div&gt;Мотор-колесо для Xiaomi.&lt;/div&gt;&lt;div&gt;&lt;strong&gt;Потужність - 350W&lt;/strong&gt; &lt;/div&gt;]]&gt;</description_ua>
				<param name="Країна-виробник товару">Китай</param>
				<param name="Гарантія">14 дней</param>
				<param name="Категорія товару">Електромотори для електротранспорту</param>
			</offer>
			<offer available="true" id="20100">
				<url>https://welcome-mobi.com.ua/shop/product/krylo-zadnee-Xiaomi-m365,Pro,Pro-2</url>
				<price>320</price>
				<currencyId>UAH</currencyId>
				<categoryId>22605</categoryId>
				<picture>https://welcome-mobi.com.ua/uploads/shop/origin/112592_main_origin.jpg</picture>
				<picture>https://welcome-mobi.com.ua/uploads/shop/origin/112592_0.jpg</picture>
				<picture>https://welcome-mobi.com.ua/uploads/shop/origin/112592_1.jpg</picture>
				<delivery>true</delivery>
				<name_ua>Крило заднє Xiaomi M365/Mi Scooter Pro/Mi Scooter Pro 2 (оригінал)</name_ua>
				<name>Крыло заднее Xiaomi M365/Mi Scooter Pro/Mi Scooter Pro 2 (оригинал)</name>
				<vendor>Xiaomi</vendor>
				<stock_quantity>4</stock_quantity>
				<description>&lt;![CDATA[Заднее крыло без крючка для электросамокатов Xiaomi.
На эту модель крючок можно переставить от старого крыла. Или заказать в нашем магазине крыло с крючком и дополнительной фурнитурой.
Для предотвращения обламывания крыла рекомендуется устанавливать вместе с поддержкой заднего крыла.]]&gt;</description>
				<description_ua>&lt;![CDATA[Заднє крило без гачка для електросамокатів Xiaomi.
На цю модель гачок можна переставити зі старого крила. Або замовити в нашому магазині крило з гачком та додатковою фурнітурою.
Для запобігання обламування крила рекомендуємо встановлювати разом з підтримкою заднього крила.]]&gt;</description_ua>
				<param name="Країна-виробник товару">Китай</param>
				<param name="Категорія товару">Запчастини для самокатів</param>
				<param name="Колір">Чорний</param>
			</offer>
			<offer available="true" id="21384">
				<url>https://welcome-mobi.com.ua/shop/product/fiksator--kryuk--na-zadnee-krylo-Ninebot-G30-Max</url>
				<price>80</price>
				<currencyId>UAH</currencyId>
				<categoryId>22605</categoryId>
				<picture>https://welcome-mobi.com.ua/uploads/shop/origin/112613_main_origin.jpg</picture>
				<delivery>true</delivery>
				<name_ua>Фіксатор (гак) на заднє крило Ninebot G30 Max</name_ua>
				<name>Фиксатор (крюк) на заднее крыло Ninebot G30 Max</name>
				<vendor>Ninebot</vendor>
				<stock_quantity>26</stock_quantity>
				<description>&lt;![CDATA[Крючок заднего крыла совместим со следующими моделями электросамокатов:
Ninebot by Segway Max G30, G30P, G30II, G30LE
Kugoo G30 Max.]]&gt;</description>
				<description_ua>&lt;![CDATA[Гачок заднього крила сумісний з наступними моделями електросамокатів:
Ninebot by Segway Max G30, G30P, G30II, G30LE
Kugoo G30 Max.]]&gt;</description_ua>
				<param name="Країна-виробник товару">Китай</param>
				<param name="Категорія товару">Запчастини для самокатів</param>
				<param name="Колір">Чорний</param>
			</offer>
			<offer available="true" id="23642">
				<url>https://welcome-mobi.com.ua/shop/product/pylnik-zadnego-kolesa-Xiaomi-M365</url>
				<price>160</price>
				<currencyId>UAH</currencyId>
				<categoryId>22605</categoryId>
				<picture>https://welcome-mobi.com.ua/uploads/shop/origin/116037_main_origin.jpg</picture>
				<delivery>true</delivery>
				<name_ua>Пильовик троса гальма заднього колеса Xiaomi M365</name_ua>
				<name>Пыльник троса тормоза заднего колеса Xiaomi M365</name>
				<vendor>Xiaomi</vendor>
				<stock_quantity>4</stock_quantity>
				<description>&lt;![CDATA[Пыльник троса тормоза заднего колеса Xiaomi M365]]&gt;</description>
				<description_ua>&lt;![CDATA[Пильовик троса гальма заднього колеса Xiaomi M365]]&gt;</description_ua>
				<param name="Країна-виробник товару">Китай</param>
				<param name="Категорія товару">Запчастини для самокатів</param>
			</offer>
			<offer available="true" id="22725">
				<url>https://welcome-mobi.com.ua/shop/product/kojuh-plastikovyy-dlya-peredney-vilki-MI-Electric-Scooter</url>
				<price>188</price>
				<currencyId>UAH</currencyId>
				<categoryId>22605</categoryId>
				<picture>https://welcome-mobi.com.ua/uploads/shop/origin/115174_main_origin.jpg</picture>
				<delivery>true</delivery>
				<name_ua>Кожух пластиковий для передньої вилки Xiaomi Mi Electric Scooter M365/1S/Essential/Pro/Pro2/3 black</name_ua>
				<name>Кожух пластиковый для передней вилки Xiaomi Mi Electric Scooter M365/1S/Essential/Pro/Pro2/3 black</name>
				<vendor>Xiaomi</vendor>
				<stock_quantity>15</stock_quantity>
				<description>&lt;![CDATA[Пластиковый корпус на вилку электросамоката Xiaomi Mi Electric Scooter M365/1S/Essential/Pro/Pro2/3.
Изготовлен из высококачественного пластика.
Есть два цвета: белый и чёрный.]]&gt;</description>
				<description_ua>&lt;![CDATA[Пластиковий корпус на вилку електросамоката Xiaomi Mi Electric Scooter M365/1S/Essential/Pro/Pro2/3. 
Виготовлений із високоякісного пластику
Є два кольори: білий та чорний.]]&gt;</description_ua>
				<param name="Країна-виробник товару">Китай</param>
				<param name="Категорія товару">Запчастини для самокатів</param>
				<param name="Колір">Чорний</param>
			</offer>
			<offer available="true" id="23953">
				<url>https://welcome-mobi.com.ua/shop/product/kojuh-plastikovyy-dlya-peredney-vilki-MI-Electric-Scooter-white</url>
				<price>188</price>
				<currencyId>UAH</currencyId>
				<categoryId>22605</categoryId>
				<picture>https://welcome-mobi.com.ua/uploads/shop/origin/116397_main_origin.jpg</picture>
				<delivery>true</delivery>
				<name_ua>Кожух пластиковий для передньої вилки Xiaomi Mi Electric Scooter M365/1S/Essential/Pro/Pro2/3 white</name_ua>
				<name>Кожух пластиковый для передней вилки Xiaomi Mi Electric Scooter M365/1S/Essential/Pro/Pro2/3 white</name>
				<vendor>Xiaomi</vendor>
				<stock_quantity>19</stock_quantity>
				<description>&lt;![CDATA[Пластиковый корпус на вилку электросамоката Xiaomi Mi Electric Scooter M365/1S/Essential/Pro/Pro2/3.
Изготовлен из высококачественного пластика.
Есть два цвета: белый и чёрный.]]&gt;</description>
				<description_ua>&lt;![CDATA[Пластиковий корпус на вилку електросамоката Xiaomi Mi Electric Scooter M365/1S/Essential/Pro/Pro2/3. 
Виготовлений із високоякісного пластику
Є два кольори: білий та чорний.]]&gt;</description_ua>
				<param name="Країна-виробник товару">Китай</param>
				<param name="Категорія товару">Запчастини для самокатів</param>
				<param name="Колір">Білий</param>
			</offer>
			<offer available="true" id="24614">
				<url>https://welcome-mobi.com.ua/shop/product/podnojka-Ninebot--original-</url>
				<price>481</price>
				<currencyId>UAH</currencyId>
				<categoryId>22605</categoryId>
				<picture>https://welcome-mobi.com.ua/uploads/shop/origin/117275_main_origin.jpg</picture>
				<picture>https://welcome-mobi.com.ua/uploads/shop/origin/117275_0.jpg</picture>
				<delivery>true</delivery>
				<name_ua>Підніжка Ninebot ES Series (оригінал)</name_ua>
				<name>Подножка Ninebot ES Series (оригинал)</name>
				<vendor>Xiaomi</vendor>
				<stock_quantity>4</stock_quantity>
				<description>&lt;![CDATA[]]&gt;</description>
				<description_ua>&lt;![CDATA[]]&gt;</description_ua>
				<param name="Країна-виробник товару">Китай</param>
				<param name="Категорія товару">Запчастини для самокатів</param>
				<param name="Колір">Чорний</param>
			</offer>
			<offer available="true" id="21305">
				<url>https://welcome-mobi.com.ua/shop/product/nabor-uplotniteley-v-uzel-skladyvaniya-Xiaomi-m365,Pro,Pro-2--0,6,0,8,1,2mm-</url>
				<price>120</price>
				<currencyId>UAH</currencyId>
				<categoryId>22605</categoryId>
				<picture>https://welcome-mobi.com.ua/uploads/shop/origin/112772_main_origin.jpg</picture>
				<delivery>true</delivery>
				<name_ua>Набір ущільнювачів у вузол складання Xiaomi M365/Mi Scooter Pro/Mi Scooter Pro 2 (0.6/0.8/1.2мм)</name_ua>
				<name>Набор уплотнителей в узел складывания Xiaomi M365/Mi Scooter Pro/Mi Scooter Pro 2 (0.6/0.8/1.2мм)</name>
				<vendor>Xiaomi</vendor>
				<stock_quantity>8</stock_quantity>
				<description>&lt;![CDATA[Набор уплотнителей в узел складывания Xiaomi M365/Mi Scooter Pro/Mi Scooter Pro 2 (0.6/0.8/1.2мм)]]&gt;</description>
				<description_ua>&lt;![CDATA[Набір ущільнювачів у вузол складання Xiaomi M365/Mi Scooter Pro/Mi Scooter Pro 2 (0.6/0.8/1.2мм)]]&gt;</description_ua>
				<param name="Країна-виробник товару">Китай</param>
				<param name="Категорія товару">Запчастини для самокатів</param>
			</offer>
			<offer available="true" id="22724">
				<url>https://welcome-mobi.com.ua/shop/product/vilka-perednyaya-MI-Electric-Scooter</url>
				<price>911</price>
				<currencyId>UAH</currencyId>
				<categoryId>22605</categoryId>
				<picture>https://welcome-mobi.com.ua/uploads/shop/origin/115172_main_origin.jpg</picture>
				<delivery>true</delivery>
				<name_ua>Вилка передня Xiaomi Mi Electric Scooter black</name_ua>
				<name>Вилка передняя Xiaomi Mi Electric Scooter black</name>
				<vendor>Xiaomi</vendor>
				<stock_quantity>7</stock_quantity>
				<description>&lt;![CDATA[Вилка передняя Xiaomi Mi Electric Scooter black]]&gt;</description>
				<description_ua>&lt;![CDATA[Вилка передня Xiaomi Mi Electric Scooter black]]&gt;</description_ua>
				<param name="Країна-виробник товару">Китай</param>
				<param name="Категорія товару">Запчастини для самокатів</param>
				<param name="Колір">Чорний</param>
			</offer>
			<offer available="true" id="23802">
				<url>https://welcome-mobi.com.ua/shop/product/kryshka-fonarya-tormoza-Ninebot-G30-Max</url>
				<price>70</price>
				<currencyId>UAH</currencyId>
				<categoryId>22605</categoryId>
				<picture>https://welcome-mobi.com.ua/uploads/shop/origin/116175_main_origin.jpg</picture>
				<delivery>true</delivery>
				<name_ua>Кришка ліхтаря гальма Ninebot G30 Max</name_ua>
				<name>Крышка фонаря тормоза Ninebot G30 Max</name>
				<vendor>Ninebot</vendor>
				<stock_quantity>9</stock_quantity>
				<description>&lt;![CDATA[Корпус заднего стоп-габарита для электросамокатов Ninebot by Segway MAX G30.]]&gt;</description>
				<description_ua>&lt;![CDATA[Корпус заднього стоп-габарита для електросамокатів Ninebot by Segway MAX G30.]]&gt;</description_ua>
				<param name="Країна-виробник товару">Китай</param>
				<param name="Категорія товару">Запчастини для самокатів</param>
			</offer>
			<offer available="true" id="20097">
				<url>https://welcome-mobi.com.ua/shop/product/koleso-zadnee-v-sbore-Xiaomi-m365,Pro,Pro-2</url>
				<price>1796</price>
				<currencyId>UAH</currencyId>
				<categoryId>22605</categoryId>
				<picture>https://welcome-mobi.com.ua/uploads/shop/origin/112603_main_origin.jpg</picture>
				<picture>https://welcome-mobi.com.ua/uploads/shop/origin/112603_0.jpg</picture>
				<delivery>true</delivery>
				<name_ua>Колесо переднє у зборі Ninebot G30 Max</name_ua>
				<name>Колесо переднее в сборе Ninebot G30 Max</name>
				<vendor>Xiaomi</vendor>
				<stock_quantity>17</stock_quantity>
				<description>&lt;![CDATA[Колесо переднее в сборе Ninebot G30 Max]]&gt;</description>
				<description_ua>&lt;![CDATA[Колесо переднє у зборі Ninebot G30 Max]]&gt;</description_ua>
				<param name="Країна-виробник товару">Китай</param>
				<param name="Категорія товару">Запчастини для самокатів</param>
			</offer>
			<offer available="true" id="20115">
				<url>https://welcome-mobi.com.ua/shop/product/fara-perednyaya-Xiaomi-m365,Pro,Pro-2</url>
				<price>180</price>
				<currencyId>UAH</currencyId>
				<categoryId>22605</categoryId>
				<picture>https://welcome-mobi.com.ua/uploads/shop/origin/112611_main_origin.jpg</picture>
				<delivery>true</delivery>
				<name_ua>Фара передня Xiaomi m365/Pro/Pro 2</name_ua>
				<name>Фара передняя Xiaomi m365/Pro/Pro 2</name>
				<vendor>Xiaomi</vendor>
				<stock_quantity>8</stock_quantity>
				<description>&lt;![CDATA[Фара для электросамоката Xiaomi Mi Electric Scooter M365/1S/Essential/Pro/Pro2/3.
Изготовлена из качественного пластика, металла и яркой линзы.]]&gt;</description>
				<description_ua>&lt;![CDATA[Фара для електросамоката Xiaomi Mi Electric Scooter M365/1S/Essential/Pro/Pro2/3.
Виготовлена з якісного пластику, металу та яскравої лінзи.]]&gt;</description_ua>
				<param name="Країна-виробник товару">Китай</param>
				<param name="Категорія товару">Запчастини для самокатів</param>
			</offer>
			<offer available="true" id="20138">
				<url>https://welcome-mobi.com.ua/shop/product/fiksator--kryuk--na-zadnee-krylo-Xiaomi-m365,1S</url>
				<price>104</price>
				<currencyId>UAH</currencyId>
				<categoryId>22605</categoryId>
				<picture>https://welcome-mobi.com.ua/uploads/shop/origin/113500_main_origin.jpg</picture>
				<delivery>true</delivery>
				<name_ua>Фіксатор (гак) на заднє крило Xiaomi m365/1S</name_ua>
				<name>Фиксатор (крюк) на заднее крыло Xiaomi m365/1S</name>
				<vendor>Xiaomi</vendor>
				<stock_quantity>10</stock_quantity>
				<description>&lt;![CDATA[Крючок заднего крыла для электросамокатов Xiaomi Mi Electric Scooter.]]&gt;</description>
				<description_ua>&lt;![CDATA[Гачок заднього крила для електросамокатів Xiaomi Mi Electric Scooter.]]&gt;</description_ua>
				<param name="Країна-виробник товару">Китай</param>
				<param name="Категорія товару">Запчастини для самокатів</param>
				<param name="Колір">Чорний</param>
			</offer>
			<offer available="true" id="22794">
				<url>https://welcome-mobi.com.ua/shop/product/peredniy-kryuk-dlya-hraneniya-Xiaomi</url>
				<price>120</price>
				<currencyId>UAH</currencyId>
				<categoryId>22605</categoryId>
				<picture>https://welcome-mobi.com.ua/uploads/shop/origin/115245_main_origin.jpg</picture>
				<delivery>true</delivery>
				<name_ua>Передній гак для зберігання Xiaomi M365/Mi Scooter Pro/Mi Scooter Pro 2</name_ua>
				<name>Передний крюк для хранения Xiaomi M365/Mi Scooter Pro/Mi Scooter Pro 2</name>
				<vendor>Xiaomi</vendor>
				<stock_quantity>6</stock_quantity>
				<description>&lt;![CDATA[Крючок на электросамокат Xiaomi Mi Electric Scooter M365/1S/Essential/Pro/Pro2/3 (пластиковый).
Очень крепкий, выдерживает нагрузку до 20 кг.]]&gt;</description>
				<description_ua>&lt;![CDATA[Гачок на електросамокат Xiaomi Mi Electric Scooter M365/1S/Essential/Pro/Pro2/3 (пластиковий).
Дуже міцний, витримує навантаження до 20 кг.]]&gt;</description_ua>
				<param name="Країна-виробник товару">Китай</param>
				<param name="Категорія товару">Запчастини для самокатів</param>
			</offer>
			<offer available="true" id="20103">
				<url>https://welcome-mobi.com.ua/shop/product/nabor-boltov-nijney-kryshki-Xiaomi-m365,Pro,Pro-2---17sht-</url>
				<price>92</price>
				<currencyId>UAH</currencyId>
				<categoryId>22605</categoryId>
				<picture>https://welcome-mobi.com.ua/uploads/shop/origin/112595_main_origin.jpg</picture>
				<delivery>true</delivery>
				<name_ua>Набір болтів нижньої кришки Xiaomi Mi Electric Scooter (17шт)</name_ua>
				<name>Набор болтов нижней крышки Xiaomi Mi Electric Scooter (17шт)</name>
				<vendor>Xiaomi</vendor>
				<stock_quantity>8</stock_quantity>
				<description>&lt;![CDATA[Болты для деки самоката Xiaomi M365 и M365 Pro максимальной крепости. На фото под крестовую отвертку.]]&gt;</description>
				<description_ua>&lt;![CDATA[Болти для деки самоката Xiaomi M365 і M365 Pro максимальної міцності. На фото під хрестову викрутку.]]&gt;</description_ua>
				<param name="Країна-виробник товару">Китай</param>
				<param name="Категорія товару">Запчастини для самокатів</param>
			</offer>
			<offer available="true" id="20128">
				<url>https://welcome-mobi.com.ua/shop/product/podnojka-Ninebot</url>
				<price>280</price>
				<currencyId>UAH</currencyId>
				<categoryId>22605</categoryId>
				<picture>https://welcome-mobi.com.ua/uploads/shop/origin/112609_main_origin.jpg</picture>
				<delivery>true</delivery>
				<name_ua>Підніжка Ninebot</name_ua>
				<name>Подножка Ninebot</name>
				<vendor>Ninebot</vendor>
				<stock_quantity>4</stock_quantity>
				<description>&lt;![CDATA[Подножка Ninebot]]&gt;</description>
				<description_ua>&lt;![CDATA[Підніжка Ninebot]]&gt;</description_ua>
				<param name="Країна-виробник товару">Китай</param>
				<param name="Категорія товару">Запчастини для самокатів</param>
				<param name="Колір">Чорний</param>
			</offer>
			<offer available="true" id="26726">
				<url>https://welcome-mobi.com.ua/shop/product/podnojka-Xiaomi-Mi-Electric-Scooter--dlinnaya-</url>
				<price>360</price>
				<currencyId>UAH</currencyId>
				<categoryId>22605</categoryId>
				<picture>https://welcome-mobi.com.ua/uploads/shop/origin/119300_main_origin.jpg</picture>
				<delivery>true</delivery>
				<name_ua>Підніжка Xiaomi Mi Electric Scooter (довга)</name_ua>
				<name>Подножка Xiaomi Mi Electric Scooter (длинная)</name>
				<vendor>Xiaomi</vendor>
				<stock_quantity>15</stock_quantity>
				<description>&lt;![CDATA[Удлиненная подножка для электросамокатов XIAOMI Mi Electric Scooter pro/2, 1s, m365, essential, mi 3.
Устанавливать под 10-дюймовые колеса или амортизационную вилку.]]&gt;</description>
				<description_ua>&lt;![CDATA[Подовжена підніжка для електросамокатів XIAOMI Mi Electric Scooter pro/2, 1s, m365, essential, mi 3.
Встановлювати під 10-дюймові колеса або амортизаційну вилку.]]&gt;</description_ua>
				<param name="Країна-виробник товару">Китай</param>
				<param name="Категорія товару">Запчастини для самокатів</param>
				<param name="Колір">Чорний</param>
			</offer>
			<offer available="true" id="22727">
				<url>https://welcome-mobi.com.ua/shop/product/zadniy-disk-kolesa--Xiaomi-M365</url>
				<price>1162</price>
				<currencyId>UAH</currencyId>
				<categoryId>22605</categoryId>
				<picture>https://welcome-mobi.com.ua/uploads/shop/origin/115176_main_origin.jpg</picture>
				<delivery>true</delivery>
				<name_ua>Колесо заднє в зборі Xiaomi Mi Scooter M365/1S/Essential/Mi 3</name_ua>
				<name>Колесо заднее в сборе Xiaomi Mi Scooter M365/1S/Essential/Mi 3</name>
				<vendor>Xiaomi</vendor>
				<stock_quantity>6</stock_quantity>
				<description>&lt;![CDATA[Заднее колесо с шиной для электросамоката Xiaomi Mi Scooter M365/1S/Essential/Mi 3.]]&gt;</description>
				<description_ua>&lt;![CDATA[Заднє колесо з шиною для електросамоката Xiaomi Mi Scooter M365/1S/Essential/Mi 3.]]&gt;</description_ua>
				<param name="Країна-виробник товару">Китай</param>
				<param name="Категорія товару">Запчастини для самокатів</param>
				<param name="Колір">Чорний</param>
			</offer>
			<offer available="true" id="20101">
				<url>https://welcome-mobi.com.ua/shop/product/krylo-perednee-Xiaomi-m365,Pro,Pro-2</url>
				<price>271</price>
				<currencyId>UAH</currencyId>
				<categoryId>22605</categoryId>
				<picture>https://welcome-mobi.com.ua/uploads/shop/origin/112588_main_origin.jpg</picture>
				<picture>https://welcome-mobi.com.ua/uploads/shop/origin/112588_0.jpg</picture>
				<picture>https://welcome-mobi.com.ua/uploads/shop/origin/112588_1.jpg</picture>
				<delivery>true</delivery>
				<name_ua>Крило переднє Xiaomi M365/Mi Scooter Pro/Mi Scooter Pro 2 Black</name_ua>
				<name>Крыло переднее Xiaomi M365/Mi Scooter Pro/Mi Scooter Pro 2 Black</name>
				<vendor>Xiaomi</vendor>
				<stock_quantity>146</stock_quantity>
				<description>&lt;![CDATA[Переднее крыло для электросамоката Xiaomi M365/Mi Scooter Pro/Mi Scooter Pro 2 черного цвета.]]&gt;</description>
				<description_ua>&lt;![CDATA[Переднє крило для електросамоката Xiaomi M365/Mi Scooter Pro/Mi Scooter Pro 2 чорного кольору.]]&gt;</description_ua>
				<param name="Країна-виробник товару">Китай</param>
				<param name="Категорія товару">Запчастини для самокатів</param>
				<param name="Колір">Чорний</param>
			</offer>
			<offer available="true" id="20125">
				<url>https://welcome-mobi.com.ua/shop/product/krylo-perednee-Ninebot-G30-Max</url>
				<price>328</price>
				<currencyId>UAH</currencyId>
				<categoryId>22605</categoryId>
				<picture>https://welcome-mobi.com.ua/uploads/shop/origin/112590_main_origin.jpg</picture>
				<delivery>true</delivery>
				<name_ua>Крило переднє Ninebot G30 Max</name_ua>
				<name>Крыло переднее Ninebot G30 Max</name>
				<vendor>Ninebot</vendor>
				<stock_quantity>38</stock_quantity>
				<description>&lt;![CDATA[Переднее крыло совместимо со следующими моделями электросамокатов:
Ninebot by Segway Max G30, G30P, G30II, G30LE, Kugoo G30 Max]]&gt;</description>
				<description_ua>&lt;![CDATA[Переднє крило сумісне з наступними моделями електросамокатів:
Ninebot by Segway Max G30, G30P, G30II, G30LE, Kugoo G30 Max.]]&gt;</description_ua>
				<param name="Країна-виробник товару">Китай</param>
				<param name="Категорія товару">Запчастини для самокатів</param>
				<param name="Колір">Чорний</param>
			</offer>
			<offer available="true" id="22789">
				<url>https://welcome-mobi.com.ua/shop/product/krylo-perednee-Xiaomi-m365,Pro,Pro-2-White</url>
				<price>240</price>
				<currencyId>UAH</currencyId>
				<categoryId>22605</categoryId>
				<picture>https://welcome-mobi.com.ua/uploads/shop/origin/115241_main_origin.jpg</picture>
				<delivery>true</delivery>
				<name_ua>Крило переднє Xiaomi M365/Mi Scooter Pro/Mi Scooter Pro 2 White</name_ua>
				<name>Крыло переднее Xiaomi M365/Mi Scooter Pro/Mi Scooter Pro 2 White</name>
				<vendor>Xiaomi</vendor>
				<stock_quantity>29</stock_quantity>
				<description>&lt;![CDATA[Крыло брызговик для электросамоката Xiaomi M365/Mi Scooter Pro/Mi Scooter Pro 2 белого цвета.]]&gt;</description>
				<description_ua>&lt;![CDATA[Крило бризковик для електросамокату Xiaomi M365/Mi Scooter Pro/Mi Scooter Pro 2 білого кольору.]]&gt;</description_ua>
				<param name="Країна-виробник товару">Китай</param>
				<param name="Категорія товару">Запчастини для самокатів</param>
				<param name="Колір">Чорний</param>
			</offer>
			<offer available="true" id="22792">
				<url>https://welcome-mobi.com.ua/shop/product/amortizator-peredniy-v-sbore-Xiaomi</url>
				<price>2269</price>
				<currencyId>UAH</currencyId>
				<categoryId>22605</categoryId>
				<picture>https://welcome-mobi.com.ua/uploads/shop/origin/115243_main_origin.jpg</picture>
				<picture>https://welcome-mobi.com.ua/uploads/shop/origin/115243_0.jpg</picture>
				<picture>https://welcome-mobi.com.ua/uploads/shop/origin/115243_1.jpg</picture>
				<picture>https://welcome-mobi.com.ua/uploads/shop/origin/115243_2.jpg</picture>
				<delivery>true</delivery>
				<name_ua>Амортизатор Xiaomi Mi Electric Scooter передній у зборі</name_ua>
				<name>Амортизатор Xiaomi Mi Electric Scooter передний в сборе</name>
				<vendor>Xiaomi</vendor>
				<stock_quantity>1</stock_quantity>
				<description>&lt;![CDATA[Амортизатор Xiaomi Mi Electric Scooter передний в сборе]]&gt;</description>
				<description_ua>&lt;![CDATA[Амортизатор Xiaomi Mi Electric Scooter передній у зборі]]&gt;</description_ua>
				<param name="Країна-виробник товару">Китай</param>
				<param name="Категорія товару">Запчастини для самокатів</param>
				<param name="Колір">Чорний</param>
			</offer>
			<offer available="true" id="20108">
				<url>https://welcome-mobi.com.ua/shop/product/prokladka-nijney-kryshki-Xiaomi-m365,Pro,Pro-2</url>
				<price>198</price>
				<currencyId>UAH</currencyId>
				<categoryId>22605</categoryId>
				<picture>https://welcome-mobi.com.ua/uploads/shop/origin/112585_main_origin.jpg</picture>
				<delivery>true</delivery>
				<name_ua>Прокладка нижньої кришки Xiaomi m365/Pro/Pro 2</name_ua>
				<name>Прокладка нижней крышки Xiaomi m365/Pro/Pro 2</name>
				<vendor>Xiaomi</vendor>
				<stock_quantity>1</stock_quantity>
				<description>&lt;![CDATA[Прокладка нижней крышки Xiaomi m365/Pro/Pro 2]]&gt;</description>
				<description_ua>&lt;![CDATA[Прокладка нижньої кришки Xiaomi m365/Pro/Pro 2]]&gt;</description_ua>
				<param name="Країна-виробник товару">Китай</param>
				<param name="Категорія товару">Запчастини для самокатів</param>
			</offer>
			<offer available="true" id="22791">
				<url>https://welcome-mobi.com.ua/shop/product/Xiaomi-amortizator-zadnego-kolesa-v-sbore</url>
				<price>2836</price>
				<currencyId>UAH</currencyId>
				<categoryId>22605</categoryId>
				<picture>https://welcome-mobi.com.ua/uploads/shop/origin/115242_main_origin.jpg</picture>
				<picture>https://welcome-mobi.com.ua/uploads/shop/origin/115242_0.jpg</picture>
				<picture>https://welcome-mobi.com.ua/uploads/shop/origin/115242_1.jpg</picture>
				<picture>https://welcome-mobi.com.ua/uploads/shop/origin/115242_2.jpg</picture>
				<delivery>true</delivery>
				<name_ua>Амортизатор Xiaomi Mi Electric Scooter заднього колеса у зборі</name_ua>
				<name>Амортизатор Xiaomi Mi Electric Scooter заднего колеса в сборе</name>
				<vendor>Xiaomi</vendor>
				<stock_quantity>2</stock_quantity>
				<description>&lt;![CDATA[Амортизатор Xiaomi Mi Electric Scooter заднего колеса в сборе]]&gt;</description>
				<description_ua>&lt;![CDATA[Амортизатор Xiaomi Mi Electric Scooter заднього колеса у зборі]]&gt;</description_ua>
				<param name="Країна-виробник товару">Китай</param>
				<param name="Категорія товару">Запчастини для самокатів</param>
				<param name="Колір">Чорний</param>
			</offer>
			<offer available="true" id="20139">
				<url>https://welcome-mobi.com.ua/shop/product/fonar-tormoza-zadniy-Ninebot-G30-Max</url>
				<price>180</price>
				<currencyId>UAH</currencyId>
				<categoryId>22605</categoryId>
				<picture>https://welcome-mobi.com.ua/uploads/shop/origin/112583_main_origin.jpg</picture>
				<delivery>true</delivery>
				<name_ua>Ліхтар гальма задній Ninebot G30 Max</name_ua>
				<name>Фонарь тормоза задний Ninebot G30 Max</name>
				<vendor>Ninebot</vendor>
				<stock_quantity>12</stock_quantity>
				<description>&lt;![CDATA[Задний габаритный фонарь совместим со следующими моделями электросамокатов:
Ninebot by Segway Max G30, G30P, G30II, G30LE
Kugoo G30 Max.]]&gt;</description>
				<description_ua>&lt;![CDATA[Задній габаритний ліхтар сумісний з наступними моделями електросамокатів:
Ninebot by Segway Max G30, G30P, G30II, G30LE
Kugoo G30 Max.]]&gt;</description_ua>
				<param name="Країна-виробник товару">Китай</param>
				<param name="Категорія товару">Запчастини для самокатів</param>
			</offer>
			<offer available="true" id="21298">
				<url>https://welcome-mobi.com.ua/shop/product/krylo-zadnee-s-fiksatorom-Xiaomi-m365,Pro,Pro2</url>
				<price>245</price>
				<currencyId>UAH</currencyId>
				<categoryId>22605</categoryId>
				<picture>https://welcome-mobi.com.ua/uploads/shop/origin/112766_main_origin.jpg</picture>
				<delivery>true</delivery>
				<name_ua>Крило заднє Xiaomi M365/Mi Scooter Pro/Mi Scooter Pro 2</name_ua>
				<name>Крыло заднее Xiaomi M365/Mi Scooter Pro/Mi Scooter Pro 2</name>
				<vendor>Xiaomi</vendor>
				<stock_quantity>409</stock_quantity>
				<description>&lt;![CDATA[Крыло брызговики для электросамоката Xiaomi m365 и M365 pro.]]&gt;</description>
				<description_ua>&lt;![CDATA[Крило бризговики для електросамоката Xiaomi m365 і M365 pro. ]]&gt;</description_ua>
				<param name="Країна-виробник товару">Китай</param>
				<param name="Категорія товару">Запчастини для самокатів</param>
				<param name="Колір">Чорний</param>
			</offer>
			<offer available="true" id="20137">
				<url>https://welcome-mobi.com.ua/shop/product/fara-perednyaya-Ninebot-G30-Max</url>
				<price>129</price>
				<currencyId>UAH</currencyId>
				<categoryId>22605</categoryId>
				<picture>https://welcome-mobi.com.ua/uploads/shop/origin/112598_main_origin.jpg</picture>
				<delivery>true</delivery>
				<name_ua>Фара передня Ninebot G30 Max</name_ua>
				<name>Фара передняя Ninebot G30 Max</name>
				<vendor>Ninebot</vendor>
				<stock_quantity>15</stock_quantity>
				<description>&lt;![CDATA[Фара передняя Ninebot G30 Max]]&gt;</description>
				<description_ua>&lt;![CDATA[Фара передня Ninebot G30 Max]]&gt;</description_ua>
				<param name="Країна-виробник товару">Китай</param>
				<param name="Категорія товару">Запчастини для самокатів</param>
			</offer>
			<offer available="true" id="27287">
				<url>https://welcome-mobi.com.ua/shop/product/kamera-10h2,125-Kugoo-Max-G30--korotkiy-pryamoy-nippel-</url>
				<price>160</price>
				<currencyId>UAH</currencyId>
				<categoryId>22606</categoryId>
				<picture>https://welcome-mobi.com.ua/uploads/shop/origin/119851_main_origin.jpg</picture>
				<delivery>true</delivery>
				<name_ua>Камера 10х2,125 Kugoo Max G30 (короткий прямий ніпель)</name_ua>
				<name>Камера 10х2,125 Kugoo Max G30 (короткий прямой ниппель)</name>
				<vendor>Без бренду</vendor>
				<stock_quantity>13</stock_quantity>
				<description>&lt;![CDATA[Камера 10х2,125 Kugoo Max G30 (короткий прямой ниппель)]]&gt;</description>
				<description_ua>&lt;![CDATA[Камера 10х2,125 Kugoo Max G30 (короткий прямий ніпель)]]&gt;</description_ua>
				<param name="Країна-виробник товару">Китай</param>
				<param name="Категорія товару">Покришки та камери</param>
			</offer>
			<offer available="true" id="20129">
				<url>https://welcome-mobi.com.ua/shop/product/pokryshka-10-dyuymov--6,7-6,5--Ninebot-G30-Max</url>
				<price>661</price>
				<currencyId>UAH</currencyId>
				<categoryId>22606</categoryId>
				<picture>https://welcome-mobi.com.ua/uploads/shop/origin/112615_main_origin.jpg</picture>
				<delivery>true</delivery>
				<name_ua>Покришка 60/70-6.5 Ninebot G30 Max</name_ua>
				<name>Покрышка 60/70-6.5 Ninebot G30 Max</name>
				<vendor>Ninebot</vendor>
				<stock_quantity>14</stock_quantity>
				<description>&lt;![CDATA[Покрышка 60/70-6.5 Ninebot G30 Max]]&gt;</description>
				<description_ua>&lt;![CDATA[Покришка 60/70-6.5 Ninebot G30 Max]]&gt;</description_ua>
				<param name="Країна-виробник товару">Китай</param>
				<param name="Категорія товару">Покришки та камери</param>
			</offer>
			<offer available="true" id="20123">
				<url>https://welcome-mobi.com.ua/shop/product/kamera-10h2,125-Ninebot-G30-Max</url>
				<price>172</price>
				<currencyId>UAH</currencyId>
				<categoryId>22606</categoryId>
				<picture>https://welcome-mobi.com.ua/uploads/shop/origin/112606_main_origin.jpg</picture>
				<delivery>true</delivery>
				<name_ua>Камера 10х2 Ninebot G30 Max</name_ua>
				<name>Камера 10х2 Ninebot G30 Max</name>
				<vendor>Ninebot</vendor>
				<stock_quantity>27</stock_quantity>
				<description>&lt;![CDATA[Камера 10x2 хорошо подходит и легко устанавливается на модели таких самокатов: Ninebot, Like.bike, Kugoo с размером колеса 10х2.]]&gt;</description>
				<description_ua>&lt;![CDATA[Камера 10x2 добре підходить та легко встановлюється на моделі таких самокатів: Ninebot, Like.bike, Kugoo з розміром колеса 10х2.]]&gt;</description_ua>
				<param name="Країна-виробник товару">Китай</param>
				<param name="Категорія товару">Покришки та камери</param>
			</offer>
			<offer available="true" id="22720">
				<url>https://welcome-mobi.com.ua/shop/product/pokryshka-tselnaya--bez-kamery--soty-60,70-6.5</url>
				<price>721</price>
				<currencyId>UAH</currencyId>
				<categoryId>22606</categoryId>
				<picture>https://welcome-mobi.com.ua/uploads/shop/origin/115166_main_origin.jpg</picture>
				<delivery>true</delivery>
				<name_ua>Покришка цільна (без камери) 60/70-6.5 стільники</name_ua>
				<name>Покрышка цельная (без камеры) 60/70-6.5 соты</name>
				<vendor>Без бренду</vendor>
				<stock_quantity>59</stock_quantity>
				<description>&lt;![CDATA[Литая бескамерная шина 60/70-6.5 с перфорацией.
Бескамерные шины надежны и удобны. Лишены проблем бескамерных шин предыдущих поколений и недостатков шин с камерами. Сохраняют комфорт колес, накачанных воздухом, так как по кругу произведена перфорация, в результате вы вряд ли отличите движение на штатных колесах от этих.
Подходит как для переднего, так и заднего колеса.
Монтируется очень просто – нагревается в горячей воде и насаживается на обод.]]&gt;</description>
				<description_ua>&lt;![CDATA[Лита безкамерна шина 60/70-6.5 з перфорацією.
Безкамерні шини надійні і зручні. Позбавлені проблем безкамерних шин попередніх поколінь і недоліків шин з камерами. Зберігають комфорт коліс, накачаних повітрям, так як по колу проведена перфорація, в результаті ви навряд чи відрізните рух на штатних колесах від цих.
Підходить як для переднього, так і для заднього колеса.
Монтується вкрай просто - нагрівається в гарячій воді та насаджується на обід.]]&gt;</description_ua>
				<param name="Країна-виробник товару">Китай</param>
				<param name="Категорія товару">Покришки та камери</param>
			</offer>
			<offer available="true" id="22718">
				<url>https://welcome-mobi.com.ua/shop/product/pokryshka-dlya-8.5-dyuymov-v-10-dyuymov</url>
				<price>288</price>
				<currencyId>UAH</currencyId>
				<categoryId>22606</categoryId>
				<picture>https://welcome-mobi.com.ua/uploads/shop/origin/115168_main_origin.jpg</picture>
				<delivery>true</delivery>
				<name_ua>Покришка для 8.5 дюймів у 10 дюймів</name_ua>
				<name>Покрышка для 8.5 дюймов в 10 дюймов</name>
				<vendor>Без бренду</vendor>
				<stock_quantity>68</stock_quantity>
				<description>&lt;![CDATA[Покрышка для 8.5 дюймов в 10 дюймов]]&gt;</description>
				<description_ua>&lt;![CDATA[Покришка для 8.5 дюймів у 10 дюймів]]&gt;</description_ua>
				<param name="Країна-виробник товару">Китай</param>
				<param name="Категорія товару">Покришки та камери</param>
			</offer>
			<offer available="true" id="26600">
				<url>https://welcome-mobi.com.ua/shop/product/gayka-na-nippel--zoloto-</url>
				<price>24</price>
				<currencyId>UAH</currencyId>
				<categoryId>22606</categoryId>
				<picture>https://welcome-mobi.com.ua/uploads/shop/origin/119197_main_origin.jpg</picture>
				<delivery>true</delivery>
				<name_ua>Гайка на ніпель (золото)</name_ua>
				<name>Гайка на ниппель (золото)</name>
				<vendor>Без бренду</vendor>
				<stock_quantity>79</stock_quantity>
				<description>&lt;![CDATA[Гайка на ниппель (золото)]]&gt;</description>
				<description_ua>&lt;![CDATA[Гайка на ніпель (золото)]]&gt;</description_ua>
				<param name="Країна-виробник товару">Китай</param>
				<param name="Категорія товару">Покришки та камери</param>
			</offer>
			<offer available="true" id="26599">
				<url>https://welcome-mobi.com.ua/shop/product/gayka-na-nippel--platina-</url>
				<price>24</price>
				<currencyId>UAH</currencyId>
				<categoryId>22606</categoryId>
				<picture>https://welcome-mobi.com.ua/uploads/shop/origin/119196_main_origin.jpg</picture>
				<delivery>true</delivery>
				<name_ua>Гайка на ніпель (платина)</name_ua>
				<name>Гайка на ниппель (платина)</name>
				<vendor>Без бренду</vendor>
				<stock_quantity>35</stock_quantity>
				<description>&lt;![CDATA[Гайка на ниппель (платина)]]&gt;</description>
				<description_ua>&lt;![CDATA[Гайка на ніпель (платина)]]&gt;</description_ua>
				<param name="Країна-виробник товару">Китай</param>
				<param name="Категорія товару">Покришки та камери</param>
			</offer>
			<offer available="true" id="22721">
				<url>https://welcome-mobi.com.ua/shop/product/pokryshka-10h2.75</url>
				<price>721</price>
				<currencyId>UAH</currencyId>
				<categoryId>22606</categoryId>
				<picture>https://welcome-mobi.com.ua/uploads/shop/origin/115167_main_origin.jpg</picture>
				<picture>https://welcome-mobi.com.ua/uploads/shop/origin/115167_0.jpg</picture>
				<picture>https://welcome-mobi.com.ua/uploads/shop/origin/115167_1.jpg</picture>
				<delivery>true</delivery>
				<name_ua>Покришка цільна (без камери) 10х2.75 стільники</name_ua>
				<name>Покрышка цельная (без камеры) 10х2.75 соты</name>
				<vendor>Без бренду</vendor>
				<stock_quantity>16</stock_quantity>
				<description>&lt;![CDATA[Покрышка цельная (без камеры) 10х2.75 соты]]&gt;</description>
				<description_ua>&lt;![CDATA[Покришка цільна (без камери) 10х2.75 стільники]]&gt;</description_ua>
				<param name="Країна-виробник товару">Китай</param>
				<param name="Категорія товару">Покришки та камери</param>
			</offer>
			<offer available="true" id="26601">
				<url>https://welcome-mobi.com.ua/shop/product/kolpachok-na-nippel</url>
				<price>24</price>
				<currencyId>UAH</currencyId>
				<categoryId>22606</categoryId>
				<picture>https://welcome-mobi.com.ua/uploads/shop/origin/119198_main_origin.jpg</picture>
				<delivery>true</delivery>
				<name_ua>Ковпачок на ніпель</name_ua>
				<name>Колпачок на ниппель</name>
				<vendor>Без бренду</vendor>
				<stock_quantity>118</stock_quantity>
				<description>&lt;![CDATA[Колпачок на ниппель]]&gt;</description>
				<description_ua>&lt;![CDATA[Ковпачок на ніпель]]&gt;</description_ua>
				<param name="Країна-виробник товару">Китай</param>
				<param name="Категорія товару">Покришки та камери</param>
			</offer>
			<offer available="true" id="20107">
				<url>https://welcome-mobi.com.ua/shop/product/pokryshka-8,5h2-Xiaomi-m365,Pro,Pro-2</url>
				<price>236</price>
				<currencyId>UAH</currencyId>
				<categoryId>22606</categoryId>
				<picture>https://welcome-mobi.com.ua/uploads/shop/origin/112591_main_origin.jpg</picture>
				<delivery>true</delivery>
				<name_ua>Покришка 8.5х2 Xiaomi M365/Mi Scooter Pro/Mi Scooter Pro 2/Treker CS-527</name_ua>
				<name>Покрышка 8.5х2 Xiaomi M365/Mi Scooter Pro/Mi Scooter Pro 2/Treker CS-527</name>
				<vendor>Xiaomi</vendor>
				<stock_quantity>5</stock_quantity>
				<description>&lt;![CDATA[Покрышка 8.5х2 Xiaomi M365/Mi Scooter Pro/Mi Scooter Pro 2/Treker CS-527]]&gt;</description>
				<description_ua>&lt;![CDATA[Покришка 8.5х2 Xiaomi M365/Mi Scooter Pro/Mi Scooter Pro 2/Treker CS-527]]&gt;</description_ua>
				<param name="Країна-виробник товару">Китай</param>
				<param name="Категорія товару">Покришки та камери</param>
			</offer>
			<offer available="true" id="22799">
				<url>https://welcome-mobi.com.ua/shop/product/chashka-Xiaomi-M365</url>
				<price>200</price>
				<currencyId>UAH</currencyId>
				<categoryId>22608</categoryId>
				<picture>https://welcome-mobi.com.ua/uploads/shop/origin/115248_main_origin.jpg</picture>
				<delivery>true</delivery>
				<name_ua>Рульова чашка для самокату Xiaomi M365</name_ua>
				<name>Рулевая чашка для самоката Xiaomi M365</name>
				<vendor>Xiaomi</vendor>
				<stock_quantity>36</stock_quantity>
				<description>&lt;![CDATA[Колонка для подшипников рулевой части Xiaomi Mi Electric Scooter M365/1S/Essential/Pro/Pro2/3.
Эта деталь очень важна в рулевой части, она не позволяет крутиться на 180 градусов.]]&gt;</description>
				<description_ua>&lt;![CDATA[Колонка для подшипников рулевой частини для електросамоката Xiaomi Mi Electric Scooter M365/1S/Essential/Pro/Pro2/3.
Ця деталь дуже важлива у рульовій частині, вона не дає можливість крутитися на 180 градусів.]]&gt;</description_ua>
				<param name="Категорія товару">Кермо та механізми, що складаються</param>
			</offer>
			<offer available="true" id="20675">
				<url>https://welcome-mobi.com.ua/shop/product/remkomplekt-rulevoy-vilki-dlya-elektrosamokata-Xiaomi-Mi-Mijia-Electric-Scooter</url>
				<price>235</price>
				<currencyId>UAH</currencyId>
				<categoryId>22608</categoryId>
				<picture>https://welcome-mobi.com.ua/uploads/shop/origin/110318_main_origin.jpg</picture>
				<delivery>true</delivery>
				<name_ua>Ремкомплект рульової вилки для електросамоката Xiaomi Mi Electric Scooter</name_ua>
				<name>Ремкомплект рулевой вилки для электросамоката Xiaomi Mi Electric Scooter</name>
				<vendor>Xiaomi</vendor>
				<stock_quantity>22</stock_quantity>
				<description>&lt;![CDATA[Ремкомплект рулевой вилки для электросамоката Xiaomi Mi Electric Scooter]]&gt;</description>
				<description_ua>&lt;![CDATA[Ремкомплект рульової вилки для електросамоката Xiaomi Mi Electric Scooter]]&gt;</description_ua>
				<param name="Категорія товару">Кермо та механізми, що складаються</param>
			</offer>
			<offer available="true" id="20112">
				<url>https://welcome-mobi.com.ua/shop/product/stopornoe-koltso-Xiaomi-m365,Pro,Pro-2--sht.-</url>
				<price>101</price>
				<currencyId>UAH</currencyId>
				<categoryId>22608</categoryId>
				<picture>https://welcome-mobi.com.ua/uploads/shop/origin/110316_main_origin.jpg</picture>
				<delivery>true</delivery>
				<name_ua>Стопорне кільце Xiaomi M365/Mi Scooter Pro/Mi Scooter Pro 2 (1шт.)</name_ua>
				<name>Стопорное кольцо Xiaomi M365/Mi Scooter Pro/Mi Scooter Pro 2 (1шт.)</name>
				<vendor>Xiaomi</vendor>
				<stock_quantity>164</stock_quantity>
				<description>&lt;![CDATA[Пластиковое кольцо зажима для стойки руля, подойдет для всех электросамокатов Xiaomi.]]&gt;</description>
				<description_ua>&lt;![CDATA[Пластикове кільце затиску для стійки керма, підійде для всіх електросамокатів Xiaomi.]]&gt;</description_ua>
				<param name="Категорія товару">Кермо та механізми, що складаються</param>
			</offer>
			<offer available="true" id="21291">
				<url>https://welcome-mobi.com.ua/shop/product/uzel-skladyvaniya-Xiaomi-m365,Pro,Pro-2</url>
				<price>1362</price>
				<currencyId>UAH</currencyId>
				<categoryId>22608</categoryId>
				<picture>https://welcome-mobi.com.ua/uploads/shop/origin/112761_main_origin.jpg</picture>
				<picture>https://welcome-mobi.com.ua/uploads/shop/origin/112761_0.jpg</picture>
				<picture>https://welcome-mobi.com.ua/uploads/shop/origin/112761_1.jpg</picture>
				<delivery>true</delivery>
				<name_ua>Вузол складання Xiaomi M365/Mi Scooter Pro/Mi Scooter Pro 2/Mi 3 black</name_ua>
				<name>Узел складывания Xiaomi M365/Mi Scooter Pro/Mi Scooter Pro 2/Mi 3 black</name>
				<vendor>Xiaomi</vendor>
				<stock_quantity>3</stock_quantity>
				<description>&lt;![CDATA[Узел сборки для электросамокатов XIAOMI Mi Electric Scooter.]]&gt;</description>
				<description_ua>&lt;![CDATA[Вузол складання в зборі для електросамокатів XIAOMI Mi Electric Scooter.]]&gt;</description_ua>
				<param name="Категорія товару">Кермо та механізми, що складаються</param>
			</offer>
			<offer available="true" id="22722">
				<url>https://welcome-mobi.com.ua/shop/product/kryuk--yazyk--alyum-dlya-MI-Electric-Scooter</url>
				<price>101</price>
				<currencyId>UAH</currencyId>
				<categoryId>22608</categoryId>
				<picture>https://welcome-mobi.com.ua/uploads/shop/origin/115171_main_origin.jpg</picture>
				<delivery>true</delivery>
				<name_ua>Крюк алюмінієвий Xiaomi Mi Electric Scooter</name_ua>
				<name>Крюк (язык) алюминиевый Xiaomi Mi Electric Scooter</name>
				<vendor>Xiaomi</vendor>
				<stock_quantity>43</stock_quantity>
				<description>&lt;![CDATA[Крюк (язык) алюминиевый Xiaomi Mi Electric Scooter]]&gt;</description>
				<description_ua>&lt;![CDATA[Крюк алюмінієвий Xiaomi Mi Electric Scooter]]&gt;</description_ua>
				<param name="Категорія товару">Кермо та механізми, що складаються</param>
			</offer>
			<offer available="true" id="23960">
				<url>https://welcome-mobi.com.ua/shop/product/yazychok-mehanizma-skladyvaniya-Xiaomi-M365,Mi-Scooter-Pro-white</url>
				<price>240</price>
				<currencyId>UAH</currencyId>
				<categoryId>22608</categoryId>
				<picture>https://welcome-mobi.com.ua/uploads/shop/origin/116392_main_origin.jpg</picture>
				<delivery>true</delivery>
				<name_ua>Язичок механізму складання Xiaomi M365/Mi Scooter Pro/Mi Scooter Pro 2 white</name_ua>
				<name>Язычок механизма складывания Xiaomi M365/Mi Scooter Pro/Mi Scooter Pro 2 white</name>
				<vendor>Xiaomi</vendor>
				<stock_quantity>23</stock_quantity>
				<description>&lt;![CDATA[Язычок механизма складывания Xiaomi M365/Mi Scooter Pro/Mi Scooter Pro 2 white]]&gt;</description>
				<description_ua>&lt;![CDATA[Язичок механізму складання Xiaomi M365/Mi Scooter Pro/Mi Scooter Pro 2 white]]&gt;</description_ua>
				<param name="Категорія товару">Кермо та механізми, що складаються</param>
			</offer>
			<offer available="true" id="23958">
				<url>https://welcome-mobi.com.ua/shop/product/uzel-skladyvaniya-Xiaomi-m365,Pro,Pro-2-white</url>
				<price>1202</price>
				<currencyId>UAH</currencyId>
				<categoryId>22608</categoryId>
				<picture>https://welcome-mobi.com.ua/uploads/shop/origin/116396_main_origin.jpg</picture>
				<delivery>true</delivery>
				<name_ua>Вузол складання Xiaomi M365/Mi Scooter Pro/Mi Scooter Pro 2/Mi 3 white</name_ua>
				<name>Узел складывания Xiaomi M365/Mi Scooter Pro/Mi Scooter Pro 2/Mi 3 white</name>
				<vendor>Xiaomi</vendor>
				<stock_quantity>15</stock_quantity>
				<description>&lt;![CDATA[Узел сборки для электросамокатов XIAOMI Mi Electric Scooter.]]&gt;</description>
				<description_ua>&lt;![CDATA[Вузол складання в зборі для електросамокатів XIAOMI Mi Electric Scooter.]]&gt;</description_ua>
				<param name="Категорія товару">Кермо та механізми, що складаються</param>
			</offer>
			<offer available="true" id="24470">
				<url>https://welcome-mobi.com.ua/shop/product/stopornoe-koltso-Xiaomi-M365,Mi-Scooter-Pro,Mi-Scooter-Pro-2--1sht.---original-</url>
				<price>106</price>
				<currencyId>UAH</currencyId>
				<categoryId>22608</categoryId>
				<picture>https://welcome-mobi.com.ua/uploads/shop/origin/117152_main_origin.jpg</picture>
				<delivery>true</delivery>
				<name_ua>Стопорне кільце Xiaomi M365/Mi Scooter Pro/Mi Scooter Pro 2/3 (1шт.) (оригінал)</name_ua>
				<name>Стопорное кольцо Xiaomi M365/Mi Scooter Pro/Mi Scooter Pro 2/3 (1шт.) (оригинал)</name>
				<vendor>Xiaomi</vendor>
				<stock_quantity>9</stock_quantity>
				<description>&lt;![CDATA[Фиксатор, зажим, кольцо для электросамоката Xiaomi Mi Electric Scooter M365/1S/Essential/Pro/Pro2/3.
Материал: пластик.
Цвет черный.
Размер: 7*5*5 см.]]&gt;</description>
				<description_ua>&lt;![CDATA[Фіксатор, затискач, кільце для електросамоката Xiaomi Mi Electric Scooter M365/1S/Essential/Pro/Pro2/3.
Матеріал: пластик.
Колір чорний.
Розмір: 7*5*5 см.]]&gt;</description_ua>
				<param name="Категорія товару">Кермо та механізми, що складаються</param>
			</offer>
			<offer available="true" id="22373">
				<url>https://welcome-mobi.com.ua/shop/product/rul-MI-Electric-Scooter</url>
				<price>315</price>
				<currencyId>UAH</currencyId>
				<categoryId>22608</categoryId>
				<picture>https://welcome-mobi.com.ua/uploads/shop/origin/114874_main_origin.jpg</picture>
				<delivery>true</delivery>
				<name_ua>Кермо Xiaomi Mi Electric Scooter (оригінал)</name_ua>
				<name>Руль Xiaomi Mi Electric Scooter (оригинал)</name>
				<vendor>Xiaomi</vendor>
				<stock_quantity>48</stock_quantity>
				<description>&lt;![CDATA[Руль для всех электросамокатов XIAOMI Mi Electric Scooter.]]&gt;</description>
				<description_ua>&lt;![CDATA[Кермо для всіх електросамокатів XIAOMI Mi Electric Scooter.]]&gt;</description_ua>
				<param name="Категорія товару">Кермо та механізми, що складаються</param>
			</offer>
			<offer available="true" id="23961">
				<url>https://welcome-mobi.com.ua/shop/product/stalnoy-val-mehanizma-skladyvaniya-Xiaomi-Mijia-M365,-1S</url>
				<price>240</price>
				<currencyId>UAH</currencyId>
				<categoryId>22608</categoryId>
				<picture>https://welcome-mobi.com.ua/uploads/shop/origin/116395_main_origin.jpg</picture>
				<delivery>true</delivery>
				<name_ua>Сталевий вал механізму складання Xiaomi M365/Mi Scooter 1S</name_ua>
				<name>Стальной вал механизма складывания Xiaomi M365/Mi Scooter 1S</name>
				<vendor>Xiaomi</vendor>
				<stock_quantity>8</stock_quantity>
				<description>&lt;![CDATA[Фиксирующий винт язычка механизма сборки электросамоката Xiaomi M365.
Совместимая деталь с моделями M365, M365 Pro, M365 Pro 2, 1S.
Состоит запчасть из основания, гайки и винта с кольцом.
Материал: металл
Страна производитель: Китай]]&gt;</description>
				<description_ua>&lt;![CDATA[Фіксуючий гвинт язичка механізму складання електросамокату Xiaomi M365.
Сумісна деталь із моделями M365, M365 Pro, M365 Pro 2, 1S.
Складається запчастина з основи, гайки та гвинта з кільцем.
Матеріал: метал
Країна виробник: Китай]]&gt;</description_ua>
				<param name="Категорія товару">Кермо та механізми, що складаються</param>
			</offer>
			<offer available="true" id="21297">
				<url>https://welcome-mobi.com.ua/shop/product/zapchasti-dlya-uzla-skladyvaniya-Ninebot-Max-G30</url>
				<price>1202</price>
				<currencyId>UAH</currencyId>
				<categoryId>22608</categoryId>
				<picture>https://welcome-mobi.com.ua/uploads/shop/origin/112763_main_origin.jpg</picture>
				<picture>https://welcome-mobi.com.ua/uploads/shop/origin/112763_0.jpg</picture>
				<picture>https://welcome-mobi.com.ua/uploads/shop/origin/112763_1.jpg</picture>
				<picture>https://welcome-mobi.com.ua/uploads/shop/origin/112763_2.jpg</picture>
				<delivery>true</delivery>
				<name_ua>Вузол складання Ninebot G30 Max black</name_ua>
				<name>Узел складывания Ninebot G30 Max black</name>
				<vendor>Ninebot</vendor>
				<stock_quantity>19</stock_quantity>
				<description>&lt;![CDATA[Узел сборки в сборе совместим со следующими моделями электросамокатов:
Ninebot by Segway Max G30, G30P, G30II, G30LE
Kugoo G30 Max.]]&gt;</description>
				<description_ua>&lt;![CDATA[Вузол складання у зборі сумісний з наступними моделями електросамокатів:
Ninebot by Segway Max G30, G30P, G30II, G30LE
Kugoo G30 Max.]]&gt;</description_ua>
				<param name="Категорія товару">Кермо та механізми, що складаються</param>
			</offer>
			<offer available="true" id="23964">
				<url>https://welcome-mobi.com.ua/shop/product/podshipnik-rulevoy-kolonki-Xiaomi-M365,Pro</url>
				<price>120</price>
				<currencyId>UAH</currencyId>
				<categoryId>22608</categoryId>
				<picture>https://welcome-mobi.com.ua/uploads/shop/origin/116398_main_origin.jpg</picture>
				<delivery>true</delivery>
				<name_ua>Підшипник рульової колонки Xiaomi M365/Mi Scooter Pro/Mi Scooter Pro 2 (2шт.)</name_ua>
				<name>Подшипник рулевой колонки Xiaomi M365/Mi Scooter Pro/Mi Scooter Pro 2 (2шт.)</name>
				<vendor>Xiaomi</vendor>
				<stock_quantity>35</stock_quantity>
				<description>&lt;![CDATA[Подшипник рулевой колонки Xiaomi M365/Mi Scooter Pro/Mi Scooter Pro 2 (2шт.).]]&gt;</description>
				<description_ua>&lt;![CDATA[Підшипник рульової колонки для самоката Xiaomi M365/Mi Scooter Pro/Mi Scooter Pro 2 (2шт.).]]&gt;</description_ua>
				<param name="Категорія товару">Кермо та механізми, що складаються</param>
			</offer>
			<offer available="true" id="20121">
				<url>https://welcome-mobi.com.ua/shop/product/val--bochka--uzla-skladyvaniya-Ninebot-Max-G30</url>
				<price>131</price>
				<currencyId>UAH</currencyId>
				<categoryId>22608</categoryId>
				<picture>https://welcome-mobi.com.ua/uploads/shop/origin/112573_main_origin.jpg</picture>
				<delivery>true</delivery>
				<name_ua>Вал (бочка) вузла складання Xiaomi Mi Electric Scooter M365/1S/Essential/Pro/Pro2/3</name_ua>
				<name>Вал (бочка) узла складывания Xiaomi Mi Electric Scooter M365/1S/Essential/Pro/Pro2/3</name>
				<vendor>Ninebot</vendor>
				<stock_quantity>14</stock_quantity>
				<description>&lt;![CDATA[Болт, ось узла сборки для электросамоката Xiaomi Mi Electric Scooter M365/1S/Essential/Pro/Pro2/3 (заводская, усиленная).
Толщина 8 мм.]]&gt;</description>
				<description_ua>&lt;![CDATA[Болт, вісь вузла складання для електросамоката Xiaomi Mi Electric Scooter M365/1S/Essential/Pro/Pro2/3 (заводська, посилена).
Товщина 8 мм.]]&gt;</description_ua>
				<param name="Категорія товару">Кермо та механізми, що складаються</param>
			</offer>
			<offer available="true" id="20135">
				<url>https://welcome-mobi.com.ua/shop/product/stopornoe-koltso-Ninebot-G30-Max</url>
				<price>161</price>
				<currencyId>UAH</currencyId>
				<categoryId>22608</categoryId>
				<picture>https://welcome-mobi.com.ua/uploads/shop/origin/112612_main_origin.jpg</picture>
				<delivery>true</delivery>
				<name_ua>Стопорнe кільце Ninebot G30 Max (1шт.)</name_ua>
				<name>Стопорное кольцо Ninebot G30 Max (1шт.)</name>
				<vendor>Ninebot</vendor>
				<stock_quantity>177</stock_quantity>
				<description>&lt;![CDATA[Пластиковое кольцо зажима для стойки руля, подойдет для всех электросамокатов Ninebot G30.]]&gt;</description>
				<description_ua>&lt;![CDATA[Пластикове кільце затиску для стійки керма, підійде для всіх електросамокатів Ninebot G30.]]&gt;</description_ua>
				<param name="Категорія товару">Кермо та механізми, що складаються</param>
			</offer>
			<offer available="true" id="23959">
				<url>https://welcome-mobi.com.ua/shop/product/yazychok-mehanizma-skladyvaniya-Xiaomi-M365,Mi-Scooter-Pro-black</url>
				<price>240</price>
				<currencyId>UAH</currencyId>
				<categoryId>22608</categoryId>
				<picture>https://welcome-mobi.com.ua/uploads/shop/origin/116391_main_origin.jpg</picture>
				<delivery>true</delivery>
				<name_ua>Язичок механізму складання Xiaomi M365/Mi Scooter Pro/Mi Scooter Pro 2 black</name_ua>
				<name>Язычок механизма складывания Xiaomi M365/Mi Scooter Pro/Mi Scooter Pro 2 black</name>
				<vendor>Xiaomi</vendor>
				<stock_quantity>22</stock_quantity>
				<description>&lt;![CDATA[Рычаг (язычок) механизма сборки электросамоката Xiaomi M365.
Фиксирующий рычаг узла сборки для самоката Xiaomi.]]&gt;</description>
				<description_ua>&lt;![CDATA[Важель (язичок) механізму складання електросамокату Xiaomi M365.
Фіксуючий важіль вузла складання для самокату Xiaomi.]]&gt;</description_ua>
				<param name="Категорія товару">Кермо та механізми, що складаються</param>
			</offer>
			<offer available="true" id="26603">
				<url>https://welcome-mobi.com.ua/shop/product/vint-krepleniya-tormoznogo-diska-Xiaomi-M365--d-5mm-</url>
				<price>2</price>
				<currencyId>UAH</currencyId>
				<categoryId>22610</categoryId>
				<picture>https://welcome-mobi.com.ua/uploads/shop/origin/119201_main_origin.jpg</picture>
				<delivery>true</delivery>
				<name_ua>Гвинт кріплення гальмівного диска Xiaomi M365 (d 5mm)</name_ua>
				<name>Винт крепления тормозного диска Xiaomi M365 (d 5mm)</name>
				<vendor>Xiaomi</vendor>
				<stock_quantity>72</stock_quantity>
				<description>&lt;![CDATA[Винт крепления тормозного диска Xiaomi M365 (d 5mm)]]&gt;</description>
				<description_ua>&lt;![CDATA[Гвинт кріплення гальмівного диска Xiaomi M365 (d 5mm)]]&gt;</description_ua>
				<param name="Категорія товару">Гальмівні системи</param>
			</offer>
			<offer available="true" id="24468">
				<url>https://welcome-mobi.com.ua/shop/product/tormoznoy-disk-Xiaomi-M365,Mi-Scooter-Pro,Mi-Scooter-Pro-2--110mm---original-</url>
				<price>240</price>
				<currencyId>UAH</currencyId>
				<categoryId>22610</categoryId>
				<picture>https://welcome-mobi.com.ua/uploads/shop/origin/117156_main_origin.jpg</picture>
				<delivery>true</delivery>
				<name_ua>Гальмівний диск Xiaomi M365/Mi Scooter Pro/Mi Scooter Pro 2/Mi 3 (110мм) (оригінал)</name_ua>
				<name>Тормозной диск Xiaomi M365/Mi Scooter Pro/Mi Scooter Pro 2/Mi 3 (110мм) (оригинал)</name>
				<vendor>Xiaomi</vendor>
				<stock_quantity>2</stock_quantity>
				<description>&lt;![CDATA[Ротор 110мм подходит к электросамокату Xiaomi Mi Electric Scooter 1S, M365, Essential, Mi 3.]]&gt;</description>
				<description_ua>&lt;![CDATA[Ротор 110мм підходить до електросамокату Xiaomi Mi Electric Scooter 1S, M365, Essential, Mi 3.]]&gt;</description_ua>
				<param name="Категорія товару">Гальмівні системи</param>
			</offer>
			<offer available="true" id="20113">
				<url>https://welcome-mobi.com.ua/shop/product/tormoznoy-disk-Xiaomi-m365,Pro,Pro-2</url>
				<price>180</price>
				<currencyId>UAH</currencyId>
				<categoryId>22610</categoryId>
				<picture>https://welcome-mobi.com.ua/uploads/shop/origin/112605_main_origin.jpg</picture>
				<delivery>true</delivery>
				<name_ua>Гальмівний диск Xiaomi M365/Mi Scooter Pro/Mi Scooter Pro 2/Mi 3 (110мм)</name_ua>
				<name>Тормозной диск Xiaomi M365/Mi Scooter Pro/Mi Scooter Pro 2/Mi 3 (110мм)</name>
				<vendor>Xiaomi</vendor>
				<stock_quantity>80</stock_quantity>
				<description>&lt;![CDATA[Ротор 110мм подходит к электросамокату Xiaomi Mi Electric Scooter 1S, M365, Essential, Mi 3.]]&gt;</description>
				<description_ua>&lt;![CDATA[Ротор 110мм підходить до електросамокату Xiaomi Mi Electric Scooter 1S, M365, Essential, Mi 3.]]&gt;</description_ua>
				<param name="Категорія товару">Гальмівні системи</param>
			</offer>
			<offer available="true" id="24472">
				<url>https://welcome-mobi.com.ua/shop/product/tros-tormoza-Xiaomi-M365,Mi-Scooter-Pro,Mi-Scooter-Pro-2--original-</url>
				<price>401</price>
				<currencyId>UAH</currencyId>
				<categoryId>22610</categoryId>
				<picture>https://welcome-mobi.com.ua/uploads/shop/origin/117150_main_origin.jpg</picture>
				<delivery>true</delivery>
				<name_ua>Tрос гальма Xiaomi M365/Mi Scooter Pro/Mi Scooter Pro 2 (оригінал)</name_ua>
				<name>Трос тормоза Xiaomi M365/Mi Scooter Pro/Mi Scooter Pro 2 (оригинал)</name>
				<vendor>Xiaomi</vendor>
				<stock_quantity>8</stock_quantity>
				<description>&lt;![CDATA[Трос на электросамокат Xiaomi Mi Electric Scooter M365/1S/Essential/Pro/Pro2/3.]]&gt;</description>
				<description_ua>&lt;![CDATA[Трос на електросамокат Xiaomi Mi Electric Scooter M365/1S/Essential/Pro/Pro2/3.]]&gt;</description_ua>
				<param name="Категорія товару">Гальмівні системи</param>
			</offer>
			<offer available="true" id="26727">
				<url>https://welcome-mobi.com.ua/shop/product/tormoznoy-mehanizm--suport+kolodki--Ninebot-G30,G30P,G30L,G30</url>
				<price>555</price>
				<currencyId>UAH</currencyId>
				<categoryId>22610</categoryId>
				<picture>https://welcome-mobi.com.ua/uploads/shop/origin/119298_main_origin.jpg</picture>
				<picture>https://welcome-mobi.com.ua/uploads/shop/origin/119298_0.jpg</picture>
				<delivery>true</delivery>
				<name_ua>Гальмівний механізм (супорт + колодки) Ninebot G30/G30P/G30L/G30</name_ua>
				<name>Тормозной механизм (супорт+колодки) Ninebot G30/G30P/G30L/G30</name>
				<vendor>Ninebot</vendor>
				<stock_quantity>29</stock_quantity>
				<description>&lt;![CDATA[Тормозной механизм/колодка (Ninebot Max G30/G30P/G30L/G30II г30). Барабанный тормоз для электросамокатов моделей Ninebot Max G30.]]&gt;</description>
				<description_ua>&lt;![CDATA[Гальмівний механизм/колодка (Ninebot Max G30/G30P/G30L/G30II г30). Барабанне гальмо для електросамокатів моделей Ninebot Max G30.]]&gt;</description_ua>
				<param name="Категорія товару">Гальмівні системи</param>
			</offer>
			<offer available="true" id="24467">
				<url>https://welcome-mobi.com.ua/shop/product/tormoznoy-disk-Xiaomi-Mi-Scooter-1S,Mi-Scooter-Essential-Lite--original-</url>
				<price>240</price>
				<currencyId>UAH</currencyId>
				<categoryId>22610</categoryId>
				<picture>https://welcome-mobi.com.ua/uploads/shop/origin/117155_main_origin.jpg</picture>
				<delivery>true</delivery>
				<name_ua>Гальмівний диск Xiaomi Mi Scooter 1S/Mi Scooter Essential Lite (оригінал)</name_ua>
				<name>Тормозной диск Xiaomi Mi Scooter 1S/Mi Scooter Essential Lite (оригинал)</name>
				<vendor>Xiaomi</vendor>
				<stock_quantity>2</stock_quantity>
				<description>&lt;![CDATA[Тормозной диск Xiaomi Mi Scooter 1S/Mi Scooter Essential Lite (оригинал)]]&gt;</description>
				<description_ua>&lt;![CDATA[Гальмівний диск Xiaomi Mi Scooter 1S/Mi Scooter Essential Lite (оригінал)]]&gt;</description_ua>
				<param name="Категорія товару">Гальмівні системи</param>
			</offer>
			<offer available="true" id="21290">
				<url>https://welcome-mobi.com.ua/shop/product/Tros-tormoza-Xiaomi-m365,Pro,Pro-2</url>
				<price>335</price>
				<currencyId>UAH</currencyId>
				<categoryId>22610</categoryId>
				<picture>https://welcome-mobi.com.ua/uploads/shop/origin/112764_main_origin.jpg</picture>
				<delivery>true</delivery>
				<name_ua>Tрос гальма Xiaomi M365/Mi Scooter Pro/Mi Scooter Pro 2</name_ua>
				<name>Трос тормоза Xiaomi M365/Mi Scooter Pro/Mi Scooter Pro 2</name>
				<vendor>Xiaomi</vendor>
				<stock_quantity>2</stock_quantity>
				<description>&lt;![CDATA[Трос на электросамокат Xiaomi Mi Electric Scooter M365/1S/Essential/Pro/Pro2/3.]]&gt;</description>
				<description_ua>&lt;![CDATA[Трос на електросамокат Xiaomi Mi Electric Scooter M365/1S/Essential/Pro/Pro2/3.]]&gt;</description_ua>
				<param name="Категорія товару">Гальмівні системи</param>
			</offer>
			<offer available="true" id="21295">
				<url>https://welcome-mobi.com.ua/shop/product/ruchka-tormoza-Ninebot-G30-Max</url>
				<price>412</price>
				<currencyId>UAH</currencyId>
				<categoryId>22610</categoryId>
				<picture>https://welcome-mobi.com.ua/uploads/shop/origin/112765_main_origin.jpg</picture>
				<delivery>true</delivery>
				<name_ua>Ручка гальма Ninebot G30 Max</name_ua>
				<name>Ручка тормоза Ninebot G30 Max</name>
				<vendor>Ninebot</vendor>
				<stock_quantity>22</stock_quantity>
				<description>&lt;![CDATA[Ручка тормоза для электросамоката Ninebot G30/G30 P.]]&gt;</description>
				<description_ua>&lt;![CDATA[Ручка тормозу для електросамоката Ninebot G30/G30 P.]]&gt;</description_ua>
				<param name="Категорія товару">Гальмівні системи</param>
			</offer>
			<offer available="true" id="24463">
				<url>https://welcome-mobi.com.ua/shop/product/tormoznoy-mehanizm--suport+kolodki--Xiaomi-Mi-Electric-Scooter--original-</url>
				<price>467</price>
				<currencyId>UAH</currencyId>
				<categoryId>22610</categoryId>
				<picture>https://welcome-mobi.com.ua/uploads/shop/origin/117157_main_origin.jpg</picture>
				<delivery>true</delivery>
				<name_ua>Гальмівний механізм (супорт + колодки) Xiaomi Mi Electric Scooter (оригінал)</name_ua>
				<name>Тормозной механизм (супорт+колодки) Xiaomi Mi Electric Scooter (оригинал)</name>
				<vendor>Xiaomi</vendor>
				<stock_quantity>1</stock_quantity>
				<description>&lt;![CDATA[Тормозной механизм, суппорт, калипер для электросамоката Xiaomi aomi Mi Electric Scooter M365/1S/Essential.
Изготовлен из высококачественного материала.]]&gt;</description>
				<description_ua>&lt;![CDATA[Гальмо, гальмівний механізм, супорт, калипер для електросамоката Xiaomi aomi Mi Electric Scooter M365/1S/Essential.
Виготовлений із високоякісного матеріалу.]]&gt;</description_ua>
				<param name="Категорія товару">Гальмівні системи</param>
			</offer>
			<offer available="true" id="21288">
				<url>https://welcome-mobi.com.ua/shop/product/ruchka-tormoza-Xiaomi-m365,Pro,Pro-2</url>
				<price>376</price>
				<currencyId>UAH</currencyId>
				<categoryId>22610</categoryId>
				<picture>https://welcome-mobi.com.ua/uploads/shop/origin/112760_main_origin.jpg</picture>
				<delivery>true</delivery>
				<name_ua>Ручка гальма Xiaomi M365/Mi Scooter Pro/Mi Scooter Pro 2</name_ua>
				<name>Ручка тормоза Xiaomi M365/Mi Scooter Pro/Mi Scooter Pro 2</name>
				<vendor>Xiaomi</vendor>
				<stock_quantity>38</stock_quantity>
				<description>&lt;![CDATA[Тормозная ручка для электросамоката Xiaomi Mi Electric Scooter M365/1S/Essential/Pro/Pro2/3.
Рычаг тормоза изготовлен из алюминиевого сплава, прочный.
Отделка поверхности тормозного рычага для повышения стойкости к коррозии и ржавчине.
Ручка тормоза имеет простой процесс установки, практичен и удобен в использовании, никаких модификаций не требуется.
Материал: алюминиевый сплав
Цвет: черный
Длина: около 14 см
Ширина: около 7 см]]&gt;</description>
				<description_ua>&lt;![CDATA[Гальмівна ручка для електросамоката Xiaomi Mi Electric Scooter M365/1S/Essential/Pro/Pro2/3.
Важіль гальма виготовлений з алюмінієвого сплаву, міцний.
Оздоблення поверхні гальмівного важеля для підвищення стійкості до корозії та іржі.
Ручка гальма має простий процес установки, практичний та зручний у використанні, жодних модифікацій не потрібно.
Матеріал: алюмінієвий сплав
Колір: чорний
Довжина: близько 14 см
Ширина: близько 7 см]]&gt;</description_ua>
				<param name="Категорія товару">Гальмівні системи</param>
			</offer>
			<offer available="true" id="26725">
				<url>https://welcome-mobi.com.ua/shop/product/tormoznye-kolodki-Xiaomi-M365-Pro</url>
				<price>104</price>
				<currencyId>UAH</currencyId>
				<categoryId>22610</categoryId>
				<picture>https://welcome-mobi.com.ua/uploads/shop/origin/119299_main_origin.jpg</picture>
				<delivery>true</delivery>
				<name_ua>Гальмівні колодки Xiaomi M365 Pro (комплект 2шт)</name_ua>
				<name>Тормозные колодки Xiaomi M365 Pro (комплект 2шт)</name>
				<vendor>Xiaomi</vendor>
				<stock_quantity>5</stock_quantity>
				<description>&lt;![CDATA[Тормозные колодки для электросамокатов XIAOMI Mi Electric Scooter.
Колодки (с усиком) подходят на модели XIAOMI Mi Electric Scooter Pro, Pro 2, 1S, Essential, M365.
Колодки (таблетки) подходят на старые ревизии M365.
В зависимости от ревизии электросамоката, даже на одинаковых моделях, колодки могут отличаться!]]&gt;</description>
				<description_ua>&lt;![CDATA[Гальмівні колодки для електросамокатів XIAOMI Mi Electric Scooter.
Колодки (з вусиком) підходять на моделі XIAOMI Mi Electric Scooter Pro, Pro 2, 1S, Essential, M365.
Колодки (таблеткою) підходять на старі ревізії M365.
Залежно від ревізії електросамокату, навіть на однакових моделях, колодки можуть відрізнятися!]]&gt;</description_ua>
				<param name="Категорія товару">Гальмівні системи</param>
			</offer>
			<offer available="true" id="21289">
				<url>https://welcome-mobi.com.ua/shop/product/tormoznye-kolodki-Xiaomi-m365,Pro,Pro-2</url>
				<price>126</price>
				<currencyId>UAH</currencyId>
				<categoryId>22610</categoryId>
				<picture>https://welcome-mobi.com.ua/uploads/shop/origin/112770_main_origin.jpg</picture>
				<delivery>true</delivery>
				<name_ua>Гальмівні колодки Xiaomi M365</name_ua>
				<name>Тормозные колодки Xiaomi M365</name>
				<vendor>Xiaomi</vendor>
				<stock_quantity>12</stock_quantity>
				<description>&lt;![CDATA[Полуметаллические тормозные колодки для электросамоката Xiaomi Mi Electric Scooter M365.
В зависимости от ревизии электросамоката даже на одинаковых моделях колодки могут отличаться.
Обязательно перед покупкой проверяйте, какие установлены на вашем электросамокате.]]&gt;</description>
				<description_ua>&lt;![CDATA[Напівметалеві гальмівні колодки для електросамокату Xiaomi Mi Electric Scooter M365.
Залежно від ревізії електросамокату, навіть на однакових моделях, колодки можуть відрізнятися.
Обов’язково перед покупкою перевіряйте, які встановлені на вашому електросамокаті.]]&gt;</description_ua>
				<param name="Категорія товару">Гальмівні системи</param>
			</offer>
			<offer available="true" id="24471">
				<url>https://welcome-mobi.com.ua/shop/product/tormoznoy-tros-Xiaomi-Mi-Scooter-1S,Mi-Scooter-Essential-Lite--original-</url>
				<price>421</price>
				<currencyId>UAH</currencyId>
				<categoryId>22610</categoryId>
				<picture>https://welcome-mobi.com.ua/uploads/shop/origin/117158_main_origin.jpg</picture>
				<delivery>true</delivery>
				<name_ua>Гальмівний трос Xiaomi Mi Scooter 1S/Mi Scooter Essential Lite (оригінал)</name_ua>
				<name>Тормозной трос Xiaomi Mi Scooter 1S/Mi Scooter Essential Lite (оригинал)</name>
				<vendor>Xiaomi</vendor>
				<stock_quantity>10</stock_quantity>
				<description>&lt;![CDATA[Трос на электросамокат Xiaomi Mi Electric Scooter M365/1S/Essential/Pro/Pro2/3.]]&gt;</description>
				<description_ua>&lt;![CDATA[Трос на електросамокат Xiaomi Mi Electric Scooter M365/1S/Essential/Pro/Pro2/3.]]&gt;</description_ua>
				<param name="Категорія товару">Гальмівні системи</param>
			</offer>
			<offer available="true" id="26520">
				<url>https://welcome-mobi.com.ua/shop/product/tormoznoy-mehanizm--suport+kolodki--Xiaomi-Mi-Scooter-Pro--original-</url>
				<price>521</price>
				<currencyId>UAH</currencyId>
				<categoryId>22610</categoryId>
				<picture>https://welcome-mobi.com.ua/uploads/shop/origin/119117_main_origin.jpg</picture>
				<delivery>true</delivery>
				<name_ua>Гальмівний механізм (супорт + колодки) Xiaomi Mi Scooter Pro (оригінал)</name_ua>
				<name>Тормозной механизм (супорт+колодки) Xiaomi Mi Scooter Pro (оригинал)</name>
				<vendor>Xiaomi</vendor>
				<stock_quantity>5</stock_quantity>
				<description>&lt;![CDATA[Тормозной механизм, суппорт, калипер для электросамоката Xiaomi aomi Mi Electric Scooter Pro/Pro2/3.
Изготовлен из высококачественного материала.]]&gt;</description>
				<description_ua>&lt;![CDATA[Гальмо, гальмівний механізм, супорт, калипер для електросамоката Xiaomi aomi Mi Electric Scooter Pro/Pro2/3.
Виготовлений із високоякісного матеріалу.]]&gt;</description_ua>
				<param name="Категорія товару">Гальмівні системи</param>
			</offer>
			<offer available="true" id="22409">
				<url>https://welcome-mobi.com.ua/shop/product/tormoznoy-disk-MI-Electric-Scooter1S,Lite</url>
				<price>200</price>
				<currencyId>UAH</currencyId>
				<categoryId>22610</categoryId>
				<picture>https://welcome-mobi.com.ua/uploads/shop/origin/114878_main_origin.jpg</picture>
				<delivery>true</delivery>
				<name_ua>Гальмівний диск Xiaomi Mi Scooter 1S/Mi Scooter Essential Lite</name_ua>
				<name>Тормозной диск Xiaomi Mi Scooter 1S/Mi Scooter Essential Lite</name>
				<vendor>Xiaomi</vendor>
				<stock_quantity>1</stock_quantity>
				<description>&lt;![CDATA[Тормозной диск Xiaomi Mi Scooter 1S/Mi Scooter Essential Lite]]&gt;</description>
				<description_ua>&lt;![CDATA[Гальмівний диск Xiaomi Mi Scooter 1S/Mi Scooter Essential Lite]]&gt;</description_ua>
				<param name="Категорія товару">Гальмівні системи</param>
			</offer>
			<offer available="true" id="20114">
				<url>https://welcome-mobi.com.ua/shop/product/tormoznoy-mehanizm--suport+kolodki--Xiaomi,Ninebot</url>
				<price>360</price>
				<currencyId>UAH</currencyId>
				<categoryId>22610</categoryId>
				<picture>https://welcome-mobi.com.ua/uploads/shop/origin/110319_main_origin.jpg</picture>
				<picture>https://welcome-mobi.com.ua/uploads/shop/origin/110319_0.jpg</picture>
				<delivery>true</delivery>
				<name_ua>Гальмівний механізм (супорт + колодки) Xiaomi Mi Electric Scooter</name_ua>
				<name>Тормозной механизм (супорт+колодки) Xiaomi Mi Electric Scooter</name>
				<vendor>Xiaomi</vendor>
				<stock_quantity>30</stock_quantity>
				<description>&lt;![CDATA[Тормозной механизм, суппорт, калипер для электросамоката Xiaomi aomi Mi Electric Scooter M365/1S/Essential.
Изготовлен из высококачественного материала.]]&gt;</description>
				<description_ua>&lt;![CDATA[Гальмо, гальмівний механізм, супорт, калипер для електросамоката Xiaomi aomi Mi Electric Scooter M365/1S/Essential.
Виготовлений із високоякісного матеріалу.]]&gt;</description_ua>
				<param name="Категорія товару">Гальмівні системи</param>
			</offer>
			<offer available="true" id="22407">
				<url>https://welcome-mobi.com.ua/shop/product/tormoznoy-tros-MI-Electric-Scooter1S,Lite</url>
				<price>240</price>
				<currencyId>UAH</currencyId>
				<categoryId>22610</categoryId>
				<picture>https://welcome-mobi.com.ua/uploads/shop/origin/114877_main_origin.jpg</picture>
				<delivery>true</delivery>
				<name_ua>Гальмівний трос Xiaomi Mi Scooter 1S/Mi Scooter Essential Lite</name_ua>
				<name>Тормозной трос Xiaomi Mi Scooter 1S/Mi Scooter Essential Lite </name>
				<vendor>Xiaomi</vendor>
				<stock_quantity>10</stock_quantity>
				<description>&lt;![CDATA[Трос на электросамокат Xiaomi Mi Electric Scooter M365/1S/Essential/Pro/Pro2/3.]]&gt;</description>
				<description_ua>&lt;![CDATA[Трос на електросамокат Xiaomi Mi Electric Scooter M365/1S/Essential/Pro/Pro2/3.]]&gt;</description_ua>
				<param name="Категорія товару">Гальмівні системи</param>
			</offer>
			<offer available="true" id="22669">
				<url>https://welcome-mobi.com.ua/shop/product/displey-Original-Ninebot-G30-Max-s-kryshkoy</url>
				<price>1442</price>
				<currencyId>UAH</currencyId>
				<categoryId>22611</categoryId>
				<picture>https://welcome-mobi.com.ua/uploads/shop/origin/115099_main_origin.jpg</picture>
				<picture>https://welcome-mobi.com.ua/uploads/shop/origin/115099_0.jpg</picture>
				<picture>https://welcome-mobi.com.ua/uploads/shop/origin/115099_1.jpg</picture>
				<picture>https://welcome-mobi.com.ua/uploads/shop/origin/115099_2.jpg</picture>
				<delivery>true</delivery>
				<name_ua>Дисплей Ninebot G30 Max з кришкою (оригінал)</name_ua>
				<name>Дисплей Ninebot G30 Max с крышкой (оригинал)</name>
				<vendor>Ninebot</vendor>
				<stock_quantity>26</stock_quantity>
				<description>&lt;![CDATA[Верхняя плата и накладка совместимы со следующими моделями электросамокатов: Ninebot by Segway Max G30, G30P, G30II, G30LE
Kugoo G30 Max.]]&gt;</description>
				<description_ua>&lt;![CDATA[Верхня плата та накладка сумісні з наступними моделями електросамокатів: Ninebot by Segway Max G30, G30P, G30II, G30LE
Kugoo G30 Max.]]&gt;</description_ua>
				<param name="Категорія товару">Дисплеї</param>
			</offer>
			<offer available="true" id="22670">
				<url>https://welcome-mobi.com.ua/shop/product/kontroller-Original-v2.1-Xiaomi-m365ProPro-2</url>
				<price>1362</price>
				<currencyId>UAH</currencyId>
				<categoryId>22611</categoryId>
				<picture>https://welcome-mobi.com.ua/uploads/shop/origin/115125_main_origin.jpg</picture>
				<picture>https://welcome-mobi.com.ua/uploads/shop/origin/115125_0.jpg</picture>
				<picture>https://welcome-mobi.com.ua/uploads/shop/origin/115125_1.jpg</picture>
				<delivery>true</delivery>
				<name_ua>Контролер Xiaomi M365/Mi Scooter Pro/Mi Scooter Pro 2/Treker CS-527 (копія)</name_ua>
				<name>Контроллер Xiaomi M365/Mi Scooter Pro/Mi Scooter Pro 2/Treker CS-527 (копия)</name>
				<vendor>Xiaomi</vendor>
				<stock_quantity>25</stock_quantity>
				<description>&lt;![CDATA[Контроллер к самокату Xiaomi M365 &lt;div&gt;&lt;br&gt;&lt;/div&gt;&lt;div&gt;&lt;table cellpadding="0" cellspacing="0" width="402" style="" border-collapse:collapse;width:302pt";border-width:1px;border-style:solid"=""&gt; &lt;tbody&gt;&lt;tr height="40"&gt; &lt;td height="40" width="206"&gt;Рабочее напряжение&lt;/td&gt; &lt;td width="196"&gt;36v&lt;/td&gt; &lt;/tr&gt; &lt;tr height="40"&gt; &lt;td height="40" class="xl68" width="206" style="" height:30.0pt;border-top:none;width:155pt""=""&gt;Номинальная мощность&lt;/td&gt; &lt;td&gt;350w&lt;/td&gt; &lt;/tr&gt;&lt;/tbody&gt;&lt;/table&gt; &lt;br&gt;&lt;/div&gt;]]&gt;</description>
				<description_ua>&lt;![CDATA[Контролер до самокату Xiaomi M365 &lt;div&gt;&lt;br&gt;&lt;/div&gt;&lt;div&gt;&lt;table cellpadding="0" cellspacing="0" width="438" style="" border-collapse:collapse;width:329pt";border-width:1px;border-style:solid"=""&gt; &lt;tbody&gt;&lt;tr height="40"&gt; &lt;td height="40" width="242"&gt;Робоча напруга&lt;/td&gt; &lt;td width="196"&gt;36v&lt;/td&gt; &lt;/tr&gt; &lt;tr height="40"&gt; &lt;td height="40" class="xl68" width="242" style="" height:30.0pt;border-top:none;width:182pt""=""&gt;Номінальна потужність&lt;/td&gt; &lt;td&gt;350w&lt;/td&gt; &lt;/tr&gt;&lt;/tbody&gt;&lt;/table&gt; &lt;br&gt;&lt;/div&gt;]]&gt;</description_ua>
				<param name="Категорія товару">Контролери</param>
			</offer>
			<offer available="true" id="24528">
				<url>https://welcome-mobi.com.ua/shop/product/displey-dlya-Xiaomi-Essential--original-</url>
				<price>801</price>
				<currencyId>UAH</currencyId>
				<categoryId>22611</categoryId>
				<picture>https://welcome-mobi.com.ua/uploads/shop/origin/117216_main_origin.jpg</picture>
				<delivery>true</delivery>
				<name_ua>Дисплей для Xiaomi Mi Electric Scooter M365/1S/Essential/Pro/Pro2/3 (оригінал)</name_ua>
				<name>Дисплей для Xiaomi Mi Electric Scooter M365/1S/Essential/Pro/Pro2/3 (оригинал)</name>
				<vendor>Xiaomi</vendor>
				<stock_quantity>17</stock_quantity>
				<description>&lt;![CDATA[Плата для электросамоката Xiaomi Mi Electric Scooter M365/1S/Essential/Pro/Pro2/3 (оригинал).
Верхняя плата включения самоката.
Это информационный дисплей, показывающий скорость, уровень заряда, перегрев, информацию об ошибке, свете и блютузе соединения.
Также она идет как основа подключения по блютузу с телефоном.]]&gt;</description>
				<description_ua>&lt;![CDATA[Плата для електросамоката Xiaomi Mi Electric Scooter M365/1S/Essential/Pro/Pro2/3 (оригінал).
Верхня плата включення самокату.
Це інформаційний дисплей, який показує швидкість, рівень заряду, перегрів, інформацію про помилку, світло і блютуз з’єднання.
Також вона йде як основа підключення по блютузу з вашим телефоном.]]&gt;</description_ua>
				<param name="Категорія товару">Дисплеї</param>
			</offer>
			<offer available="true" id="26156">
				<url>https://welcome-mobi.com.ua/shop/product/nabor-LENZOD-Xiaomi,Ninebot--bez-displeya-</url>
				<price>1802</price>
				<currencyId>UAH</currencyId>
				<categoryId>22611</categoryId>
				<picture>https://welcome-mobi.com.ua/uploads/shop/origin/118778_main_origin.jpg</picture>
				<picture>https://welcome-mobi.com.ua/uploads/shop/origin/118778_0.jpg</picture>
				<picture>https://welcome-mobi.com.ua/uploads/shop/origin/118778_1.jpg</picture>
				<picture>https://welcome-mobi.com.ua/uploads/shop/origin/118778_2.jpg</picture>
				<picture>https://welcome-mobi.com.ua/uploads/shop/origin/118778_3.jpg</picture>
				<delivery>true</delivery>
				<name_ua>Набір LENZOD Xiaomi/Ninebot (без дисплея)</name_ua>
				<name>Набор LENZOD Xiaomi/Ninebot (без дисплея)</name>
				<vendor>Без бренду</vendor>
				<stock_quantity>26</stock_quantity>
				<description>&lt;![CDATA[Набор LENZOD Xiaomi/Ninebot (без дисплея)]]&gt;</description>
				<description_ua>&lt;![CDATA[Набір LENZOD Xiaomi/Ninebot (без дисплея)]]&gt;</description_ua>
				<param name="Категорія товару">Набори</param>
			</offer>
			<offer available="true" id="20127">
				<url>https://welcome-mobi.com.ua/shop/product/plata-s-displeem-Ninebot-G30-Max-KCQ</url>
				<price>1205</price>
				<currencyId>UAH</currencyId>
				<categoryId>22611</categoryId>
				<picture>https://welcome-mobi.com.ua/uploads/shop/origin/112607_main_origin.jpg</picture>
				<delivery>true</delivery>
				<name_ua>Плата з дисплеєм Ninebot/Xiaomi KCQ</name_ua>
				<name>Плата с дисплеем Ninebot/Xiaomi KCQ</name>
				<vendor>Ninebot</vendor>
				<stock_quantity>17</stock_quantity>
				<description>&lt;![CDATA[Плата с дисплеем Ninebot/Xiaomi KCQ]]&gt;</description>
				<description_ua>&lt;![CDATA[Плата з дисплеєм Ninebot/Xiaomi KCQ]]&gt;</description_ua>
				<param name="Категорія товару">Дисплеї</param>
			</offer>
			<offer available="true" id="22668">
				<url>https://welcome-mobi.com.ua/shop/product/kontroller-Original-Ninebot-G30-Max</url>
				<price>2403</price>
				<currencyId>UAH</currencyId>
				<categoryId>22611</categoryId>
				<picture>https://welcome-mobi.com.ua/uploads/shop/origin/115088_main_origin.jpg</picture>
				<delivery>true</delivery>
				<name_ua>Контролер X-bot Ninebot G30 Max/Treker CS-710 Max</name_ua>
				<name>Контроллер X-bot Ninebot G30 Max/Treker CS-710 Max</name>
				<vendor>Ninebot</vendor>
				<stock_quantity>10</stock_quantity>
				<description>&lt;![CDATA[&lt;table cellpadding="0" cellspacing="0" width="402" style="" border-collapse:collapse;width:302pt";border-width:1px;border-style:solid"=""&gt; &lt;tbody&gt;&lt;tr height="40"&gt; &lt;td height="40" width="206"&gt;Рабочее напряжение&lt;/td&gt; &lt;td width="196"&gt;36v&lt;/td&gt; &lt;/tr&gt; &lt;tr height="40"&gt; &lt;td height="40" class="xl68" width="206" style="" height:30.0pt;border-top:none;width:155pt""=""&gt;Номинальная мощность&lt;/td&gt; &lt;td&gt;350w&lt;/td&gt; &lt;/tr&gt;&lt;/tbody&gt;&lt;/table&gt;]]&gt;</description>
				<description_ua>&lt;![CDATA[&lt;table cellpadding="0" cellspacing="0" width="438" style="" border-collapse:collapse;width:329pt";border-width:1px;border-style:solid"=""&gt; &lt;tbody&gt;&lt;tr height="40"&gt; &lt;td height="40" width="242"&gt;Робоча напруга&lt;/td&gt; &lt;td width="196"&gt;36v&lt;/td&gt; &lt;/tr&gt; &lt;tr height="40"&gt; &lt;td height="40" class="xl68" width="242" style="" height:30.0pt;border-top:none;width:182pt""=""&gt;Номінальна потужність&lt;/td&gt; &lt;td&gt;350w&lt;/td&gt; &lt;/tr&gt;&lt;/tbody&gt;&lt;/table&gt;]]&gt;</description_ua>
				<param name="Категорія товару">Контролери</param>
			</offer>
			<offer available="true" id="24017">
				<url>https://welcome-mobi.com.ua/shop/product/kontroller-Xiaomi-M365,Mi-Scooter-Pro,Mi-Scooter-Pro-2--original-</url>
				<price>1296</price>
				<currencyId>UAH</currencyId>
				<categoryId>22611</categoryId>
				<picture>https://welcome-mobi.com.ua/uploads/shop/origin/116447_main_origin.jpg</picture>
				<delivery>true</delivery>
				<name_ua>Контролер Xiaomi M365/Mi Scooter Pro/Mi Scooter Pro 2</name_ua>
				<name>Контроллер Xiaomi M365/Mi Scooter Pro/Mi Scooter Pro 2</name>
				<vendor>Xiaomi</vendor>
				<stock_quantity>4</stock_quantity>
				<description>&lt;![CDATA[Контроллер, плата для электросамоката Xiaomi Mi Electric Scooter Pro 2, Pro, 1S, Essential, M365, Mi 3.
После установки необходимо произвести прошивку самоката для работы контроллера.]]&gt;</description>
				<description_ua>&lt;![CDATA[Контролер, плата для електросамокату Xiaomi Mi Electric Scooter Pro 2, Pro, 1S, Essential, M365, Mi 3.
Після встановлення необхідно провести прошивку самокату для роботи контролера.]]&gt;</description_ua>
				<param name="Категорія товару">Контролери</param>
			</offer>
			<offer available="true" id="27081">
				<url>https://welcome-mobi.com.ua/shop/product/kontroller-Treker-CS-710-Max--36V,-350W,-15A-</url>
				<price>2003</price>
				<currencyId>UAH</currencyId>
				<categoryId>22611</categoryId>
				<picture>https://welcome-mobi.com.ua/uploads/shop/origin/119640_main_origin.jpg</picture>
				<picture>https://welcome-mobi.com.ua/uploads/shop/origin/119296_0.jpg</picture>
				<picture>https://welcome-mobi.com.ua/uploads/shop/origin/119640_0.jpg</picture>
				<delivery>true</delivery>
				<name_ua>Контролер Treker CS-710 Max (36V, 350W, 15A)</name_ua>
				<name>Контроллер Treker CS-710 Max (36V, 350W, 15A)</name>
				<vendor>Без бренду</vendor>
				<stock_quantity>10</stock_quantity>
				<description>&lt;![CDATA[Контроллер Treker CS-710 Max (36V, 350W, 15A)]]&gt;</description>
				<description_ua>&lt;![CDATA[Контролер Treker CS-710 Max (36V, 350W, 15A)]]&gt;</description_ua>
				<param name="Категорія товару">Контролери</param>
			</offer>
			<offer available="true" id="26730">
				<url>https://welcome-mobi.com.ua/shop/product/nabor-kontroller-+-displey-Kugoo-S2,S3,S3-Pro</url>
				<price>2239</price>
				<currencyId>UAH</currencyId>
				<categoryId>22611</categoryId>
				<picture>https://welcome-mobi.com.ua/uploads/shop/origin/119297_main_origin.jpg</picture>
				<picture>https://welcome-mobi.com.ua/uploads/shop/origin/119297_0.jpg</picture>
				<picture>https://welcome-mobi.com.ua/uploads/shop/origin/119297_1.jpg</picture>
				<picture>https://welcome-mobi.com.ua/uploads/shop/origin/119297_2.jpg</picture>
				<delivery>true</delivery>
				<name_ua>Набір контролер + дисплей Kugoo S2/S3/S3 Pro</name_ua>
				<name>Набор контроллер + дисплей Kugoo S2/S3/S3 Pro</name>
				<vendor>Без бренду</vendor>
				<stock_quantity>10</stock_quantity>
				<description>&lt;![CDATA[Набор контроллер + дисплей Kugoo S2/S3/S3 Pro]]&gt;</description>
				<description_ua>&lt;![CDATA[Набір контролер + дисплей Kugoo S2/S3/S3 Pro]]&gt;</description_ua>
				<param name="Категорія товару">Контролери</param>
			</offer>
			<offer available="true" id="26729">
				<url>https://welcome-mobi.com.ua/shop/product/kontroller-Crosser-E9</url>
				<price>2243</price>
				<currencyId>UAH</currencyId>
				<categoryId>22611</categoryId>
				<picture>https://welcome-mobi.com.ua/uploads/shop/origin/119294_main_origin.jpg</picture>
				<picture>https://welcome-mobi.com.ua/uploads/shop/origin/119294_0.jpg</picture>
				<delivery>true</delivery>
				<name_ua>Контролер Crosser E9 Max/Like.Bike One</name_ua>
				<name>Контроллер Crosser E9 Max/Like.Bike One</name>
				<vendor>Без бренду</vendor>
				<stock_quantity>10</stock_quantity>
				<description>&lt;![CDATA[Контроллер Crosser E9 Max/Like.Bike One]]&gt;</description>
				<description_ua>&lt;![CDATA[Контролер Crosser E9 Max/Like.Bike One]]&gt;</description_ua>
				<param name="Категорія товару">Контролери</param>
			</offer>
			<offer available="true" id="24466">
				<url>https://welcome-mobi.com.ua/shop/product/shina-kontrollera-1.2m-Xiaomi-Mi-Scooter-1S,Mi-Scooter-Essential-Lite--original-</url>
				<price>360</price>
				<currencyId>UAH</currencyId>
				<categoryId>22611</categoryId>
				<picture>https://welcome-mobi.com.ua/uploads/shop/origin/117154_main_origin.jpg</picture>
				<picture>https://welcome-mobi.com.ua/uploads/shop/origin/117154_0.jpg</picture>
				<delivery>true</delivery>
				<name_ua>Шина контроллера Xiaomi Mi Scooter 1S/Mi Scooter Essential Lite 1.2м (оригінал)</name_ua>
				<name>Шина контроллера Xiaomi Mi Scooter 1S/Mi Scooter Essential Lite 1.2м (оригинал)</name>
				<vendor>Xiaomi</vendor>
				<stock_quantity>3</stock_quantity>
				<description>&lt;![CDATA[Провод, соединяющий верхнюю плату (BLE) с основным контроллером для электросамоката Xiaomi Mi Electric Scooter M365/1S/Essential/Pro/Pro2/3.]]&gt;</description>
				<description_ua>&lt;![CDATA[Провід, що з’єднує верхню плату (BLE) з основним контролером для електросамоката Xiaomi Mi Electric Scooter M365/1S/Essential/Pro/Pro2/3.]]&gt;</description_ua>
				<param name="Категорія товару">Контролери</param>
			</offer>
			<offer available="true" id="22394">
				<url>https://welcome-mobi.com.ua/shop/product/shina-kontrollera-1.2m-MI-Electric-Scooter1S,Lite</url>
				<price>280</price>
				<currencyId>UAH</currencyId>
				<categoryId>22611</categoryId>
				<picture>https://welcome-mobi.com.ua/uploads/shop/origin/114875_main_origin.jpg</picture>
				<picture>https://welcome-mobi.com.ua/uploads/shop/origin/114875_0.jpg</picture>
				<delivery>true</delivery>
				<name_ua>Шина контроллера Xiaomi Mi Scooter 1S/Mi Scooter Essential Lite 1.2м</name_ua>
				<name>Шина контроллера Xiaomi Mi Scooter 1S/Mi Scooter Essential Lite 1.2м</name>
				<vendor>Xiaomi</vendor>
				<stock_quantity>42</stock_quantity>
				<description>&lt;![CDATA[Провод, соединяющий верхнюю плату (BLE) с основным контроллером для электросамоката Xiaomi Mi Electric Scooter M365/1S/Essential/Pro/Pro2/3.]]&gt;</description>
				<description_ua>&lt;![CDATA[Провід, що з’єднує верхню плату (BLE) з основним контролером для електросамоката Xiaomi Mi Electric Scooter M365/1S/Essential/Pro/Pro2/3.]]&gt;</description_ua>
				<param name="Категорія товару">Контролери</param>
			</offer>
			<offer available="true" id="20105">
				<url>https://welcome-mobi.com.ua/shop/product/plata-s-displeem-2.0-Xiaomi-m365,Pro,Pro-2-KCQ</url>
				<price>481</price>
				<currencyId>UAH</currencyId>
				<categoryId>22611</categoryId>
				<picture>https://welcome-mobi.com.ua/uploads/shop/origin/112610_main_origin.jpg</picture>
				<picture>https://welcome-mobi.com.ua/uploads/shop/origin/112610_0.jpg</picture>
				<picture>https://welcome-mobi.com.ua/uploads/shop/origin/112610_1.jpg</picture>
				<picture>https://welcome-mobi.com.ua/uploads/shop/origin/112610_2.jpg</picture>
				<delivery>true</delivery>
				<name_ua>Плата з дисплеєм 2.0 Xiaomi/Ninebot KCQ</name_ua>
				<name>Плата с дисплеем 2.0 Xiaomi/Ninebot KCQ</name>
				<vendor>Xiaomi</vendor>
				<stock_quantity>70</stock_quantity>
				<description>&lt;![CDATA[Плата с дисплеем 2.0 Xiaomi/Ninebot KCQ]]&gt;</description>
				<description_ua>&lt;![CDATA[Плата з дисплеєм 2.0 Xiaomi/Ninebot KCQ]]&gt;</description_ua>
				<param name="Категорія товару">Дисплеї</param>
			</offer>
			<offer available="true" id="22793">
				<url>https://welcome-mobi.com.ua/shop/product/universalnyy-kontroller-dlya-samakata-36,48v</url>
				<price>1843</price>
				<currencyId>UAH</currencyId>
				<categoryId>22611</categoryId>
				<picture>https://welcome-mobi.com.ua/uploads/shop/origin/115244_main_origin.jpg</picture>
				<picture>https://welcome-mobi.com.ua/uploads/shop/origin/115244_1.jpg</picture>
				<delivery>true</delivery>
				<name_ua>Набір контролер + дисплей універсальний 48В</name_ua>
				<name>Набор контроллер + дисплей универсальный 48В</name>
				<vendor>Без бренду</vendor>
				<stock_quantity>13</stock_quantity>
				<description>&lt;![CDATA[Контроллер 48v/350w с ручкой газа куркового типа + LCD дисплей. Подходит для самокатов разных типов электровелосипедов с мощностью мотора 250/350 Вт.
Контроллер синусный, рабочий ток - 13А, цветной дисплей, порт USB.]]&gt;</description>
				<description_ua>&lt;![CDATA[Контролер 48v/350w з ручкою газу куркового типу + LCD дисплей. Підходить для самокатів різних типів електровелосипедів з потужністю двигуна 250/350 Вт.
Контролер синусний, робочий струм – 13А, кольоровий дисплей, порт USB.]]&gt;</description_ua>
				<param name="Категорія товару">Контролери</param>
			</offer>
			<offer available="true" id="22797">
				<url>https://welcome-mobi.com.ua/shop/product/nabor-LENZOD-XiaomiNinebot</url>
				<price>2203</price>
				<currencyId>UAH</currencyId>
				<categoryId>22611</categoryId>
				<picture>https://welcome-mobi.com.ua/uploads/shop/origin/115247_main_origin.jpg</picture>
				<delivery>true</delivery>
				<name_ua>Набір LENZOD Xiaomi/Ninebot</name_ua>
				<name>Набор LENZOD Xiaomi/Ninebot</name>
				<vendor>Без бренду</vendor>
				<stock_quantity>51</stock_quantity>
				<description>&lt;![CDATA[&lt;table cellpadding="0" cellspacing="0" width="311" style="" border-collapse:collapse;width:234pt";border-width:1px;border-style:solid"=""&gt; &lt;tbody&gt;&lt;tr height="40"&gt; &lt;td height="40" width="206"&gt;Рабочее напряжение&lt;/td&gt; &lt;td width="105"&gt;36-48v&lt;/td&gt; &lt;/tr&gt; &lt;tr height="40"&gt; &lt;td height="40" class="xl68" width="206" style="" height:30.0pt;border-top:none;width:155pt""=""&gt;Номинальная мощность&lt;/td&gt; &lt;td&gt;350w&lt;/td&gt; &lt;/tr&gt;&lt;/tbody&gt;&lt;/table&gt;]]&gt;</description>
				<description_ua>&lt;![CDATA[&lt;table cellpadding="0" cellspacing="0" width="344" style="" border-collapse:collapse;width:259pt";border-width:1px;border-style:solid"=""&gt; &lt;tbody&gt;&lt;tr height="40"&gt; &lt;td height="40" width="242"&gt;Робоча напруга&lt;/td&gt; &lt;td width="102"&gt;36-48v&lt;/td&gt; &lt;/tr&gt; &lt;tr height="40"&gt; &lt;td height="40" class="xl68" width="242" style="" height:30.0pt;border-top:none;width:182pt""=""&gt;Номінальна потужність&lt;/td&gt; &lt;td&gt;350w&lt;/td&gt; &lt;/tr&gt;&lt;/tbody&gt;&lt;/table&gt;]]&gt;</description_ua>
				<param name="Категорія товару">Дисплеї</param>
			</offer>
			<offer available="true" id="26728">
				<url>https://welcome-mobi.com.ua/shop/product/kontroller-Ninebot-G30-Max,Treker-CS-710-Max--original-</url>
				<price>2724</price>
				<currencyId>UAH</currencyId>
				<categoryId>22611</categoryId>
				<picture>https://welcome-mobi.com.ua/uploads/shop/origin/119296_main_origin.jpg</picture>
				<picture>https://welcome-mobi.com.ua/uploads/shop/origin/119296_0.jpg</picture>
				<delivery>true</delivery>
				<name_ua>Контролер Ninebot G30 Max/Treker CS-710 Max</name_ua>
				<name>Контроллер Ninebot G30 Max/Treker CS-710 Max</name>
				<vendor>Ninebot</vendor>
				<stock_quantity>8</stock_quantity>
				<description>&lt;![CDATA[Оригинальный контроллер к электросамокату Ninebot by Segway Max G30, G30P, G30II, G30LE.]]&gt;</description>
				<description_ua>&lt;![CDATA[Оригінальний контролер до електросамокату Ninebot by Segway Max G30, G30P, G30II, G30LE.]]&gt;</description_ua>
				<param name="Категорія товару">Контролери</param>
			</offer>
			<offer available="true" id="20119">
				<url>https://welcome-mobi.com.ua/shop/product/shina-kontrollera-2.0-Xiaomi-m365,Pro,Pro-2-KCQ</url>
				<price>280</price>
				<currencyId>UAH</currencyId>
				<categoryId>22611</categoryId>
				<picture>https://welcome-mobi.com.ua/uploads/shop/origin/112582_main_origin.jpg</picture>
				<picture>https://welcome-mobi.com.ua/uploads/shop/origin/112582_0.jpg</picture>
				<delivery>true</delivery>
				<name_ua>Шина контролера Xiaomi M365/Mi Scooter Pro/Mi Scooter Pro 2 1.3м KCQ</name_ua>
				<name>Шина контроллера Xiaomi M365/Mi Scooter Pro/Mi Scooter Pro 2  1.3м KCQ</name>
				<vendor>Xiaomi</vendor>
				<stock_quantity>13</stock_quantity>
				<description>&lt;![CDATA[Провод, соединяющий верхнюю плату (BLE) с основным контроллером для электросамоката Xiaomi Mi Electric Scooter M365/1S/Essential/Pro/Pro2/3.]]&gt;</description>
				<description_ua>&lt;![CDATA[Провід, що з’єднує верхню плату (BLE) з основним контролером для електросамоката Xiaomi Mi Electric Scooter M365/1S/Essential/Pro/Pro2/3.]]&gt;</description_ua>
				<param name="Категорія товару">Контролери</param>
			</offer>
			<offer available="true" id="24465">
				<url>https://welcome-mobi.com.ua/shop/product/shina-kontrollera-2.0-Xiaomi-M365,Mi-Scooter-Pro,Mi-Scooter-Pro-2-KCQ--original-</url>
				<price>376</price>
				<currencyId>UAH</currencyId>
				<categoryId>22611</categoryId>
				<picture>https://welcome-mobi.com.ua/uploads/shop/origin/117153_main_origin.jpg</picture>
				<picture>https://welcome-mobi.com.ua/uploads/shop/origin/117153_0.jpg</picture>
				<delivery>true</delivery>
				<name_ua>Шина контролера Xiaomi M365/Mi Scooter Pro/Mi Scooter Pro 2 1.3м (оригінал)</name_ua>
				<name>Шина контроллера Xiaomi M365/Mi Scooter Pro/Mi Scooter Pro 2 1.3м (оригинал)</name>
				<vendor>Xiaomi</vendor>
				<stock_quantity>3</stock_quantity>
				<description>&lt;![CDATA[Провод, соединяющий верхнюю плату (BLE) с основным контроллером для электросамоката Xiaomi Mi Electric Scooter M365/1S/Essential/Pro/Pro2/3.]]&gt;</description>
				<description_ua>&lt;![CDATA[Провід, що з’єднує верхню плату (BLE) з основним контролером для електросамоката Xiaomi Mi Electric Scooter M365/1S/Essential/Pro/Pro2/3.]]&gt;</description_ua>
				<param name="Категорія товару">Контролери</param>
			</offer>
			<offer available="true" id="20140">
				<url>https://welcome-mobi.com.ua/shop/product/shina-kontrollera-2.0-Ninebot-G30-Max-KCQ</url>
				<price>497</price>
				<currencyId>UAH</currencyId>
				<categoryId>22611</categoryId>
				<picture>https://welcome-mobi.com.ua/uploads/shop/origin/112599_main_origin.jpg</picture>
				<picture>https://welcome-mobi.com.ua/uploads/shop/origin/112599_0.jpg</picture>
				<delivery>true</delivery>
				<name_ua>Шина контролера Ninebot G30 Max KCQ 2м</name_ua>
				<name>Шина контроллера Ninebot G30 Max KCQ 2м</name>
				<vendor>Ninebot</vendor>
				<stock_quantity>5</stock_quantity>
				<description>&lt;![CDATA[Шина контроллера Ninebot G30 Max KCQ 2м]]&gt;</description>
				<description_ua>&lt;![CDATA[Шина контролера Ninebot G30 Max KCQ 2м]]&gt;</description_ua>
				<param name="Категорія товару">Контролери</param>
			</offer>
			<offer available="true" id="25906">
				<url>https://welcome-mobi.com.ua/shop/product/kontroller-BLDC-fardriver-nd72540-Hall-Sensor--Updated-model-nd72530-</url>
				<price>11349</price>
				<currencyId>UAH</currencyId>
				<categoryId>22616</categoryId>
				<picture>https://welcome-mobi.com.ua/uploads/shop/origin/118529_main_origin.jpg</picture>
				<picture>https://welcome-mobi.com.ua/uploads/shop/origin/118529_0.jpg</picture>
				<picture>https://welcome-mobi.com.ua/uploads/shop/origin/118529_1.jpg</picture>
				<delivery>true</delivery>
				<name_ua>Контролер BLDC fardriver nd72540 Hall Sensor (Updated model nd72530)</name_ua>
				<name>Контроллер BLDC fardriver nd72540 Hall Sensor (Updated model nd72530)</name>
				<vendor>Без бренду</vendor>
				<stock_quantity>16</stock_quantity>
				<description>&lt;![CDATA[Контроллер BLDC для электроскутера Fardriver.
В комплект поставки контроллера входят:
контроллер;
проводка;
программное обеспечение.]]&gt;</description>
				<description_ua>&lt;![CDATA[Контролер BLDC для електроскутера Fardriver.
У комплект поставки контролера входять:
контролер;
проводка;
програмне забезпечення.]]&gt;</description_ua>
				<param name="Країна-виробник товару">Китай</param>
				<param name="Категорія товару">Контролери для електродвигунів</param>
			</offer>
			<offer available="true" id="22663">
				<url>https://welcome-mobi.com.ua/shop/product/kontroller-Kunteng-KT-48v-9-MOSFETS-square-wave-25A-fully-waterproof-connector</url>
				<price>2063</price>
				<currencyId>UAH</currencyId>
				<categoryId>22616</categoryId>
				<picture>https://welcome-mobi.com.ua/uploads/shop/origin/115093_main_origin.jpg</picture>
				<picture>https://welcome-mobi.com.ua/uploads/shop/origin/115093_0.jpg</picture>
				<picture>https://welcome-mobi.com.ua/uploads/shop/origin/115093_1.jpg</picture>
				<delivery>true</delivery>
				<name_ua>Контролер Kunteng KT 48v 9 MOSFETS square wave 25A fully waterproof connector (без подовжувача на кермо)</name_ua>
				<name>Контроллер Kunteng KT 48v 9 MOSFETS square wave 25A fully waterproof connector (без удлинителя на руль)</name>
				<vendor>Kunteng</vendor>
				<stock_quantity>2</stock_quantity>
				<description>&lt;![CDATA[&lt;table cellpadding="0" cellspacing="0" width="402" style="" border-collapse:collapse;width:302pt";border-width:1px;border-style:solid"=""&gt; &lt;tbody&gt;&lt;tr height="40"&gt; &lt;td height="40" width="206"&gt;Рабочее напряжение&lt;/td&gt; &lt;td width="196"&gt;48-52v&lt;/td&gt; &lt;/tr&gt; &lt;tr height="40"&gt; &lt;td height="40" class="xl69" width="206" style="" height:30.0pt;border-top:none;width:155pt""=""&gt;Номинальный ток&lt;/td&gt; &lt;td&gt;12A&lt;/td&gt; &lt;/tr&gt; &lt;tr height="40"&gt; &lt;td height="40" class="xl69" width="206" style="" height:30.0pt;border-top:none;width:155pt""=""&gt;Максимальный ток&lt;/td&gt; &lt;td&gt;25A&lt;/td&gt; &lt;/tr&gt; &lt;tr height="40"&gt; &lt;td height="40" class="xl69" width="206" style="" height:30.0pt;border-top:none;width:155pt""=""&gt;Количество мосфет&lt;/td&gt; &lt;td&gt;9 MOSFET&lt;/td&gt; &lt;/tr&gt; &lt;tr height="40"&gt; &lt;td height="40" class="xl68" width="206" style="" height:30.0pt;border-top:none;width:155pt""=""&gt;Защита по низкому напряжению&lt;/td&gt; &lt;td&gt;40v&lt;/td&gt; &lt;/tr&gt; &lt;tr height="40"&gt; &lt;td height="40" class="xl68" width="206" style="" height:30.0pt;border-top:none;width:155pt""=""&gt;Размеры, Вес&lt;/td&gt; &lt;td&gt;125*66*42mm; 450g&lt;/td&gt; &lt;/tr&gt;&lt;/tbody&gt;&lt;/table&gt;]]&gt;</description>
				<description_ua>&lt;![CDATA[&lt;table cellpadding="0" cellspacing="0" width="438" style="" border-collapse:collapse;width:329pt";border-width:1px;border-style:solid"=""&gt; &lt;tbody&gt;&lt;tr height="40"&gt; &lt;td height="40" width="242"&gt;Робоча напруга&lt;/td&gt; &lt;td width="196"&gt;48-52v&lt;/td&gt; &lt;/tr&gt; &lt;tr height="40"&gt; &lt;td height="40" class="xl69" width="242" style="" height:30.0pt;border-top:none;width:182pt""=""&gt;Номінальний струм&lt;/td&gt; &lt;td&gt;12A&lt;/td&gt; &lt;/tr&gt; &lt;tr height="40"&gt; &lt;td height="40" class="xl69" width="242" style="" height:30.0pt;border-top:none;width:182pt""=""&gt;Максимальний струм&lt;/td&gt; &lt;td&gt;25A&lt;/td&gt; &lt;/tr&gt; &lt;tr height="40"&gt; &lt;td height="40" class="xl69" width="242" style="" height:30.0pt;border-top:none;width:182pt""=""&gt;Кількість мосфетів&lt;/td&gt; &lt;td&gt;9 MOSFET&lt;/td&gt; &lt;/tr&gt; &lt;tr height="40"&gt; &lt;td height="40" class="xl68" width="242" style="" height:30.0pt;border-top:none;width:182pt""=""&gt;Захист по низькій напрузі&lt;/td&gt; &lt;td&gt;40v&lt;/td&gt; &lt;/tr&gt; &lt;tr height="40"&gt; &lt;td height="40" class="xl68" width="242" style="" height:30.0pt;border-top:none;width:182pt""=""&gt;Розміри; Вага&lt;/td&gt; &lt;td&gt;125*66*42mm; 450g&lt;/td&gt; &lt;/tr&gt;&lt;/tbody&gt;&lt;/table&gt;]]&gt;</description_ua>
				<param name="Країна-виробник товару">Китай</param>
				<param name="Категорія товару">Контролери для електродвигунів</param>
			</offer>
			<offer available="true" id="25908">
				<url>https://welcome-mobi.com.ua/shop/product/kontroller-BLDC-fardriver-nd96530-Hall-Sensor</url>
				<price>16912</price>
				<currencyId>UAH</currencyId>
				<categoryId>22616</categoryId>
				<picture>https://welcome-mobi.com.ua/uploads/shop/origin/118532_main_origin.jpg</picture>
				<picture>https://welcome-mobi.com.ua/uploads/shop/origin/118532_0.jpg</picture>
				<picture>https://welcome-mobi.com.ua/uploads/shop/origin/118532_1.jpg</picture>
				<picture>https://welcome-mobi.com.ua/uploads/shop/origin/118532_2.jpg</picture>
				<delivery>true</delivery>
				<name_ua>Контролер BLDC fardriver nd96530 Hall Sensor</name_ua>
				<name>Контроллер BLDC fardriver nd96530 Hall Sensor</name>
				<vendor>Без бренду</vendor>
				<stock_quantity>10</stock_quantity>
				<description>&lt;![CDATA[Контроллер BLDC для электроскутера Fardriver.
В комплект поставки контроллера входят:
контроллер;
полная проводка;
программное обеспечение.]]&gt;</description>
				<description_ua>&lt;![CDATA[Контролер BLDC для електроскутера Fardriver.
У комплект поставки контролера входять:
контролер;
повна проводка;
програмне забезпечення.]]&gt;</description_ua>
				<param name="Країна-виробник товару">Китай</param>
				<param name="Категорія товару">Контролери для електродвигунів</param>
			</offer>
			<offer available="true" id="22660">
				<url>https://welcome-mobi.com.ua/shop/product/kontroller-Kunteng-KT-36v-6-MOSFETS-sin-wave-17A</url>
				<price>1602</price>
				<currencyId>UAH</currencyId>
				<categoryId>22616</categoryId>
				<picture>https://welcome-mobi.com.ua/uploads/shop/origin/115089_main_origin.jpg</picture>
				<picture>https://welcome-mobi.com.ua/uploads/shop/origin/115089_0.jpg</picture>
				<delivery>true</delivery>
				<name_ua>Контролер Kunteng KT 36v 6 MOSFETS sin wave 17A</name_ua>
				<name>Контроллер Kunteng KT 36v 6 MOSFETS sin wave 17A</name>
				<vendor>Kunteng</vendor>
				<stock_quantity>12</stock_quantity>
				<description>&lt;![CDATA[&lt;table cellpadding="0" cellspacing="0" width="402" style="" border-collapse:collapse;width:302pt";border-width:1px;border-style:solid"=""&gt; &lt;tbody&gt;&lt;tr height="40"&gt; &lt;td height="40" width="206"&gt;Рабочее напряжение&lt;/td&gt; &lt;td width="196"&gt;36v&lt;/td&gt; &lt;/tr&gt; &lt;tr height="40"&gt; &lt;td height="40" class="xl69" width="206" style="" height:30.0pt;border-top:none;width:155pt""=""&gt;Номинальный ток&lt;/td&gt; &lt;td&gt;9A&lt;/td&gt; &lt;/tr&gt; &lt;tr height="40"&gt; &lt;td height="40" class="xl69" width="206" style="" height:30.0pt;border-top:none;width:155pt""=""&gt;Максимальный ток&lt;/td&gt; &lt;td&gt;17A&lt;/td&gt; &lt;/tr&gt; &lt;tr height="40"&gt; &lt;td height="40" class="xl69" width="206" style="" height:30.0pt;border-top:none;width:155pt""=""&gt;Количество мосфет&lt;/td&gt; &lt;td&gt;6 MOSFET&lt;/td&gt; &lt;/tr&gt; &lt;tr height="40"&gt; &lt;td height="40" class="xl68" width="206" style="" height:30.0pt;border-top:none;width:155pt""=""&gt;Защита по низкому напряжению&lt;/td&gt; &lt;td&gt;30v&lt;/td&gt; &lt;/tr&gt; &lt;tr height="40"&gt; &lt;td height="40" class="xl68" width="206" style="" height:30.0pt;border-top:none;width:155pt""=""&gt;Размеры; Вес&lt;/td&gt; &lt;td&gt;94 * 62 * 35 mm ; 350g&lt;/td&gt; &lt;/tr&gt;&lt;/tbody&gt;&lt;/table&gt;]]&gt;</description>
				<description_ua>&lt;![CDATA[&lt;table cellpadding="0" cellspacing="0" width="438" style="" border-collapse:collapse;width:329pt";border-width:1px;border-style:solid"=""&gt; &lt;tbody&gt;&lt;tr height="40"&gt; &lt;td height="40" width="242"&gt;Робоча напруга&lt;/td&gt; &lt;td width="196"&gt;36v&lt;/td&gt; &lt;/tr&gt; &lt;tr height="40"&gt; &lt;td height="40" class="xl69" width="242" style="" height:30.0pt;border-top:none;width:182pt""=""&gt;Номінальний струм&lt;/td&gt; &lt;td&gt;9A&lt;/td&gt; &lt;/tr&gt; &lt;tr height="40"&gt; &lt;td height="40" class="xl69" width="242" style="" height:30.0pt;border-top:none;width:182pt""=""&gt;Максимальний струм&lt;/td&gt; &lt;td&gt;17A&lt;/td&gt; &lt;/tr&gt; &lt;tr height="40"&gt; &lt;td height="40" class="xl69" width="242" style="" height:30.0pt;border-top:none;width:182pt""=""&gt;Кількість мосфетів&lt;/td&gt; &lt;td&gt;6 MOSFET&lt;/td&gt; &lt;/tr&gt; &lt;tr height="40"&gt; &lt;td height="40" class="xl68" width="242" style="" height:30.0pt;border-top:none;width:182pt""=""&gt;Захист по низькій напрузі&lt;/td&gt; &lt;td&gt;30v&lt;/td&gt; &lt;/tr&gt; &lt;tr height="40"&gt; &lt;td height="40" class="xl68" width="242" style="" height:30.0pt;border-top:none;width:182pt""=""&gt;Розміри; Вага&lt;/td&gt; &lt;td&gt;94 * 62 * 35 mm ; 350g&lt;/td&gt; &lt;/tr&gt;&lt;/tbody&gt;&lt;/table&gt;]]&gt;</description_ua>
				<param name="Країна-виробник товару">Китай</param>
				<param name="Категорія товару">Контролери для електродвигунів</param>
			</offer>
			<offer available="true" id="22665">
				<url>https://welcome-mobi.com.ua/shop/product/displey-Kunteng-KT-LCD-3-waterproof-connector</url>
				<price>2604</price>
				<currencyId>UAH</currencyId>
				<categoryId>22616</categoryId>
				<picture>https://welcome-mobi.com.ua/uploads/shop/origin/115095_main_origin.jpg</picture>
				<picture>https://welcome-mobi.com.ua/uploads/shop/origin/115095_0.jpg</picture>
				<picture>https://welcome-mobi.com.ua/uploads/shop/origin/115095_1.jpg</picture>
				<picture>https://welcome-mobi.com.ua/uploads/shop/origin/115095_2.jpg</picture>
				<delivery>true</delivery>
				<name_ua>Дисплей Kunteng KT LCD 3 waterproof connector</name_ua>
				<name>Дисплей Kunteng KT LCD 3 waterproof connector</name>
				<vendor>Kunteng</vendor>
				<stock_quantity>7</stock_quantity>
				<description>&lt;![CDATA[Дисплей LCD3 совместим с контроллерами компании Kunteng. Устанавливается по центру руля, с вынесенными кнопками управления для удобства переключения режимов. Имеет увеличенный размер дисплея, а также увеличенные цифры. ]]&gt;</description>
				<description_ua>&lt;![CDATA[Дисплей LCD3 совместим с контроллерами компании Kunteng. Устанавливается по центру руля, с вынесенными кнопками управления для удобства переключения режимов. Имеет увеличенный размер дисплея, а также увеличенные цифры. ]]&gt;</description_ua>
				<param name="Країна-виробник товару">Китай</param>
				<param name="Категорія товару">Контролери для електродвигунів</param>
			</offer>
			<offer available="true" id="22666">
				<url>https://welcome-mobi.com.ua/shop/product/displey-Kunteng-KT-LCD-5</url>
				<price>1442</price>
				<currencyId>UAH</currencyId>
				<categoryId>22616</categoryId>
				<picture>https://welcome-mobi.com.ua/uploads/shop/origin/115090_main_origin.jpg</picture>
				<picture>https://welcome-mobi.com.ua/uploads/shop/origin/115090_0.jpg</picture>
				<picture>https://welcome-mobi.com.ua/uploads/shop/origin/115090_1.jpg</picture>
				<delivery>true</delivery>
				<name_ua>Дисплей Kunteng KT LCD 5</name_ua>
				<name>Дисплей Kunteng KT LCD 5</name>
				<vendor>Kunteng</vendor>
				<stock_quantity>17</stock_quantity>
				<description>&lt;![CDATA[Дисплей LCD5 совместим с контроллерами компании Kunteng. Устанавливается на руль.]]&gt;</description>
				<description_ua>&lt;![CDATA[Дисплей LCD5 сумісний із контролерами компанії Kunteng. Встановлюється на кермо.]]&gt;</description_ua>
				<param name="Країна-виробник товару">Китай</param>
				<param name="Категорія товару">Контролери для електродвигунів</param>
			</offer>
			<offer available="true" id="22664">
				<url>https://welcome-mobi.com.ua/shop/product/displey-Kunteng-KT-LCD-3</url>
				<price>2483</price>
				<currencyId>UAH</currencyId>
				<categoryId>22616</categoryId>
				<picture>https://welcome-mobi.com.ua/uploads/shop/origin/115106_main_origin.jpg</picture>
				<picture>https://welcome-mobi.com.ua/uploads/shop/origin/115106_0.jpg</picture>
				<picture>https://welcome-mobi.com.ua/uploads/shop/origin/115106_1.jpg</picture>
				<delivery>true</delivery>
				<name_ua>Дисплей Kunteng KT LCD 3</name_ua>
				<name>Дисплей Kunteng KT LCD 3</name>
				<vendor>Kunteng</vendor>
				<stock_quantity>29</stock_quantity>
				<description>&lt;![CDATA[Дисплей LCD3 совместим с контроллерами компании Kunteng. Устанавливается по центру руля, с вынесенными кнопками управления для удобства переключения режимов. Имеет увеличенный размер дисплея, а также увеличенные цифры. ]]&gt;</description>
				<description_ua>&lt;![CDATA[Дисплей LCD3 сумісний із контролерами компанії Kunteng. Встановлюється по центру керма з винесеними кнопками управління для зручності перемикання режимів. Має збільшений розмір дисплея та збільшені цифри.]]&gt;</description_ua>
				<param name="Країна-виробник товару">Китай</param>
				<param name="Категорія товару">Контролери для електродвигунів</param>
			</offer>
			<offer available="true" id="26755">
				<url>https://welcome-mobi.com.ua/shop/product/modul-Bluetooth-dlya-nastroyki-kontrollerov-FarDriver</url>
				<price>1081</price>
				<currencyId>UAH</currencyId>
				<categoryId>22616</categoryId>
				<picture>https://welcome-mobi.com.ua/uploads/shop/origin/119344_main_origin.jpg</picture>
				<delivery>true</delivery>
				<name_ua>Модуль Bluetooth для налаштування контролерів FarDriver</name_ua>
				<name>Модуль Bluetooth для настройки контроллеров FarDriver</name>
				<vendor>Без бренду</vendor>
				<stock_quantity>39</stock_quantity>
				<description>&lt;![CDATA[Модуль Bluetooth для настройки контроллеров FarDriver]]&gt;</description>
				<description_ua>&lt;![CDATA[Модуль Bluetooth для налаштування контролерів FarDriver]]&gt;</description_ua>
				<param name="Країна-виробник товару">Китай</param>
				<param name="Категорія товару">Контролери для електродвигунів</param>
			</offer>
			<offer available="true" id="25909">
				<url>https://welcome-mobi.com.ua/shop/product/kontroller-BLDC-fardriver-nd72800-Hall-Sensor--Updated-model-nd72850-</url>
				<price>21585</price>
				<currencyId>UAH</currencyId>
				<categoryId>22616</categoryId>
				<picture>https://welcome-mobi.com.ua/uploads/shop/origin/118530_main_origin.jpg</picture>
				<picture>https://welcome-mobi.com.ua/uploads/shop/origin/118530_0.jpg</picture>
				<picture>https://welcome-mobi.com.ua/uploads/shop/origin/118530_1.jpg</picture>
				<picture>https://welcome-mobi.com.ua/uploads/shop/origin/118530_2.jpg</picture>
				<delivery>true</delivery>
				<name_ua>Контролер BLDC fardriver nd72800 Hall Sensor (Updated model nd72850)</name_ua>
				<name>Контроллер BLDC fardriver nd72800 Hall Sensor (Updated model nd72850)</name>
				<vendor>Без бренду</vendor>
				<stock_quantity>4</stock_quantity>
				<description>&lt;![CDATA[Контроллер BLDC для электроскутера Fardriver.
В комплект поставки контроллера входят:
контроллер;
полная проводка;
программное обеспечение.]]&gt;</description>
				<description_ua>&lt;![CDATA[Контролер BLDC для електроскутера Fardriver.
У комплект поставки контролера входять:
контролер;
повна проводка;
програмне забезпечення.]]&gt;</description_ua>
				<param name="Країна-виробник товару">Китай</param>
				<param name="Категорія товару">Контролери для електродвигунів</param>
			</offer>
			<offer available="true" id="22661">
				<url>https://welcome-mobi.com.ua/shop/product/kontroller-Kunteng-KT-36v-6-MOSFETS-sin-wave-17A-fully-waterproof-connector</url>
				<price>1857</price>
				<currencyId>UAH</currencyId>
				<categoryId>22616</categoryId>
				<picture>https://welcome-mobi.com.ua/uploads/shop/origin/115096_main_origin.jpg</picture>
				<picture>https://welcome-mobi.com.ua/uploads/shop/origin/115096_0.jpg</picture>
				<picture>https://welcome-mobi.com.ua/uploads/shop/origin/115096_1.jpg</picture>
				<delivery>true</delivery>
				<name_ua>Контролер Kunteng KT 36v 6 MOSFETS sin wave 17A fully waterproof connector (без подовжувача на кермо)</name_ua>
				<name>Контроллер Kunteng KT 36v 6 MOSFETS sin wave 17A fully waterproof connector (без удлинителя на руль)</name>
				<vendor>Kunteng</vendor>
				<stock_quantity>9</stock_quantity>
				<description>&lt;![CDATA[&lt;table cellpadding="0" cellspacing="0" width="402" style="" border-collapse:collapse;width:302pt";border-width:1px;border-style:solid"=""&gt; &lt;tbody&gt;&lt;tr height="40"&gt; &lt;td height="40" width="206"&gt;Рабочее напряжение&lt;/td&gt; &lt;td width="196"&gt;36v&lt;/td&gt; &lt;/tr&gt; &lt;tr height="40"&gt; &lt;td height="40" class="xl69" width="206" style="" height:30.0pt;border-top:none;width:155pt""=""&gt;Номинальный ток&lt;/td&gt; &lt;td&gt;9A&lt;/td&gt; &lt;/tr&gt; &lt;tr height="40"&gt; &lt;td height="40" class="xl69" width="206" style="" height:30.0pt;border-top:none;width:155pt""=""&gt;Максимальный ток&lt;/td&gt; &lt;td&gt;17A&lt;/td&gt; &lt;/tr&gt; &lt;tr height="40"&gt; &lt;td height="40" class="xl69" width="206" style="" height:30.0pt;border-top:none;width:155pt""=""&gt;Количество мосфет&lt;/td&gt; &lt;td&gt;6 MOSFET&lt;/td&gt; &lt;/tr&gt; &lt;tr height="40"&gt; &lt;td height="40" class="xl68" width="206" style="" height:30.0pt;border-top:none;width:155pt""=""&gt;Защита по низкому напряжению&lt;/td&gt; &lt;td&gt;30v&lt;/td&gt; &lt;/tr&gt; &lt;tr height="40"&gt; &lt;td height="40" class="xl68" width="206" style="" height:30.0pt;border-top:none;width:155pt""=""&gt;Размеры; Вес&lt;/td&gt; &lt;td&gt;94 * 62 * 35 mm ; 350g&lt;/td&gt; &lt;/tr&gt;&lt;/tbody&gt;&lt;/table&gt;]]&gt;</description>
				<description_ua>&lt;![CDATA[&lt;table cellpadding="0" cellspacing="0" width="438" style="" border-collapse:collapse;width:329pt";border-width:1px;border-style:solid"=""&gt; &lt;tbody&gt;&lt;tr height="40"&gt; &lt;td height="40" width="242"&gt;Робоча напруга&lt;/td&gt; &lt;td width="196"&gt;36v&lt;/td&gt; &lt;/tr&gt; &lt;tr height="40"&gt; &lt;td height="40" class="xl69" width="242" style="" height:30.0pt;border-top:none;width:182pt""=""&gt;Номінальний струм&lt;/td&gt; &lt;td&gt;9A&lt;/td&gt; &lt;/tr&gt; &lt;tr height="40"&gt; &lt;td height="40" class="xl69" width="242" style="" height:30.0pt;border-top:none;width:182pt""=""&gt;Максимальний струм&lt;/td&gt; &lt;td&gt;17A&lt;/td&gt; &lt;/tr&gt; &lt;tr height="40"&gt; &lt;td height="40" class="xl69" width="242" style="" height:30.0pt;border-top:none;width:182pt""=""&gt;Кількість мосфетів&lt;/td&gt; &lt;td&gt;6 MOSFET&lt;/td&gt; &lt;/tr&gt; &lt;tr height="40"&gt; &lt;td height="40" class="xl68" width="242" style="" height:30.0pt;border-top:none;width:182pt""=""&gt;Захист по низькій напрузі&lt;/td&gt; &lt;td&gt;30v&lt;/td&gt; &lt;/tr&gt; &lt;tr height="40"&gt; &lt;td height="40" class="xl68" width="242" style="" height:30.0pt;border-top:none;width:182pt""=""&gt;Розміри; Вага&lt;/td&gt; &lt;td&gt;94 * 62 * 35 mm ; 350g&lt;/td&gt; &lt;/tr&gt;&lt;/tbody&gt;&lt;/table&gt;]]&gt;</description_ua>
				<param name="Країна-виробник товару">Китай</param>
				<param name="Категорія товару">Контролери для електродвигунів</param>
			</offer>
			<offer available="true" id="22662">
				<url>https://welcome-mobi.com.ua/shop/product/kontroller-Kunteng-KT-48v-9-MOSFETS-sin-wave-25A</url>
				<price>2033</price>
				<currencyId>UAH</currencyId>
				<categoryId>22616</categoryId>
				<picture>https://welcome-mobi.com.ua/uploads/shop/origin/115097_main_origin.jpg</picture>
				<picture>https://welcome-mobi.com.ua/uploads/shop/origin/115097_0.jpg</picture>
				<picture>https://welcome-mobi.com.ua/uploads/shop/origin/115097_1.jpg</picture>
				<picture>https://welcome-mobi.com.ua/uploads/shop/origin/115097_2.jpg</picture>
				<picture>https://welcome-mobi.com.ua/uploads/shop/origin/115097_3.jpg</picture>
				<delivery>true</delivery>
				<name_ua>Контролер Kunteng KT 48v 9 MOSFETS sin wave 25A</name_ua>
				<name>Контроллер Kunteng KT 48v 9 MOSFETS sin wave 25A</name>
				<vendor>Kunteng</vendor>
				<stock_quantity>21</stock_quantity>
				<description>&lt;![CDATA[&lt;table cellpadding="0" cellspacing="0" width="402" style="" border-collapse:collapse;width:302pt";border-width:1px;border-style:solid"=""&gt; &lt;tbody&gt;&lt;tr height="40"&gt; &lt;td height="40" width="206"&gt;Рабочее напряжение&lt;/td&gt; &lt;td width="196"&gt;48-52v&lt;/td&gt; &lt;/tr&gt; &lt;tr height="40"&gt; &lt;td height="40" class="xl69" width="206" style="" height:30.0pt;border-top:none;width:155pt""=""&gt;Номинальный ток&lt;/td&gt; &lt;td&gt;12A&lt;/td&gt; &lt;/tr&gt; &lt;tr height="40"&gt; &lt;td height="40" class="xl69" width="206" style="" height:30.0pt;border-top:none;width:155pt""=""&gt;Максимальный ток&lt;/td&gt; &lt;td&gt;25A&lt;/td&gt; &lt;/tr&gt; &lt;tr height="40"&gt; &lt;td height="40" class="xl69" width="206" style="" height:30.0pt;border-top:none;width:155pt""=""&gt;Количество мосфет&lt;/td&gt; &lt;td&gt;9 MOSFET&lt;/td&gt; &lt;/tr&gt; &lt;tr height="40"&gt; &lt;td height="40" class="xl68" width="206" style="" height:30.0pt;border-top:none;width:155pt""=""&gt;Защита по низкому напряжению&lt;/td&gt; &lt;td&gt;40v&lt;/td&gt; &lt;/tr&gt; &lt;tr height="40"&gt; &lt;td height="40" class="xl68" width="206" style="" height:30.0pt;border-top:none;width:155pt""=""&gt;Размеры, Вес&lt;/td&gt; &lt;td&gt;125*66*42mm; 450g&lt;/td&gt; &lt;/tr&gt;&lt;/tbody&gt;&lt;/table&gt;]]&gt;</description>
				<description_ua>&lt;![CDATA[&lt;table cellpadding="0" cellspacing="0" width="438" style="" border-collapse:collapse;width:329pt";border-width:1px;border-style:solid"=""&gt; &lt;tbody&gt;&lt;tr height="40"&gt; &lt;td height="40" width="242"&gt;Робоча напруга&lt;/td&gt; &lt;td width="196"&gt;48-52v&lt;/td&gt; &lt;/tr&gt; &lt;tr height="40"&gt; &lt;td height="40" class="xl69" width="242" style="" height:30.0pt;border-top:none;width:182pt""=""&gt;Номінальний струм&lt;/td&gt; &lt;td&gt;12A&lt;/td&gt; &lt;/tr&gt; &lt;tr height="40"&gt; &lt;td height="40" class="xl69" width="242" style="" height:30.0pt;border-top:none;width:182pt""=""&gt;Максимальний струм&lt;/td&gt; &lt;td&gt;25A&lt;/td&gt; &lt;/tr&gt; &lt;tr height="40"&gt; &lt;td height="40" class="xl69" width="242" style="" height:30.0pt;border-top:none;width:182pt""=""&gt;Кількість мосфетів&lt;/td&gt; &lt;td&gt;9 MOSFET&lt;/td&gt; &lt;/tr&gt; &lt;tr height="40"&gt; &lt;td height="40" class="xl68" width="242" style="" height:30.0pt;border-top:none;width:182pt""=""&gt;Захист по низькій напрузі&lt;/td&gt; &lt;td&gt;40v&lt;/td&gt; &lt;/tr&gt; &lt;tr height="40"&gt; &lt;td height="40" class="xl68" width="242" style="" height:30.0pt;border-top:none;width:182pt""=""&gt;Розміри; Вага&lt;/td&gt; &lt;td&gt;125*66*42mm; 450g&lt;/td&gt; &lt;/tr&gt;&lt;/tbody&gt;&lt;/table&gt;]]&gt;</description_ua>
				<param name="Країна-виробник товару">Китай</param>
				<param name="Категорія товару">Контролери для електродвигунів</param>
			</offer>
			<offer available="true" id="22667">
				<url>https://welcome-mobi.com.ua/shop/product/displey-Kunteng-KT-LCD-5-waterproof-connector</url>
				<price>1522</price>
				<currencyId>UAH</currencyId>
				<categoryId>22616</categoryId>
				<picture>https://welcome-mobi.com.ua/uploads/shop/origin/115107_main_origin.jpg</picture>
				<picture>https://welcome-mobi.com.ua/uploads/shop/origin/115107_0.jpg</picture>
				<delivery>true</delivery>
				<name_ua>Дисплей Kunteng KT LCD 5 waterproof connector</name_ua>
				<name>Дисплей Kunteng KT LCD 5 waterproof connector</name>
				<vendor>Kunteng</vendor>
				<stock_quantity>8</stock_quantity>
				<description>&lt;![CDATA[Дисплей LCD5 совместим с контроллерами компании Kunteng. Устанавливается на руль.]]&gt;</description>
				<description_ua>&lt;![CDATA[Дисплей LCD5 сумісний із контролерами компанії Kunteng. Встановлюється на кермо.]]&gt;</description_ua>
				<param name="Країна-виробник товару">Китай</param>
				<param name="Категорія товару">Контролери для електродвигунів</param>
			</offer>
			<offer available="true" id="25907">
				<url>https://welcome-mobi.com.ua/shop/product/kontroller-BLDC-fardriver-nd96330-Hall-Sensor--Updated-model-nd96360-</url>
				<price>11794</price>
				<currencyId>UAH</currencyId>
				<categoryId>22616</categoryId>
				<picture>https://welcome-mobi.com.ua/uploads/shop/origin/118531_main_origin.jpg</picture>
				<picture>https://welcome-mobi.com.ua/uploads/shop/origin/118531_0.jpg</picture>
				<picture>https://welcome-mobi.com.ua/uploads/shop/origin/118531_1.jpg</picture>
				<picture>https://welcome-mobi.com.ua/uploads/shop/origin/118531_2.jpg</picture>
				<delivery>true</delivery>
				<name_ua>Контролер BLDC fardriver nd96330 Hall Sensor (Updated model nd96360)</name_ua>
				<name>Контроллер BLDC fardriver nd96330 Hall Sensor (Updated model nd96360)</name>
				<vendor>Без бренду</vendor>
				<stock_quantity>3</stock_quantity>
				<description>&lt;![CDATA[Контроллер BLDC для электроскутера Fardriver.
В комплект поставки контроллера входят:
контроллер;
полная проводка;
программное обеспечение.]]&gt;</description>
				<description_ua>&lt;![CDATA[Контролер BLDC для електроскутера Fardriver.
У комплект поставки контролера входять:
контролер;
повна проводка;
програмне забезпечення.]]&gt;</description_ua>
				<param name="Країна-виробник товару">Китай</param>
				<param name="Категорія товару">Контролери для електродвигунів</param>
			</offer>
			<offer available="true" id="22678">
				<url>https://welcome-mobi.com.ua/shop/product/tormoznye-ruchki-s-datchikami-dlya-mehanicheskih-tormozov</url>
				<price>375</price>
				<currencyId>UAH</currencyId>
				<categoryId>22617</categoryId>
				<picture>https://welcome-mobi.com.ua/uploads/shop/origin/115102_main_origin.jpg</picture>
				<delivery>true</delivery>
				<name_ua>Гальмівні ручки з датчиками для механічних гальм</name_ua>
				<name>Тормозные ручки с датчиками для механических тормозов</name>
				<vendor>Без бренду</vendor>
				<stock_quantity>13</stock_quantity>
				<description>&lt;![CDATA[Ручки тормозные для електровелосипеда или скутера с микровыключателями.
При нажатии на тормоз микровыключатель подает команду контроллеру отключить электромотор.
Разьем 2pin 
Длина кабеля - 1,8 м ]]&gt;</description>
				<description_ua>&lt;![CDATA[Ручки гальмівні для електровелосипеда або скутера з вимикачами.
При натисканні на гальмо мікровимикач подає команду контролеру відключити електромотор.
Роз'єм 2pin
Довжина кабелю – 1,8 м]]&gt;</description_ua>
				<param name="Категорія товару">Органи керування та прилади для електротранспорту</param>
			</offer>
			<offer available="true" id="22675">
				<url>https://welcome-mobi.com.ua/shop/product/kurok-gaza-KT</url>
				<price>375</price>
				<currencyId>UAH</currencyId>
				<categoryId>22617</categoryId>
				<picture>https://welcome-mobi.com.ua/uploads/shop/origin/115092_main_origin.jpg</picture>
				<picture>https://welcome-mobi.com.ua/uploads/shop/origin/115092_0.jpg</picture>
				<picture>https://welcome-mobi.com.ua/uploads/shop/origin/115092_1.jpg</picture>
				<delivery>true</delivery>
				<name_ua>Курок газу KT</name_ua>
				<name>Курок газа KT</name>
				<vendor>Без бренду</vendor>
				<stock_quantity>90</stock_quantity>
				<description>&lt;![CDATA[Курок газа KT]]&gt;</description>
				<description_ua>&lt;![CDATA[Курок газу KT]]&gt;</description_ua>
				<param name="Категорія товару">Органи керування та прилади для електротранспорту</param>
			</offer>
			<offer available="true" id="20109">
				<url>https://welcome-mobi.com.ua/shop/product/ruchka-gaza-Xiaomi-m365,Pro,Pro-2</url>
				<price>319</price>
				<currencyId>UAH</currencyId>
				<categoryId>22617</categoryId>
				<picture>https://welcome-mobi.com.ua/uploads/shop/origin/112601_main_origin.jpg</picture>
				<delivery>true</delivery>
				<name_ua>Ручка газу Xiaomi M365/Mi Scooter Pro/Mi Scooter Pro 2/Treker CS-527/Ninebot G30</name_ua>
				<name>Ручка газа Xiaomi M365/Mi Scooter Pro/Mi Scooter Pro 2/Treker CS-527/Ninebot G30</name>
				<vendor>Xiaomi</vendor>
				<stock_quantity>34</stock_quantity>
				<description>&lt;![CDATA[Акселератор в черном цвете совместим с электросамокатами Xiaomi Mi Electric Scooter Pro 2, Pro, 1S, M365, Essential, Mi 3.]]&gt;</description>
				<description_ua>&lt;![CDATA[Акселератор в чорному кольорі сумісний з електросамокатами Xiaomi Mi Electric Scooter Pro 2, Pro, 1S, M365, Essential, Mi 3.]]&gt;</description_ua>
				<param name="Категорія товару">Органи керування та прилади для електротранспорту</param>
			</offer>
			<offer available="true" id="20131">
				<url>https://welcome-mobi.com.ua/shop/product/ruchka-gaza-Ninebot-G30-Max</url>
				<price>327</price>
				<currencyId>UAH</currencyId>
				<categoryId>22617</categoryId>
				<picture>https://welcome-mobi.com.ua/uploads/shop/origin/112616_main_origin.jpg</picture>
				<picture>https://welcome-mobi.com.ua/uploads/shop/origin/112616_0.jpg</picture>
				<picture>https://welcome-mobi.com.ua/uploads/shop/origin/112616_1.jpg</picture>
				<picture>https://welcome-mobi.com.ua/uploads/shop/origin/112616_2.jpg</picture>
				<picture>https://welcome-mobi.com.ua/uploads/shop/origin/112616_3.jpg</picture>
				<delivery>true</delivery>
				<name_ua>Ручка газу Ninebot ES1/ES2/ES3/ES4</name_ua>
				<name>Ручка газа Ninebot ES1/ES2/ES3/ES4</name>
				<vendor>Ninebot</vendor>
				<stock_quantity>79</stock_quantity>
				<description>&lt;![CDATA[Курок газа к электросамокату Ninebot by Segway E22, E25, E45, E22E, E25E, E45E.]]&gt;</description>
				<description_ua>&lt;![CDATA[Курок газу до електросамокату Ninebot by Segway E22, E25, E45, E22E, E25E, E45E.]]&gt;</description_ua>
				<param name="Категорія товару">Органи керування та прилади для електротранспорту</param>
			</offer>
			<offer available="true" id="22673">
				<url>https://welcome-mobi.com.ua/shop/product/datchik-PAS-Kunteng--KT--V12-LR</url>
				<price>344</price>
				<currencyId>UAH</currencyId>
				<categoryId>22617</categoryId>
				<picture>https://welcome-mobi.com.ua/uploads/shop/origin/115081_main_origin.jpg</picture>
				<delivery>true</delivery>
				<name_ua>Датчик PAS Kunteng KT- V12 L</name_ua>
				<name>Датчик PAS Kunteng  KT- V12 L</name>
				<vendor>Kunteng</vendor>
				<stock_quantity>34</stock_quantity>
				<description>&lt;![CDATA[Датчик ассистента к контроллеру Kunteng KT]]&gt;</description>
				<description_ua>&lt;![CDATA[Датчик асистента до контролера Kunteng KT]]&gt;</description_ua>
				<param name="Категорія товару">Органи керування та прилади для електротранспорту</param>
			</offer>
			<offer available="true" id="22677">
				<url>https://welcome-mobi.com.ua/shop/product/kurok-gaza-kvadro</url>
				<price>423</price>
				<currencyId>UAH</currencyId>
				<categoryId>22617</categoryId>
				<picture>https://welcome-mobi.com.ua/uploads/shop/origin/115110_main_origin.jpg</picture>
				<picture>https://welcome-mobi.com.ua/uploads/shop/origin/115110_0.jpg</picture>
				<picture>https://welcome-mobi.com.ua/uploads/shop/origin/115110_1.jpg</picture>
				<delivery>true</delivery>
				<name_ua>Курок газу Квадро</name_ua>
				<name>Курок газа Квадро</name>
				<vendor>Без бренду</vendor>
				<stock_quantity>56</stock_quantity>
				<description>&lt;![CDATA[Курок газа Квадро]]&gt;</description>
				<description_ua>&lt;![CDATA[Курок газу Квадро]]&gt;</description_ua>
				<param name="Категорія товару">Органи керування та прилади для електротранспорту</param>
			</offer>
			<offer available="true" id="22674">
				<url>https://welcome-mobi.com.ua/shop/product/kurok-gaza-Kunteng-KT-waterproof-connector</url>
				<price>394</price>
				<currencyId>UAH</currencyId>
				<categoryId>22617</categoryId>
				<picture>https://welcome-mobi.com.ua/uploads/shop/origin/115126_main_origin.jpg</picture>
				<picture>https://welcome-mobi.com.ua/uploads/shop/origin/115126_0.jpg</picture>
				<picture>https://welcome-mobi.com.ua/uploads/shop/origin/115126_1.jpg</picture>
				<delivery>true</delivery>
				<name_ua>Курок газу Kunteng KT waterproof connector</name_ua>
				<name>Курок газа Kunteng KT waterproof connector</name>
				<vendor>Kunteng</vendor>
				<stock_quantity>20</stock_quantity>
				<description>&lt;![CDATA[Курок газа Kunteng KT waterproof connector]]&gt;</description>
				<description_ua>&lt;![CDATA[Курок газу Kunteng KT waterproof connector]]&gt;</description_ua>
				<param name="Категорія товару">Органи керування та прилади для електротранспорту</param>
			</offer>
			<offer available="true" id="22706">
				<url>https://welcome-mobi.com.ua/shop/product/plastikovyy-korpus-na-ramu-pod-kontroller-9-fet</url>
				<price>292</price>
				<currencyId>UAH</currencyId>
				<categoryId>22618</categoryId>
				<picture>https://welcome-mobi.com.ua/uploads/shop/origin/115159_main_origin.jpg</picture>
				<delivery>true</delivery>
				<name_ua>Пластиковий корпус на раму під контролер 9 фет</name_ua>
				<name>Пластиковый корпус на раму под контроллер 9 фет</name>
				<vendor>Без бренду</vendor>
				<stock_quantity>86</stock_quantity>
				<description>&lt;![CDATA[Пластиковый корпус на раму под контроллер 9 фет]]&gt;</description>
				<description_ua>&lt;![CDATA[Пластиковий корпус на раму під контролер 9 фет]]&gt;</description_ua>
				<param name="Категорія товару">Бокси для контроллерів</param>
				<param name="Колір">Чорний</param>
			</offer>
			<offer available="true" id="26171">
				<url>https://welcome-mobi.com.ua/shop/product/akkumulyatornaya-yacheyka-21700-Samsung-4800mah-5C</url>
				<price>160</price>
				<currencyId>UAH</currencyId>
				<categoryId>22613</categoryId>
				<picture>https://welcome-mobi.com.ua/uploads/shop/origin/118792_main_origin.jpg</picture>
				<delivery>true</delivery>
				<name_ua>Акумуляторний елемент 21700 Samsung 4600mah (INR21700-48G) 9.6A (перепакований)</name_ua>
				<name>Аккумуляторная ячейка 21700 Samsung 4600mah (INR21700-48G) 9.6A (перепакованный)</name>
				<vendor>Samsung</vendor>
				<stock_quantity>3771</stock_quantity>
				<description>&lt;![CDATA[&lt;table cellpadding="0" cellspacing="0" width="344" style="" border-collapse:collapse;width:259pt";border-width:1px;border-style:solid"=""&gt; &lt;tbody&gt; &lt;tr height="40"&gt; &lt;td height="40" width="242"&gt;Номинальное напряжение&lt;/td&gt; &lt;td width="102"&gt;3.6V&lt;/td&gt; &lt;/tr&gt; &lt;tr height="40"&gt; &lt;td height="40" class="xl68" width="242" style="" height:30.0pt;border-top:none;width:182pt""=""&gt;Максимальное напряжение&lt;/td&gt; &lt;td&gt;4.20V (0.2C разряд)&lt;/td&gt; &lt;/tr&gt; &lt;tr height="40"&gt; &lt;td height="40" class="xl68" width="242" style="" height:30.0pt;border-top:none;width:182pt;text-align:center""=""&gt;Зарядный ток&lt;/td&gt; &lt;td&gt;Стандартный заряд: 1,440 мА&lt;br&gt; Быстрый заряд: 4 800 мА&lt;/td&gt; &lt;/tr&gt; &lt;tr height="40"&gt; &lt;td height="40" class="xl68" width="242" style="" height:30.0pt;border-top:none;width:182pt""=""&gt;Вес&lt;/td&gt; &lt;td&gt;69г&lt;/td&gt; &lt;/tr&gt; &lt;/tbody&gt; &lt;/table&gt;]]&gt;</description>
				<description_ua>&lt;![CDATA[&lt;table cellpadding="0" cellspacing="0" width="344" style="" border-collapse:collapse;width:259pt";border-width:1px;border-style:solid"=""&gt; &lt;tbody&gt; &lt;tr height="40"&gt; &lt;td height="40" width="242"&gt;Номінальна напруга&lt;/td&gt; &lt;td width="102"&gt;3.6V&lt;/td&gt; &lt;/tr&gt; &lt;tr height="40"&gt; &lt;td height="40" class="xl68" width="242" style="" height:30.0pt;border-top:none;width:182pt""=""&gt;Максимальна напруга&lt;/td&gt; &lt;td&gt;4.20V (0.2C розряд)&lt;/td&gt; &lt;/tr&gt; &lt;tr height="40"&gt; &lt;td height="40" class="xl68" width="242" style="" height:30.0pt;border-top:none;width:182pt;text-align:center""=""&gt;Зарядний струм&lt;/td&gt; &lt;td&gt;Стандартний заряд: 1,440 мА&lt;br&gt; Швидкий заряд: 4 800 мА&lt;/td&gt; &lt;/tr&gt; &lt;tr height="40"&gt; &lt;td height="40" class="xl68" width="242" style="" height:30.0pt;border-top:none;width:182pt""=""&gt;Вага&lt;/td&gt; &lt;td&gt;69г&lt;/td&gt; &lt;/tr&gt; &lt;/tbody&gt; &lt;/table&gt;]]&gt;</description_ua>
				<param name="Призначення"/>
				<param name="Категорія товару">Акумулятори</param>
			</offer>
			<offer available="true" id="23641">
				<url>https://welcome-mobi.com.ua/shop/product/shnur-pitaniya-Xiaomi-m365--H03VVH2-F,-220V,-2*0,75-mm--1.2m-chernyy</url>
				<price>100</price>
				<currencyId>UAH</currencyId>
				<categoryId>22614</categoryId>
				<picture>https://welcome-mobi.com.ua/uploads/shop/origin/116036_main_origin.jpg</picture>
				<delivery>true</delivery>
				<name_ua>Шнур живлення Xiaomi m365 (H03VVH2-F, 220V, 2*0,75 мм) 1.2м чорний</name_ua>
				<name>Шнур питания Xiaomi m365 (H03VVH2-F, 220V, 2*0,75 мм) 1.2м чёрный</name>
				<vendor>Xiaomi</vendor>
				<stock_quantity>9</stock_quantity>
				<description>&lt;![CDATA[Шнур питания Xiaomi m365 (H03VVH2-F, 220V, 2*0,75 мм) 1.2м чёрный]]&gt;</description>
				<description_ua>&lt;![CDATA[Шнур живлення Xiaomi m365 (H03VVH2-F, 220V, 2*0,75 мм) 1.2м чорний]]&gt;</description_ua>
				<param name="Призначення"/>
				<param name="Категорія товару">Зарядні пристрої</param>
				<param name="Колір">Чорний</param>
			</offer>
			<offer available="true" id="26721">
				<url>https://welcome-mobi.com.ua/shop/product/zaryadnoe-ustroystvo-48V-dlya-giroskutera</url>
				<price>761</price>
				<currencyId>UAH</currencyId>
				<categoryId>22614</categoryId>
				<picture>https://welcome-mobi.com.ua/uploads/shop/origin/119306_main_origin.jpg</picture>
				<delivery>true</delivery>
				<name_ua>Зарядний пристрій 42V для гіроскутера (SLS-4202, вилка CN)</name_ua>
				<name>Зарядное устройство 42V для гироскутера (SLS-4202, вилка CN)</name>
				<vendor>Без бренду</vendor>
				<stock_quantity>10</stock_quantity>
				<description>&lt;![CDATA[Зарядное устройство 42V для гироскутера (SLS-4202, вилка CN)]]&gt;</description>
				<description_ua>&lt;![CDATA[Зарядний пристрій 42V для гіроскутера  (SLS-4202, вилка CN)]]&gt;</description_ua>
				<param name="Призначення"/>
				<param name="Категорія товару">Зарядні пристрої</param>
				<param name="Колір">Чорний</param>
			</offer>
			<offer available="true" id="26722">
				<url>https://welcome-mobi.com.ua/shop/product/zaryadnoe-ustroystvo-63V-dlya-giroskutera</url>
				<price>801</price>
				<currencyId>UAH</currencyId>
				<categoryId>22614</categoryId>
				<picture>https://welcome-mobi.com.ua/uploads/shop/origin/119305_main_origin.jpg</picture>
				<delivery>true</delivery>
				<name_ua>Зарядний пристрій 63V для гіроскутера (SLS-632000)</name_ua>
				<name>Зарядное устройство 63V для гироскутера (SLS-632000)</name>
				<vendor>Без бренду</vendor>
				<stock_quantity>10</stock_quantity>
				<description>&lt;![CDATA[Зарядное устройство 63V для гироскутера (SLS-632000)]]&gt;</description>
				<description_ua>&lt;![CDATA[Зарядний пристрій 63V для гіроскутера (SLS-632000)]]&gt;</description_ua>
				<param name="Призначення"/>
				<param name="Категорія товару">Зарядні пристрої</param>
				<param name="Колір">Чорний</param>
			</offer>
			<offer available="true" id="24399">
				<url>https://welcome-mobi.com.ua/shop/product/shnur-pitaniya-Xaiomi--H03VVH2-F,-220V,-2*0,5-mm--1.2m-chernyy</url>
				<price>100</price>
				<currencyId>UAH</currencyId>
				<categoryId>22614</categoryId>
				<picture>https://welcome-mobi.com.ua/uploads/shop/origin/117075_main_origin.jpg</picture>
				<delivery>true</delivery>
				<name_ua>Шнур живлення Xiaomi (H03VVH2-F, 220V, 2*0,5 мм) 1.2м чорний</name_ua>
				<name>Шнур питания Xiaomi (H03VVH2-F, 220V, 2*0,5 мм) 1.2м чёрный</name>
				<vendor>Xiaomi</vendor>
				<stock_quantity>3</stock_quantity>
				<description>&lt;![CDATA[Шнур питания Xiaomi (H03VVH2-F, 220V, 2*0,5 мм) 1.2м чёрный]]&gt;</description>
				<description_ua>&lt;![CDATA[Шнур живлення Xiaomi (H03VVH2-F, 220V, 2*0,5 мм) 1.2м чорний]]&gt;</description_ua>
				<param name="Призначення"/>
				<param name="Категорія товару">Зарядні пристрої</param>
				<param name="Колір">Чорний</param>
			</offer>
			<offer available="true" id="26720">
				<url>https://welcome-mobi.com.ua/shop/product/zaryadnoe-ustroystvo-36V-dlya-giroskutera</url>
				<price>681</price>
				<currencyId>UAH</currencyId>
				<categoryId>22614</categoryId>
				<picture>https://welcome-mobi.com.ua/uploads/shop/origin/119304_main_origin.jpg</picture>
				<delivery>true</delivery>
				<name_ua>Зарядний пристрій 54.6V для гіроскутера (SLS-5462000, вилка CN)</name_ua>
				<name>Зарядное устройство 54.6V для гироскутера (SLS-5462000, вилка CN)</name>
				<vendor>Без бренду</vendor>
				<stock_quantity>9</stock_quantity>
				<description>&lt;![CDATA[Зарядное устройство 54.6V для гироскутера (SLS-5462000, вилка CN)]]&gt;</description>
				<description_ua>&lt;![CDATA[Зарядний пристрій 54.6V для гіроскутера (SLS-5462000, вилка CN)]]&gt;</description_ua>
				<param name="Призначення"/>
				<param name="Категорія товару">Зарядні пристрої</param>
				<param name="Колір">Чорний</param>
			</offer>
			<offer available="true" id="25787">
				<url>https://welcome-mobi.com.ua/shop/product/zaryadnoe-ustroystvo-48V--54,6V-,3A-5.5x2.5</url>
				<price>801</price>
				<currencyId>UAH</currencyId>
				<categoryId>22614</categoryId>
				<picture>https://welcome-mobi.com.ua/uploads/shop/origin/118537_main_origin.jpg</picture>
				<picture>https://welcome-mobi.com.ua/uploads/shop/origin/118537_0.jpg</picture>
				<delivery>true</delivery>
				<name_ua>Зарядний пристрій 48V (54,6V)/3A 5.5x2.5</name_ua>
				<name>Зарядное устройство 48V (54,6V)/3A 5.5x2.5</name>
				<vendor>Без бренду</vendor>
				<stock_quantity>28</stock_quantity>
				<description>&lt;![CDATA[Зарядное устройство для литиевых аккумуляторов – с защитой от перегрузки, короткого замыкания и перенапряжения правильно и безопасно зарядить твой АКБ. Промышленное использование.

Характеристики: Питание: 220В
Цвет черный
Макс. выходной ток, А: 3
• Выходное напряжение, В: 54,6
• Разъем: 5.5*2.5
• Размеры устройства: 160*72*45 мм]]&gt;</description>
				<description_ua>&lt;![CDATA[Зарядний пристрій для літієвих акумуляторів – із захистом від перевантаження, короткого замикання та перенапруги, правильно та безпечно зарядити твій АКБ. Промислове використання.

Характеристики: Живлення: 220В
Колір чорний
Макс. вихідний струм, А: 3
• Вихідна напруга, В: 54,6
• Роз'єм: 5.5*2.5
• Розміри пристрою: 160*72*45 мм]]&gt;</description_ua>
				<param name="Призначення"/>
				<param name="Категорія товару">Зарядні пристрої</param>
				<param name="Колір">Чорний</param>
			</offer>
			<offer available="true" id="26723">
				<url>https://welcome-mobi.com.ua/shop/product/zaryadnoe-ustroystvo-52V-dlya-giroskutera</url>
				<price>801</price>
				<currencyId>UAH</currencyId>
				<categoryId>22614</categoryId>
				<picture>https://welcome-mobi.com.ua/uploads/shop/origin/119307_main_origin.jpg</picture>
				<delivery>true</delivery>
				<name_ua>Зарядний пристрій 54.6V для гіроскутера (SLS-5462000)</name_ua>
				<name>Зарядное устройство 54.6V для гироскутера (SLS-5462000)</name>
				<vendor>Без бренду</vendor>
				<stock_quantity>9</stock_quantity>
				<description>&lt;![CDATA[Зарядное устройство 54.6V для гироскутера (SLS-5462000)]]&gt;</description>
				<description_ua>&lt;![CDATA[Зарядний пристрій 54.6V для гіроскутера (SLS-5462000)]]&gt;</description_ua>
				<param name="Призначення"/>
				<param name="Категорія товару">Зарядні пристрої</param>
				<param name="Колір">Чорний</param>
			</offer>
			<offer available="true" id="22679">
				<url>https://welcome-mobi.com.ua/shop/product/silikonovyy-mnogojilnyy-gibkiy-provod-AWG-24-red</url>
				<price>18</price>
				<currencyId>UAH</currencyId>
				<categoryId>22615</categoryId>
				<picture>https://welcome-mobi.com.ua/uploads/shop/origin/115119_main_origin.jpg</picture>
				<delivery>true</delivery>
				<name_ua>Силіконовий багатожильний гнучкий дріт AWG 24 red (1 метр)</name_ua>
				<name>Силиконовый многожильный гибкий провод AWG 24 red (1 метр)</name>
				<vendor>Без бренду</vendor>
				<stock_quantity>811</stock_quantity>
				<description>&lt;![CDATA[&lt;div&gt;Площадь мм2 — 0,205;&lt;/div&gt;&lt;div&gt;Расчетная Токовая нагрузка — 2.1A&lt;/div&gt;]]&gt;</description>
				<description_ua>&lt;![CDATA[&lt;div&gt;Площа мм2 — 0,205;&lt;/div&gt;&lt;div&gt;Розрахункове струмове навантаження — 2.1A&lt;/div&gt;]]&gt;</description_ua>
				<param name="Призначення"/>
				<param name="Категорія товару">Багатожильні дроти</param>
			</offer>
			<offer available="true" id="25793">
				<url>https://welcome-mobi.com.ua/shop/product/silikonovyy-mnogojilnyy-gibkiy-provod-AWG-2-black--1-metr-</url>
				<price>841</price>
				<currencyId>UAH</currencyId>
				<categoryId>22615</categoryId>
				<picture>https://welcome-mobi.com.ua/uploads/shop/origin/118534_main_origin.jpg</picture>
				<delivery>true</delivery>
				<name_ua>Силіконовий багатожильний гнучкий дріт AWG 2 black (1 метр)</name_ua>
				<name>Силиконовый многожильный гибкий провод AWG 2 black (1 метр)</name>
				<vendor>Без бренду</vendor>
				<stock_quantity>153</stock_quantity>
				<description>&lt;![CDATA[Силиконовый многожильный гибкий провод AWG 2 black (1 метр)]]&gt;</description>
				<description_ua>&lt;![CDATA[Силіконовий багатожильний гнучкий дріт AWG 2 black (1 метр)]]&gt;</description_ua>
				<param name="Призначення"/>
				<param name="Категорія товару">Багатожильні дроти</param>
			</offer>
			<offer available="true" id="24469">
				<url>https://welcome-mobi.com.ua/shop/product/zaryadnyy-port-Xiaomi-m365,Pro,Pro-2--original-</url>
				<price>120</price>
				<currencyId>UAH</currencyId>
				<categoryId>22615</categoryId>
				<picture>https://welcome-mobi.com.ua/uploads/shop/origin/117161_main_origin.jpg</picture>
				<delivery>true</delivery>
				<name_ua>Зарядний порт Xiaomi m365/Pro/Pro 2 (оригінал)</name_ua>
				<name>Зарядный порт Xiaomi m365/Pro/Pro 2 (оригинал)</name>
				<vendor>Xiaomi</vendor>
				<stock_quantity>4</stock_quantity>
				<description>&lt;![CDATA[Гнездо зарядного устройства для Xiaomi Mi Electric Scooter Pro, Pro 2, 1S, Essential, M365.]]&gt;</description>
				<description_ua>&lt;![CDATA[Гніздо зарядного пристрою Xiaomi Mi Electric Scooter Pro, Pro 2, 1S, Essential, M365.]]&gt;</description_ua>
				<param name="Призначення"/>
				<param name="Категорія товару">Корпусні деталі</param>
			</offer>
			<offer available="true" id="22637">
				<url>https://welcome-mobi.com.ua/shop/product/silovoy-razem-MR60-60A-500V-F+M</url>
				<price>112</price>
				<currencyId>UAH</currencyId>
				<categoryId>22615</categoryId>
				<picture>https://welcome-mobi.com.ua/uploads/shop/origin/115118_main_origin.jpg</picture>
				<delivery>true</delivery>
				<name_ua>Силовий роз'єм MR60 60A 500V (F+M+2 ковпачка)</name_ua>
				<name>Силовой разъём MR60 60A 500V (F+M+2 колпачка)</name>
				<vendor>Без бренду</vendor>
				<stock_quantity>86</stock_quantity>
				<description>&lt;![CDATA[Трёхконтактный разъём Amass MR60 для соединения моторов с регуляторами скорости. Предназначен для работы с током до 60А.]]&gt;</description>
				<description_ua>&lt;![CDATA[Триконтактний роз'єм Amass MR60 для з'єднання двигунів з регуляторами швидкості. Призначений для роботи із струмом до 60А.]]&gt;</description_ua>
				<param name="Призначення"/>
				<param name="Категорія товару">Силові роз'єми</param>
			</offer>
			<offer available="true" id="22683">
				<url>https://welcome-mobi.com.ua/shop/product/silikonovyy-mnogojilnyy-gibkiy-provod-AWG-24-blue</url>
				<price>18</price>
				<currencyId>UAH</currencyId>
				<categoryId>22615</categoryId>
				<picture>https://welcome-mobi.com.ua/uploads/shop/origin/115146_main_origin.jpg</picture>
				<delivery>true</delivery>
				<name_ua>Силіконовий багатожильний гнучкий дріт AWG 24 blue (1 метр)</name_ua>
				<name>Силиконовый многожильный гибкий провод AWG 24 blue (1 метр)</name>
				<vendor>Без бренду</vendor>
				<stock_quantity>342</stock_quantity>
				<description>&lt;![CDATA[&lt;div&gt;Площадь мм2 — 0,205;&lt;/div&gt;&lt;div&gt;Расчетная Токовая нагрузка — 2.1A&lt;/div&gt;]]&gt;</description>
				<description_ua>&lt;![CDATA[&lt;div&gt;Площа мм2 — 0,205;&lt;/div&gt;&lt;div&gt;Розрахункове струмове навантаження — 2.1A&lt;/div&gt;]]&gt;</description_ua>
				<param name="Призначення"/>
				<param name="Категорія товару">Багатожильні дроти</param>
			</offer>
			<offer available="true" id="22698">
				<url>https://welcome-mobi.com.ua/shop/product/silikonovyy-mnogojilnyy-gibkiy-provod-AWG-8-red</url>
				<price>200</price>
				<currencyId>UAH</currencyId>
				<categoryId>22615</categoryId>
				<picture>https://welcome-mobi.com.ua/uploads/shop/origin/115147_main_origin.jpg</picture>
				<delivery>true</delivery>
				<name_ua>Силіконовий багатожильний гнучкий дріт AWG 8 red (1 метр)</name_ua>
				<name>Силиконовый многожильный гибкий провод AWG 8 red (1 метр)</name>
				<vendor>Без бренду</vendor>
				<stock_quantity>484</stock_quantity>
				<description>&lt;![CDATA[Площадь мм2&amp;nbsp;— 8,37;&amp;nbsp;&lt;div&gt;Расчетная токовая нагрузка&amp;nbsp;—&amp;nbsp;40A &lt;/div&gt;]]&gt;</description>
				<description_ua>&lt;![CDATA[Площа мм2&amp;nbsp;— 8,37;&amp;nbsp;&lt;div&gt;Розрахункове струмове навантаження —&amp;nbsp;40A &lt;/div&gt;]]&gt;</description_ua>
				<param name="Призначення"/>
				<param name="Категорія товару">Багатожильні дроти</param>
			</offer>
			<offer available="true" id="25795">
				<url>https://welcome-mobi.com.ua/shop/product/silikonovyy-mnogojilnyy-gibkiy-provod-AWG-2-red--1-metr-</url>
				<price>841</price>
				<currencyId>UAH</currencyId>
				<categoryId>22615</categoryId>
				<picture>https://welcome-mobi.com.ua/uploads/shop/origin/118535_main_origin.jpg</picture>
				<delivery>true</delivery>
				<name_ua>Силіконовий багатожильний гнучкий дріт AWG 2 red (1 метр)</name_ua>
				<name>Силиконовый многожильный гибкий провод AWG 2 red (1 метр)</name>
				<vendor>Без бренду</vendor>
				<stock_quantity>176</stock_quantity>
				<description>&lt;![CDATA[Силиконовый многожильный гибкий провод AWG 2 red (1 метр)]]&gt;</description>
				<description_ua>&lt;![CDATA[Силіконовий багатожильний гнучкий дріт AWG 2 red (1 метр)]]&gt;</description_ua>
				<param name="Призначення"/>
				<param name="Категорія товару">Багатожильні дроти</param>
			</offer>
			<offer available="true" id="22686">
				<url>https://welcome-mobi.com.ua/shop/product/silikonovyy-mnogojilnyy-gibkiy-provod-AWG-20-white</url>
				<price>24</price>
				<currencyId>UAH</currencyId>
				<categoryId>22615</categoryId>
				<picture>https://welcome-mobi.com.ua/uploads/shop/origin/115140_main_origin.jpg</picture>
				<delivery>true</delivery>
				<name_ua>Силіконовий багатожильний гнучкий дріт AWG 20 white (1 метр)</name_ua>
				<name>Силиконовый многожильный гибкий провод AWG 20 white (1 метр)</name>
				<vendor>Без бренду</vendor>
				<stock_quantity>372</stock_quantity>
				<description>&lt;![CDATA[&lt;div&gt;Площадь мм2 — 0,518;&lt;/div&gt;&lt;div&gt;Расчетная токовая нагрузка — 5A&lt;/div&gt;]]&gt;</description>
				<description_ua>&lt;![CDATA[&lt;div&gt;Площа мм2 — 0,518;&lt;/div&gt;&lt;div&gt;Розрахункове струмове навантаження — 5A&lt;/div&gt;]]&gt;</description_ua>
				<param name="Призначення"/>
				<param name="Категорія товару">Багатожильні дроти</param>
			</offer>
			<offer available="true" id="22689">
				<url>https://welcome-mobi.com.ua/shop/product/silikonovyy-mnogojilnyy-gibkiy-provod-AWG-16-red</url>
				<price>43</price>
				<currencyId>UAH</currencyId>
				<categoryId>22615</categoryId>
				<picture>https://welcome-mobi.com.ua/uploads/shop/origin/115139_main_origin.jpg</picture>
				<delivery>true</delivery>
				<name_ua>Силіконовий багатожильний гнучкий дріт AWG 16 red (1 метр)</name_ua>
				<name>Силиконовый многожильный гибкий провод AWG 16 red (1 метр)</name>
				<vendor>Без бренду</vendor>
				<stock_quantity>369</stock_quantity>
				<description>&lt;![CDATA[&lt;div&gt;Площадь мм2 — 1,31;&lt;/div&gt;&lt;div&gt;Расчетная токовая нагрузка — 15A&lt;/div&gt;]]&gt;</description>
				<description_ua>&lt;![CDATA[&lt;div&gt;Площа мм2 — 1,31;&lt;/div&gt;&lt;div&gt;Розрахункове струмове навантаження — 15A&lt;/div&gt;]]&gt;</description_ua>
				<param name="Призначення"/>
				<param name="Категорія товару">Багатожильні дроти</param>
			</offer>
			<offer available="true" id="22709">
				<url>https://welcome-mobi.com.ua/shop/product/holdery-18650-soty-razbornye</url>
				<price>20</price>
				<currencyId>UAH</currencyId>
				<categoryId>22615</categoryId>
				<picture>https://welcome-mobi.com.ua/uploads/shop/origin/115149_main_origin.jpg</picture>
				<delivery>true</delivery>
				<name_ua>Холдери 18650 стільники розбірні</name_ua>
				<name>Холдеры 18650 соты разборные</name>
				<vendor>Без бренду</vendor>
				<stock_quantity>1852</stock_quantity>
				<description>&lt;![CDATA[Холдеры 18650 соты разборные]]&gt;</description>
				<description_ua>&lt;![CDATA[Холдери 18650 стільники розбірні]]&gt;</description_ua>
				<param name="Призначення"/>
				<param name="Категорія товару">Холдери для акумуляторних елементів</param>
			</offer>
			<offer available="true" id="23957">
				<url>https://welcome-mobi.com.ua/shop/product/silovoy-razem-XT90-H-90A-500V--F-</url>
				<price>58</price>
				<currencyId>UAH</currencyId>
				<categoryId>22615</categoryId>
				<picture>https://welcome-mobi.com.ua/uploads/shop/origin/116390_main_origin.jpg</picture>
				<delivery>true</delivery>
				<name_ua>Силовий роз'єм XT90-H 90A 500V (F)</name_ua>
				<name>Силовой разъём XT90-H 90A 500V (F)</name>
				<vendor>Без бренду</vendor>
				<stock_quantity>175</stock_quantity>
				<description>&lt;![CDATA[Силовой разъём XT90-H 90A 500V (F)]]&gt;</description>
				<description_ua>&lt;![CDATA[Силовий роз'єм XT90-H 90A 500V (F)]]&gt;</description_ua>
				<param name="Призначення"/>
				<param name="Категорія товару">Силові роз'єми</param>
			</offer>
			<offer available="true" id="22633">
				<url>https://welcome-mobi.com.ua/shop/product/silovoy-razem-bez-iskrovoy-XT90-S-90A-500V-F+M</url>
				<price>176</price>
				<currencyId>UAH</currencyId>
				<categoryId>22615</categoryId>
				<picture>https://welcome-mobi.com.ua/uploads/shop/origin/115117_main_origin.jpg</picture>
				<delivery>true</delivery>
				<name_ua>Силовий роз'єм безіскрової XT90-S 90A 500V (F+M+2 ковпачка)</name_ua>
				<name>Силовой разъём безискровой XT90-S 90A 500V (F+M+2 колпачка)</name>
				<vendor>Без бренду</vendor>
				<stock_quantity>184</stock_quantity>
				<description>&lt;![CDATA[Разъем безыскровой &lt;strong&gt;XT90S&lt;/strong&gt; - один из самых популярных силовых разъемов, используемых в моделировании. Круглая форма контактов разъема &lt;strong&gt;XT90&lt;/strong&gt; гарантирует надежное и плотное соединение. Разъемы изготовлены из высокотемпературного нейлона. Контакты покрыты золотом.&lt;br&gt;Контакты рассчитаны на прохождение тока силой до &lt;strong&gt;90А&lt;/strong&gt;. Корпус коннекторов имеет несимметричную форму, исключающую возможность случайной переполюсовки.&lt;br&gt;Комплекте включает в себя две встречных части разъёма (папа+мама).&amp;nbsp; Как правило, мама идет на батарею, а папа - на нагрузку (ESC и пр.)]]&gt;</description>
				<description_ua>&lt;![CDATA[Роз'єм безіскровий &lt;strong&gt;XT90S&lt;/strong&gt; - один з найпопулярніших силових роз'ємів, що використовуються в моделюванні. Кругла форма контактів роз'єму &lt;strong&gt;XT90&lt;/strong&gt; гарантує надійне і щільне з'єднання. Роз'єми виготовлені з високотемпературного нейлону. Контакти вкриті золотом.&lt;br&gt;Контакти розраховані на проходження струму силою до &lt;strong&gt;90А&lt;/strong&gt;. Корпус конекторів має несиметричну форму, що виключає можливість випадкового переполюсування.&lt;br&gt; Комплект включає дві зустрічні частини роз'єму (тато + мама). Як правило, мама йде на батарею, а тато - на навантаження (ESC та ін.)]]&gt;</description_ua>
				<param name="Призначення"/>
				<param name="Категорія товару">Силові роз'єми</param>
			</offer>
			<offer available="true" id="22630">
				<url>https://welcome-mobi.com.ua/shop/product/silovoy-razem-XT60-L-65A-500V-F+M</url>
				<price>88</price>
				<currencyId>UAH</currencyId>
				<categoryId>22615</categoryId>
				<picture>https://welcome-mobi.com.ua/uploads/shop/origin/115116_main_origin.jpg</picture>
				<delivery>true</delivery>
				<name_ua>Силовий роз'єм XT60-L 65A 500V (F+M+2 ковпачка)</name_ua>
				<name>Силовой разъём XT60-L 65A 500V (F+M+2 колпачка)</name>
				<vendor>Без бренду</vendor>
				<stock_quantity>54</stock_quantity>
				<description>&lt;![CDATA[&lt;div&gt;Разъем &lt;strong&gt;XT60&lt;/strong&gt; - один из самых популярных силовых разъемов, используемых в моделировании. Круглая форма контактов разъема &lt;strong&gt;XT60&lt;/strong&gt; гарантирует надежное и плотное соединение. Разъемы изготовлены из высокотемпературного нейлона. Контакты покрыты золотом.&lt;/div&gt;&lt;div&gt;Контакты рассчитаны на прохождение тока силой до &lt;strong&gt;60А&lt;/strong&gt;. Корпус коннекторов имеет несимметричную форму, исключающую возможность случайной переполюсовки.&lt;/div&gt;Комплекте включает в себя две встречных части разъёма (папа+мама).&amp;nbsp; Как правило, мама идет на батарею, а папа - на нагрузку (ESC и пр.)]]&gt;</description>
				<description_ua>&lt;![CDATA[Роз'єм &lt;strong&gt;XT60&lt;/strong&gt; - один з найпопулярніших силових роз'ємів, що використовуються в моделюванні. Кругла форма контактів роз'єму &lt;strong&gt;XT6&lt;/strong&gt;&lt;strong&gt;0&lt;/strong&gt; гарантує надійне і щільне з'єднання. Роз'єми виготовлені з високотемпературного нейлону. Контакти покриті золотом.&lt;br&gt;Контакти розраховані на проходження струму силою до &lt;strong&gt;60А&lt;/strong&gt;. Корпус конекторів має несиметричну форму, що виключає можливість випадкового переполюсування.&lt;br&gt;Комплект включає дві зустрічні частини роз'єму (тато + мама). Як правило, мама йде на батарею, а тато - на навантаження (ESC та ін.)]]&gt;</description_ua>
				<param name="Призначення"/>
				<param name="Категорія товару">Силові роз'єми</param>
			</offer>
			<offer available="true" id="22400">
				<url>https://welcome-mobi.com.ua/shop/product/zaglushka-zaryadnogo-porta-MI-Electric-Scooter</url>
				<price>82</price>
				<currencyId>UAH</currencyId>
				<categoryId>22615</categoryId>
				<picture>https://welcome-mobi.com.ua/uploads/shop/origin/114876_main_origin.jpg</picture>
				<picture>https://welcome-mobi.com.ua/uploads/shop/origin/114876_0.jpg</picture>
				<delivery>true</delivery>
				<name_ua>Заглушка на роз'єм зарядки Xiaomi m365/Pro/Pro 2/Treker CS-527 (червона)</name_ua>
				<name>Заглушка на разъем зарядки Xiaomi m365/Pro/Pro 2/Treker CS-527 (красная)</name>
				<vendor>Xiaomi</vendor>
				<stock_quantity>69</stock_quantity>
				<description>&lt;![CDATA[Заглушка порта зарядки (не магнитная) для электросамоката xiaomi m365, m365 pro.]]&gt;</description>
				<description_ua>&lt;![CDATA[Заглушка порту зарядки (не магнітна) для електросамоката xiaomi m365, m365 pro.]]&gt;</description_ua>
				<param name="Призначення"/>
				<param name="Категорія товару">Корпусні деталі</param>
			</offer>
			<offer available="true" id="22700">
				<url>https://welcome-mobi.com.ua/shop/product/silikonovyy-mnogojilnyy-gibkiy-provod-AWG-6-red</url>
				<price>344</price>
				<currencyId>UAH</currencyId>
				<categoryId>22615</categoryId>
				<picture>https://welcome-mobi.com.ua/uploads/shop/origin/115160_main_origin.jpg</picture>
				<delivery>true</delivery>
				<name_ua>Силіконовий багатожильний гнучкий дріт AWG 6 red (1 метр)</name_ua>
				<name>Силиконовый многожильный гибкий провод AWG 6 red (1 метр)</name>
				<vendor>Без бренду</vendor>
				<stock_quantity>1</stock_quantity>
				<description>&lt;![CDATA[Площадь мм2&amp;nbsp;— 13,3;&lt;div&gt;Расчетная токовая нагрузка&amp;nbsp;—&amp;nbsp;55A &lt;/div&gt;]]&gt;</description>
				<description_ua>&lt;![CDATA[Площа мм2&amp;nbsp;— &amp;nbsp;13,3;&amp;nbsp;&lt;div&gt;Розрахункове струмове навантаження&amp;nbsp;— &amp;nbsp;55A &lt;/div&gt;]]&gt;</description_ua>
				<param name="Призначення"/>
				<param name="Категорія товару">Багатожильні дроти</param>
			</offer>
			<offer available="true" id="22681">
				<url>https://welcome-mobi.com.ua/shop/product/silikonovyy-mnogojilnyy-gibkiy-provod-AWG-24-white</url>
				<price>18</price>
				<currencyId>UAH</currencyId>
				<categoryId>22615</categoryId>
				<picture>https://welcome-mobi.com.ua/uploads/shop/origin/115123_main_origin.jpg</picture>
				<delivery>true</delivery>
				<name_ua>Силіконовий багатожильний гнучкий дріт AWG 24 white (1 метр)</name_ua>
				<name>Силиконовый многожильный гибкий провод AWG 24 white (1 метр)</name>
				<vendor>Без бренду</vendor>
				<stock_quantity>339</stock_quantity>
				<description>&lt;![CDATA[&lt;div&gt;Площадь мм2 — 0,205;&lt;/div&gt;&lt;div&gt;Расчетная Токовая нагрузка — 2.1A&lt;/div&gt;]]&gt;</description>
				<description_ua>&lt;![CDATA[&lt;div&gt;Площа мм2 — 0,205;&lt;/div&gt;&lt;div&gt;Розрахункове струмове навантаження — 2.1A&lt;/div&gt;]]&gt;</description_ua>
				<param name="Призначення"/>
				<param name="Категорія товару">Багатожильні дроти</param>
			</offer>
			<offer available="true" id="22702">
				<url>https://welcome-mobi.com.ua/shop/product/Hailong-G56-s-holderami-18650</url>
				<price>1602</price>
				<currencyId>UAH</currencyId>
				<categoryId>22615</categoryId>
				<picture>https://welcome-mobi.com.ua/uploads/shop/origin/115153_main_origin.jpg</picture>
				<delivery>true</delivery>
				<name_ua>Корпус Hailong G56 з холдерами (для акумулятора 18650)</name_ua>
				<name>Корпус Hailong G56 с холдерами (для аккумулятора 18650)</name>
				<vendor>Hailong</vendor>
				<stock_quantity>1</stock_quantity>
				<description>&lt;![CDATA[Пластиковый бокс на раму велосипеда на 56 ячеек 18650.]]&gt;</description>
				<description_ua>&lt;![CDATA[Пластиковий бокс на раму велосипеда на 56 осередків 18650.]]&gt;</description_ua>
				<param name="Призначення"/>
				<param name="Категорія товару">Корпусні деталі</param>
			</offer>
			<offer available="true" id="22638">
				<url>https://welcome-mobi.com.ua/shop/product/silovoy-razem-MT30-30A-500V-F+M</url>
				<price>112</price>
				<currencyId>UAH</currencyId>
				<categoryId>22615</categoryId>
				<picture>https://welcome-mobi.com.ua/uploads/shop/origin/115120_main_origin.jpg</picture>
				<delivery>true</delivery>
				<name_ua>Силовий роз'єм MT30 30A 500V (F+M+2 ковпачка)</name_ua>
				<name>Силовой разъём MT30 30A 500V (F+M+2 колпачка)</name>
				<vendor>Без бренду</vendor>
				<stock_quantity>87</stock_quantity>
				<description>&lt;![CDATA[Коннекторы MT30 используются для подключения силовых соединений на 3 провода c током до 30А.]]&gt;</description>
				<description_ua>&lt;![CDATA[Конектори MT30 використовуються для підключення силових з'єднань на 3 дроти зі струмом до 30А.]]&gt;</description_ua>
				<param name="Призначення"/>
				<param name="Категорія товару">Силові роз'єми</param>
			</offer>
			<offer available="true" id="22692">
				<url>https://welcome-mobi.com.ua/shop/product/silikonovyy-mnogojilnyy-gibkiy-provod-AWG-14-black</url>
				<price>65</price>
				<currencyId>UAH</currencyId>
				<categoryId>22615</categoryId>
				<picture>https://welcome-mobi.com.ua/uploads/shop/origin/115144_main_origin.jpg</picture>
				<delivery>true</delivery>
				<name_ua>Силіконовий багатожильний гнучкий дріт AWG 14 black (1 метр)</name_ua>
				<name>Силиконовый многожильный гибкий провод AWG 14 black (1 метр)</name>
				<vendor>Без бренду</vendor>
				<stock_quantity>800</stock_quantity>
				<description>&lt;![CDATA[&lt;div&gt;Площадь мм2 — 2,08;&lt;/div&gt;&lt;div&gt;Расчетная токовая нагрузка — 20A&lt;/div&gt;]]&gt;</description>
				<description_ua>&lt;![CDATA[&lt;div&gt;Площа мм2 — 2,08;&lt;/div&gt;&lt;div&gt;Розрахункове струмове навантаження — 20A&lt;/div&gt;]]&gt;</description_ua>
				<param name="Призначення"/>
				<param name="Категорія товару">Багатожильні дроти</param>
			</offer>
			<offer available="true" id="22629">
				<url>https://welcome-mobi.com.ua/shop/product/silovoy-razem-XT30-U-30A-500V-F+M</url>
				<price>50</price>
				<currencyId>UAH</currencyId>
				<categoryId>22615</categoryId>
				<picture>https://welcome-mobi.com.ua/uploads/shop/origin/115122_main_origin.jpg</picture>
				<delivery>true</delivery>
				<name_ua>Силовий роз'єм XT30-U 30A 500V (F+M)</name_ua>
				<name>Силовой разъём XT30-U 30A 500V (F+M)</name>
				<vendor>Без бренду</vendor>
				<stock_quantity>501</stock_quantity>
				<description>&lt;![CDATA[&lt;div&gt;Разъем &lt;strong&gt;XT30&lt;/strong&gt; - один из самых популярных силовых разъемов, используемых в моделировании. Круглая форма контактов разъема &lt;strong&gt;XT30&lt;/strong&gt; гарантирует надежное и плотное соединение. Разъемы изготовлены из высокотемпературного нейлона. Контакты покрыты золотом.&lt;/div&gt;&lt;div&gt;Контакты рассчитаны на прохождение тока силой до &lt;strong&gt;30А&lt;/strong&gt;. Корпус коннекторов имеет несимметричную форму, исключающую возможность случайной переполюсовки.&lt;/div&gt;Комплекте включает в себя две встречных части разъёма (папа+мама).&amp;nbsp; Как правило, мама идет на батарею, а папа - на нагрузку (ESC и пр.)]]&gt;</description>
				<description_ua>&lt;![CDATA[Роз'єм &lt;strong&gt;XT30 &lt;/strong&gt;- один з найпопулярніших силових роз'ємів, що використовуються в моделюванні. Кругла форма контактів роз'єму &lt;strong&gt;XT30 &lt;/strong&gt;гарантує надійне і щільне з'єднання. Роз'єми виготовлені з високотемпературного нейлону. Контакти покриті золотом.&lt;br&gt;Контакти розраховані на проходження струму силою до &lt;strong&gt;30А&lt;/strong&gt;. Корпус конекторів має несиметричну форму, що виключає можливість випадкового переполюсування.&lt;br&gt; Комплект включає дві зустрічні частини роз'єму (тато + мама). Як правило, мама йде на батарею, а тато - на навантаження (ESC та ін.)]]&gt;</description_ua>
				<param name="Призначення"/>
				<param name="Категорія товару">Силові роз'єми</param>
			</offer>
			<offer available="true" id="22680">
				<url>https://welcome-mobi.com.ua/shop/product/silikonovyy-mnogojilnyy-gibkiy-provod-AWG-24-black</url>
				<price>18</price>
				<currencyId>UAH</currencyId>
				<categoryId>22615</categoryId>
				<picture>https://welcome-mobi.com.ua/uploads/shop/origin/115130_main_origin.jpg</picture>
				<delivery>true</delivery>
				<name_ua>Силіконовий багатожильний гнучкий дріт AWG 24 black (1 метр)</name_ua>
				<name>Силиконовый многожильный гибкий провод AWG 24 black (1 метр)</name>
				<vendor>Без бренду</vendor>
				<stock_quantity>668</stock_quantity>
				<description>&lt;![CDATA[&lt;div&gt;Площадь мм2 — 0,205;&lt;/div&gt;&lt;div&gt;Расчетная Токовая нагрузка — 2.1A&lt;/div&gt;]]&gt;</description>
				<description_ua>&lt;![CDATA[&lt;div&gt;Площа мм2 — 0,205;&lt;/div&gt;&lt;div&gt;Розрахункове струмове навантаження — 2.1A&lt;/div&gt;]]&gt;</description_ua>
				<param name="Призначення"/>
				<param name="Категорія товару">Багатожильні дроти</param>
			</offer>
			<offer available="true" id="22699">
				<url>https://welcome-mobi.com.ua/shop/product/silikonovyy-mnogojilnyy-gibkiy-provod-AWG-8-black</url>
				<price>200</price>
				<currencyId>UAH</currencyId>
				<categoryId>22615</categoryId>
				<picture>https://welcome-mobi.com.ua/uploads/shop/origin/115133_main_origin.jpg</picture>
				<delivery>true</delivery>
				<name_ua>Силіконовий багатожильний гнучкий дріт AWG 8 black (1 метр)</name_ua>
				<name>Силиконовый многожильный гибкий провод AWG 8 black (1 метр)</name>
				<vendor>Без бренду</vendor>
				<stock_quantity>346</stock_quantity>
				<description>&lt;![CDATA[Площадь мм2&amp;nbsp;— 8,37;&amp;nbsp;&lt;div&gt;Расчетная токовая нагрузка&amp;nbsp;—&amp;nbsp;40A&lt;/div&gt;]]&gt;</description>
				<description_ua>&lt;![CDATA[Площа мм2&amp;nbsp;— 8,37;&amp;nbsp;&lt;div&gt;Розрахункове струмове навантаження —&amp;nbsp;40A&lt;/div&gt;]]&gt;</description_ua>
				<param name="Призначення"/>
				<param name="Категорія товару">Багатожильні дроти</param>
			</offer>
			<offer available="true" id="22634">
				<url>https://welcome-mobi.com.ua/shop/product/silovoy-razem-XT150-130A-500V-F+M-Red</url>
				<price>90</price>
				<currencyId>UAH</currencyId>
				<categoryId>22615</categoryId>
				<picture>https://welcome-mobi.com.ua/uploads/shop/origin/115080_main_origin.jpg</picture>
				<delivery>true</delivery>
				<name_ua>Силовий роз'єм XT150 130A 500V red  (F+M)</name_ua>
				<name>Силовой разъём XT150 130A 500V red (F+M)</name>
				<vendor>Без бренду</vendor>
				<stock_quantity>113</stock_quantity>
				<description>&lt;![CDATA[Разъемы XT150 изготавливаются из специального нейлона, являются долговечными комплектующими. Контактная поверхность большая, благодаря чему изделие не нагревается более чем до 80°C даже при длительной работе с высокими токами более 150А.]]&gt;</description>
				<description_ua>&lt;![CDATA[Роз'єми XT150 виготовляються із спеціального нейлону, є довговічними комплектуючими. Контактна поверхня велика, завдяки чому виріб не нагрівається до 80°C навіть при тривалій роботі з високим струмом більше 150А.]]&gt;</description_ua>
				<param name="Призначення"/>
				<param name="Категорія товару">Силові роз'єми</param>
			</offer>
			<offer available="true" id="23052">
				<url>https://welcome-mobi.com.ua/shop/product/vlagozaschitnaya-rezinovaya-probka-Xiaomi</url>
				<price>85</price>
				<currencyId>UAH</currencyId>
				<categoryId>22615</categoryId>
				<picture>https://welcome-mobi.com.ua/uploads/shop/origin/115533_main_origin.jpg</picture>
				<delivery>true</delivery>
				<name_ua>Вологозахисна резинова пробка Xiaomi</name_ua>
				<name>Влагозащитная резиновая пробка Xiaomi</name>
				<vendor>Xiaomi</vendor>
				<stock_quantity>12</stock_quantity>
				<description>&lt;![CDATA[Влагозащитная резиновая пробка Xiaomi]]&gt;</description>
				<description_ua>&lt;![CDATA[Вологозахисна резинова пробка Xiaomi]]&gt;</description_ua>
				<param name="Призначення"/>
				<param name="Категорія товару">Корпусні деталі</param>
			</offer>
			<offer available="true" id="25791">
				<url>https://welcome-mobi.com.ua/shop/product/silikonovyy-mnogojilnyy-gibkiy-provod-AWG-4-black--1-metr-</url>
				<price>401</price>
				<currencyId>UAH</currencyId>
				<categoryId>22615</categoryId>
				<picture>https://welcome-mobi.com.ua/uploads/shop/origin/118536_main_origin.jpg</picture>
				<delivery>true</delivery>
				<name_ua>Силіконовий багатожильний гнучкий дріт AWG 4 black (1 метр)</name_ua>
				<name>Силиконовый многожильный гибкий провод AWG 4 black (1 метр)</name>
				<vendor>Без бренду</vendor>
				<stock_quantity>157</stock_quantity>
				<description>&lt;![CDATA[Силиконовый многожильный гибкий провод AWG 4 black (1 метр)]]&gt;</description>
				<description_ua>&lt;![CDATA[Силіконовий багатожильний гнучкий дріт AWG 4 black (1 метр)]]&gt;</description_ua>
				<param name="Призначення"/>
				<param name="Категорія товару">Багатожильні дроти</param>
			</offer>
			<offer available="true" id="22696">
				<url>https://welcome-mobi.com.ua/shop/product/silikonovyy-mnogojilnyy-gibkiy-provod-AWG-10-red</url>
				<price>125</price>
				<currencyId>UAH</currencyId>
				<categoryId>22615</categoryId>
				<picture>https://welcome-mobi.com.ua/uploads/shop/origin/115135_main_origin.jpg</picture>
				<delivery>true</delivery>
				<name_ua>Силіконовий багатожильний гнучкий дріт AWG 10 red (1 метр)</name_ua>
				<name>Силиконовый многожильный гибкий провод AWG 10 red (1 метр)</name>
				<vendor>Без бренду</vendor>
				<stock_quantity>441</stock_quantity>
				<description>&lt;![CDATA[&lt;div&gt;Площадь мм2 — 5,26;&amp;nbsp;&lt;/div&gt;&lt;div&gt;Расчетная токовая нагрузка — 30A&lt;/div&gt;]]&gt;</description>
				<description_ua>&lt;![CDATA[&lt;div&gt;Площа мм2 — 5,26;&amp;nbsp;&lt;/div&gt;&lt;div&gt;Розрахункове струмове навантаження — 30A&lt;/div&gt;]]&gt;</description_ua>
				<param name="Призначення"/>
				<param name="Категорія товару">Багатожильні дроти</param>
			</offer>
			<offer available="true" id="22684">
				<url>https://welcome-mobi.com.ua/shop/product/silikonovyy-mnogojilnyy-gibkiy-provod-AWG-20-red</url>
				<price>24</price>
				<currencyId>UAH</currencyId>
				<categoryId>22615</categoryId>
				<picture>https://welcome-mobi.com.ua/uploads/shop/origin/115131_main_origin.jpg</picture>
				<delivery>true</delivery>
				<name_ua>Силіконовий багатожильний гнучкий дріт AWG 20 red (1 метр)</name_ua>
				<name>Силиконовый многожильный гибкий провод AWG 20 red (1 метр)</name>
				<vendor>Без бренду</vendor>
				<stock_quantity>204</stock_quantity>
				<description>&lt;![CDATA[&lt;div&gt;Площадь мм2 — 0,518;&lt;/div&gt;&lt;div&gt;Расчетная токовая нагрузка — 5A&lt;/div&gt;]]&gt;</description>
				<description_ua>&lt;![CDATA[&lt;div&gt;Площа мм2 — 0,518;&lt;/div&gt;&lt;div&gt;Розрахункове струмове навантаження — 5A&lt;/div&gt;]]&gt;</description_ua>
				<param name="Призначення"/>
				<param name="Категорія товару">Багатожильні дроти</param>
			</offer>
			<offer available="true" id="22685">
				<url>https://welcome-mobi.com.ua/shop/product/silikonovyy-mnogojilnyy-gibkiy-provod-AWG-20-black</url>
				<price>24</price>
				<currencyId>UAH</currencyId>
				<categoryId>22615</categoryId>
				<picture>https://welcome-mobi.com.ua/uploads/shop/origin/115132_main_origin.jpg</picture>
				<delivery>true</delivery>
				<name_ua>Силіконовий багатожильний гнучкий дріт AWG 20 black (1 метр)</name_ua>
				<name>Силиконовый многожильный гибкий провод AWG 20 black (1 метр)</name>
				<vendor>Без бренду</vendor>
				<stock_quantity>227</stock_quantity>
				<description>&lt;![CDATA[&lt;div&gt;Площадь мм2 — 0,518;&lt;/div&gt;&lt;div&gt;Расчетная токовая нагрузка — 5A&lt;/div&gt;]]&gt;</description>
				<description_ua>&lt;![CDATA[&lt;div&gt;Площа мм2 — 0,518;&lt;/div&gt;&lt;div&gt;Розрахункове струмове навантаження — 5A&lt;/div&gt;]]&gt;</description_ua>
				<param name="Призначення"/>
				<param name="Категорія товару">Багатожильні дроти</param>
			</offer>
			<offer available="true" id="22697">
				<url>https://welcome-mobi.com.ua/shop/product/silikonovyy-mnogojilnyy-gibkiy-provod-AWG-10-black</url>
				<price>125</price>
				<currencyId>UAH</currencyId>
				<categoryId>22615</categoryId>
				<picture>https://welcome-mobi.com.ua/uploads/shop/origin/115141_main_origin.jpg</picture>
				<delivery>true</delivery>
				<name_ua>Силіконовий багатожильний гнучкий дріт AWG 10 black (1 метр)</name_ua>
				<name>Силиконовый многожильный гибкий провод AWG 10 black (1 метр)</name>
				<vendor>Без бренду</vendor>
				<stock_quantity>434</stock_quantity>
				<description>&lt;![CDATA[&lt;div&gt;Площадь мм2 — 5,26;&amp;nbsp;&lt;/div&gt;&lt;div&gt;Расчетная токовая нагрузка — 30A&lt;/div&gt;]]&gt;</description>
				<description_ua>&lt;![CDATA[&lt;div&gt;Площа мм2 — 5,26;&amp;nbsp;&lt;/div&gt;&lt;div&gt;Розрахункове струмове навантаження — 30A&lt;/div&gt;]]&gt;</description_ua>
				<param name="Призначення"/>
				<param name="Категорія товару">Багатожильні дроти</param>
			</offer>
			<offer available="true" id="22635">
				<url>https://welcome-mobi.com.ua/shop/product/silovoy-razem-XT150-130A-500V-F+M-Blue</url>
				<price>90</price>
				<currencyId>UAH</currencyId>
				<categoryId>22615</categoryId>
				<picture>https://welcome-mobi.com.ua/uploads/shop/origin/115124_main_origin.jpg</picture>
				<delivery>true</delivery>
				<name_ua>Силовий роз'єм XT150 130A 500V blue (F+M)</name_ua>
				<name>Силовой разъём XT150 130A 500V blue (F+M)</name>
				<vendor>Без бренду</vendor>
				<stock_quantity>131</stock_quantity>
				<description>&lt;![CDATA[Разъемы XT150 изготавливаются из специального нейлона, являются долговечными комплектующими. Контактная поверхность большая, благодаря чему изделие не нагревается более чем до 80°C даже при длительной работе с высокими токами более 150А.]]&gt;</description>
				<description_ua>&lt;![CDATA[Роз'єми XT150 виготовляються із спеціального нейлону, є довговічними комплектуючими. Контактна поверхня велика, завдяки чому виріб не нагрівається до 80°C навіть при тривалій роботі з високим струмом більше 150А.]]&gt;</description_ua>
				<param name="Призначення"/>
				<param name="Категорія товару">Силові роз'єми</param>
			</offer>
			<offer available="true" id="22688">
				<url>https://welcome-mobi.com.ua/shop/product/silikonovyy-mnogojilnyy-gibkiy-provod-AWG-20-blue</url>
				<price>24</price>
				<currencyId>UAH</currencyId>
				<categoryId>22615</categoryId>
				<picture>https://welcome-mobi.com.ua/uploads/shop/origin/115134_main_origin.jpg</picture>
				<delivery>true</delivery>
				<name_ua>Силіконовий багатожильний гнучкий дріт AWG 20 blue (1 метр)</name_ua>
				<name>Силиконовый многожильный гибкий провод AWG 20 blue (1 метр)</name>
				<vendor>Без бренду</vendor>
				<stock_quantity>364</stock_quantity>
				<description>&lt;![CDATA[&lt;div&gt;Площадь мм2 — 0,518;&lt;/div&gt;&lt;div&gt;Расчетная токовая нагрузка — 5A&lt;/div&gt;]]&gt;</description>
				<description_ua>&lt;![CDATA[&lt;div&gt;Площа мм2 — 0,518;&lt;/div&gt;&lt;div&gt;Розрахункове струмове навантаження — 5A&lt;/div&gt;]]&gt;</description_ua>
				<param name="Призначення"/>
				<param name="Категорія товару">Багатожильні дроти</param>
			</offer>
			<offer available="true" id="22711">
				<url>https://welcome-mobi.com.ua/shop/product/holdery-21700-3P-kletka-razbornye</url>
				<price>6</price>
				<currencyId>UAH</currencyId>
				<categoryId>22615</categoryId>
				<picture>https://welcome-mobi.com.ua/uploads/shop/origin/115152_main_origin.jpg</picture>
				<delivery>true</delivery>
				<name_ua>Холдери 21700 3P клітинка розбірні</name_ua>
				<name>Холдеры 21700 3P клетка разборные</name>
				<vendor>Без бренду</vendor>
				<stock_quantity>1171</stock_quantity>
				<description>&lt;![CDATA[Холдеры 21700 3P клетка разборные]]&gt;</description>
				<description_ua>&lt;![CDATA[Холдери 21700 3P клітинка розбірні]]&gt;</description_ua>
				<param name="Призначення"/>
				<param name="Категорія товару">Холдери для акумуляторних елементів</param>
			</offer>
			<offer available="true" id="22639">
				<url>https://welcome-mobi.com.ua/shop/product/silovoy-razem-MT60-60A-500V-F+M</url>
				<price>100</price>
				<currencyId>UAH</currencyId>
				<categoryId>22615</categoryId>
				<picture>https://welcome-mobi.com.ua/uploads/shop/origin/115121_main_origin.jpg</picture>
				<delivery>true</delivery>
				<name_ua>Силовий роз'єм MT60 60A 500V (F+M+2 ковпачка)</name_ua>
				<name>Силовой разъём MT60 60A 500V (F+M+2 колпачка)</name>
				<vendor>Без бренду</vendor>
				<stock_quantity>164</stock_quantity>
				<description>&lt;![CDATA[Коннекторы MT60 используются для подключения силовых соединений на 3 провода c током до 60А.]]&gt;</description>
				<description_ua>&lt;![CDATA[Конектори MT60 використовуються для підключення силових з'єднань на 3 дроти зі струмом до 60A.]]&gt;</description_ua>
				<param name="Призначення"/>
				<param name="Категорія товару">Силові роз'єми</param>
			</offer>
			<offer available="true" id="22687">
				<url>https://welcome-mobi.com.ua/shop/product/silikonovyy-mnogojilnyy-gibkiy-provod-AWG-20-yellow</url>
				<price>24</price>
				<currencyId>UAH</currencyId>
				<categoryId>22615</categoryId>
				<picture>https://welcome-mobi.com.ua/uploads/shop/origin/115145_main_origin.jpg</picture>
				<delivery>true</delivery>
				<name_ua>Силіконовий багатожильний гнучкий дріт AWG 20 yellow (1 метр)</name_ua>
				<name>Силиконовый многожильный гибкий провод AWG 20 yellow (1 метр)</name>
				<vendor>Без бренду</vendor>
				<stock_quantity>198</stock_quantity>
				<description>&lt;![CDATA[&lt;div&gt;Площадь мм2 — 0,518;&lt;/div&gt;&lt;div&gt;Расчетная токовая нагрузка — 5A&lt;/div&gt;]]&gt;</description>
				<description_ua>&lt;![CDATA[&lt;div&gt;Площа мм2 — 0,518;&lt;/div&gt;&lt;div&gt;Розрахункове струмове навантаження — 5A&lt;/div&gt;]]&gt;</description_ua>
				<param name="Призначення"/>
				<param name="Категорія товару">Багатожильні дроти</param>
			</offer>
			<offer available="true" id="22708">
				<url>https://welcome-mobi.com.ua/shop/product/holdery-18650-kletka-razbornye</url>
				<price>6</price>
				<currencyId>UAH</currencyId>
				<categoryId>22615</categoryId>
				<picture>https://welcome-mobi.com.ua/uploads/shop/origin/115157_main_origin.jpg</picture>
				<delivery>true</delivery>
				<name_ua>Холдери 18650 клітка розбірні</name_ua>
				<name>Холдеры 18650 клетка разборные</name>
				<vendor>Без бренду</vendor>
				<stock_quantity>562</stock_quantity>
				<description>&lt;![CDATA[Холдеры 18650 клетка разборные]]&gt;</description>
				<description_ua>&lt;![CDATA[Холдери 18650 клітка розбірні]]&gt;</description_ua>
				<param name="Призначення"/>
				<param name="Категорія товару">Холдери для акумуляторних елементів</param>
			</offer>
			<offer available="true" id="22710">
				<url>https://welcome-mobi.com.ua/shop/product/holdery-21700-2P-kletka-razbornye</url>
				<price>8</price>
				<currencyId>UAH</currencyId>
				<categoryId>22615</categoryId>
				<picture>https://welcome-mobi.com.ua/uploads/shop/origin/115158_main_origin.jpg</picture>
				<delivery>true</delivery>
				<name_ua>Холдери 21700 2P клітинка розбірні</name_ua>
				<name>Холдеры 21700 2P клетка разборные</name>
				<vendor>Без бренду</vendor>
				<stock_quantity>1832</stock_quantity>
				<description>&lt;![CDATA[Холдеры 21700 2P клетка разборные]]&gt;</description>
				<description_ua>&lt;![CDATA[Холдери 21700 2P клітинка розбірні]]&gt;</description_ua>
				<param name="Призначення"/>
				<param name="Категорія товару">Холдери для акумуляторних елементів</param>
			</offer>
			<offer available="true" id="22703">
				<url>https://welcome-mobi.com.ua/shop/product/Hailong-G70-s-holderami-18650</url>
				<price>1974</price>
				<currencyId>UAH</currencyId>
				<categoryId>22615</categoryId>
				<picture>https://welcome-mobi.com.ua/uploads/shop/origin/115154_main_origin.jpg</picture>
				<delivery>true</delivery>
				<name_ua>Корпус Hailong G70 з холдерами (для акумулятора 18650)</name_ua>
				<name>Корпус Hailong G70 с холдерами (для аккумулятора 18650)</name>
				<vendor>Hailong</vendor>
				<stock_quantity>24</stock_quantity>
				<description>&lt;![CDATA[Пластиковый бокс на раму велосипеда на 70 ячеек 18650]]&gt;</description>
				<description_ua>&lt;![CDATA[Пластиковий бокс на раму велосипеда на 70 осередків 18650]]&gt;</description_ua>
				<param name="Призначення"/>
				<param name="Категорія товару">Корпусні деталі</param>
			</offer>
			<offer available="true" id="22636">
				<url>https://welcome-mobi.com.ua/shop/product/silovoy-razem-XT150-130A-500V-F+M-Black</url>
				<price>90</price>
				<currencyId>UAH</currencyId>
				<categoryId>22615</categoryId>
				<picture>https://welcome-mobi.com.ua/uploads/shop/origin/115113_main_origin.jpg</picture>
				<delivery>true</delivery>
				<name_ua>Силовий роз'єм XT150 130A 500V black (F+M)</name_ua>
				<name>Силовой разъём XT150 130A 500V black (F+M)</name>
				<vendor>Без бренду</vendor>
				<stock_quantity>99</stock_quantity>
				<description>&lt;![CDATA[Разъемы XT150 изготавливаются из специального нейлона, являются долговечными комплектующими. Контактная поверхность большая, благодаря чему изделие не нагревается более чем до 80°C даже при длительной работе с высокими токами более 150А.]]&gt;</description>
				<description_ua>&lt;![CDATA[Роз'єми XT150 виготовляються із спеціального нейлону, є довговічними комплектуючими. Контактна поверхня велика, завдяки чому виріб не нагрівається до 80°C навіть при тривалій роботі з високим струмом більше 150А.]]&gt;</description_ua>
				<param name="Призначення"/>
				<param name="Категорія товару">Силові роз'єми</param>
			</offer>
			<offer available="true" id="22704">
				<url>https://welcome-mobi.com.ua/shop/product/Hailong-G80-s-holderami-18650</url>
				<price>2251</price>
				<currencyId>UAH</currencyId>
				<categoryId>22615</categoryId>
				<picture>https://welcome-mobi.com.ua/uploads/shop/origin/115151_main_origin.jpg</picture>
				<delivery>true</delivery>
				<name_ua>Корпус Hailong G80 з холдерами (для акумулятора 18650)</name_ua>
				<name>Корпус Hailong G80 с холдерами (для аккумулятора 18650)</name>
				<vendor>Hailong</vendor>
				<stock_quantity>28</stock_quantity>
				<description>&lt;![CDATA[Пластиковый бокс на раму велосипеда на 80 ячеек 18650]]&gt;</description>
				<description_ua>&lt;![CDATA[Пластиковий бокс на раму велосипеда на 80 осередків 18650]]&gt;</description_ua>
				<param name="Призначення"/>
				<param name="Категорія товару">Корпусні деталі</param>
			</offer>
			<offer available="true" id="25792">
				<url>https://welcome-mobi.com.ua/shop/product/silikonovyy-mnogojilnyy-gibkiy-provod-AWG-4-red--1-metr-</url>
				<price>401</price>
				<currencyId>UAH</currencyId>
				<categoryId>22615</categoryId>
				<picture>https://welcome-mobi.com.ua/uploads/shop/origin/118533_main_origin.jpg</picture>
				<delivery>true</delivery>
				<name_ua>Силіконовий багатожильний гнучкий дріт AWG 4 red (1 метр)</name_ua>
				<name>Силиконовый многожильный гибкий провод AWG 4 red (1 метр)</name>
				<vendor>Без бренду</vendor>
				<stock_quantity>164</stock_quantity>
				<description>&lt;![CDATA[Силиконовый многожильный гибкий провод AWG 4 red (1 метр)]]&gt;</description>
				<description_ua>&lt;![CDATA[Силіконовий багатожильний гнучкий дріт AWG 4 red (1 метр)]]&gt;</description_ua>
				<param name="Призначення"/>
				<param name="Категорія товару">Багатожильні дроти</param>
			</offer>
			<offer available="true" id="22632">
				<url>https://welcome-mobi.com.ua/shop/product/silovoy-razem-XT90-H-90A-500V-F+M</url>
				<price>90</price>
				<currencyId>UAH</currencyId>
				<categoryId>22615</categoryId>
				<picture>https://welcome-mobi.com.ua/uploads/shop/origin/115115_main_origin.jpg</picture>
				<delivery>true</delivery>
				<name_ua>Силовий роз'єм XT90-H 90A 500V (F+M+2 ковпачка)</name_ua>
				<name>Силовой разъём XT90-H 90A 500V (F+M+2 колпачка)</name>
				<vendor>Без бренду</vendor>
				<stock_quantity>195</stock_quantity>
				<description>&lt;![CDATA[Разъем &lt;strong&gt;XT90&lt;/strong&gt; - один из самых популярных силовых разъемов, используемых в моделировании. Круглая форма контактов разъема &lt;strong&gt;XT90&lt;/strong&gt; гарантирует надежное и плотное соединение. Разъемы изготовлены из высокотемпературного нейлона. Контакты покрыты золотом.&lt;br&gt;Контакты рассчитаны на прохождение тока силой до &lt;strong&gt;90А&lt;/strong&gt;. Корпус коннекторов имеет несимметричную форму, исключающую возможность случайной переполюсовки.&lt;br&gt;Комплекте включает в себя две встречных части разъёма (папа+мама).&amp;nbsp; Как правило, мама идет на батарею, а папа - на нагрузку (ESC и пр.)]]&gt;</description>
				<description_ua>&lt;![CDATA[Роз'єм &lt;strong&gt;XT90&lt;/strong&gt; - один з найпопулярніших силових роз'ємів, що використовуються в моделюванні. Кругла форма контактів роз'єму &lt;strong&gt;XT90&lt;/strong&gt; гарантує надійне і щільне з'єднання. Роз'єми виготовлені з високотемпературного нейлону. Контакти покриті золотом.&lt;br&gt;Контакти розраховані на проходження струму силою до &lt;strong&gt;90А&lt;/strong&gt;. Корпус конекторів має несиметричну форму, що виключає можливість випадкового переполюсування.&lt;br&gt; Комплект включає дві зустрічні частини роз'єму (тато + мама). Як правило, мама йде на батарею, а тато - на навантаження (ESC та ін.)]]&gt;</description_ua>
				<param name="Призначення"/>
				<param name="Категорія товару">Силові роз'єми</param>
			</offer>
			<offer available="true" id="22690">
				<url>https://welcome-mobi.com.ua/shop/product/silikonovyy-mnogojilnyy-gibkiy-provod-AWG-16-black</url>
				<price>43</price>
				<currencyId>UAH</currencyId>
				<categoryId>22615</categoryId>
				<picture>https://welcome-mobi.com.ua/uploads/shop/origin/115137_main_origin.jpg</picture>
				<delivery>true</delivery>
				<name_ua>Силіконовий багатожильний гнучкий дріт AWG 16 black (1 метр)</name_ua>
				<name>Силиконовый многожильный гибкий провод AWG 16 black (1 метр)</name>
				<vendor>Без бренду</vendor>
				<stock_quantity>284</stock_quantity>
				<description>&lt;![CDATA[&lt;div&gt;Площадь мм2 — 1,31;&lt;/div&gt;&lt;div&gt;Расчетная токовая нагрузка — 15A&lt;/div&gt;]]&gt;</description>
				<description_ua>&lt;![CDATA[&lt;div&gt;Площа мм2 — 1,31;&lt;/div&gt;&lt;div&gt;Розрахункове струмове навантаження — 15A&lt;/div&gt;]]&gt;</description_ua>
				<param name="Призначення"/>
				<param name="Категорія товару">Багатожильні дроти</param>
			</offer>
			<offer available="true" id="22691">
				<url>https://welcome-mobi.com.ua/shop/product/silikonovyy-mnogojilnyy-gibkiy-provod-AWG-14-red</url>
				<price>65</price>
				<currencyId>UAH</currencyId>
				<categoryId>22615</categoryId>
				<picture>https://welcome-mobi.com.ua/uploads/shop/origin/115138_main_origin.jpg</picture>
				<delivery>true</delivery>
				<name_ua>Силіконовий багатожильний гнучкий дріт AWG 14 red (1 метр)</name_ua>
				<name>Силиконовый многожильный гибкий провод AWG 14 red (1 метр)</name>
				<vendor>Без бренду</vendor>
				<stock_quantity>821</stock_quantity>
				<description>&lt;![CDATA[&lt;div&gt;Площадь мм2 — 2,08;&lt;/div&gt;&lt;div&gt;Расчетная токовая нагрузка — 20A&lt;/div&gt;]]&gt;</description>
				<description_ua>&lt;![CDATA[&lt;div&gt;Площа мм2 — 2,08;&lt;/div&gt;&lt;div&gt;Розрахункове струмове навантаження — 20A&lt;/div&gt;]]&gt;</description_ua>
				<param name="Призначення"/>
				<param name="Категорія товару">Багатожильні дроти</param>
			</offer>
			<offer available="true" id="22682">
				<url>https://welcome-mobi.com.ua/shop/product/silikonovyy-mnogojilnyy-gibkiy-provod-AWG-24-yellow</url>
				<price>18</price>
				<currencyId>UAH</currencyId>
				<categoryId>22615</categoryId>
				<picture>https://welcome-mobi.com.ua/uploads/shop/origin/115136_main_origin.jpg</picture>
				<delivery>true</delivery>
				<name_ua>Силіконовий багатожильний гнучкий дріт AWG 24 yellow (1 метр)</name_ua>
				<name>Силиконовый многожильный гибкий провод AWG 24 yellow (1 метр)</name>
				<vendor>Без бренду</vendor>
				<stock_quantity>285</stock_quantity>
				<description>&lt;![CDATA[&lt;div&gt;Площадь мм2 — 0,205;&lt;/div&gt;&lt;div&gt;Расчетная Токовая нагрузка — 2.1A&lt;/div&gt;]]&gt;</description>
				<description_ua>&lt;![CDATA[&lt;div&gt;Площа мм2 — 0,205;&lt;/div&gt;&lt;div&gt;Розрахункове струмове навантаження — 2.1A&lt;/div&gt;]]&gt;</description_ua>
				<param name="Призначення"/>
				<param name="Категорія товару">Багатожильні дроти</param>
			</offer>
			<offer available="true" id="22659">
				<url>https://welcome-mobi.com.ua/shop/product/originalnaya-BMS-10SE-ES1,ES2,ES3,ES4</url>
				<price>2403</price>
				<currencyId>UAH</currencyId>
				<categoryId>22619</categoryId>
				<picture>https://welcome-mobi.com.ua/uploads/shop/origin/115101_main_origin.jpg</picture>
				<delivery>true</delivery>
				<name_ua>Плата захисту акумулятора BMS-10SE Ninebot ES1, ES2, ES3, ES4 (оригінал)</name_ua>
				<name>Плата защиты аккумулятора BMS-10SE Ninebot ES1, ES2, ES3, ES4 (оригинал)</name>
				<vendor>Ninebot</vendor>
				<stock_quantity>14</stock_quantity>
				<description>&lt;![CDATA[Размеры — 355x35x10mm]]&gt;</description>
				<description_ua>&lt;![CDATA[Розміри — 355x35x10mm]]&gt;</description_ua>
				<param name="Призначення"/>
				<param name="Категорія товару">Плати захисту акумулятора</param>
			</offer>
			<offer available="true" id="26165">
				<url>https://welcome-mobi.com.ua/shop/product/plata-zaschity-akkumulyatora-Smart-BMS-JBD-SP15S020-60A--bez-bluetooth-</url>
				<price>2203</price>
				<currencyId>UAH</currencyId>
				<categoryId>22619</categoryId>
				<picture>https://welcome-mobi.com.ua/uploads/shop/origin/118788_main_origin.jpg</picture>
				<picture>https://welcome-mobi.com.ua/uploads/shop/origin/118788_0.jpg</picture>
				<picture>https://welcome-mobi.com.ua/uploads/shop/origin/118788_1.jpg</picture>
				<delivery>true</delivery>
				<name_ua>Плата захисту акумулятора Smart BMS JBD SP15S020 60A (без bluetooth)</name_ua>
				<name>Плата защиты аккумулятора Smart BMS JBD SP15S020 60A (без bluetooth)</name>
				<vendor>Без бренду</vendor>
				<stock_quantity>20</stock_quantity>
				<description>&lt;![CDATA[Плата защиты аккумулятора Smart BMS JBD SP15S020 60A (без bluetooth)]]&gt;</description>
				<description_ua>&lt;![CDATA[Плата захисту акумулятора Smart BMS JBD SP15S020 60A (без bluetooth)]]&gt;</description_ua>
				<param name="Призначення"/>
				<param name="Категорія товару">Плати захисту акумулятора</param>
			</offer>
			<offer available="true" id="22647">
				<url>https://welcome-mobi.com.ua/shop/product/Daly-16S-60A-60v-li-ion</url>
				<price>2003</price>
				<currencyId>UAH</currencyId>
				<categoryId>22619</categoryId>
				<picture>https://welcome-mobi.com.ua/uploads/shop/origin/115109_main_origin.jpg</picture>
				<delivery>true</delivery>
				<name_ua>Плата захисту акумулятора BMS Daly 16S 60A 60v li-ion</name_ua>
				<name>Плата защиты аккумулятора BMS Daly 16S 60A 60v li-ion</name>
				<vendor>Без бренду</vendor>
				<stock_quantity>15</stock_quantity>
				<description>&lt;![CDATA[&lt;table cellpadding="0" cellspacing="0" width="402" style="" border-collapse:collapse;width:302pt";border-width:1px;border-style:solid"=""&gt; &lt;tbody&gt;&lt;tr height="40"&gt; &lt;td height="40" width="206"&gt;Для химии&lt;/td&gt; &lt;td width="196"&gt;Li-Ion, LpCO, MpCO, LiPo, NMC&lt;/td&gt; &lt;/tr&gt; &lt;tr height="40"&gt; &lt;td height="40" class="xl68" width="206" style="" height:30.0pt;border-top:none;width:155pt""=""&gt;Рабочее напряжение&lt;/td&gt; &lt;td&gt;2.75-4.28v&lt;/td&gt; &lt;/tr&gt; &lt;tr height="40"&gt; &lt;td height="40" class="xl68" width="206" style="" height:30.0pt;border-top:none;width:155pt""=""&gt;Номинальный ток разряда&lt;/td&gt; &lt;td&gt;60A&lt;/td&gt; &lt;/tr&gt; &lt;tr height="40"&gt; &lt;td height="40" class="xl68" width="206" style="" height:30.0pt;border-top:none;width:155pt""=""&gt;Номинальный ток заряда&lt;/td&gt; &lt;td&gt;20A&lt;/td&gt; &lt;/tr&gt; &lt;tr height="40"&gt; &lt;td height="40" class="xl68" width="206" style="" height:30.0pt;border-top:none;width:155pt""=""&gt;Максимальный ток разряда (не более 20 сек)&lt;/td&gt; &lt;td&gt;80A&lt;/td&gt; &lt;/tr&gt; &lt;tr height="40"&gt; &lt;td height="40" class="xl68" width="206" style="" height:30.0pt;border-top:none;width:155pt""=""&gt;Балансировка, ток&lt;/td&gt; &lt;td&gt;40mA&lt;/td&gt; &lt;/tr&gt; &lt;tr height="40"&gt; &lt;td height="40" class="xl68" width="206" style="" height:30.0pt;border-top:none;width:155pt""=""&gt;Номинальное напряжение АКБ&lt;/td&gt; &lt;td&gt;60v&lt;/td&gt; &lt;/tr&gt;&lt;/tbody&gt;&lt;/table&gt;]]&gt;</description>
				<description_ua>&lt;![CDATA[&lt;table cellpadding="0" cellspacing="0" width="438" style="" border-collapse:collapse;width:329pt";border-width:1px;border-style:solid"=""&gt; &lt;tbody&gt;&lt;tr height="40"&gt; &lt;td height="40" width="242"&gt;Для хімії&lt;/td&gt; &lt;td width="196"&gt;Li-Ion, LpCO, MpCO, LiPo, NMC&lt;/td&gt; &lt;/tr&gt; &lt;tr height="40"&gt; &lt;td height="40" class="xl68" width="242" style="" height:30.0pt;border-top:none;width:182pt""=""&gt;Робоча напруга&lt;/td&gt; &lt;td&gt;2.75-4.28v&lt;/td&gt; &lt;/tr&gt; &lt;tr height="40"&gt; &lt;td height="40" class="xl68" width="242" style="" height:30.0pt;border-top:none;width:182pt""=""&gt;Номінальний струм розряду&lt;/td&gt; &lt;td&gt;60A&lt;/td&gt; &lt;/tr&gt; &lt;tr height="40"&gt; &lt;td height="40" class="xl68" width="242" style="" height:30.0pt;border-top:none;width:182pt""=""&gt;Номінальний струм заряду&lt;/td&gt; &lt;td&gt;20A&lt;/td&gt; &lt;/tr&gt; &lt;tr height="40"&gt; &lt;td height="40" class="xl68" width="242" style="" height:30.0pt;border-top:none;width:182pt""=""&gt;Максимальний струм розряду (не більше 20 сек)&lt;/td&gt; &lt;td&gt;80A&lt;/td&gt; &lt;/tr&gt; &lt;tr height="40"&gt; &lt;td height="40" class="xl68" width="242" style="" height:30.0pt;border-top:none;width:182pt""=""&gt;Балансування, струм&lt;/td&gt; &lt;td&gt;40mA&lt;/td&gt; &lt;/tr&gt; &lt;tr height="40"&gt; &lt;td height="40" class="xl68" width="242" style="" height:30.0pt;border-top:none;width:182pt""=""&gt;Номінальна напруга АКБ&lt;/td&gt; &lt;td&gt;60v&lt;/td&gt; &lt;/tr&gt;&lt;/tbody&gt;&lt;/table&gt;]]&gt;</description_ua>
				<param name="Призначення"/>
				<param name="Категорія товару">Плати захисту акумулятора</param>
			</offer>
			<offer available="true" id="22653">
				<url>https://welcome-mobi.com.ua/shop/product/JBD-16S-30A-60v-li-ion</url>
				<price>1126</price>
				<currencyId>UAH</currencyId>
				<categoryId>22619</categoryId>
				<picture>https://welcome-mobi.com.ua/uploads/shop/origin/115086_main_origin.jpg</picture>
				<delivery>true</delivery>
				<name_ua>Плата захисту акумулятора BMS JBD 16S 30A 60v li-ion</name_ua>
				<name>Плата защиты аккумулятора BMS JBD 16S 30A 60v li-ion</name>
				<vendor>Без бренду</vendor>
				<stock_quantity>48</stock_quantity>
				<description>&lt;![CDATA[&lt;table cellpadding="0" cellspacing="0" width="402" style="" border-collapse:collapse;width:302pt";border-width:1px;border-style:solid"=""&gt; &lt;tbody&gt;&lt;tr height="40"&gt; &lt;td height="40" width="206"&gt;Для химии&lt;/td&gt; &lt;td width="196"&gt;Li-Ion, LpCO, MpCO, LiPo, NMC&lt;/td&gt; &lt;/tr&gt; &lt;tr height="40"&gt; &lt;td height="40" class="xl68" width="206" style="" height:30.0pt;border-top:none;width:155pt""=""&gt;Рабочее напряжение&lt;/td&gt; &lt;td&gt;2.8-4.25v&lt;/td&gt; &lt;/tr&gt; &lt;tr height="40"&gt; &lt;td height="40" class="xl68" width="206" style="" height:30.0pt;border-top:none;width:155pt""=""&gt;Номинальный ток разряда&lt;/td&gt; &lt;td&gt;30A&lt;/td&gt; &lt;/tr&gt; &lt;tr height="40"&gt; &lt;td height="40" class="xl68" width="206" style="" height:30.0pt;border-top:none;width:155pt""=""&gt;Номинальный ток заряда&lt;/td&gt; &lt;td&gt;20A&lt;/td&gt; &lt;/tr&gt; &lt;tr height="40"&gt; &lt;td height="40" class="xl68" width="206" style="" height:30.0pt;border-top:none;width:155pt""=""&gt;Максимальный ток разряда (не более 20 сек)&lt;/td&gt; &lt;td&gt;35&lt;/td&gt; &lt;/tr&gt; &lt;tr height="40"&gt; &lt;td height="40" class="xl68" width="206" style="" height:30.0pt;border-top:none;width:155pt""=""&gt;Балансировка, ток&lt;/td&gt; &lt;td&gt;20-30mA&lt;/td&gt; &lt;/tr&gt; &lt;tr height="40"&gt; &lt;td height="40" class="xl68" width="206" style="" height:30.0pt;border-top:none;width:155pt""=""&gt;Номинальное напряжение АКБ&lt;/td&gt; &lt;td&gt;60v&lt;/td&gt; &lt;/tr&gt;&lt;/tbody&gt;&lt;/table&gt;]]&gt;</description>
				<description_ua>&lt;![CDATA[&lt;table cellpadding="0" cellspacing="0" width="438" style="" border-collapse:collapse;width:329pt";border-width:1px;border-style:solid"=""&gt; &lt;tbody&gt;&lt;tr height="40"&gt; &lt;td height="40" width="242"&gt;Для хімії&lt;/td&gt; &lt;td width="196"&gt;Li-Ion, LpCO, MpCO, LiPo, NMC&lt;/td&gt; &lt;/tr&gt; &lt;tr height="40"&gt; &lt;td height="40" class="xl68" width="242" style="" height:30.0pt;border-top:none;width:182pt""=""&gt;Робоча напруга&lt;/td&gt; &lt;td&gt;2.8-4.25v&lt;/td&gt; &lt;/tr&gt; &lt;tr height="40"&gt; &lt;td height="40" class="xl68" width="242" style="" height:30.0pt;border-top:none;width:182pt""=""&gt;Номінальний струм розряду&lt;/td&gt; &lt;td&gt;30A&lt;/td&gt; &lt;/tr&gt; &lt;tr height="40"&gt; &lt;td height="40" class="xl68" width="242" style="" height:30.0pt;border-top:none;width:182pt""=""&gt;Номінальний струм заряду&lt;/td&gt; &lt;td&gt;20A&lt;/td&gt; &lt;/tr&gt; &lt;tr height="40"&gt; &lt;td height="40" class="xl68" width="242" style="" height:30.0pt;border-top:none;width:182pt""=""&gt;Максимальний струм розряду (не більше 20 сек)&lt;/td&gt; &lt;td&gt;35&lt;/td&gt; &lt;/tr&gt; &lt;tr height="40"&gt; &lt;td height="40" class="xl68" width="242" style="" height:30.0pt;border-top:none;width:182pt""=""&gt;Балансування, струм&lt;/td&gt; &lt;td&gt;20-30mA&lt;/td&gt; &lt;/tr&gt; &lt;tr height="40"&gt; &lt;td height="40" class="xl68" width="242" style="" height:30.0pt;border-top:none;width:182pt""=""&gt;Номінальна напруга АКБ&lt;/td&gt; &lt;td&gt;60v&lt;/td&gt; &lt;/tr&gt;&lt;/tbody&gt;&lt;/table&gt;]]&gt;</description_ua>
				<param name="Призначення"/>
				<param name="Категорія товару">Плати захисту акумулятора</param>
			</offer>
			<offer available="true" id="22657">
				<url>https://welcome-mobi.com.ua/shop/product/Bluetooth-module-dlya-Smart-BMS-JBD</url>
				<price>459</price>
				<currencyId>UAH</currencyId>
				<categoryId>22619</categoryId>
				<picture>https://welcome-mobi.com.ua/uploads/shop/origin/115087_main_origin.jpg</picture>
				<delivery>true</delivery>
				<name_ua>Bluetooth модуль для плати захисту акумулятора Smart BMS JBD</name_ua>
				<name>Bluetooth модуль для платы защиты аккумулятора Smart BMS JBD</name>
				<vendor>Без бренду</vendor>
				<stock_quantity>127</stock_quantity>
				<description>&lt;![CDATA[Bluetooth модуль для платы защиты аккумулятора Smart BMS JBD]]&gt;</description>
				<description_ua>&lt;![CDATA[Bluetooth модуль для плати захисту акумулятора Smart BMS JBD]]&gt;</description_ua>
				<param name="Призначення"/>
				<param name="Категорія товару">Плати захисту акумулятора</param>
			</offer>
			<offer available="true" id="22658">
				<url>https://welcome-mobi.com.ua/shop/product/originalnaya-BMS-G30D-G30MAX</url>
				<price>2586</price>
				<currencyId>UAH</currencyId>
				<categoryId>22619</categoryId>
				<picture>https://welcome-mobi.com.ua/uploads/shop/origin/115091_main_origin.jpg</picture>
				<picture>https://welcome-mobi.com.ua/uploads/shop/origin/115091_0.jpg</picture>
				<delivery>true</delivery>
				<name_ua>Плата захисту акумулятора BMS-G30D Ninebot G30 Max (оригінал)</name_ua>
				<name>Плата защиты аккумулятора BMS-G30D Ninebot G30 Max (оригинал)</name>
				<vendor>Ninebot</vendor>
				<stock_quantity>46</stock_quantity>
				<description>&lt;![CDATA[&lt;div&gt;Рамеры — 90x100x20mm;&lt;/div&gt;&lt;div&gt;Вес — 40g&lt;/div&gt;]]&gt;</description>
				<description_ua>&lt;![CDATA[&lt;div&gt;Розміри — 90x100x20mm;&amp;nbsp;&lt;/div&gt;&lt;div&gt;Вага — 40g&lt;/div&gt;]]&gt;</description_ua>
				<param name="Призначення"/>
				<param name="Категорія товару">Плати захисту акумулятора</param>
			</offer>
			<offer available="true" id="22640">
				<url>https://welcome-mobi.com.ua/shop/product/Daly-7S-20A-24v-li-ion</url>
				<price>621</price>
				<currencyId>UAH</currencyId>
				<categoryId>22619</categoryId>
				<picture>https://welcome-mobi.com.ua/uploads/shop/origin/115249_main_origin.jpg</picture>
				<delivery>true</delivery>
				<name_ua>Плата захисту акумулятора BMS Daly 7S 20A 24v li-ion</name_ua>
				<name>Плата защиты аккумулятора BMS Daly 7S 20A 24v li-ion</name>
				<vendor>Без бренду</vendor>
				<stock_quantity>29</stock_quantity>
				<description>&lt;![CDATA[&lt;table cellpadding="0" cellspacing="0" width="402" style="" border-collapse:collapse;width:302pt";border-width:1px;border-style:solid"=""&gt; &lt;tbody&gt;&lt;tr height="40"&gt; &lt;td height="40" width="206"&gt;Для химии&lt;/td&gt; &lt;td width="196"&gt;Li-Ion, LpCO, MpCO, LiPo, NMC&lt;/td&gt; &lt;/tr&gt; &lt;tr height="40"&gt; &lt;td height="40" class="xl68" width="206" style="" height:30.0pt;border-top:none;width:155pt""=""&gt;Рабочее напряжение&lt;/td&gt; &lt;td&gt;2.75-4.28v&lt;/td&gt; &lt;/tr&gt; &lt;tr height="40"&gt; &lt;td height="40" class="xl68" width="206" style="" height:30.0pt;border-top:none;width:155pt""=""&gt;Номинальный ток разряда&lt;/td&gt; &lt;td&gt;20A&lt;/td&gt; &lt;/tr&gt; &lt;tr height="40"&gt; &lt;td height="40" class="xl68" width="206" style="" height:30.0pt;border-top:none;width:155pt""=""&gt;Номинальный ток заряда&lt;/td&gt; &lt;td&gt;10A&lt;/td&gt; &lt;/tr&gt; &lt;tr height="40"&gt; &lt;td height="40" class="xl68" width="206" style="" height:30.0pt;border-top:none;width:155pt""=""&gt;Максимальный ток разряда (не более 20 сек)&lt;/td&gt; &lt;td&gt;35A&lt;/td&gt; &lt;/tr&gt; &lt;tr height="40"&gt; &lt;td height="40" class="xl68" width="206" style="" height:30.0pt;border-top:none;width:155pt""=""&gt;Балансировка, ток&lt;/td&gt; &lt;td&gt;40mA&lt;/td&gt; &lt;/tr&gt; &lt;tr height="40"&gt; &lt;td height="40" class="xl68" width="206" style="" height:30.0pt;border-top:none;width:155pt""=""&gt;Номинальное напряжение АКБ&lt;/td&gt; &lt;td&gt;24v&lt;/td&gt; &lt;/tr&gt;&lt;/tbody&gt;&lt;/table&gt;]]&gt;</description>
				<description_ua>&lt;![CDATA[&lt;table cellpadding="0" cellspacing="0" width="438" style="" border-collapse:collapse;width:329pt";border-width:1px;border-style:solid"=""&gt; &lt;tbody&gt;&lt;tr height="40"&gt; &lt;td height="40" width="242"&gt;Для хімії&lt;/td&gt; &lt;td width="196"&gt;Li-Ion, LpCO, MpCO, LiPo, NMC&lt;/td&gt; &lt;/tr&gt; &lt;tr height="40"&gt; &lt;td height="40" class="xl68" width="242" style="" height:30.0pt;border-top:none;width:182pt""=""&gt;Робоча напруга&lt;/td&gt; &lt;td&gt;2.75-4.28v&lt;/td&gt; &lt;/tr&gt; &lt;tr height="40"&gt; &lt;td height="40" class="xl68" width="242" style="" height:30.0pt;border-top:none;width:182pt""=""&gt;Номінальний струм розряду&lt;/td&gt; &lt;td&gt;20A&lt;/td&gt; &lt;/tr&gt; &lt;tr height="40"&gt; &lt;td height="40" class="xl68" width="242" style="" height:30.0pt;border-top:none;width:182pt""=""&gt;Номінальний струм заряду&lt;/td&gt; &lt;td&gt;10A&lt;/td&gt; &lt;/tr&gt; &lt;tr height="40"&gt; &lt;td height="40" class="xl68" width="242" style="" height:30.0pt;border-top:none;width:182pt""=""&gt;Максимальний струм розряду (не більше 20 сек)&lt;/td&gt; &lt;td&gt;35A&lt;/td&gt; &lt;/tr&gt; &lt;tr height="40"&gt; &lt;td height="40" class="xl68" width="242" style="" height:30.0pt;border-top:none;width:182pt""=""&gt;Балансування, струм&lt;/td&gt; &lt;td&gt;40mA&lt;/td&gt; &lt;/tr&gt; &lt;tr height="40"&gt; &lt;td height="40" class="xl68" width="242" style="" height:30.0pt;border-top:none;width:182pt""=""&gt;Номінальна напруга АКБ&lt;/td&gt; &lt;td&gt;24v&lt;/td&gt; &lt;/tr&gt;&lt;/tbody&gt;&lt;/table&gt;]]&gt;</description_ua>
				<param name="Призначення"/>
				<param name="Категорія товару">Плати захисту акумулятора</param>
			</offer>
			<offer available="true" id="22654">
				<url>https://welcome-mobi.com.ua/shop/product/JBD-20S-60A-72v-li-ion</url>
				<price>2083</price>
				<currencyId>UAH</currencyId>
				<categoryId>22619</categoryId>
				<picture>https://welcome-mobi.com.ua/uploads/shop/origin/115105_main_origin.jpg</picture>
				<delivery>true</delivery>
				<name_ua>Плата захисту акумулятора BMS JBD 20S 60A 72v li-ion</name_ua>
				<name>Плата защиты аккумулятора BMS JBD 20S 60A 72v li-ion</name>
				<vendor>Без бренду</vendor>
				<stock_quantity>28</stock_quantity>
				<description>&lt;![CDATA[&lt;table cellpadding="0" cellspacing="0" width="402" style="" border-collapse:collapse;width:302pt";border-width:1px;border-style:solid"=""&gt; &lt;tbody&gt;&lt;tr height="40"&gt; &lt;td height="40" width="206"&gt;Для химии&lt;/td&gt; &lt;td width="196"&gt;Li-Ion, LpCO, MpCO, LiPo, NMC&lt;/td&gt; &lt;/tr&gt; &lt;tr height="40"&gt; &lt;td height="40" class="xl68" width="206" style="" height:30.0pt;border-top:none;width:155pt""=""&gt;Рабочее напряжение&lt;/td&gt; &lt;td&gt;2.8-4.25v&lt;/td&gt; &lt;/tr&gt; &lt;tr height="40"&gt; &lt;td height="40" class="xl68" width="206" style="" height:30.0pt;border-top:none;width:155pt""=""&gt;Номинальный ток разряда&lt;/td&gt; &lt;td&gt;60A&lt;/td&gt; &lt;/tr&gt; &lt;tr height="40"&gt; &lt;td height="40" class="xl68" width="206" style="" height:30.0pt;border-top:none;width:155pt""=""&gt;Номинальный ток заряда&lt;/td&gt; &lt;td&gt;30A&lt;/td&gt; &lt;/tr&gt; &lt;tr height="40"&gt; &lt;td height="40" class="xl68" width="206" style="" height:30.0pt;border-top:none;width:155pt""=""&gt;Максимальный ток разряда (не более 20 сек)&lt;/td&gt; &lt;td&gt;70A&lt;/td&gt; &lt;/tr&gt; &lt;tr height="40"&gt; &lt;td height="40" class="xl68" width="206" style="" height:30.0pt;border-top:none;width:155pt""=""&gt;Балансировка, ток&lt;/td&gt; &lt;td&gt;20-30mA&lt;/td&gt; &lt;/tr&gt; &lt;tr height="40"&gt; &lt;td height="40" class="xl68" width="206" style="" height:30.0pt;border-top:none;width:155pt""=""&gt;Номинальное напряжение АКБ&lt;/td&gt; &lt;td&gt;72v; 74v&lt;/td&gt; &lt;/tr&gt;&lt;/tbody&gt;&lt;/table&gt;]]&gt;</description>
				<description_ua>&lt;![CDATA[&lt;table cellpadding="0" cellspacing="0" width="438" style="" border-collapse:collapse;width:329pt";border-width:1px;border-style:solid"=""&gt; &lt;tbody&gt;&lt;tr height="40"&gt; &lt;td height="40" width="242"&gt;Для хімії&lt;/td&gt; &lt;td width="196"&gt;Li-Ion, LpCO, MpCO, LiPo, NMC&lt;/td&gt; &lt;/tr&gt; &lt;tr height="40"&gt; &lt;td height="40" class="xl68" width="242" style="" height:30.0pt;border-top:none;width:182pt""=""&gt;Робоча напруга&lt;/td&gt; &lt;td&gt;2.8-4.25v&lt;/td&gt; &lt;/tr&gt; &lt;tr height="40"&gt; &lt;td height="40" class="xl68" width="242" style="" height:30.0pt;border-top:none;width:182pt""=""&gt;Номінальний струм розряду&lt;/td&gt; &lt;td&gt;60A&lt;/td&gt; &lt;/tr&gt; &lt;tr height="40"&gt; &lt;td height="40" class="xl68" width="242" style="" height:30.0pt;border-top:none;width:182pt""=""&gt;Номінальний струм заряду&lt;/td&gt; &lt;td&gt;30A&lt;/td&gt; &lt;/tr&gt; &lt;tr height="40"&gt; &lt;td height="40" class="xl68" width="242" style="" height:30.0pt;border-top:none;width:182pt""=""&gt;Максимальний струм розряду (не більше 20 сек)&lt;/td&gt; &lt;td&gt;70A&lt;/td&gt; &lt;/tr&gt; &lt;tr height="40"&gt; &lt;td height="40" class="xl68" width="242" style="" height:30.0pt;border-top:none;width:182pt""=""&gt;Балансування, струм&lt;/td&gt; &lt;td&gt;20-30mA&lt;/td&gt; &lt;/tr&gt; &lt;tr height="40"&gt; &lt;td height="40" class="xl68" width="242" style="" height:30.0pt;border-top:none;width:182pt""=""&gt;Номінальна напруга АКБ&lt;/td&gt; &lt;td&gt;72v; 74v&lt;/td&gt; &lt;/tr&gt;&lt;/tbody&gt;&lt;/table&gt;]]&gt;</description_ua>
				<param name="Призначення"/>
				<param name="Категорія товару">Плати захисту акумулятора</param>
			</offer>
			<offer available="true" id="22651">
				<url>https://welcome-mobi.com.ua/shop/product/JBD-10S-40A-36v-li-ion</url>
				<price>1122</price>
				<currencyId>UAH</currencyId>
				<categoryId>22619</categoryId>
				<picture>https://welcome-mobi.com.ua/uploads/shop/origin/115108_main_origin.jpg</picture>
				<delivery>true</delivery>
				<name_ua>Плата захисту акумулятора BMS JBD 10S 40A 36v li-ion</name_ua>
				<name>Плата защиты аккумулятора BMS JBD 10S 40A 36v li-ion</name>
				<vendor>Без бренду</vendor>
				<stock_quantity>48</stock_quantity>
				<description>&lt;![CDATA[&lt;table cellpadding="0" cellspacing="0" width="402" style="" border-collapse:collapse;width:302pt";border-width:1px;border-style:solid"=""&gt; &lt;tbody&gt;&lt;tr height="40"&gt; &lt;td height="40" width="206"&gt;Для химии&lt;/td&gt; &lt;td width="196"&gt;Li-Ion, LpCO, MpCO, LiPo, NMC&lt;/td&gt; &lt;/tr&gt; &lt;tr height="40"&gt; &lt;td height="40" class="xl68" width="206" style="" height:30.0pt;border-top:none;width:155pt""=""&gt;Рабочее напряжение&lt;/td&gt; &lt;td&gt;2.8-4.25v&lt;/td&gt; &lt;/tr&gt; &lt;tr height="40"&gt; &lt;td height="40" class="xl68" width="206" style="" height:30.0pt;border-top:none;width:155pt""=""&gt;Номинальный ток разряда&lt;/td&gt; &lt;td&gt;40A&lt;/td&gt; &lt;/tr&gt; &lt;tr height="40"&gt; &lt;td height="40" class="xl68" width="206" style="" height:30.0pt;border-top:none;width:155pt""=""&gt;Номинальный ток заряда&lt;/td&gt; &lt;td&gt;20A&lt;/td&gt; &lt;/tr&gt; &lt;tr height="40"&gt; &lt;td height="40" class="xl68" width="206" style="" height:30.0pt;border-top:none;width:155pt""=""&gt;Максимальный ток разряда (не более 20 сек)&lt;/td&gt; &lt;td&gt;45A&lt;/td&gt; &lt;/tr&gt; &lt;tr height="40"&gt; &lt;td height="40" class="xl68" width="206" style="" height:30.0pt;border-top:none;width:155pt""=""&gt;Балансировка, ток&lt;/td&gt; &lt;td&gt;20-30mA&lt;/td&gt; &lt;/tr&gt; &lt;tr height="40"&gt; &lt;td height="40" class="xl68" width="206" style="" height:30.0pt;border-top:none;width:155pt""=""&gt;Номинальное напряжение АКБ&lt;/td&gt; &lt;td&gt;36v&lt;/td&gt; &lt;/tr&gt;&lt;/tbody&gt;&lt;/table&gt;]]&gt;</description>
				<description_ua>&lt;![CDATA[&lt;table cellpadding="0" cellspacing="0" width="438" style="" border-collapse:collapse;width:329pt";border-width:1px;border-style:solid"=""&gt; &lt;tbody&gt;&lt;tr height="40"&gt; &lt;td height="40" width="242"&gt;Для хімії&lt;/td&gt; &lt;td width="196"&gt;Li-Ion, LpCO, MpCO, LiPo, NMC&lt;/td&gt; &lt;/tr&gt; &lt;tr height="40"&gt; &lt;td height="40" class="xl68" width="242" style="" height:30.0pt;border-top:none;width:182pt""=""&gt;Робоча напруга&lt;/td&gt; &lt;td&gt;2.8-4.25v&lt;/td&gt; &lt;/tr&gt; &lt;tr height="40"&gt; &lt;td height="40" class="xl68" width="242" style="" height:30.0pt;border-top:none;width:182pt""=""&gt;Номінальний струм розряду&lt;/td&gt; &lt;td&gt;40A&lt;/td&gt; &lt;/tr&gt; &lt;tr height="40"&gt; &lt;td height="40" class="xl68" width="242" style="" height:30.0pt;border-top:none;width:182pt""=""&gt;Номінальний струм заряду&lt;/td&gt; &lt;td&gt;20A&lt;/td&gt; &lt;/tr&gt; &lt;tr height="40"&gt; &lt;td height="40" class="xl68" width="242" style="" height:30.0pt;border-top:none;width:182pt""=""&gt;Максимальний струм розряду (не більше 20 сек)&lt;/td&gt; &lt;td&gt;45A&lt;/td&gt; &lt;/tr&gt; &lt;tr height="40"&gt; &lt;td height="40" class="xl68" width="242" style="" height:30.0pt;border-top:none;width:182pt""=""&gt;Балансування, струм&lt;/td&gt; &lt;td&gt;20-30mA&lt;/td&gt; &lt;/tr&gt; &lt;tr height="40"&gt; &lt;td height="40" class="xl68" width="242" style="" height:30.0pt;border-top:none;width:182pt""=""&gt;Номінальна напруга АКБ&lt;/td&gt; &lt;td&gt;36v&lt;/td&gt; &lt;/tr&gt;&lt;/tbody&gt;&lt;/table&gt;]]&gt;</description_ua>
				<param name="Призначення"/>
				<param name="Категорія товару">Плати захисту акумулятора</param>
			</offer>
			<offer available="true" id="22645">
				<url>https://welcome-mobi.com.ua/shop/product/Daly-13S-50A-48v-li-ion</url>
				<price>1722</price>
				<currencyId>UAH</currencyId>
				<categoryId>22619</categoryId>
				<picture>https://welcome-mobi.com.ua/uploads/shop/origin/115098_main_origin.jpg</picture>
				<delivery>true</delivery>
				<name_ua>Плата захисту акумулятора BMS Daly 13S 50A 48v li-ion</name_ua>
				<name>Плата защиты аккумулятора BMS Daly 13S 50A 48v li-ion</name>
				<vendor>Без бренду</vendor>
				<stock_quantity>27</stock_quantity>
				<description>&lt;![CDATA[&lt;table cellpadding="0" cellspacing="0" width="402" style="" border-collapse:collapse;width:302pt";border-width:1px;border-style:solid"=""&gt; &lt;tbody&gt;&lt;tr height="40"&gt; &lt;td height="40" width="206"&gt;Для химии&lt;/td&gt; &lt;td width="196"&gt;Li-Ion, LpCO, MpCO, LiPo, NMC&lt;/td&gt; &lt;/tr&gt; &lt;tr height="40"&gt; &lt;td height="40" class="xl68" width="206" style="" height:30.0pt;border-top:none;width:155pt""=""&gt;Рабочее напряжение&lt;/td&gt; &lt;td&gt;2.75-4.28v&lt;/td&gt; &lt;/tr&gt; &lt;tr height="40"&gt; &lt;td height="40" class="xl68" width="206" style="" height:30.0pt;border-top:none;width:155pt""=""&gt;Номинальный ток разряда&lt;/td&gt; &lt;td&gt;50A&lt;/td&gt; &lt;/tr&gt; &lt;tr height="40"&gt; &lt;td height="40" class="xl68" width="206" style="" height:30.0pt;border-top:none;width:155pt""=""&gt;Номинальный ток заряда&lt;/td&gt; &lt;td&gt;20A&lt;/td&gt; &lt;/tr&gt; &lt;tr height="40"&gt; &lt;td height="40" class="xl68" width="206" style="" height:30.0pt;border-top:none;width:155pt""=""&gt;Максимальный ток разряда (не более 20 сек)&lt;/td&gt; &lt;td&gt;70A&lt;/td&gt; &lt;/tr&gt; &lt;tr height="40"&gt; &lt;td height="40" class="xl68" width="206" style="" height:30.0pt;border-top:none;width:155pt""=""&gt;Балансировка, ток&lt;/td&gt; &lt;td&gt;40mA&lt;/td&gt; &lt;/tr&gt; &lt;tr height="40"&gt; &lt;td height="40" class="xl68" width="206" style="" height:30.0pt;border-top:none;width:155pt""=""&gt;Номинальное напряжение АКБ&lt;/td&gt; &lt;td&gt;48v&lt;/td&gt; &lt;/tr&gt;&lt;/tbody&gt;&lt;/table&gt;]]&gt;</description>
				<description_ua>&lt;![CDATA[&lt;table cellpadding="0" cellspacing="0" width="438" style="" border-collapse:collapse;width:329pt";border-width:1px;border-style:solid"=""&gt; &lt;tbody&gt;&lt;tr height="40"&gt; &lt;td height="40" width="242"&gt;Для хімії&lt;/td&gt; &lt;td width="196"&gt;Li-Ion, LpCO, MpCO, LiPo, NMC&lt;/td&gt; &lt;/tr&gt; &lt;tr height="40"&gt; &lt;td height="40" class="xl68" width="242" style="" height:30.0pt;border-top:none;width:182pt""=""&gt;Робоча напруга&lt;/td&gt; &lt;td&gt;2.75-4.28v&lt;/td&gt; &lt;/tr&gt; &lt;tr height="40"&gt; &lt;td height="40" class="xl68" width="242" style="" height:30.0pt;border-top:none;width:182pt""=""&gt;Номінальний струм розряду&lt;/td&gt; &lt;td&gt;50A&lt;/td&gt; &lt;/tr&gt; &lt;tr height="40"&gt; &lt;td height="40" class="xl68" width="242" style="" height:30.0pt;border-top:none;width:182pt""=""&gt;Номінальний струм заряду&lt;/td&gt; &lt;td&gt;20A&lt;/td&gt; &lt;/tr&gt; &lt;tr height="40"&gt; &lt;td height="40" class="xl68" width="242" style="" height:30.0pt;border-top:none;width:182pt""=""&gt;Максимальний струм розряду (не більше 20 сек)&lt;/td&gt; &lt;td&gt;70A&lt;/td&gt; &lt;/tr&gt; &lt;tr height="40"&gt; &lt;td height="40" class="xl68" width="242" style="" height:30.0pt;border-top:none;width:182pt""=""&gt;Балансування, струм&lt;/td&gt; &lt;td&gt;40mA&lt;/td&gt; &lt;/tr&gt; &lt;tr height="40"&gt; &lt;td height="40" class="xl68" width="242" style="" height:30.0pt;border-top:none;width:182pt""=""&gt;Номінальна напруга АКБ&lt;/td&gt; &lt;td&gt;48v&lt;/td&gt; &lt;/tr&gt;&lt;/tbody&gt;&lt;/table&gt;]]&gt;</description_ua>
				<param name="Призначення"/>
				<param name="Категорія товару">Плати захисту акумулятора</param>
			</offer>
			<offer available="true" id="22644">
				<url>https://welcome-mobi.com.ua/shop/product/Daly-13S-35A-48v-li-ion</url>
				<price>1362</price>
				<currencyId>UAH</currencyId>
				<categoryId>22619</categoryId>
				<picture>https://welcome-mobi.com.ua/uploads/shop/origin/115094_main_origin.jpg</picture>
				<delivery>true</delivery>
				<name_ua>Плата захисту акумулятора BMS Daly 13S 40A 48v li-ion</name_ua>
				<name>Плата защиты аккумулятора BMS Daly 13S 40A 48v li-ion</name>
				<vendor>Без бренду</vendor>
				<stock_quantity>76</stock_quantity>
				<description>&lt;![CDATA[&lt;table cellpadding="0" cellspacing="0" width="402" style="" border-collapse:collapse;width:302pt";border-width:1px;border-style:solid"=""&gt; &lt;tbody&gt;&lt;tr height="40"&gt; &lt;td height="40" width="206"&gt;Для химии&lt;/td&gt; &lt;td width="196"&gt;Li-Ion, LpCO, MpCO, LiPo, NMC&lt;/td&gt; &lt;/tr&gt; &lt;tr height="40"&gt; &lt;td height="40" class="xl68" width="206" style="" height:30.0pt;border-top:none;width:155pt""=""&gt;Рабочее напряжение&lt;/td&gt; &lt;td&gt;2.75-4.28v&lt;/td&gt; &lt;/tr&gt; &lt;tr height="40"&gt; &lt;td height="40" class="xl68" width="206" style="" height:30.0pt;border-top:none;width:155pt""=""&gt;Номинальный ток разряда&lt;/td&gt; &lt;td&gt;35A&lt;/td&gt; &lt;/tr&gt; &lt;tr height="40"&gt; &lt;td height="40" class="xl68" width="206" style="" height:30.0pt;border-top:none;width:155pt""=""&gt;Номинальный ток заряда&lt;/td&gt; &lt;td&gt;20A&lt;/td&gt; &lt;/tr&gt; &lt;tr height="40"&gt; &lt;td height="40" class="xl68" width="206" style="" height:30.0pt;border-top:none;width:155pt""=""&gt;Максимальный ток разряда (не более 20 сек)&lt;/td&gt; &lt;td&gt;50A&lt;/td&gt; &lt;/tr&gt; &lt;tr height="40"&gt; &lt;td height="40" class="xl68" width="206" style="" height:30.0pt;border-top:none;width:155pt""=""&gt;Балансировка, ток&lt;/td&gt; &lt;td&gt;40mA&lt;/td&gt; &lt;/tr&gt; &lt;tr height="40"&gt; &lt;td height="40" class="xl68" width="206" style="" height:30.0pt;border-top:none;width:155pt""=""&gt;Номинальное напряжение АКБ&lt;/td&gt; &lt;td&gt;48v&lt;/td&gt; &lt;/tr&gt;&lt;/tbody&gt;&lt;/table&gt;]]&gt;</description>
				<description_ua>&lt;![CDATA[&lt;table cellpadding="0" cellspacing="0" width="438" style="" border-collapse:collapse;width:329pt";border-width:1px;border-style:solid"=""&gt; &lt;tbody&gt;&lt;tr height="40"&gt; &lt;td height="40" width="242"&gt;Для хімії&lt;/td&gt; &lt;td width="196"&gt;Li-Ion, LpCO, MpCO, LiPo, NMC&lt;/td&gt; &lt;/tr&gt; &lt;tr height="40"&gt; &lt;td height="40" class="xl68" width="242" style="" height:30.0pt;border-top:none;width:182pt""=""&gt;Робоча напруга&lt;/td&gt; &lt;td&gt;2.75-4.28v&lt;/td&gt; &lt;/tr&gt; &lt;tr height="40"&gt; &lt;td height="40" class="xl68" width="242" style="" height:30.0pt;border-top:none;width:182pt""=""&gt;Номінальний струм розряду&lt;/td&gt; &lt;td&gt;35A&lt;/td&gt; &lt;/tr&gt; &lt;tr height="40"&gt; &lt;td height="40" class="xl68" width="242" style="" height:30.0pt;border-top:none;width:182pt""=""&gt;Номінальний струм заряду&lt;/td&gt; &lt;td&gt;20A&lt;/td&gt; &lt;/tr&gt; &lt;tr height="40"&gt; &lt;td height="40" class="xl68" width="242" style="" height:30.0pt;border-top:none;width:182pt""=""&gt;Максимальний струм розряду (не більше 20 сек)&lt;/td&gt; &lt;td&gt;50A&lt;/td&gt; &lt;/tr&gt; &lt;tr height="40"&gt; &lt;td height="40" class="xl68" width="242" style="" height:30.0pt;border-top:none;width:182pt""=""&gt;Балансування, струм&lt;/td&gt; &lt;td&gt;40mA&lt;/td&gt; &lt;/tr&gt; &lt;tr height="40"&gt; &lt;td height="40" class="xl68" width="242" style="" height:30.0pt;border-top:none;width:182pt""=""&gt;Номінальна напруга АКБ&lt;/td&gt; &lt;td&gt;48v&lt;/td&gt; &lt;/tr&gt;&lt;/tbody&gt;&lt;/table&gt;]]&gt;</description_ua>
				<param name="Призначення"/>
				<param name="Категорія товару">Плати захисту акумулятора</param>
			</offer>
			<offer available="true" id="25789">
				<url>https://welcome-mobi.com.ua/shop/product/plata-zaschity-akkumulyatora-Smart-BMS-JBD-10-16S-80A--bez-bluetooth-</url>
				<price>2964</price>
				<currencyId>UAH</currencyId>
				<categoryId>22619</categoryId>
				<picture>https://welcome-mobi.com.ua/uploads/shop/origin/118539_main_origin.jpg</picture>
				<delivery>true</delivery>
				<name_ua>Плата захисту акумулятора Smart BMS JBD 10-16S 80A (без bluetooth)</name_ua>
				<name>Плата защиты аккумулятора Smart BMS JBD 10-16S 80A (без bluetooth)</name>
				<vendor>Без бренду</vendor>
				<stock_quantity>50</stock_quantity>
				<description>&lt;![CDATA[Плата защиты аккумулятора Smart BMS JBD 10-16S 80A (без bluetooth)]]&gt;</description>
				<description_ua>&lt;![CDATA[Плата захисту акумулятора Smart BMS JBD 10-16S 80A (без bluetooth)]]&gt;</description_ua>
				<param name="Призначення"/>
				<param name="Категорія товару">Плати захисту акумулятора</param>
			</offer>
			<offer available="true" id="22646">
				<url>https://welcome-mobi.com.ua/shop/product/Daly-14S-50A-48-52v-li-ion</url>
				<price>1722</price>
				<currencyId>UAH</currencyId>
				<categoryId>22619</categoryId>
				<picture>https://welcome-mobi.com.ua/uploads/shop/origin/115084_main_origin.jpg</picture>
				<delivery>true</delivery>
				<name_ua>Плата захисту акумулятора BMS Daly 14S 50A 48-52v li-ion</name_ua>
				<name>Плата защиты аккумулятора BMS Daly 14S 50A 48-52v li-ion</name>
				<vendor>Без бренду</vendor>
				<stock_quantity>8</stock_quantity>
				<description>&lt;![CDATA[&lt;table cellpadding="0" cellspacing="0" width="402" style="" border-collapse:collapse;width:302pt";border-width:1px;border-style:solid"=""&gt; &lt;tbody&gt;&lt;tr height="40"&gt; &lt;td height="40" width="206"&gt;Для химии&lt;/td&gt; &lt;td width="196"&gt;Li-Ion, LpCO, MpCO, LiPo, NMC&lt;/td&gt; &lt;/tr&gt; &lt;tr height="40"&gt; &lt;td height="40" class="xl68" width="206" style="" height:30.0pt;border-top:none;width:155pt""=""&gt;Рабочее напряжение&lt;/td&gt; &lt;td&gt;2.75-4.28v&lt;/td&gt; &lt;/tr&gt; &lt;tr height="40"&gt; &lt;td height="40" class="xl68" width="206" style="" height:30.0pt;border-top:none;width:155pt""=""&gt;Номинальный ток разряда&lt;/td&gt; &lt;td&gt;50A&lt;/td&gt; &lt;/tr&gt; &lt;tr height="40"&gt; &lt;td height="40" class="xl68" width="206" style="" height:30.0pt;border-top:none;width:155pt""=""&gt;Номинальный ток заряда&lt;/td&gt; &lt;td&gt;20A&lt;/td&gt; &lt;/tr&gt; &lt;tr height="40"&gt; &lt;td height="40" class="xl68" width="206" style="" height:30.0pt;border-top:none;width:155pt""=""&gt;Максимальный ток разряда (не более 20 сек)&lt;/td&gt; &lt;td&gt;70A&lt;/td&gt; &lt;/tr&gt; &lt;tr height="40"&gt; &lt;td height="40" class="xl68" width="206" style="" height:30.0pt;border-top:none;width:155pt""=""&gt;Балансировка, ток&lt;/td&gt; &lt;td&gt;40mA&lt;/td&gt; &lt;/tr&gt; &lt;tr height="40"&gt; &lt;td height="40" class="xl68" width="206" style="" height:30.0pt;border-top:none;width:155pt""=""&gt;Номинальное напряжение АКБ&lt;/td&gt; &lt;td&gt;52v&lt;/td&gt; &lt;/tr&gt;&lt;/tbody&gt;&lt;/table&gt;]]&gt;</description>
				<description_ua>&lt;![CDATA[&lt;table cellpadding="0" cellspacing="0" width="438" style="" border-collapse:collapse;width:329pt";border-width:1px;border-style:solid"=""&gt; &lt;tbody&gt;&lt;tr height="40"&gt; &lt;td height="40" width="242"&gt;Для хімії&lt;/td&gt; &lt;td width="196"&gt;Li-Ion, LpCO, MpCO, LiPo, NMC&lt;/td&gt; &lt;/tr&gt; &lt;tr height="40"&gt; &lt;td height="40" class="xl68" width="242" style="" height:30.0pt;border-top:none;width:182pt""=""&gt;Робоча напруга&lt;/td&gt; &lt;td&gt;2.75-4.28v&lt;/td&gt; &lt;/tr&gt; &lt;tr height="40"&gt; &lt;td height="40" class="xl68" width="242" style="" height:30.0pt;border-top:none;width:182pt""=""&gt;Номінальний струм розряду&lt;/td&gt; &lt;td&gt;50A&lt;/td&gt; &lt;/tr&gt; &lt;tr height="40"&gt; &lt;td height="40" class="xl68" width="242" style="" height:30.0pt;border-top:none;width:182pt""=""&gt;Номінальний струм заряду&lt;/td&gt; &lt;td&gt;20A&lt;/td&gt; &lt;/tr&gt; &lt;tr height="40"&gt; &lt;td height="40" class="xl68" width="242" style="" height:30.0pt;border-top:none;width:182pt""=""&gt;Максимальний струм розряду (не більше 20 сек)&lt;/td&gt; &lt;td&gt;70A&lt;/td&gt; &lt;/tr&gt; &lt;tr height="40"&gt; &lt;td height="40" class="xl68" width="242" style="" height:30.0pt;border-top:none;width:182pt""=""&gt;Балансування, струм&lt;/td&gt; &lt;td&gt;40mA&lt;/td&gt; &lt;/tr&gt; &lt;tr height="40"&gt; &lt;td height="40" class="xl68" width="242" style="" height:30.0pt;border-top:none;width:182pt""=""&gt;Номінальна напруга АКБ&lt;/td&gt; &lt;td&gt;52v&lt;/td&gt; &lt;/tr&gt;&lt;/tbody&gt;&lt;/table&gt;]]&gt;</description_ua>
				<param name="Призначення"/>
				<param name="Категорія товару">Плати захисту акумулятора</param>
			</offer>
			<offer available="true" id="22655">
				<url>https://welcome-mobi.com.ua/shop/product/Smart-BMS-JBD-10-15S-60A</url>
				<price>2563</price>
				<currencyId>UAH</currencyId>
				<categoryId>22619</categoryId>
				<picture>https://welcome-mobi.com.ua/uploads/shop/origin/115085_main_origin.jpg</picture>
				<delivery>true</delivery>
				<name_ua>Плата захисту акумулятора Smart BMS JBD 10-15S 60A (без bluetooth)</name_ua>
				<name>Плата защиты аккумулятора Smart BMS JBD 10-15S 60A (без bluetooth)</name>
				<vendor>Без бренду</vendor>
				<stock_quantity>11</stock_quantity>
				<description>&lt;![CDATA[&lt;table cellpadding="0" cellspacing="0" width="402" style="" border-collapse:collapse;width:302pt";border-width:1px;border-style:solid"=""&gt; &lt;tbody&gt;&lt;tr height="40"&gt; &lt;td height="40" width="206"&gt;Для химии&lt;/td&gt; &lt;td width="196"&gt;Li-Ion, LpCO, MpCO, LiPo, NMC, Lifpeo4&lt;/td&gt; &lt;/tr&gt; &lt;tr height="40"&gt; &lt;td height="40" class="xl68" width="206" style="" height:30.0pt;border-top:none;width:155pt""=""&gt;Рабочее напряжение&lt;/td&gt; &lt;td&gt;2.7-4.25v&lt;/td&gt; &lt;/tr&gt; &lt;tr height="40"&gt; &lt;td height="40" class="xl68" width="206" style="" height:30.0pt;border-top:none;width:155pt""=""&gt;Номинальный ток разряда&lt;/td&gt; &lt;td&gt;60A&lt;/td&gt; &lt;/tr&gt; &lt;tr height="40"&gt; &lt;td height="40" class="xl68" width="206" style="" height:30.0pt;border-top:none;width:155pt""=""&gt;Номинальный ток заряда&lt;/td&gt; &lt;td&gt;60A&lt;/td&gt; &lt;/tr&gt; &lt;tr height="40"&gt; &lt;td height="40" class="xl68" width="206" style="" height:30.0pt;border-top:none;width:155pt""=""&gt;Максимальный ток разряда (не более 20 сек)&lt;/td&gt; &lt;td&gt;80A&lt;/td&gt; &lt;/tr&gt; &lt;tr height="40"&gt; &lt;td height="40" class="xl68" width="206" style="" height:30.0pt;border-top:none;width:155pt""=""&gt;Балансировка, ток&lt;/td&gt; &lt;td&gt;40-60mA&lt;/td&gt; &lt;/tr&gt; &lt;tr height="40"&gt; &lt;td height="40" class="xl68" width="206" style="" height:30.0pt;border-top:none;width:155pt""=""&gt;Номинальное напряжение АКБ&lt;/td&gt; &lt;td&gt;36v-52v smart bms&lt;/td&gt; &lt;/tr&gt;&lt;/tbody&gt;&lt;/table&gt;]]&gt;</description>
				<description_ua>&lt;![CDATA[&lt;table cellpadding="0" cellspacing="0" width="438" style="" border-collapse:collapse;width:329pt";border-width:1px;border-style:solid"=""&gt; &lt;tbody&gt;&lt;tr height="40"&gt; &lt;td height="40" width="242"&gt;Для хімії&lt;/td&gt; &lt;td width="196"&gt;Li-Ion, LpCO, MpCO, LiPo, NMC, Lifpeo4&lt;/td&gt; &lt;/tr&gt; &lt;tr height="40"&gt; &lt;td height="40" class="xl68" width="242" style="" height:30.0pt;border-top:none;width:182pt""=""&gt;Робоча напруга&lt;/td&gt; &lt;td&gt;2.7-4.25v&lt;/td&gt; &lt;/tr&gt; &lt;tr height="40"&gt; &lt;td height="40" class="xl68" width="242" style="" height:30.0pt;border-top:none;width:182pt""=""&gt;Номінальний струм розряду&lt;/td&gt; &lt;td&gt;60A&lt;/td&gt; &lt;/tr&gt; &lt;tr height="40"&gt; &lt;td height="40" class="xl68" width="242" style="" height:30.0pt;border-top:none;width:182pt""=""&gt;Номінальний струм заряду&lt;/td&gt; &lt;td&gt;60A&lt;/td&gt; &lt;/tr&gt; &lt;tr height="40"&gt; &lt;td height="40" class="xl68" width="242" style="" height:30.0pt;border-top:none;width:182pt""=""&gt;Максимальний струм розряду (не більше 20 сек)&lt;/td&gt; &lt;td&gt;80A&lt;/td&gt; &lt;/tr&gt; &lt;tr height="40"&gt; &lt;td height="40" class="xl68" width="242" style="" height:30.0pt;border-top:none;width:182pt""=""&gt;Балансування, струм&lt;/td&gt; &lt;td&gt;40-60mA&lt;/td&gt; &lt;/tr&gt; &lt;tr height="40"&gt; &lt;td height="40" class="xl68" width="242" style="" height:30.0pt;border-top:none;width:182pt""=""&gt;Номінальна напруга АКБ&lt;/td&gt; &lt;td&gt;36v-52v smart bms&lt;/td&gt; &lt;/tr&gt;&lt;/tbody&gt;&lt;/table&gt;]]&gt;</description_ua>
				<param name="Призначення"/>
				<param name="Категорія товару">Плати захисту акумулятора</param>
			</offer>
			<offer available="true" id="22648">
				<url>https://welcome-mobi.com.ua/shop/product/Daly-20S-60A-72v-li-ion</url>
				<price>2323</price>
				<currencyId>UAH</currencyId>
				<categoryId>22619</categoryId>
				<picture>https://welcome-mobi.com.ua/uploads/shop/origin/115127_main_origin.jpg</picture>
				<delivery>true</delivery>
				<name_ua>Плата захисту акумулятора BMS Daly 20S 60A 72v li-ion</name_ua>
				<name>Плата защиты аккумулятора BMS Daly 20S 60A 72v li-ion</name>
				<vendor>Без бренду</vendor>
				<stock_quantity>17</stock_quantity>
				<description>&lt;![CDATA[&lt;table cellpadding="0" cellspacing="0" width="402" style="" border-collapse:collapse;width:302pt";border-width:1px;border-style:solid"=""&gt; &lt;tbody&gt;&lt;tr height="40"&gt; &lt;td height="40" width="206"&gt;Для химии&lt;/td&gt; &lt;td width="196"&gt;Li-Ion, LpCO, MpCO, LiPo, NMC&lt;/td&gt; &lt;/tr&gt; &lt;tr height="40"&gt; &lt;td height="40" class="xl68" width="206" style="" height:30.0pt;border-top:none;width:155pt""=""&gt;Рабочее напряжение&lt;/td&gt; &lt;td&gt;2.75-4.28v&lt;/td&gt; &lt;/tr&gt; &lt;tr height="40"&gt; &lt;td height="40" class="xl68" width="206" style="" height:30.0pt;border-top:none;width:155pt""=""&gt;Номинальный ток разряда&lt;/td&gt; &lt;td&gt;60A&lt;/td&gt; &lt;/tr&gt; &lt;tr height="40"&gt; &lt;td height="40" class="xl68" width="206" style="" height:30.0pt;border-top:none;width:155pt""=""&gt;Номинальный ток заряда&lt;/td&gt; &lt;td&gt;20A&lt;/td&gt; &lt;/tr&gt; &lt;tr height="40"&gt; &lt;td height="40" class="xl68" width="206" style="" height:30.0pt;border-top:none;width:155pt""=""&gt;Максимальный ток разряда (не более 20 сек)&lt;/td&gt; &lt;td&gt;80A&lt;/td&gt; &lt;/tr&gt; &lt;tr height="40"&gt; &lt;td height="40" class="xl68" width="206" style="" height:30.0pt;border-top:none;width:155pt""=""&gt;Балансировка, ток&lt;/td&gt; &lt;td&gt;40mA&lt;/td&gt; &lt;/tr&gt; &lt;tr height="40"&gt; &lt;td height="40" class="xl68" width="206" style="" height:30.0pt;border-top:none;width:155pt""=""&gt;Номинальное напряжение АКБ&lt;/td&gt; &lt;td&gt;72v; 74v&lt;/td&gt; &lt;/tr&gt;&lt;/tbody&gt;&lt;/table&gt;]]&gt;</description>
				<description_ua>&lt;![CDATA[&lt;table cellpadding="0" cellspacing="0" width="438" style="" border-collapse:collapse;width:329pt";border-width:1px;border-style:solid"=""&gt; &lt;tbody&gt;&lt;tr height="40"&gt; &lt;td height="40" width="242"&gt;Для хімії&lt;/td&gt; &lt;td width="196"&gt;Li-Ion, LpCO, MpCO, LiPo, NMC&lt;/td&gt; &lt;/tr&gt; &lt;tr height="40"&gt; &lt;td height="40" class="xl68" width="242" style="" height:30.0pt;border-top:none;width:182pt""=""&gt;Робоча напруга&lt;/td&gt; &lt;td&gt;2.75-4.28v&lt;/td&gt; &lt;/tr&gt; &lt;tr height="40"&gt; &lt;td height="40" class="xl68" width="242" style="" height:30.0pt;border-top:none;width:182pt""=""&gt;Номінальний струм розряду&lt;/td&gt; &lt;td&gt;60A&lt;/td&gt; &lt;/tr&gt; &lt;tr height="40"&gt; &lt;td height="40" class="xl68" width="242" style="" height:30.0pt;border-top:none;width:182pt""=""&gt;Номінальний струм заряду&lt;/td&gt; &lt;td&gt;20A&lt;/td&gt; &lt;/tr&gt; &lt;tr height="40"&gt; &lt;td height="40" class="xl68" width="242" style="" height:30.0pt;border-top:none;width:182pt""=""&gt;Максимальний струм розряду (не більше 20 сек)&lt;/td&gt; &lt;td&gt;80A&lt;/td&gt; &lt;/tr&gt; &lt;tr height="40"&gt; &lt;td height="40" class="xl68" width="242" style="" height:30.0pt;border-top:none;width:182pt""=""&gt;Балансування, струм&lt;/td&gt; &lt;td&gt;40mA&lt;/td&gt; &lt;/tr&gt; &lt;tr height="40"&gt; &lt;td height="40" class="xl68" width="242" style="" height:30.0pt;border-top:none;width:182pt""=""&gt;Номінальна напруга АКБ&lt;/td&gt; &lt;td&gt;72v; 74v&lt;/td&gt; &lt;/tr&gt;&lt;/tbody&gt;&lt;/table&gt;]]&gt;</description_ua>
				<param name="Призначення"/>
				<param name="Категорія товару">Плати захисту акумулятора</param>
			</offer>
			<offer available="true" id="22650">
				<url>https://welcome-mobi.com.ua/shop/product/JBD-10S-20A-36v-li-ion</url>
				<price>1001</price>
				<currencyId>UAH</currencyId>
				<categoryId>22619</categoryId>
				<picture>https://welcome-mobi.com.ua/uploads/shop/origin/115128_main_origin.jpg</picture>
				<delivery>true</delivery>
				<name_ua>Плата захисту акумулятора BMS JBD 10S 20A 36v li-ion</name_ua>
				<name>Плата защиты аккумулятора BMS JBD 10S 20A 36v li-ion</name>
				<vendor>Без бренду</vendor>
				<stock_quantity>25</stock_quantity>
				<description>&lt;![CDATA[&lt;table cellpadding="0" cellspacing="0" width="402" style="" border-collapse:collapse;width:302pt";border-width:1px;border-style:solid"=""&gt; &lt;tbody&gt;&lt;tr height="40"&gt; &lt;td height="40" width="206"&gt;Для химии&lt;/td&gt; &lt;td width="196"&gt;Li-Ion, LpCO, MpCO, LiPo, NMC&lt;/td&gt; &lt;/tr&gt; &lt;tr height="40"&gt; &lt;td height="40" class="xl68" width="206" style="" height:30.0pt;border-top:none;width:155pt""=""&gt;Рабочее напряжение&lt;/td&gt; &lt;td&gt;2.8-4.25v&lt;/td&gt; &lt;/tr&gt; &lt;tr height="40"&gt; &lt;td height="40" class="xl68" width="206" style="" height:30.0pt;border-top:none;width:155pt""=""&gt;Номинальный ток разряда&lt;/td&gt; &lt;td&gt;20A&lt;/td&gt; &lt;/tr&gt; &lt;tr height="40"&gt; &lt;td height="40" class="xl68" width="206" style="" height:30.0pt;border-top:none;width:155pt""=""&gt;Номинальный ток заряда&lt;/td&gt; &lt;td&gt;15A&lt;/td&gt; &lt;/tr&gt; &lt;tr height="40"&gt; &lt;td height="40" class="xl68" width="206" style="" height:30.0pt;border-top:none;width:155pt""=""&gt;Максимальный ток разряда (не более 20 сек)&lt;/td&gt; &lt;td&gt;25A&lt;/td&gt; &lt;/tr&gt; &lt;tr height="40"&gt; &lt;td height="40" class="xl68" width="206" style="" height:30.0pt;border-top:none;width:155pt""=""&gt;Балансировка, ток&lt;/td&gt; &lt;td&gt;20-30mA&lt;/td&gt; &lt;/tr&gt; &lt;tr height="40"&gt; &lt;td height="40" class="xl68" width="206" style="" height:30.0pt;border-top:none;width:155pt""=""&gt;Номинальное напряжение АКБ&lt;/td&gt; &lt;td&gt;36v&lt;/td&gt; &lt;/tr&gt;&lt;/tbody&gt;&lt;/table&gt;]]&gt;</description>
				<description_ua>&lt;![CDATA[&lt;table cellpadding="0" cellspacing="0" width="438" style="" border-collapse:collapse;width:329pt";border-width:1px;border-style:solid"=""&gt; &lt;tbody&gt;&lt;tr height="40"&gt; &lt;td height="40" width="242"&gt;Для хімії&lt;/td&gt; &lt;td width="196"&gt;Li-Ion, LpCO, MpCO, LiPo, NMC&lt;/td&gt; &lt;/tr&gt; &lt;tr height="40"&gt; &lt;td height="40" class="xl68" width="242" style="" height:30.0pt;border-top:none;width:182pt""=""&gt;Робоча напруга&lt;/td&gt; &lt;td&gt;2.8-4.25v&lt;/td&gt; &lt;/tr&gt; &lt;tr height="40"&gt; &lt;td height="40" class="xl68" width="242" style="" height:30.0pt;border-top:none;width:182pt""=""&gt;Номінальний струм розряду&lt;/td&gt; &lt;td&gt;20A&lt;/td&gt; &lt;/tr&gt; &lt;tr height="40"&gt; &lt;td height="40" class="xl68" width="242" style="" height:30.0pt;border-top:none;width:182pt""=""&gt;Номінальний струм заряду&lt;/td&gt; &lt;td&gt;15A&lt;/td&gt; &lt;/tr&gt; &lt;tr height="40"&gt; &lt;td height="40" class="xl68" width="242" style="" height:30.0pt;border-top:none;width:182pt""=""&gt;Максимальний струм розряду (не більше 20 сек)&lt;/td&gt; &lt;td&gt;25A&lt;/td&gt; &lt;/tr&gt; &lt;tr height="40"&gt; &lt;td height="40" class="xl68" width="242" style="" height:30.0pt;border-top:none;width:182pt""=""&gt;Балансування, струм&lt;/td&gt; &lt;td&gt;20-30mA&lt;/td&gt; &lt;/tr&gt; &lt;tr height="40"&gt; &lt;td height="40" class="xl68" width="242" style="" height:30.0pt;border-top:none;width:182pt""=""&gt;Номінальна напруга АКБ&lt;/td&gt; &lt;td&gt;36v&lt;/td&gt; &lt;/tr&gt;&lt;/tbody&gt;&lt;/table&gt;]]&gt;</description_ua>
				<param name="Призначення"/>
				<param name="Категорія товару">Плати захисту акумулятора</param>
			</offer>
			<offer available="true" id="22652">
				<url>https://welcome-mobi.com.ua/shop/product/JBD-13S-35A-48v-li-ion</url>
				<price>1434</price>
				<currencyId>UAH</currencyId>
				<categoryId>22619</categoryId>
				<picture>https://welcome-mobi.com.ua/uploads/shop/origin/115129_main_origin.jpg</picture>
				<delivery>true</delivery>
				<name_ua>Плата захисту акумулятора BMS JBD 13S 40A 48v li-ion</name_ua>
				<name>Плата защиты аккумулятора BMS JBD 13S 40A 48v li-ion</name>
				<vendor>Без бренду</vendor>
				<stock_quantity>91</stock_quantity>
				<description>&lt;![CDATA[&lt;table cellpadding="0" cellspacing="0" width="402" style="" border-collapse:collapse;width:302pt";border-width:1px;border-style:solid"=""&gt; &lt;tbody&gt;&lt;tr height="40"&gt; &lt;td height="40" width="206"&gt;Для химии&lt;/td&gt; &lt;td width="196"&gt;Li-Ion, LpCO, MpCO, LiPo, NMC&lt;/td&gt; &lt;/tr&gt; &lt;tr height="40"&gt; &lt;td height="40" class="xl68" width="206" style="" height:30.0pt;border-top:none;width:155pt""=""&gt;Рабочее напряжение&lt;/td&gt; &lt;td&gt;2.8-4.25v&lt;/td&gt; &lt;/tr&gt; &lt;tr height="40"&gt; &lt;td height="40" class="xl68" width="206" style="" height:30.0pt;border-top:none;width:155pt""=""&gt;Номинальный ток разряда&lt;/td&gt; &lt;td&gt;35A&lt;/td&gt; &lt;/tr&gt; &lt;tr height="40"&gt; &lt;td height="40" class="xl68" width="206" style="" height:30.0pt;border-top:none;width:155pt""=""&gt;Номинальный ток заряда&lt;/td&gt; &lt;td&gt;20A&lt;/td&gt; &lt;/tr&gt; &lt;tr height="40"&gt; &lt;td height="40" class="xl68" width="206" style="" height:30.0pt;border-top:none;width:155pt""=""&gt;Максимальный ток разряда (не более 20 сек)&lt;/td&gt; &lt;td&gt;40A&lt;/td&gt; &lt;/tr&gt; &lt;tr height="40"&gt; &lt;td height="40" class="xl68" width="206" style="" height:30.0pt;border-top:none;width:155pt""=""&gt;Балансировка, ток&lt;/td&gt; &lt;td&gt;20-30mA&lt;/td&gt; &lt;/tr&gt; &lt;tr height="40"&gt; &lt;td height="40" class="xl68" width="206" style="" height:30.0pt;border-top:none;width:155pt""=""&gt;Номинальное напряжение АКБ&lt;/td&gt; &lt;td&gt;48v&lt;/td&gt; &lt;/tr&gt;&lt;/tbody&gt;&lt;/table&gt;]]&gt;</description>
				<description_ua>&lt;![CDATA[&lt;table cellpadding="0" cellspacing="0" width="438" style="" border-collapse:collapse;width:329pt";border-width:1px;border-style:solid"=""&gt; &lt;tbody&gt;&lt;tr height="40"&gt; &lt;td height="40" width="242"&gt;Для хімії&lt;/td&gt; &lt;td width="196"&gt;Li-Ion, LpCO, MpCO, LiPo, NMC&lt;/td&gt; &lt;/tr&gt; &lt;tr height="40"&gt; &lt;td height="40" class="xl68" width="242" style="" height:30.0pt;border-top:none;width:182pt""=""&gt;Робоча напруга&lt;/td&gt; &lt;td&gt;2.8-4.25v&lt;/td&gt; &lt;/tr&gt; &lt;tr height="40"&gt; &lt;td height="40" class="xl68" width="242" style="" height:30.0pt;border-top:none;width:182pt""=""&gt;Номінальний струм розряду&lt;/td&gt; &lt;td&gt;35A&lt;/td&gt; &lt;/tr&gt; &lt;tr height="40"&gt; &lt;td height="40" class="xl68" width="242" style="" height:30.0pt;border-top:none;width:182pt""=""&gt;Номінальний струм заряду&lt;/td&gt; &lt;td&gt;20A&lt;/td&gt; &lt;/tr&gt; &lt;tr height="40"&gt; &lt;td height="40" class="xl68" width="242" style="" height:30.0pt;border-top:none;width:182pt""=""&gt;Максимальний струм розряду (не більше 20 сек)&lt;/td&gt; &lt;td&gt;40A&lt;/td&gt; &lt;/tr&gt; &lt;tr height="40"&gt; &lt;td height="40" class="xl68" width="242" style="" height:30.0pt;border-top:none;width:182pt""=""&gt;Балансування, струм&lt;/td&gt; &lt;td&gt;20-30mA&lt;/td&gt; &lt;/tr&gt; &lt;tr height="40"&gt; &lt;td height="40" class="xl68" width="242" style="" height:30.0pt;border-top:none;width:182pt""=""&gt;Номінальна напруга АКБ&lt;/td&gt; &lt;td&gt;48v&lt;/td&gt; &lt;/tr&gt;&lt;/tbody&gt;&lt;/table&gt;]]&gt;</description_ua>
				<param name="Призначення"/>
				<param name="Категорія товару">Плати захисту акумулятора</param>
			</offer>
			<offer available="true" id="22649">
				<url>https://welcome-mobi.com.ua/shop/product/JBD-3S-35A-12v-li-ion</url>
				<price>366</price>
				<currencyId>UAH</currencyId>
				<categoryId>22619</categoryId>
				<picture>https://welcome-mobi.com.ua/uploads/shop/origin/115100_main_origin.jpg</picture>
				<delivery>true</delivery>
				<name_ua>Плата захисту акумулятора BMS JBD 3S 40A 12v li-ion</name_ua>
				<name>Плата защиты аккумулятора BMS JBD 3S 40A 12v li-ion</name>
				<vendor>Без бренду</vendor>
				<stock_quantity>29</stock_quantity>
				<description>&lt;![CDATA[&lt;table cellpadding="0" cellspacing="0" width="402" style="" border-collapse:collapse;width:302pt";border-width:1px;border-style:solid"=""&gt; &lt;tbody&gt;&lt;tr height="40"&gt; &lt;td height="40" width="206"&gt;Для химии&lt;/td&gt; &lt;td width="196"&gt;Li-Ion, LpCO, MpCO, LiPo, NMC&lt;/td&gt; &lt;/tr&gt; &lt;tr height="40"&gt; &lt;td height="40" class="xl68" width="206" style="" height:30.0pt;border-top:none;width:155pt""=""&gt;Рабочее напряжение&lt;/td&gt; &lt;td&gt;2.8-4.25v&lt;/td&gt; &lt;/tr&gt; &lt;tr height="40"&gt; &lt;td height="40" class="xl68" width="206" style="" height:30.0pt;border-top:none;width:155pt""=""&gt;Номинальный ток разряда&lt;/td&gt; &lt;td&gt;35A&lt;/td&gt; &lt;/tr&gt; &lt;tr height="40"&gt; &lt;td height="40" class="xl68" width="206" style="" height:30.0pt;border-top:none;width:155pt""=""&gt;Номинальный ток заряда&lt;/td&gt; &lt;td&gt;20A&lt;/td&gt; &lt;/tr&gt; &lt;tr height="40"&gt; &lt;td height="40" class="xl68" width="206" style="" height:30.0pt;border-top:none;width:155pt""=""&gt;Максимальный ток разряда (не более 20 сек)&lt;/td&gt; &lt;td&gt;40A&lt;/td&gt; &lt;/tr&gt; &lt;tr height="40"&gt; &lt;td height="40" class="xl68" width="206" style="" height:30.0pt;border-top:none;width:155pt""=""&gt;Балансировка, ток&lt;/td&gt; &lt;td&gt;20-30mA&lt;/td&gt; &lt;/tr&gt; &lt;tr height="40"&gt; &lt;td height="40" class="xl68" width="206" style="" height:30.0pt;border-top:none;width:155pt""=""&gt;Номинальное напряжение АКБ&lt;/td&gt; &lt;td&gt;12v&lt;/td&gt; &lt;/tr&gt;&lt;/tbody&gt;&lt;/table&gt;]]&gt;</description>
				<description_ua>&lt;![CDATA[&lt;table cellpadding="0" cellspacing="0" width="438" style="" border-collapse:collapse;width:329pt";border-width:1px;border-style:solid"=""&gt; &lt;tbody&gt;&lt;tr height="40"&gt; &lt;td height="40" width="242"&gt;Для хімії&lt;/td&gt; &lt;td width="196"&gt;Li-Ion, LpCO, MpCO, LiPo, NMC&lt;/td&gt; &lt;/tr&gt; &lt;tr height="40"&gt; &lt;td height="40" class="xl68" width="242" style="" height:30.0pt;border-top:none;width:182pt""=""&gt;Робоча напруга&lt;/td&gt; &lt;td&gt;2.8-4.25v&lt;/td&gt; &lt;/tr&gt; &lt;tr height="40"&gt; &lt;td height="40" class="xl68" width="242" style="" height:30.0pt;border-top:none;width:182pt""=""&gt;Номінальний струм розряду&lt;/td&gt; &lt;td&gt;35A&lt;/td&gt; &lt;/tr&gt; &lt;tr height="40"&gt; &lt;td height="40" class="xl68" width="242" style="" height:30.0pt;border-top:none;width:182pt""=""&gt;Номінальний струм заряду&lt;/td&gt; &lt;td&gt;20A&lt;/td&gt; &lt;/tr&gt; &lt;tr height="40"&gt; &lt;td height="40" class="xl68" width="242" style="" height:30.0pt;border-top:none;width:182pt""=""&gt;Максимальний струм розряду (не більше 20 сек)&lt;/td&gt; &lt;td&gt;40A&lt;/td&gt; &lt;/tr&gt; &lt;tr height="40"&gt; &lt;td height="40" class="xl68" width="242" style="" height:30.0pt;border-top:none;width:182pt""=""&gt;Балансування, струм&lt;/td&gt; &lt;td&gt;20-30mA&lt;/td&gt; &lt;/tr&gt; &lt;tr height="40"&gt; &lt;td height="40" class="xl68" width="242" style="" height:30.0pt;border-top:none;width:182pt""=""&gt;Номінальна напруга АКБ&lt;/td&gt; &lt;td&gt;12v&lt;/td&gt; &lt;/tr&gt;&lt;/tbody&gt;&lt;/table&gt;]]&gt;</description_ua>
				<param name="Призначення"/>
				<param name="Категорія товару">Плати захисту акумулятора</param>
			</offer>
			<offer available="true" id="22641">
				<url>https://welcome-mobi.com.ua/shop/product/Daly-7S-40A-24v-li-ion</url>
				<price>841</price>
				<currencyId>UAH</currencyId>
				<categoryId>22619</categoryId>
				<picture>https://welcome-mobi.com.ua/uploads/shop/origin/115103_main_origin.jpg</picture>
				<delivery>true</delivery>
				<name_ua>Плата захисту акумулятора BMS Daly 7S 40A 24v li-ion</name_ua>
				<name>Плата защиты аккумулятора BMS Daly 7S 40A 24v li-ion</name>
				<vendor>Без бренду</vendor>
				<stock_quantity>82</stock_quantity>
				<description>&lt;![CDATA[&lt;table cellpadding="0" cellspacing="0" width="402" style="" border-collapse:collapse;width:302pt";border-width:1px;border-style:solid"=""&gt; &lt;tbody&gt;&lt;tr height="40"&gt; &lt;td height="40" width="206"&gt;Для химии&lt;/td&gt; &lt;td width="196"&gt;Li-Ion, LpCO, MpCO, LiPo, NMC&lt;/td&gt; &lt;/tr&gt; &lt;tr height="40"&gt; &lt;td height="40" class="xl68" width="206" style="" height:30.0pt;border-top:none;width:155pt""=""&gt;Рабочее напряжение&lt;/td&gt; &lt;td&gt;2.75-4.28v&lt;/td&gt; &lt;/tr&gt; &lt;tr height="40"&gt; &lt;td height="40" class="xl68" width="206" style="" height:30.0pt;border-top:none;width:155pt""=""&gt;Номинальный ток разряда&lt;/td&gt; &lt;td&gt;40A&lt;/td&gt; &lt;/tr&gt; &lt;tr height="40"&gt; &lt;td height="40" class="xl68" width="206" style="" height:30.0pt;border-top:none;width:155pt""=""&gt;Номинальный ток заряда&lt;/td&gt; &lt;td&gt;10A&lt;/td&gt; &lt;/tr&gt; &lt;tr height="40"&gt; &lt;td height="40" class="xl68" width="206" style="" height:30.0pt;border-top:none;width:155pt""=""&gt;Максимальный ток разряда (не более 20 сек)&lt;/td&gt; &lt;td&gt;60A&lt;/td&gt; &lt;/tr&gt; &lt;tr height="40"&gt; &lt;td height="40" class="xl68" width="206" style="" height:30.0pt;border-top:none;width:155pt""=""&gt;Балансировка, ток&lt;/td&gt; &lt;td&gt;40mA&lt;/td&gt; &lt;/tr&gt; &lt;tr height="40"&gt; &lt;td height="40" class="xl68" width="206" style="" height:30.0pt;border-top:none;width:155pt""=""&gt;Номинальное напряжение АКБ&lt;/td&gt; &lt;td&gt;24v&lt;/td&gt; &lt;/tr&gt;&lt;/tbody&gt;&lt;/table&gt;]]&gt;</description>
				<description_ua>&lt;![CDATA[&lt;table cellpadding="0" cellspacing="0" width="438" style="" border-collapse:collapse;width:329pt";border-width:1px;border-style:solid"=""&gt; &lt;tbody&gt;&lt;tr height="40"&gt; &lt;td height="40" width="242"&gt;Для хімії&lt;/td&gt; &lt;td width="196"&gt;Li-Ion, LpCO, MpCO, LiPo, NMC&lt;/td&gt; &lt;/tr&gt; &lt;tr height="40"&gt; &lt;td height="40" class="xl66" width="242" style="" height:30.0pt;border-top:none;width:182pt""=""&gt;Робоча напруга&lt;/td&gt; &lt;td&gt;2.75-4.28v&lt;/td&gt; &lt;/tr&gt; &lt;tr height="40"&gt; &lt;td height="40" class="xl66" width="242" style="" height:30.0pt;border-top:none;width:182pt""=""&gt;Номінальний струм розряду&lt;/td&gt; &lt;td&gt;40A&lt;/td&gt; &lt;/tr&gt; &lt;tr height="40"&gt; &lt;td height="40" class="xl66" width="242" style="" height:30.0pt;border-top:none;width:182pt""=""&gt;Номінальний струм заряду&lt;/td&gt; &lt;td&gt;10A&lt;/td&gt; &lt;/tr&gt; &lt;tr height="40"&gt; &lt;td height="40" class="xl66" width="242" style="" height:30.0pt;border-top:none;width:182pt""=""&gt;Максимальний струм розряду (не більше 20 сек)&lt;/td&gt; &lt;td&gt;60A&lt;/td&gt; &lt;/tr&gt; &lt;tr height="40"&gt; &lt;td height="40" class="xl66" width="242" style="" height:30.0pt;border-top:none;width:182pt""=""&gt;Балансування, струм&lt;/td&gt; &lt;td&gt;40mA&lt;/td&gt; &lt;/tr&gt; &lt;tr height="40"&gt; &lt;td height="40" class="xl66" width="242" style="" height:30.0pt;border-top:none;width:182pt""=""&gt;Номінальна напруга АКБ&lt;/td&gt; &lt;td&gt;24v&lt;/td&gt; &lt;/tr&gt;&lt;/tbody&gt;&lt;/table&gt;]]&gt;</description_ua>
				<param name="Призначення"/>
				<param name="Категорія товару">Плати захисту акумулятора</param>
			</offer>
			<offer available="true" id="22642">
				<url>https://welcome-mobi.com.ua/shop/product/Daly-10S-20A-36v-li-ion</url>
				<price>755</price>
				<currencyId>UAH</currencyId>
				<categoryId>22619</categoryId>
				<picture>https://welcome-mobi.com.ua/uploads/shop/origin/115104_main_origin.jpg</picture>
				<delivery>true</delivery>
				<name_ua>Плата захисту акумулятора BMS Daly 10S 20A 36v li-ion</name_ua>
				<name>Плата защиты аккумулятора BMS Daly 10S 20A 36v li-ion</name>
				<vendor>Без бренду</vendor>
				<stock_quantity>9</stock_quantity>
				<description>&lt;![CDATA[&lt;table cellpadding="0" cellspacing="0" width="402" style="" border-collapse:collapse;width:302pt";border-width:1px;border-style:solid"=""&gt; &lt;tbody&gt;&lt;tr height="40"&gt; &lt;td height="40" width="206"&gt;Для химии&lt;/td&gt; &lt;td width="196"&gt;Li-Ion, LpCO, MpCO, LiPo, NMC&lt;/td&gt; &lt;/tr&gt; &lt;tr height="40"&gt; &lt;td height="40" class="xl68" width="206" style="" height:30.0pt;border-top:none;width:155pt""=""&gt;Рабочее напряжение&lt;/td&gt; &lt;td&gt;2.75-4.28v&lt;/td&gt; &lt;/tr&gt; &lt;tr height="40"&gt; &lt;td height="40" class="xl68" width="206" style="" height:30.0pt;border-top:none;width:155pt""=""&gt;Номинальный ток разряда&lt;/td&gt; &lt;td&gt;20A&lt;/td&gt; &lt;/tr&gt; &lt;tr height="40"&gt; &lt;td height="40" class="xl68" width="206" style="" height:30.0pt;border-top:none;width:155pt""=""&gt;Номинальный ток заряда&lt;/td&gt; &lt;td&gt;10A&lt;/td&gt; &lt;/tr&gt; &lt;tr height="40"&gt; &lt;td height="40" class="xl68" width="206" style="" height:30.0pt;border-top:none;width:155pt""=""&gt;Максимальный ток разряда (не более 20 сек)&lt;/td&gt; &lt;td&gt;35A&lt;/td&gt; &lt;/tr&gt; &lt;tr height="40"&gt; &lt;td height="40" class="xl68" width="206" style="" height:30.0pt;border-top:none;width:155pt""=""&gt;Балансировка, ток&lt;/td&gt; &lt;td&gt;40mA&lt;/td&gt; &lt;/tr&gt; &lt;tr height="40"&gt; &lt;td height="40" class="xl68" width="206" style="" height:30.0pt;border-top:none;width:155pt""=""&gt;Номинальное напряжение АКБ&lt;/td&gt; &lt;td&gt;36v&lt;/td&gt; &lt;/tr&gt;&lt;/tbody&gt;&lt;/table&gt;]]&gt;</description>
				<description_ua>&lt;![CDATA[&lt;table cellpadding="0" cellspacing="0" width="438" style="" border-collapse:collapse;width:329pt";border-width:1px;border-style:solid"=""&gt; &lt;tbody&gt;&lt;tr height="40"&gt; &lt;td height="40" width="242"&gt;Для хімії&lt;/td&gt; &lt;td width="196"&gt;Li-Ion, LpCO, MpCO, LiPo, NMC&lt;/td&gt; &lt;/tr&gt; &lt;tr height="40"&gt; &lt;td height="40" class="xl68" width="242" style="" height:30.0pt;border-top:none;width:182pt""=""&gt;Робоча напруга&lt;/td&gt; &lt;td&gt;2.75-4.28v&lt;/td&gt; &lt;/tr&gt; &lt;tr height="40"&gt; &lt;td height="40" class="xl68" width="242" style="" height:30.0pt;border-top:none;width:182pt""=""&gt;Номінальний струм розряду&lt;/td&gt; &lt;td&gt;20A&lt;/td&gt; &lt;/tr&gt; &lt;tr height="40"&gt; &lt;td height="40" class="xl68" width="242" style="" height:30.0pt;border-top:none;width:182pt""=""&gt;Номінальний струм заряду&lt;/td&gt; &lt;td&gt;10A&lt;/td&gt; &lt;/tr&gt; &lt;tr height="40"&gt; &lt;td height="40" class="xl68" width="242" style="" height:30.0pt;border-top:none;width:182pt""=""&gt;Максимальний струм розряду (не більше 20 сек)&lt;/td&gt; &lt;td&gt;35A&lt;/td&gt; &lt;/tr&gt; &lt;tr height="40"&gt; &lt;td height="40" class="xl68" width="242" style="" height:30.0pt;border-top:none;width:182pt""=""&gt;Балансування, струм&lt;/td&gt; &lt;td&gt;40mA&lt;/td&gt; &lt;/tr&gt; &lt;tr height="40"&gt; &lt;td height="40" class="xl68" width="242" style="" height:30.0pt;border-top:none;width:182pt""=""&gt;Номінальна напруга АКБ&lt;/td&gt; &lt;td&gt;36v&lt;/td&gt; &lt;/tr&gt;&lt;/tbody&gt;&lt;/table&gt;]]&gt;</description_ua>
				<param name="Призначення"/>
				<param name="Категорія товару">Плати захисту акумулятора</param>
			</offer>
			<offer available="true" id="22643">
				<url>https://welcome-mobi.com.ua/shop/product/Daly-10S-40A-36v-li-ion</url>
				<price>1202</price>
				<currencyId>UAH</currencyId>
				<categoryId>22619</categoryId>
				<picture>https://welcome-mobi.com.ua/uploads/shop/origin/115082_main_origin.jpg</picture>
				<delivery>true</delivery>
				<name_ua>Плата захисту акумулятора BMS Daly 10S 40A 36v li-ion</name_ua>
				<name>Плата защиты аккумулятора BMS Daly 10S 40A 36v li-ion</name>
				<vendor>Без бренду</vendor>
				<stock_quantity>15</stock_quantity>
				<description>&lt;![CDATA[&lt;table cellpadding="0" cellspacing="0" width="402" style="" border-collapse:collapse;width:302pt";border-width:1px;border-style:solid"=""&gt; &lt;tbody&gt;&lt;tr height="40"&gt; &lt;td height="40" width="206"&gt;Для химии&lt;/td&gt; &lt;td width="196"&gt;Li-Ion, LpCO, MpCO, LiPo, NMC&lt;/td&gt; &lt;/tr&gt; &lt;tr height="40"&gt; &lt;td height="40" class="xl68" width="206" style="" height:30.0pt;border-top:none;width:155pt""=""&gt;Рабочее Напряжение&lt;/td&gt; &lt;td&gt;2.75-4.28v&lt;/td&gt; &lt;/tr&gt; &lt;tr height="40"&gt; &lt;td height="40" class="xl68" width="206" style="" height:30.0pt;border-top:none;width:155pt""=""&gt;Номинальный ток разряда&lt;/td&gt; &lt;td&gt;40A&lt;/td&gt; &lt;/tr&gt; &lt;tr height="40"&gt; &lt;td height="40" class="xl68" width="206" style="" height:30.0pt;border-top:none;width:155pt""=""&gt;Номинальный ток заряда&lt;/td&gt; &lt;td&gt;10A&lt;/td&gt; &lt;/tr&gt; &lt;tr height="40"&gt; &lt;td height="40" class="xl68" width="206" style="" height:30.0pt;border-top:none;width:155pt""=""&gt;Максимальный ток разряда (не более 20 сек)&lt;/td&gt; &lt;td&gt;60A&lt;/td&gt; &lt;/tr&gt; &lt;tr height="40"&gt; &lt;td height="40" class="xl68" width="206" style="" height:30.0pt;border-top:none;width:155pt""=""&gt;Балансировка, ток&lt;/td&gt; &lt;td&gt;40mA&lt;/td&gt; &lt;/tr&gt; &lt;tr height="40"&gt; &lt;td height="40" class="xl68" width="206" style="" height:30.0pt;border-top:none;width:155pt""=""&gt;Номинальное напряжение АКБ&lt;/td&gt; &lt;td&gt;36v&lt;/td&gt; &lt;/tr&gt;&lt;/tbody&gt;&lt;/table&gt;]]&gt;</description>
				<description_ua>&lt;![CDATA[&lt;table cellpadding="0" cellspacing="0" width="438" style="" border-collapse:collapse;width:329pt";border-width:1px;border-style:solid"=""&gt; &lt;tbody&gt;&lt;tr height="40"&gt; &lt;td height="40" width="242"&gt;Для хімії&lt;/td&gt; &lt;td width="196"&gt;Li-Ion, LpCO, MpCO, LiPo, NMC&lt;/td&gt; &lt;/tr&gt; &lt;tr height="40"&gt; &lt;td height="40" class="xl68" width="242" style="" height:30.0pt;border-top:none;width:182pt""=""&gt;Робоча напруга&lt;/td&gt; &lt;td&gt;2.75-4.28v&lt;/td&gt; &lt;/tr&gt; &lt;tr height="40"&gt; &lt;td height="40" class="xl68" width="242" style="" height:30.0pt;border-top:none;width:182pt""=""&gt;Номінальний струм розряду&lt;/td&gt; &lt;td&gt;40A&lt;/td&gt; &lt;/tr&gt; &lt;tr height="40"&gt; &lt;td height="40" class="xl68" width="242" style="" height:30.0pt;border-top:none;width:182pt""=""&gt;Номінальний струм заряду&lt;/td&gt; &lt;td&gt;10A&lt;/td&gt; &lt;/tr&gt; &lt;tr height="40"&gt; &lt;td height="40" class="xl68" width="242" style="" height:30.0pt;border-top:none;width:182pt""=""&gt;Максимальний струм розряду (не більше 20 сек)&lt;/td&gt; &lt;td&gt;60A&lt;/td&gt; &lt;/tr&gt; &lt;tr height="40"&gt; &lt;td height="40" class="xl68" width="242" style="" height:30.0pt;border-top:none;width:182pt""=""&gt;Балансування, струм&lt;/td&gt; &lt;td&gt;40mA&lt;/td&gt; &lt;/tr&gt; &lt;tr height="40"&gt; &lt;td height="40" class="xl68" width="242" style="" height:30.0pt;border-top:none;width:182pt""=""&gt;Номінальна напруга АКБ&lt;/td&gt; &lt;td&gt;36v&lt;/td&gt; &lt;/tr&gt;&lt;/tbody&gt;&lt;/table&gt;]]&gt;</description_ua>
				<param name="Призначення"/>
				<param name="Категорія товару">Плати захисту акумулятора</param>
			</offer>
			<offer available="true" id="22656">
				<url>https://welcome-mobi.com.ua/shop/product/Smart-BMS-JBD-16-20S-60A</url>
				<price>3214</price>
				<currencyId>UAH</currencyId>
				<categoryId>22619</categoryId>
				<picture>https://welcome-mobi.com.ua/uploads/shop/origin/115083_main_origin.jpg</picture>
				<delivery>true</delivery>
				<name_ua>Плата захисту акумулятора Smart BMS JBD 16-20S 60A (без bluetooth)</name_ua>
				<name>Плата защиты аккумулятора Smart BMS JBD 16-20S 60A (без bluetooth)</name>
				<vendor>Без бренду</vendor>
				<stock_quantity>28</stock_quantity>
				<description>&lt;![CDATA[&lt;table cellpadding="0" cellspacing="0" width="402" style="" border-collapse:collapse;width:302pt";border-width:1px;border-style:solid"=""&gt; &lt;tbody&gt;&lt;tr height="40"&gt; &lt;td height="40" width="206"&gt;Для химии&lt;/td&gt; &lt;td width="196"&gt;Li-Ion, LpCO, MpCO, LiPo, NMC, Lifpeo4&lt;/td&gt; &lt;/tr&gt; &lt;tr height="40"&gt; &lt;td height="40" class="xl68" width="206" style="" height:30.0pt;border-top:none;width:155pt""=""&gt;Рабочее напряжение&lt;/td&gt; &lt;td&gt;2.7-4.25v&lt;/td&gt; &lt;/tr&gt; &lt;tr height="40"&gt; &lt;td height="40" class="xl68" width="206" style="" height:30.0pt;border-top:none;width:155pt""=""&gt;Номинальный ток разряда&lt;/td&gt; &lt;td&gt;60A&lt;/td&gt; &lt;/tr&gt; &lt;tr height="40"&gt; &lt;td height="40" class="xl68" width="206" style="" height:30.0pt;border-top:none;width:155pt""=""&gt;Номинальный ток заряда&lt;/td&gt; &lt;td&gt;60A&lt;/td&gt; &lt;/tr&gt; &lt;tr height="40"&gt; &lt;td height="40" class="xl68" width="206" style="" height:30.0pt;border-top:none;width:155pt""=""&gt;Максимальный ток разряда (не более 20 сек)&lt;/td&gt; &lt;td&gt;80A&lt;/td&gt; &lt;/tr&gt; &lt;tr height="40"&gt; &lt;td height="40" class="xl68" width="206" style="" height:30.0pt;border-top:none;width:155pt""=""&gt;Балансировка, ток&lt;/td&gt; &lt;td&gt;40-60mA&lt;/td&gt; &lt;/tr&gt; &lt;tr height="40"&gt; &lt;td height="40" class="xl68" width="206" style="" height:30.0pt;border-top:none;width:155pt""=""&gt;Номинальное напряжение АКБ&lt;/td&gt; &lt;td&gt;60v-72v(74v) smart bms&lt;/td&gt; &lt;/tr&gt;&lt;/tbody&gt;&lt;/table&gt;]]&gt;</description>
				<description_ua>&lt;![CDATA[&lt;table cellpadding="0" cellspacing="0" width="438" style="" border-collapse:collapse;width:329pt";border-width:1px;border-style:solid"=""&gt; &lt;tbody&gt;&lt;tr height="40"&gt; &lt;td height="40" width="242"&gt;Для хімії&lt;/td&gt; &lt;td width="196"&gt;Li-Ion, LpCO, MpCO, LiPo, NMC, Lifpeo4&lt;/td&gt; &lt;/tr&gt; &lt;tr height="40"&gt; &lt;td height="40" class="xl68" width="242" style="" height:30.0pt;border-top:none;width:182pt""=""&gt;Робоча напруга&lt;/td&gt; &lt;td&gt;2.7-4.25v&lt;/td&gt; &lt;/tr&gt; &lt;tr height="40"&gt; &lt;td height="40" class="xl68" width="242" style="" height:30.0pt;border-top:none;width:182pt""=""&gt;Номінальний струм розряду&lt;/td&gt; &lt;td&gt;60A&lt;/td&gt; &lt;/tr&gt; &lt;tr height="40"&gt; &lt;td height="40" class="xl68" width="242" style="" height:30.0pt;border-top:none;width:182pt""=""&gt;Номінальний струм заряду&lt;/td&gt; &lt;td&gt;60A&lt;/td&gt; &lt;/tr&gt; &lt;tr height="40"&gt; &lt;td height="40" class="xl68" width="242" style="" height:30.0pt;border-top:none;width:182pt""=""&gt;Максимальний струм розряду (не більше 20 сек)&lt;/td&gt; &lt;td&gt;80A&lt;/td&gt; &lt;/tr&gt; &lt;tr height="40"&gt; &lt;td height="40" class="xl68" width="242" style="" height:30.0pt;border-top:none;width:182pt""=""&gt;Балансування, струм&lt;/td&gt; &lt;td&gt;40-60mA&lt;/td&gt; &lt;/tr&gt; &lt;tr height="40"&gt; &lt;td height="40" class="xl68" width="242" style="" height:30.0pt;border-top:none;width:182pt""=""&gt;Номінальна напруга АКБ&lt;/td&gt; &lt;td&gt;60v-72v(74v) smart bms&lt;/td&gt; &lt;/tr&gt;&lt;/tbody&gt;&lt;/table&gt;]]&gt;</description_ua>
				<param name="Призначення"/>
				<param name="Категорія товару">Плати захисту акумулятора</param>
			</offer>
			<offer available="true" id="25790">
				<url>https://welcome-mobi.com.ua/shop/product/plata-zaschity-akkumulyatora-Smart-BMS-JBD-10-15S-100A--bez-bluetooth-</url>
				<price>3284</price>
				<currencyId>UAH</currencyId>
				<categoryId>22619</categoryId>
				<picture>https://welcome-mobi.com.ua/uploads/shop/origin/118538_main_origin.jpg</picture>
				<delivery>true</delivery>
				<name_ua>Плата захисту акумулятора Smart BMS JBD 10-15S 100A (без bluetooth)</name_ua>
				<name>Плата защиты аккумулятора Smart BMS JBD 10-15S 100A (без bluetooth)</name>
				<vendor>Без бренду</vendor>
				<stock_quantity>19</stock_quantity>
				<description>&lt;![CDATA[Плата защиты аккумулятора Smart BMS JBD 10-15S 100A (без bluetooth)]]&gt;</description>
				<description_ua>&lt;![CDATA[Плата захисту акумулятора Smart BMS JBD 10-15S 100A (без bluetooth)]]&gt;</description_ua>
				<param name="Призначення"/>
				<param name="Категорія товару">Плати захисту акумулятора</param>
			</offer>
			<offer available="true" id="26166">
				<url>https://welcome-mobi.com.ua/shop/product/plata-zaschity-akkumulyatora-BMS-JBD-10S-20A-36v-li-ion--ZP10S007,-PN-11390009,-SN-452220156-</url>
				<price>1162</price>
				<currencyId>UAH</currencyId>
				<categoryId>22619</categoryId>
				<picture>https://welcome-mobi.com.ua/uploads/shop/origin/118787_main_origin.jpg</picture>
				<delivery>true</delivery>
				<name_ua>Плата захисту акумулятора BMS JBD 10S 20A 36v li-ion (ZP10S007, PN 11390009, SN 452220156)</name_ua>
				<name>Плата защиты аккумулятора BMS JBD 10S 20A 36v li-ion (ZP10S007, PN 11390009, SN 452220156)</name>
				<vendor>Без бренду</vendor>
				<stock_quantity>50</stock_quantity>
				<description>&lt;![CDATA[Плата защиты аккумулятора BMS JBD 10S 20A 36v li-ion (ZP10S007, PN 11390009, SN 452220156)]]&gt;</description>
				<description_ua>&lt;![CDATA[Плата захисту акумулятора BMS JBD 10S 20A 36v li-ion (ZP10S007, PN 11390009, SN 452220156)]]&gt;</description_ua>
				<param name="Призначення"/>
				<param name="Категорія товару">Плати захисту акумулятора</param>
			</offer>
			<offer available="true" id="22726">
				<url>https://welcome-mobi.com.ua/shop/product/sedeniya-dlya-Ninebot-G30-max</url>
				<price>1802</price>
				<currencyId>UAH</currencyId>
				<categoryId>22612</categoryId>
				<picture>https://welcome-mobi.com.ua/uploads/shop/origin/115177_main_origin.jpg</picture>
				<picture>https://welcome-mobi.com.ua/uploads/shop/origin/115177_1.jpg</picture>
				<delivery>true</delivery>
				<name_ua>Сидіння Ninebot G30 max</name_ua>
				<name>Сидение Ninebot G30 max</name>
				<vendor>Ninebot</vendor>
				<stock_quantity>16</stock_quantity>
				<description>&lt;![CDATA[Оригинальное сидение для Ninebot MAX G30 G30D для электрического скутера, скейтборда, регулируемый складной крепеж для сидений.
Высокая эластичная пена + вакуумный блистер
Размер сидения 220x270x680 мм
Регулируемая высота 51-63 см
Вес примерно 2,76 кг. Выдерживает до 100 кг.]]&gt;</description>
				<description_ua>&lt;![CDATA[Оригінальне сидіння для Ninebot MAX G30 G30D для електричного скутера, скейтборда, регульоване складне кріплення для сидінь. 
Висока еластична піна + вакуумний блістер
Розмір сидіння 220x270x680 мм
Регульована висота 51-63 см
Вага приблизно 2,76 кг                                 Витримуе до 100 кг]]&gt;</description_ua>
				<param name="Категорія товару">Ручки, накладки, сидіння</param>
				<param name="Колір">Чорний</param>
			</offer>
			<offer available="true" id="23043">
				<url>https://welcome-mobi.com.ua/shop/product/rezinovyy-kovrik-Xiaomi-MI-Electric-Scooter-Pro-2--chernyy-</url>
				<price>521</price>
				<currencyId>UAH</currencyId>
				<categoryId>22612</categoryId>
				<picture>https://welcome-mobi.com.ua/uploads/shop/origin/115526_main_origin.jpg</picture>
				<delivery>true</delivery>
				<name_ua>Гумовий килимок Xiaomi Mi Electric Scooter Pro 2 (чорний) (оригінал)</name_ua>
				<name>Резиновый коврик Xiaomi Mi Electric Scooter Pro 2 (черный) (оригинал)</name>
				<vendor>Xiaomi</vendor>
				<stock_quantity>3</stock_quantity>
				<description>&lt;![CDATA[Материал: резина
Цвет: черный
Комплектация: коврик]]&gt;</description>
				<description_ua>&lt;![CDATA[Матеріал: гума
Колір: чорний
Комплектація: килимок]]&gt;</description_ua>
				<param name="Категорія товару">Ручки, накладки, сидіння</param>
				<param name="Колір">Чорний</param>
			</offer>
			<offer available="true" id="20104">
				<url>https://welcome-mobi.com.ua/shop/product/nakladki-bokovye-s-otrajatelem-Xiaomi-m365,Pro,Pro-2--4sht-</url>
				<price>92</price>
				<currencyId>UAH</currencyId>
				<categoryId>22612</categoryId>
				<picture>https://welcome-mobi.com.ua/uploads/shop/origin/112608_main_origin.jpg</picture>
				<delivery>true</delivery>
				<name_ua>Накладки бічні з відбивачем Xiaomi M365/Mi Scooter Pro/Mi Scooter Pro 2 (4шт)</name_ua>
				<name>Накладки боковые с отражателем Xiaomi M365/Mi Scooter Pro/Mi Scooter Pro 2 (4шт) </name>
				<vendor>Xiaomi</vendor>
				<stock_quantity>67</stock_quantity>
				<description>&lt;![CDATA[Отражатель на боковые накладки для электросамокатов Xiaomi Mi Electric Scooter.
В комплекте 4 наклейки.]]&gt;</description>
				<description_ua>&lt;![CDATA[Відбивачі на бічні накладки для електросамокатів Xiaomi Mi Electric Scooter.
У комплекті 4 наклейки.]]&gt;</description_ua>
				<param name="Категорія товару">Світловідбивачі</param>
			</offer>
			<offer available="true" id="20141">
				<url>https://welcome-mobi.com.ua/shop/product/shlang-nasosa-Xiaomi,Ninebot</url>
				<price>160</price>
				<currencyId>UAH</currencyId>
				<categoryId>22612</categoryId>
				<picture>https://welcome-mobi.com.ua/uploads/shop/origin/112577_main_origin.jpg</picture>
				<delivery>true</delivery>
				<name_ua>Шланг насоса Xiaomi/Ninebot</name_ua>
				<name>Шланг насоса Xiaomi/Ninebot</name>
				<vendor>Без бренду</vendor>
				<stock_quantity>7</stock_quantity>
				<description>&lt;![CDATA[Шланг насоса Xiaomi/Ninebot]]&gt;</description>
				<description_ua>&lt;![CDATA[Шланг насоса Xiaomi/Ninebot]]&gt;</description_ua>
				<param name="Категорія товару">Шланги насосів</param>
			</offer>
			<offer available="true" id="20111">
				<url>https://welcome-mobi.com.ua/shop/product/silikonovaya-zaschita-pribornoy-paneli-dlya-samokata-Xiaomi-m365,Pro,Pro-2--belaya-</url>
				<price>101</price>
				<currencyId>UAH</currencyId>
				<categoryId>22612</categoryId>
				<picture>https://welcome-mobi.com.ua/uploads/shop/origin/112578_main_origin.jpg</picture>
				<delivery>true</delivery>
				<name_ua>Силіконова захист приладової панелі для самоката Xiaomi M365/Mi Scooter Pro/Mi Scooter Pro 2 black</name_ua>
				<name>Силиконовая защита приборной панели для самоката Xiaomi M365/Mi Scooter Pro/Mi Scooter Pro 2 black</name>
				<vendor>Xiaomi</vendor>
				<stock_quantity>66</stock_quantity>
				<description>&lt;![CDATA[Силиконовая накладка для электросамоката Xiaomi Mi Electric Scooter M365/1S/Essential/Pro/Pro2/3.
Защищает от дождя и механических воздействий.]]&gt;</description>
				<description_ua>&lt;![CDATA[Силіконова накладка для електросамоката Xiaomi Mi Electric Scooter M365/1S/Essential/Pro/Pro2/3.
Захищає від дощу та від механічних впливів.]]&gt;</description_ua>
				<param name="Категорія товару">Ручки, накладки, сидіння</param>
				<param name="Колір">Чорний</param>
			</offer>
			<offer available="true" id="20117">
				<url>https://welcome-mobi.com.ua/shop/product/fiksator--kryuk--na-zadnee-krylo-Xiaomi-m365,Pro,Pro-2</url>
				<price>60</price>
				<currencyId>UAH</currencyId>
				<categoryId>22612</categoryId>
				<picture>https://welcome-mobi.com.ua/uploads/shop/origin/110317_main_origin.jpg</picture>
				<delivery>true</delivery>
				<name_ua>Силіконова накладка на гачок заднього крила Xiaomi M365/Mi Scooter Pro/Mi Scooter Pro 2/Mi Scooter 1S</name_ua>
				<name>Силиконовая накладка на крючок заднего крыла Xiaomi M365/Mi Scooter Pro/Mi Scooter Pro 2/Mi Scooter 1S</name>
				<vendor>Xiaomi</vendor>
				<stock_quantity>14</stock_quantity>
				<description>&lt;![CDATA[Силиконовая накладка на крючок заднего крыла Xiaomi M365/Mi Scooter Pro/Mi Scooter Pro 2/Mi Scooter 1S]]&gt;</description>
				<description_ua>&lt;![CDATA[Силіконова накладка на гачок заднього крила Xiaomi M365/Mi Scooter Pro/Mi Scooter Pro 2/Mi Scooter 1S]]&gt;</description_ua>
				<param name="Категорія товару">Ручки, накладки, сидіння</param>
				<param name="Колір">Білий</param>
			</offer>
			<offer available="true" id="23042">
				<url>https://welcome-mobi.com.ua/shop/product/kovrik-Xiaomi,Ninebot</url>
				<price>481</price>
				<currencyId>UAH</currencyId>
				<categoryId>22612</categoryId>
				<picture>https://welcome-mobi.com.ua/uploads/shop/origin/115525_main_origin.jpg</picture>
				<delivery>true</delivery>
				<name_ua>Гумовий килимок Xiaomi Mi Electric Scooter 1S (сірий) (оригінал)</name_ua>
				<name>Резиновый коврик Xiaomi Mi Electric Scooter 1S (серый) (оригинал)</name>
				<vendor>Xiaomi</vendor>
				<stock_quantity>14</stock_quantity>
				<description>&lt;![CDATA[Материал: резина
Цвет: темно-серый
Комплектация:
- коврик]]&gt;</description>
				<description_ua>&lt;![CDATA[Матеріал: гума
Колір: темно-сірий
Комплектація:
- килимок]]&gt;</description_ua>
				<param name="Категорія товару">Ручки, накладки, сидіння</param>
			</offer>
			<offer available="true" id="20132">
				<url>https://welcome-mobi.com.ua/shop/product/ruchka-silikonovaya--gripsy--dlya-elektrosamokata-Ninebot,Xiaomi--2sht-</url>
				<price>319</price>
				<currencyId>UAH</currencyId>
				<categoryId>22612</categoryId>
				<picture>https://welcome-mobi.com.ua/uploads/shop/origin/112604_main_origin.jpg</picture>
				<delivery>true</delivery>
				<name_ua>Ручка силіконова (гріпси) для електросамоката Ninebot/Xiaomi black (2шт)</name_ua>
				<name>Ручка силиконовая (грипсы) для электросамоката Ninebot/Xiaomi black (2шт)</name>
				<vendor>Ninebot</vendor>
				<stock_quantity>2</stock_quantity>
				<description>&lt;![CDATA[Черные резиновые ручки для руля Xiaomi Mi Electric Scooter Pro 2/Pro/1S/Mi 3/Essential/M365.]]&gt;</description>
				<description_ua>&lt;![CDATA[Чорні гумові ручки на кермо для електросамокату Xiaomi Mi Electric Scooter Pro 2/Pro/1S/Mi 3/Essential/M365.
]]&gt;</description_ua>
				<param name="Категорія товару">Ручки, накладки, сидіння</param>
				<param name="Колір">Чорний</param>
			</offer>
			<offer available="true" id="22723">
				<url>https://welcome-mobi.com.ua/shop/product/sedenya-MI-Electric-scooter</url>
				<price>1602</price>
				<currencyId>UAH</currencyId>
				<categoryId>22612</categoryId>
				<picture>https://welcome-mobi.com.ua/uploads/shop/origin/115173_main_origin.jpg</picture>
				<delivery>true</delivery>
				<name_ua>Сидіння Xiaomi Mi Electric Scooter</name_ua>
				<name>Сидение Xiaomi Mi Electric Scooter</name>
				<vendor>Xiaomi</vendor>
				<stock_quantity>38</stock_quantity>
				<description>&lt;![CDATA[Универсальное сиденье для электросамокатов Xiaomi М365,1S, Mi 3 и аналогов, в которых ширина деки не превышает 145мм.
Сидение для электрического самоката поставляется с винтами.
Легкий в установке, нет необходимости что-то сверлить или использовать другие инструменты, которые могут повредить самокат.
Алюминиевый сплав и стальной стержень с анодированным матовым покрытием, прочный и стабильный, стойкий и антикоррозионный.
Мягкое эргономичное губчатое седло удобно в использовании, легко устанавливается и снимается.
Демпфер под седлом обеспечивает более удобную езду даже по неровной дороге.]]&gt;</description>
				<description_ua>&lt;![CDATA[Універсальне сидіння для електросамокатів Xiaomi М365,1S, Mi 3 та аналогів, в котрих ширина деки не перевищує 145мм.
Сидіння для електричного самоката поставляється з гвинтами.
Легкий в установці, немає необхідності щось свердлити або використовувати інші інструменти, які можуть пошкодити самокат.
Алюмінієвий сплав і сталевий стрижень з анодованим матовим покриттям, міцний і стабільний, стійкий і антикорозійний.
М'яке ергономічне губчасте сідло зручно у використанні, легко встановлюється і знімається.
Демпфер під сідлом забезпечує більш комфортну їзду навіть по нерівній дорозі.]]&gt;</description_ua>
				<param name="Категорія товару">Ручки, накладки, сидіння</param>
				<param name="Колір">Чорний</param>
			</offer>
		</offers>
	</shop>
</yml_catalog>
