<yml_catalog date="2023-09-27 10:33">
<shop>
<name> </name>
<company> </company>
<platform>Opencart</platform>
<url>https://barsky.ua/</url>
<currencies>
<currency id="UAH" rate="1"/>
</currencies>
<categories>
<category id="1">Мебель</category>
<category id="2">Кресла</category>
<category id="3">Столы</category>
<category id="4">Станции</category>
<category id="5">Аксессуары</category>
<category id="6">Акции</category>
<category id="7">Уценка</category>
</categories>
<offers>
<offer id="1" available="false">
<name>Кресло Barsky ECO Orange G-4</name>
<model>G-4</model>
<url>
<![CDATA[ https://barsky.ua/kreslo_barsky_eco_orange_g-4/ ]]>
</url>
<price>14500</price>
<currencyId>UAH</currencyId>
<categoryId>2</categoryId>
<picture>https://barsky.ua/image/catalog/kresla/G-4/G-4_475x600_A2.png</picture>
<picture>https://barsky.ua/image/catalog/kresla/G-4/G-4_6.jpg</picture>
<picture>https://barsky.ua/image/catalog/kresla/G-4/G-4_5.jpg</picture>
<picture>https://barsky.ua/image/catalog/kresla/G-4/G-4_4.jpg</picture>
<picture>https://barsky.ua/image/catalog/kresla/G-4/G-4_3.jpg</picture>
<picture>https://barsky.ua/image/catalog/kresla/G-4/G-4_2.jpg</picture>
<picture>https://barsky.ua/image/catalog/kresla/G-4/G-4_1.jpg</picture>
<vendor>Barsky</vendor>
<stock_quantity>0</stock_quantity>
<description>
<![CDATA[ Описание кресла Barsky ECO Grey G-3: Кресло Eco с большим диапазоном регулировок отлично подходит людям разного роста и комплекции для работы дома или в офисе. В кресле настраивается высота с помощью самого надежного газлифта 4 класса. Дополнительно можно отрегулировать: высоту самой спинки, подголовника, настроить поясничную поддержку, высоту и угол подлокотников. Колесная база металлическая, колеса обрезиненные не оставляют царапин и следов на любой поверхности. Плотная сетка на спинке приятная на ощупь и хорошо пропускает воздух. Толстое формованное сидение не проминается со временем. Обивка на сидении черного цвета. Не пачкается, за ней легко ухаживать. Спинка серого цвета с узором. Хорошо сочетается с мебелью любых цветов, с деревянной мебелью или текстурой &quot;под дерево&quot;. Кресло Barsky Eco разработано специально для программистов.Ведь именно программисты, как никто другой, большую часть своего времени проводят сидя за компьютером. Кресло Barsky Eco создано для удобной посадки и комфортной работы в кресле на протяжении более 12 часов.Ортопедическое кресло Barsky Eco разработано по всем законам эргономики и по праву может претендовать на звание &quot;Лучшее кресло для программиста&quot;! Основные тезисы про это кресло. Что же делает кресло ECO идеальным выбором для вас. В первую очередь это его возможности регулировок и эргономика и конечно же надёжность, обусловленное применением качественных материалов. Подробней про каждый аспект кресла мы сейчас и поговрим. В целом Eco это сеточное кресло с регулируемыми подлокотниками, спинкой, подголовником и фирменным синхромеханизмом от компании Barsky. Сидение этого кресла имеет формованный наполнитель с характерной, несколько покатой формой, обусловленной уменьшением давления во время сидения на ноги. Сетка кресла - производства Южной Кореи, она не растянется и будет всегда иметь первозданный вид, вне зависимости от того, сколько времени прошло с момента покупки и использования кресла. Основой кресла является газлифт, выполненный из полированного алюминия. За счёт этого подхода, удалось уменьшить общий вес ECO при этом, значительно увеличив устойчивость и надёжность кресла. Возможности регулировок ECO Яркой чертой кресла являются возможные регулировки, которые позволят настроить кресло таким образом, чтоб оно было максимально комфортным для пользователя. Спинку кресла можно поднять или опустить тем самым адаптировав её под рост человека. К тому же, спинка кресла имеет поясничную поддержку в форме бабочка, которая также регулируется по высоте. Для поддержки шейно плечевого отдела, в кресле предусмотрен подголовник, он регулируется так же по высоте. Стоит отметить, что подголовник выступает в роли поддержки шеи если вы сидите прямо, а в случае откидывания - становится полновесной поддержкой затылочной части головы. Стоит также отметить подлокотники в этом кресле. 3D подлокотники, регулируются не только по высоте, но и по вылету. Как это выглядит в реальной жизни? Подняв подлокотники до уровня стола, можно выбрать удобное положение для рук, в зависимости от типа работы. К примеру для активной работы с клавиатурой, лучше выбрать положение ёлочкой. Стоит не пренебрегать такими возможностями, ведь правильная поддержка рук при работе - это 100 процентная профилактика туннельного синдрома. Синхромеханизм Barsky В кресле Eco можно не только работать с комфортом, но и отдыхать. Вы можете зафиксировать угол наклона спинки в удобном для вас положении до 45 градусов. И к примеру откинуться и отдохнуть, сняв напряжение после активной работы. В целом о кресле и приятные фишки Кресло ECO также оснащено съёмной вешалкой для верхней одежды, что особо будет плюсом в условиях офисных помещений. Роликами с обрезиненной окантовкой и увеличенным диаметром 60мм, для мобильности и сохранности напольных покрытий. А также газлифтом наивысшего класса. ]]>
</description>
<param name="Предназначение">для фриланса</param>
<param name="Стиль">современный</param>
<param name="Местоположение">для дома</param>
<param name="Особенности">эргономические</param>
<param name="Обивка">сетка</param>
<param name="Уровень жесткости">мягкие</param>
<param name="Основание">на колесах</param>
<param name="Крестовина">металл</param>
<param name="Каркас">пластик</param>
<param name="Механизм качания">с механизмом качания и фиксацией</param>
<param name="Механизмы">синхромеханизм</param>
<param name="Особенности конструкции">для высоких людей</param>
<param name="Оснащение">с вентиляцией</param>
<param name="Максимальный рост">190 см</param>
<param name="Сидение">с сеткой</param>
<param name="Ширина сидения, см">49</param>
<param name="Спинка">с регулировкой спинки по высоте</param>
<param name="Подлокотники">с регулировкой по уровню поворота</param>
<param name="Материал подлокотников">хромированые</param>
<param name="Подголовник">с регулируемым подголовником</param>
<param name="Ролики">Обрезиненные</param>
<param name="Размер">широкие</param>
<param name="Цвет">Черный/оранжевый</param>
<param name="Гарантия">5 лет</param>
<param name="Высота спинки, см">66</param>
</offer>
<offer id="2" available="true">
<name>Кресло Barsky Black Сhrom BB-01</name>
<model>BB-01</model>
<url>
<![CDATA[ https://barsky.ua/kreslo_barsky_black_shrom_bb-01/ ]]>
</url>
<price>11450</price>
<currencyId>UAH</currencyId>
<categoryId>2</categoryId>
<picture>https://barsky.ua/image/catalog/kresla/BB-01/BB-01_475x600_A1.png</picture>
<picture>https://barsky.ua/image/catalog/kresla/BB-01/1000x-BB01-1.jpg</picture>
<picture>https://barsky.ua/image/catalog/kresla/BB-01/1000x-BB01-2.jpg</picture>
<picture>https://barsky.ua/image/catalog/kresla/BB-01/1000x-BB01-4.jpg</picture>
<picture>https://barsky.ua/image/catalog/kresla/BB-01/1000x-BB01-5.jpg</picture>
<vendor>Barsky</vendor>
<stock_quantity>0</stock_quantity>
<description>
<![CDATA[ Описание офисного сетчатого кресла BB-01 для персонала: Легкое кресло из сетки для офиса и дома. Спинка эргономичной формы. Есть поясничная поддержка. Подголовник меняет угол наклона. Это удобно, так как вы сможете откинуться на подголовник и когда работаете, и когда отдыхаете. На спинке сетка с довольно крупными ячейками, которая хорошо пропускает воздух. На сидении сетка более плотная, за ней легко ухаживать. В сетку не будет забиваться пыль и крошки. Красивая и надежная металлическая крестовина. Подлокотники регулируются по высоте и меняют угол. В кресле установлен синхромеханизм. Синхромеханизм один из самых эргономичных механизмов потому что: угол наклона можно зафиксировать в любом положении сидение изменяет угол наклона вместе со спинкой спинка и сидение поднимаются не синхронно, а в нужном соотношении. ]]>
</description>
<param name="Предназначение">для персонала</param>
<param name="Стиль">современный</param>
<param name="Местоположение">для офиса</param>
<param name="Особенности">эргономические</param>
<param name="Класс кресел">недорогие</param>
<param name="Тип">офисные</param>
<param name="Обивка">сетка</param>
<param name="Уровень жесткости">жесткие</param>
<param name="Основание">на колесах</param>
<param name="Крестовина">металл</param>
<param name="Каркас">пластик</param>
<param name="Механизм качания">с механизмом качания и фиксацией</param>
<param name="Механизмы">синхромеханизм</param>
<param name="Особенности конструкции">для людей с большим весом</param>
<param name="Оснащение">с вентиляцией</param>
<param name="Максимальный рост">170 см</param>
<param name="Сидение">с сеткой</param>
<param name="Ширина сидения, см">50</param>
<param name="Спинка">с поддержкой поясницы</param>
<param name="Подлокотники">2D</param>
<param name="Материал подлокотников">мягкие накладки</param>
<param name="Подголовник">с регулируемым подголовником</param>
<param name="Ролики">Обрезиненные</param>
<param name="Размер">узкие</param>
<param name="Цвет">Черный</param>
<param name="Гарантия">5 лет</param>
<param name="Высота спинки, см">57</param>
</offer>
<offer id="3" available="true">
<name>Регулируемый стол Barsky StandUp white glass 1200*600 BST-12</name>
<model>BST-12</model>
<url>
<![CDATA[ https://barsky.ua/reguliruemij_stol_barsky_standup_white_glass_bst-12/ ]]>
</url>
<price>18500</price>
<currencyId>UAH</currencyId>
<categoryId>3</categoryId>
<picture>https://barsky.ua/image/catalog/stoli/BST-12/042.jpg</picture>
<picture>https://barsky.ua/image/catalog/stoli/BST-12/051.jpg</picture>
<picture>https://barsky.ua/image/catalog/stoli/BST-12/048.jpg</picture>
<picture>https://barsky.ua/image/catalog/stoli/BST-12/047.jpg</picture>
<picture>https://barsky.ua/image/catalog/stoli/BST-12/046.jpg</picture>
<picture>https://barsky.ua/image/catalog/stoli/BST-12/045.jpg</picture>
<picture>https://barsky.ua/image/catalog/stoli/BST-12/059.jpg</picture>
<picture>https://barsky.ua/image/catalog/stoli/BST-12/058.jpg</picture>
<picture>https://barsky.ua/image/catalog/stoli/BST-12/055.jpg</picture>
<picture>https://barsky.ua/image/catalog/stoli/BST-12/054.jpg</picture>
<picture>https://barsky.ua/image/catalog/stoli/BST-12/053.jpg</picture>
<picture>https://barsky.ua/image/catalog/stoli/BST-12/052.jpg</picture>
<vendor>Barsky</vendor>
<stock_quantity>29</stock_quantity>
<description>
<![CDATA[ писание регулируемого по высоте стола со столешницей из каленого стекла arsky StandUp white glass 1200*600 BST-12: Регулируемый офисный стол белый, с закаленным стеклом столешница 1202x602x60мм, один двигатель, рама подъемного стола, 2 сегментных колонны, квадратная раздвижная колонна 60*60 мм, диапазон высоты 720-1200 мм, длина хода 20 . грузоподъемность 50 кг, скорость 20 мм с, светодиодный дисплей, 2 запоминающиеся позиции, встроенный вход USB (2 порта USB 3.0 и 1 порт типа C), ящик для хранения под столешницей, защита от столкновения, чтобы избежать повреждения .. В столешнице есть удобная выдвижная полка для хранения зарядных устройств, канцтоваров или компьютерных аксессуаров. Столы со стеклянной поверхностью очень круто смотрятся в интерьере. Если столешницы из HPL-пластика отлично подойдут домой, к офису, к детской, то эта модель подойдет руководителю или для презентаций и переговоров. Глянцевое стекло, минималистичный дизайн, технологичность и эргономика. ]]>
</description>
<param name="Предназначение">для руководителя</param>
<param name="Стиль">дизайнерский</param>
<param name="Особенности">регулируемые по высоте</param>
<param name="Тип">компьютерные</param>
<param name="Вид">эргономичные</param>
<param name="Размер">средние</param>
<param name="Форма">прямоугольные</param>
<param name="Для скольких человек">для 1-го</param>
<param name="Материал столешницы">Закаленное стекло</param>
<param name="Материал корпуса">металл</param>
<param name="Материал ножек">металл</param>
<param name="Цвет">Белый</param>
<param name="Глубина">600</param>
<param name="Ширина">1200</param>
<param name="Высота">710-1210 мм</param>
<param name="Гарантия">5 лет</param>
<param name="Дополнительные характеристики">Регулируемый офисный стол BST-12 белый, с закаленным стеклом столешница 1202x602x60мм, один двигатель, рама подъемного стола, 2 сегментных колонны, квадратная расдвижная колонна 60*60 мм, диапазон высоты 720-1200 мм, длина 2 О, макс. грузоподъемность 50 кг, скорость 20 мм с, светодиодный дисплей, 2 запоминающиеся позиции, встроенный вход USB (2 порта USB 3.0 и 1 порт типа C), ящик для хранения под столешницей, защита от столкновения, чтобы избежать повреждения.</param>
</offer>
<offer id="4" available="false">
<name>Регулируемый стол Barsky StandUp Memory electric Черный ДСП 1200*600 BSU_el-09</name>
<model>BSU_el-09</model>
<url>
<![CDATA[ https://barsky.ua/reguliruemij_stol_barsky_standup_memory_chorniy_dsp_bsu_el-09/ ]]>
</url>
<price>11490</price>
<currencyId>UAH</currencyId>
<categoryId>3</categoryId>
<picture>https://barsky.ua/image/catalog/stoli/BSU_el-09/BSU_el-09_475x600_A3.png</picture>
<picture>https://barsky.ua/image/catalog/stoli/BSU_el-09/BSU_el-09_5.jpg</picture>
<picture>https://barsky.ua/image/catalog/stoli/BSU_el-09/BSU_el-09_4.jpg</picture>
<picture>https://barsky.ua/image/catalog/stoli/BSU_el-09/BSU_el-09_3.jpg</picture>
<picture>https://barsky.ua/image/catalog/stoli/BSU_el-09/BSU_el-09_2.jpg</picture>
<picture>https://barsky.ua/image/catalog/stoli/BSU_el-09/BSU_el-09_1.jpg</picture>
<vendor>Barsky</vendor>
<stock_quantity>0</stock_quantity>
<description>
<![CDATA[ Описание регулируемого стола Barsky StandUp Memory electric Черный ДСП 1200*600 BSU_el-09: Одномоторный электрический стол за которым удобно работать стоя и сидя. Позволяет менять положение и двигаться не отрываясь от рабочего процесса. Столешница из ДСП черного цвета. По форме столешница прямоугольная с эргономичным вырезом. Основные характеристики: Высота регулируется от 710 мм до 1210 мм. Запоминает три положения высоты. Есть таймер. Можно настроить через какой промежуток времени необходимо изменить положение. По истечении этого времени стол сигнализирует, что пора менять позицию. Благодаря т-образным опорам и регулируемым винтам на ножках, стол можно ровно выставить на любой поверхности и он будет устойчивым даже в самом высоком положении. Подключается стол к розетке. Именно эта модель компактных размеров и подойдет для любого помещения. Если вам нужна столешница большего размера, обратите внимание на другие регулируемые столы. Также можно использовать столешницу побольше для этих же опор. Чтобы спрятать провод от стола и другие провода от компьютера, используйте гибкий кабель-канал. Подъемные столы улучшают эргономику рабочего пространства. Настраиваются по росту любого пользователя и нивелируют вред сидячей работы. Вместе с любым креслом из каталога, вы получаете готовую рабочую станцию со скидкой 10%! ]]>
</description>
<param name="Предназначение">в кабинет</param>
<param name="Стиль">современный</param>
<param name="Особенности">регулируемые по высоте</param>
<param name="Тип">компьютерные</param>
<param name="Вид">эргономичные</param>
<param name="Размер">маленькие</param>
<param name="Форма">фигурные</param>
<param name="Для скольких человек">для 1-го</param>
<param name="Материал столешницы">ДСП</param>
<param name="Материал корпуса">окрашенная сталь</param>
<param name="Материал ножек">металл</param>
<param name="Цвет">Черный</param>
<param name="Глубина">600</param>
<param name="Ширина">1200</param>
<param name="Высота">710-1210 мм</param>
<param name="Гарантия">5 лет</param>
</offer>
<offer id="5" available="true">
<name>Геймерский стол Barsky E-Sports RGB-LED BES-01</name>
<model>BES-01</model>
<url>
<![CDATA[ https://barsky.ua/gaymerskiy_stol_barsky_e-sports_rgb-led_bes-01/ ]]>
</url>
<price>8645</price>
<oldprice>9500</oldprice>
<currencyId>UAH</currencyId>
<categoryId>3</categoryId>
<picture>https://barsky.ua/image/catalog/stoli/BES-01/BES-01_475x600_A3.png</picture>
<picture>https://barsky.ua/image/catalog/stoli/BES-01/BES-01_5.jpg</picture>
<picture>https://barsky.ua/image/catalog/stoli/BES-01/BES-01_4.jpg</picture>
<picture>https://barsky.ua/image/catalog/stoli/BES-01/BES-01_3.jpg</picture>
<picture>https://barsky.ua/image/catalog/stoli/BES-01/BES-01_2.jpg</picture>
<picture>https://barsky.ua/image/catalog/stoli/BES-01/BES-01_1.jpg</picture>
<vendor>Barsky</vendor>
<stock_quantity>32</stock_quantity>
<description>
<![CDATA[ Описание геймерского стола Barsky E-Sports RGB-LED BES-01: Стол с RGB-подсветкой выполнен в геймерском стиле. Подсветка подключается через USB-кабель. Есть разные режимы, которые переключаются пультом дистанционного управления. Столешница черного цвета, матовая. Покрыта специальной пленкой &quot;карбон&quot;, которая защищает столешницу от повреждений, приятная на ощупь, отлично подходит для игр за компьютером. Форма столешницы прямоугольна с эргономическим вырезом и скругленными углами. Есть специальные отверстия, которые помогают упорядочить кабели. Опоры z-образной формы. Такая форма позволяет облегчить конструкцию, при этом стол остается устойчивым. Опоры металлические. Из аксессуаров в комплект входит: крючок для наушников или сумки, подстаканник для кофе или воды, чтобы ничто не отвлекало пользователя от игры, защитный экран, кабель-каналы - специальные отверстия, которые помогают упорядочить кабели. Стол отлично подойдет подростку или взрослому любителю компьютерных игр. За столом удобно не только играть, но и работать. Отлично сочетается с игровыми креслами. Что это такое геймерский стол по почему он отличается от обычных столов? В первую очередь стоит для себя сформулировать понятие стола, в классическом представлении это массивная поверхность, на которой можно расположить клавиатуру, мышь, монитор и тарелку с бутербродами, так же желательно, чтоб за этим столом можно было писать, читать и просто проводить свободное время за просмотром сериала. Зачастую, производитель пытается угодить всем, за счёт чего, получается довольно массивная конструкция, с миллионом отделений для бумаги, которой почти не осталось в обороте в век диджитализации. И на выходе, пользователь получает классический компьютерный стол, с непомерными габаритами, острыми углами и какими-то решениями из 90-х ( по типу специальных тумбочек, ящичков и прочего). Не секрет, что геймеры, всегда находятся на волне инноваций. Нет ничего более динамичного нежели геймерские стремления в оптимизации и обладанием новым, лучшим. И этим стремлениям, следуем и мы, как молодая и креативная компания. Давайте сформулируем главные тезисы современного игрового места, в частности стола. Это не массивная конструкция, которая должна занимать ровно столько места, сколько необходимо игроку для комфортной катки. Это всё включено, для размещения всех девайсов в заданном порядке и максимальной эргономике. Это минимум проводов и неудобств с расположением техники. Это возможность адаптации под свои задачи в два щелчка пальца за счет так званых DLC , в нашем случае обвесов и аксессуаров, которые значчительно персонализируют рабочее место для каждого игрока. Хотя стоит быть откровенным, наши геймерские столы, с коробки уже имеют кучу обвесов, среди которых, RGB подсветка, CUP HOLDER, HEADPHONE Holder, и прочие вещи, которые как бы есть, но к ним привыкаешь быстро. Новая эра в гейминге Все привыкли к геймерским креслам, как таковому явлению на рынке мебели. Всё больше и больше не просто геймеров и обычных пользователей, отдаёт своё предпочтение геймерской тематике, в силу минимализма, практичности и эффектности, что немаловажно в реалиях современного дизайна помещенией. Давайте пройдемся сначала по ярким особенностям геймерских столов, которые обычного обывателя могу ввести в ступор. Ведь это то, что не вяжется с представлением о столах в головах обывателей. И так главные фишки наших столов E-SPORT. RGB подсветка. Если для компьютера, RGB является фишкой декоративной, обозначающей уровень наворотов комплектующих (Aorus, ROG) то в случае с мебелью, подсветка нужна сразу для двух целей. Первая и основополагающая, это подсветка рабочей области. Это значит что при выключенном свете, вы всё равно будете видеть элементы управления (клавиатуру, мышь) даже если они не имеют иллюминации. К тому же, для стримеров - это дополнительный источник свечения, который можно отрегулировать и создать контровой свет, тем самым погрузив подписчиков в нужный антураж. Размеры стола, строение и габариты. Если честно, это нечто новое. Теперь ваш персональный стол, будет не просто эффектным и надёжным пристанищем, для успешной игры, но и занимать намного меньше места. Логотип &quot;Barsky&quot; на переднем экране из АБС. Z-образные ножки стола из упрочнённого металла. Remote control - удобный миниатюрный пульт управления подсветкой стола. Карбоновая черная панель с рельефным узором. Два круглых пропуска под кабель с заглушкой для удобного оформления рабочего стола и центрирования кабеля в одном месте. Облегченная конструкция за счет использования легких, но очень прочных материалов - карбона и холоднокатанной стали. ]]>
</description>
<param name="Предназначение">для геймеров</param>
<param name="Стиль">современный</param>
<param name="Особенности">с подсветкой</param>
<param name="Тип">геймерские</param>
<param name="Вид">эргономичные</param>
<param name="Размер">маленькие</param>
<param name="Форма">ассиметричные</param>
<param name="Для скольких человек">для 1-го</param>
<param name="Материал столешницы">ДСП/Пленка</param>
<param name="Материал корпуса">металл</param>
<param name="Материал ножек">металл</param>
<param name="Цвет">Черный</param>
<param name="Глубина">600</param>
<param name="Ширина">1200</param>
<param name="Высота">740</param>
<param name="Гарантия">5 лет</param>
</offer>
<offer id="10" available="true">
<name>Кресло геймерское с подставкой для ног Barsky Batman Black SD-27</name>
<model>SD-27</model>
<url>
<![CDATA[ https://barsky.ua/kreslo_geymerskoe_barsky_batman_black_sd-27/ ]]>
</url>
<price>10999</price>
<oldprice>14500</oldprice>
<currencyId>UAH</currencyId>
<categoryId>2</categoryId>
<picture>https://barsky.ua/image/catalog/kresla/SD-27/SD-27_475x600_A1.png</picture>
<picture>https://barsky.ua/image/catalog/kresla/SD-27/SD-27_5.jpg</picture>
<picture>https://barsky.ua/image/catalog/kresla/SD-27/SD-27_4.jpg</picture>
<picture>https://barsky.ua/image/catalog/kresla/SD-27/SD-27_3.jpg</picture>
<picture>https://barsky.ua/image/catalog/kresla/SD-27/SD-27_2.jpg</picture>
<picture>https://barsky.ua/image/catalog/kresla/SD-27/SD-27_1.jpg</picture>
<vendor>Barsky</vendor>
<stock_quantity>9</stock_quantity>
<description>
<![CDATA[ Описание геймерского кресла с подставкой для ног Barsky Batman Black SD-27: Кресло с супергеройским дизайном. Эта модель выполнена из высококачественной экокожи. Обивка черного цвета с серыми вставками. Фишки кресла: кресло полностью раскладывается в горизонтальное положение, угол наклона спинки фиксируется в любом положении, есть выдвижная подставка для ног, есть съемная подушка для шейного отдела и регулируемая по высоте подушка для поясничного отдела. спинка и сидение в форме &quot;ковша&quot; с боковой поддержкой мягко &quot;обнимает&quot; со всех сторон. Благодаря таким особенностям в кресле удобно играть, работать, отдыхать, читать. Кресло станет отличным подарком любителям вселенной DC. ]]>
</description>
<param name="Предназначение">для киберспорта</param>
<param name="Стиль">современный</param>
<param name="Местоположение">для дома</param>
<param name="Особенности">эргономические</param>
<param name="Класс кресел">недорогие</param>
<param name="Тип">игровые</param>
<param name="Обивка">экокожа</param>
<param name="Уровень жесткости">мягкие</param>
<param name="Основание">на колесах</param>
<param name="Крестовина">пластик</param>
<param name="Каркас">пластик</param>
<param name="Механизм качания">с механизмом качания и фиксацией</param>
<param name="Механизмы">с механизмом трансформации</param>
<param name="Особенности конструкции">спинка откидывается на 180°</param>
<param name="Оснащение">с поясничной подушкой</param>
<param name="Максимальный рост">180 см</param>
<param name="Сидение">с регулировкой угла наклона</param>
<param name="Спинка">с откидной спинкой</param>
<param name="Подлокотники">с регулировкой высоты</param>
<param name="Материал подлокотников">мягкие накладки</param>
<param name="Подголовник">с высоким подголовником</param>
<param name="Ролики">Пластиковые</param>
<param name="Размер">узкие</param>
<param name="Цвет">Серый</param>
<param name="Гарантия">5 лет</param>
</offer>
<offer id="11" available="true">
<name>Кресло Barsky StandUp Leather ST-01</name>
<model>ST-01_Leather</model>
<url>
<![CDATA[ https://barsky.ua/kreslo_barsky_standup_leather_st-01/ ]]>
</url>
<price>22999</price>
<oldprice>30000</oldprice>
<currencyId>UAH</currencyId>
<categoryId>2</categoryId>
<picture>https://barsky.ua/image/catalog/kresla/ST-01_Leather/ST-01_475x600_A2.png</picture>
<picture>https://barsky.ua/image/catalog/kresla/ST-01_Leather/ST-01_9.jpg</picture>
<picture>https://barsky.ua/image/catalog/kresla/ST-01_Leather/ST-01_8.jpg</picture>
<picture>https://barsky.ua/image/catalog/kresla/ST-01_Leather/ST-01_7.jpg</picture>
<picture>https://barsky.ua/image/catalog/kresla/ST-01_Leather/ST-01_6.jpg</picture>
<picture>https://barsky.ua/image/catalog/kresla/ST-01_Leather/ST-01_5.jpg</picture>
<picture>https://barsky.ua/image/catalog/kresla/ST-01_Leather/ST-01_4.jpg</picture>
<picture>https://barsky.ua/image/catalog/kresla/ST-01_Leather/ST-01_3.jpg</picture>
<picture>https://barsky.ua/image/catalog/kresla/ST-01_Leather/ST-01_2.jpg</picture>
<picture>https://barsky.ua/image/catalog/kresla/ST-01_Leather/ST-01_1.jpg</picture>
<vendor>Barsky</vendor>
<stock_quantity>45</stock_quantity>
<description>
<![CDATA[ Описание кожаного эргономичного кресла Barsky StandUp Leather ST-01 для руководителя: Кресло черного цвета с обивкой из натуральной кожи. Кроме приятной и дорогой обивки эта модель с гибкими регулировками и максимальной эргономикой для вашего рабочего места. Кресло минималистичного дизайна без лишних деталей, при этом в нем 11 разных регулировок: кресло регулируется по высоте, подголовник регулируется по высоте, подголовник меняет угол наклона в двух точках. Вы можете настроить его так, чтобы вам было удобно положить голову, как во время работы, так и отдыха. спинка кресла дополнительно настраивается по высоте для людей высокого роста, сидение выдвигается, сидение меняет угол наклона на 15 , подлокотники настраиваются по высоте, ширине, углу наклона и вылету. Внутри сидения вспененный пенополиуретан, который не просядет со временем. Прочная и красивая металлическая крестовина и газлифт самого высокого класса. Кресло это вложение в комфорт и здоровье. Подходит фрилансерам, всем, кто подолгу работает удаленно и проводит время за компьютером, руководителям. Вместе с подъемным столом входит в состав станции. На все станции предоставляем скидку 10%. ]]>
</description>
<param name="Предназначение">для руководителей</param>
<param name="Стиль">современный</param>
<param name="Местоположение">для дома</param>
<param name="Особенности">эргономические</param>
<param name="Класс кресел">люкс</param>
<param name="Тип">компьютерные</param>
<param name="Обивка">кожа</param>
<param name="Уровень жесткости">жесткие</param>
<param name="Основание">на колесах</param>
<param name="Крестовина">металл</param>
<param name="Каркас">пластик</param>
<param name="Механизм качания">с механизмом качания и фиксацией</param>
<param name="Механизмы">синхромеханизм</param>
<param name="Особенности конструкции">с подголовником</param>
<param name="Максимальный рост">190 см</param>
<param name="Сидение">с регулировкой глубины сидения</param>
<param name="Ширина сидения, см">47</param>
<param name="Спинка">с регулировкой спинки по высоте</param>
<param name="Подлокотники">с регулировкой растояния</param>
<param name="Материал подлокотников">мягкие накладки</param>
<param name="Подголовник">с регулируемым подголовником</param>
<param name="Ролики">Обрезиненные</param>
<param name="Размер">широкие</param>
<param name="Цвет">Черный</param>
<param name="Гарантия">5 лет</param>
<param name="Высота спинки, см">63</param>
</offer>
<offer id="12" available="false">
<name>Велотренажер универсальный Barsky SpinWork</name>
<model>F211DBU</model>
<url>
<![CDATA[ https://barsky.ua/velotrenazher_universalniy_barsky_spinwork/ ]]>
</url>
<price>12500</price>
<currencyId>UAH</currencyId>
<categoryId>2</categoryId>
<picture>https://barsky.ua/image/catalog/kresla/F211DBU/SpinWork_475x600_A1.png</picture>
<picture>https://barsky.ua/image/catalog/kresla/F211DBU/SpinWork_1.jpg</picture>
<vendor>Barsky</vendor>
<stock_quantity>0</stock_quantity>
<description>
<![CDATA[ Описание универсального велотренажера Barsky SpinWork: Велотренажер можно использовать во время работы. Так вы повысите суточную активность, даже если много работаете за компьютером. Для удобства использования у велотренажера есть ряд регулировок: Регулируется высота сидения. Подойдет детям и взрослым. Регулируемый диапазон нагрузок. Для разных целей можно установить разные уровни сопротивления, когда крутите педали. Складывающиеся опоры, чтобы занимал меньше места. Маневренные колесики, позволят легко перемещаться. Тренажер белого цвета, с черным сидением и колесами. Спинка из дышащей сетки. Сидение с упругим наполнителем и обшивкой из износостойкого материала. Есть дисплей, для отслеживания времени и результатов. Тренажер хорошо подходит к подъёмному столу. Отрегулируйте высоту стола так, как вам подходит, работайте, смотрите видео, читайте статью и одновременно крутите педали. Очень нравится детям в качестве тренажера и просто кресла. ]]>
</description>
<param name="Предназначение">для фриланса</param>
<param name="Стиль">спортивный</param>
<param name="Местоположение">для дома</param>
<param name="Особенности">эргономические</param>
<param name="Класс кресел">дорогие</param>
<param name="Тип">компьютерные</param>
<param name="Обивка">экокожа/сетка</param>
<param name="Уровень жесткости">жесткие</param>
<param name="Основание">на колесах</param>
<param name="Крестовина">пластик</param>
<param name="Каркас">пластик</param>
<param name="Механизм качания">без механизма качания</param>
<param name="Особенности конструкции">с регулировкой высоты</param>
<param name="Максимальный рост">180 см</param>
<param name="Сидение">с регулировкой сидения по высоте</param>
<param name="Ширина сидения, см">40</param>
<param name="Спинка">с низкой спинкой</param>
<param name="Подголовник">без подголовника</param>
<param name="Ролики">Пластиковые</param>
<param name="Размер">узкие</param>
<param name="Цвет">Белый</param>
<param name="Гарантия">5 лет</param>
<param name="Высота спинки, см">38</param>
</offer>
<offer id="13" available="false">
<name>Геймерский стол Barsky E-Sports RGB-LED BES-02</name>
<model>BES-02</model>
<url>
<![CDATA[ https://barsky.ua/geymerskiy_stol_barsky_e-sports_rgb-led_bes-02/ ]]>
</url>
<price>7750</price>
<currencyId>UAH</currencyId>
<categoryId>3</categoryId>
<picture>https://barsky.ua/image/catalog/stoli/BES-02/BES-02_475x600_A3.png</picture>
<picture>https://barsky.ua/image/catalog/stoli/BES-02/BES-02_6.jpg</picture>
<picture>https://barsky.ua/image/catalog/stoli/BES-02/BES-02_5.jpg</picture>
<picture>https://barsky.ua/image/catalog/stoli/BES-02/BES-02_4.jpg</picture>
<picture>https://barsky.ua/image/catalog/stoli/BES-02/BES-02_3.jpg</picture>
<picture>https://barsky.ua/image/catalog/stoli/BES-02/BES-02_2.jpg</picture>
<picture>https://barsky.ua/image/catalog/stoli/BES-02/BES-02_1.jpg</picture>
<vendor>Barsky</vendor>
<stock_quantity>0</stock_quantity>
<description>
<![CDATA[ Описание геймерского стола Barsky E-Sports RGB-LED BES-02: Стол с RGB-подсветкой выполнен в геймерском стиле. Подсветка подключается через USB-кабель. Есть разные режимы, которые переключаются пультом дистанционного управления или кнопкой на столе. Столешница черного цвета в современном дизайне. Покрыта специальной матовой пленкой &quot;карбон&quot;, которая защищает столешницу от повреждений, приятная на ощупь, отлично подходит для игр за компьютером. Подсветка по бортам стола и опорам. Опоры металлические без громоздких конструкций. Такая форма позволяет облегчить стол, при этом он остается устойчивым. Из аксессуаров в комплект входит: пульт дистанционного управления, защитный экран, кабель-каналы - специальные отверстия, которые помогают упорядочить кабели. Стол отлично подойдет для компьютерных игр, работы или учебы. Отлично сочетается с игровыми креслами. ]]>
</description>
<param name="Предназначение">для геймеров</param>
<param name="Стиль">современный</param>
<param name="Особенности">с подсветкой</param>
<param name="Вид">эргономичные</param>
<param name="Размер">маленькие</param>
<param name="Форма">ассиметричные</param>
<param name="Для скольких человек">для 1-го</param>
<param name="Материал столешницы">ДСП/Пластик</param>
<param name="Материал корпуса">металл</param>
<param name="Материал ножек">металл</param>
<param name="Цвет">Черный/красный</param>
<param name="Глубина">600</param>
<param name="Ширина">1200</param>
<param name="Высота">710</param>
<param name="Гарантия">5 лет</param>
</offer>
<offer id="15" available="true">
<name>Кабель-менеджмент Barsky BCM-01</name>
<model>BCM-01</model>
<url>
<![CDATA[ https://barsky.ua/kabel-menedzhment_barsky_bcm-01/ ]]>
</url>
<price>980</price>
<currencyId>UAH</currencyId>
<categoryId>5</categoryId>
<picture>https://barsky.ua/image/catalog/aksesuary/BCM-01/6022a8363ad5a7e2c1610c52_BCM-01.png</picture>
<picture>https://barsky.ua/image/catalog/aksesuary/BCM-01/IMG_3864.jpg</picture>
<picture>https://barsky.ua/image/catalog/aksesuary/BCM-01/IMG_3865.jpg</picture>
<picture>https://barsky.ua/image/catalog/aksesuary/BCM-01/IMG_7992.jpg</picture>
<picture>https://barsky.ua/image/catalog/aksesuary/BCM-01/IMG_3862.jpg</picture>
<picture>https://barsky.ua/image/catalog/aksesuary/BCM-01/IMG_3866.jpg</picture>
<vendor>Barsky</vendor>
<stock_quantity>20</stock_quantity>
<description>
<![CDATA[ Описание гибкого кабель-менеджмента Barsky BCM-01: Аксессуар, который облегчит жизнь и организует провода. Кабель-менеджмент крепится к столешнице и состоит из четырех секций для кабелей. В каждую секцию помещается несколько проводов любой толщины. По всей длине гаджет так же разделен на секции. Благодаря этому он гибкий, его можно повернуть и выгнуть в любую сторону. Преимущества этого аксессуара: Один стильный кабель-канал вместо паутины проводов Защитит провода от животных или детей. Вы не выдернете случайно кабель при уборке. Крепится к любой столешнице. В черном цвете хорошо подходит к большинству моделей столов. Есть еще в белом цвете для полностью белых столов и станций. ]]>
</description>
<param name="Цвет">Черный</param>
</offer>
<offer id="16" available="true">
<name>Кабель-менеджмент Barsky white BCM-02</name>
<model>BCM-02</model>
<url>
<![CDATA[ https://barsky.ua/kabel-menedzhment_barsky_white_bcm-02/ ]]>
</url>
<price>980</price>
<currencyId>UAH</currencyId>
<categoryId>5</categoryId>
<picture>https://barsky.ua/image/catalog/aksesuary/BCM-02/6022a88230ab427b17ae42fb_BCM-02.png</picture>
<vendor>Barsky</vendor>
<stock_quantity>20</stock_quantity>
<description>
<![CDATA[ Описание гибкого кабель-менеджмента Barsky BCM-02: Аксессуар, который облегчит жизнь и организует провода. Кабель-менеджмент крепится к столешнице и состоит из четырех секций для кабелей. В каждую секцию помещается несколько проводов любой толщины. По всей длине гаджет так же разделен на секции. Благодаря этому он гибкий, его можно повернуть и выгнуть в любую сторону. Преимущества этого аксессуара: Один стильный кабель-канал вместо паутины проводов Защитит провода от животных или детей. Вы не выдернете случайно кабель при уборке. Крепится к любой столешнице. В белом цвете хорошо подходит к светлым столам и станциям. Есть еще в универсальном черном цвете, который подходит к большинству моделей . ]]>
</description>
<param name="Цвет">Белый</param>
</offer>
<offer id="21" available="false">
<name>Кресло Barsky Black PL BB-02</name>
<model>BB-02_PL</model>
<url>
<![CDATA[ https://barsky.ua/kr%D0%B5slo_barsky_black_pl_bb-02/ ]]>
</url>
<price>10450</price>
<currencyId>UAH</currencyId>
<categoryId>2</categoryId>
<picture>https://barsky.ua/image/catalog/kresla/BB-02_PL/BB-02pl_475x600_A1.png</picture>
<picture>https://barsky.ua/image/catalog/kresla/BB-02_PL/BB-02pl_6.jpg</picture>
<picture>https://barsky.ua/image/catalog/kresla/BB-02_PL/BB-02pl_5.jpg</picture>
<picture>https://barsky.ua/image/catalog/kresla/BB-02_PL/BB-02pl_4.jpg</picture>
<picture>https://barsky.ua/image/catalog/kresla/BB-02_PL/BB-02pl_3.jpg</picture>
<picture>https://barsky.ua/image/catalog/kresla/BB-02_PL/BB-02pl_2.jpg</picture>
<picture>https://barsky.ua/image/catalog/kresla/BB-02_PL/BB-02pl_1.jpg</picture>
<vendor>Barsky</vendor>
<stock_quantity>0</stock_quantity>
<description>
<![CDATA[ Описание кресла из сетки Barsky Black PL BB-02: Недорогое кресло из сетки для офиса и дома. Спинка эргономичной формы с поясничной поддержкой. Подголовник меняет угол наклона. Это удобно, так как вы можете настроить его под себя и во время работы, и во время отдыха. Обивка - сетка черного цвета. За ней легко ухаживать, хорошо пропускает воздух, не парит. Крестовина из пластика с ребрами жесткости позволяет снизить стоимость кресла, но выдерживать большой вес. Подлокотники регулируются по высоте. Спинка откидывается, можно зафиксировать угол наклона. Преимущества этой модели: невысокая цена есть все базовые регулировки для здоровой работы дышащая обивка Кресло хорошо сочетается с любым письменным и офисным столом. Вместе с регулируемым по высоте столом получается наиболее эргономичное и адаптированное под пользователя рабочее место. Если нужна более прокачанная версия кресла, эта же модель есть с металлической крестовиной и хромированными подлокотниками Barsky Black BB-01. ]]>
</description>
<param name="Предназначение">для персонала</param>
<param name="Стиль">современный</param>
<param name="Местоположение">для офиса</param>
<param name="Особенности">эргономические</param>
<param name="Класс кресел">недорогие</param>
<param name="Тип">офисные</param>
<param name="Обивка">сетка</param>
<param name="Уровень жесткости">жесткие</param>
<param name="Основание">на колесах</param>
<param name="Крестовина">пластик</param>
<param name="Каркас">пластик</param>
<param name="Механизм качания">с механизмом качания и фиксацией</param>
<param name="Механизмы">синхромеханизм</param>
<param name="Особенности конструкции">с регулировкой высоты</param>
<param name="Оснащение">с вентиляцией</param>
<param name="Максимальный рост">180 см</param>
<param name="Сидение">с регулировкой угла наклона</param>
<param name="Ширина сидения, см">50</param>
<param name="Спинка">с поддержкой поясницы</param>
<param name="Подлокотники">с регулировкой высоты</param>
<param name="Материал подлокотников">пластиковые</param>
<param name="Подголовник">с регулируемым подголовником</param>
<param name="Ролики">Обрезиненные</param>
<param name="Размер">узкие</param>
<param name="Цвет">Черный</param>
<param name="Гарантия">5 лет</param>
<param name="Высота спинки, см">57</param>
</offer>
<offer id="24" available="false">
<name>Кресло Barsky Butterfly Black/Orange Fly-01</name>
<model>Fly-01</model>
<url>
<![CDATA[ https://barsky.ua/kreslo_barsky_butterfly_blackorange_fly-01/ ]]>
</url>
<price>11500</price>
<currencyId>UAH</currencyId>
<categoryId>2</categoryId>
<picture>https://barsky.ua/image/catalog/kresla/Fly-01/Fly-01_475x600_A1.png</picture>
<picture>https://barsky.ua/image/catalog/kresla/Fly-01/Fly-01_6.jpg</picture>
<picture>https://barsky.ua/image/catalog/kresla/Fly-01/Fly-01_5.jpg</picture>
<picture>https://barsky.ua/image/catalog/kresla/Fly-01/Fly-01_4.jpg</picture>
<picture>https://barsky.ua/image/catalog/kresla/Fly-01/Fly-01_3.jpg</picture>
<picture>https://barsky.ua/image/catalog/kresla/Fly-01/Fly-01_2.jpg</picture>
<picture>https://barsky.ua/image/catalog/kresla/Fly-01/Fly-01_1.jpg</picture>
<vendor>Barsky</vendor>
<stock_quantity>0</stock_quantity>
<description>
<![CDATA[ Описание кресла Barsky Butterfly Black/Orange Fly-01 для дома: Фишка кресла - это обивка из приятной на ощупь сетки. Сетка в оранжевом цвете с красивым плетением и использованием хлопковой нити. Она не вызывает дискомфорта, раздражений, хорошо пропускает воздух. Основные характеристики этой модели: Спинка фигурная, с анатомическими изгибами и поясничной поддержкой. Подголовник вращается. Позволяет настроить как вам удобно. Сидение из формованного поролона, который хорошо держит форму и не продавится со временем. Синхромеханизм качания позволяет менять угол наклона спинки пропорционально с наклоном сидения и фиксировать угол наклона в любом положении. Гибкие регулировки подлокотников. Есть режим работы на мобильных устройствах. Алюминиевая крестовина с хромированным покрытием. Полиуретановые колеса не испортят паркет или ламинат. Кресло настраивается под любого пользователя. Благодаря дышащей и приятой на ощупь сетке, кресло особенно хорошо подходит для детей и женщин. ]]>
</description>
<param name="Предназначение">для женщин</param>
<param name="Стиль">современный</param>
<param name="Местоположение">для дома</param>
<param name="Особенности">эргономические</param>
<param name="Класс кресел">премиум</param>
<param name="Тип">домашнее</param>
<param name="Обивка">сетка</param>
<param name="Уровень жесткости">мягкие</param>
<param name="Основание">на колесах</param>
<param name="Крестовина">хром</param>
<param name="Каркас">пластик</param>
<param name="Механизм качания">с механизмом качания и фиксацией</param>
<param name="Механизмы">синхромеханизм</param>
<param name="Особенности конструкции">с хлопковой нитью</param>
<param name="Оснащение">с вентиляцией</param>
<param name="Максимальный рост">170 см</param>
<param name="Сидение">с регулировкой сидения по высоте</param>
<param name="Ширина сидения, см">49</param>
<param name="Спинка">с сеткой</param>
<param name="Подлокотники">2D</param>
<param name="Материал подлокотников">хромированые</param>
<param name="Подголовник">с регулируемым подголовником</param>
<param name="Ролики">силиконовые</param>
<param name="Размер">узкие</param>
<param name="Цвет">Оранжевый</param>
<param name="Гарантия">5 лет</param>
<param name="Высота спинки, см">57</param>
</offer>
<offer id="25" available="false">
<name>Кресло Barsky Butterfly Black/Bordo Fly-02</name>
<model>Fly-02</model>
<url>
<![CDATA[ https://barsky.ua/kreslo_barsky_butterfly_blackbordo_fly-02/ ]]>
</url>
<price>11500</price>
<currencyId>UAH</currencyId>
<categoryId>2</categoryId>
<picture>https://barsky.ua/image/catalog/kresla/Fly-02/photo-151.jpg</picture>
<picture>https://barsky.ua/image/catalog/kresla/Fly-02/Fly-02_6.jpg</picture>
<picture>https://barsky.ua/image/catalog/kresla/Fly-02/Fly-02_5.jpg</picture>
<picture>https://barsky.ua/image/catalog/kresla/Fly-02/Fly-02_4.jpg</picture>
<picture>https://barsky.ua/image/catalog/kresla/Fly-02/Fly-02_3.jpg</picture>
<picture>https://barsky.ua/image/catalog/kresla/Fly-02/Fly-02_2.jpg</picture>
<picture>https://barsky.ua/image/catalog/kresla/Fly-02/Fly-02_1.jpg</picture>
<vendor>Barsky</vendor>
<stock_quantity>0</stock_quantity>
<description>
<![CDATA[ Описание кресла Barsky Butterfly Black/Bordo Fly-02 для офиса: Фишка кресла - это обивка из приятной на ощупь сетки. Сетка в бордовом цвете с красивым плетением и использованием хлопковой нити. Она не вызывает дискомфорта, раздражений, хорошо пропускает воздух. Основные характеристики этой модели: Спинка фигурная, с анатомическими изгибами и поясничной поддержкой. Подголовник вращается. Позволяет настроить как вам удобно. Сидение из формованного поролона, который хорошо держит форму и не продавится со временем. Синхромеханизм качания позволяет менять угол наклона спинки пропорционально с наклоном сидения и фиксировать угол наклона в любом положении. Гибкие регулировки подлокотников. Есть режим работы на мобильных устройствах. Алюминиевая крестовина с хромированным покрытием. Полиуретановые колеса не испортят паркет или ламинат. Кресло настраивается под любого пользователя. Благодаря дышащей и приятой на ощупь сетке, кресло особенно хорошо подходит для детей и женщин. ]]>
</description>
<param name="Предназначение">для женщин</param>
<param name="Стиль">современный</param>
<param name="Местоположение">для дома</param>
<param name="Особенности">эргономические</param>
<param name="Класс кресел">премиум</param>
<param name="Тип">домашнее</param>
<param name="Обивка">сетка</param>
<param name="Уровень жесткости">мягкие</param>
<param name="Основание">на колесах</param>
<param name="Крестовина">хром</param>
<param name="Каркас">пластик</param>
<param name="Механизм качания">с механизмом качания и фиксацией</param>
<param name="Механизмы">синхромеханизм</param>
<param name="Особенности конструкции">с хлопковой нитью</param>
<param name="Оснащение">с вентиляцией</param>
<param name="Максимальный рост">170 см</param>
<param name="Сидение">с регулировкой сидения по высоте</param>
<param name="Ширина сидения, см">49</param>
<param name="Спинка">с сеткой</param>
<param name="Подлокотники">2D</param>
<param name="Материал подлокотников">хромированые</param>
<param name="Подголовник">с регулируемым подголовником</param>
<param name="Ролики">силиконовые</param>
<param name="Размер">узкие</param>
<param name="Цвет">Бордовый</param>
<param name="Гарантия">5 лет</param>
<param name="Высота спинки, см">57</param>
</offer>
<offer id="26" available="true">
<name>Кресло Barsky Butterfly Black Fly-03</name>
<model>Fly-03</model>
<url>
<![CDATA[ https://barsky.ua/kreslo_barsky_butterfly_black_fly-03/ ]]>
</url>
<price>11500</price>
<currencyId>UAH</currencyId>
<categoryId>2</categoryId>
<picture>https://barsky.ua/image/catalog/kresla/Fly-03/Fly-03_475x600_A1.png</picture>
<picture>https://barsky.ua/image/catalog/kresla/Fly-03/Fly-03_6.jpg</picture>
<picture>https://barsky.ua/image/catalog/kresla/Fly-03/Fly-03_5.jpg</picture>
<picture>https://barsky.ua/image/catalog/kresla/Fly-03/Fly-03_4.jpg</picture>
<picture>https://barsky.ua/image/catalog/kresla/Fly-03/Fly-03_3.jpg</picture>
<picture>https://barsky.ua/image/catalog/kresla/Fly-03/Fly-03_2.jpg</picture>
<picture>https://barsky.ua/image/catalog/kresla/Fly-03/Fly-03_1.jpg</picture>
<vendor>Barsky</vendor>
<stock_quantity>10</stock_quantity>
<description>
<![CDATA[ Описание кресла Barsky Butterfly Black Fly-03 для офиса: Фишка кресла - это обивка из приятной на ощупь сетки. Сетка черного цвета с красивым плетением и использованием хлопковой нити. Она не вызывает дискомфорта, раздражений, хорошо пропускает воздух. Основные характеристики этой модели: Спинка фигурная, с анатомическими изгибами и поясничной поддержкой. Подголовник вращается. Позволяет настроить как вам удобно. Сидение из формованного поролона, который хорошо держит форму и не продавится со временем. Синхромеханизм качания позволяет менять угол наклона спинки пропорционально с наклоном сидения и фиксировать угол наклона в любом положении. Гибкие регулировки подлокотников. Есть режим работы на мобильных устройствах. Алюминиевая крестовина с хромированным покрытием. Полиуретановые колеса не испортят паркет или ламинат. Кресло настраивается под любого пользователя. Благодаря дышащей и приятой на ощупь сетке, кресло особенно хорошо подходит для детей и женщин. ]]>
</description>
<param name="Предназначение">для женщин</param>
<param name="Стиль">современный</param>
<param name="Местоположение">для дома</param>
<param name="Особенности">эргономические</param>
<param name="Класс кресел">премиум</param>
<param name="Тип">домашнее</param>
<param name="Обивка">сетка</param>
<param name="Уровень жесткости">мягкие</param>
<param name="Основание">на колесах</param>
<param name="Крестовина">хром</param>
<param name="Каркас">пластик</param>
<param name="Механизм качания">с механизмом качания и фиксацией</param>
<param name="Механизмы">синхромеханизм</param>
<param name="Особенности конструкции">с хлопковой нитью</param>
<param name="Оснащение">с вентиляцией</param>
<param name="Максимальный рост">170 см</param>
<param name="Сидение">с регулировкой сидения по высоте</param>
<param name="Ширина сидения, см">49</param>
<param name="Спинка">с сеткой</param>
<param name="Подлокотники">2D</param>
<param name="Материал подлокотников">хромированые</param>
<param name="Подголовник">с регулируемым подголовником</param>
<param name="Ролики">силиконовые</param>
<param name="Размер">узкие</param>
<param name="Цвет">Черный</param>
<param name="Гарантия">5 лет</param>
<param name="Высота спинки, см">57</param>
</offer>
<offer id="27" available="false">
<name>Кресло Barsky Butterfly Green Fly-04</name>
<model>Fly-04</model>
<url>
<![CDATA[ https://barsky.ua/kreslo_barsky_butterfly_green_fly-04/ ]]>
</url>
<price>11500</price>
<currencyId>UAH</currencyId>
<categoryId>2</categoryId>
<picture>https://barsky.ua/image/catalog/kresla/Fly-04/Fly-04_475x600_A1.png</picture>
<picture>https://barsky.ua/image/catalog/kresla/Fly-04/Fly-04_6.jpg</picture>
<picture>https://barsky.ua/image/catalog/kresla/Fly-04/Fly-04_5.jpg</picture>
<picture>https://barsky.ua/image/catalog/kresla/Fly-04/Fly-04_4.jpg</picture>
<picture>https://barsky.ua/image/catalog/kresla/Fly-04/Fly-04_3.jpg</picture>
<picture>https://barsky.ua/image/catalog/kresla/Fly-04/Fly-04_2.jpg</picture>
<picture>https://barsky.ua/image/catalog/kresla/Fly-04/Fly-04_1.jpg</picture>
<vendor>Barsky</vendor>
<stock_quantity>0</stock_quantity>
<description>
<![CDATA[ Описание кресла Barsky Butterfly Green Fly-04 для дома: Фишка кресла - это обивка из приятной на ощупь сетки. Сетка в салатовом цвете с красивым плетением и использованием хлопковой нити. Она не вызывает дискомфорта, раздражений, хорошо пропускает воздух. Основные характеристики этой модели: Спинка фигурная, с анатомическими изгибами и поясничной поддержкой. Подголовник вращается. Позволяет настроить как вам удобно. Сидение из формованного поролона, который хорошо держит форму и не продавится со временем. Синхромеханизм качания позволяет менять угол наклона спинки пропорционально с наклоном сидения и фиксировать угол наклона в любом положении. Гибкие регулировки подлокотников. Есть режим работы на мобильных устройствах. Алюминиевая крестовина с хромированным покрытием. Полиуретановые колеса не испортят паркет или ламинат. Кресло настраивается под любого пользователя. Благодаря дышащей и приятой на ощупь сетке, кресло особенно хорошо подходит для детей и женщин. ]]>
</description>
<param name="Предназначение">для женщин</param>
<param name="Стиль">современный</param>
<param name="Местоположение">для дома</param>
<param name="Особенности">дизайнерские</param>
<param name="Класс кресел">премиум</param>
<param name="Тип">домашнее</param>
<param name="Обивка">сетка</param>
<param name="Уровень жесткости">мягкие</param>
<param name="Основание">на колесах</param>
<param name="Крестовина">хром</param>
<param name="Каркас">пластик</param>
<param name="Механизм качания">с механизмом качания и фиксацией</param>
<param name="Механизмы">синхромеханизм</param>
<param name="Особенности конструкции">с хлопковой нитью</param>
<param name="Оснащение">с вентиляцией</param>
<param name="Максимальный рост">170 см</param>
<param name="Сидение">с регулировкой высоты сидения</param>
<param name="Ширина сидения, см">49</param>
<param name="Спинка">с сеткой</param>
<param name="Подлокотники">2D</param>
<param name="Материал подлокотников">хромированые</param>
<param name="Подголовник">с регулируемым подголовником</param>
<param name="Ролики">силиконовые</param>
<param name="Размер">узкие</param>
<param name="Цвет">Зеленый</param>
<param name="Гарантия">5 лет</param>
<param name="Высота спинки, см">57</param>
</offer>
<offer id="28" available="false">
<name>Кресло Barsky Butterfly Black PL Fly-05</name>
<model>Fly-05</model>
<url>
<![CDATA[ https://barsky.ua/kreslo_barsky_butterfly_black_pl_fly-05/ ]]>
</url>
<price>9900</price>
<currencyId>UAH</currencyId>
<categoryId>2</categoryId>
<picture>https://barsky.ua/image/catalog/kresla/Fly-05/Fly-05_475x600_A1.png</picture>
<picture>https://barsky.ua/image/catalog/kresla/Fly-05/Fly-05_6.jpg</picture>
<picture>https://barsky.ua/image/catalog/kresla/Fly-05/Fly-05_5.jpg</picture>
<picture>https://barsky.ua/image/catalog/kresla/Fly-05/Fly-05_4.jpg</picture>
<picture>https://barsky.ua/image/catalog/kresla/Fly-05/Fly-05_3.jpg</picture>
<picture>https://barsky.ua/image/catalog/kresla/Fly-05/Fly-05_2.jpg</picture>
<picture>https://barsky.ua/image/catalog/kresla/Fly-05/Fly-05_1.jpg</picture>
<vendor>Barsky</vendor>
<stock_quantity>0</stock_quantity>
<description>
<![CDATA[ Описание кресла Barsky Butterfly Black Fly-05 для офиса: Недорогое офисное кресло со всеми базовыми регулировками для комфортной работы. Обивка из сетки, которая хорошо пропускает воздух, не парит. Основные характеристики этой модели: Спинка фигурная, с анатомическими изгибами и поясничной поддержкой. Подголовник вращается. Позволяет настроить как вам удобно. Синхромеханизм качания позволяет менять угол наклона спинки пропорционально с наклоном сидения и фиксировать угол наклона в любом положении. Подлокотники регулируются по высоте. Кресло черного цвета сочетается с любым интерьером. Хорошо подойдет для офисных работников и удаленной работы. ]]>
</description>
<param name="Предназначение">для женщин</param>
<param name="Стиль">современный</param>
<param name="Местоположение">для дома</param>
<param name="Особенности">эргономические</param>
<param name="Класс кресел">недорогие</param>
<param name="Тип">домашнее</param>
<param name="Обивка">сетка</param>
<param name="Уровень жесткости">жесткие</param>
<param name="Основание">на колесах</param>
<param name="Крестовина">пластик</param>
<param name="Каркас">пластик</param>
<param name="Механизм качания">с механизмом качания и фиксацией</param>
<param name="Механизмы">синхромеханизм</param>
<param name="Особенности конструкции">с подголовником</param>
<param name="Оснащение">с вентиляцией</param>
<param name="Максимальный рост">170 см</param>
<param name="Сидение">с сеткой</param>
<param name="Ширина сидения, см">49</param>
<param name="Спинка">с сеткой</param>
<param name="Подлокотники">с регулировкой высоты</param>
<param name="Материал подлокотников">пластиковые</param>
<param name="Подголовник">с регулируемым подголовником</param>
<param name="Ролики">Обрезиненные</param>
<param name="Размер">узкие</param>
<param name="Цвет">Черный</param>
<param name="Гарантия">5 лет</param>
<param name="Высота спинки, см">57</param>
</offer>
<offer id="29" available="false">
<name>Кресло Barsky Butterfly Black PL Fly-06</name>
<model>Fly-06</model>
<url>
<![CDATA[ https://barsky.ua/kreslo_barsky_butterfly_black_pl_fly-06/ ]]>
</url>
<price>9999</price>
<currencyId>UAH</currencyId>
<categoryId>2</categoryId>
<picture>https://barsky.ua/image/catalog/kresla/Fly-06/Fly-06_475x600_A1.png</picture>
<picture>https://barsky.ua/image/catalog/kresla/Fly-06/Fly-06_6.jpg</picture>
<picture>https://barsky.ua/image/catalog/kresla/Fly-06/Fly-06_5.jpg</picture>
<picture>https://barsky.ua/image/catalog/kresla/Fly-06/Fly-06_4.jpg</picture>
<picture>https://barsky.ua/image/catalog/kresla/Fly-06/Fly-06_3.jpg</picture>
<picture>https://barsky.ua/image/catalog/kresla/Fly-06/Fly-06_2.jpg</picture>
<picture>https://barsky.ua/image/catalog/kresla/Fly-06/Fly-06_1.jpg</picture>
<vendor>Barsky</vendor>
<stock_quantity>0</stock_quantity>
<description>
<![CDATA[ Описание кресла Barsky Butterfly Black Fly-06 для офиса: Недорогое офисное кресло со всеми базовыми регулировками для комфортной работы. Обивка из сетки, которая хорошо пропускает воздух, не парит. Основные характеристики этой модели: Спинка фигурная, с анатомическими изгибами и поясничной поддержкой. Подголовник вращается. Позволяет настроить как вам удобно. Синхромеханизм качания позволяет менять угол наклона спинки пропорционально с наклоном сидения и фиксировать угол наклона в любом положении. Формованное сидение располагает к правильной посадке. Подлокотники регулируются по высоте и меняют угол наклона для комфортной работы на мобильных устройствах. Именно эта модель кресла представлена в разных вариантах: Barsky Butterfly Black Fly-05 - это формованное сидение и 2D подлокотники. В Barsky Butterfly Black Fly-03 - металлическая крестовина и обивка с хлопковой нитью. Выбирайте самый подходящий вашему бюджету и вкусу вариант. Кресло черного цвета сочетается с любым интерьером. Хорошо подойдет для офисных работников и удаленной работы. ]]>
</description>
<param name="Предназначение">для фриланса</param>
<param name="Стиль">современный</param>
<param name="Местоположение">для дома</param>
<param name="Особенности">эргономические</param>
<param name="Класс кресел">недорогие</param>
<param name="Тип">домашнее</param>
<param name="Обивка">сетка</param>
<param name="Уровень жесткости">мягкие</param>
<param name="Основание">на колесах</param>
<param name="Крестовина">пластик</param>
<param name="Каркас">пластик</param>
<param name="Механизм качания">с механизмом качания и фиксацией</param>
<param name="Механизмы">синхромеханизм</param>
<param name="Особенности конструкции">с подголовником</param>
<param name="Оснащение">с вентиляцией</param>
<param name="Максимальный рост">170 см</param>
<param name="Сидение">с сеткой</param>
<param name="Ширина сидения, см">49</param>
<param name="Спинка">с сеткой</param>
<param name="Подлокотники">2D</param>
<param name="Материал подлокотников">хромированые</param>
<param name="Подголовник">с регулируемым подголовником</param>
<param name="Ролики">Обрезиненные</param>
<param name="Размер">узкие</param>
<param name="Цвет">Черный</param>
<param name="Гарантия">5 лет</param>
<param name="Высота спинки, см">57</param>
</offer>
<offer id="30" available="true">
<name>Кресло Barsky Corporative Elegant BCel_chr-01</name>
<model>BCel_chr-01</model>
<url>
<![CDATA[ https://barsky.ua/kreslo_barsky_corporative_elegant_bcel_chr-01/ ]]>
</url>
<price>9500</price>
<currencyId>UAH</currencyId>
<categoryId>2</categoryId>
<picture>https://barsky.ua/image/catalog/kresla/BCel_chr-01/BCel_chr-01_475x600_A2.png</picture>
<picture>https://barsky.ua/image/catalog/kresla/BCel_chr-01/BCel_chr-01_6.jpg</picture>
<picture>https://barsky.ua/image/catalog/kresla/BCel_chr-01/BCel_chr-01_5.jpg</picture>
<picture>https://barsky.ua/image/catalog/kresla/BCel_chr-01/BCel_chr-01_4.jpg</picture>
<picture>https://barsky.ua/image/catalog/kresla/BCel_chr-01/BCel_chr-01_3.jpg</picture>
<picture>https://barsky.ua/image/catalog/kresla/BCel_chr-01/BCel_chr-01_2.jpg</picture>
<picture>https://barsky.ua/image/catalog/kresla/BCel_chr-01/BCel_chr-01_1.jpg</picture>
<vendor>Barsky</vendor>
<stock_quantity>0</stock_quantity>
<description>
<![CDATA[ Описание кресла Barsky Corporative Elegant BCel_chr-01: Недорогое сеточное кресло черного цвета со всеми нужными регулировками. Элегантный и минималистичный дизайн. Поясничная поддержка настраивается под пользователя по высоте. Подголовник регулируется по росту пользователя. Высота кресла регулируется газлифтом. Есть синхромеханизм - наиболее эргономичный механизм качания, который позволяет откинуть спинку вместе с сидением в правильном соотношении. Есть возможность зафиксировать положение. Другие характеристики: Хромированная крестовина Обрезиненные колеса, которые не повредят напольное покрытие Обивка из дышащей сетки Эта модель кресла - пример того, что недорогое кресло может быть максимально комфортным для пользователя. ]]>
</description>
<param name="Предназначение">для персонала</param>
<param name="Стиль">клаcсический</param>
<param name="Местоположение">для офиса</param>
<param name="Особенности">эргономические</param>
<param name="Обивка">сетка</param>
<param name="Уровень жесткости">жесткие</param>
<param name="Основание">на колесах</param>
<param name="Крестовина">металл</param>
<param name="Каркас">пластик</param>
<param name="Механизм качания">с механизмом качания и фиксацией</param>
<param name="Механизмы">синхромеханизм</param>
<param name="Особенности конструкции">с подголовником</param>
<param name="Оснащение">с вентиляцией</param>
<param name="Максимальный рост">180 см</param>
<param name="Сидение">с регулировкой угла наклона</param>
<param name="Ширина сидения, см">52</param>
<param name="Спинка">с поддержкой поясницы</param>
<param name="Подлокотники">с регулировкой высоты</param>
<param name="Материал подлокотников">мягкие накладки</param>
<param name="Подголовник">с регулируемым подголовником</param>
<param name="Ролики">Обрезиненные</param>
<param name="Размер">узкие</param>
<param name="Цвет">Черный</param>
<param name="Гарантия">5 лет</param>
<param name="Высота спинки, см">57</param>
</offer>
<offer id="31" available="false">
<name>Кресло Barsky ECO Green G-1</name>
<model>G-1</model>
<url>
<![CDATA[ https://barsky.ua/kreslo_barsky_eco_green_g-1/ ]]>
</url>
<price>14500</price>
<currencyId>UAH</currencyId>
<categoryId>2</categoryId>
<picture>https://barsky.ua/image/catalog/kresla/G-1/G-1_475x600_A2.png</picture>
<picture>https://barsky.ua/image/catalog/kresla/G-1/G-1_6.jpg</picture>
<picture>https://barsky.ua/image/catalog/kresla/G-1/G-1_5.jpg</picture>
<picture>https://barsky.ua/image/catalog/kresla/G-1/G-1_4.jpg</picture>
<picture>https://barsky.ua/image/catalog/kresla/G-1/G-1_3.jpg</picture>
<picture>https://barsky.ua/image/catalog/kresla/G-1/G-1_2.jpg</picture>
<picture>https://barsky.ua/image/catalog/kresla/G-1/G-1_1.jpg</picture>
<vendor>Barsky</vendor>
<stock_quantity>0</stock_quantity>
<description>
<![CDATA[ Описание кресла Barsky ECO Grey G-3: Кресло Eco с большим диапазоном регулировок отлично подходит людям разного роста и комплекции для работы дома или в офисе. В кресле настраивается высота с помощью самого надежного газлифта 4 класса. Дополнительно можно отрегулировать: высоту самой спинки, подголовника, настроить поясничную поддержку, высоту и угол подлокотников. Колесная база металлическая, колеса обрезиненные не оставляют царапин и следов на любой поверхности. Плотная сетка на спинке приятная на ощупь и хорошо пропускает воздух. Толстое формованное сидение не проминается со временем. Обивка на сидении черного цвета. Не пачкается, за ней легко ухаживать. Спинка серого цвета с узором. Хорошо сочетается с мебелью любых цветов, с деревянной мебелью или текстурой &quot;под дерево&quot;. Кресло Barsky Eco разработано специально для программистов.Ведь именно программисты, как никто другой, большую часть своего времени проводят сидя за компьютером. Кресло Barsky Eco создано для удобной посадки и комфортной работы в кресле на протяжении более 12 часов.Ортопедическое кресло Barsky Eco разработано по всем законам эргономики и по праву может претендовать на звание &quot;Лучшее кресло для программиста&quot;! Основные тезисы про это кресло. Что же делает кресло ECO идеальным выбором для вас. В первую очередь это его возможности регулировок и эргономика и конечно же надёжность, обусловленное применением качественных материалов. Подробней про каждый аспект кресла мы сейчас и поговрим. В целом Eco это сеточное кресло с регулируемыми подлокотниками, спинкой, подголовником и фирменным синхромеханизмом от компании Barsky. Сидение этого кресла имеет формованный наполнитель с характерной, несколько покатой формой, обусловленной уменьшением давления во время сидения на ноги. Сетка кресла - производства Южной Кореи, она не растянется и будет всегда иметь первозданный вид, вне зависимости от того, сколько времени прошло с момента покупки и использования кресла. Основой кресла является газлифт, выполненный из полированного алюминия. За счёт этого подхода, удалось уменьшить общий вес ECO при этом, значительно увеличив устойчивость и надёжность кресла. Возможности регулировок ECO Яркой чертой кресла являются возможные регулировки, которые позволят настроить кресло таким образом, чтоб оно было максимально комфортным для пользователя. Спинку кресла можно поднять или опустить тем самым адаптировав её под рост человека. К тому же, спинка кресла имеет поясничную поддержку в форме бабочка, которая также регулируется по высоте. Для поддержки шейно плечевого отдела, в кресле предусмотрен подголовник, он регулируется так же по высоте. Стоит отметить, что подголовник выступает в роли поддержки шеи если вы сидите прямо, а в случае откидывания - становится полновесной поддержкой затылочной части головы. Стоит также отметить подлокотники в этом кресле. 3D подлокотники, регулируются не только по высоте, но и по вылету. Как это выглядит в реальной жизни? Подняв подлокотники до уровня стола, можно выбрать удобное положение для рук, в зависимости от типа работы. К примеру для активной работы с клавиатурой, лучше выбрать положение ёлочкой. Стоит не пренебрегать такими возможностями, ведь правильная поддержка рук при работе - это 100 процентная профилактика туннельного синдрома. Синхромеханизм Barsky В кресле Eco можно не только работать с комфортом, но и отдыхать. Вы можете зафиксировать угол наклона спинки в удобном для вас положении до 45 градусов. И к примеру откинуться и отдохнуть, сняв напряжение после активной работы. В целом о кресле и приятные фишки Кресло ECO также оснащено съёмной вешалкой для верхней одежды, что особо будет плюсом в условиях офисных помещений. Роликами с обрезиненной окантовкой и увеличенным диаметром 60мм, для мобильности и сохранности напольных покрытий. А также газлифтом наивысшего класса. ]]>
</description>
<param name="Предназначение">для фриланса</param>
<param name="Стиль">современный</param>
<param name="Местоположение">для дома</param>
<param name="Особенности">эргономические</param>
<param name="Класс кресел">недорогие</param>
<param name="Тип">домашнее</param>
<param name="Обивка">сетка</param>
<param name="Уровень жесткости">мягкие</param>
<param name="Основание">на колесах</param>
<param name="Крестовина">металл</param>
<param name="Каркас">пластик</param>
<param name="Механизм качания">с механизмом качания и фиксацией</param>
<param name="Механизмы">синхромеханизм</param>
<param name="Особенности конструкции">для высоких людей</param>
<param name="Оснащение">с вентиляцией</param>
<param name="Максимальный рост">190 см</param>
<param name="Сидение">с сеткой</param>
<param name="Ширина сидения, см">49</param>
<param name="Спинка">с регулировкой спинки по высоте</param>
<param name="Подлокотники">с регулировкой по уровню поворота</param>
<param name="Материал подлокотников">хромированые</param>
<param name="Подголовник">с регулируемым подголовником</param>
<param name="Ролики">Обрезиненные</param>
<param name="Размер">широкие</param>
<param name="Цвет">Черный/зеленый</param>
<param name="Гарантия">5 лет</param>
<param name="Высота спинки, см">66</param>
</offer>
<offer id="32" available="false">
<name>Кресло Barsky ECO Bordo G-2</name>
<model>G-2</model>
<url>
<![CDATA[ https://barsky.ua/kreslo_barsky_eco_bordo_g-2/ ]]>
</url>
<price>14500</price>
<currencyId>UAH</currencyId>
<categoryId>2</categoryId>
<picture>https://barsky.ua/image/catalog/kresla/G-2/G-2_475x600_A2.png</picture>
<picture>https://barsky.ua/image/catalog/kresla/G-2/G-2_6.jpg</picture>
<picture>https://barsky.ua/image/catalog/kresla/G-2/G-2_5.jpg</picture>
<picture>https://barsky.ua/image/catalog/kresla/G-2/G-2_4.jpg</picture>
<picture>https://barsky.ua/image/catalog/kresla/G-2/G-2_3.jpg</picture>
<picture>https://barsky.ua/image/catalog/kresla/G-2/G-2_2.jpg</picture>
<picture>https://barsky.ua/image/catalog/kresla/G-2/G-2_1.jpg</picture>
<vendor>Barsky</vendor>
<stock_quantity>0</stock_quantity>
<description>
<![CDATA[ Описание кресла Barsky ECO Grey G-3: Кресло Eco с большим диапазоном регулировок отлично подходит людям разного роста и комплекции для работы дома или в офисе. В кресле настраивается высота с помощью самого надежного газлифта 4 класса. Дополнительно можно отрегулировать: высоту самой спинки, подголовника, настроить поясничную поддержку, высоту и угол подлокотников. Колесная база металлическая, колеса обрезиненные не оставляют царапин и следов на любой поверхности. Плотная сетка на спинке приятная на ощупь и хорошо пропускает воздух. Толстое формованное сидение не проминается со временем. Обивка на сидении черного цвета. Не пачкается, за ней легко ухаживать. Спинка серого цвета с узором. Хорошо сочетается с мебелью любых цветов, с деревянной мебелью или текстурой &quot;под дерево&quot;. Кресло Barsky Eco разработано специально для программистов.Ведь именно программисты, как никто другой, большую часть своего времени проводят сидя за компьютером. Кресло Barsky Eco создано для удобной посадки и комфортной работы в кресле на протяжении более 12 часов.Ортопедическое кресло Barsky Eco разработано по всем законам эргономики и по праву может претендовать на звание &quot;Лучшее кресло для программиста&quot;! Основные тезисы про это кресло. Что же делает кресло ECO идеальным выбором для вас. В первую очередь это его возможности регулировок и эргономика и конечно же надёжность, обусловленное применением качественных материалов. Подробней про каждый аспект кресла мы сейчас и поговрим. В целом Eco это сеточное кресло с регулируемыми подлокотниками, спинкой, подголовником и фирменным синхромеханизмом от компании Barsky. Сидение этого кресла имеет формованный наполнитель с характерной, несколько покатой формой, обусловленной уменьшением давления во время сидения на ноги. Сетка кресла - производства Южной Кореи, она не растянется и будет всегда иметь первозданный вид, вне зависимости от того, сколько времени прошло с момента покупки и использования кресла. Основой кресла является газлифт, выполненный из полированного алюминия. За счёт этого подхода, удалось уменьшить общий вес ECO при этом, значительно увеличив устойчивость и надёжность кресла. Возможности регулировок ECO Яркой чертой кресла являются возможные регулировки, которые позволят настроить кресло таким образом, чтоб оно было максимально комфортным для пользователя. Спинку кресла можно поднять или опустить тем самым адаптировав её под рост человека. К тому же, спинка кресла имеет поясничную поддержку в форме бабочка, которая также регулируется по высоте. Для поддержки шейно плечевого отдела, в кресле предусмотрен подголовник, он регулируется так же по высоте. Стоит отметить, что подголовник выступает в роли поддержки шеи если вы сидите прямо, а в случае откидывания - становится полновесной поддержкой затылочной части головы. Стоит также отметить подлокотники в этом кресле. 3D подлокотники, регулируются не только по высоте, но и по вылету. Как это выглядит в реальной жизни? Подняв подлокотники до уровня стола, можно выбрать удобное положение для рук, в зависимости от типа работы. К примеру для активной работы с клавиатурой, лучше выбрать положение ёлочкой. Стоит не пренебрегать такими возможностями, ведь правильная поддержка рук при работе - это 100 процентная профилактика туннельного синдрома. Синхромеханизм Barsky В кресле Eco можно не только работать с комфортом, но и отдыхать. Вы можете зафиксировать угол наклона спинки в удобном для вас положении до 45 градусов. И к примеру откинуться и отдохнуть, сняв напряжение после активной работы. В целом о кресле и приятные фишки Кресло ECO также оснащено съёмной вешалкой для верхней одежды, что особо будет плюсом в условиях офисных помещений. Роликами с обрезиненной окантовкой и увеличенным диаметром 60мм, для мобильности и сохранности напольных покрытий. А также газлифтом наивысшего класса. ]]>
</description>
<param name="Предназначение">для фриланса</param>
<param name="Стиль">современный</param>
<param name="Местоположение">для дома</param>
<param name="Особенности">эргономические</param>
<param name="Класс кресел">дорогие</param>
<param name="Тип">домашнее</param>
<param name="Обивка">сетка</param>
<param name="Уровень жесткости">мягкие</param>
<param name="Основание">на колесах</param>
<param name="Крестовина">металл</param>
<param name="Каркас">пластик</param>
<param name="Механизм качания">с механизмом качания и фиксацией</param>
<param name="Механизмы">синхромеханизм</param>
<param name="Особенности конструкции">для высоких людей</param>
<param name="Оснащение">с вентиляцией</param>
<param name="Максимальный рост">190 см</param>
<param name="Сидение">с сеткой</param>
<param name="Ширина сидения, см">49</param>
<param name="Спинка">с регулировкой спинки по высоте</param>
<param name="Подлокотники">с регулировкой по уровню поворота</param>
<param name="Материал подлокотников">хромированые</param>
<param name="Подголовник">с регулируемым подголовником</param>
<param name="Ролики">Обрезиненные</param>
<param name="Размер">широкие</param>
<param name="Цвет">Черный/бордовый</param>
<param name="Гарантия">5 лет</param>
<param name="Высота спинки, см">66</param>
</offer>
<offer id="33" available="true">
<name>Кресло Barsky ECO Grey G-3</name>
<model>G-3</model>
<url>
<![CDATA[ https://barsky.ua/kreslo_barsky_eco_grey_g-3/ ]]>
</url>
<price>12500</price>
<oldprice>14500</oldprice>
<currencyId>UAH</currencyId>
<categoryId>2</categoryId>
<picture>https://barsky.ua/image/catalog/kresla/G-3/G-3_475x600_A2.png</picture>
<picture>https://barsky.ua/image/catalog/kresla/G-3/ECO new Инструкция по сборке.pptx (1).jpg</picture>
<picture>https://barsky.ua/image/catalog/kresla/G-3/ECO new Инструкция по сборке.pptx.jpg</picture>
<picture>https://barsky.ua/image/catalog/kresla/G-3/G-3_6.jpg</picture>
<picture>https://barsky.ua/image/catalog/kresla/G-3/G-3_5.jpg</picture>
<picture>https://barsky.ua/image/catalog/kresla/G-3/G-3_3.jpg</picture>
<picture>https://barsky.ua/image/catalog/kresla/G-3/G-3_4.jpg</picture>
<picture>https://barsky.ua/image/catalog/kresla/G-3/G-3_2.jpg</picture>
<picture>https://barsky.ua/image/catalog/kresla/G-3/G-3_1.jpg</picture>
<vendor>Barsky</vendor>
<stock_quantity>40</stock_quantity>
<description>
<![CDATA[ Описание кресла Barsky ECO Grey G-3: Кресло Eco с большим диапазоном регулировок отлично подходит людям разного роста и комплекции для работы дома или в офисе. В кресле настраивается высота с помощью самого надежного газлифта 4 класса. Дополнительно можно отрегулировать: высоту самой спинки, подголовника, настроить поясничную поддержку, высоту и угол подлокотников. Колесная база металлическая, колеса обрезиненные не оставляют царапин и следов на любой поверхности. Плотная сетка на спинке приятная на ощупь и хорошо пропускает воздух. Толстое формованное сидение не проминается со временем. Обивка на сидении черного цвета. Не пачкается, за ней легко ухаживать. Спинка серого цвета с узором. Хорошо сочетается с мебелью любых цветов, с деревянной мебелью или текстурой &quot;под дерево&quot;. Кресло Barsky Eco разработано специально для программистов.Ведь именно программисты, как никто другой, большую часть своего времени проводят сидя за компьютером. Кресло Barsky Eco создано для удобной посадки и комфортной работы в кресле на протяжении более 12 часов.Ортопедическое кресло Barsky Eco разработано по всем законам эргономики и по праву может претендовать на звание &quot;Лучшее кресло для программиста&quot;! Основные тезисы про это кресло. Что же делает кресло ECO идеальным выбором для вас. В первую очередь это его возможности регулировок и эргономика и конечно же надёжность, обусловленное применением качественных материалов. Подробней про каждый аспект кресла мы сейчас и поговрим. В целом Eco это сеточное кресло с регулируемыми подлокотниками, спинкой, подголовником и фирменным синхромеханизмом от компании Barsky. Сидение этого кресла имеет формованный наполнитель с характерной, несколько покатой формой, обусловленной уменьшением давления во время сидения на ноги. Сетка кресла - производства Южной Кореи, она не растянется и будет всегда иметь первозданный вид, вне зависимости от того, сколько времени прошло с момента покупки и использования кресла. Основой кресла является газлифт, выполненный из полированного алюминия. За счёт этого подхода, удалось уменьшить общий вес ECO при этом, значительно увеличив устойчивость и надёжность кресла. Возможности регулировок ECO Яркой чертой кресла являются возможные регулировки, которые позволят настроить кресло таким образом, чтоб оно было максимально комфортным для пользователя. Спинку кресла можно поднять или опустить тем самым адаптировав её под рост человека. К тому же, спинка кресла имеет поясничную поддержку в форме бабочка, которая также регулируется по высоте. Для поддержки шейно плечевого отдела, в кресле предусмотрен подголовник, он регулируется так же по высоте. Стоит отметить, что подголовник выступает в роли поддержки шеи если вы сидите прямо, а в случае откидывания - становится полновесной поддержкой затылочной части головы. Стоит также отметить подлокотники в этом кресле. 3D подлокотники, регулируются не только по высоте, но и по вылету. Как это выглядит в реальной жизни? Подняв подлокотники до уровня стола, можно выбрать удобное положение для рук, в зависимости от типа работы. К примеру для активной работы с клавиатурой, лучше выбрать положение ёлочкой. Стоит не пренебрегать такими возможностями, ведь правильная поддержка рук при работе - это 100 процентная профилактика туннельного синдрома. Синхромеханизм Barsky В кресле Eco можно не только работать с комфортом, но и отдыхать. Вы можете зафиксировать угол наклона спинки в удобном для вас положении до 45 градусов. И к примеру откинуться и отдохнуть, сняв напряжение после активной работы. В целом о кресле и приятные фишки Кресло ECO также оснащено съёмной вешалкой для верхней одежды, что особо будет плюсом в условиях офисных помещений. Роликами с обрезиненной окантовкой и увеличенным диаметром 60мм, для мобильности и сохранности напольных покрытий. А также газлифтом наивысшего класса. ]]>
</description>
<param name="Предназначение">для фриланса</param>
<param name="Стиль">современный</param>
<param name="Местоположение">для дома</param>
<param name="Особенности">эргономические</param>
<param name="Обивка">сетка</param>
<param name="Уровень жесткости">мягкие</param>
<param name="Основание">на колесах</param>
<param name="Крестовина">металл</param>
<param name="Каркас">пластик</param>
<param name="Механизм качания">с механизмом качания и фиксацией</param>
<param name="Механизмы">синхромеханизм</param>
<param name="Особенности конструкции">для высоких людей</param>
<param name="Оснащение">с вентиляцией</param>
<param name="Максимальный рост">190 см</param>
<param name="Сидение">с сеткой</param>
<param name="Ширина сидения, см">49</param>
<param name="Спинка">с регулировкой спинки по высоте</param>
<param name="Подлокотники">с регулировкой по уровню поворота</param>
<param name="Материал подлокотников">хромированые</param>
<param name="Подголовник">с регулируемым подголовником</param>
<param name="Ролики">Обрезиненные</param>
<param name="Размер">широкие</param>
<param name="Цвет">черный/серый</param>
<param name="Гарантия">5 лет</param>
<param name="Высота спинки, см">66</param>
</offer>
<offer id="36" available="false">
<name>Кресло Barsky Ergonomic red ER-03</name>
<model>ER-03</model>
<url>
<![CDATA[ https://barsky.ua/kreslo_barsky_ergonomic_red_er-03/ ]]>
</url>
<price>6500</price>
<currencyId>UAH</currencyId>
<categoryId>2</categoryId>
<picture>https://barsky.ua/image/catalog/kresla/ER-03/ER-03_475x600_A2.png</picture>
<picture>https://barsky.ua/image/catalog/kresla/ER-03/ER-03_4.jpg</picture>
<picture>https://barsky.ua/image/catalog/kresla/ER-03/ER-03_3.jpg</picture>
<picture>https://barsky.ua/image/catalog/kresla/ER-03/ER-03_2.jpg</picture>
<picture>https://barsky.ua/image/catalog/kresla/ER-03/ER-03_1.jpg</picture>
<vendor>Barsky</vendor>
<stock_quantity>0</stock_quantity>
<description>
<![CDATA[ Текст ]]>
</description>
<param name="Обивка">ткань</param>
<param name="Крестовина">пластик</param>
</offer>
<offer id="39" available="false">
<name>Кресло Barsky Freelance White/Navy BFB-02</name>
<model>BFB-02</model>
<url>
<![CDATA[ https://barsky.ua/kreslo_barsky_freelance_whitenavy_bfb-02/ ]]>
</url>
<price>6500</price>
<currencyId>UAH</currencyId>
<categoryId>2</categoryId>
<picture>https://barsky.ua/image/catalog/kresla/BFB-02/BFB-02_475x600_A2.png</picture>
<picture>https://barsky.ua/image/catalog/kresla/BFB-02/BFB-02_7.jpg</picture>
<picture>https://barsky.ua/image/catalog/kresla/BFB-02/BFB-02_6.jpg</picture>
<picture>https://barsky.ua/image/catalog/kresla/BFB-02/BFB-02_5.jpg</picture>
<picture>https://barsky.ua/image/catalog/kresla/BFB-02/BFB-02_4.jpg</picture>
<picture>https://barsky.ua/image/catalog/kresla/BFB-02/BFB-02_3.jpg</picture>
<picture>https://barsky.ua/image/catalog/kresla/BFB-02/BFB-02_2.jpg</picture>
<picture>https://barsky.ua/image/catalog/kresla/BFB-02/BFB-02_1.jpg</picture>
<vendor>Barsky</vendor>
<stock_quantity>0</stock_quantity>
<description>
<![CDATA[ Текст ]]>
</description>
<param name="Обивка">ткань</param>
<param name="Крестовина">пластик</param>
</offer>
<offer id="40" available="false">
<name>Кресло Barsky Freelance White/Navy BFW-02</name>
<model>BFW-02</model>
<url>
<![CDATA[ https://barsky.ua/kreslo_barsky_freelance_whitenavy_bfw-02/ ]]>
</url>
<price>6500</price>
<currencyId>UAH</currencyId>
<categoryId>2</categoryId>
<picture>https://barsky.ua/image/catalog/kresla/BFW-02/BFW-02_475x600_A2.png</picture>
<picture>https://barsky.ua/image/catalog/kresla/BFW-02/BFW-02_5.jpg</picture>
<picture>https://barsky.ua/image/catalog/kresla/BFW-02/BFW-02_4.jpg</picture>
<picture>https://barsky.ua/image/catalog/kresla/BFW-02/BFW-02_3.jpg</picture>
<picture>https://barsky.ua/image/catalog/kresla/BFW-02/BFW-02_2.jpg</picture>
<picture>https://barsky.ua/image/catalog/kresla/BFW-02/BFW-02_1.jpg</picture>
<vendor>Barsky</vendor>
<stock_quantity>0</stock_quantity>
<description>
<![CDATA[ Текст ]]>
</description>
<param name="Обивка">ткань</param>
<param name="Крестовина">пластик</param>
</offer>
<offer id="41" available="false">
<name>Кресло Barsky Freelance White/Red BFB-04</name>
<model>BFB-04</model>
<url>
<![CDATA[ https://barsky.ua/kreslo_barsky_freelance_whitered_bfb-04/ ]]>
</url>
<price>6500</price>
<currencyId>UAH</currencyId>
<categoryId>2</categoryId>
<picture>https://barsky.ua/image/catalog/kresla/BFB-04/BFB-04_475x600_A2.png</picture>
<picture>https://barsky.ua/image/catalog/kresla/BFB-04/BFB-04_7.jpg</picture>
<picture>https://barsky.ua/image/catalog/kresla/BFB-04/BFB-04_6.jpg</picture>
<picture>https://barsky.ua/image/catalog/kresla/BFB-04/BFB-04_5.jpg</picture>
<picture>https://barsky.ua/image/catalog/kresla/BFB-04/BFB-04_4.jpg</picture>
<picture>https://barsky.ua/image/catalog/kresla/BFB-04/BFB-04_3.jpg</picture>
<picture>https://barsky.ua/image/catalog/kresla/BFB-04/BFB-04_2.jpg</picture>
<picture>https://barsky.ua/image/catalog/kresla/BFB-04/BFB-04_1.jpg</picture>
<vendor>Barsky</vendor>
<stock_quantity>0</stock_quantity>
<description>
<![CDATA[ Текст ]]>
</description>
<param name="Предназначение">подростковые</param>
<param name="Стиль">современный</param>
<param name="Местоположение">для дома</param>
<param name="Особенности">дизайнерские</param>
<param name="Класс кресел">недорогие</param>
<param name="Тип">домашнее</param>
<param name="Обивка">ткань</param>
<param name="Уровень жесткости">жесткие</param>
<param name="Основание">на колесах</param>
<param name="Крестовина">пластик</param>
<param name="Каркас">пластик</param>
<param name="Механизм качания">с механизмом качания и фиксацией</param>
<param name="Механизмы">синхромеханизм</param>
<param name="Особенности конструкции">со сьемной обивкой</param>
<param name="Максимальный рост">180 см</param>
<param name="Сидение">с регулировкой сидения по высоте</param>
<param name="Подлокотники">нерегулируемые</param>
<param name="Материал подлокотников">пластиковые</param>
<param name="Подголовник">с регулируемым подголовником</param>
<param name="Ролики">Обрезиненные</param>
<param name="Размер">широкие</param>
<param name="Цвет">Белый/красный</param>
<param name="Гарантия">5 лет</param>
</offer>
<offer id="42" available="false">
<name>Кресло Barsky Freelance White/Red BFW-04</name>
<model>BFW-04</model>
<url>
<![CDATA[ https://barsky.ua/kreslo_barsky_freelance_whitered_bfw-04/ ]]>
</url>
<price>6500</price>
<currencyId>UAH</currencyId>
<categoryId>2</categoryId>
<picture>https://barsky.ua/image/catalog/kresla/BFW-04/BFW-04_475x600_A2.png</picture>
<picture>https://barsky.ua/image/catalog/kresla/BFW-04/BFW-04_6.jpg</picture>
<picture>https://barsky.ua/image/catalog/kresla/BFW-04/BFW-04_5.jpg</picture>
<picture>https://barsky.ua/image/catalog/kresla/BFW-04/BFW-04_4.jpg</picture>
<picture>https://barsky.ua/image/catalog/kresla/BFW-04/BFW-04_3.jpg</picture>
<picture>https://barsky.ua/image/catalog/kresla/BFW-04/BFW-04_2.jpg</picture>
<picture>https://barsky.ua/image/catalog/kresla/BFW-04/BFW-04_1.jpg</picture>
<vendor>Barsky</vendor>
<stock_quantity>0</stock_quantity>
<description>
<![CDATA[ Описание кресла Barsky Freelance White/Red BFW-04: Компьютерное кресло из белого пластика с цветной съемной обивкой. Подушки и на спинке, и на сидении легко можно снять и постирать! Пластик именно белого цвета, он не покрашен сверху. Это значит, что краска не потрется, не потрескается и не пожелтеет со временем. Кресло регулируется по высоте с помощью газлифта. Дополнительно настраивается высота спинки. Диапазон настроек спинки до 8 см. Синхромеханизм наклона позволяет отклонятся вместе с сидением. Регулируемый по высоте подголовник, подлокотники раздвигаются в стороны. Кресло подойдет для работы на дому, ребенку или в офис. Хорошо сочетается с белыми подъемными столами или подростковыми столами с цветной столешницей. На любой комплект мебели предоставляем скидки. ]]>
</description>
<param name="Стиль">современный</param>
<param name="Местоположение">для дома</param>
<param name="Особенности">дизайнерские</param>
<param name="Тип">домашнее</param>
<param name="Обивка">ткань</param>
<param name="Уровень жесткости">жесткие</param>
<param name="Основание">на колесах</param>
<param name="Крестовина">пластик</param>
<param name="Каркас">пластик</param>
<param name="Механизм качания">с механизмом качания и фиксацией</param>
<param name="Механизмы">синхромеханизм</param>
<param name="Особенности конструкции">со сьемной обивкой</param>
<param name="Максимальный рост">180 см</param>
<param name="Сидение">с регулировкой сидения по высоте</param>
<param name="Спинка">с регулировкой спинки по высоте</param>
<param name="Подлокотники">нерегулируемые</param>
<param name="Материал подлокотников">пластиковые</param>
<param name="Подголовник">с регулируемым подголовником</param>
<param name="Ролики">Обрезиненные</param>
<param name="Размер">широкие</param>
<param name="Цвет">Белый/красный</param>
<param name="Гарантия">5 лет</param>
</offer>
<offer id="43" available="false">
<name>Кресло Barsky Game Black/Blue BG-01</name>
<model>BG-01</model>
<url>
<![CDATA[ https://barsky.ua/kreslo_barsky_game_blackblue_bg-01/ ]]>
</url>
<price>8350</price>
<currencyId>UAH</currencyId>
<categoryId>2</categoryId>
<picture>https://barsky.ua/image/catalog/kresla/BG-01/BG-01_475x600_A1.png</picture>
<picture>https://barsky.ua/image/catalog/kresla/BG-01/BG-01_4.jpg</picture>
<picture>https://barsky.ua/image/catalog/kresla/BG-01/BG-01_3.jpg</picture>
<picture>https://barsky.ua/image/catalog/kresla/BG-01/BG-01_2.jpg</picture>
<picture>https://barsky.ua/image/catalog/kresla/BG-01/BG-01_1.jpg</picture>
<vendor> </vendor>
<stock_quantity>0</stock_quantity>
<description>
<![CDATA[ Текст ]]>
</description>
<param name="Обивка">экокожа</param>
<param name="Крестовина">пластик</param>
</offer>
<offer id="46" available="false">
<name>Кресло Barsky Soft Arm PU black Massage SPUMb_alu-01</name>
<model>SPUMb_alu-01</model>
<url>
<![CDATA[ https://barsky.ua/kreslo_barsky_soft_black_massage_spumb_alu-01/ ]]>
</url>
<price>14500</price>
<currencyId>UAH</currencyId>
<categoryId>2</categoryId>
<picture>https://barsky.ua/image/catalog/kresla/SPUMb_alu-01/SPUMb_alu-01_475x600_A1.png</picture>
<picture>https://barsky.ua/image/catalog/kresla/SPUMb_alu-01/SPUMb_alu-01_6.jpg</picture>
<picture>https://barsky.ua/image/catalog/kresla/SPUMb_alu-01/SPUMb_alu-01_5.jpg</picture>
<picture>https://barsky.ua/image/catalog/kresla/SPUMb_alu-01/SPUMb_alu-01_4.jpg</picture>
<picture>https://barsky.ua/image/catalog/kresla/SPUMb_alu-01/SPUMb_alu-01_3.jpg</picture>
<picture>https://barsky.ua/image/catalog/kresla/SPUMb_alu-01/SPUMb_alu-01_2.jpg</picture>
<picture>https://barsky.ua/image/catalog/kresla/SPUMb_alu-01/SPUMb_alu-01_1.jpg</picture>
<vendor>Barsky</vendor>
<stock_quantity>0</stock_quantity>
<description>
<![CDATA[ Описание мягкого массажного кресла Barsky Soft Arm PU black Massage SPUMb_alu-01: Мягкое кресло для работы и релакса с вибромассажем. Внутри три вида поролона, благодаря которым: кресло мягкое и комфортное для пользователя, не продавливается со временем, хорошо восстанавливает форму. Подлокотники с мягкими накладками. Обивка черного цвета из дизайнерского кожзаменителя с тиснением в греческом стиле. Надежная алюминиевая крестовина гарантирует длительный срок службы и увеличивает максимально допустимый вес. Прорезиненные колеса не испортят ламинат или паркет. Есть механизм качания, который позволяет отдохнуть и расслабится после рабочего дня. Вибромассаж с разными режимами и интенсивностью. Для сеанса массажа подключите кресло к розетке, включите с пульта управления и выберете нужный режим. Управление с пульта удобное и интуитивно понятное. Есть удобный карман для хранения пульта и личных вещей. Кресло с массажем поможет расслабить зажатые мышцы после рабочего дня и улучшит состояние тканей. Кроме того, в любое удобное время вы сможете отдохнуть и включить сеанс массажа. ]]>
</description>
<param name="Предназначение">для отдыха</param>
<param name="Стиль">клаcсический</param>
<param name="Местоположение">для дома</param>
<param name="Особенности">дизайнерские</param>
<param name="Класс кресел">дорогие</param>
<param name="Тип">домашнее</param>
<param name="Обивка">экокожа</param>
<param name="Уровень жесткости">мягкие</param>
<param name="Основание">на колесах</param>
<param name="Крестовина">металл</param>
<param name="Каркас">пластик</param>
<param name="Механизм качания">с механизмом качания</param>
<param name="Механизмы">tilt</param>
<param name="Особенности конструкции">со спинкой</param>
<param name="Оснащение">с массажем</param>
<param name="Максимальный рост">180 см</param>
<param name="Сидение">с регулировкой сидения по высоте</param>
<param name="Ширина сидения, см">57</param>
<param name="Спинка">с высокой спинкой</param>
<param name="Подлокотники">нерегулируемые</param>
<param name="Материал подлокотников">мягкие накладки</param>
<param name="Подголовник">с высоким подголовником</param>
<param name="Ролики">обрезиненные</param>
<param name="Размер">большие</param>
<param name="Цвет">черный</param>
<param name="Гарантия">5 лет</param>
<param name="Высота спинки, см">71</param>
</offer>
<offer id="47" available="false">
<name>Кресло Barsky Soft Arm PU black Massage SPUMb_alu-02</name>
<model>SPUMb_alu-02</model>
<url>
<![CDATA[ https://barsky.ua/kreslo_barsky_sof_black_massage_spumb_alu-02/ ]]>
</url>
<price>14500</price>
<currencyId>UAH</currencyId>
<categoryId>2</categoryId>
<picture>https://barsky.ua/image/catalog/kresla/SPUMb_alu-02/SPUMb_alu-02_475x600_A1.png</picture>
<picture>https://barsky.ua/image/catalog/kresla/SPUMb_alu-02/SPUMb_alu-02_7.jpg</picture>
<picture>https://barsky.ua/image/catalog/kresla/SPUMb_alu-02/SPUMb_alu-02_6.jpg</picture>
<picture>https://barsky.ua/image/catalog/kresla/SPUMb_alu-02/SPUMb_alu-02_5.jpg</picture>
<picture>https://barsky.ua/image/catalog/kresla/SPUMb_alu-02/SPUMb_alu-02_4.jpg</picture>
<picture>https://barsky.ua/image/catalog/kresla/SPUMb_alu-02/SPUMb_alu-02_3.jpg</picture>
<picture>https://barsky.ua/image/catalog/kresla/SPUMb_alu-02/SPUMb_alu-02_2.jpg</picture>
<picture>https://barsky.ua/image/catalog/kresla/SPUMb_alu-02/SPUMb_alu-02_1.jpg</picture>
<vendor>Barsky</vendor>
<stock_quantity>0</stock_quantity>
<description>
<![CDATA[ Описание мягкого массажного кресла Barsky Soft Arm PU black Massage SPUMb_alu-02: Мягкое кресло для работы и релакса с вибромассажем. Внутри три вида поролона, благодаря которым: кресло мягкое и комфортное для пользователя, не продавливается со временем, хорошо восстанавливает форму. Подлокотники с мягкими накладками. Обивка черного цвета из дизайнерского кожзаменителя с прошивкой контрастной нитью. Надежная алюминиевая крестовина гарантирует длительный срок службы и увеличивает максимально допустимый вес. Прорезиненные колеса не испортят ламинат или паркет. Есть механизм качания, который позволяет отдохнуть и расслабится после рабочего дня. Вибромассаж с разными режимами и интенсивностью. Для сеанса массажа подключите кресло к розетке, включите с пульта управления и выберете нужный режим. Управление с пульта удобное и интуитивно понятное. Есть удобный карман для хранения пульта и личных вещей. Кресло с массажем поможет расслабить зажатые мышцы после рабочего дня и улучшит состояние тканей. Кроме того, в любое удобное время вы сможете отдохнуть и включить сеанс массажа. ]]>
</description>
<param name="Предназначение">для отдыха</param>
<param name="Стиль">клаcсический</param>
<param name="Местоположение">для дома</param>
<param name="Особенности">дизайнерские</param>
<param name="Обивка">экокожа</param>
<param name="Уровень жесткости">мягкие</param>
<param name="Основание">на колесах</param>
<param name="Крестовина">металл</param>
<param name="Каркас">пластик</param>
<param name="Механизм качания">с механизмом качания</param>
<param name="Механизмы">tilt</param>
<param name="Особенности конструкции">со спинкой</param>
<param name="Оснащение">с массажем</param>
<param name="Максимальный рост">180 см</param>
<param name="Сидение">с регулировкой сидения по высоте</param>
<param name="Ширина сидения, см">57</param>
<param name="Спинка">с высокой спинкой</param>
<param name="Подлокотники">нерегулируемые</param>
<param name="Материал подлокотников">мягкие накладки</param>
<param name="Подголовник">с высоким подголовником</param>
<param name="Ролики">обрезиненные</param>
<param name="Размер">большие</param>
<param name="Цвет">Черный</param>
<param name="Высота спинки, см">71</param>
</offer>
<offer id="48" available="true">
<name>Кресло Barsky Soft Arm PU black Massage SPUMb_alu-03</name>
<model>SPUMb_alu-03</model>
<url>
<![CDATA[ https://barsky.ua/kreslo_barsky_soft_black_massage_spumb_alu-03/ ]]>
</url>
<price>14500</price>
<currencyId>UAH</currencyId>
<categoryId>2</categoryId>
<picture>https://barsky.ua/image/catalog/kresla/SPUMb_alu-03/SPUMb_alu-03_475x600_A1.png</picture>
<picture>https://barsky.ua/image/catalog/kresla/SPUMb_alu-03/SPUMb_alu-03_7.jpg</picture>
<picture>https://barsky.ua/image/catalog/kresla/SPUMb_alu-03/SPUMb_alu-03_6.jpg</picture>
<picture>https://barsky.ua/image/catalog/kresla/SPUMb_alu-03/SPUMb_alu-03_5.jpg</picture>
<picture>https://barsky.ua/image/catalog/kresla/SPUMb_alu-03/SPUMb_alu-03_4.jpg</picture>
<picture>https://barsky.ua/image/catalog/kresla/SPUMb_alu-03/SPUMb_alu-03_3.jpg</picture>
<picture>https://barsky.ua/image/catalog/kresla/SPUMb_alu-03/SPUMb_alu-03_2.jpg</picture>
<picture>https://barsky.ua/image/catalog/kresla/SPUMb_alu-03/SPUMb_alu-03_1.jpg</picture>
<vendor>Barsky</vendor>
<stock_quantity>0</stock_quantity>
<description>
<![CDATA[ Описание мягкого массажного кресла Barsky Soft Arm PU black Massage SPUMb_alu-03: Мягкое кресло для работы и релакса с вибромассажем. Внутри три вида поролона, благодаря которым: кресло мягкое и комфортное для пользователя, не продавливается со временем, хорошо восстанавливает форму. Подлокотники с мягкими накладками. Обивка черного цвета из дизайнерского кожзаменителя с ромбовидным тиснением. Надежная алюминиевая крестовина гарантирует длительный срок службы и увеличивает максимально допустимый вес. Прорезиненные колеса не испортят ламинат или паркет. Есть механизм качания, который позволяет отдохнуть и расслабится после рабочего дня. Вибромассаж с разными режимами и интенсивностью. Для сеанса массажа подключите кресло к розетке, включите с пульта управления и выберете нужный режим. Управление с пульта удобное и интуитивно понятное. Есть удобный карман для хранения пульта и личных вещей. Кресло с массажем поможет расслабить зажатые мышцы после рабочего дня и улучшит состояние тканей. Кроме того, в любое удобное время вы сможете отдохнуть и включить сеанс массажа. ]]>
</description>
<param name="Предназначение">для отдыха</param>
<param name="Стиль">клаcсический</param>
<param name="Местоположение">для дома</param>
<param name="Особенности">дизайнерские</param>
<param name="Обивка">экокожа</param>
<param name="Уровень жесткости">мягкие</param>
<param name="Основание">на колесах</param>
<param name="Крестовина">металл</param>
<param name="Каркас">пластик</param>
<param name="Механизм качания">с механизмом качания</param>
<param name="Механизмы">tilt</param>
<param name="Особенности конструкции">со спинкой</param>
<param name="Оснащение">с массажем</param>
<param name="Максимальный рост">180 см</param>
<param name="Сидение">с регулировкой сидения по высоте</param>
<param name="Ширина сидения, см">57</param>
<param name="Спинка">с высокой спинкой</param>
<param name="Подлокотники">нерегулируемые</param>
<param name="Материал подлокотников">мягкие накладки</param>
<param name="Подголовник">без подголовника</param>
<param name="Ролики">Обрезиненные</param>
<param name="Размер">большие</param>
<param name="Цвет">Черный</param>
<param name="Высота спинки, см">71</param>
</offer>
<offer id="49" available="false">
<name>Кресло качалка VR Massage VRM-02</name>
<model>VRM-02</model>
<url>
<![CDATA[ https://barsky.ua/kreslo_kachalka_vr_massage_vrm-02/ ]]>
</url>
<price>25000</price>
<currencyId>UAH</currencyId>
<categoryId>2</categoryId>
<picture>https://barsky.ua/image/catalog/kresla/VRM-02/VRM-02_475x600_A2.png</picture>
<picture>https://barsky.ua/image/catalog/kresla/VRM-02/VRM-02_5.jpg</picture>
<picture>https://barsky.ua/image/catalog/kresla/VRM-02/VRM-02_4.jpg</picture>
<picture>https://barsky.ua/image/catalog/kresla/VRM-02/VRM-02_3.jpg</picture>
<picture>https://barsky.ua/image/catalog/kresla/VRM-02/VRM-02_2.jpg</picture>
<picture>https://barsky.ua/image/catalog/kresla/VRM-02/VRM-02_1.jpg</picture>
<vendor>Barsky</vendor>
<stock_quantity>0</stock_quantity>
<description>
<![CDATA[ Описание кресла качалки с массажем VR Massage VRM-02: Кресло-качалка с массажем созданы для релакса. Под обивкой кресла вдоль всей спины размещены ролики. Эти ролики вращаются в разные стороны и передвигаются вдоль всего позвоночника. В кресле есть следующие режимы: круговые движения, режим вибрации, точечный массаж, режим поколачивания. На пульте управления можно выбрать нужный режим и зону воздействия, управлять скоростью и интенсивностью. Питание от розетки. В шейной подушке также есть роликовый механизм для проработки шеи. Подушка съемная и регулируется по высоте. На самом кресле есть также съемный чехол, который можно стирать. Основа кресла выполнена из натурального дерева. Есть подножка, ее можно поднять для удобства. Такое кресло подойдет для дома, для дачи и даже для офиса. Это отличный подарок родственникам. ]]>
</description>
<param name="Предназначение">для отдыха</param>
<param name="Стиль">модерн</param>
<param name="Местоположение">для дома</param>
<param name="Особенности">дизайнерские</param>
<param name="Класс кресел">недорогие</param>
<param name="Тип">домашнее</param>
<param name="Обивка">ткань</param>
<param name="Уровень жесткости">жесткие</param>
<param name="Основание">на полозьях</param>
<param name="Крестовина">дерево</param>
<param name="Каркас">дерево</param>
<param name="Механизм качания">с механизмом качания</param>
<param name="Особенности конструкции">со сьемной обивкой</param>
<param name="Оснащение">с массажем</param>
<param name="Максимальный рост">200 см</param>
<param name="Спинка">с высокой спинкой</param>
<param name="Подлокотники">нерегулируемые</param>
<param name="Материал подлокотников">деревянные</param>
<param name="Подголовник">с регулируемым подголовником</param>
<param name="Размер">большие</param>
<param name="Цвет">Коричневый</param>
<param name="Гарантия">5 лет</param>
</offer>
<offer id="50" available="false">
<name>Кресло складное VR Massage VRM-01</name>
<model>VRM-01</model>
<url>
<![CDATA[ https://barsky.ua/kreslo_skladnoe_vr_massage_vrm-01/ ]]>
</url>
<price>17500</price>
<oldprice>25000</oldprice>
<currencyId>UAH</currencyId>
<categoryId>2</categoryId>
<picture>https://barsky.ua/image/catalog/kresla/VRM-01/VRM-01_475x600_A2.png</picture>
<picture>https://barsky.ua/image/catalog/kresla/VRM-01/VRM-01_6.jpg</picture>
<picture>https://barsky.ua/image/catalog/kresla/VRM-01/VRM-01_5.jpg</picture>
<picture>https://barsky.ua/image/catalog/kresla/VRM-01/VRM-01_4.jpg</picture>
<picture>https://barsky.ua/image/catalog/kresla/VRM-01/VRM-01_3.jpg</picture>
<picture>https://barsky.ua/image/catalog/kresla/VRM-01/VRM-01_2.jpg</picture>
<picture>https://barsky.ua/image/catalog/kresla/VRM-01/VRM-01_1.jpg</picture>
<vendor>Barsky</vendor>
<stock_quantity>0</stock_quantity>
<description>
<![CDATA[ Описание кресла-шезлонга для релакса с массажем VR Massage VRM-01: Складное кресло с массажем создано для отдыха. Под обивкой кресла вдоль всей спины размещены ролики. Эти ролики вращаются в разные стороны и передвигаются вдоль всего позвоночника. В кресле есть следующие режимы: круговые движения, режим вибрации, точечный массаж, режим поколачивания. На пульте управления можно выбрать нужный режим воздействия, зону спины и управлять скоростью и интенсивностью. Питание от розетки. В шейной подушке также есть роликовый механизм для проработки шеи. Подушка съемная и регулируется по высоте. На самом кресле есть также съемный чехол, который можно стирать. Основа кресла из натурального дерева. В шезлонге есть три уровня наклона спинки. Шезлонг легко складывается. При необходимости одним движением можно сложить и спрятать. Такое кресло подойдет для дома, для дачи и даже для офиса. Это отличный подарок родственникам. ]]>
</description>
<param name="Предназначение">для отдыха</param>
<param name="Стиль">модерн</param>
<param name="Местоположение">для дома</param>
<param name="Особенности">дизайнерские</param>
<param name="Класс кресел">недорогие</param>
<param name="Тип">домашнее</param>
<param name="Обивка">ткань</param>
<param name="Уровень жесткости">жесткие</param>
<param name="Основание">на ножках</param>
<param name="Крестовина">дерево</param>
<param name="Каркас">дерево</param>
<param name="Механизм качания">без механизма качания</param>
<param name="Особенности конструкции">со съемной обивкой</param>
<param name="Оснащение">с массажем</param>
<param name="Максимальный рост">200 см</param>
<param name="Спинка">с откидной спинкой</param>
<param name="Подлокотники">откидные</param>
<param name="Материал подлокотников">деревянные</param>
<param name="Подголовник">с высоким подголовником</param>
<param name="Размер">большие</param>
<param name="Цвет">Коричневый</param>
<param name="Гарантия">5 лет</param>
</offer>
<offer id="51" available="false">
<name>Массажная станция Barsky Massage MAS-01</name>
<model>MAS-01</model>
<url>
<![CDATA[ https://barsky.ua/massazhnaya_stanciya_barsky_massage_mas-01/ ]]>
</url>
<price>37500</price>
<currencyId>UAH</currencyId>
<categoryId>2</categoryId>
<picture>https://barsky.ua/image/catalog/kresla/MAS-01/MAS-01_475x600_A2.png</picture>
<picture>https://barsky.ua/image/catalog/kresla/MAS-01/MAS-01_7.jpg</picture>
<picture>https://barsky.ua/image/catalog/kresla/MAS-01/MAS-01_6.jpg</picture>
<picture>https://barsky.ua/image/catalog/kresla/MAS-01/MAS-01_5.jpg</picture>
<picture>https://barsky.ua/image/catalog/kresla/MAS-01/MAS-01_4.jpg</picture>
<picture>https://barsky.ua/image/catalog/kresla/MAS-01/MAS-01_3.jpg</picture>
<picture>https://barsky.ua/image/catalog/kresla/MAS-01/MAS-01_2.jpg</picture>
<picture>https://barsky.ua/image/catalog/kresla/MAS-01/MAS-01_1.jpg</picture>
<vendor>Barsky</vendor>
<stock_quantity>0</stock_quantity>
<description>
<![CDATA[ Описание массажной станции с антигравитацией Barsky Massage MAS-01: Массажная станция MAS-01 проработает все зажатые мышцы - от шейного отдела до ступней. В этой модели собраны самые современные и эффективные технологии. Управление с пульта управления. Есть автоматические режимы или можно управлять воздействием самостоятельно включая нужные комбинации. На пульте показаны зоны на которые воздействует выбранный режим. Есть таймер, можно выбрать длительность сеанса 10, 20 или 30 мин. Можно управлять характером воздействия: компрессионный массаж, круговые движения, точечный массаж, инфракрасный прогрев режим поколачивания. Массируются даже стопы. Перед запуском сеанса массажа станция наклоняет пользователя под углом 145 , чтобы снять нагрузку с позвоночника и максимально расслабить. Обивка из черной экокожи. Встроенная аудиосистема. Простая и в то же время очень крутая функция. Подключаетесь к станции по Bluetooth. Включаете любимый плейлист или расслабляющую музыку и расслабляетесь с удовольствием следующие 15-30 мин. Массажное кресло находится рядом в течении всего дня и вы можете пройти сеанс массажа в любое удобное время. Для человека, который работает сидя за компьютером, это отличный инструмент для предупреждения усталости, боли, избавления от посттренировочного напряжения. ]]>
</description>
<param name="Предназначение">для отдыха</param>
<param name="Стиль">модерн</param>
<param name="Местоположение">для офиса</param>
<param name="Особенности">дизайнерские</param>
<param name="Класс кресел">люкс</param>
<param name="Тип">реклайнеры</param>
<param name="Обивка">экокожа</param>
<param name="Уровень жесткости">жесткие</param>
<param name="Основание">без колес</param>
<param name="Крестовина">пластик</param>
<param name="Каркас">пластик</param>
<param name="Механизм качания">без механизма качания</param>
<param name="Механизмы">с механизмом трансформации</param>
<param name="Особенности конструкции">для людей с большим весом</param>
<param name="Оснащение">с массажем</param>
<param name="Максимальный рост">200 см</param>
<param name="Сидение">с регулировкой угла наклона</param>
<param name="Подлокотники">нерегулируемые</param>
<param name="Материал подлокотников">мягкие накладки</param>
<param name="Подголовник">с высоким подголовником</param>
<param name="Цвет">Черный</param>
<param name="Гарантия">5 лет</param>
</offer>
<offer id="52" available="false">
<name>Маcсажная станция Barsky Massage MAS-02</name>
<model>MAS-02</model>
<url>
<![CDATA[ https://barsky.ua/massazhnaya_stanciya_barsky_massage_mas-02/ ]]>
</url>
<price>52500</price>
<currencyId>UAH</currencyId>
<categoryId>2</categoryId>
<picture>https://barsky.ua/image/catalog/kresla/MAS-02/MAS-02_475x600_A2.png</picture>
<picture>https://barsky.ua/image/catalog/kresla/MAS-02/MAS-02_5.jpg</picture>
<picture>https://barsky.ua/image/catalog/kresla/MAS-02/MAS-02_4.jpg</picture>
<picture>https://barsky.ua/image/catalog/kresla/MAS-02/MAS-02_3.jpg</picture>
<picture>https://barsky.ua/image/catalog/kresla/MAS-02/MAS-02_2.jpg</picture>
<picture>https://barsky.ua/image/catalog/kresla/MAS-02/MAS-02_1.jpg</picture>
<vendor>Barsky</vendor>
<stock_quantity>0</stock_quantity>
<description>
<![CDATA[ Описание массажной станции с антигравитацией Barsky Massage MAS-02: Массажная станция MAS-02 проработает все зажатые мышцы - от шейного отдела до ступней. В этой модели собраны самые современные и эффективные технологии. Управление с пульта управления. Есть автоматические режимы или можно управлять воздействием самостоятельно включая нужные комбинации. На пульте показаны зоны на которые воздействует выбранный режим. Есть таймер, можно выбрать длительность сеанса 10, 20 или 30 мин. Можно управлять характером воздействия: компрессионный массаж, круговые движения, точечный массаж, инфракрасный прогрев режим поколачивания. Массируются даже стопы. Перед запуском сеанса массажа станция наклоняет пользователя под углом 145 , чтобы снять нагрузку с позвоночника и максимально расслабить. Обивка из черной экокожи. Встроенная аудиосистема. Простая и в то же время очень крутая функция. Подключаетесь к станции по Bluetooth. Включаете любимый плейлист или расслабляющую музыку и расслабляетесь с удовольствием следующие 15-30 мин. Массажное кресло находится рядом в течении всего дня и вы можете пройти сеанс массажа в любое удобное время. Для человека, который работает сидя за компьютером, это отличный инструмент для предупреждения усталости, боли, избавления от посттренировочного напряжения. ]]>
</description>
<param name="Предназначение">для отдыха</param>
<param name="Стиль">модерн</param>
<param name="Местоположение">для офиса</param>
<param name="Особенности">дизайнерские</param>
<param name="Класс кресел">люкс</param>
<param name="Тип">реклайнеры</param>
<param name="Обивка">экокожа</param>
<param name="Уровень жесткости">жесткие</param>
<param name="Каркас">пластик</param>
<param name="Механизм качания">без механизма качания</param>
<param name="Механизмы">с механизмом трансформации</param>
<param name="Особенности конструкции">для людей с большим весом</param>
<param name="Оснащение">с массажем</param>
<param name="Максимальный рост">210 см</param>
<param name="Сидение">с регулировкой угла наклона</param>
<param name="Спинка">с откидной спинкой</param>
<param name="Подлокотники">нерегулируемые</param>
<param name="Материал подлокотников">мягкие накладки</param>
<param name="Подголовник">с высоким подголовником</param>
<param name="Размер">широкие</param>
<param name="Цвет">Коричневый</param>
<param name="Гарантия">5 лет</param>
</offer>
<offer id="53" available="true">
<name>Кресло Barsky Hara Doctor BHD-01</name>
<model>BHD-01</model>
<url>
<![CDATA[ https://barsky.ua/kreslo_barsky_hara_doctor_bhd-01/ ]]>
</url>
<price>26900</price>
<oldprice>30000</oldprice>
<currencyId>UAH</currencyId>
<categoryId>2</categoryId>
<picture>https://barsky.ua/image/catalog/kresla/BHD-01/BHD-01_475x600_A1.png</picture>
<picture>https://barsky.ua/image/catalog/kresla/BHD-01/BHD-01_6.jpg</picture>
<picture>https://barsky.ua/image/catalog/kresla/BHD-01/BHD-01_5.jpg</picture>
<picture>https://barsky.ua/image/catalog/kresla/BHD-01/BHD-01_4.jpg</picture>
<picture>https://barsky.ua/image/catalog/kresla/BHD-01/BHD-01_3.jpg</picture>
<picture>https://barsky.ua/image/catalog/kresla/BHD-01/BHD-01_2.jpg</picture>
<picture>https://barsky.ua/image/catalog/kresla/BHD-01/BHD-01_1.jpg</picture>
<vendor>Barsky</vendor>
<stock_quantity>15</stock_quantity>
<description>
<![CDATA[ Описание Новая запатентованная кресла концепция для действительно здоровой и комфортной работы в офисе. Hara - это уникальное решение на рынке Украины благодаря не только уникальному, футуристическому внешнему виду, но также из-за настоящей революции в эргономике кресел. Что определяет здоровье современного человека с оглядкой на характер жизни наших современников? Еда, повседневная активность и стиль жизни. Одной из проблем, с которой мы сталкиваемся каждый день, есть и будет характер нашей работы, ведь не секрет, высокая автоматизация процессов производства привела к тому, что все больше и больше людей выбирают себе работу в офисе или дома. И чаще всего такой образ работы неотрывно связан с нашим здоровьем, а именно осанкой. От правильной осанки зависит наш тонус мышц, циркуляция крови, а значит - хорошее снабжение мозга кислородом. Что же важно для скелета и осанки человека в повседневной жизни? в чем мы ходим (обувь) на чем мы спим (матрас) и конечно же, на чем мы сидим И поскольку мы проводим, сидя на работе, примерно 8 часов, а то и больше, кресло является одним из важных факторов, влияющих на ваше здоровье. Таким креслом как раз и есть Hara Hara Doctor. Barsky Hara Doctor: кому подойдет? Прежде всего, это кресло для людей, которые смотрят при выборе мебели не на ценник, а на его функционал и практичность. Важность здоровья для человека, ежедневно проводящего по 8-10 часов в положении сидя за компьютерным столом, очевидна. Именно поэтому это кресло подойдет всем, кто хочет быть здоровым или уже сегодня имеет ряд хронических заболеваний, склонных к рецидиву. Заболевание позвоночника - самое распространенное усложнение людей офисной специфики работы. Поэтому это кресло подойдет: офисным работникам разной специфики работы - от менеджера до директора; работникам колл-центров; банковским работникам; работникам, ведущим переговоры, собеседования. Функциональность кресла Главное требование к креслу для людей с ущемлением позвоночного нерва нет давления на позвоночник. В то же время важно отметить необходимость наличия опоры как таковой, поскольку без нее спина пользователя будет искривлена. Поэтому перед разработчиками стояла сложная задача - сделать кресло удобным, полезным и безопасным одновременно. Как с этой задачей справилось кресло Barsky Hara Doctor? Преимущество этой модели - сегментированная спинка с тремя автономными горизонтальными поддержками, которые имеют эффект вытягивания позвоночника. Сам позвоночник находится в так называемой &quot;слепой зоне&quot;, где не оказывается давление на мышцы позвоночника. Как результат - давления на мышцы спины в зоне позвоночника нет, нерв не реагирует на внешние раздражители, не происходит его ущемление. Спинка Barsky Hara Doctor Как уже упоминалось ранее, спинка кресла изготовлена из трех отдельных горизонтальных частей, обладающих эффектом вытягивания позвоночника. Отдельно хочу обратить внимание на сегмент спинки в поясничной зоне, поясничная поддержка прочно поддерживает спину и когда человек отбрасывается на нижнее положение спинки происходит вытяжка позвоночника. Зачем это нужно? В первую очередь, эта функция необходима для вытягивания и поддержки в пояснице, эффективно при хронических болях в нижнем отделе позвоночника, восстановлении правильной осанки и улучшении гибкости мышц плеч и спины. Необходимо людям с искажениями позвоночника с неравномерным распределением мышечной активности. Да, в случае сколиоза или лордоза спина имеет ущемление нервов при длительном сидении и функция вытягивания помогает для увольнения ущемленного нерва. Сидения Запатентованное сиденье, состоящее из двух частей. Благодаря которому исключается такое распространенное явление, как тепловой мешок, образующийся во время долгого сиденья на сплошных сиденьях. Каждая часть сиденья имеет шарнирный механизм, отвечающий за изменение угла наклона. В случае неравномерной нагрузки сиденье кресла изменит форму в соответствии с положением владельца. Это позволит уменьшить напряжение и давление. Кроме того, запатентованная система распределения и адаптации к телу человека позволяет нейтрализовать застой крови в органах малого таза. Как ни сидит человек и какого-либо пола он, кресло обеспечивает максимальный кровоток от нижних конечностей к сердцу, без застоев. Возможности трансформации Кресло Hara Doctor позволяет адаптироваться под ваш тип работы и отдыха благодаря богатым возможностям трансформации. Полная поддержка тела сидящего во всех режимах от напряженной работы до антигравитационного режима релакса. Благодаря синхромеханизму можно отрегулировать и зафиксировать спинку в нужном положении. Кроме того, механизм качания Tilt будет как раз для успокаивающего качания, для снятия нервного напряжения. Подлокотники Подлокотники очень удобны и комфортны. Они расположены не на сидении, а монтируются на специальное основание, поэтому их ширину и высоту можно отрегулировать. Подлокотники изготовлены из мягкого полиуретана. Они черного цвета, прекрасно подчеркивающие стиль кресла. Подлокотники имеют небольшие размеры, но горизонтальная площадь слегка увеличена. Это дает локтям дополнительную опору и удобство в любых положениях. Надежность, доказанная топовым производителем Украины. ]]>
</description>
<param name="Предназначение">для фриланса</param>
<param name="Стиль">хай-тек</param>
<param name="Местоположение">для дома</param>
<param name="Особенности">ортопедические</param>
<param name="Класс кресел">люкс</param>
<param name="Тип">офисные</param>
<param name="Обивка">экокожа/сетка</param>
<param name="Уровень жесткости">жесткие</param>
<param name="Основание">на колесах</param>
<param name="Крестовина">хром</param>
<param name="Каркас">пластик</param>
<param name="Механизм качания">с механизмом качания и фиксацией</param>
<param name="Механизмы">синхромеханизм</param>
<param name="Особенности конструкции">для высоких людей</param>
<param name="Оснащение">с динамической поддержкой</param>
<param name="Максимальный рост">210 см</param>
<param name="Сидение">с регулировкой угла наклона</param>
<param name="Ширина сидения, см">50</param>
<param name="Спинка">с сеткой</param>
<param name="Подлокотники">с регулировкой высоты</param>
<param name="Материал подлокотников">пластиковые</param>
<param name="Подголовник">без подголовника</param>
<param name="Ролики">Обрезиненные</param>
<param name="Размер">широкие</param>
<param name="Цвет">Черный</param>
<param name="Гарантия">5 лет</param>
<param name="Высота спинки, см">75</param>
</offer>
<offer id="54" available="true">
<name>Кресло Barsky Hara Doctor red BHD-02</name>
<model>BHD-02</model>
<url>
<![CDATA[ https://barsky.ua/kreslo_barsky_hara_doctor_red_bhd-02/ ]]>
</url>
<price>26900</price>
<oldprice>30000</oldprice>
<currencyId>UAH</currencyId>
<categoryId>2</categoryId>
<picture>https://barsky.ua/image/catalog/kresla/BHD-02/BHD-02_475x600-A4.jpg</picture>
<picture>https://barsky.ua/image/catalog/kresla/BHD-02/BHD-02_6.jpg</picture>
<picture>https://barsky.ua/image/catalog/kresla/BHD-02/BHD-02_5.jpg</picture>
<picture>https://barsky.ua/image/catalog/kresla/BHD-02/BHD-02_4.jpg</picture>
<picture>https://barsky.ua/image/catalog/kresla/BHD-02/BHD-02_3.jpg</picture>
<picture>https://barsky.ua/image/catalog/kresla/BHD-02/BHD-02_2.jpg</picture>
<picture>https://barsky.ua/image/catalog/kresla/BHD-02/BHD-02_1.jpg</picture>
<vendor>Barsky</vendor>
<stock_quantity>3</stock_quantity>
<description>
<![CDATA[ Описание Новая запатентованная кресла концепция для действительно здоровой и комфортной работы в офисе. Hara - это уникальное решение на рынке Украины благодаря не только уникальному, футуристическому внешнему виду, но также из-за настоящей революции в эргономике кресел. Что определяет здоровье современного человека с оглядкой на характер жизни наших современников? Еда, повседневная активность и стиль жизни. Одной из проблем, с которой мы сталкиваемся каждый день, есть и будет характер нашей работы, ведь не секрет, высокая автоматизация процессов производства привела к тому, что все больше и больше людей выбирают себе работу в офисе или дома. И чаще всего такой образ работы неотрывно связан с нашим здоровьем, а именно осанкой. От правильной осанки зависит наш тонус мышц, циркуляция крови, а значит - хорошее снабжение мозга кислородом. Что же важно для скелета и осанки человека в повседневной жизни? в чем мы ходим (обувь) на чем мы спим (матрас) и конечно же, на чем мы сидим И поскольку мы проводим, сидя на работе, примерно 8 часов, а то и больше, кресло является одним из важных факторов, влияющих на ваше здоровье. Таким креслом как раз и есть Hara Hara Doctor. Barsky Hara Doctor: кому подойдет? Прежде всего, это кресло для людей, которые смотрят при выборе мебели не на ценник, а на его функционал и практичность. Важность здоровья для человека, ежедневно проводящего по 8-10 часов в положении сидя за компьютерным столом, очевидна. Именно поэтому это кресло подойдет всем, кто хочет быть здоровым или уже сегодня имеет ряд хронических заболеваний, склонных к рецидиву. Заболевание позвоночника - самое распространенное усложнение людей офисной специфики работы. Поэтому это кресло подойдет: офисным работникам разной специфики работы - от менеджера до директора; работникам колл-центров; банковским работникам; работникам, ведущим переговоры, собеседования. Функциональность кресла Главное требование к креслу для людей с ущемлением позвоночного нерва нет давления на позвоночник. В то же время важно отметить необходимость наличия опоры как таковой, поскольку без нее спина пользователя будет искривлена. Поэтому перед разработчиками стояла сложная задача - сделать кресло удобным, полезным и безопасным одновременно. Как с этой задачей справилось кресло Barsky Hara Doctor? Преимущество этой модели - сегментированная спинка с тремя автономными горизонтальными поддержками, которые имеют эффект вытягивания позвоночника. Сам позвоночник находится в так называемой &quot;слепой зоне&quot;, где не оказывается давление на мышцы позвоночника. Как результат - давления на мышцы спины в зоне позвоночника нет, нерв не реагирует на внешние раздражители, не происходит его ущемление. Спинка Barsky Hara Doctor Как уже упоминалось ранее, спинка кресла изготовлена из трех отдельных горизонтальных частей, обладающих эффектом вытягивания позвоночника. Отдельно хочу обратить внимание на сегмент спинки в поясничной зоне, поясничная поддержка прочно поддерживает спину и когда человек отбрасывается на нижнее положение спинки происходит вытяжка позвоночника. Зачем это нужно? В первую очередь, эта функция необходима для вытягивания и поддержки в пояснице, эффективно при хронических болях в нижнем отделе позвоночника, восстановлении правильной осанки и улучшении гибкости мышц плеч и спины. Необходимо людям с искажениями позвоночника с неравномерным распределением мышечной активности. Да, в случае сколиоза или лордоза спина имеет ущемление нервов при длительном сидении и функция вытягивания помогает для увольнения ущемленного нерва. Сидения Запатентованное сиденье, состоящее из двух частей. Благодаря которому исключается такое распространенное явление, как тепловой мешок, образующийся во время долгого сиденья на сплошных сиденьях. Каждая часть сиденья имеет шарнирный механизм, отвечающий за изменение угла наклона. В случае неравномерной нагрузки сиденье кресла изменит форму в соответствии с положением владельца. Это позволит уменьшить напряжение и давление. Кроме того, запатентованная система распределения и адаптации к телу человека позволяет нейтрализовать застой крови в органах малого таза. Как ни сидит человек и какого-либо пола он, кресло обеспечивает максимальный кровоток от нижних конечностей к сердцу, без застоев. Возможности трансформации Кресло Hara Doctor позволяет адаптироваться под ваш тип работы и отдыха благодаря богатым возможностям трансформации. Полная поддержка тела сидящего во всех режимах от напряженной работы до антигравитационного режима релакса. Благодаря синхромеханизму можно отрегулировать и зафиксировать спинку в нужном положении. Кроме того, механизм качания Tilt будет как раз для успокаивающего качания, для снятия нервного напряжения. Подлокотники Подлокотники очень удобны и комфортны. Они расположены не на сидении, а монтируются на специальное основание, поэтому их ширину и высоту можно отрегулировать. Подлокотники изготовлены из мягкого полиуретана. Они черного цвета, прекрасно подчеркивающие стиль кресла. Подлокотники имеют небольшие размеры, но горизонтальная площадь слегка увеличена. Это дает локтям дополнительную опору и удобство в любых положениях. Надежность, доказанная топовым производителем Украины. ]]>
</description>
<param name="Предназначение">для фриланса</param>
<param name="Стиль">хай-тек</param>
<param name="Местоположение">для дома</param>
<param name="Особенности">ортопедические</param>
<param name="Класс кресел">люкс</param>
<param name="Тип">офисные</param>
<param name="Обивка">сетка</param>
<param name="Уровень жесткости">жесткие</param>
<param name="Основание">на колесах</param>
<param name="Крестовина">хром</param>
<param name="Каркас">пластик</param>
<param name="Механизм качания">с механизмом качания и фиксацией</param>
<param name="Механизмы">синхромеханизм</param>
<param name="Особенности конструкции">для высоких людей</param>
<param name="Оснащение">с динамической поддержкой</param>
<param name="Максимальный рост">210 см</param>
<param name="Сидение">с сеткой</param>
<param name="Ширина сидения, см">50</param>
<param name="Спинка">с откидной спинкой</param>
<param name="Подлокотники">с регулировкой высоты</param>
<param name="Материал подлокотников">мягкие накладки</param>
<param name="Подголовник">без подголовника</param>
<param name="Ролики">Обрезиненные</param>
<param name="Размер">широкие</param>
<param name="Цвет">красный</param>
<param name="Гарантия">5 лет</param>
<param name="Высота спинки, см">75</param>
</offer>
<offer id="55" available="true">
<name>Кресло Barsky Hara Doctor grey BHD-03</name>
<model>BHD-03</model>
<url>
<![CDATA[ https://barsky.ua/kreslo_barsky_hara_doctor_grey_bhd-03/ ]]>
</url>
<price>26900</price>
<oldprice>30000</oldprice>
<currencyId>UAH</currencyId>
<categoryId>2</categoryId>
<picture>https://barsky.ua/image/catalog/kresla/BHD-03/0016.jpg</picture>
<picture>https://barsky.ua/image/catalog/kresla/BHD-03/0095.jpg</picture>
<picture>https://barsky.ua/image/catalog/kresla/BHD-03/0093.jpg</picture>
<picture>https://barsky.ua/image/catalog/kresla/BHD-03/0091.jpg</picture>
<picture>https://barsky.ua/image/catalog/kresla/BHD-03/0089.jpg</picture>
<picture>https://barsky.ua/image/catalog/kresla/BHD-03/0088.jpg</picture>
<picture>https://barsky.ua/image/catalog/kresla/BHD-03/0016_5.jpg</picture>
<picture>https://barsky.ua/image/catalog/kresla/BHD-03/0016_7.jpg</picture>
<picture>https://barsky.ua/image/catalog/kresla/BHD-03/0016_8.jpg</picture>
<picture>https://barsky.ua/image/catalog/kresla/BHD-03/0016_6.jpg</picture>
<picture>https://barsky.ua/image/catalog/kresla/BHD-03/0016_1.jpg</picture>
<picture>https://barsky.ua/image/catalog/kresla/BHD-03/0016_4.jpg</picture>
<picture>https://barsky.ua/image/catalog/kresla/BHD-03/0016_2.jpg</picture>
<vendor>Barsky</vendor>
<stock_quantity>10</stock_quantity>
<description>
<![CDATA[ Описание Новая запатентованная кресла концепция для действительно здоровой и комфортной работы в офисе. Hara - это уникальное решение на рынке Украины благодаря не только уникальному, футуристическому внешнему виду, но также из-за настоящей революции в эргономике кресел. Что определяет здоровье современного человека с оглядкой на характер жизни наших современников? Еда, повседневная активность и стиль жизни. Одной из проблем, с которой мы сталкиваемся каждый день, есть и будет характер нашей работы, ведь не секрет, высокая автоматизация процессов производства привела к тому, что все больше и больше людей выбирают себе работу в офисе или дома. И чаще всего такой образ работы неотрывно связан с нашим здоровьем, а именно осанкой. От правильной осанки зависит наш тонус мышц, циркуляция крови, а значит - хорошее снабжение мозга кислородом. Что же важно для скелета и осанки человека в повседневной жизни? в чем мы ходим (обувь) на чем мы спим (матрас) и конечно же, на чем мы сидим И поскольку мы проводим, сидя на работе, примерно 8 часов, а то и больше, кресло является одним из важных факторов, влияющих на ваше здоровье. Таким креслом как раз и есть Hara Hara Doctor. Barsky Hara Doctor: кому подойдет? Прежде всего, это кресло для людей, которые смотрят при выборе мебели не на ценник, а на его функционал и практичность. Важность здоровья для человека, ежедневно проводящего по 8-10 часов в положении сидя за компьютерным столом, очевидна. Именно поэтому это кресло подойдет всем, кто хочет быть здоровым или уже сегодня имеет ряд хронических заболеваний, склонных к рецидиву. Заболевание позвоночника - самое распространенное усложнение людей офисной специфики работы. Поэтому это кресло подойдет: офисным работникам разной специфики работы - от менеджера до директора; работникам колл-центров; банковским работникам; работникам, ведущим переговоры, собеседования. Функциональность кресла Главное требование к креслу для людей с ущемлением позвоночного нерва нет давления на позвоночник. В то же время важно отметить необходимость наличия опоры как таковой, поскольку без нее спина пользователя будет искривлена. Поэтому перед разработчиками стояла сложная задача - сделать кресло удобным, полезным и безопасным одновременно. Как с этой задачей справилось кресло Barsky Hara Doctor? Преимущество этой модели - сегментированная спинка с тремя автономными горизонтальными поддержками, которые имеют эффект вытягивания позвоночника. Сам позвоночник находится в так называемой &quot;слепой зоне&quot;, где не оказывается давление на мышцы позвоночника. Как результат - давления на мышцы спины в зоне позвоночника нет, нерв не реагирует на внешние раздражители, не происходит его ущемление. Спинка Barsky Hara Doctor Как уже упоминалось ранее, спинка кресла изготовлена из трех отдельных горизонтальных частей, обладающих эффектом вытягивания позвоночника. Отдельно хочу обратить внимание на сегмент спинки в поясничной зоне, поясничная поддержка прочно поддерживает спину и когда человек отбрасывается на нижнее положение спинки происходит вытяжка позвоночника. Зачем это нужно? В первую очередь, эта функция необходима для вытягивания и поддержки в пояснице, эффективно при хронических болях в нижнем отделе позвоночника, восстановлении правильной осанки и улучшении гибкости мышц плеч и спины. Необходимо людям с искажениями позвоночника с неравномерным распределением мышечной активности. Да, в случае сколиоза или лордоза спина имеет ущемление нервов при длительном сидении и функция вытягивания помогает для увольнения ущемленного нерва. Сидения Запатентованное сиденье, состоящее из двух частей. Благодаря которому исключается такое распространенное явление, как тепловой мешок, образующийся во время долгого сиденья на сплошных сиденьях. Каждая часть сиденья имеет шарнирный механизм, отвечающий за изменение угла наклона. В случае неравномерной нагрузки сиденье кресла изменит форму в соответствии с положением владельца. Это позволит уменьшить напряжение и давление. Кроме того, запатентованная система распределения и адаптации к телу человека позволяет нейтрализовать застой крови в органах малого таза. Как ни сидит человек и какого-либо пола он, кресло обеспечивает максимальный кровоток от нижних конечностей к сердцу, без застоев. Возможности трансформации Кресло Hara Doctor позволяет адаптироваться под ваш тип работы и отдыха благодаря богатым возможностям трансформации. Полная поддержка тела сидящего во всех режимах от напряженной работы до антигравитационного режима релакса. Благодаря синхромеханизму можно отрегулировать и зафиксировать спинку в нужном положении. Кроме того, механизм качания Tilt будет как раз для успокаивающего качания, для снятия нервного напряжения. Подлокотники Подлокотники очень удобны и комфортны. Они расположены не на сидении, а монтируются на специальное основание, поэтому их ширину и высоту можно отрегулировать. Подлокотники изготовлены из мягкого полиуретана. Они черного цвета, прекрасно подчеркивающие стиль кресла. Подлокотники имеют небольшие размеры, но горизонтальная площадь слегка увеличена. Это дает локтям дополнительную опору и удобство в любых положениях. Надежность, доказанная топовым производителем Украины. ]]>
</description>
<param name="Предназначение">для фриланса</param>
<param name="Стиль">хай-тек</param>
<param name="Местоположение">для дома</param>
<param name="Особенности">ортопедические</param>
<param name="Класс кресел">люкс</param>
<param name="Тип">офисные</param>
<param name="Обивка">ткань/сетка</param>
<param name="Уровень жесткости">жесткие</param>
<param name="Основание">на колесах</param>
<param name="Крестовина">хром</param>
<param name="Каркас">пластик</param>
<param name="Механизм качания">с механизмом качания и фиксацией</param>
<param name="Механизмы">синхромеханизм</param>
<param name="Особенности конструкции">для высоких людей</param>
<param name="Оснащение">с динамической поддержкой</param>
<param name="Максимальный рост">210 см</param>
<param name="Сидение">с сеткой</param>
<param name="Ширина сидения, см">50</param>
<param name="Спинка">с откидной спинкой</param>
<param name="Подлокотники">с регулировкой высоты</param>
<param name="Материал подлокотников">мягкие накладки</param>
<param name="Подголовник">без подголовника</param>
<param name="Ролики">обрезиненные</param>
<param name="Размер">широкие</param>
<param name="Цвет">серое</param>
<param name="Гарантия">5 лет</param>
<param name="Высота спинки, см">75</param>
</offer>
<offer id="56" available="true">
<name>Кресло Barsky Game Hummer GH-01</name>
<model>GH-01</model>
<url>
<![CDATA[ https://barsky.ua/kreslo_barsky_game_hummer_gh-01/ ]]>
</url>
<price>12499</price>
<oldprice>14500</oldprice>
<currencyId>UAH</currencyId>
<categoryId>2</categoryId>
<picture>https://barsky.ua/image/catalog/kresla/GH-01/GH-01_475x600_A1.png</picture>
<picture>https://barsky.ua/image/catalog/kresla/GH-01/GH-01_7.jpg</picture>
<picture>https://barsky.ua/image/catalog/kresla/GH-01/GH-01_6.jpg</picture>
<picture>https://barsky.ua/image/catalog/kresla/GH-01/GH-01_5.jpg</picture>
<picture>https://barsky.ua/image/catalog/kresla/GH-01/GH-01_4.jpg</picture>
<picture>https://barsky.ua/image/catalog/kresla/GH-01/GH-01_3.jpg</picture>
<picture>https://barsky.ua/image/catalog/kresla/GH-01/GH-01_2.jpg</picture>
<picture>https://barsky.ua/image/catalog/kresla/GH-01/GH-01_1.jpg</picture>
<vendor>Barsky</vendor>
<stock_quantity>50</stock_quantity>
<description>
<![CDATA[ Описание геймерского кресла Barsky Game Hummer GH-01: Геймерское кресло с текстильной обивкой. Материал приятный на ощупь, в таком кресле комфортно находится в течении рабочего дня или длительной игры. Фишки этой модели: Есть выдвижная подставка для ног. Удобно играть на консоли в положении полулежа с выдвинутой подножкой. Можно использовать для отдыха во время длительной работы. Спинка раскладывается на 180 . Поясничная подушка регулируется по высоте. Такие регулировки позволят настроить кресло так как вам удобно. 4D подлокотники регулируются вверх-вниз, вперед-назад, в стороны и меняют угол. Удобно для работы на мобильных устройствах и за любым столом. Необычный дизайн. Камуфляжные вставки и спинка в форме ковша придают креслу схожести с военным автомобилем. В этой модели удобно играть, работать и отдыхать. ]]>
</description>
<param name="Предназначение">для киберспорта</param>
<param name="Стиль">спортивный</param>
<param name="Местоположение">для дома</param>
<param name="Особенности">гоночные</param>
<param name="Класс кресел">недорогие</param>
<param name="Тип">игровые</param>
<param name="Обивка">ткань</param>
<param name="Уровень жесткости">жесткие</param>
<param name="Основание">на колесах</param>
<param name="Крестовина">пластик</param>
<param name="Каркас">пластик</param>
<param name="Механизм качания">с механизмом качания и фиксацией</param>
<param name="Механизмы">с механизмом трансформации</param>
<param name="Особенности конструкции">спинка откидывается на 180°</param>
<param name="Оснащение">с поясничной подушкой</param>
<param name="Максимальный рост">180 см</param>
<param name="Сидение">с регулировкой угла наклона</param>
<param name="Спинка">с регулировкой высоты поясничной подушки</param>
<param name="Подлокотники">4D</param>
<param name="Материал подлокотников">мягкие накладки</param>
<param name="Подголовник">с высоким подголовником</param>
<param name="Ролики">обрезиненные</param>
<param name="Размер">широкие</param>
<param name="Цвет">Черный/хаки</param>
<param name="Гарантия">5 лет</param>
</offer>
<offer id="57" available="true">
<name>Кресло Barsky Hara Nietzsche BHN-01</name>
<model>BHN-01</model>
<url>
<![CDATA[ https://barsky.ua/kreslo_barsky_hara_nietzsche_bhn-01/ ]]>
</url>
<price>27900</price>
<oldprice>30000</oldprice>
<currencyId>UAH</currencyId>
<categoryId>2</categoryId>
<picture>https://barsky.ua/image/catalog/kresla/BHN-01/BHN-01_475x600_A1.png</picture>
<picture>https://barsky.ua/image/catalog/kresla/BHN-01/BHN-01_6.jpg</picture>
<picture>https://barsky.ua/image/catalog/kresla/BHN-01/BHN-01_5.jpg</picture>
<picture>https://barsky.ua/image/catalog/kresla/BHN-01/BHN-01_4.jpg</picture>
<picture>https://barsky.ua/image/catalog/kresla/BHN-01/BHN-01_3.jpg</picture>
<picture>https://barsky.ua/image/catalog/kresla/BHN-01/BHN-01_2.jpg</picture>
<picture>https://barsky.ua/image/catalog/kresla/BHN-01/BHN-01_1.jpg</picture>
<vendor>Barsky</vendor>
<stock_quantity>50</stock_quantity>
<description>
<![CDATA[ Новая запатентованная кресла концепция для действительно здоровой и комфортной работы в офисе. Hara - это уникальное решение на рынке Украины благодаря не только уникальному, футуристическому внешнему виду, но также из-за настоящей революции в эргономике кресел. Что определяет здоровье современного человека с оглядкой на характер жизни наших современников? Еда, повседневная активность и стиль жизни. Одной из проблем, с которой мы сталкиваемся каждый день, есть и будет характер нашей работы, ведь не секрет, высокая автоматизация процессов производства привела к тому, что все больше и больше людей выбирают себе работу в офисе или дома. И чаще всего такой образ работы неотрывно связан с нашим здоровьем, а именно осанкой. От правильной осанки зависит наш тонус мышц, циркуляция крови, а значит - хорошее снабжение мозга кислородом. Что же важно для скелета и осанки человека в повседневной жизни? в чем мы ходим (обувь) на чем мы спим (матрас) и конечно же, на чем мы сидим И поскольку мы проводим, сидя на работе, примерно 8 часов, а то и больше, кресло является одним из важных факторов, влияющих на ваше здоровье. Таким креслом как раз и есть Hara Nietzsche. Barsky Hara Nietzsche: кому подойдет? Прежде всего, это кресло для людей, которые смотрят при выборе мебели не на ценник, а на его функционал и практичность. Важность здоровья для человека, ежедневно проводящего по 8-10 часов в положении сидя за компьютерным столом, очевидна. Именно поэтому это кресло подойдет всем, кто хочет быть здоровым или уже сегодня имеет ряд хронических заболеваний, склонных к рецидиву. Заболевание позвоночника - самое распространенное усложнение людей офисной специфики работы. Поэтому это кресло подойдет: офисным работникам разной специфики работы - от менеджера до директора; работникам колл-центров; банковским работникам; работникам, ведущим переговоры, собеседования. Функциональность кресла Главное требование к креслу для людей с ущемлением позвоночного нерва нет давления на позвоночник. В то же время важно отметить необходимость наличия опоры как таковой, поскольку без нее спина пользователя будет искривлена. Поэтому перед разработчиками стояла сложная задача - сделать кресло удобным, полезным и безопасным одновременно. Как с этой задачей справилось кресло Barsky Hara Nietzsche? Преимущество этой модели - сегментированная спинка с двумя вертикальными автономными поддержками. Сам позвоночник находится в так называемой &quot;слепой зоне&quot;, где не оказывается давление на мышцы позвоночника. Как результат - давления на мышцы спины в зоне позвоночника нет, нерв не реагирует на внешние раздражители, не происходит его ущемление. Спинка Barsky Hara Nietzsche Как уже упоминалось ранее, спинка кресла изготовлена из двух отдельных вертикальных частей, принимающих нагрузку автономно друг от друга. Зачем это нужно? Прежде всего, эта функция удобна для людей с имеющимися искривлениями позвоночника с неравномерным распределением мышечной активности. Так, в случае сколиоза или лордоза спина имеет определенные неровности, соответственно, и поддержка таких отделов должна быть разной. Сегментированная спинка кресла позволяет с разной степенью интенсивности поддерживать спину пользователя с необходимой ему отдачей. Регулировать спинку кресла не нужно. Кресло самостоятельно определяет степень необходимой поддержки для позвоночника. Все, что нужно для покупателя в этом случае - выбрать для себя самое удобное положение тела. Также следует отметить степень изогнутости лопастей спинки. В зависимости от давления на спинку она принимает нужное положение, поскольку отдельный сегмент прикреплен к фиксирующему механизму сзади. При тестировании продукции пользователь не ощутит давления на спину и поддержку в этой части тела будет ощущать в полной мере. Сидения Запатентованное сиденье, состоящее из двух частей. Благодаря которому исключается такое распространенное явление, как тепловой мешок, образующийся во время долгого сиденья на сплошных сиденьях. Каждая часть сиденья имеет шарнирный механизм, отвечающий за изменение угла наклона. В случае неравномерной нагрузки сиденье кресла изменит форму в соответствии с положением владельца. Это позволит уменьшить напряжение и давление. Кроме того, запатентованная система распределения и адаптации к телу человека позволяет нейтрализовать застой крови в органах малого таза. Как ни сидит человек и какого-либо пола он, кресло обеспечивает максимальный кровоток от нижних конечностей к сердцу, без застоев. Возможности трансформации Кресло Hara Nietzsche позволяет адаптироваться под ваш тип работы и отдыха благодаря богатым возможностям трансформации. Полная поддержка тела сидящего во всех режимах от напряженной работы до антигравитационного режима релакса. Благодаря синхромеханизму можно отрегулировать и зафиксировать спинку в нужном положении. Кроме того, механизм качания Tilt будет как раз для успокаивающего качания, для снятия нервного напряжения. Подлокотники Подлокотники очень удобны и комфортны. Они расположены не на сидении, а монтируются на специальное основание, поэтому их ширину и высоту можно отрегулировать. Подлокотники изготовлены из мягкого полиуретана. Они черного цвета, что прекрасно подчеркнут ]]>
</description>
<param name="Предназначение">для фриланса</param>
<param name="Стиль">хай-тек</param>
<param name="Местоположение">для дома</param>
<param name="Особенности">ортопедические</param>
<param name="Класс кресел">люкс</param>
<param name="Тип">офисные</param>
<param name="Обивка">ткань</param>
<param name="Уровень жесткости">жесткие</param>
<param name="Основание">на колесах</param>
<param name="Крестовина">хром</param>
<param name="Каркас">металл</param>
<param name="Механизм качания">с механизмом качания и фиксацией</param>
<param name="Механизмы">синхромеханизм</param>
<param name="Особенности конструкции">для высоких людей</param>
<param name="Оснащение">с динамической поддержкой</param>
<param name="Максимальный рост">210 см</param>
<param name="Сидение">с регулировкой угла наклона</param>
<param name="Ширина сидения, см">50</param>
<param name="Спинка">с регулировкой спинки по высоте</param>
<param name="Подлокотники">с регулировкой высоты</param>
<param name="Материал подлокотников">мягкие накладки</param>
<param name="Подголовник">с регулируемым подголовником</param>
<param name="Ролики">обрезиненные</param>
<param name="Размер">широкие</param>
<param name="Цвет">Черный</param>
<param name="Гарантия">5 лет</param>
<param name="Высота спинки, см">45</param>
</offer>
<offer id="58" available="true">
<name>Кресло Barsky Hara Nietzsche BHN-02</name>
<model>BHN-02</model>
<url>
<![CDATA[ https://barsky.ua/kreslo_barsky_hara_nietzsche_bhn-02/ ]]>
</url>
<price>27900</price>
<oldprice>30000</oldprice>
<currencyId>UAH</currencyId>
<categoryId>2</categoryId>
<picture>https://barsky.ua/image/catalog/kresla/BHN-02/BHN-02_475x600-A4.jpg</picture>
<picture>https://barsky.ua/image/catalog/kresla/BHN-02/BHN-02_6.jpg</picture>
<picture>https://barsky.ua/image/catalog/kresla/BHN-02/BHN-02_5.jpg</picture>
<picture>https://barsky.ua/image/catalog/kresla/BHN-02/BHN-02_4.jpg</picture>
<picture>https://barsky.ua/image/catalog/kresla/BHN-02/BHN-02_3.jpg</picture>
<picture>https://barsky.ua/image/catalog/kresla/BHN-02/BHN-02_2.jpg</picture>
<picture>https://barsky.ua/image/catalog/kresla/BHN-02/BHN-02_1.jpg</picture>
<vendor>Barsky</vendor>
<stock_quantity>50</stock_quantity>
<description>
<![CDATA[ Новая запатентованная кресла концепция для действительно здоровой и комфортной работы в офисе. Hara - это уникальное решение на рынке Украины благодаря не только уникальному, футуристическому внешнему виду, но также из-за настоящей революции в эргономике кресел. Что определяет здоровье современного человека с оглядкой на характер жизни наших современников? Еда, повседневная активность и стиль жизни. Одной из проблем, с которой мы сталкиваемся каждый день, есть и будет характер нашей работы, ведь не секрет, высокая автоматизация процессов производства привела к тому, что все больше и больше людей выбирают себе работу в офисе или дома. И чаще всего такой образ работы неотрывно связан с нашим здоровьем, а именно осанкой. От правильной осанки зависит наш тонус мышц, циркуляция крови, а значит - хорошее снабжение мозга кислородом. Что же важно для скелета и осанки человека в повседневной жизни? в чем мы ходим (обувь) на чем мы спим (матрас) и конечно же, на чем мы сидим И поскольку мы проводим, сидя на работе, примерно 8 часов, а то и больше, кресло является одним из важных факторов, влияющих на ваше здоровье. Таким креслом как раз и есть Hara Nietzsche. Barsky Hara Nietzsche: кому подойдет? Прежде всего, это кресло для людей, которые смотрят при выборе мебели не на ценник, а на его функционал и практичность. Важность здоровья для человека, ежедневно проводящего по 8-10 часов в положении сидя за компьютерным столом, очевидна. Именно поэтому это кресло подойдет всем, кто хочет быть здоровым или уже сегодня имеет ряд хронических заболеваний, склонных к рецидиву. Заболевание позвоночника - самое распространенное усложнение людей офисной специфики работы. Поэтому это кресло подойдет: офисным работникам разной специфики работы - от менеджера до директора; работникам колл-центров; банковским работникам; работникам, ведущим переговоры, собеседования. Функциональность кресла Главное требование к креслу для людей с ущемлением позвоночного нерва нет давления на позвоночник. В то же время важно отметить необходимость наличия опоры как таковой, поскольку без нее спина пользователя будет искривлена. Поэтому перед разработчиками стояла сложная задача - сделать кресло удобным, полезным и безопасным одновременно. Как с этой задачей справилось кресло Barsky Hara Nietzsche? Преимущество этой модели - сегментированная спинка с двумя вертикальными автономными поддержками. Сам позвоночник находится в так называемой &quot;слепой зоне&quot;, где не оказывается давление на мышцы позвоночника. Как результат - давления на мышцы спины в зоне позвоночника нет, нерв не реагирует на внешние раздражители, не происходит его ущемление. Спинка Barsky Hara Nietzsche Как уже упоминалось ранее, спинка кресла изготовлена из двух отдельных вертикальных частей, принимающих нагрузку автономно друг от друга. Зачем это нужно? Прежде всего, эта функция удобна для людей с имеющимися искривлениями позвоночника с неравномерным распределением мышечной активности. Так, в случае сколиоза или лордоза спина имеет определенные неровности, соответственно, и поддержка таких отделов должна быть разной. Сегментированная спинка кресла позволяет с разной степенью интенсивности поддерживать спину пользователя с необходимой ему отдачей. Регулировать спинку кресла не нужно. Кресло самостоятельно определяет степень необходимой поддержки для позвоночника. Все, что нужно для покупателя в этом случае - выбрать для себя самое удобное положение тела. Также следует отметить степень изогнутости лопастей спинки. В зависимости от давления на спинку она принимает нужное положение, поскольку отдельный сегмент прикреплен к фиксирующему механизму сзади. При тестировании продукции пользователь не ощутит давления на спину и поддержку в этой части тела будет ощущать в полной мере. Сидения Запатентованное сиденье, состоящее из двух частей. Благодаря которому исключается такое распространенное явление, как тепловой мешок, образующийся во время долгого сиденья на сплошных сиденьях. Каждая часть сиденья имеет шарнирный механизм, отвечающий за изменение угла наклона. В случае неравномерной нагрузки сиденье кресла изменит форму в соответствии с положением владельца. Это позволит уменьшить напряжение и давление. Кроме того, запатентованная система распределения и адаптации к телу человека позволяет нейтрализовать застой крови в органах малого таза. Как ни сидит человек и какого-либо пола он, кресло обеспечивает максимальный кровоток от нижних конечностей к сердцу, без застоев. Возможности трансформации Кресло Hara Nietzsche позволяет адаптироваться под ваш тип работы и отдыха благодаря богатым возможностям трансформации. Полная поддержка тела сидящего во всех режимах от напряженной работы до антигравитационного режима релакса. Благодаря синхромеханизму можно отрегулировать и зафиксировать спинку в нужном положении. Кроме того, механизм качания Tilt будет как раз для успокаивающего качания, для снятия нервного напряжения. Подлокотники Подлокотники очень удобны и комфортны. Они расположены не на сидении, а монтируются на специальное основание, поэтому их ширину и высоту можно отрегулировать. Подлокотники изготовлены из мягкого полиуретана. Они черного цвета, что прекрасно подчеркнут ]]>
</description>
<param name="Предназначение">для фриланса</param>
<param name="Стиль">хай-тек</param>
<param name="Местоположение">для дома</param>
<param name="Особенности">ортопедические</param>
<param name="Класс кресел">люкс</param>
<param name="Тип">офисные</param>
<param name="Обивка">экокожа</param>
<param name="Уровень жесткости">жесткие</param>
<param name="Основание">на колесах</param>
<param name="Крестовина">хром</param>
<param name="Каркас">пластик</param>
<param name="Механизм качания">с механизмом качания и фиксацией</param>
<param name="Механизмы">синхромеханизм</param>
<param name="Особенности конструкции">для высоких людей</param>
<param name="Оснащение">с динамической поддержкой</param>
<param name="Максимальный рост">210 см</param>
<param name="Сидение">с регулировкой угла наклона</param>
<param name="Ширина сидения, см">50</param>
<param name="Спинка">с регулировкой спинки по высоте</param>
<param name="Подлокотники">с регулировкой высоты</param>
<param name="Материал подлокотников">мягкие накладки</param>
<param name="Подголовник">с регулируемым подголовником</param>
<param name="Ролики">Обрезиненные</param>
<param name="Размер">широкие</param>
<param name="Цвет">Черный</param>
<param name="Гарантия">5 лет</param>
<param name="Высота спинки, см">45</param>
</offer>
<offer id="59" available="true">
<name>Кресло Barsky Mesh Black BM-02</name>
<model>BM-02</model>
<url>
<![CDATA[ https://barsky.ua/kreslo_barsky_mesh_black_bm-02/ ]]>
</url>
<price>5849</price>
<oldprice>7650</oldprice>
<currencyId>UAH</currencyId>
<categoryId>2</categoryId>
<picture>https://barsky.ua/image/catalog/kresla/BM-02/BM-02_475x600_A2.png</picture>
<picture>https://barsky.ua/image/catalog/kresla/BM-02/BM-02_6.jpg</picture>
<picture>https://barsky.ua/image/catalog/kresla/BM-02/BM-02_5.jpg</picture>
<picture>https://barsky.ua/image/catalog/kresla/BM-02/BM-02_4.jpg</picture>
<picture>https://barsky.ua/image/catalog/kresla/BM-02/BM-02_3.jpg</picture>
<picture>https://barsky.ua/image/catalog/kresla/BM-02/BM-02_2.jpg</picture>
<picture>https://barsky.ua/image/catalog/kresla/BM-02/BM-02_1.jpg</picture>
<vendor>Barsky</vendor>
<stock_quantity>98</stock_quantity>
<description>
<![CDATA[ Описание кресла Barsky Mesh Black BM-02 для офиса: Недорогое сеточное кресло со всеми нужными регулировками. Обивка черного цвета хорошо впишется в любой интерьер. Возможности кресла: Спинка с естественным прогибом в пояснице, дополнительно настраивается поясничная поддержка. Подлокотники регулируются по высоте. Подголовник регулируется по росту пользователя и меняет угол наклона. Высота кресла регулируется газлифтом. В кресле есть механизм качания с фиксацией в верхней точке. Эта модель кресла - пример того, что недорогое кресло может быть эргономичным и максимально комфортным для пользователя. Кресло выполнено в черном цвете пластика и обивки. Недорогое и надежное кресло подойдет для офиса или дома. Эргономика в ультрасовременном дизайнерском исполнении. Пожалуй одним из самых популярных кресел в демократичном ценовом сегменте, являются кресла из семейства Barsky Mesh. Эти кресла пользуются спросом как у крупного бизнеса, так и у рядового обывателя. За счет высокой надежности, упора в эргономику и что немаловажно - ультра современному дизайну. Что же на самом деле из себя представляют кресла этой линейки из себя, сейчас мы и рассмотрим. Общий дизайн и компоновка Barsky Mesh, это сеточное кресло, которое лишено в своей конструкции массивных, громоздких деталей. За счет этого приема, оно не громоздкое, занимает минимум места и что немаловажно - подчеркнет характер интерьера. В кресле нет угловатых деталей, за которые цеплялся бы глаз. Каждая деталь имеет плавные, округлые, приятные глазу формы. Дышащая структура обивки, и использование классических цветов так же способствует общей композиции невесомости и легкости. Однозначно Barsky Mesh придётся по нраву людям с хорошо развитым чувством вкуса. К тому же существует сразу несколько цветовых палитр исполнения кресла. Классическое черное кресло, черно-белое кресло, красно-черное, сине-белое, бело-зеленое и миниатюрный вариант в черном цвете. Благодаря такому подходу, можно смело интегрировать это кресло в любые дизайнерские решения как дома так и в офисе с соблюдением корпоративного стиля или создания нужных цветовых акцентов. Как пример, цветовые оттенки можно использовать в роли зонирования отделов. Анатомия кресла или его компоновка. Эталонная модель BM представлена с полноразмерной спинкой и подголовником. Тогда как модель BM-07 - является более миниатюрной, с уменьшенной по высоте спинкой, ориентировочно до лопаток сидящего, и без подголовника. Во всех моделях используются регулируемые по высоте подлокотники черного цвета, выполненные с немаркого, приятного на ощупь пластика. Основная часть обивки кресла - высококачественная сетка, которая не проседает и не растягивается даже после длительного использования, за счет вплетения специальных синтетических волокон, стойких к растяжению. Зоны использования сетки - спинка, и подголовник. В тоже время, в роли обивки сидения выступает ткань рогожка, которая демонстрирует высокие качества устойчивости к истиранию. Стойкость этой ткани к истиранию подтверждена тестами Мартиндейла. К тому же, эта ткань очень проста в чистке а также имеет высокие показатели аэрации. В роли наполнителя сидения выступает высококачественный пеноматериал. Вообще о посадке и свойствах сидения мы поговорим позже, когда речь будет идти о эргономике и ощущениях сидящего в это кресле. В роли основы или базы - выступает полиамидная крестовина с нейлоновыми нитями и усиленными ребрами жесткости для прочности. Спинка кресла выполнена из литого пластика с полиамидными ребрами жесткости. Регулировки кресла и общая эргономика. Barsky Mesh, как бы это не звучало странно на первый взгляд, это довольно жёсткое кресло. Ведь именно жесткость его - позволяет равномерно распределять вес сидящего по всей поверхности кресла, тем самым нейтрализуя так называемые горячие точки. Основными зонами распределения давления является спинка кресла, подголовник и сидение. В кресле реализована золотая середина, между комфортом сидящего и эргономическими свойствами. Спинка кресла имеет эргономичный изгиб в месте где у человека находится поясница. Поясничную поддержку в кресле можно регулировать как по высоте так и по степени выдавливаемости, что придётся очень кстати для людей с разным ростом и весом. Как мы писали, подлокотники кресла - регулируемые. Это позволит создать нужные точки поддержки для рук и избавиться от возможных заломов в области запястий при работе с клавиатурой и мышкой, тем самым нейтрализуя возможный карпальный синдром. Подголовник кресла можно отрегулировать в двух направлениях: по высоте, и по углу наклона. В Barsky Mesh также есть стандартный механизм качания и возможность регулировки пружины под вес сидящего. В завершении, последние штрихи Современная концепция кресел mesh делает их отличным выбором для крупных офисов и домашних рабочих мест. Качество этих кресел уже оценили такие банки как Таскомбанк и Monobank и тысячи украинцев. Гарантия 5 лет от Barsky. ]]>
</description>
<param name="Предназначение">для персонала</param>
<param name="Стиль">клаcсический</param>
<param name="Местоположение">для офиса</param>
<param name="Особенности">эргономические</param>
<param name="Обивка">сетка</param>
<param name="Уровень жесткости">жесткие</param>
<param name="Основание">на колесах</param>
<param name="Крестовина">пластик</param>
<param name="Каркас">пластик</param>
<param name="Механизм качания">с механизмом качания</param>
<param name="Механизмы">tilt</param>
<param name="Особенности конструкции">с подголовником</param>
<param name="Оснащение">с вентиляцией</param>
<param name="Максимальный рост">180 см</param>
<param name="Сидение">с сеткой</param>
<param name="Ширина сидения, см">500х510 мм</param>
<param name="Спинка">с поддержкой поясницы</param>
<param name="Подлокотники">с регулировкой высоты</param>
<param name="Материал подлокотников">пластиковые</param>
<param name="Подголовник">с регулируемым подголовником</param>
<param name="Ролики">Пластиковые</param>
<param name="Размер">узкие</param>
<param name="Цвет">Черный</param>
<param name="Гарантия">5 лет</param>
<param name="Высота спинки, см">57</param>
</offer>
<offer id="60" available="false">
<name>Кресло Barsky Mesh Light Black BM-07</name>
<model>BM-07</model>
<url>
<![CDATA[ https://barsky.ua/kreslo_barsky_mesh_light_black_bm-07/ ]]>
</url>
<price>4400</price>
<oldprice>5000</oldprice>
<currencyId>UAH</currencyId>
<categoryId>2</categoryId>
<picture>https://barsky.ua/image/catalog/kresla/BM-07/BM-07_475x600_A2.png</picture>
<picture>https://barsky.ua/image/catalog/kresla/BM-07/BM-07_5.jpg</picture>
<picture>https://barsky.ua/image/catalog/kresla/BM-07/BM-07_4.jpg</picture>
<picture>https://barsky.ua/image/catalog/kresla/BM-07/BM-07_3.jpg</picture>
<picture>https://barsky.ua/image/catalog/kresla/BM-07/BM-07_2.jpg</picture>
<picture>https://barsky.ua/image/catalog/kresla/BM-07/BM-07_1.jpg</picture>
<vendor>Barsky</vendor>
<stock_quantity>0</stock_quantity>
<description>
<![CDATA[ Описание кресла Barsky Mesh Light Black BM-07 для офиса: Недорогое сеточное кресло черного цвета подойдет в любой интерьер. Возможности кресла: Спинка с естественным прогибом в пояснице, Высота кресла регулируется газлифтом. В кресле есть механизм качания с фиксацией в верхней точке. Эта модель кресла - пример того, что недорогое кресло может быть комфортным для пользователя. Кресло выполнено в черном цвете пластика и обивки. Подойдет для офиса, для дома или в детскую комнату. ]]>
</description>
<param name="Предназначение">операторские</param>
<param name="Стиль">клаcсический</param>
<param name="Местоположение">для офиса</param>
<param name="Особенности">низкие</param>
<param name="Обивка">сетка</param>
<param name="Уровень жесткости">жесткие</param>
<param name="Основание">на колесах</param>
<param name="Крестовина">пластик</param>
<param name="Каркас">пластик</param>
<param name="Механизм качания">с механизмом качания</param>
<param name="Механизмы">tilt</param>
<param name="Особенности конструкции">без подлокотников</param>
<param name="Оснащение">с вентиляцией</param>
<param name="Максимальный рост">160 см</param>
<param name="Сидение">с регулировкой сидения по высоте</param>
<param name="Ширина сидения, см">48х50</param>
<param name="Спинка">с низкой спинкой</param>
<param name="Подлокотники">нерегулируемые</param>
<param name="Материал подлокотников">пластиковые</param>
<param name="Подголовник">без подголовника</param>
<param name="Ролики">Пластиковые</param>
<param name="Размер">маленькие</param>
<param name="Цвет">Черный</param>
<param name="Гарантия">5 лет</param>
<param name="Высота спинки, см">50</param>
</offer>
<offer id="61" available="true">
<name>Кресло Barsky Mesh Black/Red BM-01</name>
<model>BM-01_Mesh</model>
<url>
<![CDATA[ https://barsky.ua/kreslo_barsky_mesh_blackred_bm-01/ ]]>
</url>
<price>5349</price>
<oldprice>7650</oldprice>
<currencyId>UAH</currencyId>
<categoryId>2</categoryId>
<picture>https://barsky.ua/image/catalog/kresla/BM-01_Mesh/BM-01_475x600_A2.png</picture>
<picture>https://barsky.ua/image/catalog/kresla/BM-01_Mesh/BM-01_6.jpg</picture>
<picture>https://barsky.ua/image/catalog/kresla/BM-01_Mesh/BM-01_5.jpg</picture>
<picture>https://barsky.ua/image/catalog/kresla/BM-01_Mesh/BM-01_4.jpg</picture>
<picture>https://barsky.ua/image/catalog/kresla/BM-01_Mesh/BM-01_3.jpg</picture>
<picture>https://barsky.ua/image/catalog/kresla/BM-01_Mesh/BM-01_2.jpg</picture>
<picture>https://barsky.ua/image/catalog/kresla/BM-01_Mesh/BM-01_1.jpg</picture>
<vendor>Barsky</vendor>
<stock_quantity>102</stock_quantity>
<description>
<![CDATA[ Описание кресла Barsky Mesh Black/Red BM-01 для офиса: Недорогое сеточное кресло со всеми нужными регулировками. Яркая обивка из красной сетки станет ярким акцентом в интерьере. Возможности кресла: Спинка с естественным прогибом в пояснице, дополнительно настраивается поясничная поддержка. Подлокотники регулируются по высоте. Подголовник регулируется по росту пользователя и меняет угол наклона. Высота кресла регулируется газлифтом. В кресле есть механизм качания с фиксацией в верхней точке. Эта модель кресла - пример того, что недорогое кресло может быть эргономичным и максимально комфортным для пользователя. Кресло выполнено в черном цвете пластика и с красной обивкой. Недорогое и надежное кресло подойдет для офиса, для дома или в детскую комнату. Эргономика в ультрасовременном дизайнерском исполнении. Пожалуй одним из самых популярных кресел в демократичном ценовом сегменте, являются кресла из семейства Barsky Mesh. Эти кресла пользуются спросом как у крупного бизнеса, так и у рядового обывателя. За счет высокой надежности, упора в эргономику и что немаловажно - ультра современному дизайну. Что же на самом деле из себя представляют кресла этой линейки из себя, сейчас мы и рассмотрим. Общий дизайн и компоновка Barsky Mesh, это сеточное кресло, которое лишено в своей конструкции массивных, громоздких деталей. За счет этого приема, оно не громоздкое, занимает минимум места и что немаловажно - подчеркнет характер интерьера. В кресле нет угловатых деталей, за которые цеплялся бы глаз. Каждая деталь имеет плавные, округлые, приятные глазу формы. Дышащая структура обивки, и использование классических цветов так же способствует общей композиции невесомости и легкости. Однозначно Barsky Mesh придётся по нраву людям с хорошо развитым чувством вкуса. К тому же существует сразу несколько цветовых палитр исполнения кресла. Классическое черное кресло, черно-белое кресло, красно-черное, сине-белое, бело-зеленое и миниатюрный вариант в черном цвете. Благодаря такому подходу, можно смело интегрировать это кресло в любые дизайнерские решения как дома так и в офисе с соблюдением корпоративного стиля или создания нужных цветовых акцентов. Как пример, цветовые оттенки можно использовать в роли зонирования отделов. Анатомия кресла или его компоновка. Эталонная модель BM представлена с полноразмерной спинкой и подголовником. Тогда как модель BM-07 - является более миниатюрной, с уменьшенной по высоте спинкой, ориентировочно до лопаток сидящего, и без подголовника. Во всех моделях используются регулируемые по высоте подлокотники черного цвета, выполненные с немаркого, приятного на ощупь пластика. Основная часть обивки кресла - высококачественная сетка, которая не проседает и не растягивается даже после длительного использования, за счет вплетения специальных синтетических волокон, стойких к растяжению. Зоны использования сетки - спинка, и подголовник. В тоже время, в роли обивки сидения выступает ткань рогожка, которая демонстрирует высокие качества устойчивости к истиранию. Стойкость этой ткани к истиранию подтверждена тестами Мартиндейла. К тому же, эта ткань очень проста в чистке а также имеет высокие показатели аэрации. В роли наполнителя сидения выступает высококачественный пеноматериал. Вообще о посадке и свойствах сидения мы поговорим позже, когда речь будет идти о эргономике и ощущениях сидящего в это кресле. В роли основы или базы - выступает полиамидная крестовина с нейлоновыми нитями и усиленными ребрами жесткости для прочности. Спинка кресла выполнена из литого пластика с полиамидными ребрами жесткости. Регулировки кресла и общая эргономика. Barsky Mesh, как бы это не звучало странно на первый взгляд, это довольно жёсткое кресло. Ведь именно жесткость его - позволяет равномерно распределять вес сидящего по всей поверхности кресла, тем самым нейтрализуя так называемые горячие точки. Основными зонами распределения давления является спинка кресла, подголовник и сидение. В кресле реализована золотая середина, между комфортом сидящего и эргономическими свойствами. Спинка кресла имеет эргономичный изгиб в месте где у человека находится поясница. Поясничную поддержку в кресле можно регулировать как по высоте так и по степени выдавливаемости, что придётся очень кстати для людей с разным ростом и весом. Как мы писали, подлокотники кресла - регулируемые. Это позволит создать нужные точки поддержки для рук и избавиться от возможных заломов в области запястий при работе с клавиатурой и мышкой, тем самым нейтрализуя возможный карпальный синдром. Подголовник кресла можно отрегулировать в двух направлениях: по высоте, и по углу наклона. В Barsky Mesh также есть стандартный механизм качания и возможность регулировки пружины под вес сидящего. В завершении, последние штрихи Современная концепция кресел mesh делает их отличным выбором для крупных офисов и домашних рабочих мест. Качество этих кресел уже оценили такие банки как Таскомбанк и Monobank и тысячи украинцев. Гарантия 5 лет от Barsky. ]]>
</description>
<param name="Предназначение">для персонала</param>
<param name="Стиль">современный</param>
<param name="Местоположение">для офиса</param>
<param name="Особенности">эргономические</param>
<param name="Обивка">сетка</param>
<param name="Уровень жесткости">жесткие</param>
<param name="Основание">на колесах</param>
<param name="Крестовина">пластик</param>
<param name="Каркас">пластик</param>
<param name="Механизм качания">с механизмом качания</param>
<param name="Механизмы">tilt</param>
<param name="Особенности конструкции">с подголовником</param>
<param name="Оснащение">с вентиляцией</param>
<param name="Максимальный рост">180 см</param>
<param name="Сидение">с сеткой</param>
<param name="Ширина сидения, см">50</param>
<param name="Спинка">с поддержкой поясницы</param>
<param name="Подлокотники">с регулировкой высоты</param>
<param name="Материал подлокотников">пластиковые</param>
<param name="Подголовник">с регулируемым подголовником</param>
<param name="Ролики">пластиковые</param>
<param name="Размер">узкие</param>
<param name="Цвет">красный</param>
<param name="Гарантия">5 лет</param>
<param name="Высота спинки, см">57</param>
</offer>
<offer id="62" available="false">
<name>Кресло Barsky Mesh White/Black BM-04</name>
<model>BM-04</model>
<url>
<![CDATA[ https://barsky.ua/kreslo_barsky_mesh_whiteblack_bm-04/ ]]>
</url>
<price>6999</price>
<oldprice>8500</oldprice>
<currencyId>UAH</currencyId>
<categoryId>2</categoryId>
<picture>https://barsky.ua/image/catalog/kresla/BM-04/1.jpg</picture>
<picture>https://barsky.ua/image/catalog/kresla/BM-04/BM-04_7.jpg</picture>
<picture>https://barsky.ua/image/catalog/kresla/BM-04/BM-04_6.jpg</picture>
<picture>https://barsky.ua/image/catalog/kresla/BM-04/BM-04_5.jpg</picture>
<picture>https://barsky.ua/image/catalog/kresla/BM-04/BM-04_4.jpg</picture>
<picture>https://barsky.ua/image/catalog/kresla/BM-04/BM-04_3.jpg</picture>
<picture>https://barsky.ua/image/catalog/kresla/BM-04/BM-04_2.jpg</picture>
<picture>https://barsky.ua/image/catalog/kresla/BM-04/BM-04_1.jpg</picture>
<vendor>Barsky</vendor>
<stock_quantity>0</stock_quantity>
<description>
<![CDATA[ Описание кресла Barsky Mesh White/Black BM-04 для офиса: Недорогое сеточное кресло со всеми нужными регулировками. Кресло черно-белого цвета хорошо впишется в любой интерьер. Возможности кресла: Спинка с естественным прогибом в пояснице, дополнительно настраивается поясничная поддержка. Подлокотники регулируются по высоте. Подголовник регулируется по росту пользователя и меняет угол наклона. Высота кресла регулируется газлифтом. В кресле есть механизм качания с фиксацией в верхней точке. Эта модель кресла - пример того, что недорогое кресло может быть эргономичным и максимально комфортным для пользователя. Кресло выполнено в белом цвете пластика и с черной обивкой. Недорогое и надежное кресло подойдет для офиса или дома. Эргономика в ультрасовременном дизайнерском исполнении. Пожалуй одним из самых популярных кресел в демократичном ценовом сегменте, являются кресла из семейства Barsky Mesh. Эти кресла пользуются спросом как у крупного бизнеса, так и у рядового обывателя. За счет высокой надежности, упора в эргономику и что немаловажно - ультра современному дизайну. Что же на самом деле из себя представляют кресла этой линейки из себя, сейчас мы и рассмотрим. Общий дизайн и компоновка Barsky Mesh, это сеточное кресло, которое лишено в своей конструкции массивных, громоздких деталей. За счет этого приема, оно не громоздкое, занимает минимум места и что немаловажно - подчеркнет характер интерьера. В кресле нет угловатых деталей, за которые цеплялся бы глаз. Каждая деталь имеет плавные, округлые, приятные глазу формы. Дышащая структура обивки, и использование классических цветов так же способствует общей композиции невесомости и легкости. Однозначно Barsky Mesh придётся по нраву людям с хорошо развитым чувством вкуса. К тому же существует сразу несколько цветовых палитр исполнения кресла. Классическое черное кресло, черно-белое кресло, красно-черное, сине-белое, бело-зеленое и миниатюрный вариант в черном цвете. Благодаря такому подходу, можно смело интегрировать это кресло в любые дизайнерские решения как дома так и в офисе с соблюдением корпоративного стиля или создания нужных цветовых акцентов. Как пример, цветовые оттенки можно использовать в роли зонирования отделов. Анатомия кресла или его компоновка. Эталонная модель BM представлена с полноразмерной спинкой и подголовником. Тогда как модель BM-07 - является более миниатюрной, с уменьшенной по высоте спинкой, ориентировочно до лопаток сидящего, и без подголовника. Во всех моделях используются регулируемые по высоте подлокотники черного цвета, выполненные с немаркого, приятного на ощупь пластика. Основная часть обивки кресла - высококачественная сетка, которая не проседает и не растягивается даже после длительного использования, за счет вплетения специальных синтетических волокон, стойких к растяжению. Зоны использования сетки - спинка, и подголовник. В тоже время, в роли обивки сидения выступает ткань рогожка, которая демонстрирует высокие качества устойчивости к истиранию. Стойкость этой ткани к истиранию подтверждена тестами Мартиндейла. К тому же, эта ткань очень проста в чистке а также имеет высокие показатели аэрации. В роли наполнителя сидения выступает высококачественный пеноматериал. Вообще о посадке и свойствах сидения мы поговорим позже, когда речь будет идти о эргономике и ощущениях сидящего в это кресле. В роли основы или базы - выступает полиамидная крестовина с нейлоновыми нитями и усиленными ребрами жесткости для прочности. Спинка кресла выполнена из литого пластика с полиамидными ребрами жесткости. Регулировки кресла и общая эргономика. Barsky Mesh, как бы это не звучало странно на первый взгляд, это довольно жёсткое кресло. Ведь именно жесткость его - позволяет равномерно распределять вес сидящего по всей поверхности кресла, тем самым нейтрализуя так называемые горячие точки. Основными зонами распределения давления является спинка кресла, подголовник и сидение. В кресле реализована золотая середина, между комфортом сидящего и эргономическими свойствами. Спинка кресла имеет эргономичный изгиб в месте где у человека находится поясница. Поясничную поддержку в кресле можно регулировать как по высоте так и по степени выдавливаемости, что придётся очень кстати для людей с разным ростом и весом. Как мы писали, подлокотники кресла - регулируемые. Это позволит создать нужные точки поддержки для рук и избавиться от возможных заломов в области запястий при работе с клавиатурой и мышкой, тем самым нейтрализуя возможный карпальный синдром. Подголовник кресла можно отрегулировать в двух направлениях: по высоте, и по углу наклона. В Barsky Mesh также есть стандартный механизм качания и возможность регулировки пружины под вес сидящего. В завершении, последние штрихи Современная концепция кресел mesh делает их отличным выбором для крупных офисов и домашних рабочих мест. Качество этих кресел уже оценили такие банки как Таскомбанк и Monobank и тысячи украинцев. Гарантия 5 лет от Barsky. ]]>
</description>
<param name="Предназначение">для персонала</param>
<param name="Стиль">клаcсический</param>
<param name="Местоположение">для офиса</param>
<param name="Особенности">эргономические</param>
<param name="Обивка">сетка</param>
<param name="Уровень жесткости">жесткие</param>
<param name="Основание">на колесах</param>
<param name="Крестовина">пластик</param>
<param name="Каркас">пластик</param>
<param name="Механизм качания">с механизмом качания</param>
<param name="Механизмы">tilt</param>
<param name="Особенности конструкции">с подголовником</param>
<param name="Оснащение">с вентиляцией</param>
<param name="Максимальный рост">180 см</param>
<param name="Сидение">с сеткой</param>
<param name="Ширина сидения, см">500х510 мм</param>
<param name="Спинка">с поддержкой поясницы</param>
<param name="Подлокотники">с регулировкой высоты</param>
<param name="Материал подлокотников">пластиковые</param>
<param name="Подголовник">с регулируемым подголовником</param>
<param name="Ролики">Пластиковые</param>
<param name="Размер">узкие</param>
<param name="Цвет">Черный/белый</param>
<param name="Гарантия">5 лет</param>
<param name="Высота спинки, см">57</param>
</offer>
<offer id="63" available="false">
<name>Кресло Barsky Mesh White/Blue BM-05</name>
<model>BM-05</model>
<url>
<![CDATA[ https://barsky.ua/kreslo_barsky_mesh_whiteblue_bm-05/ ]]>
</url>
<price>8500</price>
<currencyId>UAH</currencyId>
<categoryId>2</categoryId>
<picture>https://barsky.ua/image/catalog/kresla/BM-05/BM-05_475x600_A2.png</picture>
<picture>https://barsky.ua/image/catalog/kresla/BM-05/BM-05_7.jpg</picture>
<picture>https://barsky.ua/image/catalog/kresla/BM-05/BM-05_6.jpg</picture>
<picture>https://barsky.ua/image/catalog/kresla/BM-05/BM-05_5.jpg</picture>
<picture>https://barsky.ua/image/catalog/kresla/BM-05/BM-05_4.jpg</picture>
<picture>https://barsky.ua/image/catalog/kresla/BM-05/BM-05_3.jpg</picture>
<picture>https://barsky.ua/image/catalog/kresla/BM-05/BM-05_2.jpg</picture>
<picture>https://barsky.ua/image/catalog/kresla/BM-05/BM-05_1.jpg</picture>
<vendor>Barsky</vendor>
<stock_quantity>0</stock_quantity>
<description>
<![CDATA[ Описание кресла Barsky Mesh White/Blue BM-05 для офиса: Недорогое сеточное кресло со всеми нужными регулировками. Яркая обивка из синей сетки станет ярким акцентом в интерьере. Возможности кресла: Спинка с естественным прогибом в пояснице, дополнительно настраивается поясничная поддержка. Подлокотники регулируются по высоте. Подголовник регулируется по росту пользователя и меняет угол наклона. Высота кресла регулируется газлифтом. В кресле есть механизм качания с фиксацией в верхней точке. Эта модель кресла - пример того, что недорогое кресло может быть эргономичным и максимально комфортным для пользователя. Кресло выполнено из белого пластика с синей обивкой. Недорогое и надежное кресло подойдет для офиса, для дома или в детскую комнату. Эргономика в ультрасовременном дизайнерском исполнении. Пожалуй одним из самых популярных кресел в демократичном ценовом сегменте, являются кресла из семейства Barsky Mesh. Эти кресла пользуются спросом как у крупного бизнеса, так и у рядового обывателя. За счет высокой надежности, упора в эргономику и что немаловажно - ультра современному дизайну. Что же на самом деле из себя представляют кресла этой линейки из себя, сейчас мы и рассмотрим. Общий дизайн и компоновка Barsky Mesh, это сеточное кресло, которое лишено в своей конструкции массивных, громоздких деталей. За счет этого приема, оно не громоздкое, занимает минимум места и что немаловажно - подчеркнет характер интерьера. В кресле нет угловатых деталей, за которые цеплялся бы глаз. Каждая деталь имеет плавные, округлые, приятные глазу формы. Дышащая структура обивки, и использование классических цветов так же способствует общей композиции невесомости и легкости. Однозначно Barsky Mesh придётся по нраву людям с хорошо развитым чувством вкуса. К тому же существует сразу несколько цветовых палитр исполнения кресла. Классическое черное кресло, черно-белое кресло, красно-черное, сине-белое, бело-зеленое и миниатюрный вариант в черном цвете. Благодаря такому подходу, можно смело интегрировать это кресло в любые дизайнерские решения как дома так и в офисе с соблюдением корпоративного стиля или создания нужных цветовых акцентов. Как пример, цветовые оттенки можно использовать в роли зонирования отделов. Анатомия кресла или его компоновка. Эталонная модель BM представлена с полноразмерной спинкой и подголовником. Тогда как модель BM-07 - является более миниатюрной, с уменьшенной по высоте спинкой, ориентировочно до лопаток сидящего, и без подголовника. Во всех моделях используются регулируемые по высоте подлокотники черного цвета, выполненные с немаркого, приятного на ощупь пластика. Основная часть обивки кресла - высококачественная сетка, которая не проседает и не растягивается даже после длительного использования, за счет вплетения специальных синтетических волокон, стойких к растяжению. Зоны использования сетки - спинка, и подголовник. В тоже время, в роли обивки сидения выступает ткань рогожка, которая демонстрирует высокие качества устойчивости к истиранию. Стойкость этой ткани к истиранию подтверждена тестами Мартиндейла. К тому же, эта ткань очень проста в чистке а также имеет высокие показатели аэрации. В роли наполнителя сидения выступает высококачественный пеноматериал. Вообще о посадке и свойствах сидения мы поговорим позже, когда речь будет идти о эргономике и ощущениях сидящего в это кресле. В роли основы или базы - выступает полиамидная крестовина с нейлоновыми нитями и усиленными ребрами жесткости для прочности. Спинка кресла выполнена из литого пластика с полиамидными ребрами жесткости. Регулировки кресла и общая эргономика. Barsky Mesh, как бы это не звучало странно на первый взгляд, это довольно жёсткое кресло. Ведь именно жесткость его - позволяет равномерно распределять вес сидящего по всей поверхности кресла, тем самым нейтрализуя так называемые горячие точки. Основными зонами распределения давления является спинка кресла, подголовник и сидение. В кресле реализована золотая середина, между комфортом сидящего и эргономическими свойствами. Спинка кресла имеет эргономичный изгиб в месте где у человека находится поясница. Поясничную поддержку в кресле можно регулировать как по высоте так и по степени выдавливаемости, что придётся очень кстати для людей с разным ростом и весом. Как мы писали, подлокотники кресла - регулируемые. Это позволит создать нужные точки поддержки для рук и избавиться от возможных заломов в области запястий при работе с клавиатурой и мышкой, тем самым нейтрализуя возможный карпальный синдром. Подголовник кресла можно отрегулировать в двух направлениях: по высоте, и по углу наклона. В Barsky Mesh также есть стандартный механизм качания и возможность регулировки пружины под вес сидящего. В завершении, последние штрихи Современная концепция кресел mesh делает их отличным выбором для крупных офисов и домашних рабочих мест. Качество этих кресел уже оценили такие банки как Таскомбанк и Monobank и тысячи украинцев. Гарантия 5 лет от Barsky. ]]>
</description>
<param name="Предназначение">для персонала</param>
<param name="Стиль">современный</param>
<param name="Местоположение">для офиса</param>
<param name="Особенности">с перфорацией</param>
<param name="Обивка">сетка</param>
<param name="Уровень жесткости">жесткие</param>
<param name="Основание">на колесах</param>
<param name="Крестовина">пластик</param>
<param name="Каркас">пластик</param>
<param name="Механизм качания">с механизмом качания</param>
<param name="Механизмы">tilt</param>
<param name="Особенности конструкции">с подголовником</param>
<param name="Оснащение">с вентиляцией</param>
<param name="Максимальный рост">180 см</param>
<param name="Сидение">с регулировкой сидения по высоте</param>
<param name="Ширина сидения, см">500х510 мм</param>
<param name="Спинка">с поддержкой поясницы</param>
<param name="Подлокотники">с регулировкой высоты</param>
<param name="Материал подлокотников">пластиковые</param>
<param name="Подголовник">с регулируемым подголовником</param>
<param name="Ролики">Пластиковые</param>
<param name="Размер">узкие</param>
<param name="Цвет">Синий</param>
<param name="Гарантия">5 лет</param>
<param name="Высота спинки, см">57</param>
</offer>
<offer id="64" available="false">
<name>Кресло Barsky Mesh White/Green BM-06</name>
<model>BM-06</model>
<url>
<![CDATA[ https://barsky.ua/kreslo_barsky_mesh_whitegreen_bm-06/ ]]>
</url>
<price>8500</price>
<currencyId>UAH</currencyId>
<categoryId>2</categoryId>
<picture>https://barsky.ua/image/catalog/kresla/BM-06/BM-06_475x600_A2.png</picture>
<picture>https://barsky.ua/image/catalog/kresla/BM-06/BM-06_7.jpg</picture>
<picture>https://barsky.ua/image/catalog/kresla/BM-06/BM-06_6.jpg</picture>
<picture>https://barsky.ua/image/catalog/kresla/BM-06/BM-06_5.jpg</picture>
<picture>https://barsky.ua/image/catalog/kresla/BM-06/BM-06_4.jpg</picture>
<picture>https://barsky.ua/image/catalog/kresla/BM-06/BM-06_3.jpg</picture>
<picture>https://barsky.ua/image/catalog/kresla/BM-06/BM-06_2.jpg</picture>
<picture>https://barsky.ua/image/catalog/kresla/BM-06/BM-06_1.jpg</picture>
<vendor>Barsky</vendor>
<stock_quantity>0</stock_quantity>
<description>
<![CDATA[ Описание кресла Barsky Mesh White/Green BM-06 для офиса: Недорогое сеточное кресло со всеми нужными регулировками. Яркая обивка из салатовой сетки станет ярким акцентом в интерьере. Возможности кресла: Спинка с естественным прогибом в пояснице, дополнительно настраивается поясничная поддержка. Подлокотники регулируются по высоте. Подголовник регулируется по росту пользователя и меняет угол наклона. Высота кресла регулируется газлифтом. В кресле есть механизм качания с фиксацией в верхней точке. Эта модель кресла - пример того, что недорогое кресло может быть эргономичным и максимально комфортным для пользователя. Кресло выполнено из белого пластика и ярко-зеленой сетки. Недорогое и надежное кресло подойдет для офиса, для дома или в детскую комнату. Эргономика в ультрасовременном дизайнерском исполнении. Пожалуй одним из самых популярных кресел в демократичном ценовом сегменте, являются кресла из семейства Barsky Mesh. Эти кресла пользуются спросом как у крупного бизнеса, так и у рядового обывателя. За счет высокой надежности, упора в эргономику и что немаловажно - ультра современному дизайну. Что же на самом деле из себя представляют кресла этой линейки из себя, сейчас мы и рассмотрим. Общий дизайн и компоновка Barsky Mesh, это сеточное кресло, которое лишено в своей конструкции массивных, громоздких деталей. За счет этого приема, оно не громоздкое, занимает минимум места и что немаловажно - подчеркнет характер интерьера. В кресле нет угловатых деталей, за которые цеплялся бы глаз. Каждая деталь имеет плавные, округлые, приятные глазу формы. Дышащая структура обивки, и использование классических цветов так же способствует общей композиции невесомости и легкости. Однозначно Barsky Mesh придётся по нраву людям с хорошо развитым чувством вкуса. К тому же существует сразу несколько цветовых палитр исполнения кресла. Классическое черное кресло, черно-белое кресло, красно-черное, сине-белое, бело-зеленое и миниатюрный вариант в черном цвете. Благодаря такому подходу, можно смело интегрировать это кресло в любые дизайнерские решения как дома так и в офисе с соблюдением корпоративного стиля или создания нужных цветовых акцентов. Как пример, цветовые оттенки можно использовать в роли зонирования отделов. Анатомия кресла или его компоновка. Эталонная модель BM представлена с полноразмерной спинкой и подголовником. Тогда как модель BM-07 - является более миниатюрной, с уменьшенной по высоте спинкой, ориентировочно до лопаток сидящего, и без подголовника. Во всех моделях используются регулируемые по высоте подлокотники черного цвета, выполненные с немаркого, приятного на ощупь пластика. Основная часть обивки кресла - высококачественная сетка, которая не проседает и не растягивается даже после длительного использования, за счет вплетения специальных синтетических волокон, стойких к растяжению. Зоны использования сетки - спинка, и подголовник. В тоже время, в роли обивки сидения выступает ткань рогожка, которая демонстрирует высокие качества устойчивости к истиранию. Стойкость этой ткани к истиранию подтверждена тестами Мартиндейла. К тому же, эта ткань очень проста в чистке а также имеет высокие показатели аэрации. В роли наполнителя сидения выступает высококачественный пеноматериал. Вообще о посадке и свойствах сидения мы поговорим позже, когда речь будет идти о эргономике и ощущениях сидящего в это кресле. В роли основы или базы - выступает полиамидная крестовина с нейлоновыми нитями и усиленными ребрами жесткости для прочности. Спинка кресла выполнена из литого пластика с полиамидными ребрами жесткости. Регулировки кресла и общая эргономика. Barsky Mesh, как бы это не звучало странно на первый взгляд, это довольно жёсткое кресло. Ведь именно жесткость его - позволяет равномерно распределять вес сидящего по всей поверхности кресла, тем самым нейтрализуя так называемые горячие точки. Основными зонами распределения давления является спинка кресла, подголовник и сидение. В кресле реализована золотая середина, между комфортом сидящего и эргономическими свойствами. Спинка кресла имеет эргономичный изгиб в месте где у человека находится поясница. Поясничную поддержку в кресле можно регулировать как по высоте так и по степени выдавливаемости, что придётся очень кстати для людей с разным ростом и весом. Как мы писали, подлокотники кресла - регулируемые. Это позволит создать нужные точки поддержки для рук и избавиться от возможных заломов в области запястий при работе с клавиатурой и мышкой, тем самым нейтрализуя возможный карпальный синдром. Подголовник кресла можно отрегулировать в двух направлениях: по высоте, и по углу наклона. В Barsky Mesh также есть стандартный механизм качания и возможность регулировки пружины под вес сидящего. В завершении, последние штрихи Современная концепция кресел mesh делает их отличным выбором для крупных офисов и домашних рабочих мест. Качество этих кресел уже оценили такие банки как Таскомбанк и Monobank и тысячи украинцев. Гарантия 5 лет от Barsky. ]]>
</description>
<param name="Предназначение">для персонала</param>
<param name="Стиль">современный</param>
<param name="Местоположение">для офиса</param>
<param name="Особенности">с перфорацией</param>
<param name="Обивка">сетка</param>
<param name="Уровень жесткости">жесткие</param>
<param name="Основание">на колесах</param>
<param name="Крестовина">пластик</param>
<param name="Каркас">пластик</param>
<param name="Механизм качания">с механизмом качания</param>
<param name="Механизмы">tilt</param>
<param name="Особенности конструкции">с подголовником</param>
<param name="Оснащение">с вентиляцией</param>
<param name="Максимальный рост">180 см</param>
<param name="Сидение">с регулировкой сидения по высоте</param>
<param name="Ширина сидения, см">50</param>
<param name="Спинка">с поддержкой поясницы</param>
<param name="Подлокотники">с регулировкой высоты</param>
<param name="Материал подлокотников">пластиковые</param>
<param name="Подголовник">с регулируемым подголовником</param>
<param name="Ролики">Пластиковые</param>
<param name="Размер">узкие</param>
<param name="Цвет">Зеленый</param>
<param name="Гарантия">5 лет</param>
<param name="Высота спинки, см">57</param>
</offer>
<offer id="66" available="true">
<name>Кресло Barsky Style Black BS-03</name>
<model>BS-03</model>
<url>
<![CDATA[ https://barsky.ua/kreslo_barsky_style_black_bs-03/ ]]>
</url>
<price>11500</price>
<currencyId>UAH</currencyId>
<categoryId>2</categoryId>
<picture>https://barsky.ua/image/catalog/kresla/BS-03/BS-03_475x600_A2.png</picture>
<picture>https://barsky.ua/image/catalog/kresla/BS-03/BS-03_8.jpg</picture>
<picture>https://barsky.ua/image/catalog/kresla/BS-03/BS-03_7.jpg</picture>
<picture>https://barsky.ua/image/catalog/kresla/BS-03/BS-03_6.jpg</picture>
<picture>https://barsky.ua/image/catalog/kresla/BS-03/BS-03_5.jpg</picture>
<picture>https://barsky.ua/image/catalog/kresla/BS-03/BS-03_4.jpg</picture>
<picture>https://barsky.ua/image/catalog/kresla/BS-03/BS-03_3.jpg</picture>
<picture>https://barsky.ua/image/catalog/kresla/BS-03/BS-03_2.jpg</picture>
<picture>https://barsky.ua/image/catalog/kresla/BS-03/BS-03_1.jpg</picture>
<vendor>Barsky</vendor>
<stock_quantity>5</stock_quantity>
<description>
<![CDATA[ Описание кресла с высоким подголовником Barsky Style Black BS-03 для персонала: Легкое сеточное кресло с толстым формованным сидением. Спинка, хорошо пропускает воздух и не парит. А сидение мягкое и не продавливается под весом сидящего. Модель с большим удобным подголовником. Подлокотники настраиваются по высоте и меняют угол наклона. Когда подлокотники повернуты под углом, удобно работать на ноутбуке или смартфоне. Форма спинки повторяет естественные прогибы спины, есть дополнительная поясничная поддержка. Синхромеханизм качания с фиксацией спинки позволит в этом кресле продуктивно работать и отдыхать. Надежная металлическая крестовина позволяет выдерживать больший вес. Сетка черного цвета хорошо сочетается с любой мебелью. В сочетании с подъемным столом получается технологичная рабочая станция. Благодаря минималистичному дизайну, кресло подойдет: для офиса, для кабинета для дома. ]]>
</description>
<param name="Предназначение">для переговоров</param>
<param name="Стиль">современный</param>
<param name="Местоположение">для офиса</param>
<param name="Особенности">с перфорацией</param>
<param name="Класс кресел">недорогие</param>
<param name="Тип">офисные</param>
<param name="Обивка">сетка</param>
<param name="Уровень жесткости">жесткие</param>
<param name="Основание">на колесах</param>
<param name="Крестовина">металл</param>
<param name="Каркас">пластик</param>
<param name="Механизм качания">с механизмом качания и фиксацией</param>
<param name="Механизмы">синхромеханизм</param>
<param name="Особенности конструкции">с подголовником</param>
<param name="Оснащение">с вентиляцией</param>
<param name="Максимальный рост">200 см</param>
<param name="Сидение">с сеткой</param>
<param name="Подлокотники">с регулировкой по уровню поворота</param>
<param name="Материал подлокотников">мягкие накладки</param>
<param name="Подголовник">с высоким подголовником</param>
<param name="Ролики">Обрезиненные</param>
<param name="Размер">узкие</param>
<param name="Цвет">Черный</param>
<param name="Гарантия">5 лет</param>
</offer>
<offer id="67" available="false">
<name>Кресло Barsky Style Brown BS-01</name>
<model>BS-01</model>
<url>
<![CDATA[ https://barsky.ua/kreslo_barsky_style_brown_bs-01/ ]]>
</url>
<price>11500</price>
<currencyId>UAH</currencyId>
<categoryId>2</categoryId>
<picture>https://barsky.ua/image/catalog/kresla/BS-01/BS-01_475x600-A2.jpg</picture>
<picture>https://barsky.ua/image/catalog/kresla/BS-01/BS-01_8.jpg</picture>
<picture>https://barsky.ua/image/catalog/kresla/BS-01/BS-01_7.jpg</picture>
<picture>https://barsky.ua/image/catalog/kresla/BS-01/BS-01_6.jpg</picture>
<picture>https://barsky.ua/image/catalog/kresla/BS-01/BS-01_5.jpg</picture>
<picture>https://barsky.ua/image/catalog/kresla/BS-01/BS-01_4.jpg</picture>
<picture>https://barsky.ua/image/catalog/kresla/BS-01/BS-01_3.jpg</picture>
<picture>https://barsky.ua/image/catalog/kresla/BS-01/BS-01_2.jpg</picture>
<picture>https://barsky.ua/image/catalog/kresla/BS-01/BS-01_1.jpg</picture>
<vendor>Barsky</vendor>
<stock_quantity>0</stock_quantity>
<description>
<![CDATA[ Описание кресла с высоким подголовником Barsky Style Brown BS-01 для персонала: Легкое сеточное кресло с толстым формованным сидением. Спинка, хорошо пропускает воздух и не парит. А сидение мягкое и не продавливается под весом сидящего. Модель с большим удобным подголовником. Подлокотники настраиваются по высоте и меняют угол наклона. Когда подлокотники повернуты под углом, удобно работать на ноутбуке или смартфоне. Форма спинки повторяет естественные прогибы спины, есть дополнительная поясничная поддержка. Синхромеханизм качания с фиксацией спинки позволит в этом кресле продуктивно работать и отдыхать. Надежная металлическая крестовина позволяет выдерживать больший вес. Сетка на спинке коричневого цвета, черного цвета хорошо сочетается с любой мебелью. В сочетании с подъемным столом получается технологичная рабочая станция. Благодаря минималистичному дизайну, кресло подойдет: для офиса, для кабинета для дома. ]]>
</description>
<param name="Предназначение">для переговоров</param>
<param name="Стиль">клаcсический</param>
<param name="Местоположение">для офиса</param>
<param name="Особенности">эргономические</param>
<param name="Класс кресел">недорогие</param>
<param name="Тип">офисные</param>
<param name="Обивка">сетка</param>
<param name="Уровень жесткости">мягкие</param>
<param name="Основание">на колесах</param>
<param name="Крестовина">металл</param>
<param name="Каркас">пластик</param>
<param name="Механизм качания">с механизмом качания и фиксацией</param>
<param name="Механизмы">синхромеханизм</param>
<param name="Особенности конструкции">с подголовником</param>
<param name="Оснащение">с вентиляцией</param>
<param name="Максимальный рост">180 см</param>
<param name="Сидение">с сеткой</param>
<param name="Ширина сидения, см">49</param>
<param name="Спинка">с высокой спинкой</param>
<param name="Подлокотники">с регулировкой по уровню поворота</param>
<param name="Материал подлокотников">мягкие накладки</param>
<param name="Подголовник">с высоким подголовником</param>
<param name="Ролики">Обрезиненные</param>
<param name="Размер">широкие</param>
<param name="Цвет">Коричневый</param>
<param name="Гарантия">5 лет</param>
<param name="Высота спинки, см">66</param>
</offer>
<offer id="68" available="false">
<name>Кресло Barsky Style Grey BS-02</name>
<model>BS-02</model>
<url>
<![CDATA[ https://barsky.ua/kreslo_barsky_style_grey_bs-02/ ]]>
</url>
<price>11500</price>
<currencyId>UAH</currencyId>
<categoryId>2</categoryId>
<picture>https://barsky.ua/image/catalog/kresla/BS-02/BS-02_475x600-A2.jpg</picture>
<picture>https://barsky.ua/image/catalog/kresla/BS-02/BS-02_7.jpg</picture>
<picture>https://barsky.ua/image/catalog/kresla/BS-02/BS-02_6.jpg</picture>
<picture>https://barsky.ua/image/catalog/kresla/BS-02/BS-02_5.jpg</picture>
<picture>https://barsky.ua/image/catalog/kresla/BS-02/BS-02_4.jpg</picture>
<picture>https://barsky.ua/image/catalog/kresla/BS-02/BS-02_3.jpg</picture>
<picture>https://barsky.ua/image/catalog/kresla/BS-02/BS-02_2.jpg</picture>
<picture>https://barsky.ua/image/catalog/kresla/BS-02/BS-02_1.jpg</picture>
<vendor>Barsky</vendor>
<stock_quantity>0</stock_quantity>
<description>
<![CDATA[ Описание кресла с высоким подголовником Barsky Style Grey BS-02 для персонала: Легкое сеточное кресло с толстым формованным сидением. Спинка, хорошо пропускает воздух и не парит. А сидение мягкое и не продавливается под весом сидящего. Модель с большим удобным подголовником. Подлокотники настраиваются по высоте и меняют угол наклона. Когда подлокотники повернуты под углом, удобно работать на ноутбуке или смартфоне. Форма спинки повторяет естественные прогибы спины, есть дополнительная поясничная поддержка. Синхромеханизм качания с фиксацией спинки позволит в этом кресле продуктивно работать и отдыхать. Надежная металлическая крестовина позволяет выдерживать больший вес. Сетка на спинке серого черного цвета, на сидении черного. Хорошо сочетается с любой мебелью. В сочетании с подъемным столом получается технологичная рабочая станция. Благодаря минималистичному дизайну, кресло подойдет: для офиса, для кабинета для дома. ]]>
</description>
<param name="Предназначение">для переговоров</param>
<param name="Стиль">клаcсический</param>
<param name="Местоположение">для офиса</param>
<param name="Особенности">эргономические</param>
<param name="Обивка">сетка</param>
<param name="Уровень жесткости">мягкие</param>
<param name="Основание">на колесах</param>
<param name="Крестовина">металл</param>
<param name="Каркас">пластик</param>
<param name="Механизм качания">без механизма качания</param>
<param name="Механизмы">синхромеханизм</param>
<param name="Особенности конструкции">с подголовником</param>
<param name="Оснащение">с вентиляцией</param>
<param name="Максимальный рост">180 см</param>
<param name="Сидение">с регулировкой угла наклона</param>
<param name="Ширина сидения, см">500х550 мм</param>
<param name="Спинка">с откидной спинкой</param>
<param name="Подлокотники">с регулировкой высоты</param>
<param name="Материал подлокотников">мягкие накладки</param>
<param name="Подголовник">с высоким подголовником</param>
<param name="Ролики">Обрезиненные</param>
<param name="Размер">широкие</param>
<param name="Цвет">Серый</param>
<param name="Гарантия">5 лет</param>
<param name="Высота спинки, см">82</param>
</offer>
<offer id="69" available="true">
<name>Кресло Barsky Team Black/Grey TBG-01</name>
<model>TBG-01</model>
<url>
<![CDATA[ https://barsky.ua/kreslo_barsky_team_blackgrey_tbg-01/ ]]>
</url>
<price>8149</price>
<oldprice>9500</oldprice>
<currencyId>UAH</currencyId>
<categoryId>2</categoryId>
<picture>https://barsky.ua/image/catalog/kresla/TBG-01/TBG-01_475x600_A1.png</picture>
<picture>https://barsky.ua/image/catalog/kresla/TBG-01/TBG-01_6.jpg</picture>
<picture>https://barsky.ua/image/catalog/kresla/TBG-01/TBG-01_5.jpg</picture>
<picture>https://barsky.ua/image/catalog/kresla/TBG-01/TBG-01_4.jpg</picture>
<picture>https://barsky.ua/image/catalog/kresla/TBG-01/TBG-01_3.jpg</picture>
<picture>https://barsky.ua/image/catalog/kresla/TBG-01/TBG-01_2.jpg</picture>
<picture>https://barsky.ua/image/catalog/kresla/TBG-01/TBG-01_1.jpg</picture>
<vendor>Barsky</vendor>
<stock_quantity>50</stock_quantity>
<description>
<![CDATA[ Описание кресла с динамической поддержкой поясницы Barsky Team Black/Grey TBG-01: Сеточное кресло Team - недорогой вариант для дома или офиса с правильной поясничной поддержкой. Главное преимущество кресла это подвижная спинка в поясничном отделе. Спинка состоит из двух частей. Внешняя статическая, внутренняя закреплена на пружине. Такая конструкция позволяет подстраиваться под положение сидящего и в то же время мягко поддерживать. Амортизатор на спинке дает возможность равномерно распределить нагрузку на нижнюю часть спины. Другие важные характеристики: Сидение мягкое и просторное. Обивка - дышащая сетка. Подголовник мягкий и выдвинут вперед для удобства. Высота регулируется газлифтом. Синхромеханизм меняет угол наклона пропорционально сидению. Угол наклона фиксируется. Подлокотники регулируются по высоте. Недорогое эргономичное кресло, которое заботится о вашей спине. Подойдет для удаленной работы, фриланса, учебы или работы в офисе. ]]>
</description>
<param name="Предназначение">для персонала</param>
<param name="Стиль">современный</param>
<param name="Местоположение">для офиса</param>
<param name="Особенности">эргономические</param>
<param name="Класс кресел">недорогие</param>
<param name="Тип">офисные</param>
<param name="Обивка">сетка</param>
<param name="Уровень жесткости">жесткие</param>
<param name="Основание">на колесах</param>
<param name="Крестовина">пластик</param>
<param name="Каркас">пластик</param>
<param name="Механизм качания">с механизмом качания и фиксация</param>
<param name="Механизмы">синхромеханизм</param>
<param name="Особенности конструкции">с подголовником</param>
<param name="Оснащение">с вентиляцией</param>
<param name="Максимальный рост">180 см</param>
<param name="Сидение">с сеткой</param>
<param name="Ширина сидения, см">52</param>
<param name="Спинка">с поддержкой поясницы</param>
<param name="Подлокотники">с регулировкой высоты</param>
<param name="Материал подлокотников">пластиковые</param>
<param name="Подголовник">с высоким подголовником</param>
<param name="Ролики">Обрезиненные</param>
<param name="Размер">узкие</param>
<param name="Цвет">Черный</param>
<param name="Гарантия">5 лет</param>
<param name="Высота спинки, см">60</param>
</offer>
<offer id="72" available="false">
<name>Кресло VR Cyberpunk Black Military Fibra CYB-01</name>
<model>CYB-01</model>
<url>
<![CDATA[ https://barsky.ua/krislo_vr_cyberpunk_black_military_fibra_cyb-01/ ]]>
</url>
<price>8850</price>
<currencyId>UAH</currencyId>
<categoryId>2</categoryId>
<picture>https://barsky.ua/image/catalog/kresla/CYB-01/CYB-01_475x600_A2.png</picture>
<picture>https://barsky.ua/image/catalog/kresla/CYB-01/CYB-01_6.jpg</picture>
<picture>https://barsky.ua/image/catalog/kresla/CYB-01/CYB-01_5.jpg</picture>
<picture>https://barsky.ua/image/catalog/kresla/CYB-01/CYB-01_4.jpg</picture>
<picture>https://barsky.ua/image/catalog/kresla/CYB-01/CYB-01_3.jpg</picture>
<picture>https://barsky.ua/image/catalog/kresla/CYB-01/CYB-01_2.jpg</picture>
<picture>https://barsky.ua/image/catalog/kresla/CYB-01/CYB-01_1.jpg</picture>
<vendor>Barsky</vendor>
<stock_quantity>0</stock_quantity>
<description>
<![CDATA[ Текст ]]>
</description>
<param name="Предназначение">для киберспорта</param>
<param name="Стиль">спортивный</param>
<param name="Местоположение">для дома</param>
<param name="Особенности">гоночные</param>
<param name="Класс кресел">недорогие</param>
<param name="Тип">игровые</param>
<param name="Обивка">ткань</param>
<param name="Уровень жесткости">жесткие</param>
<param name="Основание">на колесах</param>
<param name="Крестовина">пластик</param>
<param name="Каркас">пластик</param>
<param name="Механизм качания">с механизмом качания</param>
<param name="Механизмы">с механизмом трансформации</param>
<param name="Особенности конструкции">с регулировкой высоты</param>
<param name="Оснащение">с поясничной подушкой</param>
<param name="Максимальный рост">190 см</param>
<param name="Сидение">с регулировкой сидения по высоте</param>
<param name="Спинка">с регулировкой высоты поясничной подушки</param>
<param name="Подлокотники">с регулировкой высоты</param>
<param name="Материал подлокотников">пластиковые</param>
<param name="Подголовник">с высоким подголовником</param>
<param name="Ролики">Обрезиненные</param>
<param name="Размер">широкие</param>
<param name="Цвет">Серый</param>
<param name="Гарантия">5 лет</param>
</offer>
<offer id="73" available="false">
<name>Кресло VR Cyberpunk Blue Soft Armor CYB-02</name>
<model>CYB-02</model>
<url>
<![CDATA[ https://barsky.ua/kreslo_vr_cyberpunk_blue_soft_armor_cyb-02/ ]]>
</url>
<price>8850</price>
<currencyId>UAH</currencyId>
<categoryId>2</categoryId>
<picture>https://barsky.ua/image/catalog/kresla/CYB-02/CYB-02_475x600_A2.png</picture>
<picture>https://barsky.ua/image/catalog/kresla/CYB-02/CYB-02_7.jpg</picture>
<picture>https://barsky.ua/image/catalog/kresla/CYB-02/CYB-02_6.jpg</picture>
<picture>https://barsky.ua/image/catalog/kresla/CYB-02/CYB-02_5.jpg</picture>
<picture>https://barsky.ua/image/catalog/kresla/CYB-02/CYB-02_4.jpg</picture>
<picture>https://barsky.ua/image/catalog/kresla/CYB-02/CYB-02_3.jpg</picture>
<picture>https://barsky.ua/image/catalog/kresla/CYB-02/CYB-02_2.jpg</picture>
<picture>https://barsky.ua/image/catalog/kresla/CYB-02/CYB-02_1.jpg</picture>
<vendor>Barsky</vendor>
<stock_quantity>0</stock_quantity>
<description>
<![CDATA[ Текст ]]>
</description>
<param name="Предназначение">для киберспорта</param>
<param name="Стиль">спортивный</param>
<param name="Местоположение">для дома</param>
<param name="Особенности">гоночные</param>
<param name="Класс кресел">недорогие</param>
<param name="Тип">игровые</param>
<param name="Обивка">экокожа</param>
<param name="Уровень жесткости">жесткие</param>
<param name="Основание">на колесах</param>
<param name="Крестовина">пластик</param>
<param name="Каркас">пластик</param>
<param name="Механизм качания">с механизмом качания</param>
<param name="Механизмы">с механизмом трансформации</param>
<param name="Особенности конструкции">спинка откидывается на 180°</param>
<param name="Оснащение">с поясничной подушкой</param>
<param name="Максимальный рост">190 см</param>
<param name="Сидение">с регулировкой сидения по высоте</param>
<param name="Спинка">с регулировкой высоты поясничной подушки</param>
<param name="Подлокотники">с регулировкой высоты</param>
<param name="Материал подлокотников">пластиковые</param>
<param name="Подголовник">с высоким подголовником</param>
<param name="Ролики">Обрезиненные</param>
<param name="Размер">широкие</param>
<param name="Цвет">Черный/синий</param>
<param name="Гарантия">5 лет</param>
</offer>
<offer id="74" available="false">
<name>Кресло VR Cyberpunk Red Antistres CYB-03</name>
<model>CYB-03</model>
<url>
<![CDATA[ https://barsky.ua/kreslo_vr_cyberpunk_red_antistres_cyb-03/ ]]>
</url>
<price>8850</price>
<currencyId>UAH</currencyId>
<categoryId>2</categoryId>
<picture>https://barsky.ua/image/catalog/kresla/CYB-03/CYB-03_475x600_A2.png</picture>
<picture>https://barsky.ua/image/catalog/kresla/CYB-03/CYB-03_7.jpg</picture>
<picture>https://barsky.ua/image/catalog/kresla/CYB-03/CYB-03_6.jpg</picture>
<picture>https://barsky.ua/image/catalog/kresla/CYB-03/CYB-03_5.jpg</picture>
<picture>https://barsky.ua/image/catalog/kresla/CYB-03/CYB-03_4.jpg</picture>
<picture>https://barsky.ua/image/catalog/kresla/CYB-03/CYB-03_3.jpg</picture>
<picture>https://barsky.ua/image/catalog/kresla/CYB-03/CYB-03_2.jpg</picture>
<picture>https://barsky.ua/image/catalog/kresla/CYB-03/CYB-03_1.jpg</picture>
<vendor>Barsky</vendor>
<stock_quantity>0</stock_quantity>
<description>
<![CDATA[ Текст ]]>
</description>
<param name="Предназначение">для киберспорта</param>
<param name="Стиль">спортивный</param>
<param name="Местоположение">для дома</param>
<param name="Особенности">гоночные</param>
<param name="Класс кресел">недорогие</param>
<param name="Тип">игровые</param>
<param name="Обивка">экокожа</param>
<param name="Уровень жесткости">жесткие</param>
<param name="Основание">на колесах</param>
<param name="Крестовина">пластик</param>
<param name="Каркас">пластик</param>
<param name="Механизм качания">с механизмом качания</param>
<param name="Механизмы">с механизмом трансформации</param>
<param name="Особенности конструкции">спинка откидывается на 180°</param>
<param name="Оснащение">с поясничной подушкой</param>
<param name="Максимальный рост">190 см</param>
<param name="Сидение">с регулировкой сидения по высоте</param>
<param name="Спинка">с регулировкой высоты поясничной подушки</param>
<param name="Материал подлокотников">пластиковые</param>
<param name="Подголовник">с высоким подголовником</param>
<param name="Ролики">Обрезиненные</param>
<param name="Размер">широкие</param>
<param name="Цвет">Черный/красный</param>
<param name="Гарантия">5 лет</param>
</offer>
<offer id="75" available="false">
<name>Кресло VR Cyberpunk White Soft Armor CYB-04</name>
<model>CYB-04</model>
<url>
<![CDATA[ https://barsky.ua/kreslo_vr_cyberpunk_white_soft_armor_cyb-04/ ]]>
</url>
<price>8850</price>
<currencyId>UAH</currencyId>
<categoryId>2</categoryId>
<picture>https://barsky.ua/image/catalog/kresla/CYB-04/CYB-04_475x600_A2.png</picture>
<picture>https://barsky.ua/image/catalog/kresla/CYB-04/CYB-04_7.jpg</picture>
<picture>https://barsky.ua/image/catalog/kresla/CYB-04/CYB-04_6.jpg</picture>
<picture>https://barsky.ua/image/catalog/kresla/CYB-04/CYB-04_5.jpg</picture>
<picture>https://barsky.ua/image/catalog/kresla/CYB-04/CYB-04_4.jpg</picture>
<picture>https://barsky.ua/image/catalog/kresla/CYB-04/CYB-04_3.jpg</picture>
<picture>https://barsky.ua/image/catalog/kresla/CYB-04/CYB-04_2.jpg</picture>
<picture>https://barsky.ua/image/catalog/kresla/CYB-04/CYB-04_1.jpg</picture>
<vendor>Barsky</vendor>
<stock_quantity>0</stock_quantity>
<description>
<![CDATA[ Текст ]]>
</description>
<param name="Предназначение">для киберспорта</param>
<param name="Стиль">спортивный</param>
<param name="Местоположение">для дома</param>
<param name="Особенности">гоночные</param>
<param name="Класс кресел">недорогие</param>
<param name="Тип">игровые</param>
<param name="Обивка">экокожа</param>
<param name="Уровень жесткости">жесткие</param>
<param name="Основание">на колесах</param>
<param name="Крестовина">пластик</param>
<param name="Каркас">пластик</param>
<param name="Механизм качания">с механизмом качания</param>
<param name="Механизмы">с механизмом трансформации</param>
<param name="Особенности конструкции">спинка откидывается на 180°</param>
<param name="Оснащение">с поясничной подушкой</param>
<param name="Максимальный рост">190 см</param>
<param name="Сидение">с регулировкой сидения по высоте</param>
<param name="Спинка">с регулировкой высоты поясничной подушки</param>
<param name="Подлокотники">с регулировкой высоты</param>
<param name="Материал подлокотников">пластиковые</param>
<param name="Подголовник">с высоким подголовником</param>
<param name="Ролики">Обрезиненные</param>
<param name="Размер">широкие</param>
<param name="Цвет">Черный/белый</param>
<param name="Гарантия">5 лет</param>
</offer>
<offer id="76" available="true">
<name>Кресло геймерское Barsky Sportdrive Game Black SD-09</name>
<model>SD-09</model>
<url>
<![CDATA[ https://barsky.ua/kreslo_geymerskoe_barsky_sportdrive_game_black_sd-09/ ]]>
</url>
<price>6499</price>
<oldprice>8500</oldprice>
<currencyId>UAH</currencyId>
<categoryId>2</categoryId>
<picture>https://barsky.ua/image/catalog/kresla/SD-09/SD-09_475x600_A1.png</picture>
<picture>https://barsky.ua/image/catalog/kresla/SD-09/SD-09_6.jpg</picture>
<picture>https://barsky.ua/image/catalog/kresla/SD-09/SD-09_5.jpg</picture>
<picture>https://barsky.ua/image/catalog/kresla/SD-09/SD-09_4.jpg</picture>
<picture>https://barsky.ua/image/catalog/kresla/SD-09/SD-09_3.jpg</picture>
<picture>https://barsky.ua/image/catalog/kresla/SD-09/SD-09_2.jpg</picture>
<picture>https://barsky.ua/image/catalog/kresla/SD-09/SD-09_1.jpg</picture>
<vendor>Barsky</vendor>
<stock_quantity>100</stock_quantity>
<description>
<![CDATA[ Описание геймерского кресла Barsky Sportdrive Game Black SD-09: Недорогое кресло для геймеров со всеми нужными регулировками и дизайном имитирующим сидение гоночного автомобиля. Обивка из экокожи черного цвета. Есть регулируемая шейная и поясничная поддержка. Спинка откидывается в горизонтальное положение и фиксируется в любом положении. Сидение и подлокотники регулируются по высоте и подстраиваются по росту сидящего. Эта модель представлена в следующих цветовых решениях: полностью черное, с красными вставками, и салатовыми вставками. Кресло подойдет для взрослых и подростков. В сочетании с геймерским столом можно приобрести готовую игровую станцию со скидкой 10%! ]]>
</description>
<param name="Предназначение">для киберспорта</param>
<param name="Стиль">спортивный</param>
<param name="Местоположение">для дома</param>
<param name="Особенности">гоночные</param>
<param name="Обивка">экокожа</param>
<param name="Уровень жесткости">жесткие</param>
<param name="Основание">на колесах</param>
<param name="Крестовина">пластик</param>
<param name="Каркас">пластик</param>
<param name="Механизм качания">с механизмом качания и фиксацией</param>
<param name="Механизмы">с механизмом трансформации</param>
<param name="Особенности конструкции">спинка откидывается на 180°</param>
<param name="Оснащение">с поясничной подушкой</param>
<param name="Максимальный рост">180 см</param>
<param name="Сидение">с регулировкой угла наклона</param>
<param name="Ширина сидения, см">480х530 мм</param>
<param name="Спинка">с откидной спинкой</param>
<param name="Подлокотники">с регулировкой высоты</param>
<param name="Материал подлокотников">пластиковые</param>
<param name="Подголовник">без подголовника</param>
<param name="Ролики">пластиковые</param>
<param name="Размер">широкие</param>
<param name="Цвет">Черный</param>
<param name="Гарантия">5 лет</param>
<param name="Высота спинки, см">80</param>
</offer>
<offer id="78" available="true">
<name>Кресло геймерское Barsky Sportdrive Game SD-13</name>
<model>SD-13</model>
<url>
<![CDATA[ https://barsky.ua/kreslo_geymerskoe_barsky_sportdrive_game_sd-13/ ]]>
</url>
<price>6399</price>
<oldprice>8500</oldprice>
<currencyId>UAH</currencyId>
<categoryId>2</categoryId>
<picture>https://barsky.ua/image/catalog/kresla/SD-13/SD-13_475x600_A1.png</picture>
<picture>https://barsky.ua/image/catalog/kresla/SD-13/SD-13_4.jpg</picture>
<picture>https://barsky.ua/image/catalog/kresla/SD-13/SD-13_3.jpg</picture>
<picture>https://barsky.ua/image/catalog/kresla/SD-13/SD-13_2.jpg</picture>
<picture>https://barsky.ua/image/catalog/kresla/SD-13/SD-13_1.jpg</picture>
<vendor>Barsky</vendor>
<stock_quantity>96</stock_quantity>
<description>
<![CDATA[ Описание геймерского кресла Barsky Sportdrive Game SD-13: Недорогое кресло для геймеров со всеми нужными регулировками и дизайном имитирующим сидение гоночного автомобиля. Обивка из экокожи черного цвета с красными вставками и колесами в цвет. Есть регулируемая шейная и поясничная поддержка. Спинка откидывается в горизонтальное положение и фиксируется в любой позиции. Сидение и подлокотники регулируются по высоте и подстраиваются по росту сидящего. Эта модель представлена в следующих цветовых решениях: полностью черное, с красными вставками, и салатовыми вставками. Кресло подойдет для взрослых и подростков. В сочетании с геймерским столом можно приобрести готовую игровую станцию со скидкой 10%! Прогрессивное кресло для вашего дома Наверняка, многие хотели бы приобрести себе домой настоящее геймерское кресло, при этом, сэкономив семейный бюджет. При этом, получить что-то стоящее. именно такими креслами и являются кресла SD с маркировкой 9,10,13. Что же выделяет эти кресла среди конкурирующих моделей, сейчас мы и рассмотрим. Эргономика и дизайн для геймера Кресло Sport Drive 09,10,13 модели, это не псевдо концепт, а состоявшаяся модель, которая пользуется заслуженным вниманием у пользователей. В первую очередь, обращает на себя внимание - взвешенный, уже узнаваемый геймерский стиль кресла. Усовершенствованная, V-образная, регулируемая подушка для шейного отдела.Округлые, плавные формы, выраженные эргономические детали, всё это, объединено в SD с очевидной целью, создать эргономически удобное и при этом, действительно прогрессивное кресло в современном дизайнерском стиле. Выраженная боковая поддержка на спинке кресла с боковой поддержкой на сидении, формируют своего рода, эрго -экзоскелет, который стимулирует сидящего человека, сидеть прямо, не искривляя позвоночник. К тому же, Sport Drive оснащены специальными, эргономичными регулируемыми подушками. Массивной подушкой в районе поясницы, и подушкой в шейно-головном отделе. Это позволяет унифицировать кресло для людей с разным ростом и разными предпочтениями в плане эрго поддержки позвоночного столба. Благодаря этим решениям, за компьютером сидя, можно провести не один час к ряду, без особых, негативных эффектов для здоровья и самочувствия. К слову, родителям, которые пекутся об осанке своего ребенка, данное кресло идеально подойдёт, ведь помимо того, что оно понравится ребенку, Sport Drive также позаботиться о правильном расположении ребенка во время занятий или игры за компьютером. Регулировки кресла, на каждый день и под любые задачи Сильной стороной геймерских кресел, являются не только их эргономические качества, но также и высокий уровень адаптивности под сидящего и под положение человека. Sport Drive это полноценное, кастомизируемое кресло. Можно отрегулировать кресло не только по высоте, что стало уже стандартным абсолютно для всех кресел на рынке. Но также отрегулировать подлокотники по высоте, что особо удобно для работы с клавиатурой и мышкой, а также правильного расположения конечностей во время письма. К тому же, возможность регулировки угла наклона спинки, позволяет выбрать оптимальный угол для положения тела. Эта особенность позволяет креслу быть идеальным вариантом как для работы так и отдыха. Встроенная же система качания, позволит снять нервное напряжение во время игровых сессий. На кого рассчитано кресло Sport Drive 09,10,13? Эти кресла - идеальный вариант как для подростка, так и для взрослых, зрелых мужчин. И здесь вопрос даже не ав адаптивности кресла, хотя конечно, она играет большую роль. Здесь вопрос в габаритах. Широко разнесенные подлокотники, не будут сковывать и ограничивать сидящего человека. При этом, данный подход позволит чувствовать себя в комфортно людям совершенно разной комплекции. Широкое и в тоже время глубокое сидение кресла, позволяет прочувствовать, что такое действительно глубокая посадка. Кресло выдердерживает статическую и динамическую нагрузку до 120 кг и ориентировано на рост человека до 180 см. Завершающие штрихи Sport Drive выпускается сразу в нескольких цветовых гаммах, это классический, сдержанный черный цвет , красно-черный и черно-зеленый. Благодаря этим цветовым гаммам, кресло идеально впишется как в современный интерьер, так и в классическую обстановку детской комнаты. На прочной крестовине, также присутствуют в основной тон кресла - антискользящие накладки для ног, которые позаботятся о первозданном виде крестовины и главное о комфортном расположении ног на ней. ]]>
</description>
<param name="Предназначение">для киберспорта</param>
<param name="Стиль">спортивный</param>
<param name="Местоположение">для дома</param>
<param name="Особенности">гоночные</param>
<param name="Класс кресел">недорогие</param>
<param name="Тип">игровые</param>
<param name="Обивка">экокожа</param>
<param name="Уровень жесткости">жесткие</param>
<param name="Основание">на колесах</param>
<param name="Крестовина">пластик</param>
<param name="Каркас">пластик</param>
<param name="Механизм качания">с механизмом качания и фиксацией</param>
<param name="Механизмы">с механизмом трансформации</param>
<param name="Особенности конструкции">спинка откидывается на 180°</param>
<param name="Оснащение">с поясничной подушкой</param>
<param name="Максимальный рост">180 см</param>
<param name="Сидение">с регулировкой угла наклона</param>
<param name="Ширина сидения, см">53</param>
<param name="Спинка">с откидной спинкой</param>
<param name="Подлокотники">с регулировкой высоты</param>
<param name="Материал подлокотников">пластиковые</param>
<param name="Подголовник">без подголовника</param>
<param name="Ролики">Пластиковые</param>
<param name="Размер">широкие</param>
<param name="Цвет">Черный/красный</param>
<param name="Гарантия">5 лет</param>
<param name="Высота спинки, см">80</param>
</offer>
<offer id="79" available="false">
<name>Кресло геймерское VR Black Widow SD-29</name>
<model>SD-29</model>
<url>
<![CDATA[ https://barsky.ua/kreslo_gaymerskoe_vr_black_widow_sd-29/ ]]>
</url>
<price>11500</price>
<currencyId>UAH</currencyId>
<categoryId>2</categoryId>
<picture>https://barsky.ua/image/catalog/kresla/SD-29/SD-29_475x600_A2.png</picture>
<picture>https://barsky.ua/image/catalog/kresla/SD-29/SD-29_8.jpg</picture>
<picture>https://barsky.ua/image/catalog/kresla/SD-29/SD-29_7.jpg</picture>
<picture>https://barsky.ua/image/catalog/kresla/SD-29/SD-29_6.jpg</picture>
<picture>https://barsky.ua/image/catalog/kresla/SD-29/SD-29_5.jpg</picture>
<picture>https://barsky.ua/image/catalog/kresla/SD-29/SD-29_4.jpg</picture>
<picture>https://barsky.ua/image/catalog/kresla/SD-29/SD-29_3.jpg</picture>
<picture>https://barsky.ua/image/catalog/kresla/SD-29/SD-29_2.jpg</picture>
<picture>https://barsky.ua/image/catalog/kresla/SD-29/SD-29_1.jpg</picture>
<vendor>Barsky</vendor>
<stock_quantity>0</stock_quantity>
<description>
<![CDATA[ Описание геймерского кресла VR Black Widow SD-29: Однотонное черное кресло в геймерском стиле для любителей компьютерных игр и спортивного стиля. Обивка из экокожи черного цвета и фигурная спинка делают дизайн брутальным. Кроме необычного дизайна в кресле предусмотрена: Регулируемая поясничная поддержка. Отверстия в спинке позволяют регулировать поясничную подушку по высоте. В кресле есть механизм качания с фиксацией. Позволяет расслабиться после игры или работы и покачаться в кресле. Высота регулируется газлифтом. Настраивается по росту пользователя. Подлокотники настраиваются по высоте для удобства работы за любым столом. Кресло подойдет для подростков и взрослых. У модели высокий мягкий подголовник, который выполняет функцию подушки. В кресле удобно работать, играть или посмотреть любимый сериал. ]]>
</description>
<param name="Предназначение">для киберспорта</param>
<param name="Стиль">спортивный</param>
<param name="Местоположение">для дома</param>
<param name="Особенности">гоночные</param>
<param name="Обивка">экокожа</param>
<param name="Уровень жесткости">жесткие</param>
<param name="Основание">на колесах</param>
<param name="Крестовина">пластик</param>
<param name="Каркас">пластик</param>
<param name="Механизм качания">с механизмом качания</param>
<param name="Механизмы">синхромеханизм</param>
<param name="Особенности конструкции">с регулировкой высоты</param>
<param name="Оснащение">с поясничной подушкой</param>
<param name="Максимальный рост">190 см</param>
<param name="Сидение">с регулировкой сидения по высоте</param>
<param name="Ширина сидения, см">56</param>
<param name="Спинка">с регулировкой высоты поясничной подушки</param>
<param name="Подлокотники">с регулировкой высоты</param>
<param name="Материал подлокотников">пластиковые</param>
<param name="Подголовник">без подголовника</param>
<param name="Ролики">обрезиненные</param>
<param name="Размер">широкие</param>
<param name="Цвет">Черный</param>
<param name="Гарантия">5 лет</param>
<param name="Высота спинки, см">83</param>
</offer>
<offer id="80" available="false">
<name>Кресло геймерское VR Sportdrive Game Black SD-30</name>
<model>SD-30</model>
<url>
<![CDATA[ https://barsky.ua/kreslo_geymerskoe_vr_sportdrive_game_black_sd-30/ ]]>
</url>
<price>8500</price>
<currencyId>UAH</currencyId>
<categoryId>2</categoryId>
<picture>https://barsky.ua/image/catalog/kresla/SD-30/SD-30_475x600_A1.png</picture>
<picture>https://barsky.ua/image/catalog/kresla/SD-30/SD-30_7.jpg</picture>
<picture>https://barsky.ua/image/catalog/kresla/SD-30/SD-30_6.jpg</picture>
<picture>https://barsky.ua/image/catalog/kresla/SD-30/SD-30_5.jpg</picture>
<picture>https://barsky.ua/image/catalog/kresla/SD-30/SD-30_4.jpg</picture>
<picture>https://barsky.ua/image/catalog/kresla/SD-30/SD-30_3.jpg</picture>
<picture>https://barsky.ua/image/catalog/kresla/SD-30/SD-30_2.jpg</picture>
<picture>https://barsky.ua/image/catalog/kresla/SD-30/SD-30_1.jpg</picture>
<vendor>Barsky</vendor>
<stock_quantity>0</stock_quantity>
<description>
<![CDATA[ Описание геймерского кресла VR Sportdrive Game Black SD-30: Игровое кресло черного цвета с сидением в форме ковша. Такое сидение часто используется в геймерских креслах, оказывает боковую поддержку и &quot;обнимает&quot; со всех сторон. Дизайн минималистичный, но в духе геймерской атмосферы. Обивка из однотонной экокожи. Подойдет под любую мебель и интерьер. Есть подушка для шеи и поясницы. Обе подушки снимаются и регулируются по высоте. Именно в этом кресле шейная подушка в форме полумесяца, ее можно повернуть любой стороной для поддержки шейного отдела. Спинка откидывается на 180 и фиксируется в любом положении. Высота регулируется газлифтом, подлокотники настраиваются по росту пользователя. Преимущества геймерского кресла: ощущение уюта легко ухаживать гибкие регулировки Кресло подойдет для игры, работы или учебы. Вместе с геймерским столов образует геймерский комплект в едином стиле. ]]>
</description>
<param name="Предназначение">для киберспорта</param>
<param name="Стиль">спортивный</param>
<param name="Местоположение">для дома</param>
<param name="Особенности">гоночные</param>
<param name="Класс кресел">недорогие</param>
<param name="Тип">игровые</param>
<param name="Обивка">экокожа</param>
<param name="Уровень жесткости">жесткие</param>
<param name="Основание">на колесах</param>
<param name="Крестовина">пластик</param>
<param name="Каркас">пластик</param>
<param name="Механизм качания">с механизмом качания и фиксацией</param>
<param name="Механизмы">с механизмом трансформации</param>
<param name="Особенности конструкции">спинка откидывается на 180°</param>
<param name="Оснащение">с поясничной подушкой</param>
<param name="Максимальный рост">170 см</param>
<param name="Сидение">с регулировкой сидения по высоте</param>
<param name="Ширина сидения, см">490х530 мм</param>
<param name="Спинка">с откидной спинкой</param>
<param name="Подлокотники">с регулировкой высоты</param>
<param name="Материал подлокотников">мягкие накладки</param>
<param name="Подголовник">с высоким подголовником</param>
<param name="Ролики">Пластиковые</param>
<param name="Размер">широкие</param>
<param name="Цвет">Черный</param>
<param name="Гарантия">5 лет</param>
<param name="Высота спинки, см">82</param>
</offer>
<offer id="81" available="false">
<name>Кресло геймерское VR Sportdrive Game Green SD-31</name>
<model>SD-31</model>
<url>
<![CDATA[ https://barsky.ua/kreslo_geymerskoe_vr_sportdrive_game_green_sd-31/ ]]>
</url>
<price>8500</price>
<currencyId>UAH</currencyId>
<categoryId>2</categoryId>
<picture>https://barsky.ua/image/catalog/kresla/SD-31/SD-31_475x600_A1.png</picture>
<picture>https://barsky.ua/image/catalog/kresla/SD-31/SD-31_6.jpg</picture>
<picture>https://barsky.ua/image/catalog/kresla/SD-31/SD-31_5.jpg</picture>
<picture>https://barsky.ua/image/catalog/kresla/SD-31/SD-31_4.jpg</picture>
<picture>https://barsky.ua/image/catalog/kresla/SD-31/SD-31_3.jpg</picture>
<picture>https://barsky.ua/image/catalog/kresla/SD-31/SD-31_2.jpg</picture>
<picture>https://barsky.ua/image/catalog/kresla/SD-31/SD-31_1.jpg</picture>
<vendor>Barsky</vendor>
<stock_quantity>0</stock_quantity>
<description>
<![CDATA[ Описание геймерского кресла VR Sportdrive Game Green SD-31: Игровое кресло черного цвета с салатовыми вставками. Сидение в форме ковша. Такое сидение часто используется в геймерских креслах, оказывает боковую поддержку и &quot;обнимает&quot; со всех сторон. Дизайн яркий, в духе геймерской атмосферы. Обивка из экокожи. В интерьере хорошо сочетается со столами в игровом стиле. Есть подушка для шеи и поясницы. Обе подушки снимаются и регулируются по высоте. Именно в этом кресле шейная подушка в форме полумесяца, ее можно повернуть любой стороной для поддержки шейного отдела. Спинка откидывается на 180 и фиксируется в любом положении. Высота регулируется газлифтом, подлокотники настраиваются по росту пользователя. Преимущества геймерского кресла: ощущение уюта легко ухаживать гибкие регулировки Кресло подойдет для игры, работы или учебы. Вместе с геймерским столом образует комплект в едином стиле. ]]>
</description>
<param name="Предназначение">для киберспорта</param>
<param name="Стиль">спортивный</param>
<param name="Местоположение">для дома</param>
<param name="Особенности">гоночные</param>
<param name="Класс кресел">недорогие</param>
<param name="Тип">игровые</param>
<param name="Обивка">экокожа</param>
<param name="Уровень жесткости">жесткие</param>
<param name="Основание">на колесах</param>
<param name="Крестовина">пластик</param>
<param name="Каркас">металл</param>
<param name="Механизм качания">с механизмом качания и фиксацией</param>
<param name="Механизмы">с механизмом трансформации</param>
<param name="Особенности конструкции">спинка откидывается на 180°</param>
<param name="Оснащение">с поясничной подушкой</param>
<param name="Максимальный рост">190 см</param>
<param name="Сидение">с регулировкой сидения по высоте</param>
<param name="Ширина сидения, см">53</param>
<param name="Спинка">с откидной спинкой</param>
<param name="Подлокотники">с регулировкой высоты</param>
<param name="Материал подлокотников">пластиковые</param>
<param name="Подголовник">с высоким подголовником</param>
<param name="Ролики">прорезиненные</param>
<param name="Размер">узкие</param>
<param name="Цвет">Черный/зеленый</param>
<param name="Гарантия">5 лет</param>
<param name="Высота спинки, см">82</param>
</offer>
<offer id="82" available="false">
<name>Кресло геймерское VR Sportdrive Game Red SD-32</name>
<model>SD-32</model>
<url>
<![CDATA[ https://barsky.ua/kreslo_geymerskoe_vr_sportdrive_game_red_sd-32/ ]]>
</url>
<price>8500</price>
<currencyId>UAH</currencyId>
<categoryId>2</categoryId>
<picture>https://barsky.ua/image/catalog/kresla/SD-32/SD-32_475x600_A1.png</picture>
<picture>https://barsky.ua/image/catalog/kresla/SD-32/SD-32_7.jpg</picture>
<picture>https://barsky.ua/image/catalog/kresla/SD-32/SD-32_6.jpg</picture>
<picture>https://barsky.ua/image/catalog/kresla/SD-32/SD-32_5.jpg</picture>
<picture>https://barsky.ua/image/catalog/kresla/SD-32/SD-32_4.jpg</picture>
<picture>https://barsky.ua/image/catalog/kresla/SD-32/SD-32_3.jpg</picture>
<picture>https://barsky.ua/image/catalog/kresla/SD-32/SD-32_2.jpg</picture>
<picture>https://barsky.ua/image/catalog/kresla/SD-32/SD-32_1.jpg</picture>
<vendor>Barsky</vendor>
<stock_quantity>0</stock_quantity>
<description>
<![CDATA[ Описание геймерского кресла VR Sportdrive Game Red SD-32: Игровое кресло черного цвета с красными вставками. Сидение в форме ковша. Такое сидение часто используется в геймерских креслах, оказывает боковую поддержку и &quot;обнимает&quot; со всех сторон. Дизайн яркий, в духе геймерской атмосферы. Обивка из экокожи. В интерьере хорошо сочетается со столами в игровом стиле. Есть подушка для шеи и поясницы. Обе подушки снимаются и регулируются по высоте. Именно в этом кресле шейная подушка в форме полумесяца, ее можно повернуть любой стороной для поддержки шейного отдела. Спинка откидывается на 180 и фиксируется в любом положении. Высота регулируется газлифтом, подлокотники настраиваются по росту пользователя. Преимущества геймерского кресла: ощущение уюта легко ухаживать гибкие регулировки Кресло подойдет для игры, работы или учебы. Вместе с геймерским столом образует комплект в едином стиле. ]]>
</description>
<param name="Предназначение">для киберспорта</param>
<param name="Стиль">спортивный</param>
<param name="Местоположение">для дома</param>
<param name="Особенности">гоночные</param>
<param name="Класс кресел">недорогие</param>
<param name="Тип">игровые</param>
<param name="Обивка">экокожа</param>
<param name="Уровень жесткости">жесткие</param>
<param name="Основание">на колесах</param>
<param name="Крестовина">пластик</param>
<param name="Каркас">пластик</param>
<param name="Механизм качания">с механизмом качания и фиксацией</param>
<param name="Механизмы">с механизмом трансформации</param>
<param name="Особенности конструкции">спинка откидывается на 180°</param>
<param name="Оснащение">с поясничной подушкой</param>
<param name="Максимальный рост">190 см</param>
<param name="Сидение">с регулировкой угла наклона</param>
<param name="Подлокотники">с регулировкой высоты</param>
<param name="Материал подлокотников">пластиковые</param>
<param name="Подголовник">с высоким подголовником</param>
<param name="Ролики">Пластиковые</param>
<param name="Размер">узкие</param>
<param name="Цвет">Черный/красный</param>
<param name="Гарантия">5 лет</param>
</offer>
<offer id="83" available="false">
<name>Кресло геймерское зима-лето Barsky SportDrive Massage Blue SDM-02</name>
<model>SDM-02</model>
<url>
<![CDATA[ https://barsky.ua/kreslo_geymerskoe_barsky_sportdrive_massage_blue_sdm-02/ ]]>
</url>
<price>14500</price>
<currencyId>UAH</currencyId>
<categoryId>2</categoryId>
<picture>https://barsky.ua/image/catalog/kresla/SDM-02/SDM-02_475x600_A1.png</picture>
<picture>https://barsky.ua/image/catalog/kresla/SDM-02/SDM-02_7.jpg</picture>
<picture>https://barsky.ua/image/catalog/kresla/SDM-02/SDM-02_6.jpg</picture>
<picture>https://barsky.ua/image/catalog/kresla/SDM-02/SDM-02_5.jpg</picture>
<picture>https://barsky.ua/image/catalog/kresla/SDM-02/SDM-02_4.jpg</picture>
<picture>https://barsky.ua/image/catalog/kresla/SDM-02/SDM-02_3.jpg</picture>
<picture>https://barsky.ua/image/catalog/kresla/SDM-02/SDM-02_2.jpg</picture>
<picture>https://barsky.ua/image/catalog/kresla/SDM-02/SDM-02_1.jpg</picture>
<vendor>Barsky</vendor>
<stock_quantity>0</stock_quantity>
<description>
<![CDATA[ Описание геймерского кресла со съемной обивкой Barsky SportDrive Massage Blue SDM-02: Кресло &quot;зима-лето&quot; со съемной обивкой. Летом снимите чехол и у вас будет кресло из дышащей сетки. В холодное время, одевайте чехол и наслаждайтесь игрой или работой в мягком уютном кресле. Сама обивка выполнена из экокожи черного цвета с синими вставками. Есть подушки для поддержки шейного и поясничного отдела. Поясничная подушка с функцией вибромассажа. Достаточно подключить ее к USB-порту. Можно включить вибромассаж, когда долго сидите за компьютером, массаж хорошо влияет на ткани и избавит от ощущения онемения. Эта модель есть в трех цветах: &bull; в сером кресле сидение также из сетки &bull; в синем кресле сидение наполовину из сетки, наполовину из экокожи &bull; в красном цвете сидение полностью из экокожи В кресле есть механизм трансформации - спинка откидывается в полностью горизонтальное положение и фиксируется в любой точке. Это позволит не только правильно сидеть во время игры или работы, а и отдыхать. Кресло подойдет также детям и подросткам для учебы. ]]>
</description>
<param name="Предназначение">для киберспорта</param>
<param name="Стиль">спортивный</param>
<param name="Местоположение">для дома</param>
<param name="Особенности">с перфорацией</param>
<param name="Класс кресел">недорогие</param>
<param name="Тип">игровые</param>
<param name="Обивка">экокожа/сетка</param>
<param name="Уровень жесткости">жесткие</param>
<param name="Основание">на колесах</param>
<param name="Крестовина">металл</param>
<param name="Каркас">пластик</param>
<param name="Механизм качания">с механизмом качания и фиксацией</param>
<param name="Механизмы">с механизмом трансформации</param>
<param name="Особенности конструкции">спинка откидывается на 180°</param>
<param name="Оснащение">с массажем</param>
<param name="Максимальный рост">170 см</param>
<param name="Сидение">с сеткой</param>
<param name="Спинка">с откидной спинкой</param>
<param name="Подлокотники">с регулировкой высоты</param>
<param name="Материал подлокотников">мягкие накладки</param>
<param name="Подголовник">с высоким подголовником</param>
<param name="Ролики">Обрезиненные</param>
<param name="Размер">узкие</param>
<param name="Цвет">Черный/синий</param>
<param name="Гарантия">5 лет</param>
</offer>
<offer id="84" available="false">
<name>Кресло геймерское зима-лето Barsky SportDrive Massage Gray SDM-01</name>
<model>SDM-01</model>
<url>
<![CDATA[ https://barsky.ua/kreslo_geymerskoe_barsky_sportdrive_massage_gray_sdm-01/ ]]>
</url>
<price>14500</price>
<currencyId>UAH</currencyId>
<categoryId>2</categoryId>
<picture>https://barsky.ua/image/catalog/kresla/SDM-01/SDM-01_475x600_A1.png</picture>
<picture>https://barsky.ua/image/catalog/kresla/SDM-01/SDM-01_7.jpg</picture>
<picture>https://barsky.ua/image/catalog/kresla/SDM-01/SDM-01_6.jpg</picture>
<picture>https://barsky.ua/image/catalog/kresla/SDM-01/SDM-01_5.jpg</picture>
<picture>https://barsky.ua/image/catalog/kresla/SDM-01/SDM-01_4.jpg</picture>
<picture>https://barsky.ua/image/catalog/kresla/SDM-01/SDM-01_3.jpg</picture>
<picture>https://barsky.ua/image/catalog/kresla/SDM-01/SDM-01_2.jpg</picture>
<picture>https://barsky.ua/image/catalog/kresla/SDM-01/SDM-01_1.jpg</picture>
<vendor>Barsky</vendor>
<stock_quantity>0</stock_quantity>
<description>
<![CDATA[ Описание геймерского кресла со съемной обивкой Barsky SportDrive Massage Gray SDM-01: Кресло &quot;зима-лето&quot; со съемной обивкой. Летом снимите чехол и у вас будет кресло из дышащей сетки. В холодное время, одевайте чехол и наслаждайтесь игрой или работой в мягком уютном кресле. Сама обивка выполнена из экокожи черного цвета с серыми вставками. Есть подушки для поддержки шейного и поясничного отдела. Поясничная подушка с функцией вибромассажа. Достаточно подключить ее к USB-порту. Можно включить вибромассаж, когда долго сидите за компьютером, массаж хорошо влияет на ткани и избавит от ощущения онемения. Эта модель есть в трех цветах: &bull; в сером кресле сидение также из сетки &bull; в синем кресле сидение наполовину из сетки, наполовину из экокожи &bull; в красном цвете сидение полностью из экокожи В кресле есть механизм трансформации - спинка откидывается в полностью горизонтальное положение и фиксируется в любой точке. Это позволит не только правильно сидеть во время игры или работы, а и отдыхать. Кресло подойдет также детям и подросткам для учебы. ]]>
</description>
<param name="Обивка">экокожа</param>
<param name="Крестовина">металл</param>
<param name="Цвет">Серый</param>
</offer>
<offer id="85" available="false">
<name>Кресло геймерское зима-лето Barsky SportDrive Massage Red SDM-03</name>
<model>SDM-03</model>
<url>
<![CDATA[ https://barsky.ua/kreslo_geymerskoe_barsky_sportdrive_massage_red_sdm-03/ ]]>
</url>
<price>14500</price>
<currencyId>UAH</currencyId>
<categoryId>2</categoryId>
<picture>https://barsky.ua/image/catalog/kresla/SDM-03/SDM-03_475x600_A1.png</picture>
<picture>https://barsky.ua/image/catalog/kresla/SDM-03/SDM-03_7.jpg</picture>
<picture>https://barsky.ua/image/catalog/kresla/SDM-03/SDM-03_6.jpg</picture>
<picture>https://barsky.ua/image/catalog/kresla/SDM-03/SDM-03_5.jpg</picture>
<picture>https://barsky.ua/image/catalog/kresla/SDM-03/SDM-03_4.jpg</picture>
<picture>https://barsky.ua/image/catalog/kresla/SDM-03/SDM-03_3.jpg</picture>
<picture>https://barsky.ua/image/catalog/kresla/SDM-03/SDM-03_2.jpg</picture>
<picture>https://barsky.ua/image/catalog/kresla/SDM-03/SDM-03_1.jpg</picture>
<vendor>Barsky</vendor>
<stock_quantity>0</stock_quantity>
<description>
<![CDATA[ Описание геймерского кресла со съемной обивкой Barsky SportDrive Massage Red SDM-03: Кресло &quot;зима-лето&quot; со съемной обивкой. Летом снимите чехол и у вас будет кресло из дышащей сетки. В холодное время, одевайте чехол и наслаждайтесь игрой или работой в мягком уютном кресле. Сама обивка выполнена из экокожи черного цвета с красными вставками. Есть подушки для поддержки шейного и поясничного отдела. Поясничная подушка с функцией вибромассажа. Достаточно подключить ее к USB-порту. Можно включить вибромассаж, когда долго сидите за компьютером, массаж хорошо влияет на ткани и избавит от ощущения онемения. Эта модель есть в трех цветах: &bull; в сером кресле сидение также из сетки &bull; в синем кресле сидение наполовину из сетки, наполовину из экокожи &bull; в красном цвете сидение полностью из экокожи В кресле есть механизм трансформации - спинка откидывается в полностью горизонтальное положение и фиксируется в любой точке. Это позволит не только правильно сидеть во время игры или работы, а и отдыхать. Кресло подойдет также детям и подросткам для учебы. ]]>
</description>
<param name="Предназначение">подростковые</param>
<param name="Стиль">спортивный</param>
<param name="Местоположение">для дома</param>
<param name="Особенности">гоночные</param>
<param name="Класс кресел">недорогие</param>
<param name="Тип">игровые</param>
<param name="Обивка">экокожа/сетка</param>
<param name="Уровень жесткости">жесткие</param>
<param name="Основание">на колесах</param>
<param name="Крестовина">пластик</param>
<param name="Каркас">пластик</param>
<param name="Механизм качания">с механизмом качания и фиксацией</param>
<param name="Механизмы">с механизмом трансформации</param>
<param name="Особенности конструкции">спинка откидывается на 180°</param>
<param name="Оснащение">с массажем</param>
<param name="Максимальный рост">180 см</param>
<param name="Сидение">с регулировкой угла наклона</param>
<param name="Спинка">с откидной спинкой</param>
<param name="Подлокотники">с регулировкой высоты</param>
<param name="Материал подлокотников">мягкие накладки</param>
<param name="Подголовник">с высоким подголовником</param>
<param name="Ролики">Обрезиненные</param>
<param name="Размер">узкие</param>
<param name="Цвет">Черный/серый</param>
<param name="Гарантия">5 лет</param>
</offer>
<offer id="87" available="false">
<name>Кресло игровое Barsky Sportdrive Game Black/White SD-16</name>
<model>SD-16</model>
<url>
<![CDATA[ https://barsky.ua/kreslo_igrovoe_barsky_sportdrive_game_blackwhite_sd-16/ ]]>
</url>
<price>6500</price>
<currencyId>UAH</currencyId>
<categoryId>2</categoryId>
<picture>https://barsky.ua/image/catalog/kresla/SD-16/SD-16_475x600_A1.png</picture>
<picture>https://barsky.ua/image/catalog/kresla/SD-16/SD-16_4.jpg</picture>
<picture>https://barsky.ua/image/catalog/kresla/SD-16/SD-16_3.jpg</picture>
<picture>https://barsky.ua/image/catalog/kresla/SD-16/SD-16_2.jpg</picture>
<picture>https://barsky.ua/image/catalog/kresla/SD-16/SD-16_1.jpg</picture>
<vendor>Barsky</vendor>
<stock_quantity>0</stock_quantity>
<description>
<![CDATA[ Описание кресла в геймерском стиле Barsky Sportdrive Game Black/White SD-16: Недорогое игровое кресло с обивкой из экокожи. Обивка черного цвета с контрастной вставкой белого цвета. Кресло мягкое и комфортное. Форма спинки с изгибом в поясничном отделе. В этой модели поясничная подушка не предусмотрена, при необходимости можно приобрести отдельно. Основные характеристики: Подлокотники D-образные, с мягкими накладками. Крестовина и подлокотники пластиковые, окрашены в серебристый цвет Есть механизм качания с фиксацией в вертикальном положения. В этом кресле будет удобно не только играть, но и отдыхать. Вместе с геймерским столом можно создать готовое рабочее место для игры и учебы. Подойдет детям и подросткам. Современный рынок геймерских кресел, довольно насыщен разного рода предложениями кресел. Но зачастую, каждый производитель пытается охватить аудиторию как можно шире. Компания Barsky, прекрасно понимает, что нынешнее поколение молодёжи, очень часто проводит время сидя за компьютером. И очень важно, позаботиться об осанке подростка и его комфорте. Для таких целей, мы и создали линейку кресле Barsky SD. данные кресла, сочетают в себе драйв, геймерский дизайн и что немаловажно четко продуманную и взвешенную эргономику. В нашем сегодняшнем обзоре мы рассмотрим с вами модели SD-14-16. Эти кресла, являют собой удачный симбиоз, подросткового кресла для занятий и геймерского кресла. К тому же, данная линейка сочетает в себе высокое качество при демократичной стоимости. И так, что же представляет из себя это кресло и почему оно будет хорошим выбором для подростка и даже взрослого, сейчас мы и рассмотрим. В первую очередь, конечно же, бросается в глаза его дизайн. Узнаваемая форма, присущая всем продуктам линейки Sport Drive основой которой, является вдохновленный спортом и достижениями - дизайн. Здесь угадывается, симбиоз кресла пилота, спорткара с футуристическими тенденциями. Стоит понимать, что каждая деталь дизайна, несет не только декоративную составляющую но определённое эргономическое решение. Интегрированный, мягкий подголовник, контрастные, сетчатые вставки, изгибы и форма спинки. И об этом чуть подробнее. Основополагающим правильной и комфортной посадки в это кресле, служит его форма и размеры. Сидение и спинка, созданы адаптированы для глубокой посадки, благодаря своим размерам. Благодаря чему, сидящий в нем человек, может значительно снизить напряжение, приходящееся на нижнюю часть тела. Благодаря узнаваемой форме спинки, присущей всем моделям Sport Drive с эргономичным изгибом, спина сидящего будет иметь максимальную поддержку. Тем самым формируя правильную культуру сидения и самое главное - правильную осанку. При этом размеры и габариты кресла, позволят себя комфортно чувствовать, людям с ростом от 160 см и выше. Обивкой этого кресла служит кожзам, в чёрных тонах с разноцветными вставками для большего контраста. Для правильного позиционирования рук на клавиатуре или на столе, очень важны подлокотники. В SD они массивные и устойчивые, к тому же оснащены специальными мягкими накладками. К тому же их форма, дополняет общую композицию кресла. В плане регулировок в этом кресле всё довольно просто и стандартно. В Sd есть механизм качания и регулировки по высоте, а также жесткость качания, в зависимости от веса сидящего. Стоит отметить, что механизмы Barsky являют собой надежность и соответствуют самым высоким стандартам качества. Крестовина кресла, имеет специальный пластиковые накладки для ног, для сохранения первозданного вида кресла и удобного расположения ног. В завершении, хочется подвести итог. Кресла, серии SD 14-16, это золотая середины и компромисс, между приятной стоимостью и приемлемым качеством. Оно позволит Вам проявить свою заботу и любовь к своему ребёнку и несомненно даст ему возможность это почувствовать. Основные тезисы этого кресла Современный дизайн в Sport Design форм-факторе Яркое исполнение Удобная спинка БОльшие габариты, для удобной, глубокой посадки. Комбинированный материал. Приятная фактура и дышащий эффект удобные подлокотники с мягкой накладкой. Эргономичные зоны комфорта на спинке для роста от 150 см и выше Для любого пола и возраста Всё это за приятную стоимость ]]>
</description>
<param name="Предназначение">подростковые</param>
<param name="Стиль">спортивный</param>
<param name="Местоположение">для дома</param>
<param name="Особенности">гоночные</param>
<param name="Класс кресел">недорогие</param>
<param name="Тип">игровые</param>
<param name="Обивка">экокожа</param>
<param name="Уровень жесткости">жесткие</param>
<param name="Основание">на колесах</param>
<param name="Крестовина">пластик</param>
<param name="Каркас">пластик</param>
<param name="Механизм качания">с механизмом качания</param>
<param name="Механизмы">tilt</param>
<param name="Особенности конструкции">с регулировкой высоты</param>
<param name="Максимальный рост">170 см</param>
<param name="Сидение">с регулировкой сидения по высоте</param>
<param name="Спинка">с высокой спинкой</param>
<param name="Подлокотники">нерегулируемые</param>
<param name="Материал подлокотников">мягкие накладки</param>
<param name="Подголовник">с высоким подголовником</param>
<param name="Ролики">Пластиковые</param>
<param name="Размер">маленькие</param>
<param name="Цвет">Черный/белый</param>
<param name="Гарантия">5 лет</param>
</offer>
<offer id="88" available="false">
<name>Кресло игровое Barsky Sportdrive Game Blue SD-06</name>
<model>SD-06</model>
<url>
<![CDATA[ https://barsky.ua/kreslo_igrovoe_barsky_sportdrive_game_blue_sd-06/ ]]>
</url>
<price>6500</price>
<currencyId>UAH</currencyId>
<categoryId>2</categoryId>
<picture>https://barsky.ua/image/catalog/kresla/SD-06/SD-06_475x600_A1.png</picture>
<picture>https://barsky.ua/image/catalog/kresla/SD-06/SD-06_3.jpg</picture>
<picture>https://barsky.ua/image/catalog/kresla/SD-06/SD-06_2.jpg</picture>
<picture>https://barsky.ua/image/catalog/kresla/SD-06/SD-06_1.jpg</picture>
<vendor>Barsky</vendor>
<stock_quantity>0</stock_quantity>
<description>
<![CDATA[ Описание игрового кресла Barsky Sportdrive Game Blue SD-06 В этой модели сочетается геймерский и спортивный дизайн. Обивка из экокожи черного цвета с синими вставками. Спинка слегка изогнута и повторяет естественный прогиб в пояснице. Изголовье мягкое и удобное. В этой модели не предусмотрены подушки, но можно дополнительно заказать подушку для шеи или поясницы. Есть механизм качания с фиксацией в вертикальном положении. Подлокотники с мягкими накладками. Крестовина с нескользящими накладками. Колеса синего цвета в стиль кресла. Кому подойдет кресло: геймерам-подросткам для создания игровой атмосферы, ученикам и студентам для учебы, взрослым для работы или игры. Модель хорошо сочетается с геймерскими столами. Напоминаем, что всю мебель на сайте Barsky можно купить по отдельности или в составе станции - вместе со со столом, по желанию укомплектовать гаджетами и аксессуарами. ]]>
</description>
<param name="Предназначение">подростковые</param>
<param name="Стиль">спортивный</param>
<param name="Местоположение">для дома</param>
<param name="Особенности">низкие</param>
<param name="Обивка">экокожа</param>
<param name="Уровень жесткости">мягкие</param>
<param name="Основание">на колесах</param>
<param name="Крестовина">пластик</param>
<param name="Каркас">пластик</param>
<param name="Механизм качания">с механизмом качания</param>
<param name="Механизмы">tilt</param>
<param name="Особенности конструкции">с регулировкой высоты</param>
<param name="Максимальный рост">170 см</param>
<param name="Сидение">с регулировкой сидения по высоте</param>
<param name="Ширина сидения, см">520х520 мм</param>
<param name="Спинка">с низкой спинкой</param>
<param name="Подлокотники">нерегулируемые</param>
<param name="Материал подлокотников">пластиковые</param>
<param name="Подголовник">без подголовника</param>
<param name="Ролики">Пластиковые</param>
<param name="Размер">широкие</param>
<param name="Цвет">Черный/синий</param>
<param name="Гарантия">5 лет</param>
<param name="Высота спинки, см">75</param>
</offer>
<offer id="90" available="false">
<name>Кресло игровое Barsky Sportdrive Game Orange SD-14</name>
<model>SD-14</model>
<url>
<![CDATA[ https://barsky.ua/kreslo_igrovoe_barsky_sportdrive_game_orange_sd-14/ ]]>
</url>
<price>6500</price>
<currencyId>UAH</currencyId>
<categoryId>2</categoryId>
<picture>https://barsky.ua/image/catalog/kresla/SD-14/SD-14_475x600_A1.png</picture>
<picture>https://barsky.ua/image/catalog/kresla/SD-14/SD-14_4.jpg</picture>
<picture>https://barsky.ua/image/catalog/kresla/SD-14/SD-14_3.jpg</picture>
<picture>https://barsky.ua/image/catalog/kresla/SD-14/SD-14_2.jpg</picture>
<picture>https://barsky.ua/image/catalog/kresla/SD-14/SD-14_1.jpg</picture>
<vendor>Barsky</vendor>
<stock_quantity>0</stock_quantity>
<description>
<![CDATA[ Описание кресла в геймерском стиле Barsky Sportdrive Game Orange SD-14: Недорогое игровое кресло с обивкой из экокожи. Обивка черного цвета с контрастной вставкой оранжевого цвета. Кресло мягкое и комфортное. Форма спинки с изгибом в поясничном отделе. В этой модели поясничная подушка не предусмотрена, при необходимости можно приобрести отдельно. Основные характеристики: Подлокотники D-образные, с мягкими накладками. Крестовина и подлокотники пластиковые, окрашены в серебристый цвет Есть механизм качания с фиксацией в вертикальном положения. В этом кресле будет удобно не только играть, но и отдыхать. Вместе с геймерским столом можно создать готовое рабочее место для игры и учебы. Подойдет детям и подросткам. Современный рынок геймерских кресел, довольно насыщен разного рода предложениями кресел. Но зачастую, каждый производитель пытается охватить аудиторию как можно шире. Компания Barsky, прекрасно понимает, что нынешнее поколение молодёжи, очень часто проводит время сидя за компьютером. И очень важно, позаботиться об осанке подростка и его комфорте. Для таких целей, мы и создали линейку кресле Barsky SD. данные кресла, сочетают в себе драйв, геймерский дизайн и что немаловажно четко продуманную и взвешенную эргономику. В нашем сегодняшнем обзоре мы рассмотрим с вами модели SD-14-16. Эти кресла, являют собой удачный симбиоз, подросткового кресла для занятий и геймерского кресла. К тому же, данная линейка сочетает в себе высокое качество при демократичной стоимости. И так, что же представляет из себя это кресло и почему оно будет хорошим выбором для подростка и даже взрослого, сейчас мы и рассмотрим. В первую очередь, конечно же, бросается в глаза его дизайн. Узнаваемая форма, присущая всем продуктам линейки Sport Drive основой которой, является вдохновленный спортом и достижениями - дизайн. Здесь угадывается, симбиоз кресла пилота, спорткара с футуристическими тенденциями. Стоит понимать, что каждая деталь дизайна, несет не только декоративную составляющую но определённое эргономическое решение. Интегрированный, мягкий подголовник, контрастные, сетчатые вставки, изгибы и форма спинки. И об этом чуть подробнее. Основополагающим правильной и комфортной посадки в это кресле, служит его форма и размеры. Сидение и спинка, созданы адаптированы для глубокой посадки, благодаря своим размерам. Благодаря чему, сидящий в нем человек, может значительно снизить напряжение, приходящееся на нижнюю часть тела. Благодаря узнаваемой форме спинки, присущей всем моделям Sport Drive с эргономичным изгибом, спина сидящего будет иметь максимальную поддержку. Тем самым формируя правильную культуру сидения и самое главное - правильную осанку. При этом размеры и габариты кресла, позволят себя комфортно чувствовать, людям с ростом от 160 см и выше. Обивкой этого кресла служит кожзам, в чёрных тонах с разноцветными вставками для большего контраста. Для правильного позиционирования рук на клавиатуре или на столе, очень важны подлокотники. В SD они массивные и устойчивые, к тому же оснащены специальными мягкими накладками. К тому же их форма, дополняет общую композицию кресла. В плане регулировок в этом кресле всё довольно просто и стандартно. В Sd есть механизм качания и регулировки по высоте, а также жесткость качания, в зависимости от веса сидящего. Стоит отметить, что механизмы Barsky являют собой надежность и соответствуют самым высоким стандартам качества. Крестовина кресла, имеет специальный пластиковые накладки для ног, для сохранения первозданного вида кресла и удобного расположения ног. В завершении, хочется подвести итог. Кресла, серии SD 14-16, это золотая середины и компромисс, между приятной стоимостью и приемлемым качеством. Оно позволит Вам проявить свою заботу и любовь к своему ребёнку и несомненно даст ему возможность это почувствовать. Основные тезисы этого кресла Современный дизайн в Sport Design форм-факторе Яркое исполнение Удобная спинка БОльшие габариты, для удобной, глубокой посадки. Комбинированный материал. Приятная фактура и дышащий эффект удобные подлокотники с мягкой накладкой. Эргономичные зоны комфорта на спинке для роста от 150 см и выше Для любого пола и возраста Всё это за приятную стоимость ]]>
</description>
<param name="Предназначение">подростковые</param>
<param name="Стиль">спортивный</param>
<param name="Местоположение">для дома</param>
<param name="Особенности">гоночные</param>
<param name="Класс кресел">недорогие</param>
<param name="Тип">игровые</param>
<param name="Обивка">экокожа</param>
<param name="Уровень жесткости">жесткие</param>
<param name="Основание">на колесах</param>
<param name="Крестовина">пластик</param>
<param name="Каркас">пластик</param>
<param name="Механизм качания">с механизмом качания</param>
<param name="Механизмы">tilt</param>
<param name="Особенности конструкции">с регулировкой высоты</param>
<param name="Максимальный рост">170 см</param>
<param name="Сидение">с регулировкой сидения по высоте</param>
<param name="Спинка">с высокой спинкой</param>
<param name="Подлокотники">нерегулируемые</param>
<param name="Материал подлокотников">мягкие накладки</param>
<param name="Подголовник">с высоким подголовником</param>
<param name="Ролики">пластиковые</param>
<param name="Размер">маленькие</param>
<param name="Цвет">Черный/оранжевый</param>
<param name="Гарантия">5 лет</param>
</offer>
<offer id="91" available="true">
<name>Кресло игровое Barsky Sportdrive Game Red SD-08</name>
<model>SD-08</model>
<url>
<![CDATA[ https://barsky.ua/kreslo_igrovoe_barsky_sportdrive_game_red_sd-08/ ]]>
</url>
<price>6500</price>
<currencyId>UAH</currencyId>
<categoryId>2</categoryId>
<picture>https://barsky.ua/image/catalog/kresla/SD-08/SD-08_475x600_A1.png</picture>
<picture>https://barsky.ua/image/catalog/kresla/SD-08/SD-08_3.jpg</picture>
<picture>https://barsky.ua/image/catalog/kresla/SD-08/SD-08_2.jpg</picture>
<picture>https://barsky.ua/image/catalog/kresla/SD-08/SD-08_1.jpg</picture>
<vendor>Barsky</vendor>
<stock_quantity>0</stock_quantity>
<description>
<![CDATA[ Описание игрового кресла Barsky Sportdrive Game Red SD-08 В этой модели сочетается геймерский и спортивный дизайн. Обивка из экокожи черного цвета с красными вставками. Спинка слегка изогнута и повторяет естественный прогиб в пояснице. Изголовье мягкое и удобное. В этой модели не предусмотрены подушки, но можно дополнительно заказать подушку для шеи или поясницы. Есть механизм качания с фиксацией в вертикальном положении. Подлокотники с мягкими накладками. Крестовина с нескользящими накладками. Колеса красного цвета в стиль кресла. Кому подойдет кресло: геймерам-подросткам для создания игровой атмосферы ученикам и студентам для учебы взрослым для работы или игры Модель хорошо сочетается с геймерскими столами. Напоминаем, что всю мебель на сайте Barsky можно купить по отдельности или в составе станции - вместе со со столом, по желанию укомплектовать гаджетами и аксессуарами. Современный рынок геймерских кресел, довольно насыщен разного рода предложениями кресел. Но зачастую, каждый производитель пытается охватить аудиторию как можно шире. Компания Barsky, прекрасно понимает, что нынешнее поколение молодёжи, очень часто проводит время сидя за компьютером. И очень важно, позаботиться об осанке подростка и его комфорте. Для таких целей, мы и создали линейку кресле Barsky SD. данные кресла, сочетают в себе драйв, геймерский дизайн и что немаловажно четко продуманную и взвешенную эргономику. В нашем сегодняшнем обзоре мы рассмотрим с вами модели SD-14-16. Эти кресла, являют собой удачный симбиоз, подросткового кресла для занятий и геймерского кресла. К тому же, данная линейка сочетает в себе высокое качество при демократичной стоимости. И так, что же представляет из себя это кресло и почему оно будет хорошим выбором для подростка и даже взрослого, сейчас мы и рассмотрим. В первую очередь, конечно же, бросается в глаза его дизайн. Узнаваемая форма, присущая всем продуктам линейки Sport Drive основой которой, является вдохновленный спортом и достижениями - дизайн. Здесь угадывается, симбиоз кресла пилота, спорткара с футуристическими тенденциями. Стоит понимать, что каждая деталь дизайна, несет не только декоративную составляющую но определённое эргономическое решение. Интегрированный, мягкий подголовник, контрастные, сетчатые вставки, изгибы и форма спинки. И об этом чуть подробнее. Основополагающим правильной и комфортной посадки в это кресле, служит его форма и размеры. Сидение и спинка, созданы адаптированы для глубокой посадки, благодаря своим размерам. Благодаря чему, сидящий в нем человек, может значительно снизить напряжение, приходящееся на нижнюю часть тела. Благодаря узнаваемой форме спинки, присущей всем моделям Sport Drive с эргономичным изгибом, спина сидящего будет иметь максимальную поддержку. Тем самым формируя правильную культуру сидения и самое главное - правильную осанку. При этом размеры и габариты кресла, позволят себя комфортно чувствовать, людям с ростом от 160 см и выше. Обивкой этого кресла служит кожзам, в чёрных тонах с разноцветными вставками для большего контраста. Для правильного позиционирования рук на клавиатуре или на столе, очень важны подлокотники. В SD они массивные и устойчивые, к тому же оснащены специальными мягкими накладками. К тому же их форма, дополняет общую композицию кресла. В плане регулировок в этом кресле всё довольно просто и стандартно. В Sd есть механизм качания и регулировки по высоте, а также жесткость качания, в зависимости от веса сидящего. Стоит отметить, что механизмы Barsky являют собой надежность и соответствуют самым высоким стандартам качества. Крестовина кресла, имеет специальный пластиковые накладки для ног, для сохранения первозданного вида кресла и удобного расположения ног. В завершении, хочется подвести итог. Кресла, серии SD, это золотая середины и компромисс, между приятной стоимостью и приемлемым качеством. Оно позволит Вам проявить свою заботу и любовь к своему ребёнку и несомненно даст ему возможность это почувствовать. Основные тезисы этого кресла Современный дизайн в Sport Design форм-факторе Яркое исполнение Удобная спинка БОльшие габариты, для удобной, глубокой посадки. Комбинированный материал. Приятная фактура и дышащий эффект удобные подлокотники с мягкой накладкой. Эргономичные зоны комфорта на спинке для роста от 150 см и выше Для любого пола и возраста Всё это за приятную стоимость ]]>
</description>
<param name="Предназначение">подростковые</param>
<param name="Стиль">спортивный</param>
<param name="Местоположение">для дома</param>
<param name="Особенности">низкие</param>
<param name="Обивка">экокожа</param>
<param name="Уровень жесткости">мягкие</param>
<param name="Основание">на колесах</param>
<param name="Крестовина">пластик</param>
<param name="Каркас">пластик</param>
<param name="Механизм качания">с механизмом качания</param>
<param name="Механизмы">tilt</param>
<param name="Особенности конструкции">с регулировкой высоты</param>
<param name="Максимальный рост">170 см</param>
<param name="Сидение">с регулировкой сидения по высоте</param>
<param name="Ширина сидения, см">520х520 мм</param>
<param name="Спинка">с низкой спинкой</param>
<param name="Подлокотники">нерегулируемые</param>
<param name="Материал подлокотников">пластиковые</param>
<param name="Подголовник">без подголовника</param>
<param name="Ролики">Пластиковые</param>
<param name="Размер">широкие</param>
<param name="Цвет">Черный/красный</param>
<param name="Гарантия">5 лет</param>
<param name="Высота спинки, см">75</param>
</offer>
<offer id="92" available="true">
<name>Кресло игровое Barsky Sportdrive Game White/Black SD-17</name>
<model>SD-17</model>
<url>
<![CDATA[ https://barsky.ua/kreslo_igrovoe_barsky_sportdrive_game_whiteblack_sd-17/ ]]>
</url>
<price>6150</price>
<oldprice>6500</oldprice>
<currencyId>UAH</currencyId>
<categoryId>2</categoryId>
<picture>https://barsky.ua/image/catalog/kresla/SD-17/79252795.jpg</picture>
<picture>https://barsky.ua/image/catalog/kresla/SD-17/79253226.jpg</picture>
<picture>https://barsky.ua/image/catalog/kresla/SD-17/79253179.jpg</picture>
<picture>https://barsky.ua/image/catalog/kresla/SD-17/79253319.jpg</picture>
<picture>https://barsky.ua/image/catalog/kresla/SD-17/79253297.jpg</picture>
<picture>https://barsky.ua/image/catalog/kresla/SD-17/79253153.jpg</picture>
<picture>https://barsky.ua/image/catalog/kresla/SD-17/79252846.jpg</picture>
<picture>https://barsky.ua/image/catalog/kresla/SD-17/79252830.jpg</picture>
<picture>https://barsky.ua/image/catalog/kresla/SD-17/79253033.jpg</picture>
<picture>https://barsky.ua/image/catalog/kresla/SD-17/79252918.jpg</picture>
<picture>https://barsky.ua/image/catalog/kresla/SD-17/79252801.jpg</picture>
<vendor>Barsky</vendor>
<stock_quantity>35</stock_quantity>
<description>
<![CDATA[ Геймерское кресло SPORT DRIVE 17-ой модели. Новинка призвана привнести новых дизайнерских решений и форм, на устоявшийся рынок геймерских кресел. И тут мы основательно поработали над дизайном. А именно, с концептуальной формой и цветовой палитрой. SD-17 относится к сегменту кресел с демократической стоимостью и базовым набором регулировок для комфортного гейминга. Это кресло станет идеальным выбором для подростков и взрослых, особенно если вопрос касается совмещения игр и учёбы. Что же из себя представляет кресло и какие у него сильные стороны, сейчас мы и рассмотрим. Дизайн С первого взгляда видно, что кресло относится к геймерской линейке. Стилизованные, футуристические воздухозаборники на спинке кресла, эргономичная, регулируемая подушка для шейного отдела и декоративная строчка в зонах активной эргономики, подсвеченная вставками. Всё это указывает на чисто геймерский подвид кресла. Но при этом, всё это выглядит не агрессивно, как часто бывает в креслах этого вида. Использование спокойных, классических цветов, черного и белого и отсутствие гипертрофированных обвесов, создает тонкий баланс между классикой и адреналиновой средой геймерского мира. Это Инь и Янь в философии дизайна современных кресел. Sport Drive 17 одинаково хорошо будет смотреться как в комнате девочки, так и мальчика, в мужской берлоге или в студии начинающего блогера. Топология и эргономика В SD-17 нет сильно выраженной боковой поддержки спины, присущей для множества геймерских моделей. Мы сознательно пошли на этот шаг чтоб не усложнять форму и дать больше свободы сидящему в кресле человеку. Не сильно выраженное - не означает отсутствие, боковая поддержка есть как раз в районе наибольшего давления позвоночного столба, а именно в поясничном отделе, препятствуя развитию сколиоза. Если посмотреть на кресло в боковом разрезе, то видно что форма сидения и спинки имеет синусоидальные изгибы. На спинке изгибы повторяют формы позвоночника человека, формируя три зоны: шейную, грудную и поясничную. На сидении две зоны: тазобедренная и эргономичный изгиб в виде мягкой губы для нижних конечностей. SD-17 способствует правильному, с точки зрения строения человеческого тела, сидению с минимальными последствиями для опорно двигательного аппарата. Фишки и регулировки SD-17 SD-17 можно отрегулировать по высоте и под вес сидящего. В этой модели нет регулируемых подлокотников, а представлены D-образные, стилизованные с мягкими накладками. Подлокотники надежно и крепко соединяют спинку кресла и сидение 4 болтами, исключая какие либо люфты в будущем. Мы используем в кресле - качественный пеноматериал в роли наполнителя и экокожу в роли обивки для большей долговечности. При условии ухода и правильного использования, кресло прослужит не один год. ]]>
</description>
<param name="Предназначение">подростковые</param>
<param name="Стиль">спортивный</param>
<param name="Местоположение">для дома</param>
<param name="Особенности">гоночные</param>
<param name="Класс кресел">недорогие</param>
<param name="Тип">игровые</param>
<param name="Обивка">экокожа</param>
<param name="Уровень жесткости">жесткие</param>
<param name="Основание">на колесах</param>
<param name="Крестовина">пластик</param>
<param name="Каркас">пластик</param>
<param name="Механизм качания">с механизмом качания и фиксацией</param>
<param name="Механизмы">tilt</param>
<param name="Особенности конструкции">с регулировкой высоты</param>
<param name="Максимальный рост">170 см</param>
<param name="Сидение">с регулировкой сидения по высоте</param>
<param name="Спинка">с высокой спинкой</param>
<param name="Подлокотники">нерегулируемые</param>
<param name="Материал подлокотников">пластиковые</param>
<param name="Ролики">обрезиненные</param>
<param name="Размер">маленькие</param>
<param name="Цвет">Черный/белый</param>
<param name="Гарантия">5 лет механизм, 2 года обивка</param>
</offer>
<offer id="93" available="true">
<name>Стеллаж Barsky Office Allu White 1000х300х2000 OFWO alu-02</name>
<model>OFWO alu-02</model>
<url>
<![CDATA[ https://barsky.ua/stelazh_barsky_office_allu_white_ofwo_alu-02/ ]]>
</url>
<price>5000</price>
<currencyId>UAH</currencyId>
<categoryId>1</categoryId>
<picture>https://barsky.ua/image/catalog/Photo_Marketplace/OFWO_alu-02/OFWO_alu-02_001.jpg</picture>
<picture>https://barsky.ua/image/catalog/Photo_Marketplace/OFWO_alu-02/OFWO_alu-02_002.jpg</picture>
<vendor>Barsky</vendor>
<stock_quantity>1</stock_quantity>
<description>
<![CDATA[ Текст ]]>
</description>
<param name="Класс мебели">недорогие</param>
<param name="Предназначение">для документов</param>
<param name="Тип изделия">стеллажи</param>
<param name="Материал">ЛДСП</param>
<param name="Вид мебели">корпусная</param>
<param name="Стиль">лофт</param>
<param name="Местоположение">в кабинет</param>
<param name="Особенности">для маленького офиса</param>
<param name="Цвет">Белый</param>
</offer>
<offer id="94" available="false">
<name>Стол Barsky Homework Universal BU-01</name>
<model>BU-01</model>
<url>
<![CDATA[ https://barsky.ua/stol_barsky_homework_universal_bu-01/ ]]>
</url>
<price>6900</price>
<currencyId>UAH</currencyId>
<categoryId>3</categoryId>
<picture>https://barsky.ua/image/catalog/stoli/BU-01/BU-01_475x600_A3.png</picture>
<picture>https://barsky.ua/image/catalog/stoli/BU-01/BU-01_4.jpg</picture>
<picture>https://barsky.ua/image/catalog/stoli/BU-01/BU-01_3.jpg</picture>
<picture>https://barsky.ua/image/catalog/stoli/BU-01/BU-01_2.jpg</picture>
<picture>https://barsky.ua/image/catalog/stoli/BU-01/BU-01_1.jpg</picture>
<vendor>Barsky</vendor>
<stock_quantity>0</stock_quantity>
<description>
<![CDATA[ Описание компьютерного стола с многофункциональными опорами Barsky Homework Universal BU-01 для офиса: Этот стол универсальный, его можно использовать в офисе или дома, для работы за компьютером или как письменный, и даже обеденный стол. Он состоит из столешницы и двух мобильных опор, которые позволяют изменять внешний вид и варианты использования стола. В столешнице предусмотрены отверстия, которые позволяют самостоятельно переставить опору так, чтобы за столом можно было разместить от 1 до 4 человек. На опорах есть функциональные полочки, на которых можно хранить книги, документы и личные вещи. Размер столешницы 1400*700 мм. Высота 750 мм. Опоры и столешница выполнены из ЛДСП. Опоры цвета светлого дерева. Их можно также использовать в интерьере без столешницы, как многофункциональные модули. Столешница белого цвета. Стол отлично подойдет для: работы за компьютером на дому для учебы детей и подростков в офис для персонала в переговорную или зону ожидания, можно разместить до 4 человек. Несмотря на большую столешницу и функциональность, стол в минималистичном дизайне и подойдет в любой интерьер. ]]>
</description>
<param name="Предназначение">в кабинет</param>
<param name="Стиль">лофт</param>
<param name="Особенности">маркерная столешница</param>
<param name="Тип">письменные</param>
<param name="Вид">трансформеры</param>
<param name="Размер">большие</param>
<param name="Форма">прямоугольные</param>
<param name="Для скольких человек">для 4-х</param>
<param name="Материал столешницы">ДСП</param>
<param name="Материал корпуса">ДСП</param>
<param name="Материал ножек">ДСП</param>
<param name="Цвет">Белый, дуб Клондайк</param>
<param name="Глубина">700</param>
<param name="Ширина">1400</param>
<param name="Высота">750</param>
<param name="Гарантия">5 лет</param>
</offer>
<offer id="97" available="true">
<name>Стол ученический Barsky Student Kapri 1200x600x750 Student-01</name>
<model>Student-01</model>
<url>
<![CDATA[ https://barsky.ua/stol_uchenicheskij_barsky_student_kapri_student-01/ ]]>
</url>
<price>2990</price>
<currencyId>UAH</currencyId>
<categoryId>3</categoryId>
<picture>https://barsky.ua/image/catalog/stoli/student-01/student-01_475x600_A3.png</picture>
<picture>https://barsky.ua/image/catalog/stoli/student-01/student-01_6.jpg</picture>
<picture>https://barsky.ua/image/catalog/stoli/student-01/student-01_5.jpg</picture>
<picture>https://barsky.ua/image/catalog/stoli/student-01/student-01_4.jpg</picture>
<picture>https://barsky.ua/image/catalog/stoli/student-01/student-01_3.jpg</picture>
<picture>https://barsky.ua/image/catalog/stoli/student-01/student-01_2.jpg</picture>
<picture>https://barsky.ua/image/catalog/stoli/student-01/student-01_1.jpg</picture>
<vendor>Barsky</vendor>
<stock_quantity>1</stock_quantity>
<description>
<![CDATA[ Описание ученического стола Barsky Student Kapri 1200x600x750 Student-01: Детская парта красивого голубого цвета с белыми вставками. В изделии меняется угол столешницы. Угол наклона можно менять в три разных положения от 0 до 15 . Чтобы ручки не скатывались под наклоном, есть рейки для канцтоваров. Под столешницей есть полочка для личных вещей или рюкзака. Опоры с фигурными вырезами. Столешница с эргономичным вырезом для пользователя. Края обработаны кромкой, чтобы избежать травм ребенка. Цвет подойдет и мальчику и девочке. Размеры стола: 1200 мм. х 600 мм. х 750 мм. Материал: ЛДСП. Изготовлено в Украине. ]]>
</description>
<param name="Цвет">Голубой</param>
</offer>
<offer id="98" available="false">
<name>Стол ученический Barsky Student Rose 1200x600x750 Student-02</name>
<model>Student-02</model>
<url>
<![CDATA[ https://barsky.ua/stol_uchenicheskij_barsky_student_rose_student-02/ ]]>
</url>
<price>2990</price>
<currencyId>UAH</currencyId>
<categoryId>3</categoryId>
<picture>https://barsky.ua/image/catalog/stoli/student-02/student-02_475x600_A3.png</picture>
<picture>https://barsky.ua/image/catalog/stoli/student-02/student-02_5.jpg</picture>
<picture>https://barsky.ua/image/catalog/stoli/student-02/student-02_4.jpg</picture>
<picture>https://barsky.ua/image/catalog/stoli/student-02/student-02_3.jpg</picture>
<picture>https://barsky.ua/image/catalog/stoli/student-02/student-02_2.jpg</picture>
<picture>https://barsky.ua/image/catalog/stoli/student-02/student-02_1.jpg</picture>
<vendor>Barsky</vendor>
<stock_quantity>0</stock_quantity>
<description>
<![CDATA[ Описание ученического стола Barsky Student Rose 1200x600x750 Student-02: Детская парта красивого голубого цвета с белыми вставками. В изделии меняется угол столешницы. Угол наклона можно менять в три разных положения от 0 до 15 . Чтобы ручки не скатывались под наклоном, есть рейки для канцтоваров. Под столешницей есть полочка для личных вещей или рюкзака. Опоры с фигурными вырезами. Столешница с эргономичным вырезом для пользователя. Края обработаны кромкой, чтобы избежать травм ребенка. Цвет подойдет девочке. Размеры стола: 1200 мм. х 600 мм. х 750 мм. Материал: ЛДСП. Изготовлено в Украине. ]]>
</description>
<param name="Цвет">Розовый</param>
</offer>
<offer id="99" available="false">
<name>Тумба многофункциональная Barsky Office WhiteOregon 1200х400х670 OFWO-03</name>
<model>OFWO-03</model>
<url>
<![CDATA[ https://barsky.ua/tumba_barsky_office_whiteoregon_ofwo-03/ ]]>
</url>
<price>6000</price>
<currencyId>UAH</currencyId>
<categoryId>1</categoryId>
<picture>https://barsky.ua/image/catalog/Photo_Marketplace/OFWO-03/OFWO-03_001.jpg</picture>
<vendor>Barsky</vendor>
<stock_quantity>0</stock_quantity>
<description>
<![CDATA[ Описание многофункциональной тумбы Barsky Office WhiteOregon 1200х400х670 OFWO-03: Главная особенность этой модели - многоуровневое решение компактного расположения документов, мелких предметов или предметов быта. Условно тумба разделена на несколько функциональных зон: Тумба с вертикальными дверками и внутренними горизонтальными полочками. Три выдвижных горизонтальных ящика на телескопических направляющих. Открытые полки для быстрого доступа. Здесь можно разместить не только то, что нужно всегда под рукой, но и декоративные предметы интерьера. На верхней крышке также можно разместить нужные вещи или сесть на нее. Тумба компактная, но вместительная. Поэтому ее можно использовать не только в офисе для бумаг и канцтоваров. В ней можно хранить посуду, обувь в прихожей, детские игрушки или компьютерные аксессуары. Светлый естественный оттенок натурального дерева гармонично сочетается практически с любым интерьером. ]]>
</description>
<param name="Класс мебели">недорогие</param>
<param name="Предназначение">для персонала</param>
<param name="Тип изделия">тумбы</param>
<param name="Материал">ЛДСП</param>
<param name="Вид мебели">корпусная</param>
<param name="Стиль">скандинавский</param>
<param name="Местоположение">в кабинет</param>
<param name="Особенности">для домашнего кабинета</param>
<param name="Цвет">Белый</param>
<param name="Гарантия">5 лет</param>
</offer>
<offer id="100" available="false">
<name>Тумба мобильная Barsky Homework Game Blue THG-01</name>
<model>THG-01</model>
<url>
<![CDATA[ https://barsky.ua/tumba_mobilnaya_barsky_homework_game_blue_thg-01/ ]]>
</url>
<price>2499</price>
<oldprice>2950</oldprice>
<currencyId>UAH</currencyId>
<categoryId>1</categoryId>
<picture>https://barsky.ua/image/catalog/Photo_Marketplace/THG-01/THG-01_002.jpg</picture>
<picture>https://barsky.ua/image/catalog/Photo_Marketplace/THG-01/THG-01_001.jpg</picture>
<vendor>Barsky</vendor>
<stock_quantity>0</stock_quantity>
<description>
<![CDATA[ Описание тумбы с выдвижными ящиками на колесах Barsky Homework Game Blue THG-01: Компактная и маневренная тумбочка на колесах. В тумбе три выдвижных ящика на телескопических направляющих. Выполнена из ЛДСП. Сама тумба черного цвета, с синей кромкой. Размеры тумбы: 400 мм х 430 мм х 600 мм. Колесная база из прорезиненных колесиков дает легкость транспортировки по любому типу напольного покрытия, под ней легко убрать и не будет накапливаться пыль. Тумбу можно использовать отдельно для хранения вещей или как дополнение компьютерного стола. Благодаря колесам она свободно заезжает под стол, можно использовать как: дополнительное место для принтера, подойдет для хранения бумаг, личных вещей, посуды. Отдельно можно использовать в детской для хранения игрушек или в прихожей. Вместе со столами серии Barsky Homework Game составляют гармоничный комплект в едином стиле. ]]>
</description>
<param name="Класс мебели">недорогие</param>
<param name="Предназначение">для документов</param>
<param name="Тип изделия">тумбы</param>
<param name="Материал">ЛДСП</param>
<param name="Вид мебели">корпусная</param>
<param name="Стиль">современный</param>
<param name="Местоположение">в кабинет</param>
<param name="Особенности">для домашнего кабинета</param>
<param name="Форма">ассиметричные</param>
<param name="Материал столешницы">ДСП</param>
<param name="Цвет">Черный/синий</param>
<param name="Глубина">420</param>
<param name="Ширина">400</param>
<param name="Высота">620</param>
<param name="Гарантия">5 лет</param>
</offer>
<offer id="102" available="false">
<name>Тумба мобильная Barsky Homework Game White THG-03</name>
<model>THG-03</model>
<url>
<![CDATA[ https://barsky.ua/tumba_mobilnaya_barsky_homework_game_white_thg-03/ ]]>
</url>
<price>2499</price>
<oldprice>2950</oldprice>
<currencyId>UAH</currencyId>
<categoryId>1</categoryId>
<picture>https://barsky.ua/image/catalog/Photo_Marketplace/THG-03/THG-03_001.jpg</picture>
<picture>https://barsky.ua/image/catalog/Photo_Marketplace/THG-03/THG-03_002.jpg</picture>
<vendor>Barsky</vendor>
<stock_quantity>0</stock_quantity>
<description>
<![CDATA[ Описание тумбы с выдвижными ящиками на колесах Barsky Homework Game White THG-03: Компактная и маневренная тумбочка на колесах. В тумбе три выдвижных ящика на телескопических направляющих. Выполнена из ЛДСП. Сама тумба черного цвета, с белой кромкой. Размеры тумбы: 400 мм х 430 мм х 600 мм. Колесная база из прорезиненных колесиков дает легкость транспортировки по любому типу напольного покрытия, под ней легко убрать и не будет накапливаться пыль. Тумбу можно использовать отдельно для хранения вещей или как дополнение компьютерного стола. Благодаря колесам она свободно заезжает под стол, можно использовать как: дополнительное место для принтера, подойдет для хранения бумаг, личных вещей, посуды. Отдельно можно использовать в детской для хранения игрушек или в прихожей. Вместе со столами серии Barsky Homework Game составляют гармоничный комплект в едином стиле. ]]>
</description>
<param name="Класс мебели">недорогие</param>
<param name="Предназначение">для документов</param>
<param name="Тип изделия">тумбы</param>
<param name="Материал">ЛДСП</param>
<param name="Вид мебели">корпусная</param>
<param name="Стиль">современный</param>
<param name="Местоположение">в кабинет</param>
<param name="Особенности">для домашнего кабинета</param>
<param name="Форма">ассиметричные</param>
<param name="Материал столешницы">ДСП</param>
<param name="Цвет">Черный/белый</param>
<param name="Глубина">420</param>
<param name="Ширина">400</param>
<param name="Высота">620</param>
<param name="Гарантия">5 лет</param>
</offer>
<offer id="103" available="true">
<name>Тумба мобильная Barsky Office WhiteOregon OFWO-05</name>
<model>OFWO-05</model>
<url>
<![CDATA[ https://barsky.ua/tumba_mobilnaya_barsky_office_whiteoregon_ofwo-05/ ]]>
</url>
<price>3500</price>
<currencyId>UAH</currencyId>
<categoryId>1</categoryId>
<picture>https://barsky.ua/image/catalog/Photo_Marketplace/OFWO-05/OFWO-05_001.jpg</picture>
<picture>https://barsky.ua/image/catalog/Photo_Marketplace/OFWO-05/OFWO-05_003.jpg</picture>
<picture>https://barsky.ua/image/catalog/Photo_Marketplace/OFWO-05/OFWO-05_002.jpg</picture>
<vendor>Barsky</vendor>
<stock_quantity>0</stock_quantity>
<description>
<![CDATA[ Описание мобильной тумбы с ящиками Barsky Office WhiteOregon OFWO-05: Маневренная небольшая тумба с выдвижными ящиками на телескопических направляющих. Материал корпуса выполнен из ЛДСП, верхняя часть - износоустойчивая светлая экокожа. Можно использовать как место для сидения, например в прихожей или зоне ожидания. На тумбе усиленные колеса, поэтому она выдерживает до 70 кг нагрузки. Есть три вместительных ящика для документов, личных вещей или канцелярских товаров. Тумба легко передвигается за счет 4-х колесиков. Подойдет: для офисов, домашнего кабинета, прихожей детской комнаты. Размеры тумбы: 420 мм. х 420 мм. х 620 мм. Изготовлено в Украине. Белый цвет с текстурой светлого дерева хорошо вписывается в интерьер. Вместе со столами из коллекции Barsky Office составляет комплект в едином стиле. Или можно собрать целую станцию со скидкой 10%! ]]>
</description>
<param name="Класс мебели">недорогие</param>
<param name="Предназначение">для персонала</param>
<param name="Тип изделия">тумбы</param>
<param name="Материал">ЛДСП</param>
<param name="Вид мебели">корпусная</param>
<param name="Стиль">скандинавский</param>
<param name="Местоположение">в прихожую</param>
<param name="Особенности">для домашнего кабинета</param>
<param name="Цвет">Бежевый</param>
<param name="Гарантия">5 лет</param>
</offer>
<offer id="104" available="false">
<name>Регулируемый стол Barsky StandUp Memory electric black 1350*670 BSU_el-02</name>
<model>BSU_el-02</model>
<url>
<![CDATA[ https://barsky.ua/reguliruemij_stol_barsky_standup_memory_black_bsu_el-02/ ]]>
</url>
<price>12750</price>
<currencyId>UAH</currencyId>
<categoryId>3</categoryId>
<picture>https://barsky.ua/image/catalog/stoli/BSU_el-02/BSU_el-02_475x600_A3.png</picture>
<picture>https://barsky.ua/image/catalog/stoli/BSU_el-02/BSU_el-02_5.jpg</picture>
<picture>https://barsky.ua/image/catalog/stoli/BSU_el-02/BSU_el-02_4.jpg</picture>
<picture>https://barsky.ua/image/catalog/stoli/BSU_el-02/BSU_el-02_3.jpg</picture>
<picture>https://barsky.ua/image/catalog/stoli/BSU_el-02/BSU_el-02_2.jpg</picture>
<picture>https://barsky.ua/image/catalog/stoli/BSU_el-02/BSU_el-02_1.jpg</picture>
<vendor>Barsky</vendor>
<stock_quantity>0</stock_quantity>
<description>
<![CDATA[ Описание регулируемого стола с покрытием &quot;карбон&quot; Barsky StandUp Memory electric black 1350*670 BSU_el-02: Стол с регулировкой высоты. Управление с дисплея на столешнице. Поднимается стол с помощью мотора, который размещен в царге под столешницей. Размер столешницы 1350*670 мм. Высота регулируется от 710 до 1200 мм. Механизм подъема спрятан во внутренних частях металлических ножек стола. Стол поднимается плавно и бесшумно. Регулируемый стол удобен тем, что его можно подстроить под любой рост, если вы планируете работать только сидя. Но главная фишка всех подъемных столов в том, что одним нажатием кнопки не отрываясь от работы вы можете изменить положение и продолжать работать. Польза работы стоя в том, что вы чаще меняете положение, а значит чаще двигаетесь в течение дня. Кроме того, ваши ткани не испытывают весь день давление кресла и у вас не будет ощущения онемения в конце рабочего дня. Мышцы сгибатели бедра не находятся в постоянном напряжении. Поясница также не перенапряжена целый день. За счет частой смены положения работают разные мышцы. Дополнительные функции стола: режим памяти положений таймер защита от защемлений Именно в этой модели столешница в форме &quot;косточка&quot;, такая форма позволяет пользователю максимально близко пододвинуться к столу и опереть локти на столешницу. Стол черного цвета. Столешница покрыта черной матовой пленкой &quot;карбон&quot; понравится геймерам. Также такой стол подойдет детям, студентам, удаленным или офисным работникам, фрилансерам и всем кто подолгу работает за компьютером. ]]>
</description>
<param name="Форма">ассиметричные</param>
<param name="Материал столешницы">ДСП</param>
<param name="Материал ножек">металл</param>
<param name="Цвет">Черный</param>
<param name="Глубина">670</param>
<param name="Ширина">1350</param>
<param name="Высота">710-1210 мм</param>
<param name="Гарантия">5 лет</param>
</offer>
<offer id="105" available="false">
<name>Регулируемый стол Barsky StandUp Memory All White electric 2 motors hpl 1350*670 BSUAW_el-01</name>
<model>BSUAW_el-01</model>
<url>
<![CDATA[ https://barsky.ua/reguliruemij_stol_barsky_standup_memory_white_2_motors__hpl_bsuaw_el-01/ ]]>
</url>
<price>24900</price>
<currencyId>UAH</currencyId>
<categoryId>3</categoryId>
<picture>https://barsky.ua/image/catalog/stoli/BSUAW_el-01/BSUAW_el-01_475x600-A3.jpg</picture>
<picture>https://barsky.ua/image/catalog/stoli/BSUAW_el-01/BSUAW_el-01_4.jpg</picture>
<picture>https://barsky.ua/image/catalog/stoli/BSUAW_el-01/BSUAW_el-01_3.jpg</picture>
<picture>https://barsky.ua/image/catalog/stoli/BSUAW_el-01/BSUAW_el-01_2.jpg</picture>
<picture>https://barsky.ua/image/catalog/stoli/BSUAW_el-01/BSUAW_el-01_1.jpg</picture>
<vendor>Barsky</vendor>
<stock_quantity>0</stock_quantity>
<description>
<![CDATA[ Описание двухмоторного регулируемого стола Barsky StandUp Memory BSUAW_el-01 для работы стоя и сидя: Двухмоторный подъемный стол от одномоторного отличается чуть более плавным и тихим ходом и большей грузоподъемностью - до 70 кг. Столешница формы &quot;косточка&quot; покрыта HPL-пластиком белого цвета. HPL-пластик это износостойкое экологичное покрытие белого цвета. Такая столешница: не боится царапин можно ставить горячее поверхность пиши-стирай для маркера легко моется Высота регулируется с помощью пульта управления от 710 мм до 1210 мм. В любом положении стол устойчивый. Подключается к розетке. Регулируемый стол запоминает три положения высоты, есть таймер. Можно запрограммировать стол менять положение до нужной высоты через заданный промежуток времени. Вместе с любым креслом из каталога кресел, вы получаете готовую рабочую станцию со скидкой 10%! ]]>
</description>
<param name="Предназначение">для работы дома</param>
<param name="Стиль">лофт</param>
<param name="Особенности">регулируемые по высоте</param>
<param name="Тип">компьютерные</param>
<param name="Вид">трансформеры</param>
<param name="Размер">средние</param>
<param name="Форма">ассиметричные</param>
<param name="Для скольких человек">для 1-го</param>
<param name="Материал столешницы">HPL- пластик</param>
<param name="Материал корпуса">металл</param>
<param name="Материал ножек">металл</param>
<param name="Цвет">Белый</param>
<param name="Глубина">670</param>
<param name="Ширина">1350</param>
<param name="Высота">710-1210 мм</param>
<param name="Гарантия">5 лет</param>
</offer>
<offer id="106" available="false">
<name>Регулируемый стол Barsky StandUp Memory black electric wooden BSU_el-07</name>
<model>BSU_el-07</model>
<url>
<![CDATA[ https://barsky.ua/reguliruemij_stol_barsky_standup_memory_black_electric_wooden_bsu_el-07/ ]]>
</url>
<price>18500</price>
<currencyId>UAH</currencyId>
<categoryId>3</categoryId>
<picture>https://barsky.ua/image/catalog/stoli/BSU_el-07/BSU_el-07_475x600_A3.png</picture>
<picture>https://barsky.ua/image/catalog/stoli/BSU_el-07/BSU_el-07_6.jpg</picture>
<picture>https://barsky.ua/image/catalog/stoli/BSU_el-07/BSU_el-07_5.jpg</picture>
<picture>https://barsky.ua/image/catalog/stoli/BSU_el-07/BSU_el-07_4.jpg</picture>
<picture>https://barsky.ua/image/catalog/stoli/BSU_el-07/BSU_el-07_3.jpg</picture>
<picture>https://barsky.ua/image/catalog/stoli/BSU_el-07/BSU_el-07_2.jpg</picture>
<picture>https://barsky.ua/image/catalog/stoli/BSU_el-07/BSU_el-07_1.jpg</picture>
<vendor>Barsky</vendor>
<stock_quantity>0</stock_quantity>
<description>
<![CDATA[ Описание стола с электро-регулировкой высоты, USB- портами и выдвижной полкой Barsky StandUp Memory BSU_el-07: Одномоторный регулируемый стол с выдвижной полкой и USB-хабом. Столешница покрыта полимерным слоем с текстурой дерева. Управление сенсорное с пульта управления на столе. Стол очень круто смотрится в интерьере. Эта модель хорошо сочетается с деревянной мебелью. Стол очень уютный, прекрасно подходит для домашнего кабинета. Mатериал покрытия столешницы приятный на ощупь и износостойкий. Основные преимущества: Регулировка высоты в диапазоне от 72 см до 120 см. Есть 4 режима &quot;памяти&quot; высоты. Предусмотрена защита от детей или произвольного нажатия: кнопка блокировки управления. В столешнице есть удобная выдвижная полка для хранения зарядных устройств, канцтоваров или компьютерных аксессуаров. Прямо от стола можно зарядить любые гаджеты благодаря встроенному USB и Type C порту. ]]>
</description>
<param name="Предназначение">для работы дома</param>
<param name="Стиль">классический</param>
<param name="Особенности">регулируемые по высоте</param>
<param name="Вид">эргономичные</param>
<param name="Размер">средние</param>
<param name="Форма">прямоугольные</param>
<param name="Для скольких человек">для 1-го</param>
<param name="Материал столешницы">Закаленное стекло</param>
<param name="Материал корпуса">металл</param>
<param name="Материал ножек">металл</param>
<param name="Цвет">Коричневый</param>
<param name="Глубина">600</param>
<param name="Ширина">1200</param>
<param name="Высота">710-1210 мм</param>
<param name="Гарантия">5 лет</param>
</offer>
<offer id="107" available="true">
<name>Регулируемый стол Barsky StandUp black glass 1200*600 BST-11</name>
<model>BST-11</model>
<url>
<![CDATA[ https://barsky.ua/reguliruemij_stol_barsky_standup_%20black_glass_bst-11/ ]]>
</url>
<price>18500</price>
<currencyId>UAH</currencyId>
<categoryId>3</categoryId>
<picture>https://barsky.ua/image/catalog/stoli/BST-11/0102-Edit копія.jpg</picture>
<picture>https://barsky.ua/image/catalog/stoli/BST-11/0112-Edit копія.jpg</picture>
<picture>https://barsky.ua/image/catalog/stoli/BST-11/0111-Edit.jpg</picture>
<picture>https://barsky.ua/image/catalog/stoli/BST-11/0107-Edit копія.jpg</picture>
<picture>https://barsky.ua/image/catalog/stoli/BST-11/0108-Edit.jpg</picture>
<picture>https://barsky.ua/image/catalog/stoli/BST-11/0103-Edit копія.jpg</picture>
<picture>https://barsky.ua/image/catalog/stoli/BST-11/0115-Edit.jpg</picture>
<picture>https://barsky.ua/image/catalog/stoli/BST-11/0116-Edit.jpg</picture>
<picture>https://barsky.ua/image/catalog/stoli/BST-11/0119-Edit копія.jpg</picture>
<picture>https://barsky.ua/image/catalog/stoli/BST-11/0121-Edit.jpg</picture>
<picture>https://barsky.ua/image/catalog/stoli/BST-11/0122-Edit.jpg</picture>
<picture>https://barsky.ua/image/catalog/stoli/BST-11/0123-Edit.jpg</picture>
<vendor>Barsky</vendor>
<stock_quantity>30</stock_quantity>
<description>
<![CDATA[ Описание регулируемого по высоте стола со столешницей из каленого стекла Barsky StandUp black glass 1200*600 BST-11: Регулируемый офисный стол черный, с закаленным стеклом столешница 1202x602x60мм, один двигатель, рама подъемного стола, 2 сегментных колонны, квадратная раздвижная колонна 60*60 мм, диапазон высоты 720-1200 мм, длина хода 20 . грузоподъемность 50 кг, скорость 20 мм с, светодиодный дисплей, 2 запоминающиеся позиции, встроенный вход USB (2 порта USB 3.0 и 1 порт типа C), ящик для хранения под столешницей, защита от столкновения, чтобы избежать повреждения .. В столешнице есть удобная выдвижная полка для хранения зарядных устройств, канцтоваров или компьютерных аксессуаров. Столы со стеклянной поверхностью очень круто смотрятся в интерьере. Если столешницы из HPL-пластика отлично подойдут домой, к офису, к детской, то эта модель подойдет руководителю или для презентаций и переговоров. Глянцевое стекло, минималистичный дизайн, технологичность и эргономика. ]]>
</description>
<param name="Предназначение">для руководителя</param>
<param name="Стиль">дизайнерский</param>
<param name="Особенности">регулируемые по высоте</param>
<param name="Тип">компьютерные</param>
<param name="Вид">эргономичные</param>
<param name="Размер">средние</param>
<param name="Форма">прямоугольные</param>
<param name="Для скольких человек">для 1-го</param>
<param name="Материал столешницы">Закаленное стекло</param>
<param name="Материал корпуса">металл</param>
<param name="Материал ножек">металл</param>
<param name="Цвет">Черный</param>
<param name="Глубина">600</param>
<param name="Ширина">1200</param>
<param name="Высота">710-1210 мм</param>
<param name="Гарантия">5 лет</param>
<param name="Дополнительные характеристики">Регулируемый офисный стол BST-11 черный, с закаленным стеклом столешница 1202x602x60мм, один двигатель, рама подъемного стола, 2 сегментных колонны, квадратная расдвижная колонна 60*60 мм, диапазон высоты 720-1200 мм, длина 2 О, макс. грузоподъемность 50 кг, скорость 20 мм с, светодиодный дисплей, 2 запоминающиеся позиции, встроенный вход USB (2 порта USB 3.0 и 1 порт типа C), ящик для хранения под столешницей, защита от столкновения, чтобы избежать повреждения.</param>
</offer>
<offer id="108" available="false">
<name>Регулируемый стол Barsky StandUp Memory electric black carbon 1400*690 BSU_el-04</name>
<model>BSU_el-04</model>
<url>
<![CDATA[ https://barsky.ua/reguliruemiy_stol_barsky_standup_memory_electric_black_carbon_bsu_el-04/ ]]>
</url>
<price>12750</price>
<currencyId>UAH</currencyId>
<categoryId>3</categoryId>
<picture>https://barsky.ua/image/catalog/stoli/BSU_el-04/BSU_el-04_475x600_A3.png</picture>
<picture>https://barsky.ua/image/catalog/stoli/BSU_el-04/BSU_el-04_2.jpg</picture>
<picture>https://barsky.ua/image/catalog/stoli/BSU_el-04/BSU_el-04_1.jpg</picture>
<vendor>Barsky</vendor>
<stock_quantity>0</stock_quantity>
<description>
<![CDATA[ Описание стол с регулируемой высотой с большой столешницей Barsky StandUp Memory electric black carbon 1400*690 BSU_el-04 для геймеров: Стол с регулировкой высоты. Управление с дисплея на столешнице. Столешница большая, размером 1400*690 мм. Высота стола регулируется от 710 до 120 мм. Поднимается стол с помощью мотора, который размещен в царге под столешницей. Механизм подъема спрятан во внутренних частях ножек стола. Опоры металлические. Стол поднимается плавно и бесшумно. Регулируемый стол удобен тем, что его можно подстроить под любой рост, если вы планируете работать только сидя. Но главная фишка всех подъемных столов в том, что одним нажатием кнопки вы можете изменить положение и продолжать работать. Дополнительные функции стола: режим памяти положений таймер защита от защемлений Именно в этой модели столешница ассиметричной формы в геймерском стиле. Хорошо сочетается с другой игровой мебелью и гаджетами. Стол черного цвета. Столешница покрыта черной матовой пленкой &quot;карбон&quot;. В подарок к столу предлагаем большую геймерскую поверхность на всю площадь стола! Такой стол подойдет всем, кто подолгу работает за компьютером, особенно понравиться любителям компьютерных игр. ]]>
</description>
<param name="Предназначение">для геймеров</param>
<param name="Стиль">современный</param>
<param name="Особенности">регулируемые по высоте</param>
<param name="Тип">геймерские</param>
<param name="Вид">эргономичные</param>
<param name="Размер">большие</param>
<param name="Форма">ассиметричные</param>
<param name="Для скольких человек">для 1-го</param>
<param name="Материал столешницы">ДСП/Пленка</param>
<param name="Материал корпуса">металл</param>
<param name="Материал ножек">металл</param>
<param name="Цвет">Черный</param>
<param name="Глубина">690</param>
<param name="Ширина">1400</param>
<param name="Высота">710-1210 мм</param>
<param name="Гарантия">5 лет</param>
</offer>
<offer id="109" available="false">
<name>Регулируемый стол Barsky StandUp Memory electric white 1350*670 BSU_el-03</name>
<model>BSU_el-03</model>
<url>
<![CDATA[ https://barsky.ua/reguliruemij_stol_barsky_standup_memory_white_bsu_el-03/ ]]>
</url>
<price>12750</price>
<currencyId>UAH</currencyId>
<categoryId>3</categoryId>
<picture>https://barsky.ua/image/catalog/stoli/BSU_el-03/BSU_el-03_475x600-A3.jpg</picture>
<picture>https://barsky.ua/image/catalog/stoli/BSU_el-03/BSU_el-03_4.jpg</picture>
<picture>https://barsky.ua/image/catalog/stoli/BSU_el-03/BSU_el-03_3.jpg</picture>
<picture>https://barsky.ua/image/catalog/stoli/BSU_el-03/BSU_el-03_2.jpg</picture>
<picture>https://barsky.ua/image/catalog/stoli/BSU_el-03/BSU_el-03_1.jpg</picture>
<vendor>Barsky</vendor>
<stock_quantity>0</stock_quantity>
<description>
<![CDATA[ Описание регулируемого стола с покрытием &quot;карбон&quot; Barsky StandUp Memory electric white 1350*670 BSU_el-03: Стол с регулировкой высоты. Управление с дисплея на столешнице. Поднимается стол с помощью мотора, который размещен в царге под столешницей. Размер столешницы 1350*670 мм. Высота регулируется от 710 до 1200 мм. Механизм подъема спрятан во внутренних частях ножек стола. Стол поднимается плавно и бесшумно. Регулируемый стол удобен тем, что его можно подстроить под любой рост, если вы планируете работать только сидя. Но главная фишка всех подъемных столов в том, что одним нажатием кнопки не отрываясь от работы вы можете изменить положение и продолжать работать. Польза работы стоя в том, что вы чаще меняете положение, а значит чаще двигаетесь в течение дня. Кроме того, ваши ткани не испытывают весь день давление кресла и у вас не будет ощущения онемения в конце рабочего дня. Мышцы сгибатели бедра не находятся в постоянном напряжении. Поясница также не перенапряжена целый день. За счет частой смены положения работают разные мышцы. Дополнительные функции стола: режим памяти положений таймер защита от защемлений Именно в этой модели столешница в форме &quot;косточка&quot;, такая форма позволяет пользователю максимально близко пододвинуться к столу и опереть локти на столешницу. Опоры стола черного цвета. Столешница покрыта белым HPL-пластиком, по которому можно писать, как по маркерной доске.. Также такой стол подойдет детям, студентам, удаленным или офисным работникам, фрилансерам и всем кто подолгу работает за компьютером. ]]>
</description>
<param name="Предназначение">для работы дома</param>
<param name="Стиль">хай-тек</param>
<param name="Особенности">регулируемые по высоте</param>
<param name="Вид">эргономичные</param>
<param name="Размер">средние</param>
<param name="Форма">фигурные</param>
<param name="Для скольких человек">для 1-го</param>
<param name="Материал столешницы">HPL- пластик</param>
<param name="Материал корпуса">металл</param>
<param name="Материал ножек">металл</param>
<param name="Цвет">Белый</param>
<param name="Глубина">670</param>
<param name="Ширина">1350</param>
<param name="Высота">710-1210 мм</param>
<param name="Гарантия">5 лет</param>
</offer>
<offer id="110" available="false">
<name>Регулируемый стол Barsky StandUp Memory electric white hpl 1200*600 BSU_el-08</name>
<model>BSU_el-08</model>
<url>
<![CDATA[ https://barsky.ua/reguliruemiy_stol_barsky_standup_memory_electric_white_hpl_bsu_el-08/ ]]>
</url>
<price>11850</price>
<currencyId>UAH</currencyId>
<categoryId>3</categoryId>
<picture>https://barsky.ua/image/catalog/stoli/BSU_el-08/BSU_el-08_475x600-A3.jpg</picture>
<picture>https://barsky.ua/image/catalog/stoli/BSU_el-08/BSU_el-08_5.jpg</picture>
<picture>https://barsky.ua/image/catalog/stoli/BSU_el-08/BSU_el-08_4.jpg</picture>
<picture>https://barsky.ua/image/catalog/stoli/BSU_el-08/BSU_el-08_3.jpg</picture>
<picture>https://barsky.ua/image/catalog/stoli/BSU_el-08/BSU_el-08_2.jpg</picture>
<picture>https://barsky.ua/image/catalog/stoli/BSU_el-08/BSU_el-08_1.jpg</picture>
<vendor>Barsky</vendor>
<stock_quantity>0</stock_quantity>
<description>
<![CDATA[ Описание регулируемого стола Barsky StandUp Memory electric white hpl 1200*600 BSU_el-08: Одномоторный электрический стол за которым удобно работать стоя и сидя. Позволяет менять положение и двигаться не отрываясь от рабочего процесса. Столешница из HPL-пластика белого цвета. По форме столешница прямоугольная с эргономичным вырезом. Основные характеристики: Высота регулируется от 710 мм до 1210 мм. Запоминает три положения высоты. Есть таймер. Можно настроить через какой промежуток времени необходимо изменить положение. По истечении этого времени стол сигнализирует, что пора менять позицию. Столешницу можно использовать как маркерную доску. Благодаря т-образным опорам и регулируемым винтам на ножках, стол можно ровно выставить на любой поверхности и он будет устойчивым даже в самом высоком положении. Подключается стол к розетке. Именно эта модель компактных размеров и подойдет для любого помещения. Если вам нужна столешница большего размера, обратите внимание на другие регулируемые столы. Также можно использовать столешницу побольше для этих же опор. Чтобы спрятать провод от стола и другие провода от компьютера, используйте гибкий кабель-канал. Подъемные столы улучшают эргономику рабочего пространства. Настраиваются по росту любого пользователя и нивелируют вред сидячей работы. Вместе с любым креслом из каталога, вы получаете готовую рабочую станцию со скидкой 10%! ]]>
</description>
<param name="Предназначение">в кабинет</param>
<param name="Стиль">хай-тек</param>
<param name="Особенности">регулируемые по высоте</param>
<param name="Тип">компьютерные</param>
<param name="Вид">эргономичные</param>
<param name="Размер">маленькие</param>
<param name="Форма">прямоугольные</param>
<param name="Для скольких человек">для 1-го</param>
<param name="Материал столешницы">ДСП</param>
<param name="Материал корпуса">металл</param>
<param name="Материал ножек">металл</param>
<param name="Цвет">Белый</param>
<param name="Глубина">600</param>
<param name="Ширина">1200</param>
<param name="Высота">710-1210 мм</param>
<param name="Гарантия">5 лет</param>
</offer>
<offer id="114" available="false">
<name>Регулируемый стол Barsky StandUp Memory electric красный чили ДСП 1200*600 BSU_el-10</name>
<model>BSU_el-10</model>
<url>
<![CDATA[ https://barsky.ua/reguliruemij_stol_barsky_standup_memory_chili_dsp_bsu_el-10/ ]]>
</url>
<price>11490</price>
<currencyId>UAH</currencyId>
<categoryId>3</categoryId>
<picture>https://barsky.ua/image/catalog/stoli/BSU_el-10/BSU_el-10_475x600_A3.png</picture>
<picture>https://barsky.ua/image/catalog/stoli/BSU_el-10/BSU_el-10_4.jpg</picture>
<picture>https://barsky.ua/image/catalog/stoli/BSU_el-10/BSU_el-10_3.jpg</picture>
<picture>https://barsky.ua/image/catalog/stoli/BSU_el-10/BSU_el-10_2.jpg</picture>
<picture>https://barsky.ua/image/catalog/stoli/BSU_el-10/BSU_el-10_1.jpg</picture>
<vendor>Barsky</vendor>
<stock_quantity>0</stock_quantity>
<description>
<![CDATA[ Описание регулируемого стола Barsky StandUp Memory electric красный чили ДСП 1200*600 BSU_el-10: Одномоторный электрический стол за которым удобно работать стоя и сидя. Позволяет менять положение и двигаться не отрываясь от рабочего процесса. Столешница из ДСП ярко красного цвета. По форме столешница прямоугольная с эргономичным вырезом. Основные характеристики: Высота регулируется от 710 мм до 1210 мм. Запоминает три положения высоты. Есть таймер. Можно настроить через какой промежуток времени необходимо изменить положение. По истечении этого времени стол сигнализирует, что пора менять позицию. Благодаря т-образным опорам и регулируемым винтам на ножках, стол можно ровно выставить на любой поверхности и он будет устойчивым даже в самом высоком положении. Подключается стол к розетке. Именно эта модель компактных размеров и подойдет для любого помещения. Если вам нужна столешница большего размера, обратите внимание на другие регулируемые столы. Также можно использовать столешницу побольше для этих же опор. Чтобы спрятать провод от стола и другие провода от компьютера, используйте гибкий кабель-канал. Подъемные столы улучшают эргономику рабочего пространства. Настраиваются по росту любого пользователя и нивелируют вред сидячей работы. Вместе с любым креслом из каталога, вы получаете готовую рабочую станцию со скидкой 10%! ]]>
</description>
<param name="Предназначение">для работы дома</param>
<param name="Стиль">дизайнерский</param>
<param name="Особенности">регулируемые по высоте</param>
<param name="Тип">компьютерные</param>
<param name="Вид">эргономичные</param>
<param name="Размер">маленькие</param>
<param name="Форма">прямоугольные</param>
<param name="Для скольких человек">для 1-го</param>
<param name="Материал столешницы">ДСП</param>
<param name="Материал корпуса">металл</param>
<param name="Материал ножек">металл</param>
<param name="Цвет">Красный</param>
<param name="Глубина">600</param>
<param name="Ширина">1200</param>
<param name="Высота">710-1210 мм</param>
<param name="Гарантия">5 лет</param>
</offer>
<offer id="117" available="false">
<name>Шкаф с дверью Barsky Office White/Oregon 800x450x2000 OFWO-04</name>
<model>OFWO-04</model>
<url>
<![CDATA[ https://barsky.ua/shkaf_barsky_office_whiteoregon_ofwo-04/ ]]>
</url>
<price>7500</price>
<currencyId>UAH</currencyId>
<categoryId>1</categoryId>
<picture>https://barsky.ua/image/catalog/podzakaz/OFWO-04/606d97a084f61575ee677cbd_MK-350x700-OFWO-04.png</picture>
<vendor>Barsky</vendor>
<stock_quantity>0</stock_quantity>
<description>
<![CDATA[ Описание шкафа Barsky Office White/Oregon 800x450x2000 OFWO-04: Удобный шкаф белого цвета с текстурой светлого дерева. Модель с двумя дверьми, внутри две горизонтальные полки и микролифт для вешалок. Шкаф достаточно вместительный. Можно использовать для хранения одежды и обуви, или для хранения личных вещей и бумаг в офисе. Размер шкафа: 800 мм. х 450 мм. х 2000 мм. Корпусы и фасады выполнены из ЛДСП. Светлая мебель хорошо впишется как в офисный интерьер, так и в домашний. Вместе с столом, тумбой и креслом из коллекции Barsky Office можно составить гарнитур в едином стиле. ]]>
</description>
<param name="Класс мебели">недорогие</param>
<param name="Предназначение">для персонала</param>
<param name="Тип изделия">шкафы</param>
<param name="Материал">ЛДСП</param>
<param name="Вид мебели">корпусная</param>
<param name="Стиль">современный</param>
<param name="Местоположение">в кабинет</param>
<param name="Особенности">для маленького офиса</param>
<param name="Цвет">Белый</param>
</offer>
<offer id="122" available="true">
<name>Крісло Barsky ECO Black G-5 slider</name>
<model>G-5</model>
<url>
<![CDATA[ https://barsky.ua/kreslo_barsky_eco_black_g-5_slider/ ]]>
</url>
<price>14500</price>
<oldprice>15500</oldprice>
<currencyId>UAH</currencyId>
<categoryId>2</categoryId>
<picture>https://barsky.ua/image/catalog/kresla/G-5/003.jpg</picture>
<picture>https://barsky.ua/image/catalog/Photo_Marketplace/G-5 Slider/G5-02.jpg</picture>
<picture>https://barsky.ua/image/catalog/Photo_Marketplace/G-5 Slider/G5-03.jpg</picture>
<picture>https://barsky.ua/image/catalog/Photo_Marketplace/G-5 Slider/G5-04.jpg</picture>
<picture>https://barsky.ua/image/catalog/Photo_Marketplace/G-5 Slider/G5-01.jpg</picture>
<vendor>Barsky</vendor>
<stock_quantity>60</stock_quantity>
<description>
<![CDATA[ Ничего не стоит на месте в этом мире, даже если мы имеем дело с идеальным эргономическим креслом. Именно поэтому, мы выпустили обновленный вариант, одного из наших лучших кресел для IT сектора - кресла ECO. Сама по себе концепция ECO, подразумевает долгую и комфортную работу за компьютером с минимальными последствиями для здоровья. Чем это кресло отличается от классических моделей ECO и какие новые решения в нём мы стали использовать, сейчас и рассмотрим. Дизайн и цветовая гамма новая, фактурная сетка Кресло внешне имеет общее сходство с классическим ECO, если говорить о формах. Сразу же бросается в глаза новой тип сетки кресла. Если в классических моделях мы использовали корейскую сетку с абстрактным узором, то в новой модели мы используем абсолютно новый тип сетки. В первую очередь эта сетка имеет специальное плетение - стилизованное под ткань. Приятная на ощупь и гигроскопичная, но устойчивая к растягиванию и деформациям, эта обивка сохранит свой первозданный вид даже через годы использования. За счёт тёмного, однородного окраса сетки, кресло теперь стало более строгим и лаконичным. Особенность нового кресла перед классическими моделями Механизм SLIDER В новом ECO мы используем новый механизм слайдер, который позволяет регулировать расположение сиденья кресла по оси X. За счёт слайдера, можно настроить посадку по глубине. В зависимости от комфортных ощущений. А так же сделать одинаково комфортным для людей с разным ростом. Регулировки ECO Яркой чертой кресла являются возможные регулировки, которые позволят настроить кресло таким образом, чтоб оно было максимально комфортным для пользователя. Спинку кресла можно поднять или опустить тем самым адаптировав её под рост человека. К тому же, спинка кресла имеет поясничную поддержку в форме бабочка, которая также регулируется по высоте. Для поддержки шейно плечевого отдела, в кресле предусмотрен подголовник, он регулируется так же по высоте. Стоит отметить, что подголовник выступает в роли поддержки шеи если вы сидите прямо, а в случае откидывания - становится полновесной поддержкой затылочной части головы. Стоит также отметить подлокотники в этом кресле. 3D подлокотники, регулируются не только по высоте, но и по вылету. Как это выглядит в реальной жизни? Подняв подлокотники до уровня стола, можно выбрать удобное положение для рук, в зависимости от типа работы. К примеру для активной работы с клавиатурой, лучше выбрать положение ёлочкой. Стоит не пренебрегать такими возможностями, ведь правильная поддержка рук при работе - это 100 процентная профилактика туннельного синдрома. Схема регулировок кресла ECO Синхромеханизм Barsky В кресле Eco можно не только работать с комфортом, но и отдыхать. Вы можете зафиксировать угол наклона спинки в удобном для вас положении до 45 градусов. И к примеру откинуться и отдохнуть, сняв напряжение после активной работы. В целом о кресле и приятные фишки Кресло ECO также оснащено съёмной вешалкой для верхней одежды, что особо будет плюсом в условиях офисных помещений. Роликами с обрезиненной окантовкой и увеличенным диаметром 60мм, для мобильности и сохранности напольных покрытий. А также газлифтом наивысшего класса. ]]>
</description>
<param name="Предназначение">для руководителей</param>
<param name="Стиль">современный</param>
<param name="Особенности">эргономические</param>
<param name="Класс кресел">дорогие</param>
<param name="Тип">офисные</param>
<param name="Обивка">сетка</param>
<param name="Уровень жесткости">жесткие</param>
<param name="Основание">на колесах</param>
<param name="Крестовина">хром</param>
<param name="Каркас">пластик</param>
<param name="Механизм качания">с механизмом качания и фиксацией</param>
<param name="Механизмы">синхромеханизм</param>
<param name="Максимальный рост">210 см</param>
<param name="Сидение">с регулировкой глубины сидения</param>
<param name="Спинка">с регулировкой спинки по высоте</param>
<param name="Подлокотники">3D</param>
<param name="Материал подлокотников">мягкие накладки</param>
<param name="Подголовник">с регулируемым подголовником</param>
<param name="Ролики">Силиконовые</param>
<param name="Цвет">Черный</param>
<param name="Гарантия">5 лет</param>
</offer>
<offer id="123" available="true">
<name>Кресло Barsky Freelance BFR-01</name>
<model>BFR-01</model>
<url>
<![CDATA[ https://barsky.ua/kreslo_barsky_freelance_bfr-01/ ]]>
</url>
<price>8890</price>
<currencyId>UAH</currencyId>
<categoryId>2</categoryId>
<picture>https://barsky.ua/image/catalog/kresla/BFR-01/BFR-01_475x600_A2.png</picture>
<picture>https://barsky.ua/image/catalog/kresla/BFR-01/BFR-01_6.jpg</picture>
<picture>https://barsky.ua/image/catalog/kresla/BFR-01/BFR-01_5.jpg</picture>
<picture>https://barsky.ua/image/catalog/kresla/BFR-01/BFR-01_4.jpg</picture>
<picture>https://barsky.ua/image/catalog/kresla/BFR-01/BFR-01_3.jpg</picture>
<picture>https://barsky.ua/image/catalog/kresla/BFR-01/BFR-01_2.jpg</picture>
<picture>https://barsky.ua/image/catalog/kresla/BFR-01/BFR-01_1.jpg</picture>
<vendor>Barsky</vendor>
<stock_quantity>0</stock_quantity>
<description>
<![CDATA[ Описание кресла Barsky Freelance BFR-01: Мягкое кресло в классическом дизайне. Такая модель обеспечивает правильное положение тела во время работы. Благодаря откидной спинке и выдвижной подножке в нем также будет удобно отдохнуть после рабочего дня. Обивка черного цвета из натуральной кожи с хорошо выраженной поясничной подушкой и подголовником. Приятная на ощупь, не пачкается. Крестовина металлическая, с маневренными колесами. Фишки кресла: Не смотря на то, что подлокотники нерегулируемые, конструкция подлокотника позволяет изменить угол наклона спинки. Подлокотники с мягкими накладками для удобства пользователя. Выезжающая подножка. Пользоваться подставкой дл ног удобно, когда вы читаете в кресле или отдыхаете. Во время работы, ее легко можно задвинуть под кресло. Небольшие габариты. Для мягкого кресла эта модель имеет относительно небольшие габариты и может использоваться для работы с любым столом. В отличии от большинства кресел, в этой модели рычаги управления высостой кресла и углом наклона спинки находтся с одной стороны - справа. Так значительно удобнее настраивать кресло под себя. Такое кресло подойдет тем, кто работает на дому, так как позволяет совмещать работу и релакс. Для работы в офисе подойдет как руководителю, так и персоналу. ]]>
</description>
<param name="Предназначение">для руководителей</param>
<param name="Стиль">модерн</param>
<param name="Местоположение">для офиса</param>
<param name="Особенности">дизайнерские</param>
<param name="Класс кресел">недорогие</param>
<param name="Тип">домашнее</param>
<param name="Обивка">натуральная кожа</param>
<param name="Уровень жесткости">мягкие</param>
<param name="Основание">на колесах</param>
<param name="Крестовина">металл</param>
<param name="Каркас">пластик</param>
<param name="Механизм качания">с механизмом качания</param>
<param name="Механизмы">tilt</param>
<param name="Особенности конструкции">с регулировкой высоты</param>
<param name="Оснащение">с поясничной подушкой</param>
<param name="Максимальный рост">200 см</param>
<param name="Сидение">мягкое</param>
<param name="Спинка">с высокой спинкой</param>
<param name="Подлокотники">откидные</param>
<param name="Материал подлокотников">мягкие накладки</param>
<param name="Подголовник">с высоким подголовником</param>
<param name="Ролики">обрезиненные</param>
<param name="Размер">большие</param>
<param name="Цвет">Черный</param>
<param name="Гарантия">5 лет</param>
</offer>
<offer id="124" available="true">
<name>Кресло Barsky Freelance Microfiber BFR-02</name>
<model>BFR-02</model>
<url>
<![CDATA[ https://barsky.ua/kreslo_barsky_freelance_microfiber_bfr-02/ ]]>
</url>
<price>7790</price>
<oldprice>8500</oldprice>
<currencyId>UAH</currencyId>
<categoryId>2</categoryId>
<picture>https://barsky.ua/image/catalog/kresla/BFR-02/BFR-02_475x600_A2.png</picture>
<picture>https://barsky.ua/image/catalog/kresla/BFR-02/BFR-02_6.jpg</picture>
<picture>https://barsky.ua/image/catalog/kresla/BFR-02/BFR-02_5.jpg</picture>
<picture>https://barsky.ua/image/catalog/kresla/BFR-02/BFR-02_4.jpg</picture>
<picture>https://barsky.ua/image/catalog/kresla/BFR-02/BFR-02_3.jpg</picture>
<picture>https://barsky.ua/image/catalog/kresla/BFR-02/BFR-02_2.jpg</picture>
<picture>https://barsky.ua/image/catalog/kresla/BFR-02/BFR-02_1.jpg</picture>
<vendor>Barsky</vendor>
<stock_quantity>50</stock_quantity>
<description>
<![CDATA[ Описание кресла Barsky Freelance BFR-02: Мягкое кресло в классическом дизайне. Такая модель обеспечивает правильное положение тела во время работы. Благодаря откидной спинке и выдвижной подножке в нем также будет удобно отдохнуть после рабочего дня. Обивка черного цвета из микрофибры с хорошо выраженной поясничной подушкой и подголовником. Приятная на ощупь, не пачкается. Крестовина металлическая, с маневренными колесами. Фишки кресла: Не смотря на то, что подлокотники нерегулируемые, конструкция подлокотника позволяет изменить угол наклона спинки. Подлокотники с мягкими накладками для удобства пользователя. Выезжающая подножка. Пользоваться подставкой дл ног удобно, когда вы читаете в кресле или отдыхаете. Во время работы, ее легко можно задвинуть под кресло. Небольшие габариты. Для мягкого кресла эта модель имеет относительно небольшие габариты и может использоваться для работы с любым столом. В отличии от большинства кресел, в этой модели рычаги управления высостой кресла и углом наклона спинки находтся с одной стороны - справа. Так значительно удобнее настраивать кресло под себя. Микрофибра - износостойкая приятная на ощупь ткань, по виду похожа на бархат или велюр. Она не протирается со временем, легко чистится, а выглядит очень уютно и красиво. Такое кресло подойдет тем, кто работает на дому, так как позволяет совмещать работу и релакс. Для работы в офисе отлично подойдет руководителю. ]]>
</description>
<param name="Предназначение">для руководителей</param>
<param name="Материал подлокотников">мягкие накладки</param>
<param name="Цвет">Черный</param>
<param name="Гарантия">5 лет</param>
</offer>
<offer id="127" available="false">
<name>Регульований стіл Barsky StandUp Memory electric white 1400*690 BSU_el-04</name>
<model>BSU_el-04/WHITE</model>
<url>
<![CDATA[ https://barsky.ua/reguliruemij_stol_barsky_standup_memory_white_bsu_el-04/ ]]>
</url>
<price>12750</price>
<currencyId>UAH</currencyId>
<categoryId>3</categoryId>
<picture>https://barsky.ua/image/catalog/stoli/BSU_el-04/BSU_el-04_475x600_A3.png</picture>
<picture>https://barsky.ua/image/catalog/stoli/BSU_el-04/BSU_el-04_2.jpg</picture>
<picture>https://barsky.ua/image/catalog/stoli/BSU_el-04/BSU_el-04_1.jpg</picture>
<vendor>Barsky</vendor>
<stock_quantity>0</stock_quantity>
<description>
<![CDATA[ Текст ]]>
</description>
<param name="Цвет">Черный/белый</param>
</offer>
<offer id="132" available="true">
<name>Игровая станция E-Sports Game Z BES-01/SD-13</name>
<model>BES-01/SD-13</model>
<url>
<![CDATA[ https://barsky.ua/igrovaya_stancya_e-sports_game_z_bes-01sd-13/ ]]>
</url>
<price>13320</price>
<oldprice>14800</oldprice>
<currencyId>UAH</currencyId>
<categoryId>4</categoryId>
<picture>https://barsky.ua/image/catalog/stancii/E-Sports Game/0D2A9416.jpg</picture>
<picture>https://barsky.ua/image/catalog/stancii/E-Sports Game/0D2A9413.jpg</picture>
<picture>https://barsky.ua/image/catalog/stancii/E-Sports Game/0D2A9417.jpg</picture>
<vendor>Barsky</vendor>
<stock_quantity>5</stock_quantity>
<description>
<![CDATA[ Описание игровой станции с подсветкой E-Sports Game Z BES-02 / SD-13: Комфортная игровая станция, состоящая из яркого геймерского кресла и стола с подсветко Основные преимущества кресла: Кресло с обивкой из качественной экокожи черного цвета с красными вставками. Подушка хорошо поддерживает спину и регулируется по высоте. Шейная подушка съемная. Настраивается высота кресла и подлокотники. Классическая для игровых кресел форма &quot;ковша&quot; уютно обнимает со всех сторон. Стол благодаря z-образным опорам стойкий но легкий. Столешница черного цвета с матовым покрытием. Есть подставка под напитки и крючок для наушников или рюкзака. Опоры металлические. Подсветка сбоку столешницы с различными цветами и режимами. Режимы переключаются с пульта дистанционного управления. Подключение через USB порт. ]]>
</description>
<param name="Класс мебели">недорогие</param>
<param name="Готовые решения">геймерские станции</param>
<param name="Предназначение">для дома</param>
<param name="Стиль">современный</param>
<param name="Особенности">LED подсветка</param>
<param name="Цвет">Черный</param>
<param name="Гарантия">5 лет</param>
</offer>
<offer id="134" available="true">
<name>Регульований стіл Barsky StandUp Memory + кабель менеджмент + кронштейн BSU_el-08/BCM-01/BF-01</name>
<model>BSU_el-08/BCM-01/BF-01</model>
<url>
<![CDATA[ https://barsky.ua/reguliruemij_stol_barsky_standup_memory_kabel_menedzhment_kronshteyn_bsu_el-08bcm-01bf-01/ ]]>
</url>
<price>14279</price>
<currencyId>UAH</currencyId>
<categoryId>6</categoryId>
<picture>https://barsky.ua/image/catalog/stoli/BSU_el-08_BCM-01_BF-01/BSU_el-08_BCM-01_BF-01_475x600-A3.jpg</picture>
<picture>https://barsky.ua/image/catalog/stoli/BSU_el-08_BCM-01_BF-01/BSU_el-08_BCM-01_BF-01_1.jpg</picture>
<vendor> </vendor>
<stock_quantity>0</stock_quantity>
<description>
<![CDATA[ Текст ]]>
</description>
<param name="Класс мебели">недорогие</param>
<param name="Готовые решения">комплекты</param>
<param name="Предназначение">для дома</param>
<param name="Стиль">хай-тек</param>
<param name="Особенности">для организации пространства</param>
<param name="Цвет">Белый</param>
</offer>
<offer id="138" available="true">
<name>Кресло Barsky Soft Leather Soft-01</name>
<model>Soft-01</model>
<url>
<![CDATA[ https://barsky.ua/kreslo_barsky_soft_leather_soft-01/ ]]>
</url>
<price>6980</price>
<oldprice>8500</oldprice>
<currencyId>UAH</currencyId>
<categoryId>2</categoryId>
<picture>https://barsky.ua/image/catalog/kresla/Soft-01/Soft-01_475x600-A4.jpg</picture>
<picture>https://barsky.ua/image/catalog/kresla/Soft-01/Soft-01_6.jpg</picture>
<picture>https://barsky.ua/image/catalog/kresla/Soft-01/Soft-01_5.jpg</picture>
<picture>https://barsky.ua/image/catalog/kresla/Soft-01/Soft-01_4.jpg</picture>
<picture>https://barsky.ua/image/catalog/kresla/Soft-01/Soft-01_3.jpg</picture>
<picture>https://barsky.ua/image/catalog/kresla/Soft-01/Soft-01_2.jpg</picture>
<picture>https://barsky.ua/image/catalog/kresla/Soft-01/Soft-01_1.jpg</picture>
<vendor>Barsky</vendor>
<stock_quantity>120</stock_quantity>
<description>
<![CDATA[ Описание кожаного кресла Barsky Soft Leather Soft-01: Мягкое кресло в сдержаном дизайне. Обивка черного цвета из кожи split. Такая обивка сохраняет все качества натуральной кожи, но позволяет сэкономить. За ней легко ухаживать, не парит, приятная на ощупь. Сама модель кресла подойдет как для отдыха, так и для работы. Можно использовать дома или для офиса. Подробнее о модели: крестовина металлическая с маневренными прорезиненными колесами, механизм качания Tilt, газлифт 2 класса, подлокотники нерегулируемые, с мягкими накладками, прогиб в зоне поясницы, оказывает мягкую поддержку, наполнитель не продавливается со временем. Такая модель в наличии в двух вариантах обивки - коже и микрофибре. Микрофибра это износостойкая, мягкая ткань приятная на ощупь. В микрофибре модель предоставлена в черном, сером и коричневом цвете. ]]>
</description>
<param name="Предназначение">для руководителей</param>
<param name="Спинка">с откидной спинкой</param>
<param name="Материал подлокотников">мягкие накладки</param>
<param name="Цвет">Черный</param>
<param name="Гарантия">5 лет</param>
</offer>
<offer id="139" available="true">
<name>Кресло Barsky Soft Microfiber Brown Soft-02</name>
<model>Soft-02</model>
<url>
<![CDATA[ https://barsky.ua/kreslo_barsky_soft_microfiber_brown_soft-02/ ]]>
</url>
<price>6980</price>
<oldprice>8500</oldprice>
<currencyId>UAH</currencyId>
<categoryId>2</categoryId>
<picture>https://barsky.ua/image/catalog/kresla/Soft-02/Soft-02_475x600-A4.jpg</picture>
<picture>https://barsky.ua/image/catalog/kresla/Soft-02/Soft-02_6.jpg</picture>
<picture>https://barsky.ua/image/catalog/kresla/Soft-02/Soft-02_5.jpg</picture>
<picture>https://barsky.ua/image/catalog/kresla/Soft-02/Soft-02_4.jpg</picture>
<picture>https://barsky.ua/image/catalog/kresla/Soft-02/Soft-02_3.jpg</picture>
<picture>https://barsky.ua/image/catalog/kresla/Soft-02/Soft-02_2.jpg</picture>
<picture>https://barsky.ua/image/catalog/kresla/Soft-02/Soft-02_1.jpg</picture>
<vendor>Barsky</vendor>
<stock_quantity>35</stock_quantity>
<description>
<![CDATA[ Описание мягкого кресла Barsky Soft Microfiber Brown Soft-02: Мягкое кресло в сдержаном дизайне. Обивка коричневого цвета из микрофибры. Такая обивка хорошо себя показала в эксплуатиации. За ней легко ухаживать, не парит, приятная на ощупь. Сама модель кресла подойдет как для отдыха, так и для работы. Можно использовать дома или для офиса. Подробнее о модели: крестовина металлическая с маневренными прорезиненными колесами, механизм качания Tilt, газлифт 2 класса, подлокотники нерегулируемые, с мягкими накладками, прогиб в зоне поясницы, оказывает мягкую поддержку, наполнитель не продавливается со временем. Такая модель в наличии в двух вариантах обивки - коже и микрофибре. Кожанное кресло только в черном цвете. В микрофибре модель предоставлена в черном, сером и коричневом цвете. ]]>
</description>
<param name="Предназначение">для руководителей</param>
<param name="Спинка">с откидной спинкой</param>
<param name="Материал подлокотников">мягкие накладки</param>
<param name="Цвет">Коричневый</param>
<param name="Гарантия">5 лет</param>
</offer>
<offer id="140" available="true">
<name>Кресло Barsky Soft Microfiber Grey Soft-03</name>
<model>Soft-03</model>
<url>
<![CDATA[ https://barsky.ua/kreslo_barsky_soft_microfiber_grey_soft-03/ ]]>
</url>
<price>6980</price>
<oldprice>8500</oldprice>
<currencyId>UAH</currencyId>
<categoryId>2</categoryId>
<picture>https://barsky.ua/image/catalog/kresla/Soft-03/Soft-03_475x600-A4.jpg</picture>
<picture>https://barsky.ua/image/catalog/kresla/Soft-03/Soft-03_6.jpg</picture>
<picture>https://barsky.ua/image/catalog/kresla/Soft-03/Soft-03_5.jpg</picture>
<picture>https://barsky.ua/image/catalog/kresla/Soft-03/Soft-03_4.jpg</picture>
<picture>https://barsky.ua/image/catalog/kresla/Soft-03/Soft-03_3.jpg</picture>
<picture>https://barsky.ua/image/catalog/kresla/Soft-03/Soft-03_2.jpg</picture>
<picture>https://barsky.ua/image/catalog/kresla/Soft-03/Soft-03_1.jpg</picture>
<vendor>Barsky</vendor>
<stock_quantity>35</stock_quantity>
<description>
<![CDATA[ Описание мягкого кресла Barsky Soft Microfiber Grey Soft-03: Мягкое кресло в сдержаном дизайне. Обивка серого цвета из микрофибры. Такая обивка хорошо себя показала в эксплуатиации. За ней легко ухаживать, не парит, приятная на ощупь. Сама модель кресла подойдет как для отдыха, так и для работы. Можно использовать дома или для офиса. Подробнее о модели: крестовина металлическая с маневренными прорезиненными колесами, механизм качания Tilt, газлифт 2 класса, подлокотники нерегулируемые, с мягкими накладками, прогиб в зоне поясницы, оказывает мягкую поддержку, наполнитель не продавливается со временем. Такая модель в наличии в двух вариантах обивки - коже и микрофибре. Кожанное кресло только в черном цвете. В микрофибре модель предоставлена в черном, сером и коричневом цвете. ]]>
</description>
<param name="Предназначение">для руководителей</param>
<param name="Стиль">клаcсический</param>
<param name="Местоположение">для офиса</param>
<param name="Особенности">дизайнерские</param>
<param name="Класс кресел">недорогие</param>
<param name="Тип">офисные</param>
<param name="Обивка">микрофибра</param>
<param name="Уровень жесткости">мягкие</param>
<param name="Основание">на колесах</param>
<param name="Крестовина">хром</param>
<param name="Каркас">пластик</param>
<param name="Механизм качания">с механизмом качания</param>
<param name="Механизмы">tilt</param>
<param name="Особенности конструкции">с подлокотниками</param>
<param name="Оснащение">с мягкими подлокотниками</param>
<param name="Максимальный рост">200 см</param>
<param name="Сидение">мягкое</param>
<param name="Ширина сидения, см">50</param>
<param name="Спинка">с откидной спинкой</param>
<param name="Подлокотники">нерегулируемые</param>
<param name="Материал подлокотников">мягкие накладки</param>
<param name="Подголовник">с высоким подголовником</param>
<param name="Ролики">обрезиненные</param>
<param name="Размер">широкие</param>
<param name="Цвет">cерый</param>
<param name="Гарантия">5 лет</param>
<param name="Высота спинки, см">70</param>
</offer>
<offer id="141" available="false">
<name>Кресло Barsky Soft Microfiber Black Soft-04</name>
<model>Soft-04</model>
<url>
<![CDATA[ https://barsky.ua/kreslo_barsky_soft_microfiber_black_soft-04/ ]]>
</url>
<price>8500</price>
<currencyId>UAH</currencyId>
<categoryId>2</categoryId>
<picture>https://barsky.ua/image/catalog/kresla/Soft-04/Soft-04_475x600-A4.jpg</picture>
<picture>https://barsky.ua/image/catalog/kresla/Soft-04/Soft-04_6.jpg</picture>
<picture>https://barsky.ua/image/catalog/kresla/Soft-04/Soft-04_5.jpg</picture>
<picture>https://barsky.ua/image/catalog/kresla/Soft-04/Soft-04_4.jpg</picture>
<picture>https://barsky.ua/image/catalog/kresla/Soft-04/Soft-04_3.jpg</picture>
<picture>https://barsky.ua/image/catalog/kresla/Soft-04/Soft-04_2.jpg</picture>
<picture>https://barsky.ua/image/catalog/kresla/Soft-04/Soft-04_1.jpg</picture>
<vendor>Barsky</vendor>
<stock_quantity>0</stock_quantity>
<description>
<![CDATA[ Описание мягкого кресла Barsky Soft Microfiber Black Soft-04: Мягкое кресло в сдержаном дизайне. Обивка черного цвета из микрофибры. Такая обивка хорошо себя показала в эксплуатиации. За ней легко ухаживать, не парит, приятная на ощупь. Сама модель кресла подойдет как для отдыха, так и для работы. Можно использовать дома или для офиса. Подробнее о модели: крестовина металлическая с маневренными прорезиненными колесами, механизм качания Tilt, газлифт 2 класса, подлокотники нерегулируемые, с мягкими накладками, прогиб в зоне поясницы, оказывает мягкую поддержку, наполнитель не продавливается со временем. Такая модель в наличии в двух вариантах обивки - коже и микрофибре. Кожанное кресло только в черном цвете. В микрофибре модель предоставлена в черном, сером и коричневом цвете. Обновленная линейка мягких, удобных кресел SOFT Неувядающая классика, большие и удобные мягкие кресла SOFT созданные для дома и офиса. Основная философия этого кресла - обволакивающая мягкость, простота и качество. Эти кресла выпускаются в 4 вариантах, которые в свою очередь делятся на две группы по типу обивки. Первые три варианта имеют обивку - микрофибра с высокой степенью аэрации и устойчивости к истиранию. Второй подтип кресла имеет обивку - натуральную кожу. Топология спинки и сидения Мы прекрасно понимаем, насколько важно для человека испытывать комфорт во время длительного пребывания сидя на работе. Именно поэтому, мы разрабатывали кресло с учетом всех анатомических форм человека. Благодаря чему, каждая точка тела, будет иметь нужную поддержку. Давайте ближе рассмотрим карту эргономики. Спинка - имеет три выраженных сегмента: поясничный, срединный и шейный отдел по вертикали, и три отдела по горизонтали - два боковые с поддержкой и один центральный для позвоночного столба. За счёт этого, спина сидящего имеет всестороннюю поддержку на если так можно сказать - 360 градусов. За счёт плотного наполнителя с равной мерой мягкости и жесткости, вес сидящего равномерно распределяется по всей поверхности спинки, без эффекта утопания. Тот же самый подход мы реализовали на сидении. Сидение имеет специальную, выступающую эргономическую губу, для уменьшения давления под коленями, что положительно сказывается на кровообращении в нижних конечностях. Ктом уже, центральная часть более утоплена, что позволяет улучшить кровообращение в органах малого таза. Добавим сюда, выраженную боковую поддержку и отдел для копчика, который поможет снять излишнее давление в основании хребта. На выходе, мы получаем полностью проработанное, эргономически совершенное кресло для работы при этом, в классическом форм факторе. Подлокотники SOFT В этом кресле используются D образные подлокотники, которые прочно крепятся как к сидению, так и спинке, являясь важным связующим звеном и уменьшая возможный люфт. Для того чтоб снизить давление на запястья и на руки пользователя, подлокотники имеют мягкие накладки. К тому же, эти же накладки позволят защитить корпус стола и столешницы от возможных повреждений. Эпилог Barsky Soft имеет все необходимые атрибуты, чтоб стать любимым креслом дома или в офисе. На первый взгляд классическое кресло, с продуманной эргономикой, станет отличным решением как для домашнего офиса, так и кабинета руководителя. Кожа или микрофибра, алюминиевая крестовина и исключительная надежность. Максимальная простота и эффективность. 4 материала на выбор, 3 цветовых гаммы микрофибра или натуральная кожа. Крайне демократичная цена и 5 лет гарантии всё это обновленные кресла из обновленной линейки SOFT. ]]>
</description>
<param name="Предназначение">для руководителей</param>
<param name="Стиль">клаcсический</param>
<param name="Местоположение">для офиса</param>
<param name="Особенности">дизайнерские</param>
<param name="Класс кресел">недорогие</param>
<param name="Тип">офисные</param>
<param name="Обивка">микрофибра</param>
<param name="Уровень жесткости">мягкие</param>
<param name="Основание">на колесах</param>
<param name="Крестовина">хром</param>
<param name="Каркас">пластик</param>
<param name="Механизм качания">с механизмом качания</param>
<param name="Механизмы">tilt</param>
<param name="Особенности конструкции">с подлокотниками</param>
<param name="Оснащение">с мягкими подлокотниками</param>
<param name="Максимальный рост">200 см</param>
<param name="Сидение">мягкое</param>
<param name="Ширина сидения, см">50</param>
<param name="Спинка">с откидной спинкой</param>
<param name="Подлокотники">нерегулируемые</param>
<param name="Материал подлокотников">мягкие накладки</param>
<param name="Подголовник">с высоким подголовником</param>
<param name="Ролики">обрезиненные</param>
<param name="Размер">широкие</param>
<param name="Цвет">черный</param>
<param name="Гарантия">5 лет</param>
<param name="Высота спинки, см">70</param>
</offer>
<offer id="142" available="false">
<name>Крісло Barsky Mesh Chrome BM-03</name>
<model>BM-03_B</model>
<url>
<![CDATA[ https://barsky.ua/kreslo_barsky_mesh_chrome_bm-03/ ]]>
</url>
<price>5900</price>
<currencyId>UAH</currencyId>
<categoryId>2</categoryId>
<picture>https://barsky.ua/image/catalog/kresla/BM-03_B/BM-03_475x600-A4.jpg</picture>
<picture>https://barsky.ua/image/catalog/kresla/BM-03_B/BM-03_6.jpg</picture>
<picture>https://barsky.ua/image/catalog/kresla/BM-03_B/BM-03_5.jpg</picture>
<picture>https://barsky.ua/image/catalog/kresla/BM-03_B/BM-03_4.jpg</picture>
<picture>https://barsky.ua/image/catalog/kresla/BM-03_B/BM-03_3.jpg</picture>
<picture>https://barsky.ua/image/catalog/kresla/BM-03_B/BM-03_2.jpg</picture>
<picture>https://barsky.ua/image/catalog/kresla/BM-03_B/BM-03_1.jpg</picture>
<vendor>Barsky</vendor>
<stock_quantity>0</stock_quantity>
<description>
<![CDATA[ Описание кресла для работы Barsky Mesh Chrome BM-03: Недорогое и элегантное кресло Barsky Mesh Chrome. Обивка черного цвета из приятной на ощупь экокожи Soft-touch с сеткой на внутренней стороне. У модели хорошо выражена поясничная поддержка. Есть механизм качания (tilt) с фиксацией в вертикальном положении. Основные характеристики: Подлокотники регулируются по высоте. У подголовника регулируется угол наклона и высота. Хромированная крестовина дополняет минималистичный дизайн этой модели. Маневренные колеса не повредят поверхности пола. Кресло достаточно жесткое, подойдет для работы в офисе или дома. Если вы ищете кресло для отдыха, лучше выбрать из серии для релакса. ]]>
</description>
<param name="Предназначение">для персонала</param>
<param name="Стиль">современный</param>
<param name="Местоположение">для офиса</param>
<param name="Особенности">дизайнерские</param>
<param name="Класс кресел">недорогие</param>
<param name="Тип">офисные</param>
<param name="Обивка">экокожа</param>
<param name="Уровень жесткости">жесткие</param>
<param name="Основание">на колесах</param>
<param name="Крестовина">хром</param>
<param name="Каркас">пластик</param>
<param name="Механизм качания">с механизмом качания</param>
<param name="Механизмы">tilt</param>
<param name="Особенности конструкции">с подголовником</param>
<param name="Оснащение">soft-touch</param>
<param name="Максимальный рост">200 см</param>
<param name="Сидение">с регулировкой сидения по высоте</param>
<param name="Ширина сидения, см">48</param>
<param name="Спинка">с сеткой</param>
<param name="Подлокотники">с регулировкой высоты</param>
<param name="Материал подлокотников">пластиковые</param>
<param name="Подголовник">с регулируемым подголовником</param>
<param name="Ролики">Обрезиненные</param>
<param name="Размер">широкие</param>
<param name="Цвет">Черный</param>
<param name="Гарантия">5 лет</param>
<param name="Высота спинки, см">52</param>
</offer>
<offer id="143" available="true">
<name>Крісло Barsky Mesh Chrome BM-09</name>
<model>BM-09</model>
<url>
<![CDATA[ https://barsky.ua/kreslo_barsky_mesh_chrome_bm-09/ ]]>
</url>
<price>4800</price>
<currencyId>UAH</currencyId>
<categoryId>2</categoryId>
<picture>https://barsky.ua/image/catalog/kresla/BM-09/BM-09_1-670x600.jpg</picture>
<picture>https://barsky.ua/image/catalog/kresla/BM-09/BM-09_7-670x600.jpg</picture>
<picture>https://barsky.ua/image/catalog/kresla/BM-09/BM-09_6-670x600.jpg</picture>
<picture>https://barsky.ua/image/catalog/kresla/BM-09/BM-09_5-670x600.jpg</picture>
<picture>https://barsky.ua/image/catalog/kresla/BM-09/BM-09_4-670x600.jpg</picture>
<picture>https://barsky.ua/image/catalog/kresla/BM-09/BM-09_3-670x600.jpg</picture>
<picture>https://barsky.ua/image/catalog/kresla/BM-09/BM-09_2-670x600.jpg</picture>
<vendor> </vendor>
<stock_quantity>1</stock_quantity>
<description>
<![CDATA[ Описание кресла для работы Barsky Mesh Chrome BM-09: Недорогое и элегантное кресло Barsky Mesh Chrome. Обивка черного цвета из приятной на ощупь экокожи Soft-touch с сеткой на внутренней стороне. У модели хорошо выражена поясничная поддержка. Не смотря на то, что в этой модели нет подголовника, сидеть в нем комфортно даже весь рабочий день. Такая модель отлично подойдет для офисов, переговорных, конференц-залов. Есть механизм качания (tilt) с фиксацией в вертикальном положении. Основные характеристики: Подлокотники регулируются по высоте. Хромированная крестовина дополняет минималистичный дизайн этой модели. Маневренные колеса не повредят поверхности пола. Кресло достаточно жесткое, подойдет для работы в офисе или дома. Если вы ищете кресло для отдыха, лучше выбрать из серии для релакса. ]]>
</description>
<param name="Предназначение">для персонала</param>
<param name="Стиль">современный</param>
<param name="Местоположение">для офиса</param>
<param name="Особенности">дизайнерские</param>
<param name="Класс кресел">недорогие</param>
<param name="Тип">офисные</param>
<param name="Обивка">экокожа</param>
<param name="Уровень жесткости">жесткие</param>
<param name="Основание">на колесах</param>
<param name="Крестовина">хром</param>
<param name="Каркас">пластик</param>
<param name="Механизм качания">с механизмом качания</param>
<param name="Механизмы">tilt</param>
<param name="Особенности конструкции">без подголовника</param>
<param name="Оснащение">soft-touch</param>
<param name="Максимальный рост">190 см</param>
<param name="Сидение">с регулировкой сидения по высоте</param>
<param name="Ширина сидения, см">48</param>
<param name="Спинка">с сеткой</param>
<param name="Подлокотники">с регулировкой высоты</param>
<param name="Материал подлокотников">пластиковые</param>
<param name="Подголовник">без подголовника</param>
<param name="Ролики">Обрезиненные</param>
<param name="Размер">широкие</param>
<param name="Цвет">Черный</param>
<param name="Максимальная нагрузка, кг">до 120 кг</param>
<param name="Гарантия">5 лет</param>
<param name="Высота кресла">98-108 мм</param>
<param name="Высота от пола до сиденья">470-570 мм</param>
<param name="Высота подлокотников">280-380 мм</param>
<param name="Высота подголовника">без подголовника</param>
<param name="Высота спинки, см">52</param>
</offer>
<offer id="145" available="false">
<name>Крісло Barsky Black Ergo ERGO-01</name>
<model>ERGO-01</model>
<url>
<![CDATA[ https://barsky.ua/kreslo_barsky_black_ergo-01/ ]]>
</url>
<price>9900</price>
<currencyId>UAH</currencyId>
<categoryId>2</categoryId>
<picture>https://barsky.ua/image/catalog/kresla/ERGO-01/ERGO-01_475x600-A4.jpg</picture>
<picture>https://barsky.ua/image/catalog/kresla/ERGO-01/ERGO-01_6.jpg</picture>
<picture>https://barsky.ua/image/catalog/kresla/ERGO-01/ERGO-01_5.jpg</picture>
<picture>https://barsky.ua/image/catalog/kresla/ERGO-01/ERGO-01_4.jpg</picture>
<picture>https://barsky.ua/image/catalog/kresla/ERGO-01/ERGO-01_3.jpg</picture>
<picture>https://barsky.ua/image/catalog/kresla/ERGO-01/ERGO-01_2.jpg</picture>
<picture>https://barsky.ua/image/catalog/kresla/ERGO-01/ERGO-01_1.jpg</picture>
<vendor>Barsky</vendor>
<stock_quantity>0</stock_quantity>
<description>
<![CDATA[ Текст ]]>
</description>
<param name="Предназначение">для руководителей</param>
<param name="Стиль">хай-тек</param>
<param name="Местоположение">для дома</param>
<param name="Особенности">ортопедические</param>
<param name="Класс кресел">дорогие</param>
<param name="Тип">офисные</param>
<param name="Обивка">ткань/сетка</param>
<param name="Уровень жесткости">жесткие</param>
<param name="Основание">на колесах</param>
<param name="Крестовина">хром</param>
<param name="Каркас">пластик</param>
<param name="Механизм качания">с механизмом качания и фиксацией</param>
<param name="Механизмы">синхромеханизм</param>
<param name="Особенности конструкции">со спинкой</param>
<param name="Оснащение">с динамической поддержкой</param>
<param name="Максимальный рост">200 см</param>
<param name="Сидение">с регулировкой сидения по высоте</param>
<param name="Ширина сидения, см">50</param>
<param name="Спинка">с регулировкой спинки по высоте</param>
<param name="Подлокотники">2D</param>
<param name="Материал подлокотников">пластиковые</param>
<param name="Подголовник">с регулируемым подголовником</param>
<param name="Ролики">Обрезиненные</param>
<param name="Размер">широкие</param>
<param name="Цвет">Черный</param>
<param name="Гарантия">5 лет</param>
<param name="Высота спинки, см">60</param>
</offer>
<offer id="146" available="false">
<name>Крісло Barsky ECO G-7</name>
<model>G-7</model>
<url>
<![CDATA[ https://barsky.ua/kreslo_barsky_eco_g-7/ ]]>
</url>
<price>11900</price>
<currencyId>UAH</currencyId>
<categoryId>2</categoryId>
<picture>https://barsky.ua/image/catalog/kresla/G-7/G-7_475x600-A4.jpg</picture>
<picture>https://barsky.ua/image/catalog/kresla/G-7/G-7_6.jpg</picture>
<picture>https://barsky.ua/image/catalog/kresla/G-7/G-7_5.jpg</picture>
<picture>https://barsky.ua/image/catalog/kresla/G-7/G-7_4.jpg</picture>
<picture>https://barsky.ua/image/catalog/kresla/G-7/G-7_3.jpg</picture>
<picture>https://barsky.ua/image/catalog/kresla/G-7/G-7_2.jpg</picture>
<picture>https://barsky.ua/image/catalog/kresla/G-7/G-7_1.jpg</picture>
<vendor>Barsky</vendor>
<stock_quantity>0</stock_quantity>
<description>
<![CDATA[ Текст ]]>
</description>
<param name="Предназначение">для фриланса</param>
<param name="Стиль">современный</param>
<param name="Местоположение">для дома</param>
<param name="Особенности">ортопедические</param>
<param name="Класс кресел">дорогие</param>
<param name="Тип">офисные</param>
<param name="Обивка">ткань/сетка</param>
<param name="Уровень жесткости">жесткие</param>
<param name="Основание">на колесах</param>
<param name="Крестовина">хром</param>
<param name="Каркас">пластик</param>
<param name="Механизм качания">с механизмом качания и фиксацией</param>
<param name="Механизмы">синхромеханизм</param>
<param name="Особенности конструкции">для высоких людей</param>
<param name="Оснащение">с динамической поддержкой</param>
<param name="Максимальный рост">210 см</param>
<param name="Сидение">с регулировкой глубины сидения</param>
<param name="Спинка">с поддержкой поясницы</param>
<param name="Подлокотники">с регулировкой высоты</param>
<param name="Материал подлокотников">пластиковые</param>
<param name="Подголовник">с регулируемым подголовником</param>
<param name="Ролики">Обрезиненные</param>
<param name="Размер">широкие</param>
<param name="Цвет">Черный</param>
<param name="Гарантия">5 лет</param>
</offer>
<offer id="150" available="false">
<name>Комп'ютерний стіл Barsky Homework Game Red HG-05 1400*700</name>
<model>HG-05</model>
<url>
<![CDATA[ https://barsky.ua/kompyuterniyo_stl_barsky_homework_game_red_hg-05_1400700/ ]]>
</url>
<price>6275</price>
<currencyId>UAH</currencyId>
<categoryId>3</categoryId>
<picture>https://barsky.ua/image/catalog/stoli/HG-05/HG-05_475x600_A3.png</picture>
<picture>https://barsky.ua/image/catalog/stoli/HG-05/HG-05_3.jpg</picture>
<picture>https://barsky.ua/image/catalog/stoli/HG-05/HG-05_2.jpg</picture>
<picture>https://barsky.ua/image/catalog/stoli/HG-05/HG-05_1.jpg</picture>
<vendor>Barsky</vendor>
<stock_quantity>0</stock_quantity>
<description>
<![CDATA[ Текст ]]>
</description>
<param name="Предназначение">для геймеров</param>
<param name="Стиль">дизайнерский</param>
<param name="Тип">компьютерные</param>
<param name="Вид">эргономичные</param>
<param name="Размер">средние</param>
<param name="Форма">ассиметричные</param>
<param name="Для скольких человек">для 1-го</param>
<param name="Материал столешницы">ДСП</param>
<param name="Материал корпуса">ДСП</param>
<param name="Материал ножек">ДСП</param>
<param name="Цвет">Черный/красный</param>
<param name="Глубина">700</param>
<param name="Ширина">1400</param>
<param name="Высота">730</param>
<param name="Гарантия">5 лет</param>
</offer>
<offer id="151" available="false">
<name>Комп'ютерний стіл Barsky Homework Game Red HG-05 LED 1400*700</name>
<model>HG-05 LED</model>
<url>
<![CDATA[ https://barsky.ua/kompyuterniyo_stl_barsky_homework_game_red_hg-05_led_1400700/ ]]>
</url>
<price>6900</price>
<currencyId>UAH</currencyId>
<categoryId>3</categoryId>
<picture>https://barsky.ua/image/catalog/stoli/HG-05-LED/HG-05-LED_475x600_A3.png</picture>
<picture>https://barsky.ua/image/catalog/stoli/HG-05-LED/HG-05-LED_3.jpg</picture>
<picture>https://barsky.ua/image/catalog/stoli/HG-05-LED/HG-05-LED_2.jpg</picture>
<picture>https://barsky.ua/image/catalog/stoli/HG-05-LED/HG-05-LED_1.jpg</picture>
<vendor>Barsky</vendor>
<stock_quantity>0</stock_quantity>
<description>
<![CDATA[ Текст ]]>
</description>
<param name="Предназначение">для геймеров</param>
<param name="Стиль">дизайнерский</param>
<param name="Особенности">с подсветкой</param>
<param name="Тип">компьютерные</param>
<param name="Вид">эргономичные</param>
<param name="Размер">средние</param>
<param name="Форма">фигурные</param>
<param name="Для скольких человек">для 1-го</param>
<param name="Материал столешницы">ДСП</param>
<param name="Материал корпуса">ДСП</param>
<param name="Материал ножек">ДСП</param>
<param name="Цвет">Черный/красный</param>
<param name="Глубина">700</param>
<param name="Ширина">1400</param>
<param name="Высота">750</param>
<param name="Гарантия">5 лет</param>
</offer>
<offer id="152" available="false">
<name>Комп'ютерний стіл Barsky Homework Game White HG-06 1400*700</name>
<model>HG-06</model>
<url>
<![CDATA[ https://barsky.ua/kompyuterniyo_stl_barsky_homework_game_white_hg-06_1400700/ ]]>
</url>
<price>6275</price>
<currencyId>UAH</currencyId>
<categoryId>3</categoryId>
<picture>https://barsky.ua/image/catalog/stoli/HG-06/HG-06_475x600_A3.png</picture>
<picture>https://barsky.ua/image/catalog/stoli/HG-06/HG-06_4.jpg</picture>
<picture>https://barsky.ua/image/catalog/stoli/HG-06/HG-06_3.jpg</picture>
<picture>https://barsky.ua/image/catalog/stoli/HG-06/HG-06_2.jpg</picture>
<picture>https://barsky.ua/image/catalog/stoli/HG-06/HG-06_1.jpg</picture>
<vendor>Barsky</vendor>
<stock_quantity>0</stock_quantity>
<description>
<![CDATA[ Текст ]]>
</description>
<param name="Предназначение">для геймеров</param>
<param name="Стиль">дизайнерский</param>
<param name="Особенности">с кабель каналом</param>
<param name="Тип">компьютерные</param>
<param name="Вид">эргономичные</param>
<param name="Размер">средние</param>
<param name="Форма">ассиметричные</param>
<param name="Для скольких человек">для 1-го</param>
<param name="Материал столешницы">ДСП</param>
<param name="Материал корпуса">ДСП</param>
<param name="Материал ножек">ДСП</param>
<param name="Цвет">Черный/белый</param>
<param name="Глубина">700</param>
<param name="Ширина">1400</param>
<param name="Высота">730</param>
<param name="Гарантия">5 лет</param>
</offer>
<offer id="153" available="false">
<name>Комп'ютерний стіл Barsky Homework Game White HG-06 LED 1400*700</name>
<model>HG-06 LED</model>
<url>
<![CDATA[ https://barsky.ua/kompyuterniyo_stl_barsky_homework_game_white_hg-06_led_1400700/ ]]>
</url>
<price>6900</price>
<currencyId>UAH</currencyId>
<categoryId>3</categoryId>
<picture>https://barsky.ua/image/catalog/stoli/HG-06-LED/HG-06-LED_475x600_A3.png</picture>
<picture>https://barsky.ua/image/catalog/stoli/HG-06/HG-06_3.jpg</picture>
<picture>https://barsky.ua/image/catalog/stoli/HG-06/HG-06_2.jpg</picture>
<picture>https://barsky.ua/image/catalog/stoli/HG-06/HG-06_1.jpg</picture>
<vendor>Barsky</vendor>
<stock_quantity>0</stock_quantity>
<description>
<![CDATA[ Текст ]]>
</description>
<param name="Предназначение">для геймеров</param>
<param name="Стиль">дизайнерский</param>
<param name="Особенности">с подсветкой</param>
<param name="Тип">компьютерные</param>
<param name="Вид">эргономичные</param>
<param name="Размер">средние</param>
<param name="Форма">ассиметричные</param>
<param name="Для скольких человек">для 1-го</param>
<param name="Материал столешницы">ДСП</param>
<param name="Материал корпуса">ДСП</param>
<param name="Материал ножек">ДСП</param>
<param name="Цвет">Черный/белый</param>
<param name="Глубина">700</param>
<param name="Ширина">1400</param>
<param name="Высота">730</param>
<param name="Гарантия">5 лет</param>
</offer>
<offer id="154" available="true">
<name>Резиновый эргономический коврик для работы стоя AFM-01</name>
<model>AFM-01</model>
<url>
<![CDATA[ https://barsky.ua/rezinoviy_ergonomichniy_kovrik_dlya_raboti_stoya_afm_01/ ]]>
</url>
<price>1569</price>
<oldprice>2375</oldprice>
<currencyId>UAH</currencyId>
<categoryId>5</categoryId>
<picture>https://barsky.ua/image/catalog/Photo_Marketplace/AFM-01/AFM-01_001.jpg</picture>
<picture>https://barsky.ua/image/catalog/Photo_Marketplace/AFM-01/AFM-01_002.jpg</picture>
<vendor>Barsky</vendor>
<stock_quantity>0</stock_quantity>
<description>
<![CDATA[ Текст ]]>
</description>
<param name="Цвет">Черный</param>
</offer>
<offer id="155" available="true">
<name>Геймерська поверхня Barsky Protective Surface 1400*690 BPS-01</name>
<model>BPS-01</model>
<url>
<![CDATA[ https://barsky.ua/geymerskaya_poverkhnost_1400_690_bps-01/ ]]>
</url>
<price>1200</price>
<currencyId>UAH</currencyId>
<categoryId>5</categoryId>
<picture>https://barsky.ua/image/catalog/Photo_Marketplace/BPS-01/20221004_102724.jpg</picture>
<picture>https://barsky.ua/image/catalog/Photo_Marketplace/BPS-01/20221004_102731.jpg</picture>
<picture>https://barsky.ua/image/catalog/Photo_Marketplace/BPS-01/BPS-01_003.jpg</picture>
<vendor>Barsky</vendor>
<stock_quantity>88</stock_quantity>
<description>
<![CDATA[ Идеальное решение для наших подъемных столов. Barsky Protective Surface малого того, что соответствует полностью эргономической формы столешницы и идеально дополнит StandUp превратив в настоящую ультрасовременную игровую станцию. Какие преимущества и фишки у этой игровой поверхности? Прошитая кромка, которая позволит коврику не расслоится даже после долго времени использования. Водонепроницаемая, водоотталкивающая поверхность. Усовершенствованная поверхность для максимального отклика мышки. Нескользящая, резиновая подложка. Высокая эластичность Максимально прост в уходе. Размер поверхности соответствует размеру столешницы 1400мм на 690мм. ]]>
</description>
<param name="Форма">ассиметричные</param>
<param name="Материал столешницы">ПВХ</param>
<param name="Цвет">С рисунком</param>
<param name="Глубина">690</param>
<param name="Ширина">1400</param>
</offer>
<offer id="156" available="true">
<name>Геймерська поверхня Barsky Surface LED 800*300 BSL-01</name>
<model>BSL-01</model>
<url>
<![CDATA[ https://barsky.ua/geymerskaya_poverkhnost_led_800_300_bsl-01/ ]]>
</url>
<price>890</price>
<currencyId>UAH</currencyId>
<categoryId>5</categoryId>
<picture>https://barsky.ua/image/catalog/Photo_Marketplace/BSL-01/BSL-01_001.jpg</picture>
<picture>https://barsky.ua/image/catalog/Photo_Marketplace/BSL-01/IMG_9528.jpg</picture>
<picture>https://barsky.ua/image/catalog/Photo_Marketplace/BSL-01/IMG_9528-1.jpg</picture>
<picture>https://barsky.ua/image/catalog/Photo_Marketplace/BSL-01/IMG_9528Led.jpg</picture>
<picture>https://barsky.ua/image/catalog/Photo_Marketplace/BSL-01/BSL-01_002.jpg</picture>
<picture>https://barsky.ua/image/catalog/Photo_Marketplace/BSL-01/BSL-01_003.jpg</picture>
<vendor>Barsky</vendor>
<stock_quantity>229</stock_quantity>
<description>
<![CDATA[ Коврик понравится тем пользователям, которые ранее купили геймерские станции, но есть желание усовершенствовать стол новыми акцентами - светодиодная подсветка поможет играть даже в темноте без дискомфорта для глаз. Управление кнопочное, от сети. Провод достаточно длинный для удобного расположения на компьютерном столе. Большая площадь коврика позволяет играть комфортно не сковывая движения.Характеристики компьютерного коврика с подсветкой LED. Основное отличие компьютерного коврика - антискользящая поверхность + цветная подсветка LED. Площадь геймерской поверхности достаточная для одновременного расположения мыши игрока и клавиатуры. Не будет мешать поверхность и движениям пользователя: тонкая плотно прилегающая поверхность не создает эффекта возвышенности, все максимально просто и удобно для того, кто набирает текст на клавиатуре или работает с мышью. Преимущества: Легкая установка: все, что нужно - расположить коврик в нужной удаленности от рук, подключив его к сети. Длинный шнур для работы подсветки Легкое управление - специальная кнопка, при нажатии на которую меняется темп освещения и его цвет. 6 режимов для выбора нужной интенсивности цвета. Износоустойчивость - высокопрочные материалы,которые не боятся влаги, трения и механических повреждений ]]>
</description>
<param name="Предназначение">Игровые с подсветкой</param>
<param name="Тип изделия">Control Speed</param>
<param name="Размер">800 х 300 мм</param>
<param name="Форма">прямоугольные</param>
<param name="Материал столешницы">ПВХ</param>
<param name="Цвет">Черный</param>
<param name="Глубина">300</param>
<param name="Ширина">800</param>
<param name="Гарантия">12 месяцев</param>
</offer>
<offer id="158" available="true">
<name>USB-підставка під чашку з підігрівом VR USB HOT CUP CP-190</name>
<model>CP-190</model>
<url>
<![CDATA[ https://barsky.ua/usb-podstavka_z_podogrevom_vr_cp-190/ ]]>
</url>
<price>230</price>
<currencyId>UAH</currencyId>
<categoryId>5</categoryId>
<picture>https://barsky.ua/image/catalog/Photo_Marketplace/CP-109/CP-190_002.jpg</picture>
<picture>https://barsky.ua/image/catalog/Photo_Marketplace/CP-109/CP-190_001.jpg</picture>
<vendor>Barsky</vendor>
<stock_quantity>288</stock_quantity>
<description>
<![CDATA[ USB-подставка для подогрева, или поддержания температуры вашего любимого напитка, прямо на рабочем месте. Удивительное решение, которое позволяет даже при активной работе за компьютером, или просмотре сериала поддерживать напиток с оптимальной температурой на протяжении всего времени. Ведь очень часто мы забываем в силу этих или иных обстоятельств про приготовленный напиток, во время активной работы или увлекательного времяпрепровождения. Наше решение позволит не только сохранить температуру напитка, но и подогреть его. Что же из себя представляет эта USB-подставка? Яркий дизайн, с расцветкой как в голубых тонах, так и розовых. Силиконовый, приятный на ощупь корпус, который отлично аккумулирует вырабатываемое тепло. Скрытый, нагревательный элемент с возможностью нагревания до 40-55 градусов Длинный USB шнур - 1.3 метра, для того чтоб подставку можно было подключить не только к ноутбуку, но и системному блоку. Принцип работы силиконового нагревателя - следующий. Вы включаете свой компьютер или ноутбук утром и подставка начинает нагреваться. Время нагнетания температуры составляет около 10-15 минут, после чего температура стабилизируется на оптимальных показателях для подогрева напитка или сохранения температуры. При этом, нет никаких специальных требований к чашкам. USB-подставка отлично взаимодействует как с металлическими чашками, так и керамическими. ]]>
</description>
<param name="Материал">Силикон</param>
<param name="Размер">Диаметр основы: 9 см, длина USB шнура: 130 см</param>
<param name="Цвет">Розовый</param>
</offer>
<offer id="160" available="true">
<name>Гнучкий тримач для телефону VR MOBILE HOLDER PSH- 0301</name>
<model>PSH- 0301</model>
<url>
<![CDATA[ https://barsky.ua/gibkij_derzhatel_dlya_telefona_vr_mobile_holder_psh_0301/ ]]>
</url>
<price>449</price>
<currencyId>UAH</currencyId>
<categoryId>5</categoryId>
<picture>https://barsky.ua/image/catalog/Photo_Marketplace/PSH-0301/PSH0301_001.jpg</picture>
<picture>https://barsky.ua/image/catalog/Photo_Marketplace/PSH-0301/PSH0301_002.jpg</picture>
<vendor>Barsky</vendor>
<stock_quantity>64</stock_quantity>
<description>
<![CDATA[ Мобильные устройства, давным давно, перешли из разряда средств для телефонии, в полноценные заменители стационарных ПК. Многие обзоры от топовых блогеров, конферен совещания, онлайн конференции, стримы, проходят с помощью мобильных устройств. Именно поэтому, правильное расположение устройства, гарантирует максимум выхлопа в конечном результате. И если вы современный человек, и используете свое устройство на все 100%, то вам просто необходимо обратить внимание на Lazy Holder. Благодаря ему, вы сможете адаптировать ваш мобильный к вашей задаче. Гибкая основа, послужит хорошим и адаптивным штативом для камеры. Прищепка в основе конструкции - это базис для крепления к плоским поверхностям. Высокая мобильность и надежность для трэвел блогеров - просто незаменимы. ]]>
</description>
<param name="Материал">Пластик, металл</param>
<param name="Размер">Длина гибкой основы: 52 см, прищепка 10,5х7 см</param>
<param name="Цвет">Черный</param>
</offer>
<offer id="168" available="false">
<name>Лазерна бездротова клавіатура VR wireless projection keyboard White #M1</name>
<model>White-M1</model>
<url>
<![CDATA[ https://barsky.ua/lazernaya_bezprovodnaya_klaviatura_vr_wireless_projection_keyboard_white_m1/ ]]>
</url>
<price>3350</price>
<oldprice>3770</oldprice>
<currencyId>UAH</currencyId>
<categoryId>5</categoryId>
<picture>https://barsky.ua/image/catalog/Photo_Marketplace/White-M1/White-M1_001.jpg</picture>
<picture>https://barsky.ua/image/catalog/Photo_Marketplace/White-M1/White-M1_004.jpg</picture>
<picture>https://barsky.ua/image/catalog/Photo_Marketplace/White-M1/White-M1_003.jpg</picture>
<picture>https://barsky.ua/image/catalog/Photo_Marketplace/White-M1/White-M1_002.jpg</picture>
<vendor>Barsky</vendor>
<stock_quantity>0</stock_quantity>
<description>
<![CDATA[ Текст ]]>
</description>
<param name="Цвет">Белый</param>
</offer>
<offer id="170" available="true">
<name>Ергономічна подушка для сидіння VR ERGO SEAT SP-1201</name>
<model>SP-1201</model>
<url>
<![CDATA[ https://barsky.ua/ergonomicheskaya_podushka_dlya_sideniya_vr_ergo_seat_sp-1201/ ]]>
</url>
<price>923</price>
<currencyId>UAH</currencyId>
<categoryId>5</categoryId>
<picture>https://barsky.ua/image/catalog/Photo_Marketplace/SP-1201/SP-1201.jpg</picture>
<vendor>Barsky</vendor>
<stock_quantity>0</stock_quantity>
<description>
<![CDATA[ Кто позаботится о вашем здоровье лучше, нежели вы сами? Именно поэтому, люди которые зачастую проводят много времени на работе сидя не раз сталкивались с болезненными ощущениями в спине, да дело кроется конечно в кресле, его необходимо сменить на более эргономичное, к примеру Barsky Team. Но если вы работаете в офисе, и не можете купить кресло на работу, то не отчаивайтесь. Есть более экономное средство для вашей спины, а именно, эргономичная подушка для таза. Не важно, в каком кресле вы сидите, используя эту подушку,наша подушка правильно распределит вес сидящего, при этом снизив давления на органы малого таза. В роли наполнителя, выступает пеноматериал с эффектом памяти, что позволяет подушке полностью адаптироваться под вас.При этом, вы можете её использовать не только на рабочем месте, но к примеру в автомобиле (особо подойдёт дальнобойщикам). ]]>
</description>
<param name="Цвет">Коричневый</param>
</offer>
<offer id="174" available="true">
<name>Ергономічна подушка для попереку і голови VR UNIVERSAL ERGO Backrest MODULE NP-2004</name>
<model>NP-2004</model>
<url>
<![CDATA[ https://barsky.ua/ergonomicheskaya_podushka_dlya_golovi_vr_universal_np-2004/ ]]>
</url>
<price>759</price>
<oldprice>1083</oldprice>
<currencyId>UAH</currencyId>
<categoryId>5</categoryId>
<picture>https://barsky.ua/image/catalog/Photo_Marketplace/NP-2004/NP-2004_001.jpg</picture>
<vendor>Barsky</vendor>
<stock_quantity>8</stock_quantity>
<description>
<![CDATA[ Универсальное решение для работы и отдыха, эргономичная подушка с пеноматериалом memory foam. Благодаря этой подушке, вы сможете дополнить своё старое кресло, новыми эргономичными деталями, тем самым, позаботившись о своем здоровье и самочувствии. Эргономичная форма подушки, идеально подойдет как для поддержки поясницы в момент активной работы, так и в роли подголовника во время отдыха. Съёмный, приятный на ощупь, матерчатый чехол, позволит с легкостью держать подушку в чистоте. К тому же, данный тип ткани - имеет высокую воздухопроводимость и подойдет даже для сна. Размеры эргономичной подушки - Ш26.5 см * Г34.5см * В26.5 см. ]]>
</description>
<param name="Материал">Пеноматериал memory foam</param>
<param name="Размер">26.5 х 34.5х26.5 см</param>
<param name="Цвет">Серый</param>
<param name="Дополнительные характеристики">Съемный чехол с молнией сделан из мягкого материала, который имеет высокую воздухопроводимость</param>
</offer>
<offer id="179" available="true">
<name>Кронштейн для кріплення навушників VR HEADPHONE KEEPER HH-1308 Black</name>
<model>HH-1308/Black</model>
<url>
<![CDATA[ https://barsky.ua/kronshtein_dlya_kreplennia_naushnikov_vr_hh-1308black/ ]]>
</url>
<price>65</price>
<currencyId>UAH</currencyId>
<categoryId>5</categoryId>
<picture>https://barsky.ua/image/catalog/Photo_Marketplace/HH-1308_002/HH_1308Black_002.jpg</picture>
<picture>https://barsky.ua/image/catalog/Photo_Marketplace/HH-1308_002/HH_1308Black_001.jpg</picture>
<vendor>Barsky</vendor>
<stock_quantity>477</stock_quantity>
<description>
<![CDATA[ Провода - атрибут прогресса, если бы не они, не было многих благ, которые ныне на доступны. Но порой, они, провода, даже очень так мешают, создавая путаницу. Один из выходов, это систематизировать расположение устройств на своём рабочем столе, сделать так, чтоб всё необходимое было под рукой. Именно для таких случаев, мы предлагаем очевидное, простое, но от этого не менее практичное решение - монтируемая вешалка для наушников. Благодаря ей, вы сможете держать ваши наушники в выбранном для них месте, при этом. наушники не будут занимать рабочую область стола. Держатель для наушников можно приспособить к вашему монитору или закрепить на кромке стола. Размеры крепления: крючок - 3.5 см в длину, глубина тела крепления - 0.9 см. ]]>
</description>
<param name="Материал">Пластик</param>
<param name="Комплект">Двухсторонняя клейкая лента для крепления изделия.</param>
<param name="Размер">Длина крючка: 3,5 см, глубина тела крепления: 0,9 см</param>
<param name="Цвет">Черный</param>
</offer>
<offer id="180" available="true">
<name>Електричний імпульсний масажер для шиї і спини VR PORTABLE PULSE MASSAGER NM-1804</name>
<model>NM-1804</model>
<url>
<![CDATA[ https://barsky.ua/impulsniy_massazher_dlya_shei_nm-1804/ ]]>
</url>
<price>399</price>
<currencyId>UAH</currencyId>
<categoryId>5</categoryId>
<picture>https://barsky.ua/image/catalog/Photo_Marketplace/NM-1804/NM-1804_001.jpg</picture>
<picture>https://barsky.ua/image/catalog/Photo_Marketplace/NM-1804/NM-1804_002.jpg</picture>
<picture>https://barsky.ua/image/catalog/Photo_Marketplace/NM-1804/NM-1804_004.jpg</picture>
<picture>https://barsky.ua/image/catalog/Photo_Marketplace/NM-1804/NM-1804_003.jpg</picture>
<vendor>Barsky</vendor>
<stock_quantity>35</stock_quantity>
<description>
<![CDATA[ Импульсный массажер VR PORTABLE PULSE, это недорогое, но от того не менее практичное устройство для релакса и снятия напряжения во время работы или путешествий. В отличии от более дорогостоящих моделей, питание данного массажер происходит посредством двух батареек типа AAA, которых должно хватить на 7 часов работы. Данный подход, особенно подойдет для путешественников, ведь нет привязки к всякого роду розеткам а батарейки можно купить в абсолютно любом, местном магазине. Массажер можно переключить в три режима массажа и отдельно отрегулировать интенсивность массажа. Все элементы управления, расположены на корпусе, что опять же имеет очевидные преимущества для туриста. Прочная конструкция из ABS пластика. К тому же, в комплекте с массажером идут дополнительные накладки, которые позволяют стимулировать и другие проблемные зоны тела. ]]>
</description>
<param name="Материал">Пластик, силикон</param>
<param name="Комплект">Массажер, пульт</param>
<param name="Цвет">Белый</param>
<param name="Дополнительные характеристики">Вес: 159,2 г</param>
</offer>
<offer id="182" available="true">
<name>Електричний массажер для шиї і плеч VR PORTABLE Neck massager NM-1901</name>
<model>NM-1901</model>
<url>
<![CDATA[ https://barsky.ua/elektrichesky_massazher_dlya_shei_plech_vr_nm-1901/ ]]>
</url>
<price>1999</price>
<oldprice>2999</oldprice>
<currencyId>UAH</currencyId>
<categoryId>5</categoryId>
<picture>https://barsky.ua/image/catalog/Photo_Marketplace/NM-1901/NM-1901_001.jpg</picture>
<picture>https://barsky.ua/image/catalog/Photo_Marketplace/NM-1901/NM-1901_002.jpg</picture>
<picture>https://barsky.ua/image/catalog/Photo_Marketplace/NM-1901/NM-1901_003.jpg</picture>
<picture>https://barsky.ua/image/catalog/Photo_Marketplace/NM-1901/NM-1901_004.jpg</picture>
<picture>https://barsky.ua/image/catalog/Photo_Marketplace/NM-1901/NM-1901_005.jpg</picture>
<picture>https://barsky.ua/image/catalog/Photo_Marketplace/NM-1901/NM-1901_006.jpg</picture>
<vendor>Barsky</vendor>
<stock_quantity>9</stock_quantity>
<description>
<![CDATA[ МОбильный массажер для шеи, это то, что вам нужно в долгой дороге. Независимо от того, куда вы решили отправиться и насколько ваш день насыщен, вы всегда сможете рассчитывать на расслабляющий массаж, который позволит держать вас в тонусе и позаботиться о здоровье. Благодаря портативному массажеру для шеи и плеч. Размеры этого гаджета всего 14.2 см в ширину и 13.8 см в высоту. К тому же, мобильность достигается за счет использования литиевым аккумулятором объемом 1600 мАч. Поставляется массажер в комплекте с пультом управлением, с помощью которого можно осуществлять управление функциями гаджета. Возможности массажа почти безграничны, предусмотрено 3 режима массажа и 15-ступенчатая регулировка интенсивности (силы) массажа. Так же контактные области имеют постоянную температуру 42 градуса, что позволяет прогревать мышцы, тем самым увеличивая благоприятный эффект в целом. При использовании массажера раз в день по 15 минут, объёма батареи хватит примерно на 1 месяц, при этом, зарядка устройства происходит за 2 часа. Технические характеристики Цвет: белый/розовый/темно-синий Размер: 142*138*60 мм/5,59*5,43*2,36&quot; Материал: АБС + 304 нержавеющая сталь Вес: 160 г Режим зарядки: USB Параметры напряжения: DC5V; 1A; 5 Вт Встроенный литиевый аккумулятор Емкость: 1600 мАч. ]]>
</description>
<param name="Материал">Пластик, силикон</param>
<param name="Комплект">Массажер, пульт</param>
<param name="Цвет">Синий</param>
<param name="Дополнительные характеристики">Вес: 159,2 г</param>
</offer>
<offer id="183" available="true">
<name>Ергономічна геймерська поверхня з подушкою для зап'ястя VR ERGONOMIC SURFACES MP-209</name>
<model>MP-209</model>
<url>
<![CDATA[ https://barsky.ua/podushki_dlya_zapyastya_vr_ergonomic_mp-209/ ]]>
</url>
<price>497</price>
<currencyId>UAH</currencyId>
<categoryId>5</categoryId>
<picture>https://barsky.ua/image/catalog/Photo_Marketplace/MP-209/MP-209_001.jpg</picture>
<picture>https://barsky.ua/image/catalog/Photo_Marketplace/MP-209/MP-209_002.jpg</picture>
<picture>https://barsky.ua/image/catalog/Photo_Marketplace/MP-209/MP-209_004.jpg</picture>
<picture>https://barsky.ua/image/catalog/Photo_Marketplace/MP-209/MP-209_005.jpg</picture>
<picture>https://barsky.ua/image/catalog/Photo_Marketplace/MP-209/MP-209_003.jpg</picture>
<vendor>Barsky</vendor>
<stock_quantity>0</stock_quantity>
<description>
<![CDATA[ Много работаешь за компьютером? Тогда наверняка тебе знакомы болезненные ощущения в кистях рук, от длительного контакта с поверхностью стола. Для нейтрализации этого эффекта, мы предлагаем использовать специальный набор, состоящий из коврика и подложки.Оснащенный эргономическими подушками, этот набор позволит раз и навсегда решить проблему с болезненными ощущениями в запястьях от долгой работы за компьютером Набор включает в себя Подставка для запястья клавиатуры: 45,5*8 см Маленькая подставка для мыши: 13,5*7 см Большой круглый коврик для мыши: 25*23 см Выполненный из водонепроницаемого, водоотталкивающего материала, набор прост в уходе и долговечен. А в роли наполнителя используется пеноматериал с эффектом памяти. ]]>
</description>
<param name="Цвет">Черный</param>
</offer>
<offer id="188" available="true">
<name>Кронштейн для кріплення навушників VR HEADPHONE KEEPER HH-1308 White</name>
<model>HH-1308/White</model>
<url>
<![CDATA[ https://barsky.ua/kronshteyon_dlya_krplennya_navushnikv_vr_headphone_keeper_hh-1308white/ ]]>
</url>
<price>45</price>
<currencyId>UAH</currencyId>
<categoryId>5</categoryId>
<picture>https://barsky.ua/image/catalog/Photo_Marketplace/HH-1308_001/HH-1308_001.jpg</picture>
<vendor>Barsky</vendor>
<stock_quantity>451</stock_quantity>
<description>
<![CDATA[ Провода - атрибут прогресса, если бы не они, не было многих благ, которые ныне на доступны. Но порой, они, провода, даже очень так мешают, создавая путаницу. Один из выходов, это систематизировать расположение устройств на своём рабочем столе, сделать так, чтоб всё необходимое было под рукой. Именно для таких случаев, мы предлагаем очевидное, простое, но от этого не менее практичное решение - монтируемая вешалка для наушников. Благодаря ей, вы сможете держать ваши наушники в выбранном для них месте, при этом. наушники не будут занимать рабочую область стола. Держатель для наушников можно приспособить к вашему монитору или закрепить на кромке стола. Размеры крепления: крючок - 3.5 см в длину, глубина тела крепления - 0.9 см. ]]>
</description>
<param name="Материал">Пластик</param>
<param name="Комплект">Двухсторонняя клейкая лента для крепления изделия.</param>
<param name="Размер">Длина крючка: 3,5 см, глубина тела крепления: 0,9 см</param>
<param name="Цвет">Белый</param>
</offer>
<offer id="190" available="true">
<name>Кронштейн для монітора Barsky Flexispot BF-01</name>
<model>BF-01</model>
<url>
<![CDATA[ https://barsky.ua/kronshteyn_dlya_monitora_barsky_flexispot_bf-01/ ]]>
</url>
<price>2550</price>
<currencyId>UAH</currencyId>
<categoryId>5</categoryId>
<picture>https://barsky.ua/image/catalog/Photo_Marketplace/BF-01/BF-01_001.jpg</picture>
<picture>https://barsky.ua/image/catalog/Photo_Marketplace/BF-01/BF-01_002.jpg</picture>
<vendor>Barsky</vendor>
<stock_quantity>20</stock_quantity>
<description>
<![CDATA[ Текст ]]>
</description>
<param name="Цвет">Черный/серый</param>
</offer>
<offer id="193" available="true">
<name>Клавіатура з підсвіткою VR PRO GAME RGB KEYBOARD DCS-1028 EN/RU</name>
<model>DCS-1028 EN/RU</model>
<url>
<![CDATA[ https://barsky.ua/klaviatura_z_podsvetkoy_vr_pro_game_dcs-1028_enru/ ]]>
</url>
<price>933</price>
<currencyId>UAH</currencyId>
<categoryId>5</categoryId>
<picture>https://barsky.ua/image/catalog/Photo_Marketplace/DCS-1028/DCS-1028UA_001.jpg</picture>
<picture>https://barsky.ua/image/catalog/Photo_Marketplace/DCS-1028/DCS-1028UA_004.jpg</picture>
<picture>https://barsky.ua/image/catalog/Photo_Marketplace/DCS-1028/DCS-1028UA_003.jpg</picture>
<picture>https://barsky.ua/image/catalog/Photo_Marketplace/DCS-1028/DCS-1028UA_002.jpg</picture>
<vendor>Barsky</vendor>
<stock_quantity>20</stock_quantity>
<description>
<![CDATA[ Механическая, геймерская клавиатура в минималистичном стиле с LED подсветкой. Это именно то, что нужно современному геймеру. Удобные, выступающие клавиши, минималистичный дизайн, приятное, тактильное покрытие и низкий уровень шума. Клавиатура имеет дополнительные мультимедийные клавиши, с принципом переключения по типу ноутбучной раскладки через FN. ]]>
</description>
<param name="Размер">44х13 см</param>
<param name="Цвет">Черный</param>
<param name="Дополнительные характеристики">Английская и русская раскладка</param>
</offer>
<offer id="194" available="false">
<name>Клавіатура з підсвіткою VR PRO GAME RGB KEYBOARD DCS-1028 EN/UA</name>
<model>DCS-1028 EN/UA</model>
<url>
<![CDATA[ https://barsky.ua/klaviatura_z_podsvetkoy_vr_pro_game_dcs-1028_enua/ ]]>
</url>
<price>933</price>
<currencyId>UAH</currencyId>
<categoryId>5</categoryId>
<picture>https://barsky.ua/image/catalog/Photo_Marketplace/DCS-1028/DCS-1028UA_001.jpg</picture>
<picture>https://barsky.ua/image/catalog/Photo_Marketplace/DCS-1028/DCS-1028UA_002.jpg</picture>
<picture>https://barsky.ua/image/catalog/Photo_Marketplace/DCS-1028/DCS-1028UA_004.jpg</picture>
<picture>https://barsky.ua/image/catalog/Photo_Marketplace/DCS-1028/DCS-1028UA_003.jpg</picture>
<vendor>Barsky</vendor>
<stock_quantity>0</stock_quantity>
<description>
<![CDATA[ Механическая, геймерская клавиатура в минималистичном стиле с LED подсветкой. Это именно то, что нужно современному геймеру. Удобные, выступающие клавиши, минималистичный дизайн, приятное, тактильное покрытие и низкий уровень шума. Клавиатура имеет дополнительные мультимедийные клавиши, с принципом переключения по типу ноутбучной раскладки через FN. ]]>
</description>
<param name="Размер">44х13 см</param>
<param name="Цвет">Черный</param>
<param name="Дополнительные характеристики">Украинская и английская раскладка</param>
</offer>
<offer id="195" available="false">
<name>Регульований стіл Barsky StandUp Memory + кронштейн BSU_el-08 BF-01</name>
<model>BSU_el-08/BF-01</model>
<url>
<![CDATA[ https://barsky.ua/regulovaniyo_stl_barsky_standup_memory__kronshteyon_bsu_el-08bf-01/ ]]>
</url>
<price>14400</price>
<currencyId>UAH</currencyId>
<categoryId>4</categoryId>
<picture>https://barsky.ua/image/catalog/stancii/Barsky StandUp Memory Bracket/BSU_el-08BF-01.jpg</picture>
<vendor>Barsky</vendor>
<stock_quantity>0</stock_quantity>
<description>
<![CDATA[ Текст ]]>
</description>
<param name="Цвет">Черный</param>
</offer>
<offer id="197" available="true">
<name>Підставка-зарядка для телефону VR MOBILE CHARGING ORGANIZER CB-201</name>
<model>CB-201</model>
<url>
<![CDATA[ https://barsky.ua/podstavka-zaryadka_dlya_telefona_cb-201/ ]]>
</url>
<price>200</price>
<currencyId>UAH</currencyId>
<categoryId>5</categoryId>
<picture>https://barsky.ua/image/catalog/Photo_Marketplace/CB-201/CB-201_001.jpeg</picture>
<vendor>Barsky</vendor>
<stock_quantity>52</stock_quantity>
<description>
<![CDATA[ Все мы прекрасно знаем, что современное мобильное устройство довольно часто нужно заряжать, порой даже не один раз на день. Как выглядит этот процесс обычно. Приходишь на работу, достаёшь зарядку и ищешь розетку, куда бы можно было б пристроить устройство. Мы же предлагаем вам супер решение - универсальную док станцию, которая позволит организовать зарядку мобильного устройства без каких либо проблем, прямо на рабочем месте. При этом, аппарат не будет лежать на столе плашмя, а будет находиться в удобном положении для восприятия информации с дисплея. Что это даёт? В первую очередь, теперь вы никогда не пропустите входящих вызовов или сообщений, во вторых, вы сможете приспособить устройство в роль дополнительного оборудования, для получения информации. Нужна видеоконференция? Нет проблем. Часы? Тоже нет проблем. при этом устройство будет всё это время - заряжаться. ]]>
</description>
<param name="Материал">Пластик</param>
<param name="Цвет">Матовый пластик</param>
<param name="Дополнительные характеристики">Создано для телефонов на базе ОС Android и устройств с разъёмом типа Type-С</param>
</offer>
<offer id="198" available="true">
<name>Універсальна док-станція для підзарядки VR Type C HUB Docking Station Adapter DS-2039</name>
<model>DS-2039</model>
<url>
<![CDATA[ https://barsky.ua/universalnaya_dok-stancya_dlya_podzaryadki_vr_ds-2039/ ]]>
</url>
<price>3272</price>
<currencyId>UAH</currencyId>
<categoryId>5</categoryId>
<picture>https://barsky.ua/image/catalog/Photo_Marketplace/DS-2039/DS-2039_001.jpg</picture>
<picture>https://barsky.ua/image/catalog/Photo_Marketplace/DS-2039/DS-2039_002.jpg</picture>
<vendor>Barsky</vendor>
<stock_quantity>10</stock_quantity>
<description>
<![CDATA[ Как превратить свое мобильное устройство, в полноценный ПК для работы и развлечений. Всё очень просто, нужно просто приобрести VR TYPE C HUB. С помощью этой станции можно выводить изображение на монитор напрямую с смартфона. Подключать множество периферийных устройств, клавиатуры, мышки, геймпады, внешние жесткие диски и даже карты памяти. 7 портов для разных подключений. Поддержка карт SD и TF, а так же USB входы, type-c вход и HDMI. Поддерживает и создано для телефонов на базе операционной системы Android и устройств с разъёмом типа Type-c. ]]>
</description>
<param name="Размер">11х8х2 см</param>
<param name="Материал корпуса">Пластик</param>
<param name="Цвет">Черный</param>
<param name="Дополнительные характеристики">Создано для телефонов на базе ОС Android и устройств с разъёмом типа Type-С, включает в себя 7 портов для разных подключений: TF/Micro SD, SD, USB 0.3, USB 0.2 (2 порта), HD 4K, Type- C (PD). Емкость аккумулятора: 900mAh</param>
</offer>
<offer id="201" available="true">
<name>Органайзер VR HOME ORGANIZER PPH-021</name>
<model>PPH-021</model>
<url>
<![CDATA[ https://barsky.ua/organaizer_vr_home_pph-021/ ]]>
</url>
<price>53</price>
<currencyId>UAH</currencyId>
<categoryId>5</categoryId>
<picture>https://barsky.ua/image/catalog/Photo_Marketplace/PPH-021/PPH-021_001.jpg</picture>
<picture>https://barsky.ua/image/catalog/Photo_Marketplace/PPH-021/PPH-021_002.jpg</picture>
<picture>https://barsky.ua/image/catalog/Photo_Marketplace/PPH-021/PPH-021_003.jpg</picture>
<picture>https://barsky.ua/image/catalog/Photo_Marketplace/PPH-021/PPH-021_004.jpg</picture>
<picture>https://barsky.ua/image/catalog/Photo_Marketplace/PPH-021/PPH-021_005.jpg</picture>
<vendor>Barsky</vendor>
<stock_quantity>328</stock_quantity>
<description>
<![CDATA[ Простой на первый взгляд, но крайне эффективный органайзер для офиса и дома. Одинаково практичен как в горизонтальном положении, так и в вертикальном, благодаря взвешенной форме и удобному углу наклона каждого и отсеков, ручки, карандаши и прочие инструменты канцелярии, будут у вас под рукой. Разнообразные цвета и минималистичный дизайн, идеально впишутся в любой интерьер и создадут идеальный, визуальный микроклимат на вашей, рабочей поверхности. Комбинируйте сразу несколько органайзеров, для того чтоб создать индивидуально-удобную организацию разного рода мелочей, для вашего рабочего места. Размеры Ш47мм*Г93мм*В210мм. ]]>
</description>
<param name="Материал">Пластик</param>
<param name="Размер">9х5х20,5 см</param>
<param name="Цвет">Белый</param>
</offer>
<offer id="202" available="true">
<name>Органайзер VR USER ORGANIZER PPH-032</name>
<model>PPH-032</model>
<url>
<![CDATA[ https://barsky.ua/vr_user_organizer__pph-032/ ]]>
</url>
<price>194</price>
<currencyId>UAH</currencyId>
<categoryId>5</categoryId>
<picture>https://barsky.ua/image/catalog/Photo_Marketplace/PPH-032/PPH-032_001.jpeg</picture>
<picture>https://barsky.ua/image/catalog/Photo_Marketplace/PPH-032/PPH-032_002.jpeg</picture>
<vendor> </vendor>
<stock_quantity>43</stock_quantity>
<description>
<![CDATA[ Отличный органайзер, который позволит грамотно организовать хранение канцелярских мелочей на своем рабочем месте, а также привести в порядок рабочую область вашего стола. Прочная конструкция, из металла, и сдержанный, классический дизайн, всё это, делает %name% - идеальным решением для дома и офиса. 4 отсека, для хранения ваших вещей. Размеры 10.3x 20.3x9.5CM вес - 250 грамм. ]]>
</description>
</offer>
<offer id="203" available="true">
<name>Набір підвісних органайзерів VR BUSINESS ORGANIZER PPH-05</name>
<model>PPH-05</model>
<url>
<![CDATA[ https://barsky.ua/podvesnoy_vr_business_organizer_pph-055/ ]]>
</url>
<price>99</price>
<oldprice>124</oldprice>
<currencyId>UAH</currencyId>
<categoryId>5</categoryId>
<picture>https://barsky.ua/image/catalog/Photo_Marketplace/PPH-055/PPH-055_001.jpg</picture>
<picture>https://barsky.ua/image/catalog/Photo_Marketplace/PPH-055/PPH-055_003.jpg</picture>
<picture>https://barsky.ua/image/catalog/Photo_Marketplace/PPH-055/PPH-055_002.jpg</picture>
<vendor> </vendor>
<stock_quantity>50</stock_quantity>
<description>
<![CDATA[ Совершенно удобный органайзер, который позволит разгрузить ваш рабочий стол от разного рода канцелярских товаров. Главной фишкой этого органайзера, является то, что он ориентирован на расположение по ободкам стола, то есть, он не занимает полезной площади вашего стола. Этот вариант подойдёт для тех рабочих мест, где очень важно предоставить пользователю максимум рабочей области. Уберите малоиспользуемые предметы со стола, при этом, оставьте их в прямой доступности для рук. Ничего лишнего, только практическое применение, просто и со вкусом. ]]>
</description>
<param name="Цвет">Серый</param>
</offer>
<offer id="205" available="true">
<name>Універсальний екранний підсилювач для телефону VR MOBILE multimedia station 12inch SA-1201</name>
<model>SA-1201</model>
<url>
<![CDATA[ https://barsky.ua/usilitel_dlya_telefonu_vr_mobile_multimedia_station_sa-1201/ ]]>
</url>
<price>765</price>
<currencyId>UAH</currencyId>
<categoryId>5</categoryId>
<picture>https://barsky.ua/image/catalog/Photo_Marketplace/SA-1201/SA-1201_001.jpg</picture>
<vendor> </vendor>
<stock_quantity>27</stock_quantity>
<description>
<![CDATA[ Хотите превратить ваше мобильное устройство, в полноценный мультимедийный центр для развлечений и работы? Нет проблем. Мультимедийная док станция с увеличителем экрана - это то что нужно для вас. Что же из себя представляет это устройство? Это решение состоит из нескольких существенных деталей, в первую очередь это подставка под телефон со встроенной колонкой и большим экраном размером 12 дюймов, который служит в роли увеличителя. Встроенный аккумулятор, делает эту решение максимально мобильным, именно поэтому, находясь в разъездах или на отдыхе, вы сможете с удобством просмотреть свой любимый контент. ]]>
</description>
<param name="Материал">Пластик</param>
</offer>
<offer id="206" available="true">
<name>Портативна УФ-лампа для дезінфекції VR PORTABLE DISINFETTION LAMP TS-1607</name>
<model>TS-1607</model>
<url>
<![CDATA[ https://barsky.ua/uf-lampa_dlya_dezinfekcii_vr_portable_disinfettion_lamp_ts-1607/ ]]>
</url>
<price>990</price>
<oldprice>1210</oldprice>
<currencyId>UAH</currencyId>
<categoryId>5</categoryId>
<picture>https://barsky.ua/image/catalog/Photo_Marketplace/TS-1607/TS-1607_001.jpg</picture>
<vendor>Barsky</vendor>
<stock_quantity>5</stock_quantity>
<description>
<![CDATA[ Отталкиваясь, от современных реалий мира, где целые страны оказались подвержены эпидемиологическим рискам. В условиях бушующего covid-19, очень важно заботиться о противовирусной и бактериологической безопасности себя и своих близких. Конечно, можно бесконечно долго мыть руки, использовать антисептики, но как же обстоят дела с вашими повседневными предметами, с которыми вы контактируете каждый день? Мобильный устройства, одежда, мебель, рабочее место и так далее? Именно для таких случаев мы и предлагаем специальный гаджет - ноу хау для вас. Ультрафиолетовый, портативный дезинфектор, который станет грозой для вирусов и микробов в ваших руках. 7 мощных, встроенных UV LED ламп стерилизуют поверхность с эффективностью до 99.9%. Лёгкий вес, всего 200 грамм, и встроенный аккумулятор на 1200 mAh, делают его максимально мобильным, в то время как заряда батареи хватает на 2 часа беспрерывной работы. Долговечность устройства также обусловлена большим ресурсом работы ламп до 8000 часов. ]]>
</description>
<param name="Комплект">Лампа, шнур USB</param>
<param name="Цвет">Белый</param>
<param name="Дополнительные характеристики">Висота: 30 см, вес 200 г, емкость аккумулятора: 1200 mAh. Ресурс работы ламп до 8000 часов</param>
</offer>
<offer id="207" available="false">
<name>Акустична кабіна двохмісна VR IMAGINE 2</name>
<model>IMG-02</model>
<url>
<![CDATA[ https://barsky.ua/akustichna_kabna_dvokhmsna_vr_imagine_2/ ]]>
</url>
<price>209283</price>
<currencyId>UAH</currencyId>
<categoryId>1</categoryId>
<picture>https://barsky.ua/image/catalog/podzakaz/IMG-02/5ffc20050d861d9e46ec3fae_FOSH-2.png</picture>
<picture>https://barsky.ua/image/catalog/podzakaz/IMG-02/602999e38587bb466c9ab835_silent-phone-booth-play.png</picture>
<vendor> </vendor>
<stock_quantity>0</stock_quantity>
<description>
<![CDATA[ Текст ]]>
</description>
<param name="Цвет">Черный</param>
<param name="Гарантия">2 года</param>
</offer>
<offer id="208" available="false">
<name>Акустическая кабина одномесная VR IMAGINE 1</name>
<model>IMG-01</model>
<url>
<![CDATA[ https://barsky.ua/akustichna_kabna_odnomsna_vr_imagine_1/ ]]>
</url>
<price>154441</price>
<currencyId>UAH</currencyId>
<categoryId>1</categoryId>
<picture>https://barsky.ua/image/catalog/podzakaz/IMG-01/5ffc2004d5a567ef6ba54c89_FOSH-1.png</picture>
<vendor> </vendor>
<stock_quantity>0</stock_quantity>
<description>
<![CDATA[ Описание акустической кабины одноместной VR IMAGINE 1: Акустическая кабина для переговоров. Размер: L(1010)mm*W(972)mm*H(2140)mm Выполнена из авиационного алюминия, композитного картона, звукоизоляционного стекла. Особенности: - Звукоизоляция Rw+Ctr 30 dB (+-5 dB) - полное обновление воздуха в кабине за 3 минуты - световая температура 4000 К - мощность 220 В и 12V-USB Используется кабина для зонирования помещения и организации пространства наилучшим образом. ]]>
</description>
<param name="Цвет">Черный</param>
<param name="Гарантия">2 года</param>
</offer>
<offer id="209" available="false">
<name>Акустична кабіна чотиримісна VR IMAGINE 3</name>
<model>IMG-03</model>
<url>
<![CDATA[ https://barsky.ua/akustichna_kabna_chotirimsna_vr_imagine_3/ ]]>
</url>
<price>226152</price>
<currencyId>UAH</currencyId>
<categoryId>1</categoryId>
<picture>https://barsky.ua/image/catalog/podzakaz/IMG-03/5fe9d229d58627738086909a_5fe35dcc0d8e20c6213e9e14_FOSH-4.png</picture>
<vendor> </vendor>
<stock_quantity>0</stock_quantity>
<description>
<![CDATA[ Текст ]]>
</description>
<param name="Цвет">Черный</param>
<param name="Гарантия">2 года</param>
</offer>
<offer id="210" available="false">
<name>Модульний простір VR MODULE 1</name>
<model>MOD-1</model>
<url>
<![CDATA[ https://barsky.ua/modulniyo_prostr_vr_module_1/ ]]>
</url>
<price>363531</price>
<currencyId>UAH</currencyId>
<categoryId>1</categoryId>
<picture>https://barsky.ua/image/catalog/podzakaz/MOD-1/5ffc20dee6ae96ffe04620bb_FSBM-3.png</picture>
<vendor> </vendor>
<stock_quantity>0</stock_quantity>
<description>
<![CDATA[ Текст ]]>
</description>
<param name="Цвет">Коричневый</param>
<param name="Гарантия">2 года</param>
</offer>
<offer id="211" available="false">
<name>Модульний простір VR MODULE 2</name>
<model>MOD-2</model>
<url>
<![CDATA[ https://barsky.ua/modulniyo_prostr_vr_module_2/ ]]>
</url>
<price>561956</price>
<currencyId>UAH</currencyId>
<categoryId>1</categoryId>
<picture>https://barsky.ua/image/catalog/podzakaz/MOD-2/5ffc20de5fe11ea00401062a_FSBM-1.png</picture>
<vendor> </vendor>
<stock_quantity>0</stock_quantity>
<description>
<![CDATA[ Текст ]]>
</description>
<param name="Цвет">Коричневый</param>
<param name="Гарантия">2 года</param>
</offer>
<offer id="212" available="false">
<name>Модульний простір VR MODULE 3</name>
<model>MOD-3</model>
<url>
<![CDATA[ https://barsky.ua/modulniyo_prostr_vr_module_3/ ]]>
</url>
<price>893200</price>
<currencyId>UAH</currencyId>
<categoryId>1</categoryId>
<picture>https://barsky.ua/image/catalog/podzakaz/MOD-3/5fe9d0ebcc484793d4ed4c71_5fe1b3f95723386800597e54_FSBM-4.png</picture>
<vendor> </vendor>
<stock_quantity>0</stock_quantity>
<description>
<![CDATA[ Текст ]]>
</description>
<param name="Цвет">Коричневый</param>
<param name="Гарантия">2 года</param>
</offer>
<offer id="213" available="false">
<name>Простір для роботи та відпочинку VR SPACE SIMPLE</name>
<model>SPС-2</model>
<url>
<![CDATA[ https://barsky.ua/prostr_dlya_roboti_ta_vdpochinku_vr_space_simple/ ]]>
</url>
<price>99768</price>
<currencyId>UAH</currencyId>
<categoryId>1</categoryId>
<picture>https://barsky.ua/image/catalog/podzakaz/SPС-2/5fe9e674a706aebd2bafb311_5fe4a36204bf077c2048e98b_SPB-457.png</picture>
<vendor> </vendor>
<stock_quantity>0</stock_quantity>
<description>
<![CDATA[ Текст ]]>
</description>
<param name="Цвет">серый/зеленый</param>
</offer>
<offer id="215" available="false">
<name>Тренажер VR WALKER</name>
<model>GYM-09</model>
<url>
<![CDATA[ https://barsky.ua/trenazher_vr_walker/ ]]>
</url>
<price>26083</price>
<currencyId>UAH</currencyId>
<categoryId>1</categoryId>
<picture>https://barsky.ua/image/catalog/podzakaz/GYM-09/6018684f3719fbac12454656_VRWalker-p-800.png</picture>
<vendor> </vendor>
<stock_quantity>0</stock_quantity>
<description>
<![CDATA[ Текст ]]>
</description>
<param name="Цвет">Коричневый</param>
<param name="Гарантия">2 года</param>
</offer>
<offer id="216" available="false">
<name>Тренажер VR RUNNING TRUCK</name>
<model>GYM-10</model>
<url>
<![CDATA[ https://barsky.ua/trenazher_vr_running_truck/ ]]>
</url>
<price>34235</price>
<currencyId>UAH</currencyId>
<categoryId>1</categoryId>
<picture>https://barsky.ua/image/catalog/podzakaz/GYM-10/601883ca6640f7ee6c444a7e_VR-Treadmill-p-800.png</picture>
<vendor> </vendor>
<stock_quantity>0</stock_quantity>
<description>
<![CDATA[ Текст ]]>
</description>
<param name="Цвет">Коричневый</param>
<param name="Гарантия">2 года</param>
</offer>
<offer id="217" available="false">
<name>Геймерська станція Barsky Homework Game Black White HG-06 GH-01</name>
<model>HG-06/GH-01</model>
<url>
<![CDATA[ https://barsky.ua/geyomerska_stancya_barsky_homework_game_blackwhite_hg-06gh-01/ ]]>
</url>
<price>18775</price>
<currencyId>UAH</currencyId>
<categoryId>4</categoryId>
<picture>https://barsky.ua/image/catalog/stancii/Homework Game Hummer/HG-06_GH-01_001.jpg</picture>
<vendor>Barsky</vendor>
<stock_quantity>0</stock_quantity>
<description>
<![CDATA[ Текст ]]>
</description>
<param name="Класс мебели">дорогие</param>
<param name="Готовые решения">геймерские станции</param>
<param name="Предназначение">для дома</param>
<param name="Стиль">современный</param>
<param name="Цвет">Черный/белый</param>
<param name="Гарантия">5 лет</param>
</offer>
<offer id="218" available="false">
<name>Модульний тренажер VR GYM</name>
<model>GYM-01</model>
<url>
<![CDATA[ https://barsky.ua/modulniyo_trenazher_vr_gym/ ]]>
</url>
<price>605103</price>
<currencyId>UAH</currencyId>
<categoryId>1</categoryId>
<picture>https://barsky.ua/image/catalog/podzakaz/GYM-01/60173115c2833a04f1d0669d_FITVR-3.png</picture>
<vendor> </vendor>
<stock_quantity>0</stock_quantity>
<description>
<![CDATA[ Текст ]]>
</description>
<param name="Цвет">Коричневый</param>
<param name="Гарантия">2 года</param>
</offer>
<offer id="219" available="false">
<name>Геймерская станция Barsky Homework Game Black Red HG-05 SD-09</name>
<model>HG-05/SD-09</model>
<url>
<![CDATA[ https://barsky.ua/geyomerskaya_stanciya_barsky_homework_game_blackred_hg-05sd-09/ ]]>
</url>
<price>12865</price>
<currencyId>UAH</currencyId>
<categoryId>4</categoryId>
<picture>https://barsky.ua/image/catalog/stancii/Homework Game Red/HG-05_SD-09_001.jpg</picture>
<vendor>Barsky</vendor>
<stock_quantity>0</stock_quantity>
<description>
<![CDATA[ Текст ]]>
</description>
<param name="Класс мебели">дорогие</param>
<param name="Готовые решения">геймерские станции</param>
<param name="Предназначение">для дома</param>
<param name="Стиль">современный</param>
<param name="Цвет">Черный/красный</param>
<param name="Гарантия">5 лет</param>
</offer>
<offer id="220" available="false">
<name>Простір для переговорів VR SPACE 465</name>
<model>SPС-465</model>
<url>
<![CDATA[ https://barsky.ua/prostr_dlya_peregovorv_vr_space_465/ ]]>
</url>
<price>90374</price>
<currencyId>UAH</currencyId>
<categoryId>1</categoryId>
<picture>https://barsky.ua/image/catalog/podzakaz/SPС-465/5fe9e674256d347ecda61927_5fe49dd9c90573045d9be473_SPB-465-p-500.png</picture>
<vendor> </vendor>
<stock_quantity>0</stock_quantity>
<description>
<![CDATA[ Текст ]]>
</description>
<param name="Цвет">серый/зеленый</param>
</offer>
<offer id="221" available="false">
<name>Тренажер VR CROSS MODULE</name>
<model>GYM-04</model>
<url>
<![CDATA[ https://barsky.ua/trenazher_vr_cross_module/ ]]>
</url>
<price>105494</price>
<currencyId>UAH</currencyId>
<categoryId>1</categoryId>
<picture>https://barsky.ua/image/catalog/podzakaz/GYM-04/60173bda59b475f3585d969d_Cable cross Module.png</picture>
<vendor> </vendor>
<stock_quantity>0</stock_quantity>
<description>
<![CDATA[ Текст ]]>
</description>
<param name="Цвет">Коричневый</param>
<param name="Гарантия">2 года</param>
</offer>
<offer id="223" available="false">
<name>Геймерская станция Barsky Homework Black White HG-06 SD-09</name>
<model>HG-06/SD-09</model>
<url>
<![CDATA[ https://barsky.ua/geyomerskaya_stanciya_barsky_homework_blackwhite_hg-06sd-09/ ]]>
</url>
<price>10996</price>
<oldprice>12865</oldprice>
<currencyId>UAH</currencyId>
<categoryId>4</categoryId>
<picture>https://barsky.ua/image/catalog/stancii/Barsky Homework Game White/HG-06_SD-09_001.jpg</picture>
<vendor>Barsky</vendor>
<stock_quantity>0</stock_quantity>
<description>
<![CDATA[ Текст ]]>
</description>
<param name="Класс мебели">дорогие</param>
<param name="Готовые решения">геймерские станции</param>
<param name="Предназначение">для дома</param>
<param name="Стиль">современный</param>
<param name="Цвет">Черный/белый</param>
<param name="Гарантия">5 лет</param>
</offer>
<offer id="224" available="false">
<name>Висувна полиця для клавіатури ПК-01</name>
<model>ПК-01</model>
<url>
<![CDATA[ https://barsky.ua/visuvna_policya_dlya_klavaturi_pk-01/ ]]>
</url>
<price>350</price>
<currencyId>UAH</currencyId>
<categoryId>5</categoryId>
<picture>https://barsky.ua/image/catalog/Photo_Marketplace/PC-01/PC-01_001.jpg</picture>
<picture>https://barsky.ua/image/catalog/Photo_Marketplace/PC-01/PC-01_002.jpg</picture>
<picture>https://barsky.ua/image/catalog/Photo_Marketplace/PC-01/PC-01_004.jpg</picture>
<picture>https://barsky.ua/image/catalog/Photo_Marketplace/PC-01/PC-01_003.jpg</picture>
<picture>https://barsky.ua/image/catalog/Photo_Marketplace/PC-01/PC-01_005.jpg</picture>
<picture>https://barsky.ua/image/catalog/Photo_Marketplace/PC-01/PC-01_006.jpg</picture>
<picture>https://barsky.ua/image/catalog/Photo_Marketplace/PC-01/PC-01_007.jpg</picture>
<vendor>Barsky</vendor>
<stock_quantity>0</stock_quantity>
<description>
<![CDATA[ Стоит вопрос, где бы разместить клавиатуру? У нас есть решение классическое решение - выдвижные, легко монтирующиеся полки для клавиатур. Которые позволят освободить полезное рабочее место на поверхности стола. В сочетании с регулируемыми подлокотниками в наших креслах, эти полки станут идеальным вариантом для удобной и практичной работы. ]]>
</description>
<param name="Материал">Металл, пластик</param>
<param name="Комплект">Полка, телескопические направляющие, метизы</param>
<param name="Размер">54х26 см</param>
<param name="Цвет">Черный</param>
<param name="Дополнительные характеристики">Наличие отсека для хранения небольших вещей</param>
</offer>
<offer id="225" available="false">
<name>Тренажер VR TABLE</name>
<model>GYM-11</model>
<url>
<![CDATA[ https://barsky.ua/trenazher_vr_table/ ]]>
</url>
<price>17931</price>
<currencyId>UAH</currencyId>
<categoryId>1</categoryId>
<picture>https://barsky.ua/image/catalog/podzakaz/GYM-11/60188b2ed870f936298142b7_Lift Table-p-800.png</picture>
<vendor> </vendor>
<stock_quantity>0</stock_quantity>
<description>
<![CDATA[ Текст ]]>
</description>
<param name="Цвет">Коричневый</param>
<param name="Гарантия">2 года</param>
</offer>
<offer id="226" available="false">
<name>Игровой центр для киберспорта VR GAME ARENA 5X5</name>
<model>GRN-5</model>
<url>
<![CDATA[ https://barsky.ua/groviyo_centr_dlya_kbersportu_vr_game_arena_5x5/ ]]>
</url>
<price>395947</price>
<currencyId>UAH</currencyId>
<categoryId>4</categoryId>
<picture>https://barsky.ua/image/catalog/podzakaz/GRN-5/603af8235dc3e95f69739035_5.png</picture>
<picture>https://barsky.ua/image/catalog/podzakaz/GRN-3/603b9e4de815e837c97c0945_pay-table.png</picture>
<vendor> </vendor>
<stock_quantity>0</stock_quantity>
<description>
<![CDATA[ Описание игрового центра для киберспорта VR GAME ARENA 5X5: Готовое пространство для киберспорта, проведение соревнований. Игровой центр для киберспорта в формате 5х5. С диваном А338. 1. Таймер 2. Считыватель дебетовой карты 3. Коллектор токенов ]]>
</description>
<param name="Цвет">Серый</param>
<param name="Гарантия">2 года</param>
</offer>
<offer id="227" available="false">
<name>Игровой центр для киберспорту VR GAME ARENA 3х3</name>
<model>GRN-3</model>
<url>
<![CDATA[ https://barsky.ua/groviyo_centr_dlya_kbersportu_vr_game_arena_3kh3/ ]]>
</url>
<price>242891</price>
<currencyId>UAH</currencyId>
<categoryId>4</categoryId>
<picture>https://barsky.ua/image/catalog/podzakaz/GRN-3/603af6035dc3e90e07738b4e_3.png</picture>
<picture>https://barsky.ua/image/catalog/podzakaz/GRN-3/603b9e4de815e837c97c0945_pay-table.png</picture>
<vendor> </vendor>
<stock_quantity>0</stock_quantity>
<description>
<![CDATA[ Описание игрового центра для киберспорта VR GAME ARENA 3х3: Готовое пространство для киберспорта, проведение соревнований. Игровой центр для киберспорта в формате 3х3. С диваном А338. 1. Таймер, 2. Считыватель дебетовой карты, 3. Коллектор токенов. ]]>
</description>
<param name="Цвет">Серый</param>
<param name="Гарантия">2 года</param>
</offer>
<offer id="228" available="false">
<name>Тренажер VR WALL</name>
<model>GYM-06</model>
<url>
<![CDATA[ https://barsky.ua/trenazher_vr_wall/ ]]>
</url>
<price>85290</price>
<currencyId>UAH</currencyId>
<categoryId>1</categoryId>
<picture>https://barsky.ua/image/catalog/podzakaz/GYM-06/GYM-06_001.png</picture>
<picture>https://barsky.ua/image/</picture>
<vendor> </vendor>
<stock_quantity>0</stock_quantity>
<description>
<![CDATA[ Текст ]]>
</description>
<param name="Цвет">Коричневый</param>
<param name="Гарантия">2 года</param>
</offer>
<offer id="229" available="false">
<name>Робоча станція VR Health Care BSUAW_el-01 ST-01</name>
<model>BSUAW_el-01/ST-01</model>
<url>
<![CDATA[ https://barsky.ua/robocha_stancya_vr_health_care_bsuaw_el-01st-01/ ]]>
</url>
<price>39051</price>
<oldprice>43390</oldprice>
<currencyId>UAH</currencyId>
<categoryId>4</categoryId>
<picture>https://barsky.ua/image/catalog/stancii/HEALTH_CARE/IMG_9944_3 (2).jpg</picture>
<vendor>Barsky</vendor>
<stock_quantity>0</stock_quantity>
<description>
<![CDATA[ Текст ]]>
</description>
<param name="Класс мебели">люкс</param>
<param name="Готовые решения">рабочие станции</param>
<param name="Предназначение">для дома</param>
<param name="Стиль">классический</param>
<param name="Особенности">для работы стоя и сидя</param>
<param name="Цвет">Черный/белый</param>
</offer>
<offer id="230" available="false">
<name>Професійний ігровий стіл для двох гравців VR DUO</name>
<model>DUO-2</model>
<url>
<![CDATA[ https://barsky.ua/profesyoniyo_groviyo_stl_dlya_dvokh_gravcv_vr_duo/ ]]>
</url>
<price>56969</price>
<currencyId>UAH</currencyId>
<categoryId>4</categoryId>
<picture>https://barsky.ua/image/catalog/podzakaz/DUO-2/603c20ce4e5931a705b948cb_pontiac-1.png</picture>
<picture>https://barsky.ua/image/catalog/podzakaz/DUO-2/603c2ce4875cc713d42be2b0_usb.png</picture>
<vendor> </vendor>
<stock_quantity>0</stock_quantity>
<description>
<![CDATA[ Текст ]]>
</description>
<param name="Цвет">Серый</param>
<param name="Гарантия">2 года</param>
</offer>
<offer id="232" available="false">
<name>Тренажер VR ROLLER</name>
<model>GYM-07</model>
<url>
<![CDATA[ https://barsky.ua/trenazher_vr_roller/ ]]>
</url>
<price>2674</price>
<currencyId>UAH</currencyId>
<categoryId>1</categoryId>
<picture>https://barsky.ua/image/catalog/podzakaz/GYM-07/60186b738bfba323dde32126_VR Roller-p-800.png</picture>
<vendor> </vendor>
<stock_quantity>0</stock_quantity>
<description>
<![CDATA[ Текст ]]>
</description>
<param name="Цвет">Коричневый</param>
<param name="Гарантия">2 года</param>
</offer>
<offer id="233" available="false">
<name>Багатофункціональній рамний модуль VR FRAME</name>
<model>GYM-05</model>
<url>
<![CDATA[ https://barsky.ua/bagatofunkconalnyo_ramniyo_modul_vr_frame/ ]]>
</url>
<price>174008</price>
<currencyId>UAH</currencyId>
<categoryId>1</categoryId>
<picture>https://barsky.ua/image/catalog/podzakaz/GYM-05/601856d5005a7e53aabc7b29_7.png</picture>
<vendor> </vendor>
<stock_quantity>0</stock_quantity>
<description>
<![CDATA[ Текст ]]>
</description>
<param name="Цвет">Коричневый</param>
<param name="Гарантия">2 года</param>
</offer>
<offer id="234" available="false">
<name>Игровой центр для киберспорта VR ARENA 3х3</name>
<model>ARN-3</model>
<url>
<![CDATA[ https://barsky.ua/groviyo_centr_dlya_kbersportu_vr_arena_3kh3/ ]]>
</url>
<price>237413</price>
<currencyId>UAH</currencyId>
<categoryId>4</categoryId>
<picture>https://barsky.ua/image/catalog/podzakaz/ARN-3/603af4c94133522737293cf2_VR-Arena-all.png</picture>
<picture>https://barsky.ua/image/catalog/podzakaz/GRN-3/603b9e4de815e837c97c0945_pay-table.png</picture>
<vendor> </vendor>
<stock_quantity>0</stock_quantity>
<description>
<![CDATA[ Описание игрового центра для киберспорта VR ARENA 3х3: Готовое пространство для киберспорта, проведение соревнований. Игровой центр для киберспорта в формате 3х3. С геймерским креслом A313. 1. Таймер 2. Считыватель дебетовой карты 3. Коллектор токенов ]]>
</description>
<param name="Цвет">Серый</param>
<param name="Гарантия">2 года</param>
</offer>
<offer id="235" available="false">
<name>Тренажер VR ROWING MODULE</name>
<model>GYM-03</model>
<url>
<![CDATA[ https://barsky.ua/trenazher_vr_rowing_module/ ]]>
</url>
<price>109393</price>
<currencyId>UAH</currencyId>
<categoryId>1</categoryId>
<picture>https://barsky.ua/image/catalog/podzakaz/GYM-03/6017383bb92849066568a061_-3.png</picture>
<vendor> </vendor>
<stock_quantity>0</stock_quantity>
<description>
<![CDATA[ Текст ]]>
</description>
<param name="Цвет">Коричневый</param>
<param name="Гарантия">2 года</param>
</offer>
<offer id="236" available="false">
<name>Простір для переговорів VR CONVERSATION SPACE</name>
<model>CS-1</model>
<url>
<![CDATA[ https://barsky.ua/prostr_dlya_peregovorv_vr_conversation_space/ ]]>
</url>
<price>71752</price>
<currencyId>UAH</currencyId>
<categoryId>1</categoryId>
<picture>https://barsky.ua/image/catalog/podzakaz/CS-1/5fe9e6749cc80b47609497d7_5fe4a887d586276d587b644e_SPB-152.png</picture>
<vendor> </vendor>
<stock_quantity>0</stock_quantity>
<description>
<![CDATA[ Простір розміром: L (750) mm * W (1380) mm * H (2100) mm Передбачає три зони з столиками та диванами об&#39;єднані між собою. Така конструкція створює затишну атмеосферу для переговорів, відпочинку чи прийому іжі. Така зона стане в нагоді для опенспейс офісу і може використовуватись для зонування приміщення. ]]>
</description>
<param name="Цвет">Зеленый</param>
<param name="Гарантия">2 года</param>
</offer>
<offer id="237" available="false">
<name>Игровой диван VR EXTREME GAME A-338</name>
<model>A-338</model>
<url>
<![CDATA[ https://barsky.ua/groviyo_divan_vr_extreme_game_a-338/ ]]>
</url>
<price>25000</price>
<currencyId>UAH</currencyId>
<categoryId>2</categoryId>
<picture>https://barsky.ua/image/catalog/podzakaz/A-338/A-338.jpg</picture>
<vendor> </vendor>
<stock_quantity>0</stock_quantity>
<description>
<![CDATA[ Описание игрового дивана VR EXTREME GAME A-338: Мягкое комфортное кресло-диван с массивными подлокотниками и мягкими накладками. Высококачественная и долговечная экокожа. Кресло оборудовано 4 бесшумными колесами внизу. Размер: 800х800х1020мм. ]]>
</description>
<param name="Цвет">Серый</param>
<param name="Гарантия">2 года</param>
</offer>
<offer id="238" available="false">
<name>Простір для роботи VR WORK SPACE</name>
<model>WS-1</model>
<url>
<![CDATA[ https://barsky.ua/prostr_dlya_roboti_vr_work_space/ ]]>
</url>
<price>53399</price>
<currencyId>UAH</currencyId>
<categoryId>1</categoryId>
<picture>https://barsky.ua/image/catalog/podzakaz/WS-1/5fe9e67569c078f24bd808dd_5fe4a7d3e084a8f5029e82f2_SPB-466-p-500.png</picture>
<vendor> </vendor>
<stock_quantity>0</stock_quantity>
<description>
<![CDATA[ Текст ]]>
</description>
<param name="Цвет">Серый</param>
<param name="Гарантия">2 года</param>
</offer>
<offer id="239" available="false">
<name>Тренажер VR FITTIME</name>
<model>GYM-02</model>
<url>
<![CDATA[ https://barsky.ua/trenazher_vr_fittime/ ]]>
</url>
<price>209376</price>
<currencyId>UAH</currencyId>
<categoryId>1</categoryId>
<picture>https://barsky.ua/image/catalog/podzakaz/GYM-02/60172a2926d15253d7ad1bda_FITVR-2-p-500.png</picture>
<vendor> </vendor>
<stock_quantity>0</stock_quantity>
<description>
<![CDATA[ Текст ]]>
</description>
<param name="Цвет">Коричневый</param>
<param name="Гарантия">2 года</param>
</offer>
<offer id="240" available="false">
<name>Игровое кресло VR EXTREME GAME A-313</name>
<model>A-313</model>
<url>
<![CDATA[ https://barsky.ua/grove_krslo_vr_extreme_game_a-313/ ]]>
</url>
<price>25000</price>
<currencyId>UAH</currencyId>
<categoryId>2</categoryId>
<picture>https://barsky.ua/image/catalog/podzakaz/A-313/603b9cac875cc7ed6c28ea6d_A-313-2 copy.png</picture>
<vendor> </vendor>
<stock_quantity>0</stock_quantity>
<description>
<![CDATA[ Описание игрового кресла VR EXTREME GAME A-313: Кресло в необычном геймерском дизайне. Обивка из качественной экокожи. С яркими вставами. Массивная крестовина с вставками в цвет обивки. Необычные подлокотники, регулируются по высоте. Размер кресла: 700x700x1300 мм. ]]>
</description>
<param name="Цвет">Серый</param>
<param name="Гарантия">2 года</param>
</offer>
<offer id="241" available="false">
<name>Игровой центр для киберспорта VR GAME ARENA 6X6</name>
<model>GRN-6</model>
<url>
<![CDATA[ https://barsky.ua/groviyo_centr_dlya_kbersportu_vr_game_arena_6x6/ ]]>
</url>
<price>498478</price>
<currencyId>UAH</currencyId>
<categoryId>4</categoryId>
<picture>https://barsky.ua/image/catalog/podzakaz/GRN-6/603b587eb141125a1c8b5487_6.png</picture>
<picture>https://barsky.ua/image/catalog/podzakaz/GRN-3/603b9e4de815e837c97c0945_pay-table.png</picture>
<vendor> </vendor>
<stock_quantity>0</stock_quantity>
<description>
<![CDATA[ Описание игрового центра для киберспорта VR GAME ARENA 6X6: Готовий простір для киберспорта, проведення змaгань. Игровой центр для киберспорта в формате 6х6. З диваном А338. 1. Таймер 2. Зчитувач дебетовой карты 3. Коллектор токенов ]]>
</description>
<param name="Цвет">Серый</param>
<param name="Гарантия">2 года</param>
</offer>
<offer id="242" available="false">
<name>Тренажер VR BAG</name>
<model>GYM-08</model>
<url>
<![CDATA[ https://barsky.ua/trenazher_vr_bag/ ]]>
</url>
<price>30706</price>
<currencyId>UAH</currencyId>
<categoryId>1</categoryId>
<picture>https://barsky.ua/image/catalog/podzakaz/GYM-08/60187a8a582848731ea37eff_VR Wall-p-500.png</picture>
<vendor> </vendor>
<stock_quantity>0</stock_quantity>
<description>
<![CDATA[ Текст ]]>
</description>
<param name="Цвет">Коричневый</param>
<param name="Гарантия">2 года</param>
</offer>
<offer id="243" available="false">
<name>Геймерська станція Barsky Homework Game Red HG-05/SD-13</name>
<model>HG-05/SD-13</model>
<url>
<![CDATA[ https://barsky.ua/geyomerska_stancya_barsky_homework_game_red_hg-05sd-13/ ]]>
</url>
<price>12865</price>
<currencyId>UAH</currencyId>
<categoryId>4</categoryId>
<picture>https://barsky.ua/image/catalog/stancii/Barsky Homework Game Red/HG-05_SD-13_001.jpg</picture>
<picture>https://barsky.ua/image/catalog/stancii/Barsky Homework Game Red/HG-05_SD-13_002.jpg</picture>
<picture>https://barsky.ua/image/catalog/stancii/Barsky Homework Game Red/HG-05_SD-13_003.jpg</picture>
<vendor>Barsky</vendor>
<stock_quantity>0</stock_quantity>
<description>
<![CDATA[ Текст ]]>
</description>
<param name="Цвет">Черный/красный</param>
</offer>
<offer id="245" available="false">
<name>Геймерський стіл з тумбою Barsky Game White HG-06/CUP-06/ПК-01</name>
<model>HG-06/CUP-06/ПК-01</model>
<url>
<![CDATA[ https://barsky.ua/geyomerskiyo_stl_z_tumboyu_barsky_game_white_hg-06cup-06pk-01/ ]]>
</url>
<price>8275</price>
<currencyId>UAH</currencyId>
<categoryId>3</categoryId>
<picture>https://barsky.ua/image/catalog/stancii/HG06_led_TBG03/HG-06_led_THG-03_001.jpg</picture>
<picture>https://barsky.ua/image/catalog/stancii/HG06_led_TBG03/HG-06_led_THG-03_002.jpg</picture>
<vendor> </vendor>
<stock_quantity>0</stock_quantity>
<description>
<![CDATA[ Текст ]]>
</description>
<param name="Цвет">Черный/белый</param>
</offer>
<offer id="250" available="false">
<name>Ігрова станція E-Sports Drive BES-01/SD-06</name>
<model>BES-01/SD-06</model>
<url>
<![CDATA[ https://barsky.ua/grova_stancya_e-sports_bes-01sd-06/ ]]>
</url>
<price>13970</price>
<currencyId>UAH</currencyId>
<categoryId>4</categoryId>
<picture>https://barsky.ua/image/catalog/stancii/E-Sports Drive Blue/BES-01_SD-06.jpg</picture>
<vendor>Barsky</vendor>
<stock_quantity>0</stock_quantity>
<description>
<![CDATA[ Текст ]]>
</description>
<param name="Класс мебели">недорогие</param>
<param name="Готовые решения">геймерские станции</param>
<param name="Предназначение">для дома</param>
<param name="Стиль">современный</param>
<param name="Особенности">LED подсветка</param>
<param name="Цвет">Черный/синий</param>
<param name="Гарантия">5 лет</param>
</offer>
<offer id="251" available="false">
<name>Ігрова станція E-Sports Drive BES-01/SD-08</name>
<model>BES-01/SD-08</model>
<url>
<![CDATA[ https://barsky.ua/grova_stancya_e-sports_batman_bes-01sd-08/ ]]>
</url>
<price>12180</price>
<currencyId>UAH</currencyId>
<categoryId>4</categoryId>
<picture>https://barsky.ua/image/catalog/stancii/E-Sports Drive Red/BES-01_SD-08.jpg</picture>
<vendor>Barsky</vendor>
<stock_quantity>0</stock_quantity>
<description>
<![CDATA[ Текст ]]>
</description>
<param name="Класс мебели">недорогие</param>
<param name="Готовые решения">геймерские станции</param>
<param name="Предназначение">для дома</param>
<param name="Стиль">современный</param>
<param name="Особенности">LED подсветка</param>
<param name="Цвет">Черный/синий</param>
<param name="Гарантия">5 лет</param>
</offer>
<offer id="252" available="true">
<name>Ігрова станція E-Sports Batman BES-01/SD-27</name>
<model>BES-01/SD-27</model>
<url>
<![CDATA[ https://barsky.ua/grova_stancya_e-sports_batman_bes-01sd-27/ ]]>
</url>
<price>19224</price>
<oldprice>21360</oldprice>
<currencyId>UAH</currencyId>
<categoryId>4</categoryId>
<picture>https://barsky.ua/image/catalog/stancii/E-Sports Batman/BES-01_SD-27_001.jpg</picture>
<vendor>Barsky</vendor>
<stock_quantity>10</stock_quantity>
<description>
<![CDATA[ Текст ]]>
</description>
<param name="Класс мебели">недорогие</param>
<param name="Готовые решения">геймерские станции</param>
<param name="Предназначение">для дома</param>
<param name="Стиль">современный</param>
<param name="Особенности">LED подсветка</param>
<param name="Цвет">Черный</param>
<param name="Гарантия">5 лет</param>
</offer>
<offer id="256" available="false">
<name>Робоча станція Stand Up White Glass Spinwork BSU_el-06 F211DBU</name>
<model>BSU_el-06/F211DBU</model>
<url>
<![CDATA[ https://barsky.ua/robocha_stancya_stand_up_white_glass_spinwork_bsu_el-06f211dbu/ ]]>
</url>
<price>21899</price>
<oldprice>24332</oldprice>
<currencyId>UAH</currencyId>
<categoryId>4</categoryId>
<picture>https://barsky.ua/image/catalog/stancii/Stand Up White Glass Spinwork/BSU_el-06_F211DBU.jpg</picture>
<picture>https://barsky.ua/image/catalog/stancii/Stand Up White Glass Spinwork/BSU_el-06_F211DBU_003.jpg</picture>
<picture>https://barsky.ua/image/catalog/stancii/Stand Up White Glass Spinwork/BSU_el-06_F211DBU_002.jpg</picture>
<vendor>Barsky</vendor>
<stock_quantity>0</stock_quantity>
<description>
<![CDATA[ Текст ]]>
</description>
<param name="Класс мебели">дорогие</param>
<param name="Готовые решения">рабочие станции</param>
<param name="Предназначение">для дома</param>
<param name="Стиль">хай-тек</param>
<param name="Особенности">для работы стоя и сидя</param>
<param name="Цвет">белый/синий</param>
<param name="Гарантия">5 лет</param>
</offer>
<offer id="270" available="true">
<name>Регульований стіл Barsky User Master 1200*600 VRU_el-03</name>
<model>VRU_el-03</model>
<url>
<![CDATA[ https://barsky.ua/regulovaniyo_stl_barsky_user_master_1200600_vru_el-03/ ]]>
</url>
<price>15500</price>
<currencyId>UAH</currencyId>
<categoryId>3</categoryId>
<picture>https://barsky.ua/image/catalog/stoli/VRU_el-03/IMG_0490.jpg</picture>
<picture>https://barsky.ua/image/catalog/stoli/VRU_el-03/021.jpg</picture>
<picture>https://barsky.ua/image/catalog/stoli/VRU_el-03/018.jpg</picture>
<picture>https://barsky.ua/image/catalog/stoli/VRU_el-03/015.jpg</picture>
<picture>https://barsky.ua/image/catalog/stoli/VRU_el-03/017.jpg</picture>
<picture>https://barsky.ua/image/catalog/stoli/VRU_el-03/011.jpg</picture>
<picture>https://barsky.ua/image/catalog/stoli/VRU_el-03/009.jpg</picture>
<picture>https://barsky.ua/image/catalog/stoli/VRU_el-03/016.jpg</picture>
<picture>https://barsky.ua/image/catalog/stoli/VRU_el-03/014.jpg</picture>
<picture>https://barsky.ua/image/catalog/stoli/VRU_el-03/013.jpg</picture>
<picture>https://barsky.ua/image/catalog/stoli/VRU_el-03/IMG_0238_1.jpg</picture>
<picture>https://barsky.ua/image/catalog/stoli/VRU_el-03/IMG_0238_3.jpg</picture>
<picture>https://barsky.ua/image/catalog/stoli/VRU_el-03/IMG_0238.jpg</picture>
<picture>https://barsky.ua/image/catalog/stoli/VRU_el-03/IMG_0499.jpg</picture>
<picture>https://barsky.ua/image/catalog/stoli/VRU_el-03/IMG_0498.jpg</picture>
<picture>https://barsky.ua/image/catalog/stoli/VRU_el-03/IMG_0497.jpg</picture>
<picture>https://barsky.ua/image/catalog/stoli/VRU_el-03/IMG_0495.jpg</picture>
<picture>https://barsky.ua/image/catalog/stoli/VRU_el-03/IMG_0493.jpg</picture>
<picture>https://barsky.ua/image/catalog/stoli/VRU_el-03/IMG_0494.jpg</picture>
<picture>https://barsky.ua/image/catalog/stoli/VRU_el-03/IMG_0492.jpg</picture>
<vendor>Barsky</vendor>
<stock_quantity>9</stock_quantity>
<description>
<![CDATA[ Стол с регулировкой высоты. Управление с дисплеем на столешнице. Поднимается стол с помощью мотора, расположенного в царе под столешницей. Размер столешницы 1200*600 мм. Высота регулируется от 710 до 1200 мм. Стол поднимается плавно и бесшумно. Регулируемый стол удобен тем, что его можно подстроить под любой рост, если вы планируете работать только сидя. Но главная фишка всех подъемных столов в том, что одним нажатием кнопки вы можете изменить положение и продолжать работать. Столешница с аккуратными выдвижными ящиками хорошо подчеркнет интерьер любого дома или офиса. Польза работы стоя в том, что вы чаще меняете положение, а значит чаще двигаетесь в течение дня. Кроме того, ваши ткани не испытывают весь день давление кресла и у вас не будет ощущение онемения в конце рабочего дня. Мышцы сгибателя бедра не находятся в постоянном напряжении. Поясница тоже не перенапряжена целый день. За счет частой смены положения работают разные мышцы. эргономичная столешница стойкая конструкция безопасные обтекаемые плавные формы стола металлические ноги с регулируемыми ножками для выравнивания горизонта уютный внешний вид В комплекте: -2 выдвижных ящика ]]>
</description>
<param name="Предназначение">Для офиса</param>
<param name="Стиль">Классический</param>
<param name="Особенности">Регулируемые по высоте</param>
<param name="Вид">Эргономичные</param>
<param name="Размер">Маленькие</param>
<param name="Форма">Прямоугольные</param>
<param name="Для скольких человек">Для 1-го</param>
<param name="Материал столешницы">ДСП</param>
<param name="Материал корпуса">Металл</param>
<param name="Материал ножек">Металл</param>
<param name="Цвет">Орех</param>
<param name="Глубина">600</param>
<param name="Ширина">1200</param>
<param name="Высота">710-1210 мм</param>
</offer>
<offer id="271" available="true">
<name>Регульований стіл Barsky User white/wood 1200*600 VRU_el-02</name>
<model>VRU_el-02</model>
<url>
<![CDATA[ https://barsky.ua/reguliruemij_stol_barsky_user_whitewood_vru_el-02/ ]]>
</url>
<price>15500</price>
<currencyId>UAH</currencyId>
<categoryId>3</categoryId>
<picture>https://barsky.ua/image/catalog/stoli/VRU_el-02/img_0001.jpg</picture>
<picture>https://barsky.ua/image/catalog/stoli/VRU_el-02/img_0020.jpg</picture>
<picture>https://barsky.ua/image/catalog/stoli/VRU_el-02/img_0019.jpg</picture>
<picture>https://barsky.ua/image/catalog/stoli/VRU_el-02/img_0018.jpg</picture>
<picture>https://barsky.ua/image/catalog/stoli/VRU_el-02/img_0017.jpg</picture>
<picture>https://barsky.ua/image/catalog/stoli/VRU_el-02/img_0016.jpg</picture>
<picture>https://barsky.ua/image/catalog/stoli/VRU_el-02/img_0015.jpg</picture>
<picture>https://barsky.ua/image/catalog/stoli/VRU_el-02/img_0014.jpg</picture>
<picture>https://barsky.ua/image/catalog/stoli/VRU_el-02/img_0013.jpg</picture>
<picture>https://barsky.ua/image/catalog/stoli/VRU_el-02/img_0012.jpg</picture>
<picture>https://barsky.ua/image/catalog/stoli/VRU_el-02/img_0021.jpg</picture>
<picture>https://barsky.ua/image/catalog/stoli/VRU_el-02/img_0011.jpg</picture>
<picture>https://barsky.ua/image/catalog/stoli/VRU_el-02/img_0010.jpg</picture>
<picture>https://barsky.ua/image/catalog/stoli/VRU_el-02/img_0009.jpg</picture>
<picture>https://barsky.ua/image/catalog/stoli/VRU_el-02/img_0008.jpg</picture>
<picture>https://barsky.ua/image/catalog/stoli/VRU_el-02/img_0006.jpg</picture>
<picture>https://barsky.ua/image/catalog/stoli/VRU_el-02/img_0005.jpg</picture>
<picture>https://barsky.ua/image/catalog/stoli/VRU_el-02/img_0004.jpg</picture>
<picture>https://barsky.ua/image/catalog/stoli/VRU_el-02/img_0003.jpg</picture>
<picture>https://barsky.ua/image/catalog/stoli/VRU_el-02/img_0002.jpg</picture>
<vendor>Barsky</vendor>
<stock_quantity>0</stock_quantity>
<description>
<![CDATA[ Регулируемый стол Barsky User White - идеальное решение для вашего дома, офиса или детской комнаты, чтобы комбинировать стоячую и сидячую работу. Стильное цветовое решение, прямые формы и небольшие размеры Barsky User White позволяют разместить его в любом кабинете или комнате и выделить данный продукт в интерьере. Настоящая находка для настоящих минималистов, любителей лаконичности и комфорта. Общие характеристики Ширина столешницы составляет 1200 мм, глубина - 600 мм, а высота 720 мм. Толщина столешницы 18 мм. Данных габаритов вполне достаточно для одного человека, чтобы работать за столом с комфортом и не занимая много места в комнате. Стол выдерживает до 80 кг весовой нагрузки, что позволяет разместить на нем все необходимые принадлежности для работы и обустройства рабочего пространства. На ножках рамы предусмотрены регулируемые подпятники для выравнивания горизонта. Материалы Рама стола выполнена из надежного, крепкого и устойчивого металла. Столешница из ДСП-плиты, которая: 1. Выносливая к механическим повреждениям 2. Способна выдерживать весовую нагрузку 3. Хорошо удерживает крепежные элементы Дополнительная комплектация Вдобавок для большего комфорта Barsky User White был оснащен металлическим подстаканником, который не занимает место на столешнице. Благодаря этому вы всегда можете наслаждаться любимым напитком, без страха опрокинуть чашку на аппаратуру или важные бумаги. Помимо этого под столешницей есть металлический крючок для сумки или гарнитуры. Одним словом, удобно. Регулировка высоты Как вы уже поняли, регулировка высоты - основное преимущество Barsky User White. Регулируется именно высота столешницы стола. Это осуществляется благодаря панели управления и мотору, расположенному в царе под столешницей. Панель управления высоты находится с правой стороны столешницы. Она характеризуется следующими режимами регулирования: 1. Копка &quot;S&quot; запоминает высоту удобного для вас верхнего и нижнего положения 2. Копка положения &quot;сидя&quot; опускает столешницу на предварительно настроенную высоту. 3. Копка положения &quot;стоя&quot; поднимает столешницу на предварительно настроенную высоту. 4. Индикатор уровня высоты показывает уровень высоты столешницы в см или мм. 5. Кнопки управления &quot;вверх-вниз&quot; позволяют вручную изменять высоту столешницы. Диапазон регулировки колеблется от 72-120 см, что позволяет пользоваться данным столом людям разного роста. Поднимается стол плавно и почти бесшумно. Шум от опускания/поднятия составляет менее 55 дБ, что является допустимым уровнем шума, который не наносит вред здоровью даже при длительном воздействии. Можете спокойно пользоваться функцией регулировки высоты во время важных офлайн или онлайн переговоров, если захотите изменить ваше рабочее положение. Звук от работы двигателя не будет мешать беседе. Скорость поднятия столешницы составляет 2,5 см/c Почему столы с регулировкой высоты сейчас актуальны Столы с регулировкой высоты с каждым днем ​​набирают широкую популярность. Потребность в данном решении вызвана современным образом жизни, который заставляет многих работать в сидячем положении более 6 часов в день. Это приводит к боли в шее, спине, пояснице и в целом к ​​проблемам с опорно-двигательной системой. Что же дают регулируемые столы? 1. Свободу выбора и никаких ограничений. Хотите работать, учиться или играть сидя? Сидите. Хотите стоя? Стойте. Больше не нужно проводить время по своим занятиям, оцепенев в одной позе на несколько часов. 2. Польза для здоровья. Работать стоя очень полезно для нашей опорно-двигательной системы и общего физического и психологического состояния. Таким образом мы разгружаем наш позвоночник и предотвращаем развитие остеохондроза. 3. Универсальность. В вашей семье или компании столом с регулировкой высоты могут пользоваться несколько человек с разным ростом. Это очень удобно, ведь любой пользователь сможет настроить себе нужную высоту и занять оптимальное положение в кресле относительно стола. 4. Автоматизация. В наших столах с регулировкой высоты предусмотрен таймер на панели управления стола с функцией запоминания разных положений высоты. Потребуется для нескольких пользователей одного стола. Учитывая эти преимущества, по нашему мнению, регулируемый стол должен быть в каждом доме и офисе. Именно поэтому осенью 2022 года мы выпустили новую линейку регулируемых столов под названием USER, к которой и принадлежит стол Barsky User White. Заказывайте регулируемый стол Barsky User White и работайте, учитесь, играйте с удовольствием и пользой! ]]>
</description>
<param name="Предназначение">Для офиса</param>
<param name="Стиль">классический</param>
<param name="Особенности">регулируемые по высоте</param>
<param name="Тип">компьютерные</param>
<param name="Вид">эргономичные</param>
<param name="Размер">маленькие</param>
<param name="Форма">прямоугольные</param>
<param name="Для скольких человек">для 1-го</param>
<param name="Материал столешницы">ДСП</param>
<param name="Материал корпуса">металл</param>
<param name="Материал ножек">металл</param>
<param name="Цвет">Бело-деревянная</param>
<param name="Глубина">600</param>
<param name="Ширина">1200</param>
<param name="Высота">710-1210 мм</param>
<param name="Гарантия">5 лет</param>
</offer>
<offer id="274" available="true">
<name>Геймерский стол Barsky CYB-Sport 120*60*75 CYBs-01</name>
<model>CYBs-01</model>
<url>
<![CDATA[ https://barsky.ua/geymerskiy_stol_barsky_cyb-sport_cybs-01/ ]]>
</url>
<price>7889</price>
<oldprice>8500</oldprice>
<currencyId>UAH</currencyId>
<categoryId>3</categoryId>
<picture>https://barsky.ua/image/catalog/stoli/CYBs-01/IMG_9635_00.jpg</picture>
<picture>https://barsky.ua/image/catalog/stoli/CYBs-01/814A2719.jpg</picture>
<picture>https://barsky.ua/image/</picture>
<picture>https://barsky.ua/image/catalog/stoli/CYBs-01/IMG_9635_5.jpg</picture>
<picture>https://barsky.ua/image/catalog/stoli/CYBs-01/IMG_9635_7.jpg</picture>
<picture>https://barsky.ua/image/catalog/stoli/CYBs-01/IMG_9635_6.jpg</picture>
<picture>https://barsky.ua/image/catalog/stoli/CYBs-01/IMG_9635_4.jpg</picture>
<picture>https://barsky.ua/image/catalog/stoli/CYBs-01/IMG_9635_3.jpg</picture>
<picture>https://barsky.ua/image/catalog/stoli/CYBs-01/IMG_9635_2.jpg</picture>
<picture>https://barsky.ua/image/catalog/stoli/CYBs-01/IMG_9635_1.jpg</picture>
<picture>https://barsky.ua/image/catalog/stoli/CYBs-01/814A2710.jpg</picture>
<picture>https://barsky.ua/image/catalog/stoli/CYBs-01/814A2728.jpg</picture>
<picture>https://barsky.ua/image/catalog/stoli/CYBs-01/814A2721.jpg</picture>
<picture>https://barsky.ua/image/catalog/stoli/CYBs-01/814A2712.jpg</picture>
<picture>https://barsky.ua/image/catalog/stoli/CYBs-01/814A2720.jpg</picture>
<vendor>Barsky</vendor>
<stock_quantity>46</stock_quantity>
<description>
<![CDATA[ Описание стол игровой Barsky CYB-Sport CYBs-01 для подростка: В первую очередь стоит для себя сформулировать понятие стола, в классическом представлении это массивная поверхность, на которой можно расположить клавиатуру, мышь, монитор и тарелку с бутербродами, так же желательно, чтоб за этим столом можно было писать, читать и просто проводить свободное время за просмотром сериала. Зачастую, производитель пытается угодить всем, за счёт чего, получается довольно массивная конструкция, с миллионом отделений для бумаги, которой почти не осталось в обороте в век диджитализации. И на выходе, пользователь получает классический компьютерный стол, с непомерными габаритами, острыми углами и какими-то решениями из 90-х ( по типу специальных тумбочек, ящичков и прочего). Не секрет, что геймеры, всегда находятся на волне инноваций. Нет ничего более динамичного нежели геймерские стремления в оптимизации и обладанием новым, лучшим. И этим стремлениям, следуем и мы, как молодая и креативная компания. Давайте сформулируем главные тезисы современного игрового места, в частности стола. Это не массивная конструкция, которая должна занимать ровно столько места, сколько необходимо игроку для комфортной катки. Это всё включено, для размещения всех девайсов в заданном порядке и максимальной эргономике. Это минимум проводов и неудобств с расположением техники. Это возможность адаптации под свои задачи в два щелчка пальца за счет так званых DLC , в нашем случае обвесов и аксессуаров, которые значчительно персонализируют рабочее место для каждого игрока. Наши геймерские столы &quot;с коробки&quot; уже имеют кучу обвесов: RGB подсветка, CUP HOLDER, HEADPHONE Holder. и прочие вещи, которые помогают упорядочить и улучшить место для игры. Стол с подсветкой, которая управляется прямо на столе, с помощью сенсорной кнопки справа В комплект идет подстаканик, который можно спрятать под столешницу и крючек для наушников или не тяжелой сумки. Металлические ноги помимо эргономического дизайна, еще имеют форму благодаря которой достигается устойчивось, а также дополнительные пяточки которые регулируются и ими можно выровнять и сделать стол более устойчивым. Столешница из ДСП толщиной 18 мм и имеет дизайн Black Carbon и эргономическую форму с вырезом спереди для удобной работы или игры за столом. На столешнице справа и слева отверстия для кабелей. Стол упаковон в небольшую коробку которая помещается в багажник автомобиля. Есть инструкция и все необходимые инстументы для легкой сборки. ]]>
</description>
<param name="Предназначение">для геймеров</param>
<param name="Стиль">хай-тек</param>
<param name="Особенности">с подсветкой</param>
<param name="Тип">геймерские</param>
<param name="Вид">эргономичные</param>
<param name="Размер">маленькие</param>
<param name="Форма">прямоугольные</param>
<param name="Для скольких человек">для 1-го</param>
<param name="Материал столешницы">ДСП/Пленка</param>
<param name="Материал корпуса">ДСП</param>
<param name="Материал ножек">металл</param>
<param name="Цвет">черный</param>
<param name="Глубина">600</param>
<param name="Ширина">1200</param>
<param name="Высота">750</param>
<param name="Гарантия">5 лет</param>
</offer>
<offer id="276" available="false">
<name>Кресло геймерское Barsky Sportdrive Game Green SD-10</name>
<model>SD-10</model>
<url>
<![CDATA[ https://barsky.ua/kreslo_geymerskoe_barsky_sportdrive_game_green_sd-10/ ]]>
</url>
<price>8500</price>
<currencyId>UAH</currencyId>
<categoryId>2</categoryId>
<picture>https://barsky.ua/image/catalog/kresla/SD-10/SD-10_475x600_A1.png</picture>
<picture>https://barsky.ua/image/catalog/kresla/SD-10/SD-10_4.jpg</picture>
<picture>https://barsky.ua/image/catalog/kresla/SD-10/SD-10_3.jpg</picture>
<picture>https://barsky.ua/image/catalog/kresla/SD-10/SD-10_2.jpg</picture>
<picture>https://barsky.ua/image/catalog/kresla/SD-10/SD-10_1.jpg</picture>
<vendor>Barsky</vendor>
<stock_quantity>0</stock_quantity>
<description>
<![CDATA[ Описание геймерского кресла c яркими вставками Barsky Sportdrive Game Green SD-10: Недорогое кресло для геймеров со всеми нужными регулировками и дизайном имитирующим сидение гоночного автомобиля. Обивка из экокожи черного цвета с яркими салатовыми вставками. Есть регулируемая шейная и поясничная поддержка. Спинка откидывается в горизонтальное положение и фиксируется в любом положении. Сидение и подлокотники регулируются по высоте и подстраиваются по росту сидящего. Эта модель представлена в следующих цветовых решениях: полностью черное, с красными вставками, с салатовыми вставками. Кресло подойдет для взрослых и подростков. В сочетании с геймерским столом можно приобрести готовую игровую станцию со скидкой 10%! ]]>
</description>
<param name="Предназначение">для киберспорта</param>
<param name="Стиль">спортивный</param>
<param name="Местоположение">для дома</param>
<param name="Особенности">гоночные</param>
<param name="Обивка">экокожа</param>
<param name="Уровень жесткости">жесткие</param>
<param name="Основание">на колесах</param>
<param name="Крестовина">пластик</param>
<param name="Каркас">пластик</param>
<param name="Механизм качания">с механизмом качания и фиксацией</param>
<param name="Механизмы">с механизмом трансформации</param>
<param name="Особенности конструкции">спинка откидывается на 180°</param>
<param name="Оснащение">с поясничной подушкой</param>
<param name="Максимальный рост">200 см</param>
<param name="Сидение">с регулировкой угла наклона</param>
<param name="Ширина сидения, см">480х530 мм</param>
<param name="Спинка">с откидной спинкой</param>
<param name="Подлокотники">с регулировкой высоты</param>
<param name="Материал подлокотников">пластиковые</param>
<param name="Подголовник">без подголовника</param>
<param name="Ролики">Пластиковые</param>
<param name="Размер">широкие</param>
<param name="Цвет">Черный/зеленый</param>
<param name="Гарантия">5 лет</param>
<param name="Высота спинки, см">80</param>
</offer>
<offer id="277" available="true">
<name>Геймерський стіл Barsky CYB-Sport 140*60*75 CYBs-02</name>
<model>CYBs-02</model>
<url>
<![CDATA[ https://barsky.ua/geyomerskiyo_stl_barsky_cyb-sport_1406075_cybs-02/ ]]>
</url>
<price>10290</price>
<oldprice>11500</oldprice>
<currencyId>UAH</currencyId>
<categoryId>3</categoryId>
<picture>https://barsky.ua/image/catalog/Photo_Marketplace/CYbs/Previz.jpg</picture>
<picture>https://barsky.ua/image/catalog/Photo_Marketplace/CYbs/CYB-2-7.jpg</picture>
<picture>https://barsky.ua/image/catalog/Photo_Marketplace/CYbs/CYB-2-6.jpg</picture>
<picture>https://barsky.ua/image/catalog/Photo_Marketplace/CYbs/CYB-2-4.jpg</picture>
<picture>https://barsky.ua/image/catalog/Photo_Marketplace/CYbs/CYB-2-3.jpg</picture>
<picture>https://barsky.ua/image/catalog/Photo_Marketplace/CYbs/CYB-2-2.jpg</picture>
<picture>https://barsky.ua/image/catalog/Photo_Marketplace/CYbs/CYB-2-1.jpg</picture>
<picture>https://barsky.ua/image/catalog/Photo_Marketplace/CYbs/CYB-2-5.jpg</picture>
<vendor>Barsky</vendor>
<stock_quantity>39</stock_quantity>
<description>
<![CDATA[ Геймерский стол CYBS-02 от Barsky-это не только отличный выбор для любителей ожесточенных компьютерных баталий, но и для поклонников комфортного рабочего места. Стильный и современный эргономичный дизайн стола способен полностью погрузить вас в игровой и рабочий процесс. 1. Удобство и комфорт Геймерский стол CYBS-02 от Barsky характеризуется прямой формой и небольшим фигурным вырезом спереди. Первое позволит разместиться в любом уголке помещения, а второе - свободно маневрировать во время сиденья. Также для удобного размещения проводов по обе стороны столешницы есть по одному отверстию, а под столом-царга, в который можно положить удлинитель со всеми кабелями. Сама столешница шириной 140 см обеспечит вам широкое игровое пространство и полноценное рабочее место, благодаря чему вы спокойно сможете расположить 3 монитора и другие компьютерные принадлежности. Глубина столешницы составляет 60 см, что позволит вам расположить компьютер или ноутбук на оптимальном расстоянии от глаз, чтобы не портить зрение. Высота стола фиксирована и составляет 75 см. Взамен благодаря подпятникам на 2 ножках можно наклонить столешницу на 5 градусов, чтобы изменить положение локтей. 2. Надежные материалы Столешница изготовлена ​​из экологической ДСП-плиты толщиной 18 мм класса E1, что соответствует стандартам, не вредит здоровью и характеризуется хорошей прочностью и влагостойкостью. Для лучшей защищенности от повреждений она окантована карбонованой ПВХ-пленкой. Рама стола выполнена из металла, что позволяет выдержать до 75 кг и обеспечить устойчивость и надежность всей конструкции. 3. Дополнительная комплектация Геймерский стол оснащен двумя дополнительными крючками, которые можно закрутить под стол и повесить на них гарнитуру или небольшую сумку. Также под столом есть выдвижной подстаканник, благодаря которому можно наслаждаться любимым напитком без вероятности опрокинуть чашку с жидкостью на клавиатуру. Вдобавок ко всему прочему компания Barsky предоставляет свой фирменный коврик размерами 90x57 см для комфортного передвижения мыши и дополнительной защиты поверхности стола. 4. RGB-подсветка Ну и напоследок, для настоящих ценителей атмосферного досуга компания Barsky снарядила геймерский стол CYBS-02 двусторонней 8-цветной RGB-подсветкой, которая еще больше доставит удовольствие от развлечений и скрасит любую деятельность за таким рабочим местом. Управляется она с помощью сенсорной кнопки на столе с правой стороны, что не вызывает в процессе никаких сложностей. ]]>
</description>
<param name="Предназначение">для геймеров</param>
<param name="Стиль">современный</param>
<param name="Особенности">с подсветкой</param>
<param name="Тип">геймерские</param>
<param name="Вид">интерактивные</param>
<param name="Размер">большие</param>
<param name="Форма">прямоугольные</param>
<param name="Для скольких человек">для 2-х</param>
<param name="Материал столешницы">ДСП/Пленка</param>
<param name="Материал корпуса">металл</param>
<param name="Материал ножек">металл</param>
<param name="Цвет">Черный</param>
<param name="Глубина">565-600</param>
<param name="Ширина">1400</param>
<param name="Высота">750</param>
<param name="Гарантия">5 лет</param>
</offer>
<offer id="278" available="false">
<name>Крісло Barsky Grey PL BB-02G</name>
<model>BB-02G</model>
<url>
<![CDATA[ https://barsky.ua/krslo_barsky_grey_pl_bb-02g/ ]]>
</url>
<price>10950</price>
<currencyId>UAH</currencyId>
<categoryId>2</categoryId>
<picture>https://barsky.ua/image/catalog/Photo_Marketplace/BB-02 GREY/BB-Grey Zastavka.jpg</picture>
<picture>https://barsky.ua/image/catalog/Photo_Marketplace/BB-02 GREY/BB-Grey-1.jpg</picture>
<picture>https://barsky.ua/image/catalog/Photo_Marketplace/BB-02 GREY/BB-Grey-2.jpg</picture>
<picture>https://barsky.ua/image/catalog/Photo_Marketplace/BB-02 GREY/BB-Grey-3.jpg</picture>
<picture>https://barsky.ua/image/catalog/Photo_Marketplace/BB-02 GREY/BB-Grey-4.jpg</picture>
<picture>https://barsky.ua/image/catalog/Photo_Marketplace/BB-02 GREY/BB-Grey-5.jpg</picture>
<vendor>Barsky</vendor>
<stock_quantity>0</stock_quantity>
<description>
<![CDATA[ Текст ]]>
</description>
<param name="Предназначение">для персонала</param>
<param name="Стиль">современный</param>
<param name="Местоположение">для офиса</param>
<param name="Особенности">ортопедические</param>
<param name="Тип">офисные</param>
<param name="Обивка">сетка</param>
<param name="Уровень жесткости">жесткие</param>
<param name="Основание">на колесах</param>
<param name="Крестовина">хром</param>
<param name="Каркас">пластик</param>
<param name="Механизм качания">с механизмом качания и фиксацией</param>
<param name="Механизмы">синхромеханизм</param>
<param name="Особенности конструкции">для людей с большим весом</param>
<param name="Оснащение">с вентиляцией</param>
<param name="Максимальный рост">180 см</param>
<param name="Ширина сидения, см">50</param>
<param name="Спинка">с поддержкой поясницы</param>
<param name="Подлокотники">2D</param>
<param name="Материал подлокотников">пластиковые</param>
<param name="Подголовник">с регулируемым подголовником</param>
<param name="Ролики">Обрезиненные</param>
<param name="Размер">узкие</param>
<param name="Цвет">Серый</param>
<param name="Гарантия">5 лет</param>
<param name="Высота спинки, см">57</param>
</offer>
<offer id="281" available="false">
<name>Кресло Barsky StandUp Leather ST-02</name>
<model>ST-02</model>
<url>
<![CDATA[ https://barsky.ua/kreslo_barsky_standup_leather_st-02/ ]]>
</url>
<price>30000</price>
<currencyId>UAH</currencyId>
<categoryId>2</categoryId>
<picture>https://barsky.ua/image/catalog/kresla/ST-02/IMG_9536_7uk.jpg</picture>
<picture>https://barsky.ua/image/catalog/kresla/ST-02/IMG_9572.jpg</picture>
<picture>https://barsky.ua/image/catalog/kresla/ST-02/IMG_9570.jpg</picture>
<picture>https://barsky.ua/image/catalog/kresla/ST-02/IMG_9561.jpg</picture>
<picture>https://barsky.ua/image/catalog/kresla/ST-02/IMG_9536_7.jpg</picture>
<picture>https://barsky.ua/image/catalog/kresla/ST-02/IMG_9536_6.jpg</picture>
<picture>https://barsky.ua/image/catalog/kresla/ST-02/IMG_9536_5.jpg</picture>
<picture>https://barsky.ua/image/catalog/kresla/ST-02/IMG_9536_4.jpg</picture>
<picture>https://barsky.ua/image/catalog/kresla/ST-02/IMG_9536_3.jpg</picture>
<picture>https://barsky.ua/image/catalog/kresla/ST-02/IMG_9536_2.jpg</picture>
<picture>https://barsky.ua/image/catalog/kresla/ST-02/IMG_9536_1.jpg</picture>
<picture>https://barsky.ua/image/catalog/kresla/ST-02/IMG_9536.jpg</picture>
<picture>https://barsky.ua/image/catalog/kresla/ST-02/IMG_9573.jpg</picture>
<picture>https://barsky.ua/image/catalog/kresla/ST-02/IMG_9576.jpg</picture>
<picture>https://barsky.ua/image/catalog/kresla/ST-02/IMG_9581.jpg</picture>
<vendor>Barsky</vendor>
<stock_quantity>0</stock_quantity>
<description>
<![CDATA[ Текст ]]>
</description>
<param name="Предназначение">для фриланса</param>
<param name="Стиль">модерн</param>
<param name="Местоположение">для дома</param>
<param name="Особенности">с перфорацией</param>
<param name="Класс кресел">люкс</param>
<param name="Тип">офисные</param>
<param name="Обивка">кожа</param>
<param name="Уровень жесткости">мягкие</param>
<param name="Основание">на колесах</param>
<param name="Крестовина">аллюминий/матовое</param>
<param name="Каркас">дерево</param>
<param name="Механизм качания">с механизмом качания и фиксация</param>
<param name="Механизмы">синхромеханизм</param>
<param name="Особенности конструкции">со спинкой</param>
<param name="Оснащение">с мягкими подлокотниками</param>
<param name="Максимальный рост">210 см</param>
<param name="Сидение">с регулировкой угла наклона</param>
<param name="Ширина сидения, см">52</param>
<param name="Спинка">с регулировкой спинки по высоте</param>
<param name="Подлокотники">3D</param>
<param name="Материал подлокотников">мягкие накладки</param>
<param name="Подголовник">с регулируемым подголовником</param>
<param name="Ролики">Нейлоновые</param>
<param name="Размер">большие</param>
<param name="Цвет">Черный</param>
<param name="Максимальная нагрузка, кг">200</param>
<param name="Высота спинки, см">90</param>
</offer>
<offer id="282" available="false">
<name>Игровая станция E-Sports Drive CYBs-02/SD-29</name>
<model>CYBs-02/SD-29</model>
<url>
<![CDATA[ https://barsky.ua/grova_stancya_e-sports_cybs-02sd-29/ ]]>
</url>
<price>18980</price>
<currencyId>UAH</currencyId>
<categoryId>4</categoryId>
<picture>https://barsky.ua/image/catalog/stancii/CYBs-02_SD-29/20220713_112235.png</picture>
<picture>https://barsky.ua/image/catalog/stancii/CYBs-02_SD-29/20220713_112247.png</picture>
<vendor>Barsky</vendor>
<stock_quantity>0</stock_quantity>
<description>
<![CDATA[ ]]>
</description>
</offer>
<offer id="283" available="true">
<name>Кресло геймерское Barsky Game Mesh Grey GM-02</name>
<model>GM-02</model>
<url>
<![CDATA[ https://barsky.ua/kreslo_geymerskoe_%20barsky_game_mesh_grey_gm-02%20/ ]]>
</url>
<price>29870</price>
<currencyId>UAH</currencyId>
<categoryId>2</categoryId>
<picture>https://barsky.ua/image/catalog/kresla/GM-02/IMG_9301_8.jpg</picture>
<picture>https://barsky.ua/image/catalog/kresla/GM-02/IMG_9356.jpg</picture>
<picture>https://barsky.ua/image/catalog/kresla/GM-02/IMG_9331.jpg</picture>
<picture>https://barsky.ua/image/catalog/kresla/GM-02/IMG_9406.jpg</picture>
<picture>https://barsky.ua/image/catalog/kresla/GM-02/IMG_9301_4.jpg</picture>
<picture>https://barsky.ua/image/catalog/kresla/GM-02/IMG_9353.jpg</picture>
<picture>https://barsky.ua/image/catalog/kresla/GM-02/IMG_9358.jpg</picture>
<picture>https://barsky.ua/image/catalog/kresla/GM-02/IMG_9364.jpg</picture>
<picture>https://barsky.ua/image/catalog/kresla/GM-02/IMG_9378.jpg</picture>
<picture>https://barsky.ua/image/catalog/kresla/GM-02/IMG_9324.jpg</picture>
<picture>https://barsky.ua/image/catalog/kresla/GM-02/IMG_9340.jpg</picture>
<picture>https://barsky.ua/image/catalog/kresla/GM-02/IMG_9348.jpg</picture>
<picture>https://barsky.ua/image/catalog/kresla/GM-02/IMG_9386_1.jpg</picture>
<picture>https://barsky.ua/image/catalog/kresla/GM-02/6.gif</picture>
<picture>https://barsky.ua/image/catalog/kresla/GM-02/IMG_9316.jpg</picture>
<picture>https://barsky.ua/image/catalog/kresla/GM-02/IMG_9312.jpg</picture>
<picture>https://barsky.ua/image/catalog/kresla/GM-02/IMG_9350.jpg</picture>
<picture>https://barsky.ua/image/catalog/kresla/GM-02/IMG_9301_2.jpg</picture>
<picture>https://barsky.ua/image/catalog/kresla/GM-02/IMG_9301_3.jpg</picture>
<picture>https://barsky.ua/image/catalog/kresla/GM-02/IMG_9313.jpg</picture>
<picture>https://barsky.ua/image/catalog/kresla/GM-02/IMG_9375.jpg</picture>
<picture>https://barsky.ua/image/catalog/kresla/GM-02/IMG_9301_1.jpg</picture>
<picture>https://barsky.ua/image/catalog/kresla/GM-02/IMG_9301_7.jpg</picture>
<picture>https://barsky.ua/image/catalog/kresla/GM-02/IMG_9327.jpg</picture>
<picture>https://barsky.ua/image/catalog/kresla/GM-02/ размерами.jpg</picture>
<picture>https://barsky.ua/image/catalog/kresla/GM-02/IMG_9326.jpg</picture>
<picture>https://barsky.ua/image/catalog/kresla/GM-02/IMG_9301_5.jpg</picture>
<picture>https://barsky.ua/image/catalog/kresla/GM-02/IMG_9315.jpg</picture>
<picture>https://barsky.ua/image/catalog/kresla/GM-02/IMG_9301_6.jpg</picture>
<vendor>Barsky</vendor>
<stock_quantity>20</stock_quantity>
<description>
<![CDATA[ Barsky Game Mesh Grey GM-02 - це не просто геймерське крісло, а витвір сучасної інженерної майстерності, який об&#39;єднує в собі комфорт, стиль та надійність. Його відмінні характеристики роблять його неперевершеним вибором для будь-якого гравця. Геймерське крісло Barsky Game Mesh Grey GM-02 має сучасний дизайн, який відображає найновіші тенденції у світі геймінгу. Його класичний та водночас модний світло-сірий колір надає йому естетичної привабливості й дозволяє гармонійно вписуватися в будь-який інтер&#39;єр. Однією з найбільших переваг цього геймерського крісла є його преміальна нейлонова сітка, що забезпечує високу стійкість до розтягувань, корозії, високих температур та ультрафіолету. Це дозволяє гравцеві грати в кріслі годинами, не відчуваючи дискомфорту. Додатково, матеріал має відмінну повітропроникність, що забезпечує оптимальну вентиляцію та свіжість під час гри. Barsky Game Mesh Grey GM-02 має міцні та надійні ніжки з високоміцного алюмінієвого сплаву, що пройшли випробування статичним тиском 1136 кг. Газліфт виготовлений зі сталі, забезпечуючи додаткову надійність та довговічність крісла. Нековзні та безшумні поліуретанові колеса не залишають слідів та подряпин на підлозі, що дозволяє зручно переміщатися навколо кімнати без шуму та різних пошкоджень. Крісло також оснащене сталевими підлокітниками з гальванічним покриттям та зручними поліуретановими накладками. Крім надійної конструкції та естетичного дизайну, геймерське крісло Barsky Game Mesh Grey GM-02 має ще кілька корисних функцій, які зроблять ваші віртуальні пригоди ще більш комфортними та продуктивними: &bull; Регульовані 4D підлокітники з можливістю регулювання висоти, повороту та вильоту для ергономічної підтримки рук під час гри &bull; Підголівник, у якому можна налаштувати необхідну висоту та оптимальний кут нахилу, щоб зменшити напругу у шиї та плечовій зоні під час запеклих ігрових баталій. &bull; Регульована за висотою спинка, окреме регулювання висоти самого крісла та глибини сидіння, а також налаштування поперекової підтримки-забезпечують ідеальне положення для вашого тіла, щоб завжди тримати свій фокус лише на грі. &bull; Синхромеханізм, який дозволяє гойдатися та фіксуватися у будь-якому положенні на ваш розсуд-бо змагання часом можуть бути напруженими, а отримати трохи релаксу завжди корисно. &bull; Підставка для ніг, яка дає можливість перепочити між ігровими сесіями, не встаючи з крісла. Отже, Barsky Game Mesh Grey GM-02 - це не просто геймерське крісло, а справжній інструмент для гравців, які бажають забезпечити собі найкращі умови для довготривалого геймінгу. Завдяки високоякісним матеріалам, стильному дизайну та функціональності, це крісло стане чудовим доповненням до будь-якого геймерського простору та забезпечить вам максимальний комфорт і задоволення від ігор. ]]>
</description>
<param name="Стиль">Современный</param>
<param name="Особенности">Эргономические</param>
<param name="Класс кресел">Дорогие</param>
<param name="Тип">Геймерские</param>
<param name="Обивка">Сетка</param>
<param name="Уровень жесткости">Средний</param>
<param name="Основание">На колесах</param>
<param name="Крестовина">Хром</param>
<param name="Каркас">Метелл, Пластик</param>
<param name="Механизм качания">С механизмом качания и фиксацией</param>
<param name="Механизмы">Синхромеханизм</param>
<param name="Максимальный рост">210 см</param>
<param name="Сидение">С регулировкой глубины сидения</param>
<param name="Спинка">С регулировкой спинки по высоте</param>
<param name="Подлокотники">4D</param>
<param name="Материал подлокотников">Мягкие накладки</param>
<param name="Подголовник">С регулируемым по высоте и наклону</param>
<param name="Ролики">Силиконовые</param>
<param name="Цвет">Серый</param>
<param name="Дополнительные характеристики">Ортопедическое сиденье и спинка Поясничная подушка регулируется по глубине и высоте. Регулировка высоты подголовника 5 уровней Регулировка высоты спинки 5 ступеней Регулировка подлокотников по высоте, глубине, поверхность подлокотников регулируется вперед назад вправо и влево</param>
</offer>
<offer id="284" available="false">
<name>Игровая станция E-Sports Drive CYBs-01/SD-17</name>
<model>CYBs-01/SD-17</model>
<url>
<![CDATA[ https://barsky.ua/grova_stancya_e-sports_drive_cybs-01sd-17/ ]]>
</url>
<price>11735</price>
<oldprice>13500</oldprice>
<currencyId>UAH</currencyId>
<categoryId>4</categoryId>
<picture>https://barsky.ua/image/catalog/stancii/CYBs-01_SD-17/814a0014.jpg</picture>
<picture>https://barsky.ua/image/catalog/stancii/CYBs-01_SD-17/814a0016.jpg</picture>
<picture>https://barsky.ua/image/catalog/stancii/CYBs-01_SD-17/814a0012.jpg</picture>
<picture>https://barsky.ua/image/catalog/stancii/CYBs-01_SD-17/814a0013.jpg</picture>
<picture>https://barsky.ua/image/catalog/stancii/CYBs-01_SD-17/814a0015.jpg</picture>
<vendor> </vendor>
<stock_quantity>0</stock_quantity>
<description>
<![CDATA[ ]]>
</description>
</offer>
<offer id="285" available="true">
<name>Стол Лайт TLBX-02 white 100*60*74</name>
<model>TLBX-02</model>
<url>
<![CDATA[ https://barsky.ua/stol_light_tlbx-02_white/ ]]>
</url>
<price>4195</price>
<currencyId>UAH</currencyId>
<categoryId>1</categoryId>
<picture>https://barsky.ua/image/catalog/vivat/ Стол Лайт TLBX-02/vivatviv77_83208498_891940577904127_6488208998070828286_n.jpg</picture>
<picture>https://barsky.ua/image/catalog/vivat/ Стол Лайт TLBX-02/vivatviv77_83197334_827313107742214_4806757004310697229_n.jpg</picture>
<picture>https://barsky.ua/image/catalog/vivat/ Стол Лайт TLBX-02/vivatviv77_83245255_941866742876464_1382175401119486605_n.jpg</picture>
<vendor>Виват</vendor>
<stock_quantity>10</stock_quantity>
<description>
<![CDATA[ ]]>
</description>
<param name="Материал">Каленое стекло 10 мм</param>
<param name="Материал ножек">Крашенный металл</param>
<param name="Цвет">Белый</param>
<param name="Глубина">600</param>
<param name="Ширина">1000</param>
<param name="Высота">740</param>
<param name="Гарантия">12 месяцев</param>
</offer>
<offer id="286" available="true">
<name>Стол Плато TLBX-07 cream 155/100*80*77</name>
<model>TLBX-07</model>
<url>
<![CDATA[ https://barsky.ua/stol_plato_tlbx-07_cream/ ]]>
</url>
<price>6522</price>
<currencyId>UAH</currencyId>
<categoryId>1</categoryId>
<picture>https://barsky.ua/image/catalog/vivat/ Плато TLBX-07 /IMG_0117_1.jpg</picture>
<picture>https://barsky.ua/image/catalog/vivat/ Плато TLBX-07 /814A2735.jpg</picture>
<picture>https://barsky.ua/image/catalog/vivat/ Плато TLBX-07 /814A2765.jpg</picture>
<picture>https://barsky.ua/image/catalog/vivat/ Плато TLBX-07 /814A2729.jpg</picture>
<picture>https://barsky.ua/image/catalog/vivat/ Плато TLBX-07 /814A2732.jpg</picture>
<picture>https://barsky.ua/image/catalog/vivat/ Плато TLBX-07 /IMG_0125.jpg</picture>
<picture>https://barsky.ua/image/catalog/vivat/ Плато TLBX-07 /IMG_0124.jpg</picture>
<picture>https://barsky.ua/image/catalog/vivat/ Плато TLBX-07 /IMG_0123.jpg</picture>
<picture>https://barsky.ua/image/catalog/vivat/ Плато TLBX-07 /IMG_0117.jpg</picture>
<picture>https://barsky.ua/image/catalog/vivat/ Плато TLBX-07 /IMG_0116.jpg</picture>
<picture>https://barsky.ua/image/catalog/vivat/ Плато TLBX-07 /814A2742.jpg</picture>
<vendor>Виват</vendor>
<stock_quantity>10</stock_quantity>
<description>
<![CDATA[ ]]>
</description>
<param name="Материал">Каленое стекло 12 мм</param>
<param name="Материал ножек">Крашенный металл</param>
<param name="Цвет">Кремовый</param>
<param name="Глубина">800</param>
<param name="Ширина">1550/1000</param>
<param name="Высота">770</param>
<param name="Гарантия">12 месяцев</param>
</offer>
<offer id="287" available="true">
<name>Стол Фемили 2 TLBX-09 grey 200/120*83*77</name>
<model>TLBX-09</model>
<url>
<![CDATA[ https://barsky.ua/stol_family_2_tlbx-09_gray/ ]]>
</url>
<price>7590</price>
<currencyId>UAH</currencyId>
<categoryId>1</categoryId>
<picture>https://barsky.ua/image/catalog/vivat/ Фемили 2 TLBX-09/DSC_5444.jpg</picture>
<picture>https://barsky.ua/image/catalog/vivat/ Фемили 2 TLBX-09/vivatviv77_85169426_241356290604019_6808569843826307661_n.jpg</picture>
<picture>https://barsky.ua/image/catalog/vivat/ Фемили 2 TLBX-09/DSC_5449.jpg</picture>
<picture>https://barsky.ua/image/catalog/vivat/ Фемили 2 TLBX-09/DSC_5431.jpg</picture>
<picture>https://barsky.ua/image/catalog/vivat/ Фемили 2 TLBX-09/DSC_5422.jpg</picture>
<picture>https://barsky.ua/image/catalog/vivat/ Фемили 2 TLBX-09/vivatviv77_87528773_247141326301970_3547569562817681905_n.jpg</picture>
<vendor>Виват</vendor>
<stock_quantity>10</stock_quantity>
<description>
<![CDATA[ ]]>
</description>
<param name="Материал">Каленое стекло 10 мм</param>
<param name="Материал ножек">Крашенный металл</param>
<param name="Цвет">Серый</param>
<param name="Глубина">830</param>
<param name="Ширина">2000/1200</param>
<param name="Высота">770</param>
<param name="Гарантия">12 месяцев</param>
</offer>
<offer id="288" available="true">
<name>Стул Ритц CLBX-02</name>
<model>CLBX-02</model>
<url>
<![CDATA[ https://barsky.ua/stul_ritz_clbx-02/ ]]>
</url>
<price>1990</price>
<currencyId>UAH</currencyId>
<categoryId>1</categoryId>
<picture>https://barsky.ua/image/catalog/vivat/ РИТЦ/vivatviv77_83578014_487760908565893_4503837571554181629_n.jpg</picture>
<picture>https://barsky.ua/image/catalog/vivat/ РИТЦ/vivatviv77_83944430_2434018090037353_2606201083266930417_n.jpg</picture>
<vendor>Виват</vendor>
<stock_quantity>1</stock_quantity>
<description>
<![CDATA[ ]]>
</description>
<param name="Размер">550*420*1000</param>
<param name="Материал ножек">Хромированный металл</param>
<param name="Цвет">Молочный</param>
<param name="Гарантия">12 месяцев</param>
<param name="Материал обивки">PU</param>
</offer>
<offer id="289" available="true">
<name>Кресло геймерское Sportdrive Game White SD-03</name>
<model>SD-03</model>
<url>
<![CDATA[ https://barsky.ua/kreslo_geymerskoe_sportdrive_game_white_sd-03/ ]]>
</url>
<price>9350</price>
<currencyId>UAH</currencyId>
<categoryId>2</categoryId>
<picture>https://barsky.ua/image/catalog/vivat/SD-03/vivatviv77_83444905_124053752295304_7113616191895951071_n.jpg</picture>
<picture>https://barsky.ua/image/catalog/vivat/SD-03/vivatviv77_83625977_229254871434025_5402514601371624250_n.jpg</picture>
<picture>https://barsky.ua/image/catalog/vivat/SD-03/vivatviv77_83790377_191345841940421_4109788028976948499_n.jpg</picture>
<picture>https://barsky.ua/image/catalog/vivat/SD-03/vivatviv77_83526686_1030004080715961_5296739526106039890_n.jpg</picture>
<picture>https://barsky.ua/image/catalog/vivat/SD-03/vivatviv77_83764192_251122262549808_1641738272803102026_n.jpg</picture>
<vendor>Виват</vendor>
<stock_quantity>10</stock_quantity>
<description>
<![CDATA[ ]]>
</description>
<param name="Предназначение">Для киберспорта</param>
<param name="Стиль">Спортивный</param>
<param name="Местоположение">Для дома</param>
<param name="Особенности">Гоночные</param>
<param name="Класс кресел">Недорогие</param>
<param name="Тип">Игровые</param>
<param name="Уровень жесткости">Мягкие</param>
<param name="Крестовина">Пластик</param>
<param name="Каркас">Металл</param>
<param name="Механизм качания">С механизмом качания и фиксацией</param>
<param name="Особенности конструкции">Спинка откидывается на 180°</param>
<param name="Оснащение">С поясничной подушкой</param>
<param name="Максимальный рост">190</param>
<param name="Сидение">С регулировкой сидения по высоте</param>
<param name="Спинка">С откидной спинкой</param>
<param name="Подлокотники">С регулировкой высоты</param>
<param name="Материал подлокотников">Пластиковые</param>
<param name="Подголовник">С высоким подголовником</param>
<param name="Ролики">Прорезиненные</param>
<param name="Гарантия">12 месяцев</param>
<param name="Механизмы">С механизмом трансформации</param>
</offer>
<offer id="290" available="true">
<name>Кресло геймерское c подсветкой Sportdrive Game SD-01 Led</name>
<model>SD-01 Led</model>
<url>
<![CDATA[ https://barsky.ua/kreslo_geymerskoe_s_podsvetkoy_sportdrive_game_sd-01_led/ ]]>
</url>
<price>9161</price>
<currencyId>UAH</currencyId>
<categoryId>2</categoryId>
<picture>https://barsky.ua/image/catalog/vivat/SD-01 Led/65cea0d3-1e4c-4516-991d-75c953ca7b5f.jpg</picture>
<picture>https://barsky.ua/image/catalog/vivat/SD-01 Led/8fe1e0ac-03f9-43ab-9317-9c5661dfae6f.jpg</picture>
<vendor> </vendor>
<stock_quantity>10</stock_quantity>
<description>
<![CDATA[ ]]>
</description>
</offer>
<offer id="291" available="true">
<name>Игровая станция E-Sports Drive CYBs-01/Fly-03</name>
<model>CYBs-01/Fly-03</model>
<url>
<![CDATA[ https://barsky.ua/grova_stancya_e-sports_drive_cybs-01fly-03/ ]]>
</url>
<price>18000</price>
<currencyId>UAH</currencyId>
<categoryId>4</categoryId>
<picture>https://barsky.ua/image/catalog/stancii/CYBs-01Fly-03/814a0001 (1).jpg</picture>
<picture>https://barsky.ua/image/catalog/stancii/CYBs-01Fly-03/814a0003.jpg</picture>
<picture>https://barsky.ua/image/catalog/stancii/CYBs-01Fly-03/814a0004.jpg</picture>
<picture>https://barsky.ua/image/catalog/stancii/CYBs-01Fly-03/814a0002.jpg</picture>
<picture>https://barsky.ua/image/catalog/stancii/CYBs-01Fly-03/814a0005.jpg</picture>
<vendor>Barsky</vendor>
<stock_quantity>5</stock_quantity>
<description>
<![CDATA[ ]]>
</description>
<param name="Готовые решения">Геймерские станции</param>
<param name="Стиль">Современный</param>
<param name="Особенности">LED подсветка</param>
<param name="Цвет">Черный</param>
</offer>
<offer id="292" available="true">
<name>Игровая станция E-Sports Drive CYBs-01/BM-01</name>
<model>CYBs-01/BM-01</model>
<url>
<![CDATA[ https://barsky.ua/grova_stancya_e-sports_drive_cybs-01bm-01/ ]]>
</url>
<price>11735</price>
<oldprice>14535</oldprice>
<currencyId>UAH</currencyId>
<categoryId>4</categoryId>
<picture>https://barsky.ua/image/catalog/stancii/CYBs-01_BM-01/814a0011.jpg</picture>
<picture>https://barsky.ua/image/catalog/stancii/CYBs-01_BM-01/814a0010.jpg</picture>
<picture>https://barsky.ua/image/catalog/stancii/CYBs-01_BM-01/814a0009.jpg</picture>
<picture>https://barsky.ua/image/catalog/stancii/CYBs-01_BM-01/814a0008.jpg</picture>
<picture>https://barsky.ua/image/catalog/stancii/CYBs-01_BM-01/814a0007.jpg</picture>
<picture>https://barsky.ua/image/catalog/stancii/CYBs-01_BM-01/814a0006.jpg</picture>
<vendor> </vendor>
<stock_quantity>9</stock_quantity>
<description>
<![CDATA[ ]]>
</description>
</offer>
<offer id="293" available="true">
<name>Стул Зетта CLBX-04</name>
<model>CLBX-04</model>
<url>
<![CDATA[ https://barsky.ua/stul_zetta_clbx-04/ ]]>
</url>
<price>3590</price>
<currencyId>UAH</currencyId>
<categoryId>1</categoryId>
<picture>https://barsky.ua/image/catalog/vivat/ Зетта/a022a4f6-fdc1-44b5-98ef-f12c1222fdb2.jpg</picture>
<picture>https://barsky.ua/image/catalog/vivat/ Зетта/1760941418_w294_h473_stul-vivat-zetta.jpg</picture>
<vendor>Виват</vendor>
<stock_quantity>1</stock_quantity>
<description>
<![CDATA[ ]]>
</description>
</offer>
<offer id="294" available="false">
<name>Регульований стіл Barsky User R black 1400*900 VRU_el-01R</name>
<model>VRU_el-01R</model>
<url>
<![CDATA[ https://barsky.ua/regulovaniyo_stl_barsky_user_r_black_1400900_vru_el-01r/ ]]>
</url>
<price>17500</price>
<currencyId>UAH</currencyId>
<categoryId>3</categoryId>
<picture>https://barsky.ua/image/catalog/stoli/VRU_el-01R/IMG_0517.jpg</picture>
<picture>https://barsky.ua/image/catalog/stoli/VRU_el-01R/019.jpg</picture>
<picture>https://barsky.ua/image/catalog/stoli/VRU_el-01R/014.jpg</picture>
<picture>https://barsky.ua/image/catalog/stoli/VRU_el-01R/015.jpg</picture>
<picture>https://barsky.ua/image/catalog/stoli/VRU_el-01R/017.jpg</picture>
<picture>https://barsky.ua/image/catalog/stoli/VRU_el-01R/018.jpg</picture>
<picture>https://barsky.ua/image/catalog/stoli/VRU_el-01R/013.jpg</picture>
<picture>https://barsky.ua/image/catalog/stoli/VRU_el-01R/012.jpg</picture>
<picture>https://barsky.ua/image/catalog/stoli/VRU_el-01R/010.jpg</picture>
<picture>https://barsky.ua/image/catalog/stoli/VRU_el-01R/009.jpg</picture>
<picture>https://barsky.ua/image/catalog/stoli/VRU_el-01R/814a0010.jpg</picture>
<picture>https://barsky.ua/image/catalog/stoli/VRU_el-01R/814a0016.jpg</picture>
<picture>https://barsky.ua/image/catalog/stoli/VRU_el-01R/IMG_0531.jpg</picture>
<picture>https://barsky.ua/image/catalog/stoli/VRU_el-01R/IMG_0530.jpg</picture>
<picture>https://barsky.ua/image/catalog/stoli/VRU_el-01R/IMG_0528.jpg</picture>
<picture>https://barsky.ua/image/catalog/stoli/VRU_el-01R/IMG_0526.jpg</picture>
<picture>https://barsky.ua/image/catalog/stoli/VRU_el-01R/IMG_0527.jpg</picture>
<picture>https://barsky.ua/image/catalog/stoli/VRU_el-01R/IMG_0523.jpg</picture>
<picture>https://barsky.ua/image/catalog/stoli/VRU_el-01R/IMG_0522.jpg</picture>
<vendor>Barsky</vendor>
<stock_quantity>0</stock_quantity>
<description>
<![CDATA[ Угловой стол с регулировкой высоты. Управление с дисплеем на столешнице. Поднимается стол с помощью мотора, расположенного в царе под столешницей. Размер столешницы 1400*600/900 мм. Высота регулируется от 710 до 1200 мм. Стол поднимается плавно и бесшумно. Регулируемый стол удобен тем, что его можно подстроить под любой рост, если вы планируете работать только сидя. Но главная фишка всех подъемных столов в том, что одним нажатием кнопки вы можете изменить положение и продолжать работать. За счет угловой формы Вы получаете большое рабочее пространство. Столешница с оптикаемыми формами хорошо подчеркнет интерьер любого дома или офиса. Польза работы стоя в том, что вы чаще меняете положение, а значит чаще двигаетесь в течение дня. Кроме того, ваши ткани не испытывают весь день давление кресла и у вас не будет ощущение онемения в конце рабочего дня. Мышцы сгибателя бедра не находятся в постоянном напряжении. Поясница тоже не перенапряжена целый день. За счет частой смены положения работают разные мышцы. эргономичная столешница стойкая конструкция безопасные обтекаемые плавные формы стола металлические ноги с регулируемыми ножками для выравнивания горизонта уютный внешний вид ]]>
</description>
<param name="Предназначение">Для офиса</param>
<param name="Стиль">Классический</param>
<param name="Особенности">Регулируемые по высоте</param>
<param name="Вид">Эргономичные</param>
<param name="Размер">Средний</param>
<param name="Форма">Угловой</param>
<param name="Для скольких человек">Для 1-го</param>
<param name="Материал столешницы">ДСП</param>
<param name="Материал ножек">Металл</param>
<param name="Глубина">600-900</param>
<param name="Высота">710-1210</param>
<param name="Материал корпуса">Металл</param>
<param name="Ширина">1400</param>
</offer>
<offer id="295" available="true">
<name>Регульований стіл Barsky User L grey 1400*900 VRU_el-03L</name>
<model>VRU_el-03L</model>
<url>
<![CDATA[ https://barsky.ua/regulovaniyo_stl_barsky_user_l_grey_1400900_vru_el-03l/ ]]>
</url>
<price>12500</price>
<oldprice>17500</oldprice>
<currencyId>UAH</currencyId>
<categoryId>3</categoryId>
<picture>https://barsky.ua/image/catalog/stoli/VRU_el-03L/IMG_0501.jpg</picture>
<picture>https://barsky.ua/image/catalog/stoli/VRU_el-03L/015.jpg</picture>
<picture>https://barsky.ua/image/catalog/stoli/VRU_el-03L/019.jpg</picture>
<picture>https://barsky.ua/image/catalog/stoli/VRU_el-03L/016.jpg</picture>
<picture>https://barsky.ua/image/catalog/stoli/VRU_el-03L/010.jpg</picture>
<picture>https://barsky.ua/image/catalog/stoli/VRU_el-03L/018.jpg</picture>
<picture>https://barsky.ua/image/catalog/stoli/VRU_el-03L/013.jpg</picture>
<picture>https://barsky.ua/image/catalog/stoli/VRU_el-03L/012.jpg</picture>
<picture>https://barsky.ua/image/catalog/stoli/VRU_el-03L/011.jpg</picture>
<picture>https://barsky.ua/image/catalog/stoli/VRU_el-03L/IMG_0256_1.jpg</picture>
<picture>https://barsky.ua/image/catalog/stoli/VRU_el-03L/IMG_0256.jpg</picture>
<picture>https://barsky.ua/image/catalog/stoli/VRU_el-03L/IMG_0512.jpg</picture>
<picture>https://barsky.ua/image/catalog/stoli/VRU_el-03L/IMG_0511.jpg</picture>
<picture>https://barsky.ua/image/catalog/stoli/VRU_el-03L/IMG_0510.jpg</picture>
<picture>https://barsky.ua/image/catalog/stoli/VRU_el-03L/IMG_0506.jpg</picture>
<picture>https://barsky.ua/image/catalog/stoli/VRU_el-03L/IMG_0505.jpg</picture>
<picture>https://barsky.ua/image/catalog/stoli/VRU_el-03L/IMG_0503.jpg</picture>
<picture>https://barsky.ua/image/catalog/stoli/VRU_el-03L/017.jpg</picture>
<vendor>Barsky</vendor>
<stock_quantity>20</stock_quantity>
<description>
<![CDATA[ Угловой стол с регулировкой высоты. Управление с дисплеем на столешнице. Поднимается стол с помощью мотора, расположенного в царе под столешницей. Размер столешницы 1400*600/900 мм. Высота регулируется от 710 до 1200 мм. Стол поднимается плавно и бесшумно. Регулируемый стол удобен тем, что его можно подстроить под любой рост, если вы планируете работать только сидя. Но главная фишка всех подъемных столов в том, что одним нажатием кнопки вы можете изменить положение и продолжать работать. За счет угловой формы Вы получаете большое рабочее пространство. Столешница с оптикаемыми формами хорошо подчеркнет интерьер любого дома или офиса. Польза работы стоя в том, что вы чаще меняете положение, а значит чаще двигаетесь в течение дня. Кроме того, ваши ткани не испытывают весь день давление кресла и у вас не будет ощущение онемения в конце рабочего дня. Мышцы сгибателя бедра не находятся в постоянном напряжении. Поясница тоже не перенапряжена целый день. За счет частой смены положения работают разные мышцы. эргономичная столешница стойкая конструкция безопасные обтекаемые плавные формы стола металлические ноги с регулируемыми ножками для выравнивания горизонта уютный внешний вид ]]>
</description>
<param name="Предназначение">Для офиса</param>
<param name="Стиль">Классический</param>
<param name="Особенности">Регулируемые по высоте</param>
<param name="Вид">Эргономичные</param>
<param name="Размер">Средний</param>
<param name="Материал столешницы">ДСП</param>
<param name="Материал корпуса">Металл</param>
<param name="Материал ножек">Металл</param>
<param name="Глубина">600-900</param>
<param name="Ширина">1400</param>
<param name="Высота">710-1210</param>
<param name="Гарантия">5 лет</param>
</offer>
<offer id="297" available="false">
<name>Регульований стіл Barsky User black/antic wood 1200*600 VRU_el-01</name>
<model>VRU_el-01</model>
<url>
<![CDATA[ https://barsky.ua/regulovaniyo_stl_barsky_user_black_anticwood_1200600_vru_el-01/ ]]>
</url>
<price>10999</price>
<oldprice>15500</oldprice>
<currencyId>UAH</currencyId>
<categoryId>3</categoryId>
<picture>https://barsky.ua/image/catalog/stoli/VRU_el-01/001.jpg</picture>
<picture>https://barsky.ua/image/catalog/stoli/VRU_el-01/018.jpg</picture>
<picture>https://barsky.ua/image/catalog/stoli/VRU_el-01/014.jpg</picture>
<picture>https://barsky.ua/image/catalog/stoli/VRU_el-01/017.jpg</picture>
<picture>https://barsky.ua/image/catalog/stoli/VRU_el-01/016.jpg</picture>
<picture>https://barsky.ua/image/catalog/stoli/VRU_el-01/011.jpg</picture>
<picture>https://barsky.ua/image/catalog/stoli/VRU_el-01/013.jpg</picture>
<picture>https://barsky.ua/image/catalog/stoli/VRU_el-01/012.jpg</picture>
<picture>https://barsky.ua/image/catalog/stoli/VRU_el-01/009.jpg</picture>
<picture>https://barsky.ua/image/catalog/stoli/VRU_el-01/010.jpg</picture>
<picture>https://barsky.ua/image/catalog/stoli/VRU_el-01/008.jpg</picture>
<picture>https://barsky.ua/image/catalog/stoli/VRU_el-01/007.jpg</picture>
<picture>https://barsky.ua/image/catalog/stoli/VRU_el-01/006.jpg</picture>
<picture>https://barsky.ua/image/catalog/stoli/VRU_el-01/005.jpg</picture>
<picture>https://barsky.ua/image/catalog/stoli/VRU_el-01/004.jpg</picture>
<picture>https://barsky.ua/image/catalog/stoli/VRU_el-01/003.jpg</picture>
<picture>https://barsky.ua/image/catalog/stoli/VRU_el-01/IMG_0201_1.jpg</picture>
<picture>https://barsky.ua/image/catalog/stoli/VRU_el-01/002.jpg</picture>
<picture>https://barsky.ua/image/catalog/stoli/VRU_el-01/VRU_el-01_3.jpg</picture>
<picture>https://barsky.ua/image/catalog/stoli/VRU_el-01/IMG_0201.jpg</picture>
<vendor>Barsky</vendor>
<stock_quantity>0</stock_quantity>
<description>
<![CDATA[ Регулируемый стол Barsky User BLACK/ANTIC WOOD - идеальное решение для вашего дома, офиса или детской комнаты, чтобы комбинировать стоячую и сидячую работу. Стильное цветовое решение, прямые формы и небольшие размеры Barsky User BLACK/ANTIC WOOD позволяют разместить его в любом кабинете или комнате и выделить данный продукт в интерьере. Настоящая находка для настоящих минималистов, любителей лаконичности и комфорта. Общие характеристики Ширина столешницы составляет 1200 мм, глубина - 600 мм, а высота 720 мм. Толщина столешницы 18 мм. Данных габаритов вполне достаточно для одного человека, чтобы работать за столом с комфортом и не занимая много места в комнате. Стол выдерживает до 80 кг весовой нагрузки, что позволяет разместить на нем все необходимые принадлежности для работы и обустройства рабочего пространства. На ножках рамы предусмотрены регулируемые подпятники для выравнивания горизонта. Материалы Рама стола выполнена из надежного, крепкого и устойчивого металла. Столешница из ДСП-плиты, которая: 1. Выносливая к механическим повреждениям 2. Способна выдерживать весовую нагрузку 3. Хорошо удерживает крепежные элементы Дополнительная комплектация Вдобавок для большего комфорта Barsky User BLACK/ANTIC WOOD был оснащен металлическим подстаканником, который не занимает место на столешнице. Благодаря этому вы всегда можете наслаждаться любимым напитком, без страха опрокинуть чашку на аппаратуру или важные бумаги. Помимо этого под столешницей есть металлический крючок для сумки или гарнитуры. Одним словом, удобно. Регулировка высоты Как вы уже поняли, регулировка высоты - основное преимущество Barsky User BLACK/ANTIC WOOD. Регулируется именно высота столешницы стола. Это осуществляется благодаря панели управления и мотору, расположенному в царе под столешницей. Панель управления высоты находится с правой стороны столешницы. Она характеризуется следующими режимами регулирования: 1. Копка &quot;S&quot; запоминает высоту удобного для вас верхнего и нижнего положения 2. Копка положения &quot;сидя&quot; опускает столешницу на предварительно настроенную высоту. 3. Копка положения &quot;стоя&quot; поднимает столешницу на предварительно настроенную высоту. 4. Индикатор уровня высоты показывает уровень высоты столешницы в см или мм. 5. Кнопки управления &quot;вверх-вниз&quot; позволяют вручную изменять высоту столешницы. Диапазон регулировки колеблется от 72-120 см, что позволяет пользоваться данным столом людям разного роста. Поднимается стол плавно и почти бесшумно. Шум от опускания/поднятия составляет менее 55 дБ, что является допустимым уровнем шума, который не наносит вред здоровью даже при длительном воздействии. Можете спокойно пользоваться функцией регулировки высоты во время важных офлайн или онлайн переговоров, если захотите изменить ваше рабочее положение. Звук от работы двигателя не будет мешать беседе. Скорость поднятия столешницы составляет 2,5 см/c Почему столы с регулировкой высоты сейчас актуальны Столы с регулировкой высоты с каждым днем ​​набирают широкую популярность. Потребность в данном решении вызвана современным образом жизни, который заставляет многих работать в сидячем положении более 6 часов в день. Это приводит к боли в шее, спине, пояснице и в целом к ​​проблемам с опорно-двигательной системой. Что же дают регулируемые столы? 1. Свободу выбора и никаких ограничений. Хотите работать, учиться или играть сидя? Сидите. Хотите стоя? Стойте. Больше не нужно проводить время по своим занятиям, оцепенев в одной позе на несколько часов. 2. Польза для здоровья. Работать стоя очень полезно для нашей опорно-двигательной системы и общего физического и психологического состояния. Таким образом мы разгружаем наш позвоночник и предотвращаем развитие остеохондроза. 3. Универсальность. В вашей семье или компании столом с регулировкой высоты могут пользоваться несколько человек с разным ростом. Это очень удобно, ведь любой пользователь сможет настроить себе нужную высоту и занять оптимальное положение в кресле относительно стола. 4. Автоматизация. В наших столах с регулировкой высоты предусмотрен таймер на панели управления стола с функцией запоминания разных положений высоты. Потребуется для нескольких пользователей одного стола. Учитывая эти преимущества, по нашему мнению, регулируемый стол должен быть в каждом доме и офисе. Именно поэтому осенью 2022 года мы выпустили новую линейку регулируемых столов под названием USER, к которой и принадлежит стол Barsky User BLACK/ANTIC WOOD. Заказывайте регулируемый стол Barsky User BLACK/ANTIC WOOD и работайте, учитесь, играйте с удовольствием и пользой! ]]>
</description>
<param name="Предназначение">Для офиса</param>
<param name="Стиль">Классический</param>
<param name="Особенности">Регулируемые по высоте</param>
<param name="Вид">Эргономичные</param>
<param name="Размер">Маленькие</param>
<param name="Форма">Прямоугольные</param>
<param name="Для скольких человек">Для 1-го</param>
<param name="Материал столешницы">ДСП</param>
<param name="Материал корпуса">Металл</param>
<param name="Материал ножек">Металл</param>
<param name="Цвет">Черно-антично деревянная</param>
<param name="Глубина">600</param>
<param name="Ширина">1200</param>
<param name="Высота">710-1210 мм</param>
</offer>
<offer id="298" available="true">
<name>РЕГУЛЬОВАНИЙ СТІЛ BARSKY USER KIDS 1200*600 VRU_EL-04</name>
<model>VRU_el-04</model>
<url>
<![CDATA[ https://barsky.ua/regulovaniyo_stl_barsky_user_kids_1200600_vru_el-04/ ]]>
</url>
<price>15500</price>
<currencyId>UAH</currencyId>
<categoryId>3</categoryId>
<picture>https://barsky.ua/image/catalog/stoli/VRU_el-04/IMG_0472.jpg</picture>
<picture>https://barsky.ua/image/catalog/stoli/VRU_el-04/021.jpg</picture>
<picture>https://barsky.ua/image/catalog/stoli/VRU_el-04/015.jpg</picture>
<picture>https://barsky.ua/image/catalog/stoli/VRU_el-04/014.jpg</picture>
<picture>https://barsky.ua/image/catalog/stoli/VRU_el-04/012.jpg</picture>
<picture>https://barsky.ua/image/catalog/stoli/VRU_el-04/011.jpg</picture>
<picture>https://barsky.ua/image/catalog/stoli/VRU_el-04/010.jpg</picture>
<picture>https://barsky.ua/image/catalog/stoli/VRU_el-04/024.jpg</picture>
<picture>https://barsky.ua/image/catalog/stoli/VRU_el-04/016.jpg</picture>
<picture>https://barsky.ua/image/catalog/stoli/VRU_el-04/img_0344_4.jpg</picture>
<picture>https://barsky.ua/image/catalog/stoli/VRU_el-04/img_0344_3.jpg</picture>
<picture>https://barsky.ua/image/catalog/stoli/VRU_el-04/img_0344_2.jpg</picture>
<picture>https://barsky.ua/image/catalog/stoli/VRU_el-04/img_0344_1.jpg</picture>
<picture>https://barsky.ua/image/catalog/stoli/VRU_el-04/IMG_0487.jpg</picture>
<picture>https://barsky.ua/image/catalog/stoli/VRU_el-04/IMG_0484.jpg</picture>
<picture>https://barsky.ua/image/catalog/stoli/VRU_el-04/IMG_0482.jpg</picture>
<picture>https://barsky.ua/image/catalog/stoli/VRU_el-04/IMG_0481.jpg</picture>
<picture>https://barsky.ua/image/catalog/stoli/VRU_el-04/IMG_0479.jpg</picture>
<picture>https://barsky.ua/image/catalog/stoli/VRU_el-04/IMG_0477.jpg</picture>
<picture>https://barsky.ua/image/catalog/stoli/VRU_el-04/IMG_0475.jpg</picture>
<picture>https://barsky.ua/image/catalog/stoli/VRU_el-04/018.jpg</picture>
<vendor>Barsky</vendor>
<stock_quantity>0</stock_quantity>
<description>
<![CDATA[ Стол с регулировкой высоты. Управление с дисплеем на столешнице. Поднимается стол с помощью мотора, расположенного в царе под столешницей. Размер столешницы 1200*600 мм. Высота регулируется от 710 до 1200 мм. Стол поднимается плавно и бесшумно. Регулируемый стол удобен тем, что его можно подстроить под любой рост, если вы планируете работать только сидя. Но главная фишка всех подъемных столов в том, что одним нажатием кнопки вы можете изменить положение и продолжать работать. Двухярусная толешница трансформер поможет разместить мониторы на уровне глаз во время работы. Польза работы стоя в том, что вы чаще меняете положение, а значит чаще двигаетесь в течение дня. Кроме того, ваши ткани не испытывают весь день давление кресла и у вас не будет ощущение онемения в конце рабочего дня. Мышцы сгибателя бедра не находятся в постоянном напряжении. Поясница тоже не перенапряжена целый день. За счет частой смены положения работают разные мышцы. эргономичная столешница стойкая конструкция безопасные обтекаемые плавные формы стола металлические ноги с регулируемыми ножками для выравнивания горизонта уютный внешний вид В комплекте: -столешница трансформер ]]>
</description>
<param name="Предназначение">Для офиса</param>
<param name="Стиль">Классический</param>
<param name="Особенности">Регулируемые по высоте</param>
<param name="Вид">Эргономичные</param>
<param name="Размер">Маленькие</param>
<param name="Форма">Прямоугольные</param>
<param name="Для скольких человек">Для 1-го</param>
<param name="Материал столешницы">ДСП</param>
<param name="Материал корпуса">Металл</param>
<param name="Материал ножек">Металл</param>
<param name="Цвет">Венге</param>
<param name="Глубина">600</param>
<param name="Ширина">1200</param>
<param name="Высота">710-1210 мм</param>
</offer>
<offer id="299" available="true">
<name>Регульований стіл Barsky Conference 1200*600 VRU_el-05</name>
<model>VRU_el-05</model>
<url>
<![CDATA[ https://barsky.ua/regulovaniyo_stl_barsky_conference_1200600_vru_el-05/ ]]>
</url>
<price>17500</price>
<currencyId>UAH</currencyId>
<categoryId>3</categoryId>
<picture>https://barsky.ua/image/catalog/stoli/VRU_el-05/IMG_0534.jpg</picture>
<picture>https://barsky.ua/image/catalog/stoli/VRU_el-05/IMG_0556_2.jpg</picture>
<picture>https://barsky.ua/image/catalog/stoli/VRU_el-05/IMG_0556_1.jpg</picture>
<picture>https://barsky.ua/image/catalog/stoli/VRU_el-05/IMG_0556.jpg</picture>
<picture>https://barsky.ua/image/catalog/stoli/VRU_el-05/814A1501.jpg</picture>
<picture>https://barsky.ua/image/catalog/stoli/VRU_el-05/814A1498.jpg</picture>
<picture>https://barsky.ua/image/catalog/stoli/VRU_el-05/814A1495.jpg</picture>
<picture>https://barsky.ua/image/catalog/stoli/VRU_el-05/814A1494.jpg</picture>
<picture>https://barsky.ua/image/catalog/stoli/VRU_el-05/814A1491.jpg</picture>
<picture>https://barsky.ua/image/catalog/stoli/VRU_el-05/814A1490.jpg</picture>
<picture>https://barsky.ua/image/catalog/stoli/VRU_el-05/814A1488.jpg</picture>
<picture>https://barsky.ua/image/catalog/stoli/VRU_el-05/814A1489.jpg</picture>
<picture>https://barsky.ua/image/catalog/stoli/VRU_el-05/814A1480.jpg</picture>
<picture>https://barsky.ua/image/catalog/stoli/VRU_el-05/IMG_0555.jpg</picture>
<picture>https://barsky.ua/image/catalog/stoli/VRU_el-05/IMG_0554.jpg</picture>
<picture>https://barsky.ua/image/catalog/stoli/VRU_el-05/IMG_0553.jpg</picture>
<picture>https://barsky.ua/image/catalog/stoli/VRU_el-05/IMG_0551.jpg</picture>
<picture>https://barsky.ua/image/catalog/stoli/VRU_el-05/IMG_0547.jpg</picture>
<picture>https://barsky.ua/image/catalog/stoli/VRU_el-05/IMG_0545.jpg</picture>
<picture>https://barsky.ua/image/catalog/stoli/VRU_el-05/IMG_0537.jpg</picture>
<vendor>Barsky</vendor>
<stock_quantity>10</stock_quantity>
<description>
<![CDATA[ Стол с регулировкой высоты и функцией маркерной доски. Управление с дисплеем на столешнице. Поднимается стол с помощью мотора, расположенного в царе под столешницей. Размер столешницы 1200*600 мм. Высота регулируется от 710 до 1200 мм. Стол поднимается плавно и бесшумно. Регулируемый стол удобен тем, что его можно подстроить под любой рост, если вы планируете работать только сидя. Но главная фишка всех подъемных столов в том, что одним нажатием кнопки вы можете изменить положение и продолжать работать. Белая маркерная столешница имеет 2 функции: Вы можете использовать стол по назначению, а можете перевести его в положение маркерной доски и провести конференцию с сотрудниками. Польза работы стоя в том, что вы чаще меняете положение, а значит чаще двигаетесь в течение дня. Кроме того, ваши ткани не испытывают весь день давление кресла и у вас не будет ощущение онемения в конце рабочего дня. Мышцы сгибателя бедра не находятся в постоянном напряжении. Поясница тоже не перенапряжена целый день. За счет частой смены положения работают разные мышцы. эргономичная маркерная столешница стойкая конструкция механизм перевода стола в положение доски безопасные обтекаемые плавные формы стола металлические ноги с регулируемыми ножками для выравнивания горизонта деловой внешний вид ]]>
</description>
<param name="Предназначение">Для офиса</param>
<param name="Стиль">классический</param>
<param name="Особенности">регулируемые по высоте</param>
<param name="Тип">компьютерные</param>
<param name="Вид">эргономичные</param>
<param name="Размер">маленькие</param>
<param name="Форма">прямоугольные</param>
<param name="Для скольких человек">для 1-го</param>
<param name="Материал столешницы">МДФ крашенный маркерный</param>
<param name="Материал корпуса">металл</param>
<param name="Материал ножек">металл</param>
<param name="Цвет">Белый</param>
<param name="Глубина">600</param>
<param name="Ширина">1200</param>
<param name="Высота">710-1210 мм</param>
<param name="Гарантия">5 лет</param>
</offer>
<offer id="300" available="false">
<name>Кресло Barsky Team Black/Grey Chrome TBG_chr-01</name>
<model>TBG_chr-01</model>
<url>
<![CDATA[ https://barsky.ua/index.php?route=product/product&amp;product_id=300 ]]>
</url>
<price>0</price>
<currencyId>UAH</currencyId>
<categoryId>2</categoryId>
<picture>https://barsky.ua/image/catalog/kresla/TBG_CHR-01/IMG_0377_7.jpg</picture>
<picture>https://barsky.ua/image/catalog/kresla/TBG_CHR-01/img_0018.jpg</picture>
<picture>https://barsky.ua/image/catalog/kresla/TBG_CHR-01/img_0017.jpg</picture>
<picture>https://barsky.ua/image/catalog/kresla/TBG_CHR-01/img_0016.jpg</picture>
<picture>https://barsky.ua/image/catalog/kresla/TBG_CHR-01/img_0020.jpg</picture>
<picture>https://barsky.ua/image/catalog/kresla/TBG_CHR-01/img_0013.jpg</picture>
<picture>https://barsky.ua/image/catalog/kresla/TBG_CHR-01/img_0019.jpg</picture>
<picture>https://barsky.ua/image/catalog/kresla/TBG_CHR-01/img_0015.jpg</picture>
<picture>https://barsky.ua/image/catalog/kresla/TBG_CHR-01/img_0014.jpg</picture>
<picture>https://barsky.ua/image/catalog/kresla/TBG_CHR-01/img_0012.jpg</picture>
<picture>https://barsky.ua/image/catalog/kresla/TBG_CHR-01/img_0011.jpg</picture>
<picture>https://barsky.ua/image/catalog/kresla/TBG_CHR-01/img_0010.jpg</picture>
<picture>https://barsky.ua/image/catalog/kresla/TBG_CHR-01/img_0009.jpg</picture>
<picture>https://barsky.ua/image/catalog/kresla/TBG_CHR-01/img_0008.jpg</picture>
<picture>https://barsky.ua/image/catalog/kresla/TBG_CHR-01/img_0007.jpg</picture>
<picture>https://barsky.ua/image/catalog/kresla/TBG_CHR-01/img_0006.jpg</picture>
<picture>https://barsky.ua/image/catalog/kresla/TBG_CHR-01/img_0005.jpg</picture>
<picture>https://barsky.ua/image/catalog/kresla/TBG_CHR-01/img_0004.jpg</picture>
<picture>https://barsky.ua/image/catalog/kresla/TBG_CHR-01/img_0003.jpg</picture>
<picture>https://barsky.ua/image/catalog/kresla/TBG_CHR-01/img_0002.jpg</picture>
<picture>https://barsky.ua/image/catalog/kresla/TBG_CHR-01/img_0001.jpg</picture>
<vendor> </vendor>
<stock_quantity>0</stock_quantity>
<description>
<![CDATA[ ]]>
</description>
</offer>
<offer id="302" available="true">
<name>Офисная станция для 2 человек Barsky User VRU_el-01_02+BM-02_BM-04</name>
<model>VRU_el-01_02+BM-02_BM-04</model>
<url>
<![CDATA[ https://barsky.ua/office_station_for_2_people_barsky_user_vru_el-01_02_bm-02_bm-04/ ]]>
</url>
<price>38511</price>
<oldprice>42790</oldprice>
<currencyId>UAH</currencyId>
<categoryId>4</categoryId>
<picture>https://barsky.ua/image/catalog/stancii/VRU_el-01_02+BM-02_BM-04/814A0123.jpg</picture>
<picture>https://barsky.ua/image/catalog/stancii/VRU_el-01_02+BM-02_BM-04/814A0117.jpg</picture>
<picture>https://barsky.ua/image/catalog/stancii/VRU_el-01_02+BM-02_BM-04/814A0120.jpg</picture>
<picture>https://barsky.ua/image/catalog/stancii/VRU_el-01_02+BM-02_BM-04/IMG_0407.jpg</picture>
<vendor> </vendor>
<stock_quantity>9</stock_quantity>
<description>
<![CDATA[ ]]>
</description>
</offer>
<offer id="303" available="true">
<name>Конференционная станция Barsky User VRU_el-01+ 4_BM-07</name>
<model>VRU_el-01+ 4_BM-07</model>
<url>
<![CDATA[ https://barsky.ua/conference_station_barsky_user_vru_el-01_4_bm-07/ ]]>
</url>
<price>27981</price>
<oldprice>31090</oldprice>
<currencyId>UAH</currencyId>
<categoryId>4</categoryId>
<picture>https://barsky.ua/image/catalog/stancii/VRU_el-01+ 4_BM-07/IMG_0419.jpg</picture>
<vendor> </vendor>
<stock_quantity>9</stock_quantity>
<description>
<![CDATA[ ]]>
</description>
</offer>
<offer id="304" available="false">
<name>Станция Barsky User VRU_el-01/Soft-04</name>
<model>VRU_el-01/Soft-04</model>
<url>
<![CDATA[ https://barsky.ua/index.php?route=product/product&amp;product_id=304 ]]>
</url>
<price>0</price>
<currencyId>UAH</currencyId>
<categoryId>4</categoryId>
<picture>https://barsky.ua/image/catalog/stancii/VRU_el-01 Soft-04/IMG_0431.jpg</picture>
<picture>https://barsky.ua/image/catalog/stancii/VRU_el-01 Soft-04/814A0126.jpg</picture>
<picture>https://barsky.ua/image/catalog/stancii/VRU_el-01 Soft-04/814A0128.jpg</picture>
<vendor> </vendor>
<stock_quantity>0</stock_quantity>
<description>
<![CDATA[ ]]>
</description>
</offer>
<offer id="305" available="true">
<name>Станция Barsky User VRU_el-01/FLY-03</name>
<model>VRU_el-01/FLY-03</model>
<url>
<![CDATA[ https://barsky.ua/barsky_user_station_vru_el-01_fly-03/ ]]>
</url>
<price>21999</price>
<currencyId>UAH</currencyId>
<categoryId>4</categoryId>
<picture>https://barsky.ua/image/catalog/stancii/VRU_el-01 FLY-03/IMG_0432.jpg</picture>
<picture>https://barsky.ua/image/catalog/stancii/VRU_el-01 FLY-03/814A0140.jpg</picture>
<picture>https://barsky.ua/image/catalog/stancii/VRU_el-01 FLY-03/814A0131.jpg</picture>
<picture>https://barsky.ua/image/catalog/stancii/VRU_el-01 FLY-03/814A0132.jpg</picture>
<picture>https://barsky.ua/image/catalog/stancii/VRU_el-01 FLY-03/814A0133.jpg</picture>
<vendor> </vendor>
<stock_quantity>5</stock_quantity>
<description>
<![CDATA[ ]]>
</description>
</offer>
<offer id="306" available="true">
<name>Станція Barsky User VRU_el-01/G-05</name>
<model>VRU_el-01/G-05</model>
<url>
<![CDATA[ https://barsky.ua/station_barsky_user_station_vru_el-01_g-05/ ]]>
</url>
<price>26055</price>
<oldprice>28950</oldprice>
<currencyId>UAH</currencyId>
<categoryId>2</categoryId>
<picture>https://barsky.ua/image/catalog/stancii/VRU_el-01 G-05/IMG_0439.jpg</picture>
<picture>https://barsky.ua/image/catalog/stancii/VRU_el-01 G-05/814A0141.jpg</picture>
<picture>https://barsky.ua/image/catalog/stancii/VRU_el-01 G-05/814A0142.jpg</picture>
<picture>https://barsky.ua/image/catalog/stancii/VRU_el-01 G-05/814A0144.jpg</picture>
<picture>https://barsky.ua/image/catalog/stancii/VRU_el-01 G-05/814A0145.jpg</picture>
<picture>https://barsky.ua/image/catalog/stancii/VRU_el-01 G-05/IMG_0441.jpg</picture>
<vendor>Barsky</vendor>
<stock_quantity>20</stock_quantity>
<description>
<![CDATA[ СТАНЦИЯ BARSKY USER VRU_EL-01/G-05 включает в себя идеальное соотношение стола с электрическим подъемным механизмом и кресла, которое выдерживает нагрузку более 150 кг. Стол: Общие характеристики Ширина столешницы составляет 1200 мм, глубина - 600 мм, а высота 720 мм. Толщина столешницы 18 мм. Данных габаритов вполне достаточно для одного человека, чтобы работать за столом с комфортом и не занимая много места в комнате. Стол выдерживает до 80 кг весовой нагрузки, что позволяет разместить на нем все необходимые принадлежности для работы и обустройства рабочего пространства. На ножках рамы предусмотрены регулируемые подпятники для выравнивания горизонта. Материалы Рама стола выполнена из надежного, крепкого и устойчивого металла. Столешница из ДСП-плиты, которая: 1. Выносливая к механическим повреждениям 2. Способна выдерживать весовую нагрузку 3. Хорошо удерживает крепежные элементы Дополнительная комплектация Вдобавок для большего комфорта Barsky User BLACK/ANTIC WOOD был оснащен металлическим подстаканником, который не занимает место на столешнице. Благодаря этому вы всегда можете наслаждаться любимым напитком, без страха опрокинуть чашку на аппаратуру или важные бумаги. Помимо этого под столешницей есть металлический крючок для сумки или гарнитуры. Одним словом, удобно. Кресло: Дизайн и цветовая гамма. Сетка имеет специальное плетение - стилизованное под ткань. Приятная на ощупь и гигроскопичная, но устойчивая к растягиванию и деформациям, эта обивка сохранит свой первозданный вид даже через годы использования. За счёт тёмного, однородного окраса сетки, кресло теперь стало более строгим и лаконичным. Особенность. Механизм слайдер, который позволяет регулировать расположение сиденья кресла по оси X. За счёт слайдера, можно настроить посадку по глубине. В зависимости от комфортных ощущений. А так же сделать одинаково комфортным для людей с разным ростом. Регулировки ECO. Яркой чертой кресла являются возможные регулировки, которые позволят настроить кресло таким образом, чтоб оно было максимально комфортным для пользователя. Спинку кресла можно поднять или опустить тем самым адаптировав её под рост человека. К тому же, спинка кресла имеет поясничную поддержку в форме бабочка, которая также регулируется по высоте. Для поддержки шейно плечевого отдела, в кресле предусмотрен подголовник, он регулируется так же по высоте. Стоит отметить, что подголовник выступает в роли поддержки шеи если вы сидите прямо, а в случае откидывания - становится полновесной поддержкой затылочной части головы. Стоит также отметить подлокотники в этом кресле. 3D подлокотники, регулируются не только по высоте, но и по вылету. Как это выглядит в реальной жизни? Подняв подлокотники до уровня стола, можно выбрать удобное положение для рук, в зависимости от типа работы. К примеру для активной работы с клавиатурой, лучше выбрать положение ёлочкой. Стоит не пренебрегать такими возможностями, ведь правильная поддержка рук при работе - это 100 процентная профилактика туннельного синдрома. Синхромеханизм Barsky. В кресле Eco можно не только работать с комфортом, но и отдыхать. Вы можете зафиксировать угол наклона спинки в удобном для вас положении до 45 градусов. И к примеру откинуться и отдохнуть, сняв напряжение после активной работы. ]]>
</description>
<param name="Готовые решения">станция BARSKY USER</param>
<param name="Предназначение">для офиса</param>
<param name="Тип">Комплекты</param>
<param name="Материал ножек">металл</param>
<param name="Максимальная нагрузка, кг">150 кг</param>
<param name="Гарантия">5 лет</param>
<param name="Дополнительные характеристики">Размер стола 1200*600*710-1210 мм. Электрическая регулировка. Кресло: максимальный рост 220 см. Максимальный вес 200 кг. Алюминиевая крестовина, размер сидения 70 x 50 см, размер спинки 60 x 49 см, размер подлокотников 65 х 86 см. Регулировки: спинка по высоте, подголовник по высоте, поясничная поддержка, 4D подлокотники.</param>
</offer>
<offer id="307" available="true">
<name>Станция для хранения Barsky User VRU_el-01+Module</name>
<model>VRU_el-01+Module</model>
<url>
<![CDATA[ https://barsky.ua/station_for_saving_barsky_user_vru_el-01_module/ ]]>
</url>
<price>17499</price>
<currencyId>UAH</currencyId>
<categoryId>4</categoryId>
<picture>https://barsky.ua/image/catalog/stancii/VRU_el-01+Module/IMG_0442_1.jpg</picture>
<picture>https://barsky.ua/image/catalog/stancii/VRU_el-01+Module/814A0161.jpg</picture>
<picture>https://barsky.ua/image/catalog/stancii/VRU_el-01+Module/814A0168.jpg</picture>
<picture>https://barsky.ua/image/catalog/stancii/VRU_el-01+Module/814A0159.jpg</picture>
<picture>https://barsky.ua/image/catalog/stancii/VRU_el-01+Module/814A0157.jpg</picture>
<picture>https://barsky.ua/image/catalog/stancii/VRU_el-01+Module/814A0152.jpg</picture>
<picture>https://barsky.ua/image/catalog/stancii/VRU_el-01+Module/814A0151.jpg</picture>
<picture>https://barsky.ua/image/catalog/stancii/VRU_el-01+Module/814A0155.jpg</picture>
<picture>https://barsky.ua/image/catalog/stancii/VRU_el-01+Module/814A0153.jpg</picture>
<picture>https://barsky.ua/image/catalog/stancii/VRU_el-01+Module/IMG_0442_2.jpg</picture>
<vendor> </vendor>
<stock_quantity>9</stock_quantity>
<description>
<![CDATA[ ]]>
</description>
</offer>
<offer id="308" available="true">
<name>Акустическая станция Barsky User VRU_el-02+Screen</name>
<model>VRU_el-02+Screen</model>
<url>
<![CDATA[ https://barsky.ua/acoustic_station_barsky_user_vru_el-02_screen/ ]]>
</url>
<price>15500</price>
<currencyId>UAH</currencyId>
<categoryId>3</categoryId>
<picture>https://barsky.ua/image/catalog/stancii/VRU_el-02+Screen/IMG_0451.jpg</picture>
<picture>https://barsky.ua/image/catalog/stancii/VRU_el-02+Screen/IMG_0452.jpg</picture>
<picture>https://barsky.ua/image/catalog/stancii/VRU_el-02+Screen/814A0171.jpg</picture>
<picture>https://barsky.ua/image/catalog/stancii/VRU_el-02+Screen/814A0170.jpg</picture>
<picture>https://barsky.ua/image/catalog/stancii/VRU_el-02+Screen/814A0169.jpg</picture>
<vendor>Barsky</vendor>
<stock_quantity>0</stock_quantity>
<description>
<![CDATA[ Акустическая станция Barsky - это стол с регулировкой высоты + войлочная шумопоглощающая понель ( поглощает звук на 10 Дб.). Войлочная панель может выполнять 2 функции: обеспечение шумоизоляции и работа царгой стола на наблюдение владельца. Стол управления с дисплеем на столешнице. Поднимается стол с помощью мотора, расположенного в царе под столешницей. Размер столешницы 1200*600 мм. Высота регулируется от 710 до 1200 мм. Стол поднимается плавно и бесшумно. Регулируемый стол удобен тем, что его можно подстроить под любой рост, если вы планируете работать только сидя. Но главная фишка всех подъемных столов в том, что приложение может изменить использование кнопки. Двухцветная столешница хорошо подчеркнет интерьер любого дома или офиса. Польза работы стоя в том, что вы чаще меняете положение, а значит чаще двигаетесь в течение дня. Кроме того, у вас не будет ощущения онемения в конце рабочего дня. Мышцы сгибателя бедра не находятся в постоянном напряжении. Поясница тоже не перенапряжена целый день. За счёт частой смены положений работают разные мышцы. эргономичная столешница конструкция стойки безопасные обтекаемые плавные формы стола металлические ножки с регулируемыми ножками для выравнивания горизонта уютный внешний вид В комплекте: -стол с большой регулировкойвысоты 1200*600 - шумоизаляционная панель 1200*600 -металлический подстаканник подойдет под любую чашку -кронштейн крючок, выдерживающий сумку, рюкзак весом до 5 кг. ]]>
</description>
<param name="Стиль">Классический</param>
<param name="Особенности">Регулируемые по высоте</param>
<param name="Форма">Прямоугольные</param>
<param name="Материал столешницы">ДСП</param>
<param name="Материал корпуса">Металл</param>
<param name="Материал ножек">Металл</param>
<param name="Цвет">Бело-деревянная</param>
<param name="Глубина">600</param>
<param name="Ширина">1200</param>
<param name="Высота">710-1210 мм</param>
<param name="Гарантия">5 лет</param>
<param name="Описание">Акустическая станция Barsky - это стол с регулировкой высоты + войлочная шумопоглощающая понель ( поглощает звук на 10 Дб.). Войлочная панель может выполнять 2 функциии : обеспечивать шумоизоляцию и работать царгой стола на усмотрение владельца. Стол управление с дисплеем на столешнице. Поднимается стол с помощью мотора, расположенного в царе под столешницей. Размер столешницы 1200*600 мм. Высота регулируется от 710 до 1200 мм. Стол поднимается плавно и бесшумно. Регулируемый стол удобен тем, что его можно подстроить под любой рост, если вы планируете работать только сидя. Но главная фишка всех подъемных столов в том, что одним нажатием кнопки вы можете изменить положение и продолжать работать. Двухцветная столешница хорошо подчеркнет интерьер любого дома или офиса. Польза работы стоя в том, что вы чаще меняете положение, а значит чаще двигаетесь в течение дня. Кроме того, ваши ткани не испытывают весь день давление кресла и у вас не будет ощущение онемения в конце рабочего дня. Мышцы сгибателя бедра не находятся в постоянном напряжении. Поясница тоже не перенапряжена целый день. За счет частой смены положения работают разные мышцы. эргономичная столешница стойкая конструкция безопасные обтекаемые плавные формы стола металлические ноги с регулируемыми ножками для выравнивания горизонта уютный внешний вид В комплекте: -стол с электрической регулировкой высоты 1200*600 - шумоизоляционная панель 1200*600 -металлический подстаканник подойдет под любую чашку -кронштейн крючок, выдержащий сумку, рюкзак весом до 5 кг.</param>
</offer>
<offer id="310" available="false">
<name>Станция Barsky User VRU_el-02/Soft-02</name>
<model>VRU_el-02/Soft-02</model>
<url>
<![CDATA[ https://barsky.ua/index.php?route=product/product&amp;product_id=310 ]]>
</url>
<price>0</price>
<currencyId>UAH</currencyId>
<categoryId>4</categoryId>
<picture>https://barsky.ua/image/catalog/stancii/VRU_el-02_Soft-02/IMG_0458.jpg</picture>
<picture>https://barsky.ua/image/catalog/stancii/VRU_el-02_Soft-02/IMG_0459.jpg</picture>
<picture>https://barsky.ua/image/catalog/stancii/VRU_el-02_Soft-02/814A0189.jpg</picture>
<picture>https://barsky.ua/image/catalog/stancii/VRU_el-02_Soft-02/814A0188.jpg</picture>
<picture>https://barsky.ua/image/catalog/stancii/VRU_el-02_Soft-02/814A0187.jpg</picture>
<picture>https://barsky.ua/image/catalog/stancii/VRU_el-02_Soft-02/814A0185.jpg</picture>
<picture>https://barsky.ua/image/catalog/stancii/VRU_el-02_Soft-02/814A0184.jpg</picture>
<vendor> </vendor>
<stock_quantity>0</stock_quantity>
<description>
<![CDATA[ ]]>
</description>
</offer>
<offer id="311" available="false">
<name>Геймерская станция Barsky User VRU_el-02/SD-17</name>
<model>VRU_el-02/SD-17</model>
<url>
<![CDATA[ https://barsky.ua/geyomerskaya_stanciya_barsky_user_%20vru_el-02%2Fsd-17/ ]]>
</url>
<price>18640</price>
<currencyId>UAH</currencyId>
<categoryId>4</categoryId>
<picture>https://barsky.ua/image/catalog/stancii/VRU_el-02_SD-17/IMG_0460.jpg</picture>
<picture>https://barsky.ua/image/catalog/stancii/VRU_el-02_SD-17/814A0191.jpg</picture>
<picture>https://barsky.ua/image/catalog/stancii/VRU_el-02_SD-17/814A0194.jpg</picture>
<picture>https://barsky.ua/image/catalog/stancii/VRU_el-02_SD-17/814A0195.jpg</picture>
<picture>https://barsky.ua/image/catalog/stancii/VRU_el-02_SD-17/814A0196.jpg</picture>
<picture>https://barsky.ua/image/catalog/stancii/VRU_el-02_SD-17/814A0197.jpg</picture>
<picture>https://barsky.ua/image/catalog/stancii/VRU_el-02_SD-17/IMG_0461.jpg</picture>
<vendor> </vendor>
<stock_quantity>0</stock_quantity>
<description>
<![CDATA[ ]]>
</description>
</offer>
<offer id="314" available="true">
<name>Регульований стіл Barsky User R grey 1400*900 VRU_el-03R</name>
<model>VRU_el-03R</model>
<url>
<![CDATA[ https://barsky.ua/regulovaniyo_stl_barsky_user_r_grey_1400900_vru_el-03r/ ]]>
</url>
<price>14900</price>
<oldprice>17500</oldprice>
<currencyId>UAH</currencyId>
<categoryId>3</categoryId>
<picture>https://barsky.ua/image/catalog/stoli/VRU_el-03R/003.jpg</picture>
<picture>https://barsky.ua/image/catalog/stoli/VRU_el-03R/012 (1).jpg</picture>
<picture>https://barsky.ua/image/catalog/stoli/VRU_el-03R/011 (2).jpg</picture>
<picture>https://barsky.ua/image/catalog/stoli/VRU_el-03R/009 (2).jpg</picture>
<picture>https://barsky.ua/image/catalog/stoli/VRU_el-03R/008 (1).jpg</picture>
<picture>https://barsky.ua/image/catalog/stoli/VRU_el-03R/007 (2).jpg</picture>
<picture>https://barsky.ua/image/catalog/stoli/VRU_el-03R/006.jpg</picture>
<picture>https://barsky.ua/image/catalog/stoli/VRU_el-03R/005.jpg</picture>
<picture>https://barsky.ua/image/catalog/stoli/VRU_el-03R/004 (1).jpg</picture>
<picture>https://barsky.ua/image/catalog/stoli/VRU_el-03R/002 (1).jpg</picture>
<picture>https://barsky.ua/image/catalog/stoli/VRU_el-03R/010.jpg</picture>
<picture>https://barsky.ua/image/catalog/stoli/VRU_el-03R/001 (1).jpg</picture>
<picture>https://barsky.ua/image/catalog/stoli/VRU_el-03R/015.jpg</picture>
<picture>https://barsky.ua/image/catalog/stoli/VRU_el-03R/014.jpg</picture>
<picture>https://barsky.ua/image/catalog/stoli/VRU_el-03R/013.jpg</picture>
<vendor>Barsky</vendor>
<stock_quantity>0</stock_quantity>
<description>
<![CDATA[ Угловой стол с регулировкой высоты. Управление с дисплеем на столешнице. Поднимается стол с помощью мотора, расположенного в царе под столешницей. Размер столешницы 1400*600/900 мм. Высота регулируется от 710 до 1200 мм. Стол поднимается плавно и бесшумно. Регулируемый стол удобен тем, что его можно подстроить под любой рост, если вы планируете работать только сидя. Но главная фишка всех подъемных столов в том, что одним нажатием кнопки вы можете изменить положение и продолжать работать. За счет угловой формы Вы получаете большое рабочее пространство. Столешница с оптикаемыми формами хорошо подчеркнет интерьер любого дома или офиса. Польза работы стоя в том, что вы чаще меняете положение, а значит чаще двигаетесь в течение дня. Кроме того, ваши ткани не испытывают весь день давление кресла и у вас не будет ощущение онемения в конце рабочего дня. Мышцы сгибателя бедра не находятся в постоянном напряжении. Поясница тоже не перенапряжена целый день. За счет частой смены положения работают разные мышцы. эргономичная столешница стойкая конструкция безопасные обтекаемые плавные формы стола металлические ноги с регулируемыми ножками для выравнивания горизонта уютный внешний вид ]]>
</description>
<param name="Предназначение">Для офиса</param>
<param name="Стиль">Классический</param>
<param name="Особенности">Регулируемые по высоте</param>
<param name="Вид">Эргономичные</param>
<param name="Размер">Средний</param>
<param name="Материал столешницы">ДСП</param>
<param name="Материал корпуса">Металл</param>
<param name="Материал ножек">Металл</param>
<param name="Глубина">600-900</param>
<param name="Ширина">1400</param>
<param name="Высота">710-1210</param>
<param name="Гарантия">5 лет</param>
</offer>
<offer id="315" available="true">
<name>Регульований стіл Barsky User L black 1400*900 VRU_el-01L</name>
<model>VRU_el-01L</model>
<url>
<![CDATA[ https://barsky.ua/regulovaniyo_stl_barsky_user_l_black_1400900_vru_el-01l/ ]]>
</url>
<price>17500</price>
<currencyId>UAH</currencyId>
<categoryId>3</categoryId>
<picture>https://barsky.ua/image/catalog/stoli/VRU_el-01L/814a0004 (1).jpg</picture>
<picture>https://barsky.ua/image/catalog/stoli/VRU_el-01L/814a0015.jpg</picture>
<picture>https://barsky.ua/image/catalog/stoli/VRU_el-01L/814a0016.jpg</picture>
<picture>https://barsky.ua/image/catalog/stoli/VRU_el-01L/814a0014.jpg</picture>
<picture>https://barsky.ua/image/catalog/stoli/VRU_el-01L/814a0012.jpg</picture>
<picture>https://barsky.ua/image/catalog/stoli/VRU_el-01L/814a0001 (2).jpg</picture>
<picture>https://barsky.ua/image/catalog/stoli/VRU_el-01L/814a0002 (1).jpg</picture>
<picture>https://barsky.ua/image/catalog/stoli/VRU_el-01L/814a0005 (1).jpg</picture>
<picture>https://barsky.ua/image/catalog/stoli/VRU_el-01L/814a0003 (1).jpg</picture>
<picture>https://barsky.ua/image/catalog/stoli/VRU_el-01L/814a0008.jpg</picture>
<picture>https://barsky.ua/image/catalog/stoli/VRU_el-01L/814a0007.jpg</picture>
<picture>https://barsky.ua/image/catalog/stoli/VRU_el-01L/814a0006.jpg</picture>
<picture>https://barsky.ua/image/catalog/stoli/VRU_el-01L/814a0011.jpg</picture>
<picture>https://barsky.ua/image/catalog/stoli/VRU_el-01L/814a0009.jpg</picture>
<picture>https://barsky.ua/image/catalog/stoli/VRU_el-01L/814a0010.jpg</picture>
<picture>https://barsky.ua/image/catalog/stoli/VRU_el-01L/814a0013.jpg</picture>
<vendor>Barsky</vendor>
<stock_quantity>20</stock_quantity>
<description>
<![CDATA[ Угловой стол с регулировкой высоты. Управление с дисплеем на столешнице. Поднимается стол с помощью мотора, расположенного в царе под столешницей. Размер столешницы 1400*600/900 мм. Высота регулируется от 710 до 1200 мм. Стол поднимается плавно и бесшумно. Регулируемый стол удобен тем, что его можно подстроить под любой рост, если вы планируете работать только сидя. Но главная фишка всех подъемных столов в том, что одним нажатием кнопки вы можете изменить положение и продолжать работать. За счет угловой формы Вы получаете большое рабочее пространство. Столешница с оптикаемыми формами хорошо подчеркнет интерьер любого дома или офиса. Польза работы стоя в том, что вы чаще меняете положение, а значит чаще двигаетесь в течение дня. Кроме того, ваши ткани не испытывают весь день давление кресла и у вас не будет ощущение онемения в конце рабочего дня. Мышцы сгибателя бедра не находятся в постоянном напряжении. Поясница тоже не перенапряжена целый день. За счет частой смены положения работают разные мышцы. эргономичная столешница стойкая конструкция безопасные обтекаемые плавные формы стола металлические ноги с регулируемыми ножками для выравнивания горизонта уютный внешний вид ]]>
</description>
<param name="Предназначение">Для офиса</param>
<param name="Стиль">Классический</param>
<param name="Особенности">Регулируемые по высоте</param>
<param name="Вид">Эргономичные</param>
<param name="Размер">Средний</param>
<param name="Форма">Угловой</param>
<param name="Для скольких человек">Для 1-го</param>
<param name="Материал столешницы">ДСП</param>
<param name="Материал ножек">Металл</param>
<param name="Глубина">600-900</param>
<param name="Высота">710-1210</param>
<param name="Материал корпуса">Металл</param>
<param name="Ширина">1400</param>
</offer>
<offer id="317" available="false">
<name>Кресло Alva 330 SYS ldseating</name>
<model>330-sys-br211-f40n1-rm60-bo-pn-ho-v1-po</model>
<url>
<![CDATA[ https://barsky.ua/alva-330-ru/ ]]>
</url>
<price>27000</price>
<currencyId>UAH</currencyId>
<categoryId>2</categoryId>
<picture>https://barsky.ua/image/catalog/kresla/330-SYA/111.jpg</picture>
<picture>https://barsky.ua/image/catalog/kresla/330-SYA/alva-330-sys-br211-f40n1-rm60-bo-pn-ho-v1-b.jpg</picture>
<picture>https://barsky.ua/image/catalog/kresla/330-SYA/alva-330-sys-br211-f40n1-rm60-bo-pn-ho-v1-po.jpg</picture>
<picture>https://barsky.ua/image/catalog/kresla/330-SYA/alva-330-sys-br211-f40n1-rm60-bo-pn-ho-v1-poz.jpg</picture>
<vendor> </vendor>
<stock_quantity>0</stock_quantity>
<description>
<![CDATA[ вращающееся рабочее кресло регулируемая по высоте мягкое сиденье и спинка высокая спинка регулируемая по высоте спинка черная нейлоновая основа с 5 звездами черные колесики для ковров, &Oslash; 60 мм Синхронный механизм SYS с боковой регулировкой натяжения спинки, 5 позиций фиксации Кресло доступно в таких цветах: К данной модели можно приобрести следующие аксессуары: BR-207 черные регулируемые по высоте подлокотники черные пластиковые налокотники BR-209 черные регулируемые по высоте подлокотники черный полиуретановый налокотник BR-209-N6 черные регулируемые по высоте подлокотники черный полиуретановый налокотник разъем седла из полированного алюминия BR-210 черные регулируемые по высоте, ширине и глубине подлокотники черный полиуретановый налокотник BR-211 черные регулируемые по высоте, ширине и глубине подлокотники подлокотники из черного полиуретана с поворотом на 10 BR-211-N6 черные регулируемые по высоте, ширине и глубине подлокотники подлокотники из черного полиуретана с поворотом на 10 разъем седла из полированного алюминия F40-N1 черная 5-звездочная алюминиевая основа F40-N2 Основание из алюминия, серый RAL 9006, 5 звезд, 5 звезд F40-N6 polished 5-star aluminium base RM60 полированная 5-звездочная алюминиевая основа RM-N4 универсальные ролики, &Oslash; 60 мм хромированный двухколесный ролик HO мягкий подголовник с регулировкой угла наклона и высоты только для модели 330 BO-AIR надувной регулируемый по глубине поясничный подпор для поворотного рабочего стула с мягкой спинкой P сиденье с регулируемой глубиной для моделей с синхронным механизмом SYS PN регулируемое по глубине сиденье с независимой функцией угла наклона сиденья для моделей с синхронным механизмом SYS ]]>
</description>
<param name="Ширина сидения, см">43</param>
<param name="Ширина">700 мм</param>
<param name="Высота кресла">980 - 1160 мм</param>
<param name="Глубина, см">45</param>
</offer>
<offer id="318" available="false">
<name>Кресло Alva 330 SYA ldseating</name>
<model>330-sya-br209-f40n-v1-po</model>
<url>
<![CDATA[ https://barsky.ua/alva-330-sya-ldseating-ru/ ]]>
</url>
<price>22700</price>
<currencyId>UAH</currencyId>
<categoryId>2</categoryId>
<picture>https://barsky.ua/image/catalog/kresla/330-SYA-1/1.jpg</picture>
<picture>https://barsky.ua/image/catalog/kresla/330-SYA-1/alva-330-sya-br209-f40n-v1-poz.jpg</picture>
<picture>https://barsky.ua/image/catalog/kresla/330-SYA-1/alva-330-sya-br209-f40n-v1-p.jpg</picture>
<picture>https://barsky.ua/image/catalog/kresla/330-SYA-1/alva-330-sya-br209-f40n-v1-b.jpg</picture>
<picture>https://barsky.ua/image/catalog/kresla/330-SYA-1/330 SYA1.png</picture>
<vendor> </vendor>
<stock_quantity>0</stock_quantity>
<description>
<![CDATA[ вращающееся рабочее кресло регулируемая по высоте мягкое сиденье и спинка высокая спинка регулируемая по высоте спинка черная нейлоновая основа с 5 звездами черные колесики для ковров, &Oslash; 60 мм Синхронный механизм SYA с автоматической предустановкой сопротивления, точная регулировка поворотным переключателем, 5 позиций блокировки Кресло доступно в таких цветах: К данной модели можно приобрести следующие аксессуары: BR-207 черные регулируемые по высоте подлокотники черные пластиковые налокотники BR-209 черные регулируемые по высоте подлокотники черный полиуретановый налокотник BR-209-N6 черные регулируемые по высоте подлокотники черный полиуретановый налокотник разъем седла из полированного алюминия BR-210 черные регулируемые по высоте, ширине и глубине подлокотники черный полиуретановый налокотник BR-211 черные регулируемые по высоте, ширине и глубине подлокотники подлокотники из черного полиуретана с поворотом на 10 BR-211-N6 черные регулируемые по высоте, ширине и глубине подлокотники подлокотники из черного полиуретана с поворотом на 10 разъем седла из полированного алюминия F40-N1 черная 5-звездочная алюминиевая основа F40-N2 Основание из алюминия, серый RAL 9006, 5 звезд, 5 звезд F40-N6 polished 5-star aluminium base RM60 полированная 5-звездочная алюминиевая основа RM-N4 универсальные ролики, &Oslash; 60 мм хромированный двухколесный ролик HO мягкий подголовник с регулировкой угла наклона и высоты только для модели 330 BO-AIR надувной регулируемый по глубине поясничный подпор для поворотного рабочего стула с мягкой спинкой P сиденье с регулируемой глубиной для моделей с синхронным механизмом SYS PN регулируемое по глубине сиденье с независимой функцией угла наклона сиденья для моделей с синхронным механизмом SYS ]]>
</description>
<param name="Ширина сидения, см">43</param>
<param name="Ширина">700 мм</param>
<param name="Высота кресла">980 - 1160 мм</param>
<param name="Глубина, см">45</param>
</offer>
<offer id="319" available="false">
<name>Кресло Alva 332 SYA ldseating</name>
<model>332-SYA</model>
<url>
<![CDATA[ https://barsky.ua/kreslo-alva-332-sya-ldseating/ ]]>
</url>
<price>22400</price>
<currencyId>UAH</currencyId>
<categoryId>2</categoryId>
<picture>https://barsky.ua/image/catalog/kresla/332-SYA/332sya1.png</picture>
<picture>https://barsky.ua/image/catalog/kresla/332-SYA/332sya.png</picture>
<vendor> </vendor>
<stock_quantity>0</stock_quantity>
<description>
<![CDATA[ вращающееся рабочее кресло регулируемая по высоте мягкое сиденье и спинка средняя спинка регулируемая по высоте спинка черная 5-звездочная нейлоновая основа черные колесики для ковров, &Oslash; 60 мм Синхронный механизм SYA с автоматической предустановкой сопротивления, точная регулировка поворотным переключателем, 5 позиций блокировки Кресло доступно в таких цветах: К данной модели можно приобрести следующие аксессуары: BR-207 черные регулируемые по высоте подлокотники черные пластиковые налокотники BR-209 черные регулируемые по высоте подлокотники черный полиуретановый налокотник BR-209-N6 черные регулируемые по высоте подлокотники черный полиуретановый налокотник разъем седла из полированного алюминия BR-210 черные регулируемые по высоте, ширине и глубине подлокотники черный полиуретановый налокотник BR-211 черные регулируемые по высоте, ширине и глубине подлокотники подлокотники из черного полиуретана с поворотом на 10 BR-211-N6 черные регулируемые по высоте, ширине и глубине подлокотники подлокотники из черного полиуретана с поворотом на 10 разъем седла из полированного алюминия F40-N1 черная 5-звездочная алюминиевая основа F40-N2 Основание из алюминия, серый RAL 9006, 5 звезд, 5 звезд F40-N6 polished 5-star aluminium base RM60 полированная 5-звездочная алюминиевая основа RM-N4 универсальные ролики, &Oslash; 60 мм хромированный двухколесный ролик HO мягкий подголовник с регулировкой угла наклона и высоты только для модели 330 BO-AIR надувной регулируемый по глубине поясничный подпор для поворотного рабочего стула с мягкой спинкой P сиденье с регулируемой глубиной для моделей с синхронным механизмом SYS PN регулируемое по глубине сиденье с независимой функцией угла наклона сиденья для моделей с синхронным механизмом SYS ]]>
</description>
<param name="Ширина сидения, см">43</param>
<param name="Ширина">700 мм</param>
<param name="Высота кресла">880 - 1060 мм</param>
<param name="Глубина, см">45</param>
</offer>
<offer id="320" available="false">
<name>Кресло Alva 332 SYS ldseating</name>
<model>332-sys-br207-f40n1-pn-v-p-k</model>
<url>
<![CDATA[ https://barsky.ua/kreslo-alva-332-sys-ldseating/ ]]>
</url>
<price>23700</price>
<currencyId>UAH</currencyId>
<categoryId>2</categoryId>
<picture>https://barsky.ua/image/catalog/kresla/332-SYS/111.jpg</picture>
<picture>https://barsky.ua/image/catalog/kresla/332-SYS/sys1.png</picture>
<picture>https://barsky.ua/image/catalog/kresla/332-SYS/07.jpg</picture>
<picture>https://barsky.ua/image/catalog/kresla/332-SYS/06.jpg</picture>
<picture>https://barsky.ua/image/catalog/kresla/332-SYS/05.jpg</picture>
<picture>https://barsky.ua/image/catalog/kresla/332-SYS/04.jpg</picture>
<picture>https://barsky.ua/image/catalog/kresla/332-SYS/03.jpg</picture>
<picture>https://barsky.ua/image/catalog/kresla/332-SYS/02.jpg</picture>
<picture>https://barsky.ua/image/catalog/kresla/332-SYS/01.jpg</picture>
<vendor> </vendor>
<stock_quantity>0</stock_quantity>
<description>
<![CDATA[ вращающееся рабочее кресло регулируемая по высоте мягкое сиденье и спинка средняя спинка регулируемая по высоте спинка черная 5-звездочная нейлоновая основа черные колесики для ковров, &Oslash; 60 мм Синхронный механизм SYS с боковой регулировкой натяжения спинки, 5 позиций фиксации Кресло доступно в таких цветах: К данной модели можно приобрести следующие аксессуары: BR-207 черные регулируемые по высоте подлокотники черные пластиковые налокотники BR-209 черные регулируемые по высоте подлокотники черный полиуретановый налокотник BR-209-N6 черные регулируемые по высоте подлокотники черный полиуретановый налокотник разъем седла из полированного алюминия BR-210 черные регулируемые по высоте, ширине и глубине подлокотники черный полиуретановый налокотник BR-211 черные регулируемые по высоте, ширине и глубине подлокотники подлокотники из черного полиуретана с поворотом на 10 BR-211-N6 черные регулируемые по высоте, ширине и глубине подлокотники подлокотники из черного полиуретана с поворотом на 10 разъем седла из полированного алюминия F40-N1 черная 5-звездочная алюминиевая основа F40-N2 Основание из алюминия, серый RAL 9006, 5 звезд, 5 звезд F40-N6 polished 5-star aluminium base RM60 полированная 5-звездочная алюминиевая основа RM-N4 универсальные ролики, &Oslash; 60 мм хромированный двухколесный ролик HO мягкий подголовник с регулировкой угла наклона и высоты только для модели 330 BO-AIR надувной регулируемый по глубине поясничный подпор для поворотного рабочего стула с мягкой спинкой P сиденье с регулируемой глубиной для моделей с синхронным механизмом SYS PN регулируемое по глубине сиденье с независимой функцией угла наклона сиденья для моделей с синхронным механизмом SYS ]]>
</description>
<param name="Ширина сидения, см">43</param>
<param name="Ширина">700 мм</param>
<param name="Высота кресла">880 - 1060 мм</param>
<param name="Глубина, см">45</param>
</offer>
<offer id="321" available="false">
<name>Кресло Barsky Corporative Black BC_alu-01</name>
<model>BC_alu-01</model>
<url>
<![CDATA[ https://barsky.ua/barsky%20corporate%20black%20bc_alu-01/ ]]>
</url>
<price>0</price>
<currencyId>UAH</currencyId>
<categoryId>2</categoryId>
<picture>https://barsky.ua/image/catalog/kresla/BC_alu-01/IMG_0148_7log.jpg</picture>
<picture>https://barsky.ua/image/catalog/kresla/BC_alu-01/IMG_0171.jpg</picture>
<picture>https://barsky.ua/image/catalog/kresla/BC_alu-01/IMG_0170.jpg</picture>
<picture>https://barsky.ua/image/catalog/kresla/BC_alu-01/IMG_0148_10.jpg</picture>
<picture>https://barsky.ua/image/catalog/kresla/BC_alu-01/IMG_0148_9.jpg</picture>
<picture>https://barsky.ua/image/catalog/kresla/BC_alu-01/IMG_0168.jpg</picture>
<picture>https://barsky.ua/image/catalog/kresla/BC_alu-01/IMG_0164.jpg</picture>
<picture>https://barsky.ua/image/catalog/kresla/BC_alu-01/IMG_0148_8.jpg</picture>
<picture>https://barsky.ua/image/catalog/kresla/BC_alu-01/IMG_0163.jpg</picture>
<picture>https://barsky.ua/image/catalog/kresla/BC_alu-01/IMG_0160.jpg</picture>
<picture>https://barsky.ua/image/catalog/kresla/BC_alu-01/IMG_0161.jpg</picture>
<picture>https://barsky.ua/image/catalog/kresla/BC_alu-01/IMG_0148_6.jpg</picture>
<picture>https://barsky.ua/image/catalog/kresla/BC_alu-01/IMG_0148_7.jpg</picture>
<picture>https://barsky.ua/image/catalog/kresla/BC_alu-01/IMG_0148_3.jpg</picture>
<picture>https://barsky.ua/image/catalog/kresla/BC_alu-01/IMG_0148_4.jpg</picture>
<picture>https://barsky.ua/image/catalog/kresla/BC_alu-01/IMG_0148_5.jpg</picture>
<picture>https://barsky.ua/image/catalog/kresla/BC_alu-01/IMG_0148_1.jpg</picture>
<picture>https://barsky.ua/image/catalog/kresla/BC_alu-01/IMG_0148_2.jpg</picture>
<picture>https://barsky.ua/image/catalog/kresla/BC_alu-01/IMG_0148.jpg</picture>
<vendor> </vendor>
<stock_quantity>0</stock_quantity>
<description>
<![CDATA[ ]]>
</description>
</offer>
<offer id="322" available="true">
<name>Стол Плато + 4 стула Ритц</name>
<model>TLBX-07_CLBX-02</model>
<url>
<![CDATA[ https://barsky.ua/plateau%20table%20_4%20ritz%20chairs/ ]]>
</url>
<price>13962</price>
<currencyId>UAH</currencyId>
<categoryId>1</categoryId>
<picture>https://barsky.ua/image/catalog/stancii/TLBX-07+ 4х стул CLBX-02/IMG_0114.jpg</picture>
<picture>https://barsky.ua/image/catalog/stancii/TLBX-07+ 4х стул CLBX-02/IMG_0115.jpg</picture>
<picture>https://barsky.ua/image/catalog/stancii/TLBX-07+ 4х стул CLBX-02/IMG_0113.jpg</picture>
<picture>https://barsky.ua/image/catalog/stancii/TLBX-07+ 4х стул CLBX-02/IMG_0112.jpg</picture>
<vendor> </vendor>
<stock_quantity>1</stock_quantity>
<description>
<![CDATA[ ]]>
</description>
</offer>
<offer id="323" available="false">
<name>Кресло Club CL-K1 ldseating</name>
<model>Club_CL-K1_po</model>
<url>
<![CDATA[ https://barsky.ua/kreslo-club-cl-k1-po/ ]]>
</url>
<price>41050</price>
<currencyId>UAH</currencyId>
<categoryId>1</categoryId>
<picture>https://barsky.ua/image/catalog/kresla/Club CL-K1/Club_CL-K1_po.jpg</picture>
<picture>https://barsky.ua/image/catalog/kresla/Club CL-K1/Club_CL-K1+CL-K2+CL-T_V1.jpg</picture>
<picture>https://barsky.ua/image/catalog/kresla/Club CL-K1/Club_CL-K1+CL-T_V2.jpg</picture>
<picture>https://barsky.ua/image/catalog/kresla/Club CL-K1/Club_CL-K1+CL-T_V1.jpg</picture>
<vendor> </vendor>
<stock_quantity>0</stock_quantity>
<description>
<![CDATA[ кресло полностью обитый корпус мягкая спинка превращается в выступы, служащие подлокотниками Основание на 4 ножках с низкими пластиковыми войлочными полозьями серого цвета. Заказать кресло можно в таких цветах: ]]>
</description>
<param name="Глубина">720 мм</param>
<param name="Ширина">820 мм</param>
<param name="Высота">780 мм</param>
<param name="Высота от пола до сиденья">380 мм</param>
</offer>
<offer id="324" available="false">
<name>Кресло двойное Club CL-K2 ldseating</name>
<model>Club_CL-K2_po</model>
<url>
<![CDATA[ https://barsky.ua/kreslo-club-cl-k2-ldseating/ ]]>
</url>
<price>70650</price>
<currencyId>UAH</currencyId>
<categoryId>1</categoryId>
<picture>https://barsky.ua/image/catalog/kresla/Club CL-K2/Club_CL-K2_po.jpg</picture>
<picture>https://barsky.ua/image/catalog/kresla/Club CL-K2/FIT1.jpg</picture>
<picture>https://barsky.ua/image/catalog/kresla/Club CL-K2/Club_CL-K1+CL-K2+CL-T_V1.jpg</picture>
<vendor> </vendor>
<stock_quantity>0</stock_quantity>
<description>
<![CDATA[ двойное кресло полностью обитый корпус мягкая спинка превращается в выступы, служащие подлокотниками Основание на 4 ножках с низкими пластиковыми войлочными полозьями серого цвета. ]]>
</description>
<param name="Глубина">720 мм</param>
<param name="Ширина">1500 мм</param>
<param name="Высота">780 мм</param>
<param name="Высота от пола до сиденья">380 мм</param>
</offer>
<offer id="325" available="false">
<name>Тахта Club CL-T ldseating</name>
<model>Club_CL-T_po</model>
<url>
<![CDATA[ https://barsky.ua/takhta-club-cl-t-ldseating-ru/ ]]>
</url>
<price>27300</price>
<currencyId>UAH</currencyId>
<categoryId>1</categoryId>
<picture>https://barsky.ua/image/catalog/kresla/Club CL-T/Club_CL-T_po.jpg</picture>
<picture>https://barsky.ua/image/catalog/kresla/Club CL-T/Club_CL-K1+CL-K2+CL-T_V1.jpg</picture>
<picture>https://barsky.ua/image/catalog/kresla/Club CL-T/Club_CL-K1+CL-T_V2.jpg</picture>
<picture>https://barsky.ua/image/catalog/kresla/Club CL-T/Club_CL-K1+CL-T_V1.jpg</picture>
<vendor> </vendor>
<stock_quantity>0</stock_quantity>
<description>
<![CDATA[ тахта полностью обитый корпус Основание на 4 ножках с низкими пластиковыми войлочными полозьями серого цвета. Заказать кресло можно в таких цветах: ]]>
</description>
<param name="Глубина">510 мм</param>
<param name="Ширина">760 мм</param>
<param name="Высота">430 мм</param>
<param name="Высота от пола до сиденья">380 мм</param>
</offer>
<offer id="326" available="false">
<name>Элемент модульной системы Club CL-DRO90 ldseating</name>
<model>Club_CL-DRO90</model>
<url>
<![CDATA[ https://barsky.ua/element-modulnoi-sistemi-kreslo-club-cl-dro90-ldseating/ ]]>
</url>
<price>56500</price>
<currencyId>UAH</currencyId>
<categoryId>1</categoryId>
<picture>https://barsky.ua/image/catalog/kresla/Club CL-DRO90/FIT.png</picture>
<vendor> </vendor>
<stock_quantity>0</stock_quantity>
<description>
<![CDATA[ элемент модульной системы внешний угол 90 полностью обитый корпус Основание на 4 ножках с низкими пластиковыми войлочными полозьями серого цвета. ]]>
</description>
<param name="Глубина">940 мм</param>
<param name="Ширина">850 мм</param>
<param name="Высота">720 мм</param>
<param name="Высота от пола до сиденья">380 мм</param>
</offer>
<offer id="327" available="false">
<name>Элемент модульной системы Club CL-DR90 ldseating</name>
<model>Club_CL-DR90</model>
<url>
<![CDATA[ https://barsky.ua/element-modulnoi-sistemy-club-cl-dr90-ldseating/ ]]>
</url>
<price>56500</price>
<currencyId>UAH</currencyId>
<categoryId>1</categoryId>
<picture>https://barsky.ua/image/catalog/kresla/Club CL-DR90/FIT (1).png</picture>
<vendor> </vendor>
<stock_quantity>0</stock_quantity>
<description>
<![CDATA[ элемент модульной системы внутренний угол 90 полностью обитый корпус Основание на 4 ножках с низкими пластиковыми войлочными полозьями серого цвета. ]]>
</description>
<param name="Глубина">940 мм</param>
<param name="Ширина">820 мм</param>
<param name="Высота">720 мм</param>
<param name="Высота от пола до сиденья">380 мм</param>
</offer>
<offer id="328" available="false">
<name>Элемент модульной системы Club CL-K-L ldseating</name>
<model>Club_CL-K-L</model>
<url>
<![CDATA[ https://barsky.ua/element-modulnoi-sistemi-club-cl-k-l-ldseating/ ]]>
</url>
<price>39900</price>
<currencyId>UAH</currencyId>
<categoryId>1</categoryId>
<picture>https://barsky.ua/image/catalog/kresla/Club CL-K-L/FIT.png</picture>
<vendor> </vendor>
<stock_quantity>0</stock_quantity>
<description>
<![CDATA[ элемент модульной системы крайний стул, левый полностью обитый корпус Основание на 4 ножках с низкими пластиковыми войлочными полозьями серого цвета. ]]>
</description>
<param name="Глубина">720 мм</param>
<param name="Ширина">620 мм</param>
<param name="Высота">780 мм</param>
<param name="Высота от пола до сиденья">380 мм</param>
</offer>
<offer id="329" available="false">
<name>Элемент модульной системы Club CL-K-R ldseating</name>
<model>Club_CL-K-R</model>
<url>
<![CDATA[ https://barsky.ua/element-modulnoi-sistemi-club-cl-k-r-ldseating/ ]]>
</url>
<price>39900</price>
<currencyId>UAH</currencyId>
<categoryId>1</categoryId>
<picture>https://barsky.ua/image/catalog/kresla/Club CL-K-R/FIT (1).png</picture>
<vendor> </vendor>
<stock_quantity>0</stock_quantity>
<description>
<![CDATA[ элемент модульной системы крайний стул, левый полностью обитый корпус Основание на 4 ножках с низкими пластиковыми войлочными полозьями серого цвета. ]]>
</description>
<param name="Глубина">720 мм</param>
<param name="Ширина">620 мм</param>
<param name="Высота">780 мм</param>
<param name="Высота от пола до сиденья">380 мм</param>
</offer>
<offer id="330" available="false">
<name>Элемент модульной системы Club CL-K ldseating</name>
<model>Club_CL-K</model>
<url>
<![CDATA[ https://barsky.ua/element-modulnoi-sistemi-club-cl-k-ldseating/ ]]>
</url>
<price>38250</price>
<currencyId>UAH</currencyId>
<categoryId>1</categoryId>
<picture>https://barsky.ua/image/catalog/kresla/Club CL-K/FIT.png</picture>
<vendor> </vendor>
<stock_quantity>0</stock_quantity>
<description>
<![CDATA[ элемент модульной системы центр стул полностью обитый корпус Основание на 4 ножках с низкими пластиковыми войлочными полозьями серого цвета. ]]>
</description>
<param name="Глубина">720 мм</param>
<param name="Ширина">600 мм</param>
<param name="Высота">720 мм</param>
<param name="Высота от пола до сиденья">380 мм</param>
</offer>
<offer id="331" available="false">
<name>Стул Conference 155 N1 ldseating</name>
<model>Conference 155-N1_po</model>
<url>
<![CDATA[ https://barsky.ua/stul-conference-155-n1-ldseating/ ]]>
</url>
<price>5850</price>
<currencyId>UAH</currencyId>
<categoryId>1</categoryId>
<picture>https://barsky.ua/image/catalog/kresla/Conference 155 N1/155n1.png</picture>
<picture>https://barsky.ua/image/catalog/kresla/Conference 155 N1/FIT1.jpg</picture>
<vendor> </vendor>
<stock_quantity>0</stock_quantity>
<description>
<![CDATA[ конференц-стул мягкое сиденье и спинка штабелируемый без подлокотников легко заменяемые пластиковые накладки для ковров основание из стали с порошковым покрытием черного цвета на 4 ножках Кресло доступно в следующих цветах: К данной модели можно приобрести следующие аксессуары: GM войлочные накладки против царапин для твердых полов SR соединители рядов DV-2 тележка для штабелирования, обработки и перемещения для базовых моделей на 4 ножках ]]>
</description>
<param name="Глубина">570 мм</param>
<param name="Ширина">500 мм</param>
<param name="Высота">820 мм</param>
<param name="Высота от пола до сиденья">440 мм</param>
</offer>
<offer id="332" available="false">
<name>Стул Conference 155 N2 ldseating</name>
<model>Conference 155-N2_po</model>
<url>
<![CDATA[ https://barsky.ua/stul-conference-155-n2-ldseating/ ]]>
</url>
<price>6000</price>
<currencyId>UAH</currencyId>
<categoryId>1</categoryId>
<picture>https://barsky.ua/image/catalog/kresla/Conference 155 N2/155n2.png</picture>
<picture>https://barsky.ua/image/catalog/kresla/Conference 155 N1/FIT1.jpg</picture>
<vendor> </vendor>
<stock_quantity>0</stock_quantity>
<description>
<![CDATA[ конференц-стул мягкое сиденье и спинка штабелируемый без подлокотников легко заменяемые пластиковые накладки для ковров сталь с порошковым покрытием серого цвета RAL 9006 основание на 4 ножках Стул доступен в следующих цветах: К данной модели можно приобрести следующие аксессуары: GM войлочные накладки против царапин для твердых полов SR соединители рядов DV-2 тележка для штабелирования, обработки и перемещения для базовых моделей на 4 ножках ]]>
</description>
<param name="Глубина">570 мм</param>
<param name="Ширина">500 мм</param>
<param name="Высота">820 мм</param>
<param name="Высота от пола до сиденья">440 мм</param>
</offer>
<offer id="333" available="false">
<name>Стул Conference 155 N4 ldseating</name>
<model>Conference 155-N4_po</model>
<url>
<![CDATA[ https://barsky.ua/stul-conference-155-n4-ldseating/ ]]>
</url>
<price>6400</price>
<currencyId>UAH</currencyId>
<categoryId>1</categoryId>
<picture>https://barsky.ua/image/catalog/kresla/Conference 155 N4/155n4.png</picture>
<picture>https://barsky.ua/image/catalog/kresla/Conference 155 N1/FIT1.jpg</picture>
<vendor> </vendor>
<stock_quantity>0</stock_quantity>
<description>
<![CDATA[ конференц-стул мягкое сиденье и спинка штабелируемый без подлокотников легко заменяемые пластиковые накладки для ковров Основание из хромированной стали на 4 ножках Кресло доступно в следующих цветах: К данной модели можно приобрести следующие аксессуары: GM войлочные накладки против царапин для твердых полов SR соединители рядов DV-2 тележка для штабелирования, обработки и перемещения для базовых моделей на 4 ножках ]]>
</description>
<param name="Глубина">570 мм</param>
<param name="Ширина">500 мм</param>
<param name="Высота">820 мм</param>
<param name="Высота от пола до сиденья">440 мм</param>
</offer>
<offer id="334" available="false">
<name>Стул Conference 155 N1 BR ldseating</name>
<model>Conference 155-N1-BR_po</model>
<url>
<![CDATA[ https://barsky.ua/stul-conference-155-n1-br-ldseating/ ]]>
</url>
<price>7000</price>
<currencyId>UAH</currencyId>
<categoryId>1</categoryId>
<picture>https://barsky.ua/image/catalog/kresla/Conference 155 BR N1/155 n1 br1.png</picture>
<picture>https://barsky.ua/image/catalog/kresla/Conference 155 N1/FIT1.jpg</picture>
<vendor> </vendor>
<stock_quantity>0</stock_quantity>
<description>
<![CDATA[ конференц-стул мягкое сиденье и спинка штабелируемый черные нейлоновые подлокотники легко заменяемые пластиковые накладки для ковров основание из стали с порошковым покрытием черного цвета на 4 ножках Стул доступен в следующих цветах: К данной модели можно приобрести следующие аксессуары: GM войлочные накладки против царапин для твердых полов SR соединители рядов DV-2 тележка для штабелирования, обработки и перемещения для базовых моделей на 4 ножках ]]>
</description>
<param name="Глубина">570 мм</param>
<param name="Ширина">590 мм</param>
<param name="Высота">820 мм</param>
<param name="Высота от пола до сиденья">440 мм</param>
</offer>
<offer id="335" available="false">
<name>Стул Conference 155 N2 BR ldseating</name>
<model>Conference 155-N2-BR_po</model>
<url>
<![CDATA[ https://barsky.ua/stul-conference-155-n2-br-ldseating/ ]]>
</url>
<price>7150</price>
<currencyId>UAH</currencyId>
<categoryId>1</categoryId>
<picture>https://barsky.ua/image/catalog/kresla/Conference 155 BR N2/155 n2 br1.png</picture>
<picture>https://barsky.ua/image/catalog/kresla/Conference 155 N1/FIT1.jpg</picture>
<vendor> </vendor>
<stock_quantity>0</stock_quantity>
<description>
<![CDATA[ конференц-стул мягкое сиденье и спинка штабелируемый черные нейлоновые подлокотники легко заменяемые пластиковые накладки для ковров основание из стали с порошковым покрытием черного цвета на 4 ножках Стул доступен в следующих цветах: К данной модели можно приобрести следующие аксессуары: GM войлочные накладки против царапин для твердых полов SR соединители рядов DV-2 тележка для штабелирования, обработки и перемещения для базовых моделей на 4 ножках ]]>
</description>
<param name="Глубина">570 мм</param>
<param name="Ширина">590 мм</param>
<param name="Высота">820 мм</param>
<param name="Высота от пола до сиденья">440 мм</param>
</offer>
<offer id="336" available="false">
<name>Стул Conference 155 N4 BR ldseating</name>
<model>Conference 155-N4-BR_po</model>
<url>
<![CDATA[ https://barsky.ua/stul-conference-155-n4-br-ldseating/ ]]>
</url>
<price>7400</price>
<currencyId>UAH</currencyId>
<categoryId>1</categoryId>
<picture>https://barsky.ua/image/catalog/kresla/Conference 155 BR N4/155 n4 br1.png</picture>
<picture>https://barsky.ua/image/catalog/kresla/Conference 155 N1/FIT1.jpg</picture>
<vendor> </vendor>
<stock_quantity>0</stock_quantity>
<description>
<![CDATA[ конференц-стул мягкое сиденье и спинка штабелируемый черные нейлоновые подлокотники легко заменяемые пластиковые накладки для ковров основание из стали с порошковым покрытием черного цвета на 4 ножках Стул доступен в следующих цветах: К данной модели можно приобрести следующие аксессуары: GM войлочные накладки против царапин для твердых полов SR соединители рядов DV-2 тележка для штабелирования, обработки и перемещения для базовых моделей на 4 ножках ]]>
</description>
<param name="Глубина">570 мм</param>
<param name="Ширина">590 мм</param>
<param name="Высота">820 мм</param>
<param name="Высота от пола до сиденья">440 мм</param>
</offer>
<offer id="337" available="false">
<name>Стул Delta DE-K1-N4 ldseating</name>
<model>Delta-DE-K1-N4_po</model>
<url>
<![CDATA[ https://barsky.ua/stul-delta-de-k1-n4-ldseating/ ]]>
</url>
<price>21550</price>
<currencyId>UAH</currencyId>
<categoryId>1</categoryId>
<picture>https://barsky.ua/image/catalog/kresla/Delta DE-K1-N4/Delta_DE-K1-N4_po.jpg</picture>
<picture>https://barsky.ua/image/catalog/kresla/Delta DE-K1-N4/Delta DE-K1-N4-1.png</picture>
<vendor> </vendor>
<stock_quantity>0</stock_quantity>
<description>
<![CDATA[ конференц-стул полностью обитый корпус без подлокотников Основание из хромированной стали на 4 ножках пластиковые планеры Стул доступен в следующих цветах: К данной модели можно приобрести следующие аксессуары: RM60 черные резиновые ролики для твердых полов, &Oslash; 60 мм RM-N4 универсальные ролики, &Oslash; 60 мм хромированный двухколесный ролик TD-01 приставной столик из белой плиты HPL с черной сердцевиной Размер 380 х 230 мм только для моделей без подлокотников ]]>
</description>
<param name="Глубина">570 мм</param>
<param name="Ширина">510 мм</param>
<param name="Высота">780 мм</param>
<param name="Высота от пола до сиденья">400 мм</param>
</offer>
<offer id="338" available="false">
<name>Стул Delta DE-K1-N4 BR ldseating</name>
<model>Delta DE-K1-N4-BR_po</model>
<url>
<![CDATA[ https://barsky.ua/stul-delta-de-k1-n4-br-ldseating/ ]]>
</url>
<price>30750</price>
<currencyId>UAH</currencyId>
<categoryId>1</categoryId>
<picture>https://barsky.ua/image/catalog/kresla/Delta DE-K1-N4 BR/Delta DE-K1-N4 BR.png</picture>
<picture>https://barsky.ua/image/catalog/kresla/Delta DE-K1-N4 BR/Delta_DE-K1-N4,BR_b.jpg</picture>
<picture>https://barsky.ua/image/catalog/kresla/Delta DE-K1-N4 BR/Delta_DE-K1-N4,BR_p.jpg</picture>
<picture>https://barsky.ua/image/catalog/kresla/Delta DE-K1-N4 BR/Delta_DE-K1-N4,BR_po.jpg</picture>
<vendor> </vendor>
<stock_quantity>0</stock_quantity>
<description>
<![CDATA[ конференц-стул полностью обитый корпус без подлокотников Основание из хромированной стали на 4 ножках пластиковые планеры Стул доступен в следующих цветах: К данной модели можно приобрести следующие аксессуары: RM60 черные резиновые ролики для твердых полов, &Oslash; 60 мм RM-N4 универсальные ролики, &Oslash; 60 мм хромированный двухколесный ролик TD-01 приставной столик из белой плиты HPL с черной сердцевиной Размер 380 х 230 мм только для моделей без подлокотников ]]>
</description>
<param name="Глубина">570 мм</param>
<param name="Ширина">620 мм</param>
<param name="Высота">780 мм</param>
<param name="Высота от пола до сиденья">400 мм</param>
</offer>
<offer id="339" available="false">
<name>Стул Delta DE F80-N6 ldseating</name>
<model>Delta-DE-F80-N6_po</model>
<url>
<![CDATA[ https://barsky.ua/stul-delta-de-f80-n6-ldseating/ ]]>
</url>
<price>20000</price>
<currencyId>UAH</currencyId>
<categoryId>1</categoryId>
<picture>https://barsky.ua/image/catalog/kresla/Delta DE F80-N6/Delta DE F80-N6.png</picture>
<vendor> </vendor>
<stock_quantity>0</stock_quantity>
<description>
<![CDATA[ вращающееся кресло для конференций регулируемая по высоте полностью обитый корпус без подлокотников полированная 5-звездочная алюминиевая основа черные колесики для ковров, &Oslash; 60 мм Стул доступен в следующих цветах: К данной модели можно приобрести следующие аксессуары: RM60 черные резиновые ролики для твердых полов, &Oslash; 60 мм RM-N4 универсальные ролики, &Oslash; 60 мм хромированный двухколесный ролик TD-01 приставной столик из белой плиты HPL с черной сердцевиной Размер 380 х 230 мм только для моделей без подлокотников ]]>
</description>
<param name="Глубина">700 мм</param>
<param name="Ширина">700 мм</param>
<param name="Высота">830-940 мм</param>
<param name="Высота от пола до сиденья">430-540 мм</param>
</offer>
<offer id="340" available="false">
<name>Стул Delta DE BR F80-N6 ldseating</name>
<model>Delta-DE-BR-F80-N6_po</model>
<url>
<![CDATA[ https://barsky.ua/stul-delta-de-br-f80-n6-ldseating/ ]]>
</url>
<price>29050</price>
<currencyId>UAH</currencyId>
<categoryId>1</categoryId>
<picture>https://barsky.ua/image/catalog/kresla/Delta DE BR F80-N6/Delta DE BR F80-N6.png</picture>
<vendor> </vendor>
<stock_quantity>0</stock_quantity>
<description>
<![CDATA[ вращающееся кресло для конференций регулируемая по высоте полностью обитый корпус мягкие подлокотники полированная 5-звездочная алюминиевая основа черные колесики для ковров, &Oslash; 60 мм Стул доступен в следующих цветах: К данной модели можно приобрести следующие аксессуары: RM60 черные резиновые ролики для твердых полов, &Oslash; 60 мм RM-N4 универсальные ролики, &Oslash; 60 мм хромированный двухколесный ролик TD-01 приставной столик из белой плиты HPL с черной сердцевиной Размер 380 х 230 мм только для моделей без подлокотников ]]>
</description>
<param name="Глубина">700 мм</param>
<param name="Ширина">700 мм</param>
<param name="Высота">830-940 мм</param>
<param name="Высота от пола до сиденья">430-540 мм</param>
</offer>
<offer id="341" available="false">
<name>Двухместная скамья Delta DE-K2-N4 ldseating</name>
<model>Delta-DE-K2-N4_po</model>
<url>
<![CDATA[ https://barsky.ua/dvuhmestnaya-skamya-delta-de-k2-n4-ldseating/ ]]>
</url>
<price>40800</price>
<currencyId>UAH</currencyId>
<categoryId>1</categoryId>
<picture>https://barsky.ua/image/catalog/kresla/Delta DE-K2-N4/Delta_DE-K2-N4_p.jpg</picture>
<picture>https://barsky.ua/image/catalog/kresla/Delta DE-K2-N4/Delta_DE-K2-N4_po.jpg</picture>
<picture>https://barsky.ua/image/catalog/kresla/Delta DE-K2-N4/Delta_DE-K2-N4_TD-01_po.jpg</picture>
<vendor> </vendor>
<stock_quantity>0</stock_quantity>
<description>
<![CDATA[ двухместная скамья полностью обитый корпус без подлокотников Основание из хромированной стали на 4 ножках пластиковые планеры Модель доступна в следующих цветах: К данной модели можно приобрести следующие аксессуары: RM60 черные резиновые ролики для твердых полов, &Oslash; 60 мм RM-N4 универсальные ролики, &Oslash; 60 мм хромированный двухколесный ролик TD-01 приставной столик из белой плиты HPL с черной сердцевиной Размер 380 х 230 мм только для моделей без подлокотников ]]>
</description>
<param name="Глубина">580 мм</param>
<param name="Ширина">1030 мм</param>
<param name="Высота">770 мм</param>
<param name="Высота от пола до сиденья">390 мм</param>
</offer>
<offer id="342" available="false">
<name>Двухместная скамья Delta DE-K2-N4 BR ldseating</name>
<model>Delta-DE-K2-N4-BR_po</model>
<url>
<![CDATA[ https://barsky.ua/dvuhmestaya-skamya-delta-de-k2-n4-br-ldseating/ ]]>
</url>
<price>50250</price>
<currencyId>UAH</currencyId>
<categoryId>1</categoryId>
<picture>https://barsky.ua/image/catalog/kresla/Delta DE-K2-N4 BR/Delta DE-K2-N4 BR.png</picture>
<vendor> </vendor>
<stock_quantity>0</stock_quantity>
<description>
<![CDATA[ двухместная скамья полностью обитый корпус мягкие подлокотники Основание из хромированной стали на 4 ножках пластиковые планеры Модель доступна в следующих цветах: К данной модели можно приобрести следующие аксессуары: RM60 черные резиновые ролики для твердых полов, &Oslash; 60 мм RM-N4 универсальные ролики, &Oslash; 60 мм хромированный двухколесный ролик TD-01 приставной столик из белой плиты HPL с черной сердцевиной Размер 380 х 230 мм только для моделей без подлокотников ]]>
</description>
<param name="Глубина">580 мм</param>
<param name="Ширина">1130 мм</param>
<param name="Высота">770 мм</param>
<param name="Высота от пола до сиденья">390 мм</param>
</offer>
<offer id="343" available="false">
<name>Трехместная скамья Delta DE-K3-N4 ldseating</name>
<model>Delta-DE-K3-N4_po</model>
<url>
<![CDATA[ https://barsky.ua/trekhmesnaya-skamya-delta-de-k3-n4-ldseating/ ]]>
</url>
<price>54950</price>
<currencyId>UAH</currencyId>
<categoryId>1</categoryId>
<picture>https://barsky.ua/image/catalog/kresla/Delta DE-K3-N4/Delta_DE-K3-N4_po.jpg</picture>
<vendor> </vendor>
<stock_quantity>0</stock_quantity>
<description>
<![CDATA[ трехместная скамья полностью обитый корпус без подлокотников Основание из хромированной стали на 4 ножках пластиковые планеры Модель доступна в следующих цветах: К данной модели можно приобрести следующие аксессуары: RM60 черные резиновые ролики для твердых полов, &Oslash; 60 мм RM-N4 универсальные ролики, &Oslash; 60 мм хромированный двухколесный ролик TD-01 приставной столик из белой плиты HPL с черной сердцевиной Размер 380 х 230 мм только для моделей без подлокотников ]]>
</description>
<param name="Глубина">580 мм</param>
<param name="Ширина">1550 мм</param>
<param name="Высота">770 мм</param>
<param name="Высота от пола до сиденья">390 мм</param>
</offer>
<offer id="344" available="true">
<name>Кабель-менеджмент підвісний VR user UO-08</name>
<model>UO-08</model>
<url>
<![CDATA[ https://barsky.ua/index.php?route=product/product&amp;product_id=344 ]]>
</url>
<price>500</price>
<currencyId>UAH</currencyId>
<categoryId>5</categoryId>
<picture>https://barsky.ua/image/catalog/aksesuary/-менеджмент UO-08/20230214_122855.jpg</picture>
<picture>https://barsky.ua/image/catalog/aksesuary/-менеджмент UO-08/20230214_122819.jpg</picture>
<vendor>Barsky</vendor>
<stock_quantity>16</stock_quantity>
<description>
<![CDATA[ ]]>
</description>
</offer>
<offer id="345" available="true">
<name>Кресло Barsky Hara Doctor black BHD-06</name>
<model>BHD-06</model>
<url>
<![CDATA[ https://barsky.ua/krislo_barsky_hara_doctor_black_bhd-04/ ]]>
</url>
<price>30000</price>
<currencyId>UAH</currencyId>
<categoryId>2</categoryId>
<picture>https://barsky.ua/image/catalog/kresla/BHD-04/008 (3).jpg</picture>
<picture>https://barsky.ua/image/catalog/kresla/BHD-04/014 (2).jpg</picture>
<picture>https://barsky.ua/image/catalog/kresla/BHD-04/013 (1).jpg</picture>
<picture>https://barsky.ua/image/catalog/kresla/BHD-04/012 (2).jpg</picture>
<picture>https://barsky.ua/image/catalog/kresla/BHD-04/010 (2).jpg</picture>
<picture>https://barsky.ua/image/catalog/kresla/BHD-04/009 (4).jpg</picture>
<picture>https://barsky.ua/image/catalog/kresla/BHD-04/006 (2).jpg</picture>
<picture>https://barsky.ua/image/catalog/kresla/BHD-04/005 (2).jpg</picture>
<picture>https://barsky.ua/image/catalog/kresla/BHD-04/007 (4).jpg</picture>
<picture>https://barsky.ua/image/catalog/kresla/BHD-04/002 (3).jpg</picture>
<picture>https://barsky.ua/image/catalog/kresla/BHD-04/001 (2).jpg</picture>
<vendor>Barsky</vendor>
<stock_quantity>0</stock_quantity>
<description>
<![CDATA[ Описание Новая запатентованная кресла концепция для действительно здоровой и комфортной работы в офисе. Hara - это уникальное решение на рынке Украины благодаря не только уникальному, футуристическому внешнему виду, но также из-за настоящей революции в эргономике кресел. Что определяет здоровье современного человека с оглядкой на характер жизни наших современников? Еда, повседневная активность и стиль жизни. Одной из проблем, с которой мы сталкиваемся каждый день, есть и будет характер нашей работы, ведь не секрет, высокая автоматизация процессов производства привела к тому, что все больше и больше людей выбирают себе работу в офисе или дома. И чаще всего такой образ работы неотрывно связан с нашим здоровьем, а именно осанкой. От правильной осанки зависит наш тонус мышц, циркуляция крови, а значит - хорошее снабжение мозга кислородом. Что же важно для скелета и осанки человека в повседневной жизни? в чем мы ходим (обувь) на чем мы спим (матрас) и конечно же, на чем мы сидим И поскольку мы проводим, сидя на работе, примерно 8 часов, а то и больше, кресло является одним из важных факторов, влияющих на ваше здоровье. Таким креслом как раз и есть Hara Hara Doctor. Barsky Hara Doctor: кому подойдет? Прежде всего, это кресло для людей, которые смотрят при выборе мебели не на ценник, а на его функционал и практичность. Важность здоровья для человека, ежедневно проводящего по 8-10 часов в положении сидя за компьютерным столом, очевидна. Именно поэтому это кресло подойдет всем, кто хочет быть здоровым или уже сегодня имеет ряд хронических заболеваний, склонных к рецидиву. Заболевание позвоночника - самое распространенное усложнение людей офисной специфики работы. Поэтому это кресло подойдет: офисным работникам разной специфики работы - от менеджера до директора; работникам колл-центров; банковским работникам; работникам, ведущим переговоры, собеседования. Функциональность кресла Главное требование к креслу для людей с ущемлением позвоночного нерва нет давления на позвоночник. В то же время важно отметить необходимость наличия опоры как таковой, поскольку без нее спина пользователя будет искривлена. Поэтому перед разработчиками стояла сложная задача - сделать кресло удобным, полезным и безопасным одновременно. Как с этой задачей справилось кресло Barsky Hara Doctor? Преимущество этой модели - сегментированная спинка с тремя автономными горизонтальными поддержками, которые имеют эффект вытягивания позвоночника. Сам позвоночник находится в так называемой &quot;слепой зоне&quot;, где не оказывается давление на мышцы позвоночника. Как результат - давления на мышцы спины в зоне позвоночника нет, нерв не реагирует на внешние раздражители, не происходит его ущемление. Спинка Barsky Hara Doctor Как уже упоминалось ранее, спинка кресла изготовлена из трех отдельных горизонтальных частей, обладающих эффектом вытягивания позвоночника. Отдельно хочу обратить внимание на сегмент спинки в поясничной зоне, поясничная поддержка прочно поддерживает спину и когда человек отбрасывается на нижнее положение спинки происходит вытяжка позвоночника. Зачем это нужно? В первую очередь, эта функция необходима для вытягивания и поддержки в пояснице, эффективно при хронических болях в нижнем отделе позвоночника, восстановлении правильной осанки и улучшении гибкости мышц плеч и спины. Необходимо людям с искажениями позвоночника с неравномерным распределением мышечной активности. Да, в случае сколиоза или лордоза спина имеет ущемление нервов при длительном сидении и функция вытягивания помогает для увольнения ущемленного нерва. Сидения Запатентованное сиденье, состоящее из двух частей. Благодаря которому исключается такое распространенное явление, как тепловой мешок, образующийся во время долгого сиденья на сплошных сиденьях. Каждая часть сиденья имеет шарнирный механизм, отвечающий за изменение угла наклона. В случае неравномерной нагрузки сиденье кресла изменит форму в соответствии с положением владельца. Это позволит уменьшить напряжение и давление. Кроме того, запатентованная система распределения и адаптации к телу человека позволяет нейтрализовать застой крови в органах малого таза. Как ни сидит человек и какого-либо пола он, кресло обеспечивает максимальный кровоток от нижних конечностей к сердцу, без застоев. Возможности трансформации Кресло Hara Doctor позволяет адаптироваться под ваш тип работы и отдыха благодаря богатым возможностям трансформации. Полная поддержка тела сидящего во всех режимах от напряженной работы до антигравитационного режима релакса. Благодаря синхромеханизму можно отрегулировать и зафиксировать спинку в нужном положении. Кроме того, механизм качания Tilt будет как раз для успокаивающего качания, для снятия нервного напряжения. Подлокотники Подлокотники очень удобны и комфортны. Они расположены не на сидении, а монтируются на специальное основание, поэтому их ширину и высоту можно отрегулировать. Подлокотники изготовлены из мягкого полиуретана. Они черного цвета, прекрасно подчеркивающие стиль кресла. Подлокотники имеют небольшие размеры, но горизонтальная площадь слегка увеличена. Это дает локтям дополнительную опору и удобство в любых положениях. Надежность, доказанная топовым производителем Украины. ]]>
</description>
<param name="Предназначение">для фриланса</param>
<param name="Стиль">хай-тек</param>
<param name="Местоположение">для дома</param>
<param name="Особенности">ортопедические</param>
<param name="Класс кресел">люкс</param>
<param name="Тип">офисные</param>
<param name="Обивка">ткань/сетка</param>
<param name="Уровень жесткости">жесткие</param>
<param name="Основание">на колесах</param>
<param name="Крестовина">хром</param>
<param name="Каркас">пластик</param>
<param name="Механизм качания">с механизмом качания и фиксацией</param>
<param name="Механизмы">синхромеханизм</param>
<param name="Особенности конструкции">для высоких людей</param>
<param name="Оснащение">с динамической поддержкой</param>
<param name="Максимальный рост">210 см</param>
<param name="Сидение">с сеткой</param>
<param name="Ширина сидения, см">50</param>
<param name="Спинка">с откидной спинкой</param>
<param name="Подлокотники">с регулировкой высоты</param>
<param name="Материал подлокотников">мягкие накладки</param>
<param name="Подголовник">без подголовника</param>
<param name="Ролики">обрезиненные</param>
<param name="Размер">широкие</param>
<param name="Цвет">черный</param>
<param name="Гарантия">5 лет</param>
<param name="Высота спинки, см">75</param>
</offer>
<offer id="346" available="true">
<name>Кресло Barsky Hara Doctor gold BHD-05</name>
<model>BHD-05</model>
<url>
<![CDATA[ https://barsky.ua/kreslo_barsky_hara_doctor_gold_bhd-05/ ]]>
</url>
<price>30000</price>
<currencyId>UAH</currencyId>
<categoryId>2</categoryId>
<picture>https://barsky.ua/image/catalog/kresla/BHD-05/001jpg_9.jpg</picture>
<picture>https://barsky.ua/image/catalog/kresla/BHD-05/0180.jpg</picture>
<picture>https://barsky.ua/image/catalog/kresla/BHD-05/0181.jpg</picture>
<picture>https://barsky.ua/image/catalog/kresla/BHD-05/0179.jpg</picture>
<picture>https://barsky.ua/image/catalog/kresla/BHD-05/0177.jpg</picture>
<picture>https://barsky.ua/image/catalog/kresla/BHD-05/0178.jpg</picture>
<picture>https://barsky.ua/image/catalog/kresla/BHD-05/0176.jpg</picture>
<picture>https://barsky.ua/image/catalog/kresla/BHD-05/001jpg_5.jpg</picture>
<picture>https://barsky.ua/image/catalog/kresla/BHD-05/001jpg_3.jpg</picture>
<picture>https://barsky.ua/image/catalog/kresla/BHD-05/001jpg_7.jpg</picture>
<picture>https://barsky.ua/image/catalog/kresla/BHD-05/001jpg_6.jpg</picture>
<picture>https://barsky.ua/image/catalog/kresla/BHD-05/001jpg_10.jpg</picture>
<picture>https://barsky.ua/image/catalog/kresla/BHD-05/001jpg_8.jpg</picture>
<picture>https://barsky.ua/image/catalog/kresla/BHD-05/001_2.jpg</picture>
<vendor>Barsky</vendor>
<stock_quantity>10</stock_quantity>
<description>
<![CDATA[ Описание Новая запатентованная кресла концепция для действительно здоровой и комфортной работы в офисе. Hara - это уникальное решение на рынке Украины благодаря не только уникальному, футуристическому внешнему виду, но также из-за настоящей революции в эргономике кресел. Что определяет здоровье современного человека с оглядкой на характер жизни наших современников? Еда, повседневная активность и стиль жизни. Одной из проблем, с которой мы сталкиваемся каждый день, есть и будет характер нашей работы, ведь не секрет, высокая автоматизация процессов производства привела к тому, что все больше и больше людей выбирают себе работу в офисе или дома. И чаще всего такой образ работы неотрывно связан с нашим здоровьем, а именно осанкой. От правильной осанки зависит наш тонус мышц, циркуляция крови, а значит - хорошее снабжение мозга кислородом. Что же важно для скелета и осанки человека в повседневной жизни? в чем мы ходим (обувь) на чем мы спим (матрас) и конечно же, на чем мы сидим И поскольку мы проводим, сидя на работе, примерно 8 часов, а то и больше, кресло является одним из важных факторов, влияющих на ваше здоровье. Таким креслом как раз и есть Hara Hara Doctor. Barsky Hara Doctor: кому подойдет? Прежде всего, это кресло для людей, которые смотрят при выборе мебели не на ценник, а на его функционал и практичность. Важность здоровья для человека, ежедневно проводящего по 8-10 часов в положении сидя за компьютерным столом, очевидна. Именно поэтому это кресло подойдет всем, кто хочет быть здоровым или уже сегодня имеет ряд хронических заболеваний, склонных к рецидиву. Заболевание позвоночника - самое распространенное усложнение людей офисной специфики работы. Поэтому это кресло подойдет: офисным работникам разной специфики работы - от менеджера до директора; работникам колл-центров; банковским работникам; работникам, ведущим переговоры, собеседования. Функциональность кресла Главное требование к креслу для людей с ущемлением позвоночного нерва нет давления на позвоночник. В то же время важно отметить необходимость наличия опоры как таковой, поскольку без нее спина пользователя будет искривлена. Поэтому перед разработчиками стояла сложная задача - сделать кресло удобным, полезным и безопасным одновременно. Как с этой задачей справилось кресло Barsky Hara Doctor? Преимущество этой модели - сегментированная спинка с тремя автономными горизонтальными поддержками, которые имеют эффект вытягивания позвоночника. Сам позвоночник находится в так называемой &quot;слепой зоне&quot;, где не оказывается давление на мышцы позвоночника. Как результат - давления на мышцы спины в зоне позвоночника нет, нерв не реагирует на внешние раздражители, не происходит его ущемление. Спинка Barsky Hara Doctor Как уже упоминалось ранее, спинка кресла изготовлена из трех отдельных горизонтальных частей, обладающих эффектом вытягивания позвоночника. Отдельно хочу обратить внимание на сегмент спинки в поясничной зоне, поясничная поддержка прочно поддерживает спину и когда человек отбрасывается на нижнее положение спинки происходит вытяжка позвоночника. Зачем это нужно? В первую очередь, эта функция необходима для вытягивания и поддержки в пояснице, эффективно при хронических болях в нижнем отделе позвоночника, восстановлении правильной осанки и улучшении гибкости мышц плеч и спины. Необходимо людям с искажениями позвоночника с неравномерным распределением мышечной активности. Да, в случае сколиоза или лордоза спина имеет ущемление нервов при длительном сидении и функция вытягивания помогает для увольнения ущемленного нерва. Сидения Запатентованное сиденье, состоящее из двух частей. Благодаря которому исключается такое распространенное явление, как тепловой мешок, образующийся во время долгого сиденья на сплошных сиденьях. Каждая часть сиденья имеет шарнирный механизм, отвечающий за изменение угла наклона. В случае неравномерной нагрузки сиденье кресла изменит форму в соответствии с положением владельца. Это позволит уменьшить напряжение и давление. Кроме того, запатентованная система распределения и адаптации к телу человека позволяет нейтрализовать застой крови в органах малого таза. Как ни сидит человек и какого-либо пола он, кресло обеспечивает максимальный кровоток от нижних конечностей к сердцу, без застоев. Возможности трансформации Кресло Hara Doctor позволяет адаптироваться под ваш тип работы и отдыха благодаря богатым возможностям трансформации. Полная поддержка тела сидящего во всех режимах от напряженной работы до антигравитационного режима релакса. Благодаря синхромеханизму можно отрегулировать и зафиксировать спинку в нужном положении. Кроме того, механизм качания Tilt будет как раз для успокаивающего качания, для снятия нервного напряжения. Подлокотники Подлокотники очень удобны и комфортны. Они расположены не на сидении, а монтируются на специальное основание, поэтому их ширину и высоту можно отрегулировать. Подлокотники изготовлены из мягкого полиуретана. Они черного цвета, прекрасно подчеркивающие стиль кресла. Подлокотники имеют небольшие размеры, но горизонтальная площадь слегка увеличена. Это дает локтям дополнительную опору и удобство в любых положениях. Надежность, доказанная топовым производителем Украины. ]]>
</description>
<param name="Предназначение">для фриланса</param>
<param name="Стиль">хай-тек</param>
<param name="Местоположение">для дома</param>
<param name="Особенности">ортопедические</param>
<param name="Класс кресел">люкс</param>
<param name="Тип">офисные</param>
<param name="Обивка">ткань/сетка</param>
<param name="Уровень жесткости">жесткие</param>
<param name="Основание">на колесах</param>
<param name="Крестовина">хром</param>
<param name="Каркас">пластик</param>
<param name="Механизм качания">с механизмом качания и фиксацией</param>
<param name="Механизмы">синхромеханизм</param>
<param name="Особенности конструкции">для высоких людей</param>
<param name="Оснащение">с динамической поддержкой</param>
<param name="Максимальный рост">210 см</param>
<param name="Сидение">с сеткой</param>
<param name="Ширина сидения, см">50</param>
<param name="Спинка">с откидной спинкой</param>
<param name="Подлокотники">с регулировкой высоты</param>
<param name="Материал подлокотников">мягкие накладки</param>
<param name="Подголовник">без подголовника</param>
<param name="Ролики">обрезиненные</param>
<param name="Размер">широкие</param>
<param name="Гарантия">5 лет</param>
<param name="Высота спинки, см">75</param>
</offer>
<offer id="347" available="true">
<name>Кресло Barsky Hara Doctor yellow/blue BHD-04</name>
<model>BHD-04</model>
<url>
<![CDATA[ https://barsky.ua/kreslo_barsky_hara_doctor_yellowblue_bhd-04/ ]]>
</url>
<price>26900</price>
<oldprice>30000</oldprice>
<currencyId>UAH</currencyId>
<categoryId>2</categoryId>
<picture>https://barsky.ua/image/catalog/kresla/BHD-06/001jpg.jpg</picture>
<picture>https://barsky.ua/image/catalog/kresla/BHD-06/0083.jpg</picture>
<picture>https://barsky.ua/image/catalog/kresla/BHD-06/0082.jpg</picture>
<picture>https://barsky.ua/image/catalog/kresla/BHD-06/0081.jpg</picture>
<picture>https://barsky.ua/image/catalog/kresla/BHD-06/0079.jpg</picture>
<picture>https://barsky.ua/image/catalog/kresla/BHD-06/0076.jpg</picture>
<picture>https://barsky.ua/image/catalog/kresla/BHD-06/001jpg_8 (1).jpg</picture>
<picture>https://barsky.ua/image/catalog/kresla/BHD-06/001jpg_7 (1).jpg</picture>
<picture>https://barsky.ua/image/catalog/kresla/BHD-06/001jpg_1.jpg</picture>
<picture>https://barsky.ua/image/catalog/kresla/BHD-06/001jpg_2.jpg</picture>
<vendor>Barsky</vendor>
<stock_quantity>10</stock_quantity>
<description>
<![CDATA[ Описание Новая запатентованная кресла концепция для действительно здоровой и комфортной работы в офисе. Hara - это уникальное решение на рынке Украины благодаря не только уникальному, футуристическому внешнему виду, но также из-за настоящей революции в эргономике кресел. Что определяет здоровье современного человека с оглядкой на характер жизни наших современников? Еда, повседневная активность и стиль жизни. Одной из проблем, с которой мы сталкиваемся каждый день, есть и будет характер нашей работы, ведь не секрет, высокая автоматизация процессов производства привела к тому, что все больше и больше людей выбирают себе работу в офисе или дома. И чаще всего такой образ работы неотрывно связан с нашим здоровьем, а именно осанкой. От правильной осанки зависит наш тонус мышц, циркуляция крови, а значит - хорошее снабжение мозга кислородом. Что же важно для скелета и осанки человека в повседневной жизни? в чем мы ходим (обувь) на чем мы спим (матрас) и конечно же, на чем мы сидим И поскольку мы проводим, сидя на работе, примерно 8 часов, а то и больше, кресло является одним из важных факторов, влияющих на ваше здоровье. Таким креслом как раз и есть Hara Hara Doctor. Barsky Hara Doctor: кому подойдет? Прежде всего, это кресло для людей, которые смотрят при выборе мебели не на ценник, а на его функционал и практичность. Важность здоровья для человека, ежедневно проводящего по 8-10 часов в положении сидя за компьютерным столом, очевидна. Именно поэтому это кресло подойдет всем, кто хочет быть здоровым или уже сегодня имеет ряд хронических заболеваний, склонных к рецидиву. Заболевание позвоночника - самое распространенное усложнение людей офисной специфики работы. Поэтому это кресло подойдет: офисным работникам разной специфики работы - от менеджера до директора; работникам колл-центров; банковским работникам; работникам, ведущим переговоры, собеседования. Функциональность кресла Главное требование к креслу для людей с ущемлением позвоночного нерва нет давления на позвоночник. В то же время важно отметить необходимость наличия опоры как таковой, поскольку без нее спина пользователя будет искривлена. Поэтому перед разработчиками стояла сложная задача - сделать кресло удобным, полезным и безопасным одновременно. Как с этой задачей справилось кресло Barsky Hara Doctor? Преимущество этой модели - сегментированная спинка с тремя автономными горизонтальными поддержками, которые имеют эффект вытягивания позвоночника. Сам позвоночник находится в так называемой &quot;слепой зоне&quot;, где не оказывается давление на мышцы позвоночника. Как результат - давления на мышцы спины в зоне позвоночника нет, нерв не реагирует на внешние раздражители, не происходит его ущемление. Спинка Barsky Hara Doctor Как уже упоминалось ранее, спинка кресла изготовлена из трех отдельных горизонтальных частей, обладающих эффектом вытягивания позвоночника. Отдельно хочу обратить внимание на сегмент спинки в поясничной зоне, поясничная поддержка прочно поддерживает спину и когда человек отбрасывается на нижнее положение спинки происходит вытяжка позвоночника. Зачем это нужно? В первую очередь, эта функция необходима для вытягивания и поддержки в пояснице, эффективно при хронических болях в нижнем отделе позвоночника, восстановлении правильной осанки и улучшении гибкости мышц плеч и спины. Необходимо людям с искажениями позвоночника с неравномерным распределением мышечной активности. Да, в случае сколиоза или лордоза спина имеет ущемление нервов при длительном сидении и функция вытягивания помогает для увольнения ущемленного нерва. Сидения Запатентованное сиденье, состоящее из двух частей. Благодаря которому исключается такое распространенное явление, как тепловой мешок, образующийся во время долгого сиденья на сплошных сиденьях. Каждая часть сиденья имеет шарнирный механизм, отвечающий за изменение угла наклона. В случае неравномерной нагрузки сиденье кресла изменит форму в соответствии с положением владельца. Это позволит уменьшить напряжение и давление. Кроме того, запатентованная система распределения и адаптации к телу человека позволяет нейтрализовать застой крови в органах малого таза. Как ни сидит человек и какого-либо пола он, кресло обеспечивает максимальный кровоток от нижних конечностей к сердцу, без застоев. Возможности трансформации Кресло Hara Doctor позволяет адаптироваться под ваш тип работы и отдыха благодаря богатым возможностям трансформации. Полная поддержка тела сидящего во всех режимах от напряженной работы до антигравитационного режима релакса. Благодаря синхромеханизму можно отрегулировать и зафиксировать спинку в нужном положении. Кроме того, механизм качания Tilt будет как раз для успокаивающего качания, для снятия нервного напряжения. Подлокотники Подлокотники очень удобны и комфортны. Они расположены не на сидении, а монтируются на специальное основание, поэтому их ширину и высоту можно отрегулировать. Подлокотники изготовлены из мягкого полиуретана. Они черного цвета, прекрасно подчеркивающие стиль кресла. Подлокотники имеют небольшие размеры, но горизонтальная площадь слегка увеличена. Это дает локтям дополнительную опору и удобство в любых положениях. Надежность, доказанная топовым производителем Украины. ]]>
</description>
<param name="Предназначение">для фриланса</param>
<param name="Стиль">хай-тек</param>
<param name="Местоположение">для дома</param>
<param name="Особенности">ортопедические</param>
<param name="Класс кресел">люкс</param>
<param name="Тип">офисные</param>
<param name="Обивка">ткань/сетка</param>
<param name="Уровень жесткости">жесткие</param>
<param name="Основание">на колесах</param>
<param name="Крестовина">хром</param>
<param name="Каркас">пластик</param>
<param name="Механизм качания">с механизмом качания и фиксацией</param>
<param name="Механизмы">синхромеханизм</param>
<param name="Особенности конструкции">для высоких людей</param>
<param name="Оснащение">с динамической поддержкой</param>
<param name="Максимальный рост">210 см</param>
<param name="Сидение">с сеткой</param>
<param name="Ширина сидения, см">50</param>
<param name="Спинка">с откидной спинкой</param>
<param name="Подлокотники">с регулировкой высоты</param>
<param name="Материал подлокотников">мягкие накладки</param>
<param name="Подголовник">без подголовника</param>
<param name="Ролики">обрезиненные</param>
<param name="Размер">широкие</param>
<param name="Гарантия">5 лет</param>
<param name="Высота спинки, см">75</param>
</offer>
<offer id="348" available="true">
<name>Кресло Barsky Healthy BH-01</name>
<model>BH-01</model>
<url>
<![CDATA[ https://barsky.ua/kreslo_barsky_healthy_bh-01/ ]]>
</url>
<price>30000</price>
<currencyId>UAH</currencyId>
<categoryId>2</categoryId>
<picture>https://barsky.ua/image/catalog/kresla/Healthy BH-01/001 (3).jpg</picture>
<picture>https://barsky.ua/image/catalog/kresla/Healthy BH-01/001_2 (1).jpg</picture>
<picture>https://barsky.ua/image/catalog/kresla/Healthy BH-01/001_3.jpg</picture>
<picture>https://barsky.ua/image/catalog/kresla/Healthy BH-01/001_1.jpg</picture>
<picture>https://barsky.ua/image/catalog/kresla/Healthy BH-01/001_10.jpg</picture>
<picture>https://barsky.ua/image/catalog/kresla/Healthy BH-01/001_7.jpg</picture>
<picture>https://barsky.ua/image/catalog/kresla/Healthy BH-01/001_9.jpg</picture>
<picture>https://barsky.ua/image/catalog/kresla/Healthy BH-01/0056 (1).jpg</picture>
<picture>https://barsky.ua/image/catalog/kresla/Healthy BH-01/0058.jpg</picture>
<picture>https://barsky.ua/image/catalog/kresla/Healthy BH-01/0062.jpg</picture>
<picture>https://barsky.ua/image/catalog/kresla/Healthy BH-01/0059.jpg</picture>
<picture>https://barsky.ua/image/catalog/kresla/Healthy BH-01/0064.jpg</picture>
<picture>https://barsky.ua/image/catalog/kresla/Healthy BH-01/0065.jpg</picture>
<picture>https://barsky.ua/image/catalog/kresla/Healthy BH-01/001_5.jpg</picture>
<picture>https://barsky.ua/image/catalog/kresla/Healthy BH-01/001_6.jpg</picture>
<vendor>Barsky</vendor>
<stock_quantity>50</stock_quantity>
<description>
<![CDATA[ Новая запатентованная кресла концепция для действительно здоровой и комфортной работы в офисе. Hara - это уникальное решение на рынке Украины благодаря не только уникальному, футуристическому внешнему виду, но также из-за настоящей революции в эргономике кресел. Что определяет здоровье современного человека с оглядкой на характер жизни наших современников? Еда, повседневная активность и стиль жизни. Одной из проблем, с которой мы сталкиваемся каждый день, есть и будет характер нашей работы, ведь не секрет, высокая автоматизация процессов производства привела к тому, что все больше и больше людей выбирают себе работу в офисе или дома. И чаще всего такой образ работы неотрывно связан с нашим здоровьем, а именно осанкой. От правильной осанки зависит наш тонус мышц, циркуляция крови, а значит - хорошее снабжение мозга кислородом. Что же важно для скелета и осанки человека в повседневной жизни? в чем мы ходим (обувь) на чем мы спим (матрас) и конечно же, на чем мы сидим И поскольку мы проводим, сидя на работе, примерно 8 часов, а то и больше, кресло является одним из важных факторов, влияющих на ваше здоровье. Таким креслом как раз и есть Hara Nietzsche. Barsky Hara Nietzsche: кому подойдет? Прежде всего, это кресло для людей, которые смотрят при выборе мебели не на ценник, а на его функционал и практичность. Важность здоровья для человека, ежедневно проводящего по 8-10 часов в положении сидя за компьютерным столом, очевидна. Именно поэтому это кресло подойдет всем, кто хочет быть здоровым или уже сегодня имеет ряд хронических заболеваний, склонных к рецидиву. Заболевание позвоночника - самое распространенное усложнение людей офисной специфики работы. Поэтому это кресло подойдет: офисным работникам разной специфики работы - от менеджера до директора; работникам колл-центров; банковским работникам; работникам, ведущим переговоры, собеседования. Функциональность кресла Главное требование к креслу для людей с ущемлением позвоночного нерва нет давления на позвоночник. В то же время важно отметить необходимость наличия опоры как таковой, поскольку без нее спина пользователя будет искривлена. Поэтому перед разработчиками стояла сложная задача - сделать кресло удобным, полезным и безопасным одновременно. Как с этой задачей справилось кресло Barsky Hara Nietzsche? Преимущество этой модели - сегментированная спинка с двумя вертикальными автономными поддержками. Сам позвоночник находится в так называемой &quot;слепой зоне&quot;, где не оказывается давление на мышцы позвоночника. Как результат - давления на мышцы спины в зоне позвоночника нет, нерв не реагирует на внешние раздражители, не происходит его ущемление. Спинка Barsky Hara Nietzsche Как уже упоминалось ранее, спинка кресла изготовлена из двух отдельных вертикальных частей, принимающих нагрузку автономно друг от друга. Зачем это нужно? Прежде всего, эта функция удобна для людей с имеющимися искривлениями позвоночника с неравномерным распределением мышечной активности. Так, в случае сколиоза или лордоза спина имеет определенные неровности, соответственно, и поддержка таких отделов должна быть разной. Сегментированная спинка кресла позволяет с разной степенью интенсивности поддерживать спину пользователя с необходимой ему отдачей. Регулировать спинку кресла не нужно. Кресло самостоятельно определяет степень необходимой поддержки для позвоночника. Все, что нужно для покупателя в этом случае - выбрать для себя самое удобное положение тела. Также следует отметить степень изогнутости лопастей спинки. В зависимости от давления на спинку она принимает нужное положение, поскольку отдельный сегмент прикреплен к фиксирующему механизму сзади. При тестировании продукции пользователь не ощутит давления на спину и поддержку в этой части тела будет ощущать в полной мере. Сидения Запатентованное сиденье, состоящее из двух частей. Благодаря которому исключается такое распространенное явление, как тепловой мешок, образующийся во время долгого сиденья на сплошных сиденьях. Каждая часть сиденья имеет шарнирный механизм, отвечающий за изменение угла наклона. В случае неравномерной нагрузки сиденье кресла изменит форму в соответствии с положением владельца. Это позволит уменьшить напряжение и давление. Кроме того, запатентованная система распределения и адаптации к телу человека позволяет нейтрализовать застой крови в органах малого таза. Как ни сидит человек и какого-либо пола он, кресло обеспечивает максимальный кровоток от нижних конечностей к сердцу, без застоев. Возможности трансформации Кресло Hara Nietzsche позволяет адаптироваться под ваш тип работы и отдыха благодаря богатым возможностям трансформации. Полная поддержка тела сидящего во всех режимах от напряженной работы до антигравитационного режима релакса. Благодаря синхромеханизму можно отрегулировать и зафиксировать спинку в нужном положении. Кроме того, механизм качания Tilt будет как раз для успокаивающего качания, для снятия нервного напряжения. Подлокотники Подлокотники очень удобны и комфортны. Они расположены не на сидении, а монтируются на специальное основание, поэтому их ширину и высоту можно отрегулировать. Подлокотники изготовлены из мягкого полиуретана. Они черного цвета, что прекрасно подчеркнут ]]>
</description>
<param name="Предназначение">для фриланса</param>
<param name="Стиль">хай-тек</param>
<param name="Местоположение">для дома</param>
<param name="Особенности">ортопедические</param>
<param name="Класс кресел">люкс</param>
<param name="Тип">офисные</param>
<param name="Обивка">сетка</param>
<param name="Уровень жесткости">жесткие</param>
<param name="Основание">на колесах</param>
<param name="Крестовина">хром</param>
<param name="Каркас">пластик</param>
<param name="Механизм качания">с механизмом качания и фиксацией</param>
<param name="Механизмы">синхромеханизм</param>
<param name="Особенности конструкции">для высоких людей</param>
<param name="Оснащение">с динамической поддержкой</param>
<param name="Максимальный рост">210 см</param>
<param name="Сидение">с регулировкой угла наклона</param>
<param name="Ширина сидения, см">50</param>
<param name="Спинка">с регулировкой спинки по высоте</param>
<param name="Подлокотники">с регулировкой высоты</param>
<param name="Материал подлокотников">мягкие накладки</param>
<param name="Подголовник">с регулируемым подголовником</param>
<param name="Ролики">Обрезиненные</param>
<param name="Размер">широкие</param>
<param name="Цвет">Черный</param>
<param name="Гарантия">5 лет</param>
<param name="Высота спинки, см">45</param>
</offer>
<offer id="349" available="true">
<name>Кресло Barsky Mesh Grey BM-08</name>
<model>BM-08</model>
<url>
<![CDATA[ https://barsky.ua/kreslo_barsky_mesh_grey_bm-08/ ]]>
</url>
<price>5849</price>
<oldprice>7650</oldprice>
<currencyId>UAH</currencyId>
<categoryId>2</categoryId>
<picture>https://barsky.ua/image/catalog/kresla/BM-08/0184.jpg</picture>
<picture>https://barsky.ua/image/catalog/kresla/BM-02/BM-02_6.jpg</picture>
<picture>https://barsky.ua/image/catalog/kresla/BM-02/BM-02_4.jpg</picture>
<picture>https://barsky.ua/image/catalog/kresla/BM-08/0185.jpg</picture>
<picture>https://barsky.ua/image/catalog/kresla/BM-02/BM-02_2.jpg</picture>
<vendor>Barsky</vendor>
<stock_quantity>50</stock_quantity>
<description>
<![CDATA[ Описание кресла Barsky Mesh Grey BM-08 для офиса: Недорогое сеточное кресло со всеми нужными регулировками. Обивка серого цвета хорошо впишется в любой интерьер. Возможности кресла: Спинка с естественным прогибом в пояснице, дополнительно настраивается поясничная поддержка. Подлокотники регулируются по высоте. Подголовник регулируется по росту пользователя и меняет угол наклона. Высота кресла регулируется газлифтом. В кресле есть механизм качания с фиксацией в верхней точке. Эта модель кресла - пример того, что недорогое кресло может быть эргономичным и максимально комфортным для пользователя. Кресло выполнено в черном цвете пластика и обивки. Недорогое и надежное кресло подойдет для офиса или дома. Эргономика в ультрасовременном дизайнерском исполнении. Пожалуй одним из самых популярных кресел в демократичном ценовом сегменте, являются кресла из семейства Barsky Mesh. Эти кресла пользуются спросом как у крупного бизнеса, так и у рядового обывателя. За счет высокой надежности, упора в эргономику и что немаловажно - ультра современному дизайну. Что же на самом деле из себя представляют кресла этой линейки из себя, сейчас мы и рассмотрим. Общий дизайн и компоновка Barsky Mesh, это сеточное кресло, которое лишено в своей конструкции массивных, громоздких деталей. За счет этого приема, оно не громоздкое, занимает минимум места и что немаловажно - подчеркнет характер интерьера. В кресле нет угловатых деталей, за которые цеплялся бы глаз. Каждая деталь имеет плавные, округлые, приятные глазу формы. Дышащая структура обивки, и использование классических цветов так же способствует общей композиции невесомости и легкости. Однозначно Barsky Mesh придётся по нраву людям с хорошо развитым чувством вкуса. К тому же существует сразу несколько цветовых палитр исполнения кресла. Классическое черное кресло, черно-белое кресло, красно-черное, сине-белое, бело-зеленое и миниатюрный вариант в черном цвете. Благодаря такому подходу, можно смело интегрировать это кресло в любые дизайнерские решения как дома так и в офисе с соблюдением корпоративного стиля или создания нужных цветовых акцентов. Как пример, цветовые оттенки можно использовать в роли зонирования отделов. Анатомия кресла или его компоновка. Эталонная модель BM представлена с полноразмерной спинкой и подголовником. Тогда как модель BM-07 - является более миниатюрной, с уменьшенной по высоте спинкой, ориентировочно до лопаток сидящего, и без подголовника. Во всех моделях используются регулируемые по высоте подлокотники черного цвета, выполненные с немаркого, приятного на ощупь пластика. Основная часть обивки кресла - высококачественная сетка, которая не проседает и не растягивается даже после длительного использования, за счет вплетения специальных синтетических волокон, стойких к растяжению. Зоны использования сетки - спинка, и подголовник. В тоже время, в роли обивки сидения выступает ткань рогожка, которая демонстрирует высокие качества устойчивости к истиранию. Стойкость этой ткани к истиранию подтверждена тестами Мартиндейла. К тому же, эта ткань очень проста в чистке а также имеет высокие показатели аэрации. В роли наполнителя сидения выступает высококачественный пеноматериал. Вообще о посадке и свойствах сидения мы поговорим позже, когда речь будет идти о эргономике и ощущениях сидящего в это кресле. В роли основы или базы - выступает полиамидная крестовина с нейлоновыми нитями и усиленными ребрами жесткости для прочности. Спинка кресла выполнена из литого пластика с полиамидными ребрами жесткости. Регулировки кресла и общая эргономика. Barsky Mesh, как бы это не звучало странно на первый взгляд, это довольно жёсткое кресло. Ведь именно жесткость его - позволяет равномерно распределять вес сидящего по всей поверхности кресла, тем самым нейтрализуя так называемые горячие точки. Основными зонами распределения давления является спинка кресла, подголовник и сидение. В кресле реализована золотая середина, между комфортом сидящего и эргономическими свойствами. Спинка кресла имеет эргономичный изгиб в месте где у человека находится поясница. Поясничную поддержку в кресле можно регулировать как по высоте так и по степени выдавливаемости, что придётся очень кстати для людей с разным ростом и весом. Как мы писали, подлокотники кресла - регулируемые. Это позволит создать нужные точки поддержки для рук и избавиться от возможных заломов в области запястий при работе с клавиатурой и мышкой, тем самым нейтрализуя возможный карпальный синдром. Подголовник кресла можно отрегулировать в двух направлениях: по высоте, и по углу наклона. В Barsky Mesh также есть стандартный механизм качания и возможность регулировки пружины под вес сидящего. В завершении, последние штрихи Современная концепция кресел mesh делает их отличным выбором для крупных офисов и домашних рабочих мест. Качество этих кресел уже оценили такие банки как Таскомбанк и Monobank и тысячи украинцев. Гарантия 5 лет от Barsky. ]]>
</description>
<param name="Предназначение">для персонала</param>
<param name="Стиль">клаcсический</param>
<param name="Местоположение">для офиса</param>
<param name="Особенности">эргономические</param>
<param name="Обивка">сетка</param>
<param name="Уровень жесткости">жесткие</param>
<param name="Основание">на колесах</param>
<param name="Крестовина">пластик</param>
<param name="Каркас">пластик</param>
<param name="Механизм качания">с механизмом качания</param>
<param name="Механизмы">tilt</param>
<param name="Особенности конструкции">с подголовником</param>
<param name="Оснащение">с вентиляцией</param>
<param name="Максимальный рост">180 см</param>
<param name="Сидение">с сеткой</param>
<param name="Ширина сидения, см">500х510 мм</param>
<param name="Спинка">с поддержкой поясницы</param>
<param name="Подлокотники">с регулировкой высоты</param>
<param name="Материал подлокотников">пластиковые</param>
<param name="Подголовник">с регулируемым подголовником</param>
<param name="Ролики">Пластиковые</param>
<param name="Размер">узкие</param>
<param name="Цвет">Серый</param>
<param name="Гарантия">5 лет</param>
<param name="Высота спинки, см">57</param>
</offer>
<offer id="350" available="true">
<name>Регулируемый стол Barsky StandUp Corner 1450x850 мм Black (BSTc-01)</name>
<model>BSTc-01</model>
<url>
<![CDATA[ https://barsky.ua/regulovaniyo_stil_barsky_standup_corner_black_1450850_bstc-01/ ]]>
</url>
<price>12500</price>
<oldprice>17500</oldprice>
<currencyId>UAH</currencyId>
<categoryId>3</categoryId>
<picture>https://barsky.ua/image/catalog/stoli/BSTc-01/2.jpg</picture>
<picture>https://barsky.ua/image/catalog/stoli/BSTc-01/0114-Edit (1).jpg</picture>
<picture>https://barsky.ua/image/catalog/stoli/BSTc-01/0111-Edit (1).jpg</picture>
<picture>https://barsky.ua/image/catalog/stoli/BSTc-01/0108-Edit (1).jpg</picture>
<picture>https://barsky.ua/image/catalog/stoli/BSTc-01/0106-Edit.jpg</picture>
<picture>https://barsky.ua/image/catalog/stoli/BSTc-01/0107-Edit.jpg</picture>
<picture>https://barsky.ua/image/catalog/stoli/BSTc-01/0105-Edit.jpg</picture>
<picture>https://barsky.ua/image/catalog/stoli/BSTc-01/0104-Edit.jpg</picture>
<picture>https://barsky.ua/image/catalog/stoli/BSTc-01/0100-Edit.jpg</picture>
<picture>https://barsky.ua/image/catalog/stoli/BSTc-01/0101-Edit.jpg</picture>
<picture>https://barsky.ua/image/catalog/stoli/BSTc-01/0102-Edit.jpg</picture>
<vendor>Barsky</vendor>
<stock_quantity>20</stock_quantity>
<description>
<![CDATA[ Угловой стол с регулировкой высоты. В этой модели стола Вы можете установить угол столешницы как под правую руку, так и под левую, он универсален в этом вопросе. Управление с дисплеем на столешнице. Поднимается стол с помощью двигателя, расположенного в царе под столешницей. Размер столешницы 1450х600/850 мм Черный ДСП Раздельная панель на 2 части Один двигатель 2 сегмента колонны Квадратная перевернутая колонна 60x60 мм Длина хода 460 мм Входное напряжение 110-240 В Макс. грузоподъемность 70 кг Скорость 20 мм с Светодиодный дисплей + 3 запоминающихся позиции + 1 порт USB Type-A + 1 порт USB Type-C, 2 ботвы для телефона + 1 кабельное управление - все эти аксессуары упакованы в картонную коробку этого стола. Высота регулируется от 710 до 1180 мм Стол поднимается плавно и бесшумно. Регулируемый стол удобен тем, что его можно подстроить под любой рост, если вы планируете работать только сидя. Но главная фишка всех подъемных столов состоит в том, что одним нажатием кнопки вы можете изменить положение и продолжать работать. За счет угловой формы вы получаете большое рабочее пространство. Столешница с оптическими формами хорошо подчеркнет интерьер любого дома или офиса. Польза работы стоя в том, что вы чаще меняете положение, а значит, чаще двигаетесь в течение дня. Кроме того, ваши ткани не испытывают весь день давления кресла и у вас не будет чувство онемения в конце рабочего дня. Мышцы сгибателя бедра не находятся в постоянном напряжении. Поясница тоже не перенапряжена целый день. За счет частой смены положения работают разные мышцы. ]]>
</description>
<param name="Предназначение">Для офиса</param>
<param name="Стиль">Классический</param>
<param name="Особенности">Регулируемые по высоте</param>
<param name="Вид">Эргономичные</param>
<param name="Размер">Средний</param>
<param name="Форма">Угловой</param>
<param name="Для скольких человек">Для 1-го</param>
<param name="Материал столешницы">ДСП</param>
<param name="Материал ножек">Металл</param>
<param name="Глубина">600-850</param>
<param name="Высота">710-1210</param>
<param name="Материал корпуса">Металл</param>
<param name="Ширина">1450</param>
</offer>
<offer id="351" available="true">
<name>Регульований стіл Barsky StandUp white 1200*600 BST-02</name>
<model>BST-02</model>
<url>
<![CDATA[ https://barsky.ua/reguliruemij_stol_barsky_standup_white_bst-02/ ]]>
</url>
<price>8970</price>
<oldprice>15500</oldprice>
<currencyId>UAH</currencyId>
<categoryId>3</categoryId>
<picture>https://barsky.ua/image/catalog/stoli/BST-02/003 (1).jpg</picture>
<picture>https://barsky.ua/image/catalog/stoli/BST-02/007 (5).jpg</picture>
<picture>https://barsky.ua/image/catalog/stoli/BST-02/006 (3).jpg</picture>
<picture>https://barsky.ua/image/catalog/stoli/BST-02/009 (5).jpg</picture>
<picture>https://barsky.ua/image/catalog/stoli/BST-02/004 (2).jpg</picture>
<picture>https://barsky.ua/image/catalog/stoli/BST-02/002 (4).jpg</picture>
<picture>https://barsky.ua/image/catalog/stoli/BST-02/001 (4).jpg</picture>
<picture>https://barsky.ua/image/catalog/stoli/BST-02/008 (4).jpg</picture>
<picture>https://barsky.ua/image/catalog/stoli/BST-02/013 (2).jpg</picture>
<picture>https://barsky.ua/image/catalog/stoli/BST-02/014 (3).jpg</picture>
<picture>https://barsky.ua/image/catalog/stoli/BST-02/015 (2).jpg</picture>
<picture>https://barsky.ua/image/catalog/stoli/BST-02/016 (2).jpg</picture>
<picture>https://barsky.ua/image/catalog/stoli/BST-02/017.jpg</picture>
<picture>https://barsky.ua/image/catalog/stoli/BST-02/020.jpg</picture>
<picture>https://barsky.ua/image/catalog/stoli/BST-02/021.jpg</picture>
<vendor>Barsky</vendor>
<stock_quantity>100</stock_quantity>
<description>
<![CDATA[ Регулируемый стол Barsky StandUp White - идеальное решение для вашего дома, офиса или детской комнаты, чтобы комбинировать стоячую и сидячую работу. Стильное цветовое решение, прямые формы и небольшие размеры Barsky StandUp White позволяют разместить его в любом кабинете или комнате и выделить данный продукт в интерьере. Настоящая находка для настоящих минималистов, любителей лаконичности и комфорта. Общие характеристики Ширина столешницы составляет 1200 мм, глубина - 600 мм, а высота 720 мм. Толщина столешницы 18 мм. Данных габаритов вполне достаточно для одного человека, чтобы работать за столом с комфортом и не занимая много места в комнате. Стол выдерживает до 80 кг весовой нагрузки, что позволяет разместить на нем все необходимые принадлежности для работы и обустройства рабочего пространства. На ножках рамы предусмотрены регулируемые подпятники для выравнивания горизонта. Материалы Рама стола выполнена из надежного, крепкого и устойчивого металла. Столешница из ДСП-плиты, которая: 1. Выносливая к механическим повреждениям 2. Способна выдерживать весовую нагрузку 3. Хорошо удерживает крепежные элементы Дополнительная комплектация Вдобавок для большего комфорта Barsky StandUp White был оснащен металлическим подстаканником, который не занимает место на столешнице. Благодаря этому вы всегда можете наслаждаться любимым напитком, без страха опрокинуть чашку на аппаратуру или важные бумаги. Помимо этого под столешницей есть металлический крючок для сумки или гарнитуры. Одним словом, удобно. Регулировка высоты Как вы уже поняли, регулировка высоты - основное преимущество Barsky StandUp White. Регулируется именно высота столешницы стола. Это осуществляется благодаря панели управления и мотору, расположенному в царе под столешницей. Панель управления высоты находится с правой стороны столешницы. Она характеризуется следующими режимами регулирования: 1. Копка &quot;S&quot; запоминает высоту удобного для вас верхнего и нижнего положения 2. Копка положения &quot;сидя&quot; опускает столешницу на предварительно настроенную высоту. 3. Копка положения &quot;стоя&quot; поднимает столешницу на предварительно настроенную высоту. 4. Индикатор уровня высоты показывает уровень высоты столешницы в см или мм. 5. Кнопки управления &quot;вверх-вниз&quot; позволяют вручную изменять высоту столешницы. Диапазон регулировки колеблется от 72-120 см, что позволяет пользоваться данным столом людям разного роста. Поднимается стол плавно и почти бесшумно. Шум от опускания/поднятия составляет менее 55 дБ, что является допустимым уровнем шума, который не наносит вред здоровью даже при длительном воздействии. Можете спокойно пользоваться функцией регулировки высоты во время важных офлайн или онлайн переговоров, если захотите изменить ваше рабочее положение. Звук от работы двигателя не будет мешать беседе. Скорость поднятия столешницы составляет 2,5 см/c Почему столы с регулировкой высоты сейчас актуальны Столы с регулировкой высоты с каждым днем ​​набирают широкую популярность. Потребность в данном решении вызвана современным образом жизни, который заставляет многих работать в сидячем положении более 6 часов в день. Это приводит к боли в шее, спине, пояснице и в целом к ​​проблемам с опорно-двигательной системой. Что же дают регулируемые столы? 1. Свободу выбора и никаких ограничений. Хотите работать, учиться или играть сидя? Сидите. Хотите стоя? Стойте. Больше не нужно проводить время по своим занятиям, оцепенев в одной позе на несколько часов. 2. Польза для здоровья. Работать стоя очень полезно для нашей опорно-двигательной системы и общего физического и психологического состояния. Таким образом мы разгружаем наш позвоночник и предотвращаем развитие остеохондроза. 3. Универсальность. В вашей семье или компании столом с регулировкой высоты могут пользоваться несколько человек с разным ростом. Это очень удобно, ведь любой пользователь сможет настроить себе нужную высоту и занять оптимальное положение в кресле относительно стола. 4. Автоматизация. В наших столах с регулировкой высоты предусмотрен таймер на панели управления стола с функцией запоминания разных положений высоты. Потребуется для нескольких пользователей одного стола. Учитывая эти преимущества, по нашему мнению, регулируемый стол должен быть в каждом доме и офисе. Именно поэтому осенью 2022 года мы выпустили новую линейку регулируемых столов под названием StandUp, к которой и принадлежит стол Barsky StandUp White. Заказывайте регулируемый стол Barsky StandUpWhite и работайте, учитесь, играйте с удовольствием и пользой! ]]>
</description>
<param name="Предназначение">Для офиса</param>
<param name="Стиль">классический</param>
<param name="Особенности">регулируемые по высоте</param>
<param name="Тип">компьютерные</param>
<param name="Вид">эргономичные</param>
<param name="Размер">маленькие</param>
<param name="Форма">прямоугольные</param>
<param name="Для скольких человек">для 1-го</param>
<param name="Материал столешницы">ДСП</param>
<param name="Материал корпуса">металл</param>
<param name="Материал ножек">металл</param>
<param name="Цвет">Белый</param>
<param name="Глубина">600</param>
<param name="Ширина">1200</param>
<param name="Высота">710-1210 мм</param>
<param name="Гарантия">5 лет</param>
<param name="Дополнительные характеристики">Регулируемый офисный стол BST-02, полностью белый, столешница ДСП 1200x600x18 мм, разделена на 2 части, один двигатель, 2 сегмента колонн, квадратная перевернутая колонна 60*60 мм, диапазон высоты 720-1180 мм, длина хода 410 мм. 240 В, макс. грузоподъемность 70 кг, скорость 20 мм с, светодиодный дисплей + 3 запоминающихся позиции + 1 порт USB Type-A + 1 порт USB Type-C, 2 ботвы для телефона + 1 кабельное управление - все эти аксессуары упакованы в картонную коробку этого стола</param>
</offer>
<offer id="352" available="true">
<name>Регульований стіл Barsky StandUp black 1200*600 BST-01</name>
<model>BST-01</model>
<url>
<![CDATA[ https://barsky.ua/reguliruemij_stol_barsky_standup_black_bst-01/ ]]>
</url>
<price>8970</price>
<oldprice>15500</oldprice>
<currencyId>UAH</currencyId>
<categoryId>3</categoryId>
<picture>https://barsky.ua/image/catalog/stoli/BST-01/024.jpg</picture>
<picture>https://barsky.ua/image/catalog/stoli/BST-01/027.jpg</picture>
<picture>https://barsky.ua/image/catalog/stoli/BST-01/026.jpg</picture>
<picture>https://barsky.ua/image/catalog/stoli/BST-01/025.jpg</picture>
<picture>https://barsky.ua/image/catalog/stoli/BST-01/023.jpg</picture>
<picture>https://barsky.ua/image/catalog/stoli/BST-01/028.jpg</picture>
<picture>https://barsky.ua/image/catalog/stoli/BST-01/031.jpg</picture>
<picture>https://barsky.ua/image/catalog/stoli/BST-01/033.jpg</picture>
<picture>https://barsky.ua/image/catalog/stoli/BST-01/035.jpg</picture>
<picture>https://barsky.ua/image/catalog/stoli/BST-01/036.jpg</picture>
<picture>https://barsky.ua/image/catalog/stoli/BST-01/037.jpg</picture>
<picture>https://barsky.ua/image/catalog/stoli/BST-01/040.jpg</picture>
<vendor>Barsky</vendor>
<stock_quantity>100</stock_quantity>
<description>
<![CDATA[ Регулируемый стол Barsky StandUp black - идеальное решение для вашего дома, офиса или детской комнаты, чтобы комбинировать стоячую и сидячую работу. Стильное цветовое решение, прямые формы и небольшие размеры Barsky StandUp black позволяют разместить его в любом кабинете или комнате и выделить данный продукт в интерьере. Настоящая находка для настоящих минималистов, любителей лаконичности и комфорта. Общие характеристики Ширина столешницы составляет 1200 мм, глубина - 600 мм, а высота 720 мм. Толщина столешницы 18 мм. Данных габаритов вполне достаточно для одного человека, чтобы работать за столом с комфортом и не занимая много места в комнате. Стол выдерживает до 80 кг весовой нагрузки, что позволяет разместить на нем все необходимые принадлежности для работы и обустройства рабочего пространства. На ножках рамы предусмотрены регулируемые подпятники для выравнивания горизонта. Материалы Рама стола выполнена из надежного, крепкого и устойчивого металла. Столешница из ДСП-плиты, которая: 1. Выносливая к механическим повреждениям 2. Способна выдерживать весовую нагрузку 3. Хорошо удерживает крепежные элементы Дополнительная комплектация Вдобавок для большего комфорта Barsky StandUp black был оснащен металлическим подстаканником, который не занимает место на столешнице. Благодаря этому вы всегда можете наслаждаться любимым напитком, без страха опрокинуть чашку на аппаратуру или важные бумаги. Помимо этого под столешницей есть металлический крючок для сумки или гарнитуры. Одним словом, удобно. Регулировка высоты Как вы уже поняли, регулировка высоты - основное преимущество Barsky StandUp black. Регулируется именно высота столешницы стола. Это осуществляется благодаря панели управления и мотору, расположенному в царе под столешницей. Панель управления высоты находится с правой стороны столешницы. Она характеризуется следующими режимами регулирования: 1. Копка &quot;S&quot; запоминает высоту удобного для вас верхнего и нижнего положения 2. Копка положения &quot;сидя&quot; опускает столешницу на предварительно настроенную высоту. 3. Копка положения &quot;стоя&quot; поднимает столешницу на предварительно настроенную высоту. 4. Индикатор уровня высоты показывает уровень высоты столешницы в см или мм. 5. Кнопки управления &quot;вверх-вниз&quot; позволяют вручную изменять высоту столешницы. Диапазон регулировки колеблется от 72-120 см, что позволяет пользоваться данным столом людям разного роста. Поднимается стол плавно и почти бесшумно. Шум от опускания/поднятия составляет менее 55 дБ, что является допустимым уровнем шума, который не наносит вред здоровью даже при длительном воздействии. Можете спокойно пользоваться функцией регулировки высоты во время важных офлайн или онлайн переговоров, если захотите изменить ваше рабочее положение. Звук от работы двигателя не будет мешать беседе. Скорость поднятия столешницы составляет 2,5 см/c Почему столы с регулировкой высоты сейчас актуальны Столы с регулировкой высоты с каждым днем ​​набирают широкую популярность. Потребность в данном решении вызвана современным образом жизни, который заставляет многих работать в сидячем положении более 6 часов в день. Это приводит к боли в шее, спине, пояснице и в целом к ​​проблемам с опорно-двигательной системой. Что же дают регулируемые столы? 1. Свободу выбора и никаких ограничений. Хотите работать, учиться или играть сидя? Сидите. Хотите стоя? Стойте. Больше не нужно проводить время по своим занятиям, оцепенев в одной позе на несколько часов. 2. Польза для здоровья. Работать стоя очень полезно для нашей опорно-двигательной системы и общего физического и психологического состояния. Таким образом мы разгружаем наш позвоночник и предотвращаем развитие остеохондроза. 3. Универсальность. В вашей семье или компании столом с регулировкой высоты могут пользоваться несколько человек с разным ростом. Это очень удобно, ведь любой пользователь сможет настроить себе нужную высоту и занять оптимальное положение в кресле относительно стола. 4. Автоматизация. В наших столах с регулировкой высоты предусмотрен таймер на панели управления стола с функцией запоминания разных положений высоты. Потребуется для нескольких пользователей одного стола. Учитывая эти преимущества, по нашему мнению, регулируемый стол должен быть в каждом доме и офисе. Именно поэтому осенью 2022 года мы выпустили новую линейку регулируемых столов под названием StandUp, к которой и принадлежит стол Barsky StandUp black. Заказывайте регулируемый стол Barsky StandUp black и работайте, учитесь, играйте с удовольствием и пользой! ]]>
</description>
<param name="Предназначение">Для офиса</param>
<param name="Стиль">классический</param>
<param name="Особенности">регулируемые по высоте</param>
<param name="Тип">компьютерные</param>
<param name="Вид">эргономичные</param>
<param name="Размер">маленькие</param>
<param name="Форма">прямоугольные</param>
<param name="Для скольких человек">для 1-го</param>
<param name="Материал столешницы">ДСП</param>
<param name="Материал корпуса">металл</param>
<param name="Материал ножек">металл</param>
<param name="Цвет">черный</param>
<param name="Глубина">600</param>
<param name="Ширина">1200</param>
<param name="Высота">710-1210 мм</param>
<param name="Гарантия">5 лет</param>
<param name="Дополнительные характеристики">Регулируемый офисный стол BST-01, полностью черный, столешница ДСП 1200x600x18 мм, разделена на 2 части, один двигатель, 2 сегмента колонн, квадратная перевернутая колонна 60*60 мм, диапазон высоты 720-1180 мм, длина хода 410 мм. 240 В, макс. грузоподъемность 70 кг, скорость 20 мм с, светодиодный дисплей + 3 запоминающихся позиции + 1 порт USB Type-A + 1 порт USB Type-C, 2 ботвы для телефона + 1 кабельное управление - все эти аксессуары упакованы в картонную коробку этого стола</param>
</offer>
<offer id="353" available="true">
<name>Регульований стіл Barsky StandUp Game black RGB-LED 1200*600 BST-01led</name>
<model>BST-01led</model>
<url>
<![CDATA[ https://barsky.ua/reguliruemij_stol_barsky_standup_game_black_bst-01/ ]]>
</url>
<price>13500</price>
<oldprice>15500</oldprice>
<currencyId>UAH</currencyId>
<categoryId>3</categoryId>
<picture>https://barsky.ua/image/catalog/stoli/BST-01led/0079-Edit копія.jpg</picture>
<picture>https://barsky.ua/image/catalog/stoli/BST-01led/0095-Edit.jpg</picture>
<picture>https://barsky.ua/image/catalog/stoli/BST-01led/0092-Edit.jpg</picture>
<picture>https://barsky.ua/image/catalog/stoli/BST-01led/0091-Edit.jpg</picture>
<picture>https://barsky.ua/image/catalog/stoli/BST-01led/0081-Edit.jpg</picture>
<picture>https://barsky.ua/image/catalog/stoli/BST-01led/0078-Edit.jpg</picture>
<picture>https://barsky.ua/image/catalog/stoli/BST-01led/0085-Edit.jpg</picture>
<picture>https://barsky.ua/image/catalog/stoli/BST-01led/0088-Edit.jpg</picture>
<picture>https://barsky.ua/image/catalog/stoli/BST-01led/0081-Edit.jpg</picture>
<vendor>Barsky</vendor>
<stock_quantity>40</stock_quantity>
<description>
<![CDATA[ Регулируемый стол Barsky StandUp black - идеальное решение для вашего дома, офиса или детской комнаты, чтобы комбинировать стоячую и сидячую работу. Стильное цветовое решение, прямые формы и небольшие размеры Barsky StandUp black позволяют разместить его в любом кабинете или комнате и выделить данный продукт в интерьере. Настоящая находка для настоящих минималистов, любителей лаконичности и комфорта. Общие характеристики Ширина столешницы составляет 1200 мм, глубина - 600 мм, а высота 720 мм. Толщина столешницы 18 мм. Данных габаритов вполне достаточно для одного человека, чтобы работать за столом с комфортом и не занимая много места в комнате. Стол выдерживает до 80 кг весовой нагрузки, что позволяет разместить на нем все необходимые принадлежности для работы и обустройства рабочего пространства. На ножках рамы предусмотрены регулируемые подпятники для выравнивания горизонта. Материалы Рама стола выполнена из надежного, крепкого и устойчивого металла. Столешница из ДСП-плиты, которая: 1. Выносливая к механическим повреждениям 2. Способна выдерживать весовую нагрузку 3. Хорошо удерживает крепежные элементы Дополнительная комплектация Вдобавок для большего комфорта Barsky StandUp black был оснащен металлическим подстаканником, который не занимает место на столешнице. Благодаря этому вы всегда можете наслаждаться любимым напитком, без страха опрокинуть чашку на аппаратуру или важные бумаги. Помимо этого под столешницей есть металлический крючок для сумки или гарнитуры. Одним словом, удобно. Регулировка высоты Как вы уже поняли, регулировка высоты - основное преимущество Barsky StandUp black. Регулируется именно высота столешницы стола. Это осуществляется благодаря панели управления и мотору, расположенному в царе под столешницей. Панель управления высоты находится с правой стороны столешницы. Она характеризуется следующими режимами регулирования: 1. Копка &quot;S&quot; запоминает высоту удобного для вас верхнего и нижнего положения 2. Копка положения &quot;сидя&quot; опускает столешницу на предварительно настроенную высоту. 3. Копка положения &quot;стоя&quot; поднимает столешницу на предварительно настроенную высоту. 4. Индикатор уровня высоты показывает уровень высоты столешницы в см или мм. 5. Кнопки управления &quot;вверх-вниз&quot; позволяют вручную изменять высоту столешницы. Диапазон регулировки колеблется от 72-120 см, что позволяет пользоваться данным столом людям разного роста. Поднимается стол плавно и почти бесшумно. Шум от опускания/поднятия составляет менее 55 дБ, что является допустимым уровнем шума, который не наносит вред здоровью даже при длительном воздействии. Можете спокойно пользоваться функцией регулировки высоты во время важных офлайн или онлайн переговоров, если захотите изменить ваше рабочее положение. Звук от работы двигателя не будет мешать беседе. Скорость поднятия столешницы составляет 2,5 см/c Почему столы с регулировкой высоты сейчас актуальны Столы с регулировкой высоты с каждым днем ​​набирают широкую популярность. Потребность в данном решении вызвана современным образом жизни, который заставляет многих работать в сидячем положении более 6 часов в день. Это приводит к боли в шее, спине, пояснице и в целом к ​​проблемам с опорно-двигательной системой. Что же дают регулируемые столы? 1. Свободу выбора и никаких ограничений. Хотите работать, учиться или играть сидя? Сидите. Хотите стоя? Стойте. Больше не нужно проводить время по своим занятиям, оцепенев в одной позе на несколько часов. 2. Польза для здоровья. Работать стоя очень полезно для нашей опорно-двигательной системы и общего физического и психологического состояния. Таким образом мы разгружаем наш позвоночник и предотвращаем развитие остеохондроза. 3. Универсальность. В вашей семье или компании столом с регулировкой высоты могут пользоваться несколько человек с разным ростом. Это очень удобно, ведь любой пользователь сможет настроить себе нужную высоту и занять оптимальное положение в кресле относительно стола. 4. Автоматизация. В наших столах с регулировкой высоты предусмотрен таймер на панели управления стола с функцией запоминания разных положений высоты. Потребуется для нескольких пользователей одного стола. Учитывая эти преимущества, по нашему мнению, регулируемый стол должен быть в каждом доме и офисе. Именно поэтому осенью 2022 года мы выпустили новую линейку регулируемых столов под названием StandUp, к которой и принадлежит стол Barsky StandUp black. Заказывайте регулируемый стол Barsky StandUp black и работайте, учитесь, играйте с удовольствием и пользой! ]]>
</description>
<param name="Предназначение">Для офиса</param>
<param name="Стиль">классический</param>
<param name="Особенности">регулируемые по высоте</param>
<param name="Тип">компьютерные</param>
<param name="Вид">эргономичные</param>
<param name="Размер">маленькие</param>
<param name="Форма">прямоугольные</param>
<param name="Для скольких человек">для 1-го</param>
<param name="Материал столешницы">ДСП</param>
<param name="Материал корпуса">металл</param>
<param name="Материал ножек">металл</param>
<param name="Цвет">черный</param>
<param name="Глубина">600</param>
<param name="Ширина">1200</param>
<param name="Высота">710-1210 мм</param>
<param name="Гарантия">5 лет</param>
<param name="Дополнительные характеристики">Регулируемый офисный стол BST-01, полностью черный, столешница ДСП 1200x600x18 мм, разделена на 2 части, один двигатель, 2 сегмента колонн, квадратная перевернутая колонна 60*60 мм, диапазон высоты 720-1180 мм, длина хода 410 мм. 240 В, макс. грузоподъемность 70 кг, скорость 20 мм с, Светодиодный дисплей + 3 запоминающихся позиции + 1 порт USB Type-A + 1 порт USB Type-C, 2 телефонных крючка + 1 кабельное управление + 1 подстаканник (подстаканник) + радужный свет RGB в пластиковых деталях с обеих сторон края столешницы - все эти аксессуары вместе упакованы в коробку этого стола</param>
</offer>
<offer id="354" available="true">
<name>Кресло геймерское Barsky Game Mesh Black GM-01</name>
<model>GM-01</model>
<url>
<![CDATA[ https://barsky.ua/kreslo_geymerskoe_%20barsky_game_mesh_black_gm-01/ ]]>
</url>
<price>29870</price>
<currencyId>UAH</currencyId>
<categoryId>2</categoryId>
<picture>https://barsky.ua/image/catalog/kresla/GM-01/9.jpg</picture>
<picture>https://barsky.ua/image/catalog/kresla/GM-01/0271-Edit.jpg</picture>
<picture>https://barsky.ua/image/catalog/kresla/GM-01/0274-Edit.jpg</picture>
<picture>https://barsky.ua/image/catalog/kresla/GM-01/0267-Edit.jpg</picture>
<picture>https://barsky.ua/image/catalog/kresla/GM-01/0269-Edit.jpg</picture>
<picture>https://barsky.ua/image/catalog/kresla/GM-01/0265-Edit.jpg</picture>
<picture>https://barsky.ua/image/catalog/kresla/GM-01/0261-Edit.jpg</picture>
<picture>https://barsky.ua/image/catalog/kresla/GM-01/0260-Edit.jpg</picture>
<picture>https://barsky.ua/image/catalog/kresla/GM-01/0257-Edit.jpg</picture>
<picture>https://barsky.ua/image/catalog/kresla/GM-01/0252-Edit.jpg</picture>
<picture>https://barsky.ua/image/catalog/kresla/GM-01/0258-Edit.jpg</picture>
<picture>https://barsky.ua/image/catalog/kresla/GM-01/0266-Edit.jpg</picture>
<picture>https://barsky.ua/image/catalog/kresla/GM-01/0275-Edit.jpg</picture>
<picture>https://barsky.ua/image/catalog/kresla/GM-01/4.jpg</picture>
<picture>https://barsky.ua/image/catalog/kresla/GM-01/0282-Edit.jpg</picture>
<picture>https://barsky.ua/image/catalog/kresla/GM-01/3.jpg</picture>
<picture>https://barsky.ua/image/catalog/kresla/GM-01/2 (1).jpg</picture>
<picture>https://barsky.ua/image/catalog/kresla/GM-01/1 (2).jpg</picture>
<picture>https://barsky.ua/image/catalog/kresla/GM-01/0281-Edit.jpg</picture>
<picture>https://barsky.ua/image/catalog/kresla/GM-01/5.jpg</picture>
<picture>https://barsky.ua/image/catalog/kresla/GM-01/6.jpg</picture>
<picture>https://barsky.ua/image/catalog/kresla/GM-01/7.jpg</picture>
<vendor>Barsky</vendor>
<stock_quantity>20</stock_quantity>
<description>
<![CDATA[ Barsky Game Mesh Black GM-01 - це не просто геймерське крісло, а витвір сучасної інженерної майстерності, який об&#39;єднує в собі комфорт, стиль та надійність. Його відмінні характеристики роблять його неперевершеним вибором для будь-якого гравця. Геймерське крісло Barsky Game Mesh Black GM-01 має сучасний дизайн, який відображає найновіші тенденції у світі геймінгу. Його класичний та водночас модний світло-сірий колір надає йому естетичної привабливості й дозволяє гармонійно вписуватися в будь-який інтер&#39;єр. Однією з найбільших переваг цього геймерського крісла є його преміальна нейлонова сітка, що забезпечує високу стійкість до розтягувань, корозії, високих температур та ультрафіолету. Це дозволяє гравцеві грати в кріслі годинами, не відчуваючи дискомфорту. Додатково, матеріал має відмінну повітропроникність, що забезпечує оптимальну вентиляцію та свіжість під час гри. Barsky Game Mesh Black GM-01 має міцні та надійні ніжки з високоміцного алюмінієвого сплаву, що пройшли випробування статичним тиском 1136 кг. Газліфт виготовлений зі сталі, забезпечуючи додаткову надійність та довговічність крісла. Нековзні та безшумні поліуретанові колеса не залишають слідів та подряпин на підлозі, що дозволяє зручно переміщатися навколо кімнати без шуму та різних пошкоджень. Крісло також оснащене сталевими підлокітниками з гальванічним покриттям та зручними поліуретановими накладками. Крім надійної конструкції та естетичного дизайну, геймерське крісло Barsky Game Mesh Black GM-01 має ще кілька корисних функцій, які зроблять ваші віртуальні пригоди ще більш комфортними та продуктивними: &bull; Регульовані 4D підлокітники з можливістю регулювання висоти, повороту та вильоту для ергономічної підтримки рук під час гри &bull; Підголівник, у якому можна налаштувати необхідну висоту та оптимальний кут нахилу, щоб зменшити напругу у шиї та плечовій зоні під час запеклих ігрових баталій. &bull; Регульована за висотою спинка, окреме регулювання висоти самого крісла та глибини сидіння, а також налаштування поперекової підтримки-забезпечують ідеальне положення для вашого тіла, щоб завжди тримати свій фокус лише на грі. &bull; Синхромеханізм, який дозволяє гойдатися та фіксуватися у будь-якому положенні на ваш розсуд-бо змагання часом можуть бути напруженими, а отримати трохи релаксу завжди корисно. &bull; Підставка для ніг, яка дає можливість перепочити між ігровими сесіями, не встаючи з крісла. Отже, Barsky Game Mesh Black GM-01 - це не просто геймерське крісло, а справжній інструмент для гравців, які бажають забезпечити собі найкращі умови для довготривалого геймінгу. Завдяки високоякісним матеріалам, стильному дизайну та функціональності, це крісло стане чудовим доповненням до будь-якого геймерського простору та забезпечить вам максимальний комфорт і задоволення від ігор. ]]>
</description>
<param name="Стиль">Современный</param>
<param name="Особенности">Эргономические</param>
<param name="Класс кресел">Дорогие</param>
<param name="Тип">Геймерские</param>
<param name="Обивка">Сетка</param>
<param name="Уровень жесткости">Средний</param>
<param name="Основание">На колесах</param>
<param name="Крестовина">Хром</param>
<param name="Каркас">Метелл, Пластик</param>
<param name="Механизм качания">С механизмом качания и фиксацией</param>
<param name="Механизмы">Синхромеханизм</param>
<param name="Максимальный рост">210 см</param>
<param name="Сидение">С регулировкой глубины сидения</param>
<param name="Спинка">С регулировкой спинки по высоте</param>
<param name="Подлокотники">4D</param>
<param name="Материал подлокотников">Мягкие накладки</param>
<param name="Подголовник">С регулируемым по высоте и наклону</param>
<param name="Ролики">Силиконовые</param>
<param name="Цвет">Черный</param>
<param name="Дополнительные характеристики">Ортопедическое сиденье и спинка Поясничная подушка регулируется по глубине и высоте. Регулировка высоты подголовника 5 уровней Регулировка высоты спинки 5 ступеней Регулировка подлокотников по высоте, глубине, поверхность подлокотников регулируется вперед назад вправо и влево</param>
</offer>
<offer id="355" available="false">
<name>Кресло Barsky Soft Leather MultiBlock Сhrom Soft-05</name>
<model>Soft-05</model>
<url>
<![CDATA[ https://barsky.ua/kreslo_barsky_soft_leather_multiblock_chrom_soft-05/ ]]>
</url>
<price>8500</price>
<currencyId>UAH</currencyId>
<categoryId>2</categoryId>
<picture>https://barsky.ua/image/catalog/kresla/Soft-05/1 (3).jpg</picture>
<picture>https://barsky.ua/image/catalog/kresla/Soft-05/0290-Edit.jpg</picture>
<picture>https://barsky.ua/image/catalog/kresla/Soft-05/0289-Edit.jpg</picture>
<picture>https://barsky.ua/image/catalog/kresla/Soft-05/2 (2).jpg</picture>
<picture>https://barsky.ua/image/catalog/kresla/Soft-05/0304-Edit.jpg</picture>
<picture>https://barsky.ua/image/catalog/kresla/Soft-05/0288-Edit.jpg</picture>
<picture>https://barsky.ua/image/catalog/kresla/Soft-05/3 (1).jpg</picture>
<picture>https://barsky.ua/image/catalog/kresla/Soft-05/4 (1).jpg</picture>
<picture>https://barsky.ua/image/catalog/kresla/Soft-05/5 (1).jpg</picture>
<picture>https://barsky.ua/image/catalog/kresla/Soft-05/6 (1).jpg</picture>
<picture>https://barsky.ua/image/catalog/kresla/Soft-05/7 (1).jpg</picture>
<picture>https://barsky.ua/image/catalog/kresla/Soft-05/8.jpg</picture>
<picture>https://barsky.ua/image/catalog/kresla/Soft-05/0287-Edit.jpg</picture>
<picture>https://barsky.ua/image/catalog/kresla/Soft-05/0286-Edit.jpg</picture>
<picture>https://barsky.ua/image/catalog/kresla/Soft-05/0285-Edit.jpg</picture>
<picture>https://barsky.ua/image/catalog/kresla/Soft-05/0284-Edit.jpg</picture>
<picture>https://barsky.ua/image/catalog/kresla/Soft-05/8.jpg</picture>
<vendor>Barsky</vendor>
<stock_quantity>0</stock_quantity>
<description>
<![CDATA[ Описание кожаного кресла Barsky Soft Leather MultiBlock Сhrom Soft-05: Мягкое кресло в сдержаном дизайне. Обивка черного цвета из кожи split. Такая обивка сохраняет все качества натуральной кожи, но позволяет сэкономить. За ней легко ухаживать, не парит, приятная на ощупь. Сама модель кресла подойдет как для отдыха, так и для работы. Можно использовать дома или для офиса. Подробнее о модели: крестовина металлическая с маневренными прорезиненными колесами, механизм MultiBlock , газлифт 2 класса, подлокотники нерегулируемые хромированные, с мягкими накладками, прогиб в зоне поясницы, оказывает мягкую поддержку, наполнитель не продавливается со временем. натулальная кожа split ]]>
</description>
<param name="Предназначение">для руководителей</param>
<param name="Механизмы">MultiBlock</param>
<param name="Спинка">с откидной спинкой</param>
<param name="Материал подлокотников">мягкие накладки</param>
<param name="Цвет">Черный</param>
<param name="Гарантия">5 лет</param>
</offer>
</offers>
</shop>
</yml_catalog>
