<yml_catalog date="2024-01-16 16:00:02">
  <shop>
    <name>"Інтернет магазин "NONE-shop"</name>
    <company>"Інтернет магазин "NONE-shop"</company>
    <currencies>
      <currency id="UAH" rate="1" />
    </currencies>
    <categories>
      <category id="C320580" rz_id="80004">Ноутбуки</category>
      <category id="C398790" rz_id="80027">Навушники</category>
      <category id="C337965" rz_id="80003">Мобільні телефони</category>
      <category id="C358772" rz_id="80012">Проектори</category>
      <category id="C441077" rz_id="130309">Планшети</category>
      <category id="C993701" rz_id="80084">Жесткие диски и дисковые массивы</category>
      <category id="C977324" rz_id="180768">Блоки питания для ноутбуков</category>
      <category id="C875791" rz_id="80171">Клавіатури</category>
      <category id="C356248" rz_id="3700571">Басейни</category>
      <category id="C688483" rz_id="100389">Дитячі коляски</category>
      <category id="C936520" rz_id="103306">Підгузки</category>
      <category id="C539742" rz_id="2336802">Корсеты, бюстье</category>
      <category id="C689879" rz_id="4265805">Детские игрушки</category>
      <category id="C340103" rz_id="97422">Радиоуправляемые игрушки</category>
      <category id="C324712" rz_id="99392">Куклы</category>
      <category id="C820722" rz_id="267134">Детская посуда</category>
      <category id="C164982" rz_id="86168">Човни</category>
      <category id="C664768" rz_id="266303">Пустышки</category>
      <category id="C637858" rz_id="267223">Молокоотсосы</category>
      <category id="C309661" rz_id="801455">Тостеры</category>
      <category id="C079660" rz_id="80224">Варочные поверхности газовые</category>
      <category id="C827025" rz_id="80122">Плиты</category>
      <category id="C045253" rz_id="80162">Микроволновые печи</category>
      <category id="C786041" rz_id="80160">Электрочайники</category>
      <category id="C134143" rz_id="80161">Утюги и гладильные системы</category>
      <category id="C655957" rz_id="112986">Мультиварки</category>
      <category id="C379636" rz_id="80163">Кухонные комбайны</category>
      <category id="C406240" rz_id="80130">Увлажнители воздуха</category>
      <category id="C634709" rz_id="4668859">Торцовочные пилы</category>
      <category id="C414643" rz_id="4659470">Прожекторы</category>
      <category id="C744129" rz_id="203488">Перфораторы</category>
      <category id="C657081" rz_id="80124">Стиральные машины</category>
      <category id="C462867" rz_id="80164">Кофемашины</category>
      <category id="C751100" rz_id="83687">Детские автокресла</category>
      <category id="C973647" rz_id="154006">Бескаркасная мебель</category>
      <category id="C068397" rz_id="4628236">Торговая мебель</category>
      <category id="C898704" rz_id="1712507">Подушки для кормления</category>
      <category id="C208521" rz_id="4628793">Ночники</category>
      <category id="C528803" rz_id="91458">Настольные часы</category>
      <category id="C203608" rz_id="4627638">Термосы и термокружки</category>
      <category id="C879251" rz_id="4626829">Банки и ёмкости</category>
      <category id="C439421" rz_id="3538219">Все для пляжа</category>
      <category id="C127145" rz_id="4674235">Детские качели и качалки</category>
      <category id="C742817" rz_id="4625403">Шезлонги</category>
      <category id="C406240" rz_id="80130">Увлажнители воздуха</category>
      <category id="C532222" rz_id="80192">Обогреватели</category>
      <category id="C210429" rz_id="80155">Блендеры</category>
      <category id="C795501" rz_id="80157">Пароварки</category>
      <category id="C286998" rz_id="4656458">Подушки в авто</category>
      <category id="C301210" rz_id="4665103">Пикник, кемпинг, пляж</category>
      <category id="C387286" rz_id="90423">Дорожные сумки и чемоданы</category>
      <category id="C303348" rz_id="82531">Спальные мешки</category>
      <category id="C405326" rz_id="753739">Настольные игры</category>
      <category id="C249707" rz_id="4634457">Копилки</category>
      <category id="C104039" rz_id="4644208">Каркасы для цветов</category>
      <category id="C508474" rz_id="4664047">Настольные наборы</category>
      <category id="C107681" rz_id="269513">Велоаксессуары</category>
      <category id="C229715" rz_id="4665079">Для фитнеса</category>
      <category id="C040416" rz_id="294491">Дартс</category>
      <category id="C454722" rz_id="4631742">Ролики</category>
      <category id="C794012" rz_id="4668751">Картины по номерам</category>
      <category id="C650260" rz_id="4657340">Гироборды</category>
      <category id="C539742" rz_id="2371622">Белье для беременных и мам</category>
      <category id="C388840" rz_id="4668193">Одежда для купания для девочек</category>
      <category id="C888991" rz_id="4668235">Плавки и пляжная одежда для мальчиков</category>
      <category id="C313183" rz_id="4625210">Детские зонты</category>
      <category id="C220057" rz_id="189504">Карнавальные костюмы</category>
      <category id="C915927" rz_id="189504">Карнавальные костюмы</category>
      <category id="C949249" rz_id="2776042">Ингаляторы</category>
      <category id="C102183" rz_id="4664005">Термометры</category>
      <category id="C382191" rz_id="4663867">Мягкие игрушки</category>
      <category id="C327794" rz_id="99253">Игровые фигурки</category>
      <category id="C324712" rz_id="4663849">Куклы, пупсы, аксессуары</category>
      <category id="C231646" rz_id="102829">Аксессуары для кукол и пупсов</category>
      <category id="C366545" rz_id="4674208">Детские надувные батуты и надувные центры</category>
      <category id="C068679" rz_id="4625222">Для купания</category>
      <category id="C110133" rz_id="4674220">Детские игровые домики</category>
      <category id="C695189" rz_id="98159">Интерактивные игрушки</category>
      <category id="C517405" rz_id="102848">Пазлы</category>
      <category id="C028895" rz_id="89847">Телескопы</category>
      <category id="C689879" rz_id="4035302">Игрушки для малышей, развитие, развлечения</category>
      <category id="C246263" rz_id="100812">Машинки, модели техники и оружие</category>
      <category id="C704308" rz_id="102308">Автомобильные треки</category>
      <category id="C312875" rz_id="104013">Игрушечное оружие</category>
      <category id="C340103" rz_id="97422">Радиоуправляемые игрушки</category>
      <category id="C474944" rz_id="99364">Железная дорога и аксессуары</category>
      <category id="C360652" rz_id="103338">Коллекционные модельки</category>
      <category id="C362351" rz_id="4672833">Аксессуары для радиоуправляемых моделей</category>
      <category id="C240611" rz_id="102876">Детские музыкальные инструменты</category>
      <category id="C724318" rz_id="103637">Наборы для творчества</category>
      <category id="C436985" rz_id="4632117">Рисование</category>
      <category id="C579889" rz_id="4632166">Лепка</category>
      <category id="C634558" rz_id="81202">Активный отдых, туризм и хобби</category>
      <category id="C799925" rz_id="4645568">Доски для рисования</category>
      <category id="C962218" rz_id="101909">Детские кроватки</category>
      <category id="C855455" rz_id="4663777">Детские кроватки, манежи</category>
      <category id="C245006" rz_id="102300">Мобили</category>
      <category id="C261354" rz_id="4633617">Ящики для игрушек</category>
      <category id="C308385" rz_id="4627575">Диваны</category>
      <category id="C717648" rz_id="146154">Радионяни</category>
      <category id="C468215" rz_id="4671541">Столы</category>
      <category id="C747276" rz_id="102573">Детская комната</category>
      <category id="C820722" rz_id="266332">Бутылочки</category>
      <category id="C898456" rz_id="266332">Бутылочки</category>
      <category id="C676677" rz_id="100077">Стульчики для кормления</category>
      <category id="C921591" rz_id="3973646">Подгузники и пеленание</category>
      <category id="C461354" rz_id="197325">Детские ванночки и аксессуары</category>
      <category id="C122711" rz_id="4663687">Детские горшки, сиденья</category>
      <category id="C036594" rz_id="4663891">Соски, пустышки</category>
      <category id="C305073" rz_id="4674142">Игровые коврики</category>
      <category id="C557573" rz_id="4674235">Детские качели и качалки</category>
      <category id="C312999" rz_id="268764">Детские весы</category>
      <category id="C908242" rz_id="212775">Слинги, рюкзаки, переноски</category>
      <category id="C890966" rz_id="4630405">Стерилизаторы и подогреватели</category>
      <category id="C129432" rz_id="104132">Детские велосипеды</category>
      <category id="C259607" rz_id="104034">Чудомобили, ходунки, качалки_old</category>
      <category id="C080259" rz_id="139406">Детские самокаты</category>
      <category id="C016129" rz_id="4674199">Толокары и чудомобили</category>
      <category id="C673969" rz_id="4674507">Одеяла для детской кроватки</category>
      <category id="C232990" rz_id="4674480">Постельное белье для детской кроватки</category>
      <category id="C994410" rz_id="4674492">Матрасы для младенцев</category>
      <category id="C558110" rz_id="4664179">Цветная бумага и картон</category>
      <category id="C052436" rz_id="4664221">Глобусы, карты</category>
      <category id="C950943" rz_id="2460407">Письменные принадлежности</category>
      <category id="C666223" rz_id="2514882">Бумага офисная</category>
      <category id="C018421" rz_id="97420">Детские конструкторы</category>
      <category id="C240640" rz_id="99674">Игровые наборы</category>
      <category id="C891610" rz_id="4668757">Динамики</category>
      <category id="C962229">Телескопи</category>
      <category id="C867391">Холодильники</category>
      <category id="C719273">Кухонні витяжки</category>
      <category id="C899982" rz_id="4635727">Жіночі куртки</category>
      <category id="C706806" rz_id="4635225">Жіночі тренчі</category>
      <category id="C894271" rz_id="2336792">Бюстгальтери</category>
      <category id="C555688" rz_id="2641167">Купальники</category>
      <category id="C970266" rz_id="2336822">Жіночі труси</category>
      <category id="C396234" rz_id="4637663">Джинси жіночі</category>
      <category id="C451549" rz_id="4637255">Жіночі топи</category>
      <category id="C990328" rz_id="4635743">Чоловічі куртки</category>
      <category id="C766645" rz_id="4635375">Чоловічі теплі жилети</category>
      <category id="C431221" rz_id="4637959">Чоловічі худі</category>
      <category id="C838444" rz_id="4637799">Чоловічі джинси</category>
      <category id="C853684" rz_id="4637975">Чоловічі світшоти</category>
      <category id="C674187" rz_id="4633657">Кросівки для хлопчиків</category>
      <category id="C011020" rz_id="4633721">Кеди для хлопчиків</category>
      <category id="C618983" rz_id="4633689">Черевики для хлопчиків</category>
      <category id="C184986" rz_id="4634017">Мокасини і туфлі для хлопчиків</category>
      <category id="C282199" rz_id="4633753">Босоніжки і сандалі для хлопчиків</category>
      <category id="C445141" rz_id="4634001">Крокси і шльопанці для хлопчиків</category>
      <category id="C599406" rz_id="4633801">Гумові чоботи для хлопчиків</category>
      <category id="C388755" rz_id="4633881">Тапочки для хлопчиків</category>
      <category id="C346123" rz_id="4673911">Шапки</category>
      <category id="C644049" rz_id="80089">Монітори</category>
      <category id="C644049" rz_id="80250">Тепловентилятори</category>
      <category id="C806651" rz_id="80159">Швейні машинки</category>
      <category id="C862894" rz_id="305219">Чохли для планшетів</category>
      <category id="C665300" rz_id="81232">Ваги підлогові</category>
    </categories>
    <offers>
      <offer id="01293" available="true">
        <stock_quantity>1</stock_quantity>
        <price>1348.00</price>
        <currencyid>UAH</currencyid>
        <categoryid>C682892</categoryid>
        <picture>https://cdn.synthetic.com.ua/media/assets/images/8/2/3/e/a/4/2/c/e/c/d/7/4/9/e/4/full/823ea42cecd749e4aa95a28d02d4d3e1.png</picture>
        <picture>https://cdn.synthetic.com.ua/media/assets/images/f/a/8/b/f/5/9/a/5/3/2/9/4/3/b/a/full/fa8bf59a532943baacd9a862c7134327.webp</picture>
        <picture>https://cdn.synthetic.com.ua/media/assets/images/4/6/2/9/e/6/4/b/a/9/9/c/4/0/7/1/full/4629e64ba99c4071a5ed8e51128246d0.webp</picture>
        <picture>https://cdn.synthetic.com.ua/media/assets/images/1/f/6/f/8/3/c/4/7/4/7/5/4/e/5/6/full/1f6f83c474754e5689ca85ead750b5a3.webp</picture>
        <picture>https://cdn.synthetic.com.ua/media/assets/images/4/3/a/3/1/0/7/6/e/0/5/e/4/a/9/c/full/43a31076e05e4a9c9ba42416add6de65.webp</picture>
        <picture>https://cdn.synthetic.com.ua/media/assets/images/1/a/a/2/a/a/2/c/a/0/2/f/4/0/a/4/full/1aa2aa2ca02f40a498645a98f85d2fa3.webp</picture>
        <picture>https://cdn.synthetic.com.ua/media/assets/images/1/1/c/b/d/e/f/a/9/0/3/5/4/3/2/d/full/11cbdefa9035432da2fc7b053e74ccd8.webp</picture>
        <vendor>Jelly Comb</vendor>
        <description> Раскладка клавиатуры - латинская.&lt;br /&gt; &lt;br/&gt;&lt;p&gt;Чехол-клавиатура для iPad 10.5" 2th gen: специально разработан для нового iPad 10.5" 2th gen (не совместим с iPad pro 12.9 1-го и 2-го поколения). Этот чехол-клавиатура для Ipad 10.5" 2th gen будет идеально защищать Ваш планшет и превратит его в компактный ноутбук благодаря выдвижной подставке.&lt;/p&gt;&lt;p&gt;&lt;strong&gt;Клавиатура с сенсорной панелью&lt;/strong&gt;&lt;/p&gt;&lt;p&gt;Этот чехол-клавиатура для iPad 10.5" 2th gen имеет трекпад, вы можете использовать его сразу с несколькими жестами. Защитный чехол с подставкой для iPad 10.5" 2th gen, клавиатура с сенсорной панелью позволяет использовать планшет в качестве ноутбука в любое время. &lt;/p&gt;&lt;p&gt;&lt;strong&gt;Съемная и тихая клавиатура&lt;/strong&gt;&lt;/p&gt;&lt;p&gt;Механизм клавиатуры "клавиша-ножницы" и Bluetooth 5.0 обеспечивают тихий, плавный и чувствительный ввод данных (дальность подключения до 10 м). Эта Bluetooth-клавиатура магнитно прикреплена к защитному чехлу и может быть удалена или размещена напрямую при необходимости. &lt;/p&gt;&lt;p&gt;&lt;strong&gt;7-цветная подсветка&lt;/strong&gt;&lt;/p&gt;&lt;p&gt;Эта клавиатура с подсветкой для iPad 10.5" 2th gen имеет переключаемую 7-цветную подсветку и 3 уровня яркости, что делает набор текста более приятным. Вы также можете легко настроить яркость подсветки. Чехол для клавиатуры также имеет держатель для стилуса Apple и не мешает магнитному креплению и функции беспроводной зарядки. &lt;/p&gt;&lt;p&gt;&lt;strong&gt;Аккумуляторная клавиатура&lt;/strong&gt;&lt;/p&gt;&lt;p&gt;Чехол-клавиатура для iPad 10.5" 2th gen имеет встроенную перезаряжаемую батарею емкостью 650 мАч и может работать 22 часа без подсветки или 6 часов с включенной подсветкой. В режиме ожидания до 800 часов.&lt;/p&gt; </description>
        <description_ua> Розкладка клавіатури – латинська.&lt;br /&gt; &lt;br/&gt;&lt;p&gt;Чохол-клавіатура для iPad 10.5" 2th gen: спеціально розроблений для нового iPad 10.5" 2th gen (не сумісний із ipad pro 12.9 1-го та 2-го покоління). Цей чохол-клавіатура для iPad 10.5" 2th gen буде ідеально захищати Ваш планшет і перетворити його на компактний ноутбук завдяки висувній підставці.&lt;/p&gt;&lt;p&gt;&lt;strong&gt;Клавіатура із сенсорною панеллю&lt;/strong&gt;&lt;/p&gt;&lt;p&gt;Цей чохол-клавіатура для iPad 10.5" 2th gen має трекпад, ви можете використовувати його відразу з кількома жестами.&lt;/p&gt;&lt;p&gt;&lt;strong&gt;Знімна та тиха клавіатура&lt;/strong&gt;&lt;/p&gt;&lt;p&gt;Механізм клавіатури "клавіша-ножиці" та Bluetooth 5.0 забезпечують тихе, плавне та чутливе введення даних (дальність підключення до 10 м). Ця клавіатура Bluetooth магнітно прикріплена до захисного чохла і може бути видалена або розміщена окремо за потреби.&lt;/p&gt;&lt;p&gt;&lt;strong&gt;7-кольорове підсвічування&lt;/strong&gt;&lt;/p&gt;&lt;p&gt;Ця клавіатура з підсвічуванням для iPad 10.5" 2th gen має налаштовуване 7-колірне підсвічування і 3 рівні яскравості, що робить набір тексту більш приємним. Ви також можете легко налаштувати яскравість підсвічування. функції бездротової зарядки&lt;/p&gt;&lt;p&gt;&lt;strong&gt;Акумуляторна клавіатура&lt;/strong&gt;&lt;/p&gt;&lt;p&gt;Чохол-клавіатура для iPad 10.5" 2th gen має вбудовану батарею, що перезаряджається, ємністю 650 мАг і може працювати 22 години без підсвічування або 6 годин з увімкненим підсвічуванням. В режимі очікування до 800 годин.&lt;/p&gt; </description_ua>
        <name>Клавиатура-чехол Jelly Comb Wireless 7 цветов подсветки для iPad 10.5" 2th gen Black</name>
        <name_ua>Клавіатура-чохол Jelly Comb Wireless 7 кольорів підсвічування для iPad 10.5" 2th gen Black</name_ua>
        <param name="Призначення">Для планшета</param>
        <param name="Тип підключення">Бездротове</param>
        <param name="Інтерфейси і підключення">Bluetooth, microUSB</param>
        <param name="Розкладка клавіатури">AZERTY</param>
        <param name="Формат клавіатури">Ультракомпактна</param>
        <param name="Особливості">Вбудована сенсорна панель</param>
        <param name="Тип джерела живлення">Акумулятор</param>
        <param name="Функції та можливості">Підсвічування клавіш, Вбудований акумулятор, З тачпадом</param>
        <param name="Колір товару" paramid="21737" valueid="6769">Чорний</param>
        <param name="Бренд">Jelly Comb</param>
        <param name="Гарантія">3 місяців</param>
        <price_old>1999</price_old>
      </offer>
      <offer id="01920" available="true">
        <stock_quantity>2</stock_quantity>
        <price>12255.97</price>
        <currencyid>UAH</currencyid>
        <categoryid>C320580</categoryid>
        <picture>https://cdn.synthetic.com.ua/media/assets/images/8/9/8/8/a/5/6/f/c/6/4/e/4/7/3/4/full/8988a56fc64e473482a8731baa3ddb31.webp</picture>
        <picture>https://cdn.synthetic.com.ua/media/assets/images/3/2/b/a/7/a/2/9/c/5/2/1/4/5/6/1/full/32ba7a29c5214561a1e4991d82b3c537.webp</picture>
        <picture>https://cdn.synthetic.com.ua/media/assets/images/d/e/1/9/d/2/e/2/b/1/d/3/4/3/0/1/full/de19d2e2b1d3430183e67bcd18ef4467.webp</picture>
        <picture>https://cdn.synthetic.com.ua/media/assets/images/a/b/0/4/2/6/e/5/d/1/5/8/4/b/5/7/full/ab0426e5d1584b57bb800ba1423b3eaf.webp</picture>
        <picture>https://cdn.synthetic.com.ua/media/assets/images/e/8/5/0/1/8/4/6/2/6/c/5/4/6/3/a/full/e850184626c5463a8817726e73eb1c83.webp</picture>
        <picture>https://cdn.synthetic.com.ua/media/assets/images/2/7/b/6/3/c/0/4/2/c/4/8/4/f/a/8/full/27b63c042c484fa8ac65c929f5eb2135.webp</picture>
        <vendor>Chuwi</vendor>
        <description> &lt;p&gt;Экран 14" IPS (2160х1440) 2K / Intel Celeron N5100 1.1 - 2.8 ГГц (4/4 ядра) / RAM 8 ГБ DDR4 / SSD 256 ГБ / Intel UHD Graphics / Wi-Fi / Bluetooth / Веб-камера / Встроенный микрофон / Стереодинамики / Картридер / Тонкий корпус / Подсветка клавиш / Windows 10 / 1.5 кг&lt;/p&gt;&lt;p&gt;&lt;br&gt;&lt;/p&gt;&lt;youtube id="zO8af-hapRY" /&gt;&lt;p&gt;&lt;br&gt;&lt;/p&gt;&lt;p&gt;&lt;strong&gt;Chuwi GemiBook Pro&lt;/strong&gt; - это компактный 14-дюймовый ноутбук обеспечивает хорошую производительность и комфортную работу откуда угодно. Он оснащен красочным экраном с разрешением 2K, благодаря которому вы будете четко видеть текст и наслаждаться всем, что делаете. А также эффективным процессором и запасом оперативной памяти, которого более чем достаточно для любых повседневных дел. И все это дополнено изящным современным дизайном и высокой выносливостью за счет прочного металлического корпуса, что делает GemiBook Pro отличным спутником на каждый день.&lt;/p&gt;&lt;p&gt;&lt;strong&gt;Экран с 2К разрешением&lt;/strong&gt;&lt;/p&gt;&lt;p&gt;Благодаря качественной IPS панели с разрешением 2K GemiBook Pro станет прекрасным выбором для тех пользователей, кому нужен легкий и тонкий ноутбук с большим, красивым дисплеем. Высокое разрешение и соотношение сторон 3:2 делают этот 14-дюймовый экран подходящим для работы, учебы и многого другого. Он не только предлагает очень детальное изображение, но и отличается расширенным вертикальным пространством, за счет чего может отображать больше контента. А потому отлично подойдет для работы с электронными таблицами и презентациями, просмотра видео и прочих повседневных задач.&lt;/p&gt;&lt;p&gt;&lt;strong&gt;Новый процессор, новый уровень производительности&lt;/strong&gt;&lt;/p&gt;&lt;p&gt;Оснащенный новым процессором &lt;strong&gt;Intel Celeron N5100&lt;/strong&gt;, разгоняющимся до &lt;strong&gt;2,8 ГГц&lt;/strong&gt;, этот ультрабук станет универсальным решением для офисной работы или учебы. Его четыре ядра дают чипу преимущество в многозадачных процессах по сравнению с быстрыми двухъядерными процессорами, а также позволяют использовать самые разные программы, включая стандартные офисные пакеты, браузер, различные медиапроигрыватели и т.п. А встроенный графический процессор UHD 600 способствует плавному декодированию видео вплоть до &lt;strong&gt;4K&lt;/strong&gt; с высокой скоростью передачи данных. И все это дополняется предустановленной операционной системой Windows 10 , так что он готов к работе прямо из коробки.&lt;/p&gt;&lt;p&gt;&lt;strong&gt;Мощная батарея для лучшей мобильности&lt;/strong&gt;&lt;/p&gt;&lt;p&gt;В этом ноутбуке используется литий-ионный аккумулятор высокой емкости &lt;strong&gt;38 Втч&lt;/strong&gt;, а также отличное управление питанием на системном уровне. Поэтому время его автономного использования &lt;strong&gt;достигает 8 часов&lt;/strong&gt;, чего лэптопу хватает на целый рабочий день.&lt;/p&gt;&lt;p&gt;&lt;strong&gt;Быстрое беспроводное соединение&lt;/strong&gt;&lt;/p&gt;&lt;p&gt;В этой модели установлен модуль Wi-Fi (2.4G/5G 802.11 a/ac/b/g/n), который поддерживает беспроводную передачу данных на максимальной скорости 600 Мбит/c. Таким образом, даже когда вы находитесь вне офиса, передача файлов и командная работа будут по-прежнему эффективны.&lt;/p&gt;&lt;p&gt;&lt;strong&gt;Многофункциональный USB-C и набор интерфейсов&lt;/strong&gt;&lt;/p&gt;&lt;p&gt;Мобильная работа требует большей гибкости от устройства. Поэтому GemiBook Pro оснастили универсальным интерфейсом USB-C, который служит для быстрой передачи аудио, видео и данных. А также поддерживает быструю зарядку стандарта PD2.0, которая всего за один час может заполнить батарею на 60%. Помимо этого, у лэптопа есть и такие интерфейсы, как USB 3.0, разъем для наушников 3,5 мм, слот для Micro-SD карты и дополнительное место для M.2 SSD накопителя.&lt;/p&gt; </description>
        <description_ua> &lt;p&gt;Экран 14" IPS (2160х1440) 2K / Intel Celeron N5100 1.1 - 2.8 ГГц (4/4 ядра) / RAM 8 ГБ DDR4 / SSD 256 ГБ / Intel UHD Graphics / Wi-Fi / Bluetooth / Веб-камера / Встроенный микрофон / Стереодинамики / Картридер / Тонкий корпус / Подсветка клавиш / Windows 10 / 1.5 кг&lt;/p&gt;&lt;p&gt;&lt;br&gt;&lt;/p&gt;&lt;youtube id="zO8af-hapRY" /&gt;&lt;p&gt;&lt;br&gt;&lt;/p&gt;&lt;p&gt;&lt;strong&gt;Chuwi GemiBook Pro&lt;/strong&gt; - это компактный 14-дюймовый ноутбук обеспечивает хорошую производительность и комфортную работу откуда угодно. Он оснащен красочным экраном с разрешением 2K, благодаря которому вы будете четко видеть текст и наслаждаться всем, что делаете. А также эффективным процессором и запасом оперативной памяти, которого более чем достаточно для любых повседневных дел. И все это дополнено изящным современным дизайном и высокой выносливостью за счет прочного металлического корпуса, что делает GemiBook Pro отличным спутником на каждый день.&lt;/p&gt;&lt;p&gt;&lt;strong&gt;Экран с 2К разрешением&lt;/strong&gt;&lt;/p&gt;&lt;p&gt;Благодаря качественной IPS панели с разрешением 2K GemiBook Pro станет прекрасным выбором для тех пользователей, кому нужен легкий и тонкий ноутбук с большим, красивым дисплеем. Высокое разрешение и соотношение сторон 3:2 делают этот 14-дюймовый экран подходящим для работы, учебы и многого другого. Он не только предлагает очень детальное изображение, но и отличается расширенным вертикальным пространством, за счет чего может отображать больше контента. А потому отлично подойдет для работы с электронными таблицами и презентациями, просмотра видео и прочих повседневных задач.&lt;/p&gt;&lt;p&gt;&lt;strong&gt;Новый процессор, новый уровень производительности&lt;/strong&gt;&lt;/p&gt;&lt;p&gt;Оснащенный новым процессором &lt;strong&gt;Intel Celeron N5100&lt;/strong&gt;, разгоняющимся до &lt;strong&gt;2,8 ГГц&lt;/strong&gt;, этот ультрабук станет универсальным решением для офисной работы или учебы. Его четыре ядра дают чипу преимущество в многозадачных процессах по сравнению с быстрыми двухъядерными процессорами, а также позволяют использовать самые разные программы, включая стандартные офисные пакеты, браузер, различные медиапроигрыватели и т.п. А встроенный графический процессор UHD 600 способствует плавному декодированию видео вплоть до &lt;strong&gt;4K&lt;/strong&gt; с высокой скоростью передачи данных. И все это дополняется предустановленной операционной системой Windows 10 , так что он готов к работе прямо из коробки.&lt;/p&gt;&lt;p&gt;&lt;strong&gt;Мощная батарея для лучшей мобильности&lt;/strong&gt;&lt;/p&gt;&lt;p&gt;В этом ноутбуке используется литий-ионный аккумулятор высокой емкости &lt;strong&gt;38 Втч&lt;/strong&gt;, а также отличное управление питанием на системном уровне. Поэтому время его автономного использования &lt;strong&gt;достигает 8 часов&lt;/strong&gt;, чего лэптопу хватает на целый рабочий день.&lt;/p&gt;&lt;p&gt;&lt;strong&gt;Быстрое беспроводное соединение&lt;/strong&gt;&lt;/p&gt;&lt;p&gt;В этой модели установлен модуль Wi-Fi (2.4G/5G 802.11 a/ac/b/g/n), который поддерживает беспроводную передачу данных на максимальной скорости 600 Мбит/c. Таким образом, даже когда вы находитесь вне офиса, передача файлов и командная работа будут по-прежнему эффективны.&lt;/p&gt;&lt;p&gt;&lt;strong&gt;Многофункциональный USB-C и набор интерфейсов&lt;/strong&gt;&lt;/p&gt;&lt;p&gt;Мобильная работа требует большей гибкости от устройства. Поэтому GemiBook Pro оснастили универсальным интерфейсом USB-C, который служит для быстрой передачи аудио, видео и данных. А также поддерживает быструю зарядку стандарта PD2.0, которая всего за один час может заполнить батарею на 60%. Помимо этого, у лэптопа есть и такие интерфейсы, как USB 3.0, разъем для наушников 3,5 мм, слот для Micro-SD карты и дополнительное место для M.2 SSD накопителя.&lt;/p&gt; </description_ua>
        <docket />
        <docket_ua />
        <name>Ноутбук 14" Chuwi Gemibook Pro Intel Celeron N5100 RAM 8GB SSD 256GB Windows 10</name>
        <name_ua>Ноутбук 14" Chuwi Gemibook Pro Intel Celeron N5100 RAM 8GB SSD 256GB Windows 10</name_ua>
        <param name="Вид ноутбука">Для роботи та навчання</param>
        <param name="Формат роздільної здатності екрану">2K</param>
        <param name="Діагональ екрану" paramid="20861">14 "</param>
        <param name="Роздільна здатність екрану" paramid="25800" valueid="866430">2160 x 1440</param>
        <param name="Максимальна частота оновлення" paramid="177846" valueid="1745688">60 Гц</param>
        <param name="Тип матриці" paramid="36519" valueid="48784">IPS</param>
        <param name="Поверхня екрану">Глянцева</param>
        <param name="Процесор" paramid="20862" valueid="4150183">Intel Celeron N5100</param>
        <param name="Сімейство процесора">Intel Celeron</param>
        <param name="Частота процесора">1.1 - 2.8 ГГц</param>
        <param name="Кількість ядер процесора" paramid="72566" valueid="305312">4</param>
        <param name="Кількість потоків">4</param>
        <param name="Тип оперативної пам'яті" paramid="111764" valueid="686296">DDR4</param>
        <param name="Ємність оперативної пам'яті" paramid="20863" valueid="1034">8 ГБ</param>
        <param name="Особливості">Веб-камера, Вбудований мікрофон, Стереодинаміки, Картрідер, Тонкий корпус, Підсвічування клавіш</param>
        <param name="Типи внутрішніх накопичувачів" paramid="36514" valueid="48774">SSD</param>
        <param name="Об'єм SSD" paramid="115411" valueid="755029">256 ГБ</param>
        <param name="Тип відеокарти" paramid="73143">Вбудована</param>
        <param name="Виробник чіпа відеокарти" paramid="254733" valueid="4426050">Intel</param>
        <param name="Інтерфейси і підключення">USB Type-C, HDMI, 3.5 mm Mini-Jack, Micro SD, 1 x USB 3.0</param>
        <param name="Бездротові технології">Wi-Fi, Bluetooth</param>
        <param name="Версія Bluetooth">4.2</param>
        <param name="Стандарт Wi-Fi">802.11b/g/n</param>
        <param name="Встановлена операційна система" paramid="20886">Windows 10</param>
        <param name="Тип акумулятора">Li-Ion</param>
        <param name="Ємність батареї ">38 Вт·год</param>
        <param name="Час роботи від акумулятора">8 год</param>
        <param name="Матеріал корпусу">метал</param>
        <param name="Колір товару" paramid="21737" valueid="6769">Чорний</param>
        <param name="Габарити">31 x 22.9 х 2 см</param>
        <param name="Вага" paramid="20884">1.5 кг</param>
        <param name="Відеокарта" paramid="115418">Intel UHD Graphics 600</param>
        <param name="Бренд">Chuwi</param>
        <param name="Гарантія">12 місяців</param>
        <price_old>14707.16</price_old>
      </offer>
